<?xml version="1.0" encoding="UTF-8"?>
<testsuite xmlns:xsi="http://www.w3.org/2001/XMLSchema-instance" xsi:noNamespaceSchemaLocation="https://maven.apache.org/surefire/maven-failsafe-plugin/xsd/failsafe-test-report-3.0.xsd" version="3.0" name="starter.CucumberTestSuite" time="164.339" tests="17" errors="4" skipped="0" failures="0">
  <properties>
    <property name="java.specification.version" value="17"/>
    <property name="webdriver.chrome.driver" value="src/test/resources/webdriver/chromedriver.exe"/>
    <property name="sun.cpu.isalist" value="amd64"/>
    <property name="sun.jnu.encoding" value="Cp1252"/>
    <property name="java.class.path" value="D:\alta\MiniProject\target\test-classes;C:\Users\User-PC\.m2\repository\net\serenity-bdd\serenity-core\3.6.21\serenity-core-3.6.21.jar;C:\Users\User-PC\.m2\repository\net\serenity-bdd\serenity-model\3.6.21\serenity-model-3.6.21.jar;C:\Users\User-PC\.m2\repository\org\apache\commons\commons-text\1.10.0\commons-text-1.10.0.jar;C:\Users\User-PC\.m2\repository\commons-net\commons-net\3.9.0\commons-net-3.9.0.jar;C:\Users\User-PC\.m2\repository\com\google\guava\guava\31.1-jre\guava-31.1-jre.jar;C:\Users\User-PC\.m2\repository\com\google\guava\failureaccess\1.0.1\failureaccess-1.0.1.jar;C:\Users\User-PC\.m2\repository\com\google\guava\listenablefuture\9999.0-empty-to-avoid-conflict-with-guava\listenablefuture-9999.0-empty-to-avoid-conflict-with-guava.jar;C:\Users\User-PC\.m2\repository\com\google\code\findbugs\jsr305\3.0.2\jsr305-3.0.2.jar;C:\Users\User-PC\.m2\repository\org\checkerframework\checker-qual\3.12.0\checker-qual-3.12.0.jar;C:\Users\User-PC\.m2\repository\com\google\errorprone\error_prone_annotations\2.11.0\error_prone_annotations-2.11.0.jar;C:\Users\User-PC\.m2\repository\com\google\j2objc\j2objc-annotations\1.3\j2objc-annotations-1.3.jar;C:\Users\User-PC\.m2\repository\com\google\inject\guice\5.1.0\guice-5.1.0.jar;C:\Users\User-PC\.m2\repository\javax\inject\javax.inject\1\javax.inject-1.jar;C:\Users\User-PC\.m2\repository\aopalliance\aopalliance\1.0\aopalliance-1.0.jar;C:\Users\User-PC\.m2\repository\org\jsoup\jsoup\1.14.3\jsoup-1.14.3.jar;C:\Users\User-PC\.m2\repository\com\thoughtworks\xstream\xstream\1.4.20\xstream-1.4.20.jar;C:\Users\User-PC\.m2\repository\io\github\x-stream\mxparser\1.2.2\mxparser-1.2.2.jar;C:\Users\User-PC\.m2\repository\xmlpull\xmlpull\1.1.3.1\xmlpull-1.1.3.1.jar;C:\Users\User-PC\.m2\repository\com\typesafe\config\1.4.2\config-1.4.2.jar;C:\Users\User-PC\.m2\repository\org\imgscalr\imgscalr-lib\4.2\imgscalr-lib-4.2.jar;C:\Users\User-PC\.m2\repository\org\awaitility\awaitility\4.2.0\awaitility-4.2.0.jar;C:\Users\User-PC\.m2\repository\org\freemarker\freemarker\2.3.31\freemarker-2.3.31.jar;C:\Users\User-PC\.m2\repository\io\github\classgraph\classgraph\4.8.138\classgraph-4.8.138.jar;C:\Users\User-PC\.m2\repository\net\sourceforge\jexcelapi\jxl\2.6.12\jxl-2.6.12.jar;C:\Users\User-PC\.m2\repository\net\bytebuddy\byte-buddy-agent\1.14.2\byte-buddy-agent-1.14.2.jar;C:\Users\User-PC\.m2\repository\org\objenesis\objenesis\3.3\objenesis-3.3.jar;C:\Users\User-PC\.m2\repository\net\serenity-bdd\serenity-reports\3.6.21\serenity-reports-3.6.21.jar;C:\Users\User-PC\.m2\repository\net\serenity-bdd\serenity-stats\3.6.21\serenity-stats-3.6.21.jar;C:\Users\User-PC\.m2\repository\net\serenity-bdd\serenity-reports-configuration\3.6.21\serenity-reports-configuration-3.6.21.jar;C:\Users\User-PC\.m2\repository\com\vladsch\flexmark\flexmark-all\0.62.2\flexmark-all-0.62.2.jar;C:\Users\User-PC\.m2\repository\com\vladsch\flexmark\flexmark\0.62.2\flexmark-0.62.2.jar;C:\Users\User-PC\.m2\repository\com\vladsch\flexmark\flexmark-ext-abbreviation\0.62.2\flexmark-ext-abbreviation-0.62.2.jar;C:\Users\User-PC\.m2\repository\com\vladsch\flexmark\flexmark-util\0.62.2\flexmark-util-0.62.2.jar;C:\Users\User-PC\.m2\repository\com\vladsch\flexmark\flexmark-ext-admonition\0.62.2\flexmark-ext-admonition-0.62.2.jar;C:\Users\User-PC\.m2\repository\com\vladsch\flexmark\flexmark-ext-anchorlink\0.62.2\flexmark-ext-anchorlink-0.62.2.jar;C:\Users\User-PC\.m2\repository\com\vladsch\flexmark\flexmark-ext-aside\0.62.2\flexmark-ext-aside-0.62.2.jar;C:\Users\User-PC\.m2\repository\com\vladsch\flexmark\flexmark-ext-attributes\0.62.2\flexmark-ext-attributes-0.62.2.jar;C:\Users\User-PC\.m2\repository\com\vladsch\flexmark\flexmark-ext-autolink\0.62.2\flexmark-ext-autolink-0.62.2.jar;C:\Users\User-PC\.m2\repository\org\nibor\autolink\autolink\0.6.0\autolink-0.6.0.jar;C:\Users\User-PC\.m2\repository\com\vladsch\flexmark\flexmark-ext-definition\0.62.2\flexmark-ext-definition-0.62.2.jar;C:\Users\User-PC\.m2\repository\com\vladsch\flexmark\flexmark-ext-emoji\0.62.2\flexmark-ext-emoji-0.62.2.jar;C:\Users\User-PC\.m2\repository\com\vladsch\flexmark\flexmark-ext-enumerated-reference\0.62.2\flexmark-ext-enumerated-reference-0.62.2.jar;C:\Users\User-PC\.m2\repository\com\vladsch\flexmark\flexmark-ext-escaped-character\0.62.2\flexmark-ext-escaped-character-0.62.2.jar;C:\Users\User-PC\.m2\repository\com\vladsch\flexmark\flexmark-ext-footnotes\0.62.2\flexmark-ext-footnotes-0.62.2.jar;C:\Users\User-PC\.m2\repository\com\vladsch\flexmark\flexmark-ext-gfm-issues\0.62.2\flexmark-ext-gfm-issues-0.62.2.jar;C:\Users\User-PC\.m2\repository\com\vladsch\flexmark\flexmark-ext-gfm-strikethrough\0.62.2\flexmark-ext-gfm-strikethrough-0.62.2.jar;C:\Users\User-PC\.m2\repository\com\vladsch\flexmark\flexmark-ext-gfm-tasklist\0.62.2\flexmark-ext-gfm-tasklist-0.62.2.jar;C:\Users\User-PC\.m2\repository\com\vladsch\flexmark\flexmark-ext-gfm-users\0.62.2\flexmark-ext-gfm-users-0.62.2.jar;C:\Users\User-PC\.m2\repository\com\vladsch\flexmark\flexmark-ext-gitlab\0.62.2\flexmark-ext-gitlab-0.62.2.jar;C:\Users\User-PC\.m2\repository\com\vladsch\flexmark\flexmark-ext-jekyll-front-matter\0.62.2\flexmark-ext-jekyll-front-matter-0.62.2.jar;C:\Users\User-PC\.m2\repository\com\vladsch\flexmark\flexmark-ext-jekyll-tag\0.62.2\flexmark-ext-jekyll-tag-0.62.2.jar;C:\Users\User-PC\.m2\repository\com\vladsch\flexmark\flexmark-ext-media-tags\0.62.2\flexmark-ext-media-tags-0.62.2.jar;C:\Users\User-PC\.m2\repository\com\vladsch\flexmark\flexmark-ext-macros\0.62.2\flexmark-ext-macros-0.62.2.jar;C:\Users\User-PC\.m2\repository\com\vladsch\flexmark\flexmark-ext-ins\0.62.2\flexmark-ext-ins-0.62.2.jar;C:\Users\User-PC\.m2\repository\com\vladsch\flexmark\flexmark-ext-xwiki-macros\0.62.2\flexmark-ext-xwiki-macros-0.62.2.jar;C:\Users\User-PC\.m2\repository\com\vladsch\flexmark\flexmark-ext-superscript\0.62.2\flexmark-ext-superscript-0.62.2.jar;C:\Users\User-PC\.m2\repository\com\vladsch\flexmark\flexmark-ext-tables\0.62.2\flexmark-ext-tables-0.62.2.jar;C:\Users\User-PC\.m2\repository\com\vladsch\flexmark\flexmark-ext-toc\0.62.2\flexmark-ext-toc-0.62.2.jar;C:\Users\User-PC\.m2\repository\com\vladsch\flexmark\flexmark-ext-typographic\0.62.2\flexmark-ext-typographic-0.62.2.jar;C:\Users\User-PC\.m2\repository\com\vladsch\flexmark\flexmark-ext-wikilink\0.62.2\flexmark-ext-wikilink-0.62.2.jar;C:\Users\User-PC\.m2\repository\com\vladsch\flexmark\flexmark-ext-yaml-front-matter\0.62.2\flexmark-ext-yaml-front-matter-0.62.2.jar;C:\Users\User-PC\.m2\repository\com\vladsch\flexmark\flexmark-ext-youtube-embedded\0.62.2\flexmark-ext-youtube-embedded-0.62.2.jar;C:\Users\User-PC\.m2\repository\com\vladsch\flexmark\flexmark-html2md-converter\0.62.2\flexmark-html2md-converter-0.62.2.jar;C:\Users\User-PC\.m2\repository\com\vladsch\flexmark\flexmark-jira-converter\0.62.2\flexmark-jira-converter-0.62.2.jar;C:\Users\User-PC\.m2\repository\com\vladsch\flexmark\flexmark-pdf-converter\0.62.2\flexmark-pdf-converter-0.62.2.jar;C:\Users\User-PC\.m2\repository\com\openhtmltopdf\openhtmltopdf-core\1.0.0\openhtmltopdf-core-1.0.0.jar;C:\Users\User-PC\.m2\repository\com\openhtmltopdf\openhtmltopdf-pdfbox\1.0.0\openhtmltopdf-pdfbox-1.0.0.jar;C:\Users\User-PC\.m2\repository\org\apache\pdfbox\pdfbox\2.0.16\pdfbox-2.0.16.jar;C:\Users\User-PC\.m2\repository\org\apache\pdfbox\fontbox\2.0.16\fontbox-2.0.16.jar;C:\Users\User-PC\.m2\repository\org\apache\pdfbox\xmpbox\2.0.16\xmpbox-2.0.16.jar;C:\Users\User-PC\.m2\repository\de\rototor\pdfbox\graphics2d\0.24\graphics2d-0.24.jar;C:\Users\User-PC\.m2\repository\com\openhtmltopdf\openhtmltopdf-rtl-support\1.0.0\openhtmltopdf-rtl-support-1.0.0.jar;C:\Users\User-PC\.m2\repository\com\openhtmltopdf\openhtmltopdf-jsoup-dom-converter\1.0.0\openhtmltopdf-jsoup-dom-converter-1.0.0.jar;C:\Users\User-PC\.m2\repository\com\vladsch\flexmark\flexmark-profile-pegdown\0.62.2\flexmark-profile-pegdown-0.62.2.jar;C:\Users\User-PC\.m2\repository\com\vladsch\flexmark\flexmark-util-ast\0.62.2\flexmark-util-ast-0.62.2.jar;C:\Users\User-PC\.m2\repository\com\vladsch\flexmark\flexmark-util-builder\0.62.2\flexmark-util-builder-0.62.2.jar;C:\Users\User-PC\.m2\repository\com\vladsch\flexmark\flexmark-util-collection\0.62.2\flexmark-util-collection-0.62.2.jar;C:\Users\User-PC\.m2\repository\com\vladsch\flexmark\flexmark-util-data\0.62.2\flexmark-util-data-0.62.2.jar;C:\Users\User-PC\.m2\repository\com\vladsch\flexmark\flexmark-util-dependency\0.62.2\flexmark-util-dependency-0.62.2.jar;C:\Users\User-PC\.m2\repository\com\vladsch\flexmark\flexmark-util-format\0.62.2\flexmark-util-format-0.62.2.jar;C:\Users\User-PC\.m2\repository\com\vladsch\flexmark\flexmark-util-html\0.62.2\flexmark-util-html-0.62.2.jar;C:\Users\User-PC\.m2\repository\com\vladsch\flexmark\flexmark-util-misc\0.62.2\flexmark-util-misc-0.62.2.jar;C:\Users\User-PC\.m2\repository\com\vladsch\flexmark\flexmark-util-options\0.62.2\flexmark-util-options-0.62.2.jar;C:\Users\User-PC\.m2\repository\com\vladsch\flexmark\flexmark-util-sequence\0.62.2\flexmark-util-sequence-0.62.2.jar;C:\Users\User-PC\.m2\repository\com\vladsch\flexmark\flexmark-util-visitor\0.62.2\flexmark-util-visitor-0.62.2.jar;C:\Users\User-PC\.m2\repository\com\vladsch\flexmark\flexmark-youtrack-converter\0.62.2\flexmark-youtrack-converter-0.62.2.jar;C:\Users\User-PC\.m2\repository\com\ibm\icu\icu4j\72.1\icu4j-72.1.jar;C:\Users\User-PC\.m2\repository\es\nitaur\markdown\txtmark\0.16\txtmark-0.16.jar;C:\Users\User-PC\.m2\repository\net\serenity-bdd\serenity-report-resources\3.6.21\serenity-report-resources-3.6.21.jar;C:\Users\User-PC\.m2\repository\com\google\code\gson\gson\2.10.1\gson-2.10.1.jar;C:\Users\User-PC\.m2\repository\com\fasterxml\jackson\core\jackson-core\2.15.0-rc1\jackson-core-2.15.0-rc1.jar;C:\Users\User-PC\.m2\repository\com\fasterxml\jackson\core\jackson-databind\2.15.0-rc1\jackson-databind-2.15.0-rc1.jar;C:\Users\User-PC\.m2\repository\com\fasterxml\jackson\core\jackson-annotations\2.15.0-rc1\jackson-annotations-2.15.0-rc1.jar;C:\Users\User-PC\.m2\repository\commons-codec\commons-codec\1.15\commons-codec-1.15.jar;C:\Users\User-PC\.m2\repository\commons-io\commons-io\2.11.0\commons-io-2.11.0.jar;C:\Users\User-PC\.m2\repository\org\apache\httpcomponents\httpclient\4.5.13\httpclient-4.5.13.jar;C:\Users\User-PC\.m2\repository\org\apache\httpcomponents\httpcore\4.4.13\httpcore-4.4.13.jar;C:\Users\User-PC\.m2\repository\commons-logging\commons-logging\1.2\commons-logging-1.2.jar;C:\Users\User-PC\.m2\repository\org\seleniumhq\selenium\selenium-java\4.8.1\selenium-java-4.8.1.jar;C:\Users\User-PC\.m2\repository\org\seleniumhq\selenium\selenium-devtools-v108\4.8.1\selenium-devtools-v108-4.8.1.jar;C:\Users\User-PC\.m2\repository\org\seleniumhq\selenium\selenium-devtools-v109\4.8.1\selenium-devtools-v109-4.8.1.jar;C:\Users\User-PC\.m2\repository\org\seleniumhq\selenium\selenium-devtools-v110\4.8.1\selenium-devtools-v110-4.8.1.jar;C:\Users\User-PC\.m2\repository\org\seleniumhq\selenium\selenium-devtools-v85\4.8.1\selenium-devtools-v85-4.8.1.jar;C:\Users\User-PC\.m2\repository\org\seleniumhq\selenium\selenium-remote-driver\4.8.1\selenium-remote-driver-4.8.1.jar;C:\Users\User-PC\.m2\repository\com\beust\jcommander\1.82\jcommander-1.82.jar;C:\Users\User-PC\.m2\repository\io\netty\netty-buffer\4.1.87.Final\netty-buffer-4.1.87.Final.jar;C:\Users\User-PC\.m2\repository\io\netty\netty-codec-http\4.1.87.Final\netty-codec-http-4.1.87.Final.jar;C:\Users\User-PC\.m2\repository\io\netty\netty-codec\4.1.87.Final\netty-codec-4.1.87.Final.jar;C:\Users\User-PC\.m2\repository\io\netty\netty-handler\4.1.87.Final\netty-handler-4.1.87.Final.jar;C:\Users\User-PC\.m2\repository\io\netty\netty-common\4.1.87.Final\netty-common-4.1.87.Final.jar;C:\Users\User-PC\.m2\repository\io\netty\netty-transport-classes-epoll\4.1.87.Final\netty-transport-classes-epoll-4.1.87.Final.jar;C:\Users\User-PC\.m2\repository\io\netty\netty-transport-classes-kqueue\4.1.87.Final\netty-transport-classes-kqueue-4.1.87.Final.jar;C:\Users\User-PC\.m2\repository\io\netty\netty-transport-native-epoll\4.1.87.Final\netty-transport-native-epoll-4.1.87.Final.jar;C:\Users\User-PC\.m2\repository\io\netty\netty-transport-native-kqueue\4.1.87.Final\netty-transport-native-kqueue-4.1.87.Final.jar;C:\Users\User-PC\.m2\repository\io\netty\netty-transport-native-unix-common\4.1.87.Final\netty-transport-native-unix-common-4.1.87.Final.jar;C:\Users\User-PC\.m2\repository\io\netty\netty-transport\4.1.87.Final\netty-transport-4.1.87.Final.jar;C:\Users\User-PC\.m2\repository\io\netty\netty-resolver\4.1.87.Final\netty-resolver-4.1.87.Final.jar;C:\Users\User-PC\.m2\repository\io\opentelemetry\opentelemetry-api\1.22.0\opentelemetry-api-1.22.0.jar;C:\Users\User-PC\.m2\repository\io\opentelemetry\opentelemetry-context\1.22.0\opentelemetry-context-1.22.0.jar;C:\Users\User-PC\.m2\repository\io\opentelemetry\opentelemetry-exporter-logging\1.22.0\opentelemetry-exporter-logging-1.22.0.jar;C:\Users\User-PC\.m2\repository\io\opentelemetry\opentelemetry-sdk-metrics\1.22.0\opentelemetry-sdk-metrics-1.22.0.jar;C:\Users\User-PC\.m2\repository\io\opentelemetry\opentelemetry-sdk-logs\1.22.0-alpha\opentelemetry-sdk-logs-1.22.0-alpha.jar;C:\Users\User-PC\.m2\repository\io\opentelemetry\opentelemetry-api-logs\1.22.0-alpha\opentelemetry-api-logs-1.22.0-alpha.jar;C:\Users\User-PC\.m2\repository\io\opentelemetry\opentelemetry-sdk-common\1.22.0\opentelemetry-sdk-common-1.22.0.jar;C:\Users\User-PC\.m2\repository\io\opentelemetry\opentelemetry-sdk-extension-autoconfigure-spi\1.22.0\opentelemetry-sdk-extension-autoconfigure-spi-1.22.0.jar;C:\Users\User-PC\.m2\repository\io\opentelemetry\opentelemetry-sdk-extension-autoconfigure\1.22.0-alpha\opentelemetry-sdk-extension-autoconfigure-1.22.0-alpha.jar;C:\Users\User-PC\.m2\repository\io\opentelemetry\opentelemetry-sdk-trace\1.22.0\opentelemetry-sdk-trace-1.22.0.jar;C:\Users\User-PC\.m2\repository\io\opentelemetry\opentelemetry-sdk\1.22.0\opentelemetry-sdk-1.22.0.jar;C:\Users\User-PC\.m2\repository\io\opentelemetry\opentelemetry-semconv\1.22.0-alpha\opentelemetry-semconv-1.22.0-alpha.jar;C:\Users\User-PC\.m2\repository\io\ous\jtoml\2.0.0\jtoml-2.0.0.jar;C:\Users\User-PC\.m2\repository\org\apache\commons\commons-exec\1.3\commons-exec-1.3.jar;C:\Users\User-PC\.m2\repository\org\asynchttpclient\async-http-client\2.12.3\async-http-client-2.12.3.jar;C:\Users\User-PC\.m2\repository\org\asynchttpclient\async-http-client-netty-utils\2.12.3\async-http-client-netty-utils-2.12.3.jar;C:\Users\User-PC\.m2\repository\io\netty\netty-codec-socks\4.1.60.Final\netty-codec-socks-4.1.60.Final.jar;C:\Users\User-PC\.m2\repository\io\netty\netty-handler-proxy\4.1.60.Final\netty-handler-proxy-4.1.60.Final.jar;C:\Users\User-PC\.m2\repository\io\netty\netty-transport-native-epoll\4.1.60.Final\netty-transport-native-epoll-4.1.60.Final-linux-x86_64.jar;C:\Users\User-PC\.m2\repository\io\netty\netty-transport-native-kqueue\4.1.60.Final\netty-transport-native-kqueue-4.1.60.Final-osx-x86_64.jar;C:\Users\User-PC\.m2\repository\org\reactivestreams\reactive-streams\1.0.3\reactive-streams-1.0.3.jar;C:\Users\User-PC\.m2\repository\com\typesafe\netty\netty-reactive-streams\2.0.4\netty-reactive-streams-2.0.4.jar;C:\Users\User-PC\.m2\repository\org\seleniumhq\selenium\selenium-manager\4.8.1\selenium-manager-4.8.1.jar;C:\Users\User-PC\.m2\repository\org\seleniumhq\selenium\selenium-safari-driver\4.8.1\selenium-safari-driver-4.8.1.jar;C:\Users\User-PC\.m2\repository\org\seleniumhq\selenium\selenium-api\4.8.1\selenium-api-4.8.1.jar;C:\Users\User-PC\.m2\repository\org\seleniumhq\selenium\selenium-support\4.8.1\selenium-support-4.8.1.jar;C:\Users\User-PC\.m2\repository\com\google\auto\service\auto-service-annotations\1.0.1\auto-service-annotations-1.0.1.jar;C:\Users\User-PC\.m2\repository\com\google\auto\service\auto-service\1.0.1\auto-service-1.0.1.jar;C:\Users\User-PC\.m2\repository\com\google\auto\auto-common\1.2\auto-common-1.2.jar;C:\Users\User-PC\.m2\repository\org\seleniumhq\selenium\selenium-json\4.8.1\selenium-json-4.8.1.jar;C:\Users\User-PC\.m2\repository\org\seleniumhq\selenium\selenium-chrome-driver\4.8.1\selenium-chrome-driver-4.8.1.jar;C:\Users\User-PC\.m2\repository\org\seleniumhq\selenium\selenium-chromium-driver\4.8.1\selenium-chromium-driver-4.8.1.jar;C:\Users\User-PC\.m2\repository\org\seleniumhq\selenium\selenium-firefox-driver\4.8.1\selenium-firefox-driver-4.8.1.jar;C:\Users\User-PC\.m2\repository\org\seleniumhq\selenium\selenium-http\4.8.1\selenium-http-4.8.1.jar;C:\Users\User-PC\.m2\repository\dev\failsafe\failsafe\3.3.0\failsafe-3.3.0.jar;C:\Users\User-PC\.m2\repository\org\seleniumhq\selenium\selenium-edge-driver\4.8.1\selenium-edge-driver-4.8.1.jar;C:\Users\User-PC\.m2\repository\org\seleniumhq\selenium\selenium-ie-driver\4.8.1\selenium-ie-driver-4.8.1.jar;C:\Users\User-PC\.m2\repository\org\projectlombok\lombok\1.18.20\lombok-1.18.20.jar;C:\Users\User-PC\.m2\repository\io\appium\java-client\8.3.0\java-client-8.3.0.jar;C:\Users\User-PC\.m2\repository\commons-validator\commons-validator\1.7\commons-validator-1.7.jar;C:\Users\User-PC\.m2\repository\commons-digester\commons-digester\2.1\commons-digester-2.1.jar;C:\Users\User-PC\.m2\repository\org\apache\groovy\groovy\4.0.10\groovy-4.0.10.jar;C:\Users\User-PC\.m2\repository\net\sf\opencsv\opencsv\2.0\opencsv-2.0.jar;C:\Users\User-PC\.m2\repository\commons-beanutils\commons-beanutils\1.9.4\commons-beanutils-1.9.4.jar;C:\Users\User-PC\.m2\repository\org\apache\commons\commons-lang3\3.12.0\commons-lang3-3.12.0.jar;C:\Users\User-PC\.m2\repository\commons-collections\commons-collections\3.2.2\commons-collections-3.2.2.jar;C:\Users\User-PC\.m2\repository\org\fluentlenium\fluentlenium-core\0.10.2\fluentlenium-core-0.10.2.jar;C:\Users\User-PC\.m2\repository\io\github\bonigarcia\webdrivermanager\5.3.0\webdrivermanager-5.3.0.jar;C:\Users\User-PC\.m2\repository\com\github\docker-java\docker-java\3.2.13\docker-java-3.2.13.jar;C:\Users\User-PC\.m2\repository\com\github\docker-java\docker-java-core\3.2.13\docker-java-core-3.2.13.jar;C:\Users\User-PC\.m2\repository\com\github\docker-java\docker-java-api\3.2.13\docker-java-api-3.2.13.jar;C:\Users\User-PC\.m2\repository\org\apache\commons\commons-compress\1.21\commons-compress-1.21.jar;C:\Users\User-PC\.m2\repository\org\bouncycastle\bcpkix-jdk15on\1.64\bcpkix-jdk15on-1.64.jar;C:\Users\User-PC\.m2\repository\org\bouncycastle\bcprov-jdk15on\1.64\bcprov-jdk15on-1.64.jar;C:\Users\User-PC\.m2\repository\org\slf4j\jcl-over-slf4j\1.7.30\jcl-over-slf4j-1.7.30.jar;C:\Users\User-PC\.m2\repository\com\github\docker-java\docker-java-transport-httpclient5\3.2.13\docker-java-transport-httpclient5-3.2.13.jar;C:\Users\User-PC\.m2\repository\com\github\docker-java\docker-java-transport\3.2.13\docker-java-transport-3.2.13.jar;C:\Users\User-PC\.m2\repository\net\java\dev\jna\jna\5.8.0\jna-5.8.0.jar;C:\Users\User-PC\.m2\repository\org\brotli\dec\0.1.2\dec-0.1.2.jar;C:\Users\User-PC\.m2\repository\org\apache\httpcomponents\client5\httpclient5\5.1.3\httpclient5-5.1.3.jar;C:\Users\User-PC\.m2\repository\org\apache\httpcomponents\core5\httpcore5\5.1.3\httpcore5-5.1.3.jar;C:\Users\User-PC\.m2\repository\org\apache\httpcomponents\core5\httpcore5-h2\5.1.3\httpcore5-h2-5.1.3.jar;C:\Users\User-PC\.m2\repository\com\jhlabs\filters\2.0.235\filters-2.0.235.jar;C:\Users\User-PC\.m2\repository\com\paulhammant\ngwebdriver\1.1.6\ngwebdriver-1.1.6.jar;C:\Users\User-PC\.m2\repository\joda-time\joda-time\2.12.2\joda-time-2.12.2.jar;C:\Users\User-PC\.m2\repository\org\hamcrest\hamcrest\2.2\hamcrest-2.2.jar;C:\Users\User-PC\.m2\repository\com\google\jimfs\jimfs\1.2\jimfs-1.2.jar;C:\Users\User-PC\.m2\repository\org\mockito\mockito-core\3.3.3\mockito-core-3.3.3.jar;C:\Users\User-PC\.m2\repository\javax\xml\bind\jaxb-api\2.3.1\jaxb-api-2.3.1.jar;C:\Users\User-PC\.m2\repository\javax\activation\javax.activation-api\1.2.0\javax.activation-api-1.2.0.jar;C:\Users\User-PC\.m2\repository\com\sun\xml\bind\jaxb-core\2.3.0.1\jaxb-core-2.3.0.1.jar;C:\Users\User-PC\.m2\repository\com\sun\xml\bind\jaxb-impl\2.3.3\jaxb-impl-2.3.3.jar;C:\Users\User-PC\.m2\repository\jakarta\xml\bind\jakarta.xml.bind-api\2.3.3\jakarta.xml.bind-api-2.3.3.jar;C:\Users\User-PC\.m2\repository\com\sun\activation\jakarta.activation\1.2.2\jakarta.activation-1.2.2.jar;C:\Users\User-PC\.m2\repository\javax\activation\activation\1.1.1\activation-1.1.1.jar;C:\Users\User-PC\.m2\repository\net\serenity-bdd\serenity-cucumber\3.6.21\serenity-cucumber-3.6.21.jar;C:\Users\User-PC\.m2\repository\io\cucumber\cucumber-core\7.11.0\cucumber-core-7.11.0.jar;C:\Users\User-PC\.m2\repository\io\cucumber\cucumber-gherkin\7.11.0\cucumber-gherkin-7.11.0.jar;C:\Users\User-PC\.m2\repository\io\cucumber\cucumber-gherkin-messages\7.11.0\cucumber-gherkin-messages-7.11.0.jar;C:\Users\User-PC\.m2\repository\io\cucumber\gherkin\26.0.3\gherkin-26.0.3.jar;C:\Users\User-PC\.m2\repository\io\cucumber\messages\21.0.1\messages-21.0.1.jar;C:\Users\User-PC\.m2\repository\io\cucumber\tag-expressions\5.0.1\tag-expressions-5.0.1.jar;C:\Users\User-PC\.m2\repository\io\cucumber\cucumber-expressions\16.1.1\cucumber-expressions-16.1.1.jar;C:\Users\User-PC\.m2\repository\io\cucumber\datatable\7.11.0\datatable-7.11.0.jar;C:\Users\User-PC\.m2\repository\io\cucumber\cucumber-plugin\7.11.0\cucumber-plugin-7.11.0.jar;C:\Users\User-PC\.m2\repository\io\cucumber\docstring\7.11.0\docstring-7.11.0.jar;C:\Users\User-PC\.m2\repository\io\cucumber\html-formatter\20.2.1\html-formatter-20.2.1.jar;C:\Users\User-PC\.m2\repository\io\cucumber\junit-xml-formatter\0.1.0\junit-xml-formatter-0.1.0.jar;C:\Users\User-PC\.m2\repository\io\cucumber\ci-environment\9.1.0\ci-environment-9.1.0.jar;C:\Users\User-PC\.m2\repository\io\cucumber\cucumber-java\7.11.0\cucumber-java-7.11.0.jar;C:\Users\User-PC\.m2\repository\io\cucumber\cucumber-junit\7.11.0\cucumber-junit-7.11.0.jar;C:\Users\User-PC\.m2\repository\org\apache\commons\commons-csv\1.5\commons-csv-1.5.jar;C:\Users\User-PC\.m2\repository\net\serenity-bdd\serenity-screenplay\3.6.21\serenity-screenplay-3.6.21.jar;C:\Users\User-PC\.m2\repository\net\serenity-bdd\serenity-screenplay-webdriver\3.6.21\serenity-screenplay-webdriver-3.6.21.jar;C:\Users\User-PC\.m2\repository\net\serenity-bdd\serenity-ensure\3.6.21\serenity-ensure-3.6.21.jar;C:\Users\User-PC\.m2\repository\net\serenity-bdd\serenity-junit\3.6.21\serenity-junit-3.6.21.jar;C:\Users\User-PC\.m2\repository\org\jetbrains\kotlin\kotlin-stdlib\1.8.10\kotlin-stdlib-1.8.10.jar;C:\Users\User-PC\.m2\repository\org\jetbrains\kotlin\kotlin-stdlib-common\1.8.10\kotlin-stdlib-common-1.8.10.jar;C:\Users\User-PC\.m2\repository\org\jetbrains\annotations\13.0\annotations-13.0.jar;C:\Users\User-PC\.m2\repository\org\junit\platform\junit-platform-launcher\1.8.2\junit-platform-launcher-1.8.2.jar;C:\Users\User-PC\.m2\repository\org\junit\platform\junit-platform-engine\1.8.2\junit-platform-engine-1.8.2.jar;C:\Users\User-PC\.m2\repository\org\opentest4j\opentest4j\1.2.0\opentest4j-1.2.0.jar;C:\Users\User-PC\.m2\repository\org\junit\platform\junit-platform-commons\1.8.2\junit-platform-commons-1.8.2.jar;C:\Users\User-PC\.m2\repository\org\apiguardian\apiguardian-api\1.1.2\apiguardian-api-1.1.2.jar;C:\Users\User-PC\.m2\repository\org\junit\jupiter\junit-jupiter-engine\5.8.2\junit-jupiter-engine-5.8.2.jar;C:\Users\User-PC\.m2\repository\org\junit\jupiter\junit-jupiter-api\5.8.2\junit-jupiter-api-5.8.2.jar;C:\Users\User-PC\.m2\repository\org\junit\vintage\junit-vintage-engine\5.8.2\junit-vintage-engine-5.8.2.jar;C:\Users\User-PC\.m2\repository\junit\junit\4.13.2\junit-4.13.2.jar;C:\Users\User-PC\.m2\repository\org\hamcrest\hamcrest-core\1.3\hamcrest-core-1.3.jar;C:\Users\User-PC\.m2\repository\ch\qos\logback\logback-classic\1.2.10\logback-classic-1.2.10.jar;C:\Users\User-PC\.m2\repository\ch\qos\logback\logback-core\1.2.10\logback-core-1.2.10.jar;C:\Users\User-PC\.m2\repository\org\slf4j\slf4j-api\1.7.32\slf4j-api-1.7.32.jar;C:\Users\User-PC\.m2\repository\org\assertj\assertj-core\3.23.1\assertj-core-3.23.1.jar;C:\Users\User-PC\.m2\repository\net\bytebuddy\byte-buddy\1.12.10\byte-buddy-1.12.10.jar;"/>
    <property name="java.vm.vendor" value="BellSoft"/>
    <property name="sun.arch.data.model" value="64"/>
    <property name="user.variant" value=""/>
    <property name="java.vendor.url" value="https://bell-sw.com/"/>
    <property name="user.timezone" value="Asia/Krasnoyarsk"/>
    <property name="os.name" value="Windows 11"/>
    <property name="java.vm.specification.version" value="17"/>
    <property name="sun.java.launcher" value="SUN_STANDARD"/>
    <property name="user.country" value="ID"/>
    <property name="sun.boot.library.path" value="C:\Program Files\BellSoft\LibericaJDK-17\bin"/>
    <property name="sun.java.command" value="org.apache.maven.surefire.booter.ForkedBooter C:\Users\User-PC\AppData\Local\Temp\surefire1943770439048566046 2023-05-08T18-50-57_239-jvmRun1 surefire8174149066307470648tmp surefire_013083783605401551888tmp"/>
    <property name="jdk.debug" value="release"/>
    <property name="surefire.test.class.path" value="D:\alta\MiniProject\target\test-classes;C:\Users\User-PC\.m2\repository\net\serenity-bdd\serenity-core\3.6.21\serenity-core-3.6.21.jar;C:\Users\User-PC\.m2\repository\net\serenity-bdd\serenity-model\3.6.21\serenity-model-3.6.21.jar;C:\Users\User-PC\.m2\repository\org\apache\commons\commons-text\1.10.0\commons-text-1.10.0.jar;C:\Users\User-PC\.m2\repository\commons-net\commons-net\3.9.0\commons-net-3.9.0.jar;C:\Users\User-PC\.m2\repository\com\google\guava\guava\31.1-jre\guava-31.1-jre.jar;C:\Users\User-PC\.m2\repository\com\google\guava\failureaccess\1.0.1\failureaccess-1.0.1.jar;C:\Users\User-PC\.m2\repository\com\google\guava\listenablefuture\9999.0-empty-to-avoid-conflict-with-guava\listenablefuture-9999.0-empty-to-avoid-conflict-with-guava.jar;C:\Users\User-PC\.m2\repository\com\google\code\findbugs\jsr305\3.0.2\jsr305-3.0.2.jar;C:\Users\User-PC\.m2\repository\org\checkerframework\checker-qual\3.12.0\checker-qual-3.12.0.jar;C:\Users\User-PC\.m2\repository\com\google\errorprone\error_prone_annotations\2.11.0\error_prone_annotations-2.11.0.jar;C:\Users\User-PC\.m2\repository\com\google\j2objc\j2objc-annotations\1.3\j2objc-annotations-1.3.jar;C:\Users\User-PC\.m2\repository\com\google\inject\guice\5.1.0\guice-5.1.0.jar;C:\Users\User-PC\.m2\repository\javax\inject\javax.inject\1\javax.inject-1.jar;C:\Users\User-PC\.m2\repository\aopalliance\aopalliance\1.0\aopalliance-1.0.jar;C:\Users\User-PC\.m2\repository\org\jsoup\jsoup\1.14.3\jsoup-1.14.3.jar;C:\Users\User-PC\.m2\repository\com\thoughtworks\xstream\xstream\1.4.20\xstream-1.4.20.jar;C:\Users\User-PC\.m2\repository\io\github\x-stream\mxparser\1.2.2\mxparser-1.2.2.jar;C:\Users\User-PC\.m2\repository\xmlpull\xmlpull\1.1.3.1\xmlpull-1.1.3.1.jar;C:\Users\User-PC\.m2\repository\com\typesafe\config\1.4.2\config-1.4.2.jar;C:\Users\User-PC\.m2\repository\org\imgscalr\imgscalr-lib\4.2\imgscalr-lib-4.2.jar;C:\Users\User-PC\.m2\repository\org\awaitility\awaitility\4.2.0\awaitility-4.2.0.jar;C:\Users\User-PC\.m2\repository\org\freemarker\freemarker\2.3.31\freemarker-2.3.31.jar;C:\Users\User-PC\.m2\repository\io\github\classgraph\classgraph\4.8.138\classgraph-4.8.138.jar;C:\Users\User-PC\.m2\repository\net\sourceforge\jexcelapi\jxl\2.6.12\jxl-2.6.12.jar;C:\Users\User-PC\.m2\repository\net\bytebuddy\byte-buddy-agent\1.14.2\byte-buddy-agent-1.14.2.jar;C:\Users\User-PC\.m2\repository\org\objenesis\objenesis\3.3\objenesis-3.3.jar;C:\Users\User-PC\.m2\repository\net\serenity-bdd\serenity-reports\3.6.21\serenity-reports-3.6.21.jar;C:\Users\User-PC\.m2\repository\net\serenity-bdd\serenity-stats\3.6.21\serenity-stats-3.6.21.jar;C:\Users\User-PC\.m2\repository\net\serenity-bdd\serenity-reports-configuration\3.6.21\serenity-reports-configuration-3.6.21.jar;C:\Users\User-PC\.m2\repository\com\vladsch\flexmark\flexmark-all\0.62.2\flexmark-all-0.62.2.jar;C:\Users\User-PC\.m2\repository\com\vladsch\flexmark\flexmark\0.62.2\flexmark-0.62.2.jar;C:\Users\User-PC\.m2\repository\com\vladsch\flexmark\flexmark-ext-abbreviation\0.62.2\flexmark-ext-abbreviation-0.62.2.jar;C:\Users\User-PC\.m2\repository\com\vladsch\flexmark\flexmark-util\0.62.2\flexmark-util-0.62.2.jar;C:\Users\User-PC\.m2\repository\com\vladsch\flexmark\flexmark-ext-admonition\0.62.2\flexmark-ext-admonition-0.62.2.jar;C:\Users\User-PC\.m2\repository\com\vladsch\flexmark\flexmark-ext-anchorlink\0.62.2\flexmark-ext-anchorlink-0.62.2.jar;C:\Users\User-PC\.m2\repository\com\vladsch\flexmark\flexmark-ext-aside\0.62.2\flexmark-ext-aside-0.62.2.jar;C:\Users\User-PC\.m2\repository\com\vladsch\flexmark\flexmark-ext-attributes\0.62.2\flexmark-ext-attributes-0.62.2.jar;C:\Users\User-PC\.m2\repository\com\vladsch\flexmark\flexmark-ext-autolink\0.62.2\flexmark-ext-autolink-0.62.2.jar;C:\Users\User-PC\.m2\repository\org\nibor\autolink\autolink\0.6.0\autolink-0.6.0.jar;C:\Users\User-PC\.m2\repository\com\vladsch\flexmark\flexmark-ext-definition\0.62.2\flexmark-ext-definition-0.62.2.jar;C:\Users\User-PC\.m2\repository\com\vladsch\flexmark\flexmark-ext-emoji\0.62.2\flexmark-ext-emoji-0.62.2.jar;C:\Users\User-PC\.m2\repository\com\vladsch\flexmark\flexmark-ext-enumerated-reference\0.62.2\flexmark-ext-enumerated-reference-0.62.2.jar;C:\Users\User-PC\.m2\repository\com\vladsch\flexmark\flexmark-ext-escaped-character\0.62.2\flexmark-ext-escaped-character-0.62.2.jar;C:\Users\User-PC\.m2\repository\com\vladsch\flexmark\flexmark-ext-footnotes\0.62.2\flexmark-ext-footnotes-0.62.2.jar;C:\Users\User-PC\.m2\repository\com\vladsch\flexmark\flexmark-ext-gfm-issues\0.62.2\flexmark-ext-gfm-issues-0.62.2.jar;C:\Users\User-PC\.m2\repository\com\vladsch\flexmark\flexmark-ext-gfm-strikethrough\0.62.2\flexmark-ext-gfm-strikethrough-0.62.2.jar;C:\Users\User-PC\.m2\repository\com\vladsch\flexmark\flexmark-ext-gfm-tasklist\0.62.2\flexmark-ext-gfm-tasklist-0.62.2.jar;C:\Users\User-PC\.m2\repository\com\vladsch\flexmark\flexmark-ext-gfm-users\0.62.2\flexmark-ext-gfm-users-0.62.2.jar;C:\Users\User-PC\.m2\repository\com\vladsch\flexmark\flexmark-ext-gitlab\0.62.2\flexmark-ext-gitlab-0.62.2.jar;C:\Users\User-PC\.m2\repository\com\vladsch\flexmark\flexmark-ext-jekyll-front-matter\0.62.2\flexmark-ext-jekyll-front-matter-0.62.2.jar;C:\Users\User-PC\.m2\repository\com\vladsch\flexmark\flexmark-ext-jekyll-tag\0.62.2\flexmark-ext-jekyll-tag-0.62.2.jar;C:\Users\User-PC\.m2\repository\com\vladsch\flexmark\flexmark-ext-media-tags\0.62.2\flexmark-ext-media-tags-0.62.2.jar;C:\Users\User-PC\.m2\repository\com\vladsch\flexmark\flexmark-ext-macros\0.62.2\flexmark-ext-macros-0.62.2.jar;C:\Users\User-PC\.m2\repository\com\vladsch\flexmark\flexmark-ext-ins\0.62.2\flexmark-ext-ins-0.62.2.jar;C:\Users\User-PC\.m2\repository\com\vladsch\flexmark\flexmark-ext-xwiki-macros\0.62.2\flexmark-ext-xwiki-macros-0.62.2.jar;C:\Users\User-PC\.m2\repository\com\vladsch\flexmark\flexmark-ext-superscript\0.62.2\flexmark-ext-superscript-0.62.2.jar;C:\Users\User-PC\.m2\repository\com\vladsch\flexmark\flexmark-ext-tables\0.62.2\flexmark-ext-tables-0.62.2.jar;C:\Users\User-PC\.m2\repository\com\vladsch\flexmark\flexmark-ext-toc\0.62.2\flexmark-ext-toc-0.62.2.jar;C:\Users\User-PC\.m2\repository\com\vladsch\flexmark\flexmark-ext-typographic\0.62.2\flexmark-ext-typographic-0.62.2.jar;C:\Users\User-PC\.m2\repository\com\vladsch\flexmark\flexmark-ext-wikilink\0.62.2\flexmark-ext-wikilink-0.62.2.jar;C:\Users\User-PC\.m2\repository\com\vladsch\flexmark\flexmark-ext-yaml-front-matter\0.62.2\flexmark-ext-yaml-front-matter-0.62.2.jar;C:\Users\User-PC\.m2\repository\com\vladsch\flexmark\flexmark-ext-youtube-embedded\0.62.2\flexmark-ext-youtube-embedded-0.62.2.jar;C:\Users\User-PC\.m2\repository\com\vladsch\flexmark\flexmark-html2md-converter\0.62.2\flexmark-html2md-converter-0.62.2.jar;C:\Users\User-PC\.m2\repository\com\vladsch\flexmark\flexmark-jira-converter\0.62.2\flexmark-jira-converter-0.62.2.jar;C:\Users\User-PC\.m2\repository\com\vladsch\flexmark\flexmark-pdf-converter\0.62.2\flexmark-pdf-converter-0.62.2.jar;C:\Users\User-PC\.m2\repository\com\openhtmltopdf\openhtmltopdf-core\1.0.0\openhtmltopdf-core-1.0.0.jar;C:\Users\User-PC\.m2\repository\com\openhtmltopdf\openhtmltopdf-pdfbox\1.0.0\openhtmltopdf-pdfbox-1.0.0.jar;C:\Users\User-PC\.m2\repository\org\apache\pdfbox\pdfbox\2.0.16\pdfbox-2.0.16.jar;C:\Users\User-PC\.m2\repository\org\apache\pdfbox\fontbox\2.0.16\fontbox-2.0.16.jar;C:\Users\User-PC\.m2\repository\org\apache\pdfbox\xmpbox\2.0.16\xmpbox-2.0.16.jar;C:\Users\User-PC\.m2\repository\de\rototor\pdfbox\graphics2d\0.24\graphics2d-0.24.jar;C:\Users\User-PC\.m2\repository\com\openhtmltopdf\openhtmltopdf-rtl-support\1.0.0\openhtmltopdf-rtl-support-1.0.0.jar;C:\Users\User-PC\.m2\repository\com\openhtmltopdf\openhtmltopdf-jsoup-dom-converter\1.0.0\openhtmltopdf-jsoup-dom-converter-1.0.0.jar;C:\Users\User-PC\.m2\repository\com\vladsch\flexmark\flexmark-profile-pegdown\0.62.2\flexmark-profile-pegdown-0.62.2.jar;C:\Users\User-PC\.m2\repository\com\vladsch\flexmark\flexmark-util-ast\0.62.2\flexmark-util-ast-0.62.2.jar;C:\Users\User-PC\.m2\repository\com\vladsch\flexmark\flexmark-util-builder\0.62.2\flexmark-util-builder-0.62.2.jar;C:\Users\User-PC\.m2\repository\com\vladsch\flexmark\flexmark-util-collection\0.62.2\flexmark-util-collection-0.62.2.jar;C:\Users\User-PC\.m2\repository\com\vladsch\flexmark\flexmark-util-data\0.62.2\flexmark-util-data-0.62.2.jar;C:\Users\User-PC\.m2\repository\com\vladsch\flexmark\flexmark-util-dependency\0.62.2\flexmark-util-dependency-0.62.2.jar;C:\Users\User-PC\.m2\repository\com\vladsch\flexmark\flexmark-util-format\0.62.2\flexmark-util-format-0.62.2.jar;C:\Users\User-PC\.m2\repository\com\vladsch\flexmark\flexmark-util-html\0.62.2\flexmark-util-html-0.62.2.jar;C:\Users\User-PC\.m2\repository\com\vladsch\flexmark\flexmark-util-misc\0.62.2\flexmark-util-misc-0.62.2.jar;C:\Users\User-PC\.m2\repository\com\vladsch\flexmark\flexmark-util-options\0.62.2\flexmark-util-options-0.62.2.jar;C:\Users\User-PC\.m2\repository\com\vladsch\flexmark\flexmark-util-sequence\0.62.2\flexmark-util-sequence-0.62.2.jar;C:\Users\User-PC\.m2\repository\com\vladsch\flexmark\flexmark-util-visitor\0.62.2\flexmark-util-visitor-0.62.2.jar;C:\Users\User-PC\.m2\repository\com\vladsch\flexmark\flexmark-youtrack-converter\0.62.2\flexmark-youtrack-converter-0.62.2.jar;C:\Users\User-PC\.m2\repository\com\ibm\icu\icu4j\72.1\icu4j-72.1.jar;C:\Users\User-PC\.m2\repository\es\nitaur\markdown\txtmark\0.16\txtmark-0.16.jar;C:\Users\User-PC\.m2\repository\net\serenity-bdd\serenity-report-resources\3.6.21\serenity-report-resources-3.6.21.jar;C:\Users\User-PC\.m2\repository\com\google\code\gson\gson\2.10.1\gson-2.10.1.jar;C:\Users\User-PC\.m2\repository\com\fasterxml\jackson\core\jackson-core\2.15.0-rc1\jackson-core-2.15.0-rc1.jar;C:\Users\User-PC\.m2\repository\com\fasterxml\jackson\core\jackson-databind\2.15.0-rc1\jackson-databind-2.15.0-rc1.jar;C:\Users\User-PC\.m2\repository\com\fasterxml\jackson\core\jackson-annotations\2.15.0-rc1\jackson-annotations-2.15.0-rc1.jar;C:\Users\User-PC\.m2\repository\commons-codec\commons-codec\1.15\commons-codec-1.15.jar;C:\Users\User-PC\.m2\repository\commons-io\commons-io\2.11.0\commons-io-2.11.0.jar;C:\Users\User-PC\.m2\repository\org\apache\httpcomponents\httpclient\4.5.13\httpclient-4.5.13.jar;C:\Users\User-PC\.m2\repository\org\apache\httpcomponents\httpcore\4.4.13\httpcore-4.4.13.jar;C:\Users\User-PC\.m2\repository\commons-logging\commons-logging\1.2\commons-logging-1.2.jar;C:\Users\User-PC\.m2\repository\org\seleniumhq\selenium\selenium-java\4.8.1\selenium-java-4.8.1.jar;C:\Users\User-PC\.m2\repository\org\seleniumhq\selenium\selenium-devtools-v108\4.8.1\selenium-devtools-v108-4.8.1.jar;C:\Users\User-PC\.m2\repository\org\seleniumhq\selenium\selenium-devtools-v109\4.8.1\selenium-devtools-v109-4.8.1.jar;C:\Users\User-PC\.m2\repository\org\seleniumhq\selenium\selenium-devtools-v110\4.8.1\selenium-devtools-v110-4.8.1.jar;C:\Users\User-PC\.m2\repository\org\seleniumhq\selenium\selenium-devtools-v85\4.8.1\selenium-devtools-v85-4.8.1.jar;C:\Users\User-PC\.m2\repository\org\seleniumhq\selenium\selenium-remote-driver\4.8.1\selenium-remote-driver-4.8.1.jar;C:\Users\User-PC\.m2\repository\com\beust\jcommander\1.82\jcommander-1.82.jar;C:\Users\User-PC\.m2\repository\io\netty\netty-buffer\4.1.87.Final\netty-buffer-4.1.87.Final.jar;C:\Users\User-PC\.m2\repository\io\netty\netty-codec-http\4.1.87.Final\netty-codec-http-4.1.87.Final.jar;C:\Users\User-PC\.m2\repository\io\netty\netty-codec\4.1.87.Final\netty-codec-4.1.87.Final.jar;C:\Users\User-PC\.m2\repository\io\netty\netty-handler\4.1.87.Final\netty-handler-4.1.87.Final.jar;C:\Users\User-PC\.m2\repository\io\netty\netty-common\4.1.87.Final\netty-common-4.1.87.Final.jar;C:\Users\User-PC\.m2\repository\io\netty\netty-transport-classes-epoll\4.1.87.Final\netty-transport-classes-epoll-4.1.87.Final.jar;C:\Users\User-PC\.m2\repository\io\netty\netty-transport-classes-kqueue\4.1.87.Final\netty-transport-classes-kqueue-4.1.87.Final.jar;C:\Users\User-PC\.m2\repository\io\netty\netty-transport-native-epoll\4.1.87.Final\netty-transport-native-epoll-4.1.87.Final.jar;C:\Users\User-PC\.m2\repository\io\netty\netty-transport-native-kqueue\4.1.87.Final\netty-transport-native-kqueue-4.1.87.Final.jar;C:\Users\User-PC\.m2\repository\io\netty\netty-transport-native-unix-common\4.1.87.Final\netty-transport-native-unix-common-4.1.87.Final.jar;C:\Users\User-PC\.m2\repository\io\netty\netty-transport\4.1.87.Final\netty-transport-4.1.87.Final.jar;C:\Users\User-PC\.m2\repository\io\netty\netty-resolver\4.1.87.Final\netty-resolver-4.1.87.Final.jar;C:\Users\User-PC\.m2\repository\io\opentelemetry\opentelemetry-api\1.22.0\opentelemetry-api-1.22.0.jar;C:\Users\User-PC\.m2\repository\io\opentelemetry\opentelemetry-context\1.22.0\opentelemetry-context-1.22.0.jar;C:\Users\User-PC\.m2\repository\io\opentelemetry\opentelemetry-exporter-logging\1.22.0\opentelemetry-exporter-logging-1.22.0.jar;C:\Users\User-PC\.m2\repository\io\opentelemetry\opentelemetry-sdk-metrics\1.22.0\opentelemetry-sdk-metrics-1.22.0.jar;C:\Users\User-PC\.m2\repository\io\opentelemetry\opentelemetry-sdk-logs\1.22.0-alpha\opentelemetry-sdk-logs-1.22.0-alpha.jar;C:\Users\User-PC\.m2\repository\io\opentelemetry\opentelemetry-api-logs\1.22.0-alpha\opentelemetry-api-logs-1.22.0-alpha.jar;C:\Users\User-PC\.m2\repository\io\opentelemetry\opentelemetry-sdk-common\1.22.0\opentelemetry-sdk-common-1.22.0.jar;C:\Users\User-PC\.m2\repository\io\opentelemetry\opentelemetry-sdk-extension-autoconfigure-spi\1.22.0\opentelemetry-sdk-extension-autoconfigure-spi-1.22.0.jar;C:\Users\User-PC\.m2\repository\io\opentelemetry\opentelemetry-sdk-extension-autoconfigure\1.22.0-alpha\opentelemetry-sdk-extension-autoconfigure-1.22.0-alpha.jar;C:\Users\User-PC\.m2\repository\io\opentelemetry\opentelemetry-sdk-trace\1.22.0\opentelemetry-sdk-trace-1.22.0.jar;C:\Users\User-PC\.m2\repository\io\opentelemetry\opentelemetry-sdk\1.22.0\opentelemetry-sdk-1.22.0.jar;C:\Users\User-PC\.m2\repository\io\opentelemetry\opentelemetry-semconv\1.22.0-alpha\opentelemetry-semconv-1.22.0-alpha.jar;C:\Users\User-PC\.m2\repository\io\ous\jtoml\2.0.0\jtoml-2.0.0.jar;C:\Users\User-PC\.m2\repository\org\apache\commons\commons-exec\1.3\commons-exec-1.3.jar;C:\Users\User-PC\.m2\repository\org\asynchttpclient\async-http-client\2.12.3\async-http-client-2.12.3.jar;C:\Users\User-PC\.m2\repository\org\asynchttpclient\async-http-client-netty-utils\2.12.3\async-http-client-netty-utils-2.12.3.jar;C:\Users\User-PC\.m2\repository\io\netty\netty-codec-socks\4.1.60.Final\netty-codec-socks-4.1.60.Final.jar;C:\Users\User-PC\.m2\repository\io\netty\netty-handler-proxy\4.1.60.Final\netty-handler-proxy-4.1.60.Final.jar;C:\Users\User-PC\.m2\repository\io\netty\netty-transport-native-epoll\4.1.60.Final\netty-transport-native-epoll-4.1.60.Final-linux-x86_64.jar;C:\Users\User-PC\.m2\repository\io\netty\netty-transport-native-kqueue\4.1.60.Final\netty-transport-native-kqueue-4.1.60.Final-osx-x86_64.jar;C:\Users\User-PC\.m2\repository\org\reactivestreams\reactive-streams\1.0.3\reactive-streams-1.0.3.jar;C:\Users\User-PC\.m2\repository\com\typesafe\netty\netty-reactive-streams\2.0.4\netty-reactive-streams-2.0.4.jar;C:\Users\User-PC\.m2\repository\org\seleniumhq\selenium\selenium-manager\4.8.1\selenium-manager-4.8.1.jar;C:\Users\User-PC\.m2\repository\org\seleniumhq\selenium\selenium-safari-driver\4.8.1\selenium-safari-driver-4.8.1.jar;C:\Users\User-PC\.m2\repository\org\seleniumhq\selenium\selenium-api\4.8.1\selenium-api-4.8.1.jar;C:\Users\User-PC\.m2\repository\org\seleniumhq\selenium\selenium-support\4.8.1\selenium-support-4.8.1.jar;C:\Users\User-PC\.m2\repository\com\google\auto\service\auto-service-annotations\1.0.1\auto-service-annotations-1.0.1.jar;C:\Users\User-PC\.m2\repository\com\google\auto\service\auto-service\1.0.1\auto-service-1.0.1.jar;C:\Users\User-PC\.m2\repository\com\google\auto\auto-common\1.2\auto-common-1.2.jar;C:\Users\User-PC\.m2\repository\org\seleniumhq\selenium\selenium-json\4.8.1\selenium-json-4.8.1.jar;C:\Users\User-PC\.m2\repository\org\seleniumhq\selenium\selenium-chrome-driver\4.8.1\selenium-chrome-driver-4.8.1.jar;C:\Users\User-PC\.m2\repository\org\seleniumhq\selenium\selenium-chromium-driver\4.8.1\selenium-chromium-driver-4.8.1.jar;C:\Users\User-PC\.m2\repository\org\seleniumhq\selenium\selenium-firefox-driver\4.8.1\selenium-firefox-driver-4.8.1.jar;C:\Users\User-PC\.m2\repository\org\seleniumhq\selenium\selenium-http\4.8.1\selenium-http-4.8.1.jar;C:\Users\User-PC\.m2\repository\dev\failsafe\failsafe\3.3.0\failsafe-3.3.0.jar;C:\Users\User-PC\.m2\repository\org\seleniumhq\selenium\selenium-edge-driver\4.8.1\selenium-edge-driver-4.8.1.jar;C:\Users\User-PC\.m2\repository\org\seleniumhq\selenium\selenium-ie-driver\4.8.1\selenium-ie-driver-4.8.1.jar;C:\Users\User-PC\.m2\repository\org\projectlombok\lombok\1.18.20\lombok-1.18.20.jar;C:\Users\User-PC\.m2\repository\io\appium\java-client\8.3.0\java-client-8.3.0.jar;C:\Users\User-PC\.m2\repository\commons-validator\commons-validator\1.7\commons-validator-1.7.jar;C:\Users\User-PC\.m2\repository\commons-digester\commons-digester\2.1\commons-digester-2.1.jar;C:\Users\User-PC\.m2\repository\org\apache\groovy\groovy\4.0.10\groovy-4.0.10.jar;C:\Users\User-PC\.m2\repository\net\sf\opencsv\opencsv\2.0\opencsv-2.0.jar;C:\Users\User-PC\.m2\repository\commons-beanutils\commons-beanutils\1.9.4\commons-beanutils-1.9.4.jar;C:\Users\User-PC\.m2\repository\org\apache\commons\commons-lang3\3.12.0\commons-lang3-3.12.0.jar;C:\Users\User-PC\.m2\repository\commons-collections\commons-collections\3.2.2\commons-collections-3.2.2.jar;C:\Users\User-PC\.m2\repository\org\fluentlenium\fluentlenium-core\0.10.2\fluentlenium-core-0.10.2.jar;C:\Users\User-PC\.m2\repository\io\github\bonigarcia\webdrivermanager\5.3.0\webdrivermanager-5.3.0.jar;C:\Users\User-PC\.m2\repository\com\github\docker-java\docker-java\3.2.13\docker-java-3.2.13.jar;C:\Users\User-PC\.m2\repository\com\github\docker-java\docker-java-core\3.2.13\docker-java-core-3.2.13.jar;C:\Users\User-PC\.m2\repository\com\github\docker-java\docker-java-api\3.2.13\docker-java-api-3.2.13.jar;C:\Users\User-PC\.m2\repository\org\apache\commons\commons-compress\1.21\commons-compress-1.21.jar;C:\Users\User-PC\.m2\repository\org\bouncycastle\bcpkix-jdk15on\1.64\bcpkix-jdk15on-1.64.jar;C:\Users\User-PC\.m2\repository\org\bouncycastle\bcprov-jdk15on\1.64\bcprov-jdk15on-1.64.jar;C:\Users\User-PC\.m2\repository\org\slf4j\jcl-over-slf4j\1.7.30\jcl-over-slf4j-1.7.30.jar;C:\Users\User-PC\.m2\repository\com\github\docker-java\docker-java-transport-httpclient5\3.2.13\docker-java-transport-httpclient5-3.2.13.jar;C:\Users\User-PC\.m2\repository\com\github\docker-java\docker-java-transport\3.2.13\docker-java-transport-3.2.13.jar;C:\Users\User-PC\.m2\repository\net\java\dev\jna\jna\5.8.0\jna-5.8.0.jar;C:\Users\User-PC\.m2\repository\org\brotli\dec\0.1.2\dec-0.1.2.jar;C:\Users\User-PC\.m2\repository\org\apache\httpcomponents\client5\httpclient5\5.1.3\httpclient5-5.1.3.jar;C:\Users\User-PC\.m2\repository\org\apache\httpcomponents\core5\httpcore5\5.1.3\httpcore5-5.1.3.jar;C:\Users\User-PC\.m2\repository\org\apache\httpcomponents\core5\httpcore5-h2\5.1.3\httpcore5-h2-5.1.3.jar;C:\Users\User-PC\.m2\repository\com\jhlabs\filters\2.0.235\filters-2.0.235.jar;C:\Users\User-PC\.m2\repository\com\paulhammant\ngwebdriver\1.1.6\ngwebdriver-1.1.6.jar;C:\Users\User-PC\.m2\repository\joda-time\joda-time\2.12.2\joda-time-2.12.2.jar;C:\Users\User-PC\.m2\repository\org\hamcrest\hamcrest\2.2\hamcrest-2.2.jar;C:\Users\User-PC\.m2\repository\com\google\jimfs\jimfs\1.2\jimfs-1.2.jar;C:\Users\User-PC\.m2\repository\org\mockito\mockito-core\3.3.3\mockito-core-3.3.3.jar;C:\Users\User-PC\.m2\repository\javax\xml\bind\jaxb-api\2.3.1\jaxb-api-2.3.1.jar;C:\Users\User-PC\.m2\repository\javax\activation\javax.activation-api\1.2.0\javax.activation-api-1.2.0.jar;C:\Users\User-PC\.m2\repository\com\sun\xml\bind\jaxb-core\2.3.0.1\jaxb-core-2.3.0.1.jar;C:\Users\User-PC\.m2\repository\com\sun\xml\bind\jaxb-impl\2.3.3\jaxb-impl-2.3.3.jar;C:\Users\User-PC\.m2\repository\jakarta\xml\bind\jakarta.xml.bind-api\2.3.3\jakarta.xml.bind-api-2.3.3.jar;C:\Users\User-PC\.m2\repository\com\sun\activation\jakarta.activation\1.2.2\jakarta.activation-1.2.2.jar;C:\Users\User-PC\.m2\repository\javax\activation\activation\1.1.1\activation-1.1.1.jar;C:\Users\User-PC\.m2\repository\net\serenity-bdd\serenity-cucumber\3.6.21\serenity-cucumber-3.6.21.jar;C:\Users\User-PC\.m2\repository\io\cucumber\cucumber-core\7.11.0\cucumber-core-7.11.0.jar;C:\Users\User-PC\.m2\repository\io\cucumber\cucumber-gherkin\7.11.0\cucumber-gherkin-7.11.0.jar;C:\Users\User-PC\.m2\repository\io\cucumber\cucumber-gherkin-messages\7.11.0\cucumber-gherkin-messages-7.11.0.jar;C:\Users\User-PC\.m2\repository\io\cucumber\gherkin\26.0.3\gherkin-26.0.3.jar;C:\Users\User-PC\.m2\repository\io\cucumber\messages\21.0.1\messages-21.0.1.jar;C:\Users\User-PC\.m2\repository\io\cucumber\tag-expressions\5.0.1\tag-expressions-5.0.1.jar;C:\Users\User-PC\.m2\repository\io\cucumber\cucumber-expressions\16.1.1\cucumber-expressions-16.1.1.jar;C:\Users\User-PC\.m2\repository\io\cucumber\datatable\7.11.0\datatable-7.11.0.jar;C:\Users\User-PC\.m2\repository\io\cucumber\cucumber-plugin\7.11.0\cucumber-plugin-7.11.0.jar;C:\Users\User-PC\.m2\repository\io\cucumber\docstring\7.11.0\docstring-7.11.0.jar;C:\Users\User-PC\.m2\repository\io\cucumber\html-formatter\20.2.1\html-formatter-20.2.1.jar;C:\Users\User-PC\.m2\repository\io\cucumber\junit-xml-formatter\0.1.0\junit-xml-formatter-0.1.0.jar;C:\Users\User-PC\.m2\repository\io\cucumber\ci-environment\9.1.0\ci-environment-9.1.0.jar;C:\Users\User-PC\.m2\repository\io\cucumber\cucumber-java\7.11.0\cucumber-java-7.11.0.jar;C:\Users\User-PC\.m2\repository\io\cucumber\cucumber-junit\7.11.0\cucumber-junit-7.11.0.jar;C:\Users\User-PC\.m2\repository\org\apache\commons\commons-csv\1.5\commons-csv-1.5.jar;C:\Users\User-PC\.m2\repository\net\serenity-bdd\serenity-screenplay\3.6.21\serenity-screenplay-3.6.21.jar;C:\Users\User-PC\.m2\repository\net\serenity-bdd\serenity-screenplay-webdriver\3.6.21\serenity-screenplay-webdriver-3.6.21.jar;C:\Users\User-PC\.m2\repository\net\serenity-bdd\serenity-ensure\3.6.21\serenity-ensure-3.6.21.jar;C:\Users\User-PC\.m2\repository\net\serenity-bdd\serenity-junit\3.6.21\serenity-junit-3.6.21.jar;C:\Users\User-PC\.m2\repository\org\jetbrains\kotlin\kotlin-stdlib\1.8.10\kotlin-stdlib-1.8.10.jar;C:\Users\User-PC\.m2\repository\org\jetbrains\kotlin\kotlin-stdlib-common\1.8.10\kotlin-stdlib-common-1.8.10.jar;C:\Users\User-PC\.m2\repository\org\jetbrains\annotations\13.0\annotations-13.0.jar;C:\Users\User-PC\.m2\repository\org\junit\platform\junit-platform-launcher\1.8.2\junit-platform-launcher-1.8.2.jar;C:\Users\User-PC\.m2\repository\org\junit\platform\junit-platform-engine\1.8.2\junit-platform-engine-1.8.2.jar;C:\Users\User-PC\.m2\repository\org\opentest4j\opentest4j\1.2.0\opentest4j-1.2.0.jar;C:\Users\User-PC\.m2\repository\org\junit\platform\junit-platform-commons\1.8.2\junit-platform-commons-1.8.2.jar;C:\Users\User-PC\.m2\repository\org\apiguardian\apiguardian-api\1.1.2\apiguardian-api-1.1.2.jar;C:\Users\User-PC\.m2\repository\org\junit\jupiter\junit-jupiter-engine\5.8.2\junit-jupiter-engine-5.8.2.jar;C:\Users\User-PC\.m2\repository\org\junit\jupiter\junit-jupiter-api\5.8.2\junit-jupiter-api-5.8.2.jar;C:\Users\User-PC\.m2\repository\org\junit\vintage\junit-vintage-engine\5.8.2\junit-vintage-engine-5.8.2.jar;C:\Users\User-PC\.m2\repository\junit\junit\4.13.2\junit-4.13.2.jar;C:\Users\User-PC\.m2\repository\org\hamcrest\hamcrest-core\1.3\hamcrest-core-1.3.jar;C:\Users\User-PC\.m2\repository\ch\qos\logback\logback-classic\1.2.10\logback-classic-1.2.10.jar;C:\Users\User-PC\.m2\repository\ch\qos\logback\logback-core\1.2.10\logback-core-1.2.10.jar;C:\Users\User-PC\.m2\repository\org\slf4j\slf4j-api\1.7.32\slf4j-api-1.7.32.jar;C:\Users\User-PC\.m2\repository\org\assertj\assertj-core\3.23.1\assertj-core-3.23.1.jar;C:\Users\User-PC\.m2\repository\net\bytebuddy\byte-buddy\1.12.10\byte-buddy-1.12.10.jar;"/>
    <property name="sun.cpu.endian" value="little"/>
    <property name="user.home" value="C:\Users\User-PC"/>
    <property name="user.language" value="en"/>
    <property name="java.specification.vendor" value="Oracle Corporation"/>
    <property name="jdk.module.path" value="D:\alta\MiniProject\target\MiniProject-1.0-SNAPSHOT.jar"/>
    <property name="java.version.date" value="2023-01-17"/>
    <property name="java.home" value="C:\Program Files\BellSoft\LibericaJDK-17"/>
    <property name="file.separator" value="\"/>
    <property name="basedir" value="D:\alta\MiniProject"/>
    <property name="java.vm.compressedOopsMode" value="32-bit"/>
    <property name="line.separator" value="&#10;"/>
    <property name="java.vm.specification.vendor" value="Oracle Corporation"/>
    <property name="java.specification.name" value="Java Platform API Specification"/>
    <property name="surefire.real.class.path" value="C:\Users\User-PC\.m2\repository\org\apache\maven\surefire\surefire-booter\3.0.0-M5\surefire-booter-3.0.0-M5.jar;C:\Users\User-PC\.m2\repository\org\apache\maven\surefire\surefire-api\3.0.0-M5\surefire-api-3.0.0-M5.jar;C:\Users\User-PC\.m2\repository\org\apache\maven\surefire\surefire-logger-api\3.0.0-M5\surefire-logger-api-3.0.0-M5.jar;C:\Users\User-PC\.m2\repository\org\apache\maven\surefire\surefire-shared-utils\3.0.0-M4\surefire-shared-utils-3.0.0-M4.jar;C:\Users\User-PC\.m2\repository\org\apache\maven\surefire\surefire-extensions-spi\3.0.0-M5\surefire-extensions-spi-3.0.0-M5.jar;D:\alta\MiniProject\target\test-classes;C:\Users\User-PC\.m2\repository\net\serenity-bdd\serenity-core\3.6.21\serenity-core-3.6.21.jar;C:\Users\User-PC\.m2\repository\net\serenity-bdd\serenity-model\3.6.21\serenity-model-3.6.21.jar;C:\Users\User-PC\.m2\repository\org\apache\commons\commons-text\1.10.0\commons-text-1.10.0.jar;C:\Users\User-PC\.m2\repository\commons-net\commons-net\3.9.0\commons-net-3.9.0.jar;C:\Users\User-PC\.m2\repository\com\google\guava\guava\31.1-jre\guava-31.1-jre.jar;C:\Users\User-PC\.m2\repository\com\google\guava\failureaccess\1.0.1\failureaccess-1.0.1.jar;C:\Users\User-PC\.m2\repository\com\google\guava\listenablefuture\9999.0-empty-to-avoid-conflict-with-guava\listenablefuture-9999.0-empty-to-avoid-conflict-with-guava.jar;C:\Users\User-PC\.m2\repository\com\google\code\findbugs\jsr305\3.0.2\jsr305-3.0.2.jar;C:\Users\User-PC\.m2\repository\org\checkerframework\checker-qual\3.12.0\checker-qual-3.12.0.jar;C:\Users\User-PC\.m2\repository\com\google\errorprone\error_prone_annotations\2.11.0\error_prone_annotations-2.11.0.jar;C:\Users\User-PC\.m2\repository\com\google\j2objc\j2objc-annotations\1.3\j2objc-annotations-1.3.jar;C:\Users\User-PC\.m2\repository\com\google\inject\guice\5.1.0\guice-5.1.0.jar;C:\Users\User-PC\.m2\repository\javax\inject\javax.inject\1\javax.inject-1.jar;C:\Users\User-PC\.m2\repository\aopalliance\aopalliance\1.0\aopalliance-1.0.jar;C:\Users\User-PC\.m2\repository\org\jsoup\jsoup\1.14.3\jsoup-1.14.3.jar;C:\Users\User-PC\.m2\repository\com\thoughtworks\xstream\xstream\1.4.20\xstream-1.4.20.jar;C:\Users\User-PC\.m2\repository\io\github\x-stream\mxparser\1.2.2\mxparser-1.2.2.jar;C:\Users\User-PC\.m2\repository\xmlpull\xmlpull\1.1.3.1\xmlpull-1.1.3.1.jar;C:\Users\User-PC\.m2\repository\com\typesafe\config\1.4.2\config-1.4.2.jar;C:\Users\User-PC\.m2\repository\org\imgscalr\imgscalr-lib\4.2\imgscalr-lib-4.2.jar;C:\Users\User-PC\.m2\repository\org\awaitility\awaitility\4.2.0\awaitility-4.2.0.jar;C:\Users\User-PC\.m2\repository\org\freemarker\freemarker\2.3.31\freemarker-2.3.31.jar;C:\Users\User-PC\.m2\repository\io\github\classgraph\classgraph\4.8.138\classgraph-4.8.138.jar;C:\Users\User-PC\.m2\repository\net\sourceforge\jexcelapi\jxl\2.6.12\jxl-2.6.12.jar;C:\Users\User-PC\.m2\repository\net\bytebuddy\byte-buddy-agent\1.14.2\byte-buddy-agent-1.14.2.jar;C:\Users\User-PC\.m2\repository\org\objenesis\objenesis\3.3\objenesis-3.3.jar;C:\Users\User-PC\.m2\repository\net\serenity-bdd\serenity-reports\3.6.21\serenity-reports-3.6.21.jar;C:\Users\User-PC\.m2\repository\net\serenity-bdd\serenity-stats\3.6.21\serenity-stats-3.6.21.jar;C:\Users\User-PC\.m2\repository\net\serenity-bdd\serenity-reports-configuration\3.6.21\serenity-reports-configuration-3.6.21.jar;C:\Users\User-PC\.m2\repository\com\vladsch\flexmark\flexmark-all\0.62.2\flexmark-all-0.62.2.jar;C:\Users\User-PC\.m2\repository\com\vladsch\flexmark\flexmark\0.62.2\flexmark-0.62.2.jar;C:\Users\User-PC\.m2\repository\com\vladsch\flexmark\flexmark-ext-abbreviation\0.62.2\flexmark-ext-abbreviation-0.62.2.jar;C:\Users\User-PC\.m2\repository\com\vladsch\flexmark\flexmark-util\0.62.2\flexmark-util-0.62.2.jar;C:\Users\User-PC\.m2\repository\com\vladsch\flexmark\flexmark-ext-admonition\0.62.2\flexmark-ext-admonition-0.62.2.jar;C:\Users\User-PC\.m2\repository\com\vladsch\flexmark\flexmark-ext-anchorlink\0.62.2\flexmark-ext-anchorlink-0.62.2.jar;C:\Users\User-PC\.m2\repository\com\vladsch\flexmark\flexmark-ext-aside\0.62.2\flexmark-ext-aside-0.62.2.jar;C:\Users\User-PC\.m2\repository\com\vladsch\flexmark\flexmark-ext-attributes\0.62.2\flexmark-ext-attributes-0.62.2.jar;C:\Users\User-PC\.m2\repository\com\vladsch\flexmark\flexmark-ext-autolink\0.62.2\flexmark-ext-autolink-0.62.2.jar;C:\Users\User-PC\.m2\repository\org\nibor\autolink\autolink\0.6.0\autolink-0.6.0.jar;C:\Users\User-PC\.m2\repository\com\vladsch\flexmark\flexmark-ext-definition\0.62.2\flexmark-ext-definition-0.62.2.jar;C:\Users\User-PC\.m2\repository\com\vladsch\flexmark\flexmark-ext-emoji\0.62.2\flexmark-ext-emoji-0.62.2.jar;C:\Users\User-PC\.m2\repository\com\vladsch\flexmark\flexmark-ext-enumerated-reference\0.62.2\flexmark-ext-enumerated-reference-0.62.2.jar;C:\Users\User-PC\.m2\repository\com\vladsch\flexmark\flexmark-ext-escaped-character\0.62.2\flexmark-ext-escaped-character-0.62.2.jar;C:\Users\User-PC\.m2\repository\com\vladsch\flexmark\flexmark-ext-footnotes\0.62.2\flexmark-ext-footnotes-0.62.2.jar;C:\Users\User-PC\.m2\repository\com\vladsch\flexmark\flexmark-ext-gfm-issues\0.62.2\flexmark-ext-gfm-issues-0.62.2.jar;C:\Users\User-PC\.m2\repository\com\vladsch\flexmark\flexmark-ext-gfm-strikethrough\0.62.2\flexmark-ext-gfm-strikethrough-0.62.2.jar;C:\Users\User-PC\.m2\repository\com\vladsch\flexmark\flexmark-ext-gfm-tasklist\0.62.2\flexmark-ext-gfm-tasklist-0.62.2.jar;C:\Users\User-PC\.m2\repository\com\vladsch\flexmark\flexmark-ext-gfm-users\0.62.2\flexmark-ext-gfm-users-0.62.2.jar;C:\Users\User-PC\.m2\repository\com\vladsch\flexmark\flexmark-ext-gitlab\0.62.2\flexmark-ext-gitlab-0.62.2.jar;C:\Users\User-PC\.m2\repository\com\vladsch\flexmark\flexmark-ext-jekyll-front-matter\0.62.2\flexmark-ext-jekyll-front-matter-0.62.2.jar;C:\Users\User-PC\.m2\repository\com\vladsch\flexmark\flexmark-ext-jekyll-tag\0.62.2\flexmark-ext-jekyll-tag-0.62.2.jar;C:\Users\User-PC\.m2\repository\com\vladsch\flexmark\flexmark-ext-media-tags\0.62.2\flexmark-ext-media-tags-0.62.2.jar;C:\Users\User-PC\.m2\repository\com\vladsch\flexmark\flexmark-ext-macros\0.62.2\flexmark-ext-macros-0.62.2.jar;C:\Users\User-PC\.m2\repository\com\vladsch\flexmark\flexmark-ext-ins\0.62.2\flexmark-ext-ins-0.62.2.jar;C:\Users\User-PC\.m2\repository\com\vladsch\flexmark\flexmark-ext-xwiki-macros\0.62.2\flexmark-ext-xwiki-macros-0.62.2.jar;C:\Users\User-PC\.m2\repository\com\vladsch\flexmark\flexmark-ext-superscript\0.62.2\flexmark-ext-superscript-0.62.2.jar;C:\Users\User-PC\.m2\repository\com\vladsch\flexmark\flexmark-ext-tables\0.62.2\flexmark-ext-tables-0.62.2.jar;C:\Users\User-PC\.m2\repository\com\vladsch\flexmark\flexmark-ext-toc\0.62.2\flexmark-ext-toc-0.62.2.jar;C:\Users\User-PC\.m2\repository\com\vladsch\flexmark\flexmark-ext-typographic\0.62.2\flexmark-ext-typographic-0.62.2.jar;C:\Users\User-PC\.m2\repository\com\vladsch\flexmark\flexmark-ext-wikilink\0.62.2\flexmark-ext-wikilink-0.62.2.jar;C:\Users\User-PC\.m2\repository\com\vladsch\flexmark\flexmark-ext-yaml-front-matter\0.62.2\flexmark-ext-yaml-front-matter-0.62.2.jar;C:\Users\User-PC\.m2\repository\com\vladsch\flexmark\flexmark-ext-youtube-embedded\0.62.2\flexmark-ext-youtube-embedded-0.62.2.jar;C:\Users\User-PC\.m2\repository\com\vladsch\flexmark\flexmark-html2md-converter\0.62.2\flexmark-html2md-converter-0.62.2.jar;C:\Users\User-PC\.m2\repository\com\vladsch\flexmark\flexmark-jira-converter\0.62.2\flexmark-jira-converter-0.62.2.jar;C:\Users\User-PC\.m2\repository\com\vladsch\flexmark\flexmark-pdf-converter\0.62.2\flexmark-pdf-converter-0.62.2.jar;C:\Users\User-PC\.m2\repository\com\openhtmltopdf\openhtmltopdf-core\1.0.0\openhtmltopdf-core-1.0.0.jar;C:\Users\User-PC\.m2\repository\com\openhtmltopdf\openhtmltopdf-pdfbox\1.0.0\openhtmltopdf-pdfbox-1.0.0.jar;C:\Users\User-PC\.m2\repository\org\apache\pdfbox\pdfbox\2.0.16\pdfbox-2.0.16.jar;C:\Users\User-PC\.m2\repository\org\apache\pdfbox\fontbox\2.0.16\fontbox-2.0.16.jar;C:\Users\User-PC\.m2\repository\org\apache\pdfbox\xmpbox\2.0.16\xmpbox-2.0.16.jar;C:\Users\User-PC\.m2\repository\de\rototor\pdfbox\graphics2d\0.24\graphics2d-0.24.jar;C:\Users\User-PC\.m2\repository\com\openhtmltopdf\openhtmltopdf-rtl-support\1.0.0\openhtmltopdf-rtl-support-1.0.0.jar;C:\Users\User-PC\.m2\repository\com\openhtmltopdf\openhtmltopdf-jsoup-dom-converter\1.0.0\openhtmltopdf-jsoup-dom-converter-1.0.0.jar;C:\Users\User-PC\.m2\repository\com\vladsch\flexmark\flexmark-profile-pegdown\0.62.2\flexmark-profile-pegdown-0.62.2.jar;C:\Users\User-PC\.m2\repository\com\vladsch\flexmark\flexmark-util-ast\0.62.2\flexmark-util-ast-0.62.2.jar;C:\Users\User-PC\.m2\repository\com\vladsch\flexmark\flexmark-util-builder\0.62.2\flexmark-util-builder-0.62.2.jar;C:\Users\User-PC\.m2\repository\com\vladsch\flexmark\flexmark-util-collection\0.62.2\flexmark-util-collection-0.62.2.jar;C:\Users\User-PC\.m2\repository\com\vladsch\flexmark\flexmark-util-data\0.62.2\flexmark-util-data-0.62.2.jar;C:\Users\User-PC\.m2\repository\com\vladsch\flexmark\flexmark-util-dependency\0.62.2\flexmark-util-dependency-0.62.2.jar;C:\Users\User-PC\.m2\repository\com\vladsch\flexmark\flexmark-util-format\0.62.2\flexmark-util-format-0.62.2.jar;C:\Users\User-PC\.m2\repository\com\vladsch\flexmark\flexmark-util-html\0.62.2\flexmark-util-html-0.62.2.jar;C:\Users\User-PC\.m2\repository\com\vladsch\flexmark\flexmark-util-misc\0.62.2\flexmark-util-misc-0.62.2.jar;C:\Users\User-PC\.m2\repository\com\vladsch\flexmark\flexmark-util-options\0.62.2\flexmark-util-options-0.62.2.jar;C:\Users\User-PC\.m2\repository\com\vladsch\flexmark\flexmark-util-sequence\0.62.2\flexmark-util-sequence-0.62.2.jar;C:\Users\User-PC\.m2\repository\com\vladsch\flexmark\flexmark-util-visitor\0.62.2\flexmark-util-visitor-0.62.2.jar;C:\Users\User-PC\.m2\repository\com\vladsch\flexmark\flexmark-youtrack-converter\0.62.2\flexmark-youtrack-converter-0.62.2.jar;C:\Users\User-PC\.m2\repository\com\ibm\icu\icu4j\72.1\icu4j-72.1.jar;C:\Users\User-PC\.m2\repository\es\nitaur\markdown\txtmark\0.16\txtmark-0.16.jar;C:\Users\User-PC\.m2\repository\net\serenity-bdd\serenity-report-resources\3.6.21\serenity-report-resources-3.6.21.jar;C:\Users\User-PC\.m2\repository\com\google\code\gson\gson\2.10.1\gson-2.10.1.jar;C:\Users\User-PC\.m2\repository\com\fasterxml\jackson\core\jackson-core\2.15.0-rc1\jackson-core-2.15.0-rc1.jar;C:\Users\User-PC\.m2\repository\com\fasterxml\jackson\core\jackson-databind\2.15.0-rc1\jackson-databind-2.15.0-rc1.jar;C:\Users\User-PC\.m2\repository\com\fasterxml\jackson\core\jackson-annotations\2.15.0-rc1\jackson-annotations-2.15.0-rc1.jar;C:\Users\User-PC\.m2\repository\commons-codec\commons-codec\1.15\commons-codec-1.15.jar;C:\Users\User-PC\.m2\repository\commons-io\commons-io\2.11.0\commons-io-2.11.0.jar;C:\Users\User-PC\.m2\repository\org\apache\httpcomponents\httpclient\4.5.13\httpclient-4.5.13.jar;C:\Users\User-PC\.m2\repository\org\apache\httpcomponents\httpcore\4.4.13\httpcore-4.4.13.jar;C:\Users\User-PC\.m2\repository\commons-logging\commons-logging\1.2\commons-logging-1.2.jar;C:\Users\User-PC\.m2\repository\org\seleniumhq\selenium\selenium-java\4.8.1\selenium-java-4.8.1.jar;C:\Users\User-PC\.m2\repository\org\seleniumhq\selenium\selenium-devtools-v108\4.8.1\selenium-devtools-v108-4.8.1.jar;C:\Users\User-PC\.m2\repository\org\seleniumhq\selenium\selenium-devtools-v109\4.8.1\selenium-devtools-v109-4.8.1.jar;C:\Users\User-PC\.m2\repository\org\seleniumhq\selenium\selenium-devtools-v110\4.8.1\selenium-devtools-v110-4.8.1.jar;C:\Users\User-PC\.m2\repository\org\seleniumhq\selenium\selenium-devtools-v85\4.8.1\selenium-devtools-v85-4.8.1.jar;C:\Users\User-PC\.m2\repository\org\seleniumhq\selenium\selenium-remote-driver\4.8.1\selenium-remote-driver-4.8.1.jar;C:\Users\User-PC\.m2\repository\com\beust\jcommander\1.82\jcommander-1.82.jar;C:\Users\User-PC\.m2\repository\io\netty\netty-buffer\4.1.87.Final\netty-buffer-4.1.87.Final.jar;C:\Users\User-PC\.m2\repository\io\netty\netty-codec-http\4.1.87.Final\netty-codec-http-4.1.87.Final.jar;C:\Users\User-PC\.m2\repository\io\netty\netty-codec\4.1.87.Final\netty-codec-4.1.87.Final.jar;C:\Users\User-PC\.m2\repository\io\netty\netty-handler\4.1.87.Final\netty-handler-4.1.87.Final.jar;C:\Users\User-PC\.m2\repository\io\netty\netty-common\4.1.87.Final\netty-common-4.1.87.Final.jar;C:\Users\User-PC\.m2\repository\io\netty\netty-transport-classes-epoll\4.1.87.Final\netty-transport-classes-epoll-4.1.87.Final.jar;C:\Users\User-PC\.m2\repository\io\netty\netty-transport-classes-kqueue\4.1.87.Final\netty-transport-classes-kqueue-4.1.87.Final.jar;C:\Users\User-PC\.m2\repository\io\netty\netty-transport-native-epoll\4.1.87.Final\netty-transport-native-epoll-4.1.87.Final.jar;C:\Users\User-PC\.m2\repository\io\netty\netty-transport-native-kqueue\4.1.87.Final\netty-transport-native-kqueue-4.1.87.Final.jar;C:\Users\User-PC\.m2\repository\io\netty\netty-transport-native-unix-common\4.1.87.Final\netty-transport-native-unix-common-4.1.87.Final.jar;C:\Users\User-PC\.m2\repository\io\netty\netty-transport\4.1.87.Final\netty-transport-4.1.87.Final.jar;C:\Users\User-PC\.m2\repository\io\netty\netty-resolver\4.1.87.Final\netty-resolver-4.1.87.Final.jar;C:\Users\User-PC\.m2\repository\io\opentelemetry\opentelemetry-api\1.22.0\opentelemetry-api-1.22.0.jar;C:\Users\User-PC\.m2\repository\io\opentelemetry\opentelemetry-context\1.22.0\opentelemetry-context-1.22.0.jar;C:\Users\User-PC\.m2\repository\io\opentelemetry\opentelemetry-exporter-logging\1.22.0\opentelemetry-exporter-logging-1.22.0.jar;C:\Users\User-PC\.m2\repository\io\opentelemetry\opentelemetry-sdk-metrics\1.22.0\opentelemetry-sdk-metrics-1.22.0.jar;C:\Users\User-PC\.m2\repository\io\opentelemetry\opentelemetry-sdk-logs\1.22.0-alpha\opentelemetry-sdk-logs-1.22.0-alpha.jar;C:\Users\User-PC\.m2\repository\io\opentelemetry\opentelemetry-api-logs\1.22.0-alpha\opentelemetry-api-logs-1.22.0-alpha.jar;C:\Users\User-PC\.m2\repository\io\opentelemetry\opentelemetry-sdk-common\1.22.0\opentelemetry-sdk-common-1.22.0.jar;C:\Users\User-PC\.m2\repository\io\opentelemetry\opentelemetry-sdk-extension-autoconfigure-spi\1.22.0\opentelemetry-sdk-extension-autoconfigure-spi-1.22.0.jar;C:\Users\User-PC\.m2\repository\io\opentelemetry\opentelemetry-sdk-extension-autoconfigure\1.22.0-alpha\opentelemetry-sdk-extension-autoconfigure-1.22.0-alpha.jar;C:\Users\User-PC\.m2\repository\io\opentelemetry\opentelemetry-sdk-trace\1.22.0\opentelemetry-sdk-trace-1.22.0.jar;C:\Users\User-PC\.m2\repository\io\opentelemetry\opentelemetry-sdk\1.22.0\opentelemetry-sdk-1.22.0.jar;C:\Users\User-PC\.m2\repository\io\opentelemetry\opentelemetry-semconv\1.22.0-alpha\opentelemetry-semconv-1.22.0-alpha.jar;C:\Users\User-PC\.m2\repository\io\ous\jtoml\2.0.0\jtoml-2.0.0.jar;C:\Users\User-PC\.m2\repository\org\apache\commons\commons-exec\1.3\commons-exec-1.3.jar;C:\Users\User-PC\.m2\repository\org\asynchttpclient\async-http-client\2.12.3\async-http-client-2.12.3.jar;C:\Users\User-PC\.m2\repository\org\asynchttpclient\async-http-client-netty-utils\2.12.3\async-http-client-netty-utils-2.12.3.jar;C:\Users\User-PC\.m2\repository\io\netty\netty-codec-socks\4.1.60.Final\netty-codec-socks-4.1.60.Final.jar;C:\Users\User-PC\.m2\repository\io\netty\netty-handler-proxy\4.1.60.Final\netty-handler-proxy-4.1.60.Final.jar;C:\Users\User-PC\.m2\repository\io\netty\netty-transport-native-epoll\4.1.60.Final\netty-transport-native-epoll-4.1.60.Final-linux-x86_64.jar;C:\Users\User-PC\.m2\repository\io\netty\netty-transport-native-kqueue\4.1.60.Final\netty-transport-native-kqueue-4.1.60.Final-osx-x86_64.jar;C:\Users\User-PC\.m2\repository\org\reactivestreams\reactive-streams\1.0.3\reactive-streams-1.0.3.jar;C:\Users\User-PC\.m2\repository\com\typesafe\netty\netty-reactive-streams\2.0.4\netty-reactive-streams-2.0.4.jar;C:\Users\User-PC\.m2\repository\org\seleniumhq\selenium\selenium-manager\4.8.1\selenium-manager-4.8.1.jar;C:\Users\User-PC\.m2\repository\org\seleniumhq\selenium\selenium-safari-driver\4.8.1\selenium-safari-driver-4.8.1.jar;C:\Users\User-PC\.m2\repository\org\seleniumhq\selenium\selenium-api\4.8.1\selenium-api-4.8.1.jar;C:\Users\User-PC\.m2\repository\org\seleniumhq\selenium\selenium-support\4.8.1\selenium-support-4.8.1.jar;C:\Users\User-PC\.m2\repository\com\google\auto\service\auto-service-annotations\1.0.1\auto-service-annotations-1.0.1.jar;C:\Users\User-PC\.m2\repository\com\google\auto\service\auto-service\1.0.1\auto-service-1.0.1.jar;C:\Users\User-PC\.m2\repository\com\google\auto\auto-common\1.2\auto-common-1.2.jar;C:\Users\User-PC\.m2\repository\org\seleniumhq\selenium\selenium-json\4.8.1\selenium-json-4.8.1.jar;C:\Users\User-PC\.m2\repository\org\seleniumhq\selenium\selenium-chrome-driver\4.8.1\selenium-chrome-driver-4.8.1.jar;C:\Users\User-PC\.m2\repository\org\seleniumhq\selenium\selenium-chromium-driver\4.8.1\selenium-chromium-driver-4.8.1.jar;C:\Users\User-PC\.m2\repository\org\seleniumhq\selenium\selenium-firefox-driver\4.8.1\selenium-firefox-driver-4.8.1.jar;C:\Users\User-PC\.m2\repository\org\seleniumhq\selenium\selenium-http\4.8.1\selenium-http-4.8.1.jar;C:\Users\User-PC\.m2\repository\dev\failsafe\failsafe\3.3.0\failsafe-3.3.0.jar;C:\Users\User-PC\.m2\repository\org\seleniumhq\selenium\selenium-edge-driver\4.8.1\selenium-edge-driver-4.8.1.jar;C:\Users\User-PC\.m2\repository\org\seleniumhq\selenium\selenium-ie-driver\4.8.1\selenium-ie-driver-4.8.1.jar;C:\Users\User-PC\.m2\repository\org\projectlombok\lombok\1.18.20\lombok-1.18.20.jar;C:\Users\User-PC\.m2\repository\io\appium\java-client\8.3.0\java-client-8.3.0.jar;C:\Users\User-PC\.m2\repository\commons-validator\commons-validator\1.7\commons-validator-1.7.jar;C:\Users\User-PC\.m2\repository\commons-digester\commons-digester\2.1\commons-digester-2.1.jar;C:\Users\User-PC\.m2\repository\org\apache\groovy\groovy\4.0.10\groovy-4.0.10.jar;C:\Users\User-PC\.m2\repository\net\sf\opencsv\opencsv\2.0\opencsv-2.0.jar;C:\Users\User-PC\.m2\repository\commons-beanutils\commons-beanutils\1.9.4\commons-beanutils-1.9.4.jar;C:\Users\User-PC\.m2\repository\org\apache\commons\commons-lang3\3.12.0\commons-lang3-3.12.0.jar;C:\Users\User-PC\.m2\repository\commons-collections\commons-collections\3.2.2\commons-collections-3.2.2.jar;C:\Users\User-PC\.m2\repository\org\fluentlenium\fluentlenium-core\0.10.2\fluentlenium-core-0.10.2.jar;C:\Users\User-PC\.m2\repository\io\github\bonigarcia\webdrivermanager\5.3.0\webdrivermanager-5.3.0.jar;C:\Users\User-PC\.m2\repository\com\github\docker-java\docker-java\3.2.13\docker-java-3.2.13.jar;C:\Users\User-PC\.m2\repository\com\github\docker-java\docker-java-core\3.2.13\docker-java-core-3.2.13.jar;C:\Users\User-PC\.m2\repository\com\github\docker-java\docker-java-api\3.2.13\docker-java-api-3.2.13.jar;C:\Users\User-PC\.m2\repository\org\apache\commons\commons-compress\1.21\commons-compress-1.21.jar;C:\Users\User-PC\.m2\repository\org\bouncycastle\bcpkix-jdk15on\1.64\bcpkix-jdk15on-1.64.jar;C:\Users\User-PC\.m2\repository\org\bouncycastle\bcprov-jdk15on\1.64\bcprov-jdk15on-1.64.jar;C:\Users\User-PC\.m2\repository\org\slf4j\jcl-over-slf4j\1.7.30\jcl-over-slf4j-1.7.30.jar;C:\Users\User-PC\.m2\repository\com\github\docker-java\docker-java-transport-httpclient5\3.2.13\docker-java-transport-httpclient5-3.2.13.jar;C:\Users\User-PC\.m2\repository\com\github\docker-java\docker-java-transport\3.2.13\docker-java-transport-3.2.13.jar;C:\Users\User-PC\.m2\repository\net\java\dev\jna\jna\5.8.0\jna-5.8.0.jar;C:\Users\User-PC\.m2\repository\org\brotli\dec\0.1.2\dec-0.1.2.jar;C:\Users\User-PC\.m2\repository\org\apache\httpcomponents\client5\httpclient5\5.1.3\httpclient5-5.1.3.jar;C:\Users\User-PC\.m2\repository\org\apache\httpcomponents\core5\httpcore5\5.1.3\httpcore5-5.1.3.jar;C:\Users\User-PC\.m2\repository\org\apache\httpcomponents\core5\httpcore5-h2\5.1.3\httpcore5-h2-5.1.3.jar;C:\Users\User-PC\.m2\repository\com\jhlabs\filters\2.0.235\filters-2.0.235.jar;C:\Users\User-PC\.m2\repository\com\paulhammant\ngwebdriver\1.1.6\ngwebdriver-1.1.6.jar;C:\Users\User-PC\.m2\repository\joda-time\joda-time\2.12.2\joda-time-2.12.2.jar;C:\Users\User-PC\.m2\repository\org\hamcrest\hamcrest\2.2\hamcrest-2.2.jar;C:\Users\User-PC\.m2\repository\com\google\jimfs\jimfs\1.2\jimfs-1.2.jar;C:\Users\User-PC\.m2\repository\org\mockito\mockito-core\3.3.3\mockito-core-3.3.3.jar;C:\Users\User-PC\.m2\repository\javax\xml\bind\jaxb-api\2.3.1\jaxb-api-2.3.1.jar;C:\Users\User-PC\.m2\repository\javax\activation\javax.activation-api\1.2.0\javax.activation-api-1.2.0.jar;C:\Users\User-PC\.m2\repository\com\sun\xml\bind\jaxb-core\2.3.0.1\jaxb-core-2.3.0.1.jar;C:\Users\User-PC\.m2\repository\com\sun\xml\bind\jaxb-impl\2.3.3\jaxb-impl-2.3.3.jar;C:\Users\User-PC\.m2\repository\jakarta\xml\bind\jakarta.xml.bind-api\2.3.3\jakarta.xml.bind-api-2.3.3.jar;C:\Users\User-PC\.m2\repository\com\sun\activation\jakarta.activation\1.2.2\jakarta.activation-1.2.2.jar;C:\Users\User-PC\.m2\repository\javax\activation\activation\1.1.1\activation-1.1.1.jar;C:\Users\User-PC\.m2\repository\net\serenity-bdd\serenity-cucumber\3.6.21\serenity-cucumber-3.6.21.jar;C:\Users\User-PC\.m2\repository\io\cucumber\cucumber-core\7.11.0\cucumber-core-7.11.0.jar;C:\Users\User-PC\.m2\repository\io\cucumber\cucumber-gherkin\7.11.0\cucumber-gherkin-7.11.0.jar;C:\Users\User-PC\.m2\repository\io\cucumber\cucumber-gherkin-messages\7.11.0\cucumber-gherkin-messages-7.11.0.jar;C:\Users\User-PC\.m2\repository\io\cucumber\gherkin\26.0.3\gherkin-26.0.3.jar;C:\Users\User-PC\.m2\repository\io\cucumber\messages\21.0.1\messages-21.0.1.jar;C:\Users\User-PC\.m2\repository\io\cucumber\tag-expressions\5.0.1\tag-expressions-5.0.1.jar;C:\Users\User-PC\.m2\repository\io\cucumber\cucumber-expressions\16.1.1\cucumber-expressions-16.1.1.jar;C:\Users\User-PC\.m2\repository\io\cucumber\datatable\7.11.0\datatable-7.11.0.jar;C:\Users\User-PC\.m2\repository\io\cucumber\cucumber-plugin\7.11.0\cucumber-plugin-7.11.0.jar;C:\Users\User-PC\.m2\repository\io\cucumber\docstring\7.11.0\docstring-7.11.0.jar;C:\Users\User-PC\.m2\repository\io\cucumber\html-formatter\20.2.1\html-formatter-20.2.1.jar;C:\Users\User-PC\.m2\repository\io\cucumber\junit-xml-formatter\0.1.0\junit-xml-formatter-0.1.0.jar;C:\Users\User-PC\.m2\repository\io\cucumber\ci-environment\9.1.0\ci-environment-9.1.0.jar;C:\Users\User-PC\.m2\repository\io\cucumber\cucumber-java\7.11.0\cucumber-java-7.11.0.jar;C:\Users\User-PC\.m2\repository\io\cucumber\cucumber-junit\7.11.0\cucumber-junit-7.11.0.jar;C:\Users\User-PC\.m2\repository\org\apache\commons\commons-csv\1.5\commons-csv-1.5.jar;C:\Users\User-PC\.m2\repository\net\serenity-bdd\serenity-screenplay\3.6.21\serenity-screenplay-3.6.21.jar;C:\Users\User-PC\.m2\repository\net\serenity-bdd\serenity-screenplay-webdriver\3.6.21\serenity-screenplay-webdriver-3.6.21.jar;C:\Users\User-PC\.m2\repository\net\serenity-bdd\serenity-ensure\3.6.21\serenity-ensure-3.6.21.jar;C:\Users\User-PC\.m2\repository\net\serenity-bdd\serenity-junit\3.6.21\serenity-junit-3.6.21.jar;C:\Users\User-PC\.m2\repository\org\jetbrains\kotlin\kotlin-stdlib\1.8.10\kotlin-stdlib-1.8.10.jar;C:\Users\User-PC\.m2\repository\org\jetbrains\kotlin\kotlin-stdlib-common\1.8.10\kotlin-stdlib-common-1.8.10.jar;C:\Users\User-PC\.m2\repository\org\jetbrains\annotations\13.0\annotations-13.0.jar;C:\Users\User-PC\.m2\repository\org\junit\platform\junit-platform-launcher\1.8.2\junit-platform-launcher-1.8.2.jar;C:\Users\User-PC\.m2\repository\org\junit\platform\junit-platform-engine\1.8.2\junit-platform-engine-1.8.2.jar;C:\Users\User-PC\.m2\repository\org\opentest4j\opentest4j\1.2.0\opentest4j-1.2.0.jar;C:\Users\User-PC\.m2\repository\org\junit\platform\junit-platform-commons\1.8.2\junit-platform-commons-1.8.2.jar;C:\Users\User-PC\.m2\repository\org\apiguardian\apiguardian-api\1.1.2\apiguardian-api-1.1.2.jar;C:\Users\User-PC\.m2\repository\org\junit\jupiter\junit-jupiter-engine\5.8.2\junit-jupiter-engine-5.8.2.jar;C:\Users\User-PC\.m2\repository\org\junit\jupiter\junit-jupiter-api\5.8.2\junit-jupiter-api-5.8.2.jar;C:\Users\User-PC\.m2\repository\org\junit\vintage\junit-vintage-engine\5.8.2\junit-vintage-engine-5.8.2.jar;C:\Users\User-PC\.m2\repository\junit\junit\4.13.2\junit-4.13.2.jar;C:\Users\User-PC\.m2\repository\org\hamcrest\hamcrest-core\1.3\hamcrest-core-1.3.jar;C:\Users\User-PC\.m2\repository\ch\qos\logback\logback-classic\1.2.10\logback-classic-1.2.10.jar;C:\Users\User-PC\.m2\repository\ch\qos\logback\logback-core\1.2.10\logback-core-1.2.10.jar;C:\Users\User-PC\.m2\repository\org\slf4j\slf4j-api\1.7.32\slf4j-api-1.7.32.jar;C:\Users\User-PC\.m2\repository\org\assertj\assertj-core\3.23.1\assertj-core-3.23.1.jar;C:\Users\User-PC\.m2\repository\net\bytebuddy\byte-buddy\1.12.10\byte-buddy-1.12.10.jar;C:\Users\User-PC\.m2\repository\org\apache\maven\surefire\surefire-junit-platform\3.0.0-M5\surefire-junit-platform-3.0.0-M5.jar;C:\Users\User-PC\.m2\repository\org\apache\maven\surefire\common-java5\3.0.0-M5\common-java5-3.0.0-M5.jar"/>
    <property name="user.script" value=""/>
    <property name="java.protocol.handler.pkgs" value="com.google.common"/>
    <property name="sun.management.compiler" value="HotSpot 64-Bit Tiered Compilers"/>
    <property name="java.runtime.version" value="17.0.6+10-LTS"/>
    <property name="user.name" value="User-PC"/>
    <property name="path.separator" value=";"/>
    <property name="os.version" value="10.0"/>
    <property name="java.runtime.name" value="OpenJDK Runtime Environment"/>
    <property name="file.encoding" value="Cp1252"/>
    <property name="webdriver.base.url" value=""/>
    <property name="java.vm.name" value="OpenJDK 64-Bit Server VM"/>
    <property name="localRepository" value="C:\Users\User-PC\.m2\repository"/>
    <property name="java.vendor.url.bug" value="https://bell-sw.com/support"/>
    <property name="java.io.tmpdir" value="C:\Users\User-PC\AppData\Local\Temp\"/>
    <property name="java.version" value="17.0.6"/>
    <property name="user.dir" value="D:\alta\MiniProject"/>
    <property name="os.arch" value="amd64"/>
    <property name="java.vm.specification.name" value="Java Virtual Machine Specification"/>
    <property name="sun.os.patch.level" value=""/>
    <property name="native.encoding" value="Cp1252"/>
    <property name="java.library.path" value="C:\Program Files\BellSoft\LibericaJDK-17\bin;C:\WINDOWS\Sun\Java\bin;C:\WINDOWS\system32;C:\WINDOWS;C:\Program Files\BellSoft\LibericaJDK-17\bin\;C:\Windows\system32;C:\Windows;C:\Windows\System32\Wbem;C:\Windows\System32\WindowsPowerShell\v1.0\;C:\Windows\System32\OpenSSH\;C:\Program Files (x86)\NVIDIA Corporation\PhysX\Common;C:\Program Files\NVIDIA Corporation\NVIDIA NvDLISR;C:\Program Files\Microsoft SQL Server\120\Tools\Binn\;C:\WINDOWS\system32;C:\WINDOWS;C:\WINDOWS\System32\Wbem;C:\WINDOWS\System32\WindowsPowerShell\v1.0\;C:\WINDOWS\System32\OpenSSH\;C:\Program Files\Git\cmd;C:\Program Files\nodejs\;C:\Program Files\apache-maven-3.9.1\bin;C:\Users\User-PC\AppData\Local\Microsoft\WindowsApps;C:\Users\User-PC\AppData\Local\GitHubDesktop\bin;C:\Users\User-PC\AppData\Local\Programs\Microsoft VS Code\bin;C:\Users\User-PC\AppData\Roaming\npm;."/>
    <property name="java.vm.info" value="mixed mode"/>
    <property name="java.vendor" value="BellSoft"/>
    <property name="java.vm.version" value="17.0.6+10-LTS"/>
    <property name="sun.io.unicode.encoding" value="UnicodeLittle"/>
    <property name="java.class.version" value="61.0"/>
  </properties>
  <testcase name="As user i have be able to select category" classname="Category Product" time="20.073">
    <error type="org.openqa.selenium.NoSuchElementException"><![CDATA[org.openqa.selenium.NoSuchElementException: 
no such element: Unable to locate element: {"method":"xpath","selector":"//div[@class='v-alert__wrapper']"}
  (Session info: chrome=112.0.5615.138)
For documentation on this error, please visit: https://selenium.dev/exceptions/#no_such_element
Build info: version: '4.8.1', revision: '8ebccac989'
System info: os.name: 'Windows 11', os.arch: 'amd64', os.version: '10.0', java.version: '17.0.6'
Driver info: org.openqa.selenium.chrome.ChromeDriver
Command: [fce82fcc6f1c83d01989cb8847cff436, findElement {using=xpath, value=//div[@class='v-alert__wrapper']}]
Capabilities {acceptInsecureCerts: false, browserName: chrome, browserVersion: 112.0.5615.138, chrome: {chromedriverVersion: 111.0.5563.64 (c710e93d5b63..., userDataDir: C:\Users\User-PC\AppData\Lo...}, goog:chromeOptions: {debuggerAddress: localhost:58752}, networkConnectionEnabled: false, pageLoadStrategy: normal, platformName: WINDOWS, proxy: Proxy(), se:cdp: ws://localhost:58752/devtoo..., se:cdpVersion: 112.0.5615.138, setWindowRect: true, strictFileInteractability: false, timeouts: {implicit: 0, pageLoad: 300000, script: 30000}, unhandledPromptBehavior: dismiss and notify, webauthn:extension:credBlob: true, webauthn:extension:largeBlob: true, webauthn:extension:minPinLength: true, webauthn:extension:prf: true, webauthn:virtualAuthenticators: true}
Session ID: fce82fcc6f1c83d01989cb8847cff436
]]></error>
    <system-out><![CDATA[18:51:01.146 [main] DEBUG net.thucydides.core.guice.Injectors - Created injector for module net.thucydides.core.guice.ThucydidesModule
18:51:01.524 [main] DEBUG io.cucumber.core.plugin.SerenityReporter - Running feature from file:///D:/alta/MiniProject/src/test/resources/features/category.feature
18:51:01.769 [main] DEBUG net.thucydides.core.guice.Injectors - Created injector for module net.thucydides.core.guice.webdriver.WebDriverModule
18:51:01.801 [main] INFO  - 

-------------------------------------------------------------------------------------
     _______. _______ .______       _______ .__   __.  __  .___________.____    ____ 
    /       ||   ____||   _  \     |   ____||  \ |  | |  | |           |\   \  /   / 
   |   (----`|  |__   |  |_)  |    |  |__   |   \|  | |  | `---|  |----` \   \/   /  
    \   \    |   __|  |      /     |   __|  |  . `  | |  |     |  |       \_    _/   
.----)   |   |  |____ |  |\  \----.|  |____ |  |\   | |  |     |  |         |  |     
|_______/    |_______|| _| `._____||_______||__| \__| |__|     |__|         |__|    
                                                                                     
 News and tutorials at http://www.serenity-bdd.info                                  
 Documentation at https://wakaleo.gitbooks.io/the-serenity-book/content/             
 Join the Serenity Community on Gitter: https://gitter.im/serenity-bdd/serenity-core 
 Serenity BDD Support and Training at http://serenity-bdd.info/#/trainingandsupport  
-------------------------------------------------------------------------------------

18:51:01.806 [main] DEBUG net.thucydides.core.steps.StepEventBus - Test suite started for story net.thucydides.core.model.Story@11e7bee6
18:51:01.810 [main] INFO  - Test Suite Started: Category Product
18:51:01.831 [main] DEBUG io.cucumber.core.plugin.SerenityReporter - Running feature from file:///D:/alta/MiniProject/src/test/resources/features/detail.feature
18:51:01.836 [main] DEBUG net.thucydides.core.steps.StepEventBus - Test suite started for story net.thucydides.core.model.Story@9372c946
18:51:01.838 [main] INFO  - Test Suite Started: Detail Product
18:51:01.839 [main] DEBUG io.cucumber.core.plugin.SerenityReporter - Running feature from file:///D:/alta/MiniProject/src/test/resources/features/login.feature
18:51:01.847 [main] DEBUG net.thucydides.core.steps.StepEventBus - Test suite started for story net.thucydides.core.model.Story@f388ff28
18:51:01.852 [main] INFO  - Test Suite Started: Login
18:51:01.852 [main] DEBUG io.cucumber.core.plugin.SerenityReporter - Running feature from file:///D:/alta/MiniProject/src/test/resources/features/register.feature
18:51:01.861 [main] DEBUG net.thucydides.core.steps.StepEventBus - Test suite started for story net.thucydides.core.model.Story@63230c68
18:51:01.862 [main] INFO  - Test Suite Started: Register
18:51:01.863 [main] DEBUG io.cucumber.core.plugin.SerenityReporter - Running feature from file:///D:/alta/MiniProject/src/test/resources/features/transaction.feature
18:51:01.868 [main] DEBUG net.thucydides.core.steps.StepEventBus - Test suite started for story net.thucydides.core.model.Story@7a9928c8
18:51:01.869 [main] INFO  - Test Suite Started: Transaction
18:51:01.870 [main] DEBUG io.cucumber.core.plugin.SerenityReporter - Running feature from file:///D:/alta/MiniProject/src/test/resources/features/category.feature
18:51:01.874 [main] DEBUG net.thucydides.core.steps.StepEventBus - Test suite started for story net.thucydides.core.model.Story@11e7bee6
18:51:01.875 [main] INFO  - Test Suite Started: Category Product

@category
Scenario: As user i have be able to select category            &amp#27;[90m# src/test/resources/features/category.feature:7&amp#27;[0m
18:51:02.009 [main] DEBUG io.cucumber.core.plugin.SerenityReporter - Running feature from file:///D:/alta/MiniProject/src/test/resources/features/category.feature
18:51:02.164 [main] INFO  - 
  _____   ___   ___   _____     ___   _____     _     ___   _____   ___   ___  
 |_   _| | __| / __| |_   _|   / __| |_   _|   /_\   | _ \ |_   _| | __| |   \ 
   | |   | _|  \__ \   | |     \__ \   | |    / _ \  |   /   | |   | _|  | |) |
   |_|   |___| |___/   |_|     |___/   |_|   /_/ \_\ |_|_\   |_|   |___| |___/ 

As user i have be able to select category(category-product;as-user-i-have-be-able-to-select-category)
--------------------------------------------------------------------------------
18:51:02.253 [main] DEBUG net.thucydides.core.requirements.model.cucumber.CucumberParser - Loading feature D:\alta\MiniProject\src\test\resources\features\category.feature
18:51:02.273 [main] DEBUG net.thucydides.core.requirements.model.cucumber.CucumberParser - Loading feature D:\alta\MiniProject\src\test\resources\features\detail.feature
18:51:02.276 [main] DEBUG net.thucydides.core.requirements.model.cucumber.CucumberParser - Loading feature D:\alta\MiniProject\src\test\resources\features\login.feature
18:51:02.283 [main] DEBUG net.thucydides.core.requirements.model.cucumber.CucumberParser - Loading feature D:\alta\MiniProject\src\test\resources\features\register.feature
18:51:02.289 [main] DEBUG net.thucydides.core.requirements.model.cucumber.CucumberParser - Loading feature D:\alta\MiniProject\src\test\resources\features\transaction.feature
18:51:03.172 [main] INFO net.serenitybdd.core.webdriver.driverproviders.ChromeDriverProvider - Starting Chrome driver instance with capabilities:
18:51:03.175 [main] INFO net.serenitybdd.core.webdriver.driverproviders.ChromeDriverProvider - Capabilities {acceptInsecureCerts: false, browserName: chrome, goog:chromeOptions: {args: [remote-allow-origins=*], extensions: []}}
18:51:03.300 [main] DEBUG io.netty.util.internal.logging.InternalLoggerFactory - Using SLF4J as the default logging framework
18:51:03.305 [main] DEBUG io.netty.util.ResourceLeakDetector - -Dio.netty.leakDetection.level: simple
18:51:03.305 [main] DEBUG io.netty.util.ResourceLeakDetector - -Dio.netty.leakDetection.targetRecords: 4
18:51:03.311 [main] DEBUG io.netty.util.ResourceLeakDetectorFactory - Loaded default ResourceLeakDetector: io.netty.util.ResourceLeakDetector@67f946c3
18:51:03.333 [main] DEBUG io.netty.util.internal.PlatformDependent0 - -Dio.netty.noUnsafe: false
18:51:03.333 [main] DEBUG io.netty.util.internal.PlatformDependent0 - Java version: 17
18:51:03.334 [main] DEBUG io.netty.util.internal.PlatformDependent0 - sun.misc.Unsafe.theUnsafe: available
18:51:03.335 [main] DEBUG io.netty.util.internal.PlatformDependent0 - sun.misc.Unsafe.copyMemory: available
18:51:03.335 [main] DEBUG io.netty.util.internal.PlatformDependent0 - sun.misc.Unsafe.storeFence: available
18:51:03.336 [main] DEBUG io.netty.util.internal.PlatformDependent0 - java.nio.Buffer.address: available
18:51:03.336 [main] DEBUG io.netty.util.internal.PlatformDependent0 - direct buffer constructor: unavailable: Reflective setAccessible(true) disabled
18:51:03.337 [main] DEBUG io.netty.util.internal.PlatformDependent0 - java.nio.Bits.unaligned: available, true
18:51:03.339 [main] DEBUG io.netty.util.internal.PlatformDependent0 - jdk.internal.misc.Unsafe.allocateUninitializedArray(int): unavailable: class io.netty.util.internal.PlatformDependent0$7 cannot access class jdk.internal.misc.Unsafe (in module java.base) because module java.base does not export jdk.internal.misc to unnamed module @272ed83b
18:51:03.340 [main] DEBUG io.netty.util.internal.PlatformDependent0 - java.nio.DirectByteBuffer.<init>(long, int): unavailable
18:51:03.341 [main] DEBUG io.netty.util.internal.PlatformDependent - sun.misc.Unsafe: available
18:51:03.343 [main] DEBUG io.netty.util.internal.PlatformDependent - maxDirectMemory: 2067791872 bytes (maybe)
18:51:03.343 [main] DEBUG io.netty.util.internal.PlatformDependent - -Dio.netty.tmpdir: C:\Users\User-PC\AppData\Local\Temp (java.io.tmpdir)
18:51:03.344 [main] DEBUG io.netty.util.internal.PlatformDependent - -Dio.netty.bitMode: 64 (sun.arch.data.model)
18:51:03.344 [main] DEBUG io.netty.util.internal.PlatformDependent - Platform: Windows
18:51:03.345 [main] DEBUG io.netty.util.internal.PlatformDependent - -Dio.netty.maxDirectMemory: -1 bytes
18:51:03.345 [main] DEBUG io.netty.util.internal.PlatformDependent - -Dio.netty.uninitializedArrayAllocationThreshold: -1
18:51:03.346 [main] DEBUG io.netty.util.internal.CleanerJava9 - java.nio.ByteBuffer.cleaner(): available
18:51:03.346 [main] DEBUG io.netty.util.internal.PlatformDependent - -Dio.netty.noPreferDirect: false
18:51:03.355 [main] DEBUG io.netty.util.internal.PlatformDependent - org.jctools-core.MpscChunkedArrayQueue: available
18:51:03.380 [main] DEBUG io.netty.util.internal.InternalThreadLocalMap - -Dio.netty.threadLocalMap.stringBuilder.initialSize: 1024
18:51:03.380 [main] DEBUG io.netty.util.internal.InternalThreadLocalMap - -Dio.netty.threadLocalMap.stringBuilder.maxSize: 4096
18:51:03.628 [main] DEBUG io.netty.handler.ssl.JdkSslContext - Default protocols (JDK): [TLSv1.3, TLSv1.2] 
18:51:03.629 [main] DEBUG io.netty.handler.ssl.JdkSslContext - Default cipher suites (JDK): [TLS_ECDHE_ECDSA_WITH_AES_256_GCM_SHA384, TLS_ECDHE_ECDSA_WITH_AES_128_GCM_SHA256, TLS_ECDHE_RSA_WITH_AES_128_GCM_SHA256, TLS_ECDHE_RSA_WITH_AES_256_GCM_SHA384, TLS_ECDHE_RSA_WITH_AES_128_CBC_SHA, TLS_ECDHE_RSA_WITH_AES_256_CBC_SHA, TLS_RSA_WITH_AES_128_GCM_SHA256, TLS_RSA_WITH_AES_128_CBC_SHA, TLS_RSA_WITH_AES_256_CBC_SHA, TLS_AES_128_GCM_SHA256, TLS_AES_256_GCM_SHA384]
18:51:03.664 [main] DEBUG io.netty.channel.MultithreadEventLoopGroup - -Dio.netty.eventLoopThreads: 16
18:51:03.678 [main] DEBUG io.netty.channel.nio.NioEventLoop - -Dio.netty.noKeySetOptimization: false
18:51:03.678 [main] DEBUG io.netty.channel.nio.NioEventLoop - -Dio.netty.selectorAutoRebuildThreshold: 512
18:51:03.763 [main] DEBUG io.netty.buffer.PooledByteBufAllocator - -Dio.netty.allocator.numHeapArenas: 16
18:51:03.763 [main] DEBUG io.netty.buffer.PooledByteBufAllocator - -Dio.netty.allocator.numDirectArenas: 16
18:51:03.763 [main] DEBUG io.netty.buffer.PooledByteBufAllocator - -Dio.netty.allocator.pageSize: 8192
18:51:03.763 [main] DEBUG io.netty.buffer.PooledByteBufAllocator - -Dio.netty.allocator.maxOrder: 9
18:51:03.763 [main] DEBUG io.netty.buffer.PooledByteBufAllocator - -Dio.netty.allocator.chunkSize: 4194304
18:51:03.763 [main] DEBUG io.netty.buffer.PooledByteBufAllocator - -Dio.netty.allocator.smallCacheSize: 256
18:51:03.763 [main] DEBUG io.netty.buffer.PooledByteBufAllocator - -Dio.netty.allocator.normalCacheSize: 64
18:51:03.763 [main] DEBUG io.netty.buffer.PooledByteBufAllocator - -Dio.netty.allocator.maxCachedBufferCapacity: 32768
18:51:03.763 [main] DEBUG io.netty.buffer.PooledByteBufAllocator - -Dio.netty.allocator.cacheTrimInterval: 8192
18:51:03.763 [main] DEBUG io.netty.buffer.PooledByteBufAllocator - -Dio.netty.allocator.cacheTrimIntervalMillis: 0
18:51:03.763 [main] DEBUG io.netty.buffer.PooledByteBufAllocator - -Dio.netty.allocator.useCacheForAllThreads: false
18:51:03.763 [main] DEBUG io.netty.buffer.PooledByteBufAllocator - -Dio.netty.allocator.maxCachedByteBuffersPerChunk: 1023
18:51:03.776 [main] DEBUG io.netty.buffer.ByteBufUtil - -Dio.netty.allocator.type: pooled
18:51:03.776 [main] DEBUG io.netty.buffer.ByteBufUtil - -Dio.netty.threadLocalDirectBufferSize: 0
18:51:03.776 [main] DEBUG io.netty.buffer.ByteBufUtil - -Dio.netty.maxThreadLocalCharBufferSize: 16384
18:51:04.155 [Forwarding newSession on session null to remote] DEBUG io.netty.channel.DefaultChannelId - -Dio.netty.processId: 18960 (auto-detected)
18:51:04.157 [Forwarding newSession on session null to remote] DEBUG io.netty.util.NetUtil - -Djava.net.preferIPv4Stack: false
18:51:04.157 [Forwarding newSession on session null to remote] DEBUG io.netty.util.NetUtil - -Djava.net.preferIPv6Addresses: false
18:51:04.167 [Forwarding newSession on session null to remote] DEBUG io.netty.util.NetUtilInitializations - Loopback interface: lo (Software Loopback Interface 1, 127.0.0.1)
18:51:04.168 [Forwarding newSession on session null to remote] DEBUG io.netty.util.NetUtil - Failed to get SOMAXCONN from sysctl and file \proc\sys\net\core\somaxconn. Default: 200
18:51:04.187 [Forwarding newSession on session null to remote] DEBUG io.netty.channel.DefaultChannelId - -Dio.netty.machineId: 28:11:a8:ff:fe:eb:e6:5f (auto-detected)
18:51:04.245 [AsyncHttpClient-1-2] DEBUG io.netty.buffer.AbstractByteBuf - -Dio.netty.buffer.checkAccessible: true
18:51:04.245 [AsyncHttpClient-1-2] DEBUG io.netty.buffer.AbstractByteBuf - -Dio.netty.buffer.checkBounds: true
18:51:04.245 [AsyncHttpClient-1-2] DEBUG io.netty.util.ResourceLeakDetectorFactory - Loaded default ResourceLeakDetector: io.netty.util.ResourceLeakDetector@b77045f
18:51:04.256 [AsyncHttpClient-1-2] DEBUG org.asynchttpclient.netty.channel.NettyConnectListener - Using new Channel '[id: 0x64c5c731, L:/127.0.0.1:58750 - R:localhost/127.0.0.1:21457]' for 'POST' to '/session'
18:51:04.270 [AsyncHttpClient-1-2] DEBUG io.netty.util.Recycler - -Dio.netty.recycler.maxCapacityPerThread: 4096
18:51:04.270 [AsyncHttpClient-1-2] DEBUG io.netty.util.Recycler - -Dio.netty.recycler.ratio: 8
18:51:04.270 [AsyncHttpClient-1-2] DEBUG io.netty.util.Recycler - -Dio.netty.recycler.chunkSize: 32
18:51:04.270 [AsyncHttpClient-1-2] DEBUG io.netty.util.Recycler - -Dio.netty.recycler.blocking: false
18:51:05.785 [AsyncHttpClient-1-2] DEBUG io.netty.handler.codec.compression.Brotli - brotli4j not in the classpath; Brotli support will be unavailable.
18:51:05.785 [AsyncHttpClient-1-2] DEBUG org.asynchttpclient.netty.handler.HttpHandler - 

Request DefaultHttpRequest(decodeResult: success, version: HTTP/1.1)
POST /session HTTP/1.1
User-Agent: selenium/4.8.1 (java windows)
Content-Length: 507
Content-Type: application/json; charset=utf-8
host: localhost:21457
accept: */*

Response DefaultHttpResponse(decodeResult: success, version: HTTP/1.1)
HTTP/1.1 200 OK
Content-Length: 861
Content-Type: application/json; charset=utf-8
cache-control: no-cache

18:51:05.798 [AsyncHttpClient-1-2] DEBUG org.asynchttpclient.netty.channel.ChannelManager - Adding key: http://localhost:21457 for channel [id: 0x64c5c731, L:/127.0.0.1:58750 - R:localhost/127.0.0.1:21457]
18:51:05.941 [AsyncHttpClient-1-3] DEBUG org.asynchttpclient.netty.channel.NettyConnectListener - Using new Channel '[id: 0xa0a43fc3, L:/127.0.0.1:58760 - R:localhost/127.0.0.1:58752]' for 'GET' to '/json/version'
18:51:05.947 [AsyncHttpClient-1-3] DEBUG org.asynchttpclient.netty.handler.HttpHandler - 

Request DefaultFullHttpRequest(decodeResult: success, version: HTTP/1.1, content: EmptyByteBufBE)
GET /json/version HTTP/1.1
User-Agent: selenium/4.8.1 (java windows)
host: localhost:58752
accept: */*

Response DefaultHttpResponse(decodeResult: success, version: HTTP/1.1)
HTTP/1.1 200 OK
Content-Security-Policy: frame-ancestors 'none'
Content-Length: 424
Content-Type: application/json; charset=UTF-8

18:51:05.947 [AsyncHttpClient-1-3] DEBUG org.asynchttpclient.netty.channel.ChannelManager - Adding key: http://localhost:58752 for channel [id: 0xa0a43fc3, L:/127.0.0.1:58760 - R:localhost/127.0.0.1:58752]
18:51:05.960 [main] DEBUG io.netty.util.internal.ThreadLocalRandom - -Dio.netty.initialSeedUniquifier: 0xba4235a765db508f
18:51:05.964 [AsyncHttpClient-1-4] DEBUG org.asynchttpclient.netty.channel.NettyConnectListener - Using new Channel '[id: 0xddc33a6a, L:/127.0.0.1:58761 - R:localhost/127.0.0.1:58752]' for 'GET' to '/devtools/browser/1ce25b36-d751-4a77-8a01-038c6ce03757'
18:51:05.969 [AsyncHttpClient-1-4] DEBUG org.asynchttpclient.netty.handler.WebSocketHandler - 

Request DefaultFullHttpRequest(decodeResult: success, version: HTTP/1.1, content: EmptyByteBufBE)
GET /devtools/browser/1ce25b36-d751-4a77-8a01-038c6ce03757 HTTP/1.1
upgrade: websocket
connection: upgrade
sec-websocket-key: dVedvKrC+Cbot5dYBGKCnQ==
sec-websocket-version: 13
origin: http://localhost:58752
host: localhost:58752
accept: */*
user-agent: AHC/2.1

Response DefaultHttpResponse(decodeResult: success, version: HTTP/1.1)
HTTP/1.1 101 WebSocket Protocol Handshake
Upgrade: WebSocket
Connection: Upgrade
Sec-WebSocket-Accept: xZZ2XNT+6J5qWv3Fn/qv8kdDyG4=

18:51:06.134 [Forwarding get on session fce82fcc6f1c83d01989cb8847cff436 to remote] DEBUG org.asynchttpclient.netty.request.NettyRequestSender - Using pooled Channel '[id: 0x64c5c731, L:/127.0.0.1:58750 - R:localhost/127.0.0.1:21457]' for 'POST' to 'http://localhost:21457/session/fce82fcc6f1c83d01989cb8847cff436/url'
18:51:06.134 [Forwarding get on session fce82fcc6f1c83d01989cb8847cff436 to remote] DEBUG org.asynchttpclient.netty.request.NettyRequestSender - Using open Channel [id: 0x64c5c731, L:/127.0.0.1:58750 - R:localhost/127.0.0.1:21457] for POST '/session/fce82fcc6f1c83d01989cb8847cff436/url'
18:51:06.865 [AsyncHttpClient-1-1] DEBUG org.asynchttpclient.netty.channel.DefaultChannelPool - Entry count for : http://localhost:58752 : 1
18:51:07.968 [AsyncHttpClient-1-1] DEBUG org.asynchttpclient.netty.channel.DefaultChannelPool - Entry count for : http://localhost:58752 : 1
18:51:08.845 [AsyncHttpClient-1-2] DEBUG org.asynchttpclient.netty.handler.HttpHandler - 

Request DefaultHttpRequest(decodeResult: success, version: HTTP/1.1)
POST /session/fce82fcc6f1c83d01989cb8847cff436/url HTTP/1.1
User-Agent: selenium/4.8.1 (java windows)
Content-Length: 53
Content-Type: application/json; charset=utf-8
host: localhost:21457
accept: */*

Response DefaultHttpResponse(decodeResult: success, version: HTTP/1.1)
HTTP/1.1 200 OK
Content-Length: 14
Content-Type: application/json; charset=utf-8
cache-control: no-cache

18:51:08.845 [AsyncHttpClient-1-2] DEBUG org.asynchttpclient.netty.channel.ChannelManager - Adding key: http://localhost:21457 for channel [id: 0x64c5c731, L:/127.0.0.1:58750 - R:localhost/127.0.0.1:21457]
18:51:08.856 [Forwarding setTimeout on session fce82fcc6f1c83d01989cb8847cff436 to remote] DEBUG org.asynchttpclient.netty.request.NettyRequestSender - Using pooled Channel '[id: 0x64c5c731, L:/127.0.0.1:58750 - R:localhost/127.0.0.1:21457]' for 'POST' to 'http://localhost:21457/session/fce82fcc6f1c83d01989cb8847cff436/timeouts'
18:51:08.856 [Forwarding setTimeout on session fce82fcc6f1c83d01989cb8847cff436 to remote] DEBUG org.asynchttpclient.netty.request.NettyRequestSender - Using open Channel [id: 0x64c5c731, L:/127.0.0.1:58750 - R:localhost/127.0.0.1:21457] for POST '/session/fce82fcc6f1c83d01989cb8847cff436/timeouts'
18:51:08.860 [AsyncHttpClient-1-2] DEBUG org.asynchttpclient.netty.handler.HttpHandler - 

Request DefaultHttpRequest(decodeResult: success, version: HTTP/1.1)
POST /session/fce82fcc6f1c83d01989cb8847cff436/timeouts HTTP/1.1
User-Agent: selenium/4.8.1 (java windows)
Content-Length: 22
Content-Type: application/json; charset=utf-8
host: localhost:21457
accept: */*

Response DefaultHttpResponse(decodeResult: success, version: HTTP/1.1)
HTTP/1.1 200 OK
Content-Length: 14
Content-Type: application/json; charset=utf-8
cache-control: no-cache

18:51:08.861 [AsyncHttpClient-1-2] DEBUG org.asynchttpclient.netty.channel.ChannelManager - Adding key: http://localhost:21457 for channel [id: 0x64c5c731, L:/127.0.0.1:58750 - R:localhost/127.0.0.1:21457]
  &amp#27;[32mGiven &amp#27;[0m&amp#27;[32mI am on the home page1&amp#27;[0m                                 &amp#27;[90m# starter.stepdefinitions.CategorySteps.goToHomePage()&amp#27;[0m
18:51:08.944 [main] DEBUG net.serenitybdd.core.photography.Darkroom - Opening darkroom
18:51:08.951 [Darkroom Processing Line] DEBUG net.serenitybdd.core.photography.DarkroomProcessingLine - Darkroom processing line starting up
18:51:08.989 [Forwarding getAlertText on session fce82fcc6f1c83d01989cb8847cff436 to remote] DEBUG org.asynchttpclient.netty.request.NettyRequestSender - Using pooled Channel '[id: 0x64c5c731, L:/127.0.0.1:58750 - R:localhost/127.0.0.1:21457]' for 'GET' to 'http://localhost:21457/session/fce82fcc6f1c83d01989cb8847cff436/alert/text'
18:51:08.989 [Forwarding getAlertText on session fce82fcc6f1c83d01989cb8847cff436 to remote] DEBUG org.asynchttpclient.netty.request.NettyRequestSender - Using open Channel [id: 0x64c5c731, L:/127.0.0.1:58750 - R:localhost/127.0.0.1:21457] for GET '/session/fce82fcc6f1c83d01989cb8847cff436/alert/text'
18:51:08.995 [AsyncHttpClient-1-2] DEBUG org.asynchttpclient.netty.handler.HttpHandler - 

Request DefaultFullHttpRequest(decodeResult: success, version: HTTP/1.1, content: EmptyByteBufBE)
GET /session/fce82fcc6f1c83d01989cb8847cff436/alert/text HTTP/1.1
User-Agent: selenium/4.8.1 (java windows)
Cache-Control: no-cache
Content-Type: application/json; charset=utf-8
host: localhost:21457
accept: */*

Response DefaultHttpResponse(decodeResult: success, version: HTTP/1.1)
HTTP/1.1 404 Not Found
Content-Length: 809
Content-Type: application/json; charset=utf-8
cache-control: no-cache

18:51:08.997 [AsyncHttpClient-1-2] DEBUG org.asynchttpclient.netty.channel.ChannelManager - Adding key: http://localhost:21457 for channel [id: 0x64c5c731, L:/127.0.0.1:58750 - R:localhost/127.0.0.1:21457]
18:51:09.024 [Forwarding getCurrentUrl on session fce82fcc6f1c83d01989cb8847cff436 to remote] DEBUG org.asynchttpclient.netty.request.NettyRequestSender - Using pooled Channel '[id: 0x64c5c731, L:/127.0.0.1:58750 - R:localhost/127.0.0.1:21457]' for 'GET' to 'http://localhost:21457/session/fce82fcc6f1c83d01989cb8847cff436/url'
18:51:09.025 [Forwarding getCurrentUrl on session fce82fcc6f1c83d01989cb8847cff436 to remote] DEBUG org.asynchttpclient.netty.request.NettyRequestSender - Using open Channel [id: 0x64c5c731, L:/127.0.0.1:58750 - R:localhost/127.0.0.1:21457] for GET '/session/fce82fcc6f1c83d01989cb8847cff436/url'
18:51:09.067 [AsyncHttpClient-1-1] DEBUG org.asynchttpclient.netty.channel.DefaultChannelPool - Entry count for : http://localhost:58752 : 1
18:51:10.162 [AsyncHttpClient-1-1] DEBUG org.asynchttpclient.netty.channel.DefaultChannelPool - Entry count for : http://localhost:58752 : 1
18:51:11.267 [AsyncHttpClient-1-1] DEBUG org.asynchttpclient.netty.channel.DefaultChannelPool - Entry count for : http://localhost:58752 : 1
18:51:12.363 [AsyncHttpClient-1-1] DEBUG org.asynchttpclient.netty.channel.DefaultChannelPool - Entry count for : http://localhost:58752 : 1
18:51:12.771 [AsyncHttpClient-1-2] DEBUG org.asynchttpclient.netty.handler.HttpHandler - 

Request DefaultFullHttpRequest(decodeResult: success, version: HTTP/1.1, content: EmptyByteBufBE)
GET /session/fce82fcc6f1c83d01989cb8847cff436/url HTTP/1.1
User-Agent: selenium/4.8.1 (java windows)
Cache-Control: no-cache
Content-Type: application/json; charset=utf-8
host: localhost:21457
accept: */*

Response DefaultHttpResponse(decodeResult: success, version: HTTP/1.1)
HTTP/1.1 200 OK
Content-Length: 41
Content-Type: application/json; charset=utf-8
cache-control: no-cache

18:51:12.774 [AsyncHttpClient-1-2] DEBUG org.asynchttpclient.netty.channel.ChannelManager - Adding key: http://localhost:21457 for channel [id: 0x64c5c731, L:/127.0.0.1:58750 - R:localhost/127.0.0.1:21457]
18:51:12.791 [Forwarding screenshot on session fce82fcc6f1c83d01989cb8847cff436 to remote] DEBUG org.asynchttpclient.netty.request.NettyRequestSender - Using pooled Channel '[id: 0x64c5c731, L:/127.0.0.1:58750 - R:localhost/127.0.0.1:21457]' for 'GET' to 'http://localhost:21457/session/fce82fcc6f1c83d01989cb8847cff436/screenshot'
18:51:12.791 [Forwarding screenshot on session fce82fcc6f1c83d01989cb8847cff436 to remote] DEBUG org.asynchttpclient.netty.request.NettyRequestSender - Using open Channel [id: 0x64c5c731, L:/127.0.0.1:58750 - R:localhost/127.0.0.1:21457] for GET '/session/fce82fcc6f1c83d01989cb8847cff436/screenshot'
18:51:13.030 [AsyncHttpClient-1-2] DEBUG org.asynchttpclient.netty.handler.HttpHandler - 

Request DefaultFullHttpRequest(decodeResult: success, version: HTTP/1.1, content: EmptyByteBufBE)
GET /session/fce82fcc6f1c83d01989cb8847cff436/screenshot HTTP/1.1
User-Agent: selenium/4.8.1 (java windows)
Cache-Control: no-cache
Content-Type: application/json; charset=utf-8
host: localhost:21457
accept: */*

Response DefaultHttpResponse(decodeResult: success, version: HTTP/1.1)
HTTP/1.1 200 OK
Content-Length: 89532
Content-Type: application/json; charset=utf-8
cache-control: no-cache

18:51:13.035 [AsyncHttpClient-1-2] DEBUG org.asynchttpclient.netty.channel.ChannelManager - Adding key: http://localhost:21457 for channel [id: 0x64c5c731, L:/127.0.0.1:58750 - R:localhost/127.0.0.1:21457]
18:51:13.280 [main] DEBUG net.serenitybdd.core.photography.Darkroom - Send negative for processing for target\site\serenity\4735d7e6eac18c30f16414d2c2ec743afbe5b44a248a461a45db3666ebaa8755.png
18:51:13.281 [Darkroom Processing Line] DEBUG net.serenitybdd.core.photography.DarkroomProcessingLine - Processing screenshot image in /var/screenshots/screenshot-4494569170196283290
18:51:13.282 [Darkroom Processing Line] DEBUG net.serenitybdd.core.photography.DarkroomProcessingLine - Saving screenshot to target\site\serenity\4735d7e6eac18c30f16414d2c2ec743afbe5b44a248a461a45db3666ebaa8755.png
18:51:13.323 [Forwarding getPageSource on session fce82fcc6f1c83d01989cb8847cff436 to remote] DEBUG org.asynchttpclient.netty.request.NettyRequestSender - Using pooled Channel '[id: 0x64c5c731, L:/127.0.0.1:58750 - R:localhost/127.0.0.1:21457]' for 'POST' to 'http://localhost:21457/session/fce82fcc6f1c83d01989cb8847cff436/execute/sync'
18:51:13.323 [Forwarding getPageSource on session fce82fcc6f1c83d01989cb8847cff436 to remote] DEBUG org.asynchttpclient.netty.request.NettyRequestSender - Using open Channel [id: 0x64c5c731, L:/127.0.0.1:58750 - R:localhost/127.0.0.1:21457] for POST '/session/fce82fcc6f1c83d01989cb8847cff436/execute/sync'
18:51:13.446 [AsyncHttpClient-1-2] DEBUG org.asynchttpclient.netty.handler.HttpHandler - 

Request DefaultHttpRequest(decodeResult: success, version: HTTP/1.1)
POST /session/fce82fcc6f1c83d01989cb8847cff436/execute/sync HTTP/1.1
User-Agent: selenium/4.8.1 (java windows)
Content-Length: 176
Content-Type: application/json; charset=utf-8
host: localhost:21457
accept: */*

Response DefaultHttpResponse(decodeResult: success, version: HTTP/1.1)
HTTP/1.1 200 OK
Content-Length: 744185
Content-Type: application/json; charset=utf-8
cache-control: no-cache

18:51:13.457 [AsyncHttpClient-1-2] DEBUG org.asynchttpclient.netty.channel.ChannelManager - Adding key: http://localhost:21457 for channel [id: 0x64c5c731, L:/127.0.0.1:58750 - R:localhost/127.0.0.1:21457]
18:51:13.481 [AsyncHttpClient-1-1] DEBUG org.asynchttpclient.netty.channel.DefaultChannelPool - Entry count for : http://localhost:21457 : 1
18:51:13.481 [AsyncHttpClient-1-1] DEBUG org.asynchttpclient.netty.channel.DefaultChannelPool - Entry count for : http://localhost:58752 : 1
18:51:14.283 [Forwarding getCurrentUrl on session fce82fcc6f1c83d01989cb8847cff436 to remote] DEBUG org.asynchttpclient.netty.request.NettyRequestSender - Using pooled Channel '[id: 0x64c5c731, L:/127.0.0.1:58750 - R:localhost/127.0.0.1:21457]' for 'GET' to 'http://localhost:21457/session/fce82fcc6f1c83d01989cb8847cff436/url'
18:51:14.299 [Forwarding getCurrentUrl on session fce82fcc6f1c83d01989cb8847cff436 to remote] DEBUG org.asynchttpclient.netty.request.NettyRequestSender - Using open Channel [id: 0x64c5c731, L:/127.0.0.1:58750 - R:localhost/127.0.0.1:21457] for GET '/session/fce82fcc6f1c83d01989cb8847cff436/url'
18:51:14.319 [AsyncHttpClient-1-2] DEBUG org.asynchttpclient.netty.handler.HttpHandler - 

Request DefaultFullHttpRequest(decodeResult: success, version: HTTP/1.1, content: EmptyByteBufBE)
GET /session/fce82fcc6f1c83d01989cb8847cff436/url HTTP/1.1
User-Agent: selenium/4.8.1 (java windows)
Cache-Control: no-cache
Content-Type: application/json; charset=utf-8
host: localhost:21457
accept: */*

Response DefaultHttpResponse(decodeResult: success, version: HTTP/1.1)
HTTP/1.1 200 OK
Content-Length: 41
Content-Type: application/json; charset=utf-8
cache-control: no-cache

18:51:14.319 [AsyncHttpClient-1-2] DEBUG org.asynchttpclient.netty.channel.ChannelManager - Adding key: http://localhost:21457 for channel [id: 0x64c5c731, L:/127.0.0.1:58750 - R:localhost/127.0.0.1:21457]
18:51:14.382 [Forwarding getAlertText on session fce82fcc6f1c83d01989cb8847cff436 to remote] DEBUG org.asynchttpclient.netty.request.NettyRequestSender - Using pooled Channel '[id: 0x64c5c731, L:/127.0.0.1:58750 - R:localhost/127.0.0.1:21457]' for 'GET' to 'http://localhost:21457/session/fce82fcc6f1c83d01989cb8847cff436/alert/text'
18:51:14.383 [Forwarding getAlertText on session fce82fcc6f1c83d01989cb8847cff436 to remote] DEBUG org.asynchttpclient.netty.request.NettyRequestSender - Using open Channel [id: 0x64c5c731, L:/127.0.0.1:58750 - R:localhost/127.0.0.1:21457] for GET '/session/fce82fcc6f1c83d01989cb8847cff436/alert/text'
18:51:14.388 [AsyncHttpClient-1-2] DEBUG org.asynchttpclient.netty.handler.HttpHandler - 

Request DefaultFullHttpRequest(decodeResult: success, version: HTTP/1.1, content: EmptyByteBufBE)
GET /session/fce82fcc6f1c83d01989cb8847cff436/alert/text HTTP/1.1
User-Agent: selenium/4.8.1 (java windows)
Cache-Control: no-cache
Content-Type: application/json; charset=utf-8
host: localhost:21457
accept: */*

Response DefaultHttpResponse(decodeResult: success, version: HTTP/1.1)
HTTP/1.1 404 Not Found
Content-Length: 809
Content-Type: application/json; charset=utf-8
cache-control: no-cache

18:51:14.389 [AsyncHttpClient-1-2] DEBUG org.asynchttpclient.netty.channel.ChannelManager - Adding key: http://localhost:21457 for channel [id: 0x64c5c731, L:/127.0.0.1:58750 - R:localhost/127.0.0.1:21457]
18:51:14.397 [Forwarding getCurrentUrl on session fce82fcc6f1c83d01989cb8847cff436 to remote] DEBUG org.asynchttpclient.netty.request.NettyRequestSender - Using pooled Channel '[id: 0x64c5c731, L:/127.0.0.1:58750 - R:localhost/127.0.0.1:21457]' for 'GET' to 'http://localhost:21457/session/fce82fcc6f1c83d01989cb8847cff436/url'
18:51:14.397 [Forwarding getCurrentUrl on session fce82fcc6f1c83d01989cb8847cff436 to remote] DEBUG org.asynchttpclient.netty.request.NettyRequestSender - Using open Channel [id: 0x64c5c731, L:/127.0.0.1:58750 - R:localhost/127.0.0.1:21457] for GET '/session/fce82fcc6f1c83d01989cb8847cff436/url'
18:51:14.406 [AsyncHttpClient-1-2] DEBUG org.asynchttpclient.netty.handler.HttpHandler - 

Request DefaultFullHttpRequest(decodeResult: success, version: HTTP/1.1, content: EmptyByteBufBE)
GET /session/fce82fcc6f1c83d01989cb8847cff436/url HTTP/1.1
User-Agent: selenium/4.8.1 (java windows)
Cache-Control: no-cache
Content-Type: application/json; charset=utf-8
host: localhost:21457
accept: */*

Response DefaultHttpResponse(decodeResult: success, version: HTTP/1.1)
HTTP/1.1 200 OK
Content-Length: 41
Content-Type: application/json; charset=utf-8
cache-control: no-cache

18:51:14.406 [AsyncHttpClient-1-2] DEBUG org.asynchttpclient.netty.channel.ChannelManager - Adding key: http://localhost:21457 for channel [id: 0x64c5c731, L:/127.0.0.1:58750 - R:localhost/127.0.0.1:21457]
18:51:14.410 [Forwarding screenshot on session fce82fcc6f1c83d01989cb8847cff436 to remote] DEBUG org.asynchttpclient.netty.request.NettyRequestSender - Using pooled Channel '[id: 0x64c5c731, L:/127.0.0.1:58750 - R:localhost/127.0.0.1:21457]' for 'GET' to 'http://localhost:21457/session/fce82fcc6f1c83d01989cb8847cff436/screenshot'
18:51:14.411 [Forwarding screenshot on session fce82fcc6f1c83d01989cb8847cff436 to remote] DEBUG org.asynchttpclient.netty.request.NettyRequestSender - Using open Channel [id: 0x64c5c731, L:/127.0.0.1:58750 - R:localhost/127.0.0.1:21457] for GET '/session/fce82fcc6f1c83d01989cb8847cff436/screenshot'
18:51:14.567 [AsyncHttpClient-1-1] DEBUG org.asynchttpclient.netty.channel.DefaultChannelPool - Entry count for : http://localhost:58752 : 1
18:51:14.629 [AsyncHttpClient-1-2] DEBUG org.asynchttpclient.netty.handler.HttpHandler - 

Request DefaultFullHttpRequest(decodeResult: success, version: HTTP/1.1, content: EmptyByteBufBE)
GET /session/fce82fcc6f1c83d01989cb8847cff436/screenshot HTTP/1.1
User-Agent: selenium/4.8.1 (java windows)
Cache-Control: no-cache
Content-Type: application/json; charset=utf-8
host: localhost:21457
accept: */*

Response DefaultHttpResponse(decodeResult: success, version: HTTP/1.1)
HTTP/1.1 200 OK
Content-Length: 89532
Content-Type: application/json; charset=utf-8
cache-control: no-cache

18:51:14.632 [AsyncHttpClient-1-2] DEBUG org.asynchttpclient.netty.channel.ChannelManager - Adding key: http://localhost:21457 for channel [id: 0x64c5c731, L:/127.0.0.1:58750 - R:localhost/127.0.0.1:21457]
18:51:14.642 [main] DEBUG net.serenitybdd.core.photography.Darkroom - Send negative for processing for target\site\serenity\4735d7e6eac18c30f16414d2c2ec743afbe5b44a248a461a45db3666ebaa8755.png
18:51:14.646 [Forwarding getPageSource on session fce82fcc6f1c83d01989cb8847cff436 to remote] DEBUG org.asynchttpclient.netty.request.NettyRequestSender - Using pooled Channel '[id: 0x64c5c731, L:/127.0.0.1:58750 - R:localhost/127.0.0.1:21457]' for 'POST' to 'http://localhost:21457/session/fce82fcc6f1c83d01989cb8847cff436/execute/sync'
18:51:14.646 [Forwarding getPageSource on session fce82fcc6f1c83d01989cb8847cff436 to remote] DEBUG org.asynchttpclient.netty.request.NettyRequestSender - Using open Channel [id: 0x64c5c731, L:/127.0.0.1:58750 - R:localhost/127.0.0.1:21457] for POST '/session/fce82fcc6f1c83d01989cb8847cff436/execute/sync'
18:51:14.738 [AsyncHttpClient-1-2] DEBUG org.asynchttpclient.netty.handler.HttpHandler - 

Request DefaultHttpRequest(decodeResult: success, version: HTTP/1.1)
POST /session/fce82fcc6f1c83d01989cb8847cff436/execute/sync HTTP/1.1
User-Agent: selenium/4.8.1 (java windows)
Content-Length: 176
Content-Type: application/json; charset=utf-8
host: localhost:21457
accept: */*

Response DefaultHttpResponse(decodeResult: success, version: HTTP/1.1)
HTTP/1.1 200 OK
Content-Length: 744185
Content-Type: application/json; charset=utf-8
cache-control: no-cache

18:51:14.746 [AsyncHttpClient-1-2] DEBUG org.asynchttpclient.netty.channel.ChannelManager - Adding key: http://localhost:21457 for channel [id: 0x64c5c731, L:/127.0.0.1:58750 - R:localhost/127.0.0.1:21457]
18:51:14.984 [Forwarding getCurrentUrl on session fce82fcc6f1c83d01989cb8847cff436 to remote] DEBUG org.asynchttpclient.netty.request.NettyRequestSender - Using pooled Channel '[id: 0x64c5c731, L:/127.0.0.1:58750 - R:localhost/127.0.0.1:21457]' for 'GET' to 'http://localhost:21457/session/fce82fcc6f1c83d01989cb8847cff436/url'
18:51:14.984 [Forwarding getCurrentUrl on session fce82fcc6f1c83d01989cb8847cff436 to remote] DEBUG org.asynchttpclient.netty.request.NettyRequestSender - Using open Channel [id: 0x64c5c731, L:/127.0.0.1:58750 - R:localhost/127.0.0.1:21457] for GET '/session/fce82fcc6f1c83d01989cb8847cff436/url'
18:51:14.993 [AsyncHttpClient-1-2] DEBUG org.asynchttpclient.netty.handler.HttpHandler - 

Request DefaultFullHttpRequest(decodeResult: success, version: HTTP/1.1, content: EmptyByteBufBE)
GET /session/fce82fcc6f1c83d01989cb8847cff436/url HTTP/1.1
User-Agent: selenium/4.8.1 (java windows)
Cache-Control: no-cache
Content-Type: application/json; charset=utf-8
host: localhost:21457
accept: */*

Response DefaultHttpResponse(decodeResult: success, version: HTTP/1.1)
HTTP/1.1 200 OK
Content-Length: 41
Content-Type: application/json; charset=utf-8
cache-control: no-cache

18:51:14.994 [AsyncHttpClient-1-2] DEBUG org.asynchttpclient.netty.channel.ChannelManager - Adding key: http://localhost:21457 for channel [id: 0x64c5c731, L:/127.0.0.1:58750 - R:localhost/127.0.0.1:21457]
18:51:15.006 [main] DEBUG net.thucydides.core.steps.StepInterceptor - STARTING STEP: CategorySteps.clickSelectCategoryButton - ClickSelectCategoryButton
18:51:15.057 [Forwarding findElement on session fce82fcc6f1c83d01989cb8847cff436 to remote] DEBUG org.asynchttpclient.netty.request.NettyRequestSender - Using pooled Channel '[id: 0x64c5c731, L:/127.0.0.1:58750 - R:localhost/127.0.0.1:21457]' for 'POST' to 'http://localhost:21457/session/fce82fcc6f1c83d01989cb8847cff436/element'
18:51:15.058 [Forwarding findElement on session fce82fcc6f1c83d01989cb8847cff436 to remote] DEBUG org.asynchttpclient.netty.request.NettyRequestSender - Using open Channel [id: 0x64c5c731, L:/127.0.0.1:58750 - R:localhost/127.0.0.1:21457] for POST '/session/fce82fcc6f1c83d01989cb8847cff436/element'
18:51:15.152 [AsyncHttpClient-1-2] DEBUG org.asynchttpclient.netty.handler.HttpHandler - 

Request DefaultHttpRequest(decodeResult: success, version: HTTP/1.1)
POST /session/fce82fcc6f1c83d01989cb8847cff436/element HTTP/1.1
User-Agent: selenium/4.8.1 (java windows)
Content-Length: 76
Content-Type: application/json; charset=utf-8
host: localhost:21457
accept: */*

Response DefaultHttpResponse(decodeResult: success, version: HTTP/1.1)
HTTP/1.1 200 OK
Content-Length: 88
Content-Type: application/json; charset=utf-8
cache-control: no-cache

18:51:15.152 [AsyncHttpClient-1-2] DEBUG org.asynchttpclient.netty.channel.ChannelManager - Adding key: http://localhost:21457 for channel [id: 0x64c5c731, L:/127.0.0.1:58750 - R:localhost/127.0.0.1:21457]
18:51:15.165 [Forwarding getElementTagName on session fce82fcc6f1c83d01989cb8847cff436 to remote] DEBUG org.asynchttpclient.netty.request.NettyRequestSender - Using pooled Channel '[id: 0x64c5c731, L:/127.0.0.1:58750 - R:localhost/127.0.0.1:21457]' for 'GET' to 'http://localhost:21457/session/fce82fcc6f1c83d01989cb8847cff436/element/c9deaa0a-2448-4711-b00c-3e486fa0e9de/name'
18:51:15.165 [Forwarding getElementTagName on session fce82fcc6f1c83d01989cb8847cff436 to remote] DEBUG org.asynchttpclient.netty.request.NettyRequestSender - Using open Channel [id: 0x64c5c731, L:/127.0.0.1:58750 - R:localhost/127.0.0.1:21457] for GET '/session/fce82fcc6f1c83d01989cb8847cff436/element/c9deaa0a-2448-4711-b00c-3e486fa0e9de/name'
18:51:15.178 [AsyncHttpClient-1-2] DEBUG org.asynchttpclient.netty.handler.HttpHandler - 

Request DefaultFullHttpRequest(decodeResult: success, version: HTTP/1.1, content: EmptyByteBufBE)
GET /session/fce82fcc6f1c83d01989cb8847cff436/element/c9deaa0a-2448-4711-b00c-3e486fa0e9de/name HTTP/1.1
User-Agent: selenium/4.8.1 (java windows)
Cache-Control: no-cache
Content-Type: application/json; charset=utf-8
host: localhost:21457
accept: */*

Response DefaultHttpResponse(decodeResult: success, version: HTTP/1.1)
HTTP/1.1 200 OK
Content-Length: 15
Content-Type: application/json; charset=utf-8
cache-control: no-cache

18:51:15.178 [AsyncHttpClient-1-2] DEBUG org.asynchttpclient.netty.channel.ChannelManager - Adding key: http://localhost:21457 for channel [id: 0x64c5c731, L:/127.0.0.1:58750 - R:localhost/127.0.0.1:21457]
18:51:15.183 [Forwarding getElementTagName on session fce82fcc6f1c83d01989cb8847cff436 to remote] DEBUG org.asynchttpclient.netty.request.NettyRequestSender - Using pooled Channel '[id: 0x64c5c731, L:/127.0.0.1:58750 - R:localhost/127.0.0.1:21457]' for 'GET' to 'http://localhost:21457/session/fce82fcc6f1c83d01989cb8847cff436/element/c9deaa0a-2448-4711-b00c-3e486fa0e9de/name'
18:51:15.183 [Forwarding getElementTagName on session fce82fcc6f1c83d01989cb8847cff436 to remote] DEBUG org.asynchttpclient.netty.request.NettyRequestSender - Using open Channel [id: 0x64c5c731, L:/127.0.0.1:58750 - R:localhost/127.0.0.1:21457] for GET '/session/fce82fcc6f1c83d01989cb8847cff436/element/c9deaa0a-2448-4711-b00c-3e486fa0e9de/name'
18:51:15.190 [AsyncHttpClient-1-2] DEBUG org.asynchttpclient.netty.handler.HttpHandler - 

Request DefaultFullHttpRequest(decodeResult: success, version: HTTP/1.1, content: EmptyByteBufBE)
GET /session/fce82fcc6f1c83d01989cb8847cff436/element/c9deaa0a-2448-4711-b00c-3e486fa0e9de/name HTTP/1.1
User-Agent: selenium/4.8.1 (java windows)
Cache-Control: no-cache
Content-Type: application/json; charset=utf-8
host: localhost:21457
accept: */*

Response DefaultHttpResponse(decodeResult: success, version: HTTP/1.1)
HTTP/1.1 200 OK
Content-Length: 15
Content-Type: application/json; charset=utf-8
cache-control: no-cache

18:51:15.191 [AsyncHttpClient-1-2] DEBUG org.asynchttpclient.netty.channel.ChannelManager - Adding key: http://localhost:21457 for channel [id: 0x64c5c731, L:/127.0.0.1:58750 - R:localhost/127.0.0.1:21457]
18:51:15.197 [Forwarding findElement on session fce82fcc6f1c83d01989cb8847cff436 to remote] DEBUG org.asynchttpclient.netty.request.NettyRequestSender - Using pooled Channel '[id: 0x64c5c731, L:/127.0.0.1:58750 - R:localhost/127.0.0.1:21457]' for 'POST' to 'http://localhost:21457/session/fce82fcc6f1c83d01989cb8847cff436/element'
18:51:15.197 [Forwarding findElement on session fce82fcc6f1c83d01989cb8847cff436 to remote] DEBUG org.asynchttpclient.netty.request.NettyRequestSender - Using open Channel [id: 0x64c5c731, L:/127.0.0.1:58750 - R:localhost/127.0.0.1:21457] for POST '/session/fce82fcc6f1c83d01989cb8847cff436/element'
18:51:15.224 [AsyncHttpClient-1-2] DEBUG org.asynchttpclient.netty.handler.HttpHandler - 

Request DefaultHttpRequest(decodeResult: success, version: HTTP/1.1)
POST /session/fce82fcc6f1c83d01989cb8847cff436/element HTTP/1.1
User-Agent: selenium/4.8.1 (java windows)
Content-Length: 76
Content-Type: application/json; charset=utf-8
host: localhost:21457
accept: */*

Response DefaultHttpResponse(decodeResult: success, version: HTTP/1.1)
HTTP/1.1 200 OK
Content-Length: 88
Content-Type: application/json; charset=utf-8
cache-control: no-cache

18:51:15.225 [AsyncHttpClient-1-2] DEBUG org.asynchttpclient.netty.channel.ChannelManager - Adding key: http://localhost:21457 for channel [id: 0x64c5c731, L:/127.0.0.1:58750 - R:localhost/127.0.0.1:21457]
18:51:15.228 [Forwarding clickElement on session fce82fcc6f1c83d01989cb8847cff436 to remote] DEBUG org.asynchttpclient.netty.request.NettyRequestSender - Using pooled Channel '[id: 0x64c5c731, L:/127.0.0.1:58750 - R:localhost/127.0.0.1:21457]' for 'POST' to 'http://localhost:21457/session/fce82fcc6f1c83d01989cb8847cff436/element/c9deaa0a-2448-4711-b00c-3e486fa0e9de/click'
18:51:15.228 [Forwarding clickElement on session fce82fcc6f1c83d01989cb8847cff436 to remote] DEBUG org.asynchttpclient.netty.request.NettyRequestSender - Using open Channel [id: 0x64c5c731, L:/127.0.0.1:58750 - R:localhost/127.0.0.1:21457] for POST '/session/fce82fcc6f1c83d01989cb8847cff436/element/c9deaa0a-2448-4711-b00c-3e486fa0e9de/click'
18:51:15.537 [AsyncHttpClient-1-2] DEBUG org.asynchttpclient.netty.handler.HttpHandler - 

Request DefaultHttpRequest(decodeResult: success, version: HTTP/1.1)
POST /session/fce82fcc6f1c83d01989cb8847cff436/element/c9deaa0a-2448-4711-b00c-3e486fa0e9de/click HTTP/1.1
User-Agent: selenium/4.8.1 (java windows)
Content-Length: 50
Content-Type: application/json; charset=utf-8
host: localhost:21457
accept: */*

Response DefaultHttpResponse(decodeResult: success, version: HTTP/1.1)
HTTP/1.1 200 OK
Content-Length: 14
Content-Type: application/json; charset=utf-8
cache-control: no-cache

18:51:15.538 [AsyncHttpClient-1-2] DEBUG org.asynchttpclient.netty.channel.ChannelManager - Adding key: http://localhost:21457 for channel [id: 0x64c5c731, L:/127.0.0.1:58750 - R:localhost/127.0.0.1:21457]
18:51:15.579 [Forwarding getAlertText on session fce82fcc6f1c83d01989cb8847cff436 to remote] DEBUG org.asynchttpclient.netty.request.NettyRequestSender - Using pooled Channel '[id: 0x64c5c731, L:/127.0.0.1:58750 - R:localhost/127.0.0.1:21457]' for 'GET' to 'http://localhost:21457/session/fce82fcc6f1c83d01989cb8847cff436/alert/text'
18:51:15.579 [Forwarding getAlertText on session fce82fcc6f1c83d01989cb8847cff436 to remote] DEBUG org.asynchttpclient.netty.request.NettyRequestSender - Using open Channel [id: 0x64c5c731, L:/127.0.0.1:58750 - R:localhost/127.0.0.1:21457] for GET '/session/fce82fcc6f1c83d01989cb8847cff436/alert/text'
18:51:15.629 [AsyncHttpClient-1-2] DEBUG org.asynchttpclient.netty.handler.HttpHandler - 

Request DefaultFullHttpRequest(decodeResult: success, version: HTTP/1.1, content: EmptyByteBufBE)
GET /session/fce82fcc6f1c83d01989cb8847cff436/alert/text HTTP/1.1
User-Agent: selenium/4.8.1 (java windows)
Cache-Control: no-cache
Content-Type: application/json; charset=utf-8
host: localhost:21457
accept: */*

Response DefaultHttpResponse(decodeResult: success, version: HTTP/1.1)
HTTP/1.1 404 Not Found
Content-Length: 809
Content-Type: application/json; charset=utf-8
cache-control: no-cache

18:51:15.630 [AsyncHttpClient-1-2] DEBUG org.asynchttpclient.netty.channel.ChannelManager - Adding key: http://localhost:21457 for channel [id: 0x64c5c731, L:/127.0.0.1:58750 - R:localhost/127.0.0.1:21457]
18:51:15.634 [Forwarding getCurrentUrl on session fce82fcc6f1c83d01989cb8847cff436 to remote] DEBUG org.asynchttpclient.netty.request.NettyRequestSender - Using pooled Channel '[id: 0x64c5c731, L:/127.0.0.1:58750 - R:localhost/127.0.0.1:21457]' for 'GET' to 'http://localhost:21457/session/fce82fcc6f1c83d01989cb8847cff436/url'
18:51:15.634 [Forwarding getCurrentUrl on session fce82fcc6f1c83d01989cb8847cff436 to remote] DEBUG org.asynchttpclient.netty.request.NettyRequestSender - Using open Channel [id: 0x64c5c731, L:/127.0.0.1:58750 - R:localhost/127.0.0.1:21457] for GET '/session/fce82fcc6f1c83d01989cb8847cff436/url'
18:51:15.663 [AsyncHttpClient-1-1] DEBUG org.asynchttpclient.netty.channel.DefaultChannelPool - Entry count for : http://localhost:58752 : 1
18:51:15.737 [AsyncHttpClient-1-2] DEBUG org.asynchttpclient.netty.handler.HttpHandler - 

Request DefaultFullHttpRequest(decodeResult: success, version: HTTP/1.1, content: EmptyByteBufBE)
GET /session/fce82fcc6f1c83d01989cb8847cff436/url HTTP/1.1
User-Agent: selenium/4.8.1 (java windows)
Cache-Control: no-cache
Content-Type: application/json; charset=utf-8
host: localhost:21457
accept: */*

Response DefaultHttpResponse(decodeResult: success, version: HTTP/1.1)
HTTP/1.1 200 OK
Content-Length: 41
Content-Type: application/json; charset=utf-8
cache-control: no-cache

18:51:15.737 [AsyncHttpClient-1-2] DEBUG org.asynchttpclient.netty.channel.ChannelManager - Adding key: http://localhost:21457 for channel [id: 0x64c5c731, L:/127.0.0.1:58750 - R:localhost/127.0.0.1:21457]
18:51:15.740 [Forwarding screenshot on session fce82fcc6f1c83d01989cb8847cff436 to remote] DEBUG org.asynchttpclient.netty.request.NettyRequestSender - Using pooled Channel '[id: 0x64c5c731, L:/127.0.0.1:58750 - R:localhost/127.0.0.1:21457]' for 'GET' to 'http://localhost:21457/session/fce82fcc6f1c83d01989cb8847cff436/screenshot'
18:51:15.740 [Forwarding screenshot on session fce82fcc6f1c83d01989cb8847cff436 to remote] DEBUG org.asynchttpclient.netty.request.NettyRequestSender - Using open Channel [id: 0x64c5c731, L:/127.0.0.1:58750 - R:localhost/127.0.0.1:21457] for GET '/session/fce82fcc6f1c83d01989cb8847cff436/screenshot'
18:51:16.084 [AsyncHttpClient-1-2] DEBUG org.asynchttpclient.netty.handler.HttpHandler - 

Request DefaultFullHttpRequest(decodeResult: success, version: HTTP/1.1, content: EmptyByteBufBE)
GET /session/fce82fcc6f1c83d01989cb8847cff436/screenshot HTTP/1.1
User-Agent: selenium/4.8.1 (java windows)
Cache-Control: no-cache
Content-Type: application/json; charset=utf-8
host: localhost:21457
accept: */*

Response DefaultHttpResponse(decodeResult: success, version: HTTP/1.1)
HTTP/1.1 200 OK
Content-Length: 90744
Content-Type: application/json; charset=utf-8
cache-control: no-cache

18:51:16.085 [AsyncHttpClient-1-2] DEBUG org.asynchttpclient.netty.channel.ChannelManager - Adding key: http://localhost:21457 for channel [id: 0x64c5c731, L:/127.0.0.1:58750 - R:localhost/127.0.0.1:21457]
18:51:16.099 [main] DEBUG net.serenitybdd.core.photography.Darkroom - Send negative for processing for target\site\serenity\631b7785b81ada8cffd79448e09b9a7d3a24b81f66d47031391feda51a295972.png
18:51:16.100 [Darkroom Processing Line] DEBUG net.serenitybdd.core.photography.DarkroomProcessingLine - Processing screenshot image in /var/screenshots/screenshot-9396124815652557647
18:51:16.100 [Darkroom Processing Line] DEBUG net.serenitybdd.core.photography.DarkroomProcessingLine - Saving screenshot to target\site\serenity\631b7785b81ada8cffd79448e09b9a7d3a24b81f66d47031391feda51a295972.png
18:51:16.101 [main] DEBUG net.thucydides.core.steps.StepInterceptor - STEP DONE: ClickSelectCategoryButton
  &amp#27;[32mWhen &amp#27;[0m&amp#27;[32mI click select category&amp#27;[0m                                 &amp#27;[90m# starter.stepdefinitions.CategorySteps.clickSelectCategoryButton()&amp#27;[0m
18:51:16.141 [Forwarding getPageSource on session fce82fcc6f1c83d01989cb8847cff436 to remote] DEBUG org.asynchttpclient.netty.request.NettyRequestSender - Using pooled Channel '[id: 0x64c5c731, L:/127.0.0.1:58750 - R:localhost/127.0.0.1:21457]' for 'POST' to 'http://localhost:21457/session/fce82fcc6f1c83d01989cb8847cff436/execute/sync'
18:51:16.142 [Forwarding getPageSource on session fce82fcc6f1c83d01989cb8847cff436 to remote] DEBUG org.asynchttpclient.netty.request.NettyRequestSender - Using open Channel [id: 0x64c5c731, L:/127.0.0.1:58750 - R:localhost/127.0.0.1:21457] for POST '/session/fce82fcc6f1c83d01989cb8847cff436/execute/sync'
18:51:16.228 [AsyncHttpClient-1-2] DEBUG org.asynchttpclient.netty.handler.HttpHandler - 

Request DefaultHttpRequest(decodeResult: success, version: HTTP/1.1)
POST /session/fce82fcc6f1c83d01989cb8847cff436/execute/sync HTTP/1.1
User-Agent: selenium/4.8.1 (java windows)
Content-Length: 176
Content-Type: application/json; charset=utf-8
host: localhost:21457
accept: */*

Response DefaultHttpResponse(decodeResult: success, version: HTTP/1.1)
HTTP/1.1 200 OK
Content-Length: 744634
Content-Type: application/json; charset=utf-8
cache-control: no-cache

18:51:16.233 [AsyncHttpClient-1-2] DEBUG org.asynchttpclient.netty.channel.ChannelManager - Adding key: http://localhost:21457 for channel [id: 0x64c5c731, L:/127.0.0.1:58750 - R:localhost/127.0.0.1:21457]
18:51:16.384 [Forwarding getCurrentUrl on session fce82fcc6f1c83d01989cb8847cff436 to remote] DEBUG org.asynchttpclient.netty.request.NettyRequestSender - Using pooled Channel '[id: 0x64c5c731, L:/127.0.0.1:58750 - R:localhost/127.0.0.1:21457]' for 'GET' to 'http://localhost:21457/session/fce82fcc6f1c83d01989cb8847cff436/url'
18:51:16.384 [Forwarding getCurrentUrl on session fce82fcc6f1c83d01989cb8847cff436 to remote] DEBUG org.asynchttpclient.netty.request.NettyRequestSender - Using open Channel [id: 0x64c5c731, L:/127.0.0.1:58750 - R:localhost/127.0.0.1:21457] for GET '/session/fce82fcc6f1c83d01989cb8847cff436/url'
18:51:16.389 [AsyncHttpClient-1-2] DEBUG org.asynchttpclient.netty.handler.HttpHandler - 

Request DefaultFullHttpRequest(decodeResult: success, version: HTTP/1.1, content: EmptyByteBufBE)
GET /session/fce82fcc6f1c83d01989cb8847cff436/url HTTP/1.1
User-Agent: selenium/4.8.1 (java windows)
Cache-Control: no-cache
Content-Type: application/json; charset=utf-8
host: localhost:21457
accept: */*

Response DefaultHttpResponse(decodeResult: success, version: HTTP/1.1)
HTTP/1.1 200 OK
Content-Length: 41
Content-Type: application/json; charset=utf-8
cache-control: no-cache

18:51:16.390 [AsyncHttpClient-1-2] DEBUG org.asynchttpclient.netty.channel.ChannelManager - Adding key: http://localhost:21457 for channel [id: 0x64c5c731, L:/127.0.0.1:58750 - R:localhost/127.0.0.1:21457]
18:51:16.408 [Forwarding getAlertText on session fce82fcc6f1c83d01989cb8847cff436 to remote] DEBUG org.asynchttpclient.netty.request.NettyRequestSender - Using pooled Channel '[id: 0x64c5c731, L:/127.0.0.1:58750 - R:localhost/127.0.0.1:21457]' for 'GET' to 'http://localhost:21457/session/fce82fcc6f1c83d01989cb8847cff436/alert/text'
18:51:16.408 [Forwarding getAlertText on session fce82fcc6f1c83d01989cb8847cff436 to remote] DEBUG org.asynchttpclient.netty.request.NettyRequestSender - Using open Channel [id: 0x64c5c731, L:/127.0.0.1:58750 - R:localhost/127.0.0.1:21457] for GET '/session/fce82fcc6f1c83d01989cb8847cff436/alert/text'
18:51:16.411 [AsyncHttpClient-1-2] DEBUG org.asynchttpclient.netty.handler.HttpHandler - 

Request DefaultFullHttpRequest(decodeResult: success, version: HTTP/1.1, content: EmptyByteBufBE)
GET /session/fce82fcc6f1c83d01989cb8847cff436/alert/text HTTP/1.1
User-Agent: selenium/4.8.1 (java windows)
Cache-Control: no-cache
Content-Type: application/json; charset=utf-8
host: localhost:21457
accept: */*

Response DefaultHttpResponse(decodeResult: success, version: HTTP/1.1)
HTTP/1.1 404 Not Found
Content-Length: 809
Content-Type: application/json; charset=utf-8
cache-control: no-cache

18:51:16.411 [AsyncHttpClient-1-2] DEBUG org.asynchttpclient.netty.channel.ChannelManager - Adding key: http://localhost:21457 for channel [id: 0x64c5c731, L:/127.0.0.1:58750 - R:localhost/127.0.0.1:21457]
18:51:16.413 [Forwarding getCurrentUrl on session fce82fcc6f1c83d01989cb8847cff436 to remote] DEBUG org.asynchttpclient.netty.request.NettyRequestSender - Using pooled Channel '[id: 0x64c5c731, L:/127.0.0.1:58750 - R:localhost/127.0.0.1:21457]' for 'GET' to 'http://localhost:21457/session/fce82fcc6f1c83d01989cb8847cff436/url'
18:51:16.413 [Forwarding getCurrentUrl on session fce82fcc6f1c83d01989cb8847cff436 to remote] DEBUG org.asynchttpclient.netty.request.NettyRequestSender - Using open Channel [id: 0x64c5c731, L:/127.0.0.1:58750 - R:localhost/127.0.0.1:21457] for GET '/session/fce82fcc6f1c83d01989cb8847cff436/url'
18:51:16.419 [AsyncHttpClient-1-2] DEBUG org.asynchttpclient.netty.handler.HttpHandler - 

Request DefaultFullHttpRequest(decodeResult: success, version: HTTP/1.1, content: EmptyByteBufBE)
GET /session/fce82fcc6f1c83d01989cb8847cff436/url HTTP/1.1
User-Agent: selenium/4.8.1 (java windows)
Cache-Control: no-cache
Content-Type: application/json; charset=utf-8
host: localhost:21457
accept: */*

Response DefaultHttpResponse(decodeResult: success, version: HTTP/1.1)
HTTP/1.1 200 OK
Content-Length: 41
Content-Type: application/json; charset=utf-8
cache-control: no-cache

18:51:16.420 [AsyncHttpClient-1-2] DEBUG org.asynchttpclient.netty.channel.ChannelManager - Adding key: http://localhost:21457 for channel [id: 0x64c5c731, L:/127.0.0.1:58750 - R:localhost/127.0.0.1:21457]
18:51:16.421 [Forwarding screenshot on session fce82fcc6f1c83d01989cb8847cff436 to remote] DEBUG org.asynchttpclient.netty.request.NettyRequestSender - Using pooled Channel '[id: 0x64c5c731, L:/127.0.0.1:58750 - R:localhost/127.0.0.1:21457]' for 'GET' to 'http://localhost:21457/session/fce82fcc6f1c83d01989cb8847cff436/screenshot'
18:51:16.421 [Forwarding screenshot on session fce82fcc6f1c83d01989cb8847cff436 to remote] DEBUG org.asynchttpclient.netty.request.NettyRequestSender - Using open Channel [id: 0x64c5c731, L:/127.0.0.1:58750 - R:localhost/127.0.0.1:21457] for GET '/session/fce82fcc6f1c83d01989cb8847cff436/screenshot'
18:51:16.624 [AsyncHttpClient-1-2] DEBUG org.asynchttpclient.netty.handler.HttpHandler - 

Request DefaultFullHttpRequest(decodeResult: success, version: HTTP/1.1, content: EmptyByteBufBE)
GET /session/fce82fcc6f1c83d01989cb8847cff436/screenshot HTTP/1.1
User-Agent: selenium/4.8.1 (java windows)
Cache-Control: no-cache
Content-Type: application/json; charset=utf-8
host: localhost:21457
accept: */*

Response DefaultHttpResponse(decodeResult: success, version: HTTP/1.1)
HTTP/1.1 200 OK
Content-Length: 90556
Content-Type: application/json; charset=utf-8
cache-control: no-cache

18:51:16.626 [AsyncHttpClient-1-2] DEBUG org.asynchttpclient.netty.channel.ChannelManager - Adding key: http://localhost:21457 for channel [id: 0x64c5c731, L:/127.0.0.1:58750 - R:localhost/127.0.0.1:21457]
18:51:16.632 [main] DEBUG net.serenitybdd.core.photography.Darkroom - Send negative for processing for target\site\serenity\b29da9849db543e885ca58b42ced24963c1a2e27602d205f4e42a82676e91644.png
18:51:16.633 [Darkroom Processing Line] DEBUG net.serenitybdd.core.photography.DarkroomProcessingLine - Processing screenshot image in /var/screenshots/screenshot-11636908208994503932
18:51:16.633 [Darkroom Processing Line] DEBUG net.serenitybdd.core.photography.DarkroomProcessingLine - Saving screenshot to target\site\serenity\b29da9849db543e885ca58b42ced24963c1a2e27602d205f4e42a82676e91644.png
18:51:16.635 [Forwarding getPageSource on session fce82fcc6f1c83d01989cb8847cff436 to remote] DEBUG org.asynchttpclient.netty.request.NettyRequestSender - Using pooled Channel '[id: 0x64c5c731, L:/127.0.0.1:58750 - R:localhost/127.0.0.1:21457]' for 'POST' to 'http://localhost:21457/session/fce82fcc6f1c83d01989cb8847cff436/execute/sync'
18:51:16.635 [Forwarding getPageSource on session fce82fcc6f1c83d01989cb8847cff436 to remote] DEBUG org.asynchttpclient.netty.request.NettyRequestSender - Using open Channel [id: 0x64c5c731, L:/127.0.0.1:58750 - R:localhost/127.0.0.1:21457] for POST '/session/fce82fcc6f1c83d01989cb8847cff436/execute/sync'
18:51:16.710 [AsyncHttpClient-1-2] DEBUG org.asynchttpclient.netty.handler.HttpHandler - 

Request DefaultHttpRequest(decodeResult: success, version: HTTP/1.1)
POST /session/fce82fcc6f1c83d01989cb8847cff436/execute/sync HTTP/1.1
User-Agent: selenium/4.8.1 (java windows)
Content-Length: 176
Content-Type: application/json; charset=utf-8
host: localhost:21457
accept: */*

Response DefaultHttpResponse(decodeResult: success, version: HTTP/1.1)
HTTP/1.1 200 OK
Content-Length: 744634
Content-Type: application/json; charset=utf-8
cache-control: no-cache

18:51:16.717 [AsyncHttpClient-1-2] DEBUG org.asynchttpclient.netty.channel.ChannelManager - Adding key: http://localhost:21457 for channel [id: 0x64c5c731, L:/127.0.0.1:58750 - R:localhost/127.0.0.1:21457]
18:51:16.768 [AsyncHttpClient-1-1] DEBUG org.asynchttpclient.netty.channel.DefaultChannelPool - Entry count for : http://localhost:21457 : 1
18:51:16.768 [AsyncHttpClient-1-1] DEBUG org.asynchttpclient.netty.channel.DefaultChannelPool - Entry count for : http://localhost:58752 : 1
18:51:16.838 [Forwarding getCurrentUrl on session fce82fcc6f1c83d01989cb8847cff436 to remote] DEBUG org.asynchttpclient.netty.request.NettyRequestSender - Using pooled Channel '[id: 0x64c5c731, L:/127.0.0.1:58750 - R:localhost/127.0.0.1:21457]' for 'GET' to 'http://localhost:21457/session/fce82fcc6f1c83d01989cb8847cff436/url'
18:51:16.838 [Forwarding getCurrentUrl on session fce82fcc6f1c83d01989cb8847cff436 to remote] DEBUG org.asynchttpclient.netty.request.NettyRequestSender - Using open Channel [id: 0x64c5c731, L:/127.0.0.1:58750 - R:localhost/127.0.0.1:21457] for GET '/session/fce82fcc6f1c83d01989cb8847cff436/url'
18:51:16.852 [AsyncHttpClient-1-2] DEBUG org.asynchttpclient.netty.handler.HttpHandler - 

Request DefaultFullHttpRequest(decodeResult: success, version: HTTP/1.1, content: EmptyByteBufBE)
GET /session/fce82fcc6f1c83d01989cb8847cff436/url HTTP/1.1
User-Agent: selenium/4.8.1 (java windows)
Cache-Control: no-cache
Content-Type: application/json; charset=utf-8
host: localhost:21457
accept: */*

Response DefaultHttpResponse(decodeResult: success, version: HTTP/1.1)
HTTP/1.1 200 OK
Content-Length: 41
Content-Type: application/json; charset=utf-8
cache-control: no-cache

18:51:16.852 [AsyncHttpClient-1-2] DEBUG org.asynchttpclient.netty.channel.ChannelManager - Adding key: http://localhost:21457 for channel [id: 0x64c5c731, L:/127.0.0.1:58750 - R:localhost/127.0.0.1:21457]
18:51:16.860 [main] DEBUG net.thucydides.core.steps.StepInterceptor - STARTING STEP: CategorySteps.clickCategoryProduct - ClickCategoryButton
18:51:16.867 [Forwarding findElement on session fce82fcc6f1c83d01989cb8847cff436 to remote] DEBUG org.asynchttpclient.netty.request.NettyRequestSender - Using pooled Channel '[id: 0x64c5c731, L:/127.0.0.1:58750 - R:localhost/127.0.0.1:21457]' for 'POST' to 'http://localhost:21457/session/fce82fcc6f1c83d01989cb8847cff436/element'
18:51:16.867 [Forwarding findElement on session fce82fcc6f1c83d01989cb8847cff436 to remote] DEBUG org.asynchttpclient.netty.request.NettyRequestSender - Using open Channel [id: 0x64c5c731, L:/127.0.0.1:58750 - R:localhost/127.0.0.1:21457] for POST '/session/fce82fcc6f1c83d01989cb8847cff436/element'
18:51:16.910 [AsyncHttpClient-1-2] DEBUG org.asynchttpclient.netty.handler.HttpHandler - 

Request DefaultHttpRequest(decodeResult: success, version: HTTP/1.1)
POST /session/fce82fcc6f1c83d01989cb8847cff436/element HTTP/1.1
User-Agent: selenium/4.8.1 (java windows)
Content-Length: 83
Content-Type: application/json; charset=utf-8
host: localhost:21457
accept: */*

Response DefaultHttpResponse(decodeResult: success, version: HTTP/1.1)
HTTP/1.1 200 OK
Content-Length: 88
Content-Type: application/json; charset=utf-8
cache-control: no-cache

18:51:16.910 [AsyncHttpClient-1-2] DEBUG org.asynchttpclient.netty.channel.ChannelManager - Adding key: http://localhost:21457 for channel [id: 0x64c5c731, L:/127.0.0.1:58750 - R:localhost/127.0.0.1:21457]
18:51:16.913 [Forwarding getElementTagName on session fce82fcc6f1c83d01989cb8847cff436 to remote] DEBUG org.asynchttpclient.netty.request.NettyRequestSender - Using pooled Channel '[id: 0x64c5c731, L:/127.0.0.1:58750 - R:localhost/127.0.0.1:21457]' for 'GET' to 'http://localhost:21457/session/fce82fcc6f1c83d01989cb8847cff436/element/529f9a47-c48a-4aef-b523-24dc1e57ebd1/name'
18:51:16.913 [Forwarding getElementTagName on session fce82fcc6f1c83d01989cb8847cff436 to remote] DEBUG org.asynchttpclient.netty.request.NettyRequestSender - Using open Channel [id: 0x64c5c731, L:/127.0.0.1:58750 - R:localhost/127.0.0.1:21457] for GET '/session/fce82fcc6f1c83d01989cb8847cff436/element/529f9a47-c48a-4aef-b523-24dc1e57ebd1/name'
18:51:16.923 [AsyncHttpClient-1-2] DEBUG org.asynchttpclient.netty.handler.HttpHandler - 

Request DefaultFullHttpRequest(decodeResult: success, version: HTTP/1.1, content: EmptyByteBufBE)
GET /session/fce82fcc6f1c83d01989cb8847cff436/element/529f9a47-c48a-4aef-b523-24dc1e57ebd1/name HTTP/1.1
User-Agent: selenium/4.8.1 (java windows)
Cache-Control: no-cache
Content-Type: application/json; charset=utf-8
host: localhost:21457
accept: */*

Response DefaultHttpResponse(decodeResult: success, version: HTTP/1.1)
HTTP/1.1 200 OK
Content-Length: 15
Content-Type: application/json; charset=utf-8
cache-control: no-cache

18:51:16.924 [AsyncHttpClient-1-2] DEBUG org.asynchttpclient.netty.channel.ChannelManager - Adding key: http://localhost:21457 for channel [id: 0x64c5c731, L:/127.0.0.1:58750 - R:localhost/127.0.0.1:21457]
18:51:16.926 [Forwarding getElementTagName on session fce82fcc6f1c83d01989cb8847cff436 to remote] DEBUG org.asynchttpclient.netty.request.NettyRequestSender - Using pooled Channel '[id: 0x64c5c731, L:/127.0.0.1:58750 - R:localhost/127.0.0.1:21457]' for 'GET' to 'http://localhost:21457/session/fce82fcc6f1c83d01989cb8847cff436/element/529f9a47-c48a-4aef-b523-24dc1e57ebd1/name'
18:51:16.926 [Forwarding getElementTagName on session fce82fcc6f1c83d01989cb8847cff436 to remote] DEBUG org.asynchttpclient.netty.request.NettyRequestSender - Using open Channel [id: 0x64c5c731, L:/127.0.0.1:58750 - R:localhost/127.0.0.1:21457] for GET '/session/fce82fcc6f1c83d01989cb8847cff436/element/529f9a47-c48a-4aef-b523-24dc1e57ebd1/name'
18:51:16.932 [AsyncHttpClient-1-2] DEBUG org.asynchttpclient.netty.handler.HttpHandler - 

Request DefaultFullHttpRequest(decodeResult: success, version: HTTP/1.1, content: EmptyByteBufBE)
GET /session/fce82fcc6f1c83d01989cb8847cff436/element/529f9a47-c48a-4aef-b523-24dc1e57ebd1/name HTTP/1.1
User-Agent: selenium/4.8.1 (java windows)
Cache-Control: no-cache
Content-Type: application/json; charset=utf-8
host: localhost:21457
accept: */*

Response DefaultHttpResponse(decodeResult: success, version: HTTP/1.1)
HTTP/1.1 200 OK
Content-Length: 15
Content-Type: application/json; charset=utf-8
cache-control: no-cache

18:51:16.933 [AsyncHttpClient-1-2] DEBUG org.asynchttpclient.netty.channel.ChannelManager - Adding key: http://localhost:21457 for channel [id: 0x64c5c731, L:/127.0.0.1:58750 - R:localhost/127.0.0.1:21457]
18:51:16.936 [Forwarding findElement on session fce82fcc6f1c83d01989cb8847cff436 to remote] DEBUG org.asynchttpclient.netty.request.NettyRequestSender - Using pooled Channel '[id: 0x64c5c731, L:/127.0.0.1:58750 - R:localhost/127.0.0.1:21457]' for 'POST' to 'http://localhost:21457/session/fce82fcc6f1c83d01989cb8847cff436/element'
18:51:16.936 [Forwarding findElement on session fce82fcc6f1c83d01989cb8847cff436 to remote] DEBUG org.asynchttpclient.netty.request.NettyRequestSender - Using open Channel [id: 0x64c5c731, L:/127.0.0.1:58750 - R:localhost/127.0.0.1:21457] for POST '/session/fce82fcc6f1c83d01989cb8847cff436/element'
18:51:16.962 [AsyncHttpClient-1-2] DEBUG org.asynchttpclient.netty.handler.HttpHandler - 

Request DefaultHttpRequest(decodeResult: success, version: HTTP/1.1)
POST /session/fce82fcc6f1c83d01989cb8847cff436/element HTTP/1.1
User-Agent: selenium/4.8.1 (java windows)
Content-Length: 83
Content-Type: application/json; charset=utf-8
host: localhost:21457
accept: */*

Response DefaultHttpResponse(decodeResult: success, version: HTTP/1.1)
HTTP/1.1 200 OK
Content-Length: 88
Content-Type: application/json; charset=utf-8
cache-control: no-cache

18:51:16.962 [AsyncHttpClient-1-2] DEBUG org.asynchttpclient.netty.channel.ChannelManager - Adding key: http://localhost:21457 for channel [id: 0x64c5c731, L:/127.0.0.1:58750 - R:localhost/127.0.0.1:21457]
18:51:16.964 [Forwarding clickElement on session fce82fcc6f1c83d01989cb8847cff436 to remote] DEBUG org.asynchttpclient.netty.request.NettyRequestSender - Using pooled Channel '[id: 0x64c5c731, L:/127.0.0.1:58750 - R:localhost/127.0.0.1:21457]' for 'POST' to 'http://localhost:21457/session/fce82fcc6f1c83d01989cb8847cff436/element/529f9a47-c48a-4aef-b523-24dc1e57ebd1/click'
18:51:16.965 [Forwarding clickElement on session fce82fcc6f1c83d01989cb8847cff436 to remote] DEBUG org.asynchttpclient.netty.request.NettyRequestSender - Using open Channel [id: 0x64c5c731, L:/127.0.0.1:58750 - R:localhost/127.0.0.1:21457] for POST '/session/fce82fcc6f1c83d01989cb8847cff436/element/529f9a47-c48a-4aef-b523-24dc1e57ebd1/click'
18:51:17.040 [AsyncHttpClient-1-2] DEBUG org.asynchttpclient.netty.handler.HttpHandler - 

Request DefaultHttpRequest(decodeResult: success, version: HTTP/1.1)
POST /session/fce82fcc6f1c83d01989cb8847cff436/element/529f9a47-c48a-4aef-b523-24dc1e57ebd1/click HTTP/1.1
User-Agent: selenium/4.8.1 (java windows)
Content-Length: 50
Content-Type: application/json; charset=utf-8
host: localhost:21457
accept: */*

Response DefaultHttpResponse(decodeResult: success, version: HTTP/1.1)
HTTP/1.1 200 OK
Content-Length: 14
Content-Type: application/json; charset=utf-8
cache-control: no-cache

18:51:17.040 [AsyncHttpClient-1-2] DEBUG org.asynchttpclient.netty.channel.ChannelManager - Adding key: http://localhost:21457 for channel [id: 0x64c5c731, L:/127.0.0.1:58750 - R:localhost/127.0.0.1:21457]
18:51:17.057 [Forwarding getAlertText on session fce82fcc6f1c83d01989cb8847cff436 to remote] DEBUG org.asynchttpclient.netty.request.NettyRequestSender - Using pooled Channel '[id: 0x64c5c731, L:/127.0.0.1:58750 - R:localhost/127.0.0.1:21457]' for 'GET' to 'http://localhost:21457/session/fce82fcc6f1c83d01989cb8847cff436/alert/text'
18:51:17.060 [Forwarding getAlertText on session fce82fcc6f1c83d01989cb8847cff436 to remote] DEBUG org.asynchttpclient.netty.request.NettyRequestSender - Using open Channel [id: 0x64c5c731, L:/127.0.0.1:58750 - R:localhost/127.0.0.1:21457] for GET '/session/fce82fcc6f1c83d01989cb8847cff436/alert/text'
18:51:17.067 [AsyncHttpClient-1-2] DEBUG org.asynchttpclient.netty.handler.HttpHandler - 

Request DefaultFullHttpRequest(decodeResult: success, version: HTTP/1.1, content: EmptyByteBufBE)
GET /session/fce82fcc6f1c83d01989cb8847cff436/alert/text HTTP/1.1
User-Agent: selenium/4.8.1 (java windows)
Cache-Control: no-cache
Content-Type: application/json; charset=utf-8
host: localhost:21457
accept: */*

Response DefaultHttpResponse(decodeResult: success, version: HTTP/1.1)
HTTP/1.1 404 Not Found
Content-Length: 809
Content-Type: application/json; charset=utf-8
cache-control: no-cache

18:51:17.068 [AsyncHttpClient-1-2] DEBUG org.asynchttpclient.netty.channel.ChannelManager - Adding key: http://localhost:21457 for channel [id: 0x64c5c731, L:/127.0.0.1:58750 - R:localhost/127.0.0.1:21457]
18:51:17.070 [Forwarding getCurrentUrl on session fce82fcc6f1c83d01989cb8847cff436 to remote] DEBUG org.asynchttpclient.netty.request.NettyRequestSender - Using pooled Channel '[id: 0x64c5c731, L:/127.0.0.1:58750 - R:localhost/127.0.0.1:21457]' for 'GET' to 'http://localhost:21457/session/fce82fcc6f1c83d01989cb8847cff436/url'
18:51:17.071 [Forwarding getCurrentUrl on session fce82fcc6f1c83d01989cb8847cff436 to remote] DEBUG org.asynchttpclient.netty.request.NettyRequestSender - Using open Channel [id: 0x64c5c731, L:/127.0.0.1:58750 - R:localhost/127.0.0.1:21457] for GET '/session/fce82fcc6f1c83d01989cb8847cff436/url'
18:51:17.077 [AsyncHttpClient-1-2] DEBUG org.asynchttpclient.netty.handler.HttpHandler - 

Request DefaultFullHttpRequest(decodeResult: success, version: HTTP/1.1, content: EmptyByteBufBE)
GET /session/fce82fcc6f1c83d01989cb8847cff436/url HTTP/1.1
User-Agent: selenium/4.8.1 (java windows)
Cache-Control: no-cache
Content-Type: application/json; charset=utf-8
host: localhost:21457
accept: */*

Response DefaultHttpResponse(decodeResult: success, version: HTTP/1.1)
HTTP/1.1 200 OK
Content-Length: 41
Content-Type: application/json; charset=utf-8
cache-control: no-cache

18:51:17.077 [AsyncHttpClient-1-2] DEBUG org.asynchttpclient.netty.channel.ChannelManager - Adding key: http://localhost:21457 for channel [id: 0x64c5c731, L:/127.0.0.1:58750 - R:localhost/127.0.0.1:21457]
18:51:17.079 [Forwarding screenshot on session fce82fcc6f1c83d01989cb8847cff436 to remote] DEBUG org.asynchttpclient.netty.request.NettyRequestSender - Using pooled Channel '[id: 0x64c5c731, L:/127.0.0.1:58750 - R:localhost/127.0.0.1:21457]' for 'GET' to 'http://localhost:21457/session/fce82fcc6f1c83d01989cb8847cff436/screenshot'
18:51:17.079 [Forwarding screenshot on session fce82fcc6f1c83d01989cb8847cff436 to remote] DEBUG org.asynchttpclient.netty.request.NettyRequestSender - Using open Channel [id: 0x64c5c731, L:/127.0.0.1:58750 - R:localhost/127.0.0.1:21457] for GET '/session/fce82fcc6f1c83d01989cb8847cff436/screenshot'
18:51:17.281 [AsyncHttpClient-1-2] DEBUG org.asynchttpclient.netty.handler.HttpHandler - 

Request DefaultFullHttpRequest(decodeResult: success, version: HTTP/1.1, content: EmptyByteBufBE)
GET /session/fce82fcc6f1c83d01989cb8847cff436/screenshot HTTP/1.1
User-Agent: selenium/4.8.1 (java windows)
Cache-Control: no-cache
Content-Type: application/json; charset=utf-8
host: localhost:21457
accept: */*

Response DefaultHttpResponse(decodeResult: success, version: HTTP/1.1)
HTTP/1.1 200 OK
Content-Length: 90556
Content-Type: application/json; charset=utf-8
cache-control: no-cache

18:51:17.282 [AsyncHttpClient-1-2] DEBUG org.asynchttpclient.netty.channel.ChannelManager - Adding key: http://localhost:21457 for channel [id: 0x64c5c731, L:/127.0.0.1:58750 - R:localhost/127.0.0.1:21457]
18:51:17.289 [main] DEBUG net.serenitybdd.core.photography.Darkroom - Send negative for processing for target\site\serenity\b29da9849db543e885ca58b42ced24963c1a2e27602d205f4e42a82676e91644.png
18:51:17.290 [main] DEBUG net.thucydides.core.steps.StepInterceptor - STEP DONE: ClickCategoryButton
  &amp#27;[32mAnd &amp#27;[0m&amp#27;[32mI click category gaming&amp#27;[0m                                  &amp#27;[90m# starter.stepdefinitions.CategorySteps.clickCategoryProduct()&amp#27;[0m
18:51:17.307 [Forwarding getPageSource on session fce82fcc6f1c83d01989cb8847cff436 to remote] DEBUG org.asynchttpclient.netty.request.NettyRequestSender - Using pooled Channel '[id: 0x64c5c731, L:/127.0.0.1:58750 - R:localhost/127.0.0.1:21457]' for 'POST' to 'http://localhost:21457/session/fce82fcc6f1c83d01989cb8847cff436/execute/sync'
18:51:17.307 [Forwarding getPageSource on session fce82fcc6f1c83d01989cb8847cff436 to remote] DEBUG org.asynchttpclient.netty.request.NettyRequestSender - Using open Channel [id: 0x64c5c731, L:/127.0.0.1:58750 - R:localhost/127.0.0.1:21457] for POST '/session/fce82fcc6f1c83d01989cb8847cff436/execute/sync'
18:51:17.381 [AsyncHttpClient-1-2] DEBUG org.asynchttpclient.netty.handler.HttpHandler - 

Request DefaultHttpRequest(decodeResult: success, version: HTTP/1.1)
POST /session/fce82fcc6f1c83d01989cb8847cff436/execute/sync HTTP/1.1
User-Agent: selenium/4.8.1 (java windows)
Content-Length: 176
Content-Type: application/json; charset=utf-8
host: localhost:21457
accept: */*

Response DefaultHttpResponse(decodeResult: success, version: HTTP/1.1)
HTTP/1.1 200 OK
Content-Length: 744634
Content-Type: application/json; charset=utf-8
cache-control: no-cache

18:51:17.386 [AsyncHttpClient-1-2] DEBUG org.asynchttpclient.netty.channel.ChannelManager - Adding key: http://localhost:21457 for channel [id: 0x64c5c731, L:/127.0.0.1:58750 - R:localhost/127.0.0.1:21457]
18:51:17.486 [Forwarding getCurrentUrl on session fce82fcc6f1c83d01989cb8847cff436 to remote] DEBUG org.asynchttpclient.netty.request.NettyRequestSender - Using pooled Channel '[id: 0x64c5c731, L:/127.0.0.1:58750 - R:localhost/127.0.0.1:21457]' for 'GET' to 'http://localhost:21457/session/fce82fcc6f1c83d01989cb8847cff436/url'
18:51:17.486 [Forwarding getCurrentUrl on session fce82fcc6f1c83d01989cb8847cff436 to remote] DEBUG org.asynchttpclient.netty.request.NettyRequestSender - Using open Channel [id: 0x64c5c731, L:/127.0.0.1:58750 - R:localhost/127.0.0.1:21457] for GET '/session/fce82fcc6f1c83d01989cb8847cff436/url'
18:51:17.491 [AsyncHttpClient-1-2] DEBUG org.asynchttpclient.netty.handler.HttpHandler - 

Request DefaultFullHttpRequest(decodeResult: success, version: HTTP/1.1, content: EmptyByteBufBE)
GET /session/fce82fcc6f1c83d01989cb8847cff436/url HTTP/1.1
User-Agent: selenium/4.8.1 (java windows)
Cache-Control: no-cache
Content-Type: application/json; charset=utf-8
host: localhost:21457
accept: */*

Response DefaultHttpResponse(decodeResult: success, version: HTTP/1.1)
HTTP/1.1 200 OK
Content-Length: 41
Content-Type: application/json; charset=utf-8
cache-control: no-cache

18:51:17.492 [AsyncHttpClient-1-2] DEBUG org.asynchttpclient.netty.channel.ChannelManager - Adding key: http://localhost:21457 for channel [id: 0x64c5c731, L:/127.0.0.1:58750 - R:localhost/127.0.0.1:21457]
18:51:17.512 [Forwarding getAlertText on session fce82fcc6f1c83d01989cb8847cff436 to remote] DEBUG org.asynchttpclient.netty.request.NettyRequestSender - Using pooled Channel '[id: 0x64c5c731, L:/127.0.0.1:58750 - R:localhost/127.0.0.1:21457]' for 'GET' to 'http://localhost:21457/session/fce82fcc6f1c83d01989cb8847cff436/alert/text'
18:51:17.512 [Forwarding getAlertText on session fce82fcc6f1c83d01989cb8847cff436 to remote] DEBUG org.asynchttpclient.netty.request.NettyRequestSender - Using open Channel [id: 0x64c5c731, L:/127.0.0.1:58750 - R:localhost/127.0.0.1:21457] for GET '/session/fce82fcc6f1c83d01989cb8847cff436/alert/text'
18:51:17.516 [AsyncHttpClient-1-2] DEBUG org.asynchttpclient.netty.handler.HttpHandler - 

Request DefaultFullHttpRequest(decodeResult: success, version: HTTP/1.1, content: EmptyByteBufBE)
GET /session/fce82fcc6f1c83d01989cb8847cff436/alert/text HTTP/1.1
User-Agent: selenium/4.8.1 (java windows)
Cache-Control: no-cache
Content-Type: application/json; charset=utf-8
host: localhost:21457
accept: */*

Response DefaultHttpResponse(decodeResult: success, version: HTTP/1.1)
HTTP/1.1 404 Not Found
Content-Length: 809
Content-Type: application/json; charset=utf-8
cache-control: no-cache

18:51:17.517 [AsyncHttpClient-1-2] DEBUG org.asynchttpclient.netty.channel.ChannelManager - Adding key: http://localhost:21457 for channel [id: 0x64c5c731, L:/127.0.0.1:58750 - R:localhost/127.0.0.1:21457]
18:51:17.519 [Forwarding getCurrentUrl on session fce82fcc6f1c83d01989cb8847cff436 to remote] DEBUG org.asynchttpclient.netty.request.NettyRequestSender - Using pooled Channel '[id: 0x64c5c731, L:/127.0.0.1:58750 - R:localhost/127.0.0.1:21457]' for 'GET' to 'http://localhost:21457/session/fce82fcc6f1c83d01989cb8847cff436/url'
18:51:17.519 [Forwarding getCurrentUrl on session fce82fcc6f1c83d01989cb8847cff436 to remote] DEBUG org.asynchttpclient.netty.request.NettyRequestSender - Using open Channel [id: 0x64c5c731, L:/127.0.0.1:58750 - R:localhost/127.0.0.1:21457] for GET '/session/fce82fcc6f1c83d01989cb8847cff436/url'
18:51:17.525 [AsyncHttpClient-1-2] DEBUG org.asynchttpclient.netty.handler.HttpHandler - 

Request DefaultFullHttpRequest(decodeResult: success, version: HTTP/1.1, content: EmptyByteBufBE)
GET /session/fce82fcc6f1c83d01989cb8847cff436/url HTTP/1.1
User-Agent: selenium/4.8.1 (java windows)
Cache-Control: no-cache
Content-Type: application/json; charset=utf-8
host: localhost:21457
accept: */*

Response DefaultHttpResponse(decodeResult: success, version: HTTP/1.1)
HTTP/1.1 200 OK
Content-Length: 41
Content-Type: application/json; charset=utf-8
cache-control: no-cache

18:51:17.526 [AsyncHttpClient-1-2] DEBUG org.asynchttpclient.netty.channel.ChannelManager - Adding key: http://localhost:21457 for channel [id: 0x64c5c731, L:/127.0.0.1:58750 - R:localhost/127.0.0.1:21457]
18:51:17.528 [Forwarding screenshot on session fce82fcc6f1c83d01989cb8847cff436 to remote] DEBUG org.asynchttpclient.netty.request.NettyRequestSender - Using pooled Channel '[id: 0x64c5c731, L:/127.0.0.1:58750 - R:localhost/127.0.0.1:21457]' for 'GET' to 'http://localhost:21457/session/fce82fcc6f1c83d01989cb8847cff436/screenshot'
18:51:17.528 [Forwarding screenshot on session fce82fcc6f1c83d01989cb8847cff436 to remote] DEBUG org.asynchttpclient.netty.request.NettyRequestSender - Using open Channel [id: 0x64c5c731, L:/127.0.0.1:58750 - R:localhost/127.0.0.1:21457] for GET '/session/fce82fcc6f1c83d01989cb8847cff436/screenshot'
18:51:17.730 [AsyncHttpClient-1-2] DEBUG org.asynchttpclient.netty.handler.HttpHandler - 

Request DefaultFullHttpRequest(decodeResult: success, version: HTTP/1.1, content: EmptyByteBufBE)
GET /session/fce82fcc6f1c83d01989cb8847cff436/screenshot HTTP/1.1
User-Agent: selenium/4.8.1 (java windows)
Cache-Control: no-cache
Content-Type: application/json; charset=utf-8
host: localhost:21457
accept: */*

Response DefaultHttpResponse(decodeResult: success, version: HTTP/1.1)
HTTP/1.1 200 OK
Content-Length: 90556
Content-Type: application/json; charset=utf-8
cache-control: no-cache

18:51:17.732 [AsyncHttpClient-1-2] DEBUG org.asynchttpclient.netty.channel.ChannelManager - Adding key: http://localhost:21457 for channel [id: 0x64c5c731, L:/127.0.0.1:58750 - R:localhost/127.0.0.1:21457]
18:51:17.737 [main] DEBUG net.serenitybdd.core.photography.Darkroom - Send negative for processing for target\site\serenity\b29da9849db543e885ca58b42ced24963c1a2e27602d205f4e42a82676e91644.png
18:51:17.739 [Forwarding getPageSource on session fce82fcc6f1c83d01989cb8847cff436 to remote] DEBUG org.asynchttpclient.netty.request.NettyRequestSender - Using pooled Channel '[id: 0x64c5c731, L:/127.0.0.1:58750 - R:localhost/127.0.0.1:21457]' for 'POST' to 'http://localhost:21457/session/fce82fcc6f1c83d01989cb8847cff436/execute/sync'
18:51:17.739 [Forwarding getPageSource on session fce82fcc6f1c83d01989cb8847cff436 to remote] DEBUG org.asynchttpclient.netty.request.NettyRequestSender - Using open Channel [id: 0x64c5c731, L:/127.0.0.1:58750 - R:localhost/127.0.0.1:21457] for POST '/session/fce82fcc6f1c83d01989cb8847cff436/execute/sync'
18:51:17.833 [AsyncHttpClient-1-2] DEBUG org.asynchttpclient.netty.handler.HttpHandler - 

Request DefaultHttpRequest(decodeResult: success, version: HTTP/1.1)
POST /session/fce82fcc6f1c83d01989cb8847cff436/execute/sync HTTP/1.1
User-Agent: selenium/4.8.1 (java windows)
Content-Length: 176
Content-Type: application/json; charset=utf-8
host: localhost:21457
accept: */*

Response DefaultHttpResponse(decodeResult: success, version: HTTP/1.1)
HTTP/1.1 200 OK
Content-Length: 744634
Content-Type: application/json; charset=utf-8
cache-control: no-cache

18:51:17.838 [AsyncHttpClient-1-2] DEBUG org.asynchttpclient.netty.channel.ChannelManager - Adding key: http://localhost:21457 for channel [id: 0x64c5c731, L:/127.0.0.1:58750 - R:localhost/127.0.0.1:21457]
18:51:17.862 [AsyncHttpClient-1-1] DEBUG org.asynchttpclient.netty.channel.DefaultChannelPool - Entry count for : http://localhost:21457 : 1
18:51:17.863 [AsyncHttpClient-1-1] DEBUG org.asynchttpclient.netty.channel.DefaultChannelPool - Entry count for : http://localhost:58752 : 1
18:51:17.946 [Forwarding getCurrentUrl on session fce82fcc6f1c83d01989cb8847cff436 to remote] DEBUG org.asynchttpclient.netty.request.NettyRequestSender - Using pooled Channel '[id: 0x64c5c731, L:/127.0.0.1:58750 - R:localhost/127.0.0.1:21457]' for 'GET' to 'http://localhost:21457/session/fce82fcc6f1c83d01989cb8847cff436/url'
18:51:17.946 [Forwarding getCurrentUrl on session fce82fcc6f1c83d01989cb8847cff436 to remote] DEBUG org.asynchttpclient.netty.request.NettyRequestSender - Using open Channel [id: 0x64c5c731, L:/127.0.0.1:58750 - R:localhost/127.0.0.1:21457] for GET '/session/fce82fcc6f1c83d01989cb8847cff436/url'
18:51:17.963 [AsyncHttpClient-1-2] DEBUG org.asynchttpclient.netty.handler.HttpHandler - 

Request DefaultFullHttpRequest(decodeResult: success, version: HTTP/1.1, content: EmptyByteBufBE)
GET /session/fce82fcc6f1c83d01989cb8847cff436/url HTTP/1.1
User-Agent: selenium/4.8.1 (java windows)
Cache-Control: no-cache
Content-Type: application/json; charset=utf-8
host: localhost:21457
accept: */*

Response DefaultHttpResponse(decodeResult: success, version: HTTP/1.1)
HTTP/1.1 200 OK
Content-Length: 41
Content-Type: application/json; charset=utf-8
cache-control: no-cache

18:51:17.964 [AsyncHttpClient-1-2] DEBUG org.asynchttpclient.netty.channel.ChannelManager - Adding key: http://localhost:21457 for channel [id: 0x64c5c731, L:/127.0.0.1:58750 - R:localhost/127.0.0.1:21457]
18:51:17.972 [main] DEBUG net.thucydides.core.steps.StepInterceptor - STARTING STEP: CategorySteps.iCanSeeProductCategoryMessage - validateMessageDisplayed
18:51:17.978 [Forwarding findElement on session fce82fcc6f1c83d01989cb8847cff436 to remote] DEBUG org.asynchttpclient.netty.request.NettyRequestSender - Using pooled Channel '[id: 0x64c5c731, L:/127.0.0.1:58750 - R:localhost/127.0.0.1:21457]' for 'POST' to 'http://localhost:21457/session/fce82fcc6f1c83d01989cb8847cff436/element'
18:51:17.978 [Forwarding findElement on session fce82fcc6f1c83d01989cb8847cff436 to remote] DEBUG org.asynchttpclient.netty.request.NettyRequestSender - Using open Channel [id: 0x64c5c731, L:/127.0.0.1:58750 - R:localhost/127.0.0.1:21457] for POST '/session/fce82fcc6f1c83d01989cb8847cff436/element'
18:51:18.966 [AsyncHttpClient-1-1] DEBUG org.asynchttpclient.netty.channel.DefaultChannelPool - Entry count for : http://localhost:58752 : 1
18:51:20.045 [AsyncHttpClient-1-2] DEBUG org.asynchttpclient.netty.handler.HttpHandler - 

Request DefaultHttpRequest(decodeResult: success, version: HTTP/1.1)
POST /session/fce82fcc6f1c83d01989cb8847cff436/element HTTP/1.1
User-Agent: selenium/4.8.1 (java windows)
Content-Length: 79
Content-Type: application/json; charset=utf-8
host: localhost:21457
accept: */*

Response DefaultHttpResponse(decodeResult: success, version: HTTP/1.1)
HTTP/1.1 404 Not Found
Content-Length: 941
Content-Type: application/json; charset=utf-8
cache-control: no-cache

18:51:20.045 [AsyncHttpClient-1-2] DEBUG org.asynchttpclient.netty.channel.ChannelManager - Adding key: http://localhost:21457 for channel [id: 0x64c5c731, L:/127.0.0.1:58750 - R:localhost/127.0.0.1:21457]
18:51:20.059 [Forwarding getAlertText on session fce82fcc6f1c83d01989cb8847cff436 to remote] DEBUG org.asynchttpclient.netty.request.NettyRequestSender - Using pooled Channel '[id: 0x64c5c731, L:/127.0.0.1:58750 - R:localhost/127.0.0.1:21457]' for 'GET' to 'http://localhost:21457/session/fce82fcc6f1c83d01989cb8847cff436/alert/text'
18:51:20.060 [Forwarding getAlertText on session fce82fcc6f1c83d01989cb8847cff436 to remote] DEBUG org.asynchttpclient.netty.request.NettyRequestSender - Using open Channel [id: 0x64c5c731, L:/127.0.0.1:58750 - R:localhost/127.0.0.1:21457] for GET '/session/fce82fcc6f1c83d01989cb8847cff436/alert/text'
18:51:20.061 [AsyncHttpClient-1-1] DEBUG org.asynchttpclient.netty.channel.DefaultChannelPool - Entry count for : http://localhost:58752 : 1
18:51:20.062 [AsyncHttpClient-1-2] DEBUG org.asynchttpclient.netty.handler.HttpHandler - 

Request DefaultFullHttpRequest(decodeResult: success, version: HTTP/1.1, content: EmptyByteBufBE)
GET /session/fce82fcc6f1c83d01989cb8847cff436/alert/text HTTP/1.1
User-Agent: selenium/4.8.1 (java windows)
Cache-Control: no-cache
Content-Type: application/json; charset=utf-8
host: localhost:21457
accept: */*

Response DefaultHttpResponse(decodeResult: success, version: HTTP/1.1)
HTTP/1.1 404 Not Found
Content-Length: 809
Content-Type: application/json; charset=utf-8
cache-control: no-cache

18:51:20.062 [AsyncHttpClient-1-2] DEBUG org.asynchttpclient.netty.channel.ChannelManager - Adding key: http://localhost:21457 for channel [id: 0x64c5c731, L:/127.0.0.1:58750 - R:localhost/127.0.0.1:21457]
18:51:20.064 [Forwarding getCurrentUrl on session fce82fcc6f1c83d01989cb8847cff436 to remote] DEBUG org.asynchttpclient.netty.request.NettyRequestSender - Using pooled Channel '[id: 0x64c5c731, L:/127.0.0.1:58750 - R:localhost/127.0.0.1:21457]' for 'GET' to 'http://localhost:21457/session/fce82fcc6f1c83d01989cb8847cff436/url'
18:51:20.065 [Forwarding getCurrentUrl on session fce82fcc6f1c83d01989cb8847cff436 to remote] DEBUG org.asynchttpclient.netty.request.NettyRequestSender - Using open Channel [id: 0x64c5c731, L:/127.0.0.1:58750 - R:localhost/127.0.0.1:21457] for GET '/session/fce82fcc6f1c83d01989cb8847cff436/url'
18:51:20.070 [AsyncHttpClient-1-2] DEBUG org.asynchttpclient.netty.handler.HttpHandler - 

Request DefaultFullHttpRequest(decodeResult: success, version: HTTP/1.1, content: EmptyByteBufBE)
GET /session/fce82fcc6f1c83d01989cb8847cff436/url HTTP/1.1
User-Agent: selenium/4.8.1 (java windows)
Cache-Control: no-cache
Content-Type: application/json; charset=utf-8
host: localhost:21457
accept: */*

Response DefaultHttpResponse(decodeResult: success, version: HTTP/1.1)
HTTP/1.1 200 OK
Content-Length: 41
Content-Type: application/json; charset=utf-8
cache-control: no-cache

18:51:20.070 [AsyncHttpClient-1-2] DEBUG org.asynchttpclient.netty.channel.ChannelManager - Adding key: http://localhost:21457 for channel [id: 0x64c5c731, L:/127.0.0.1:58750 - R:localhost/127.0.0.1:21457]
18:51:20.072 [Forwarding screenshot on session fce82fcc6f1c83d01989cb8847cff436 to remote] DEBUG org.asynchttpclient.netty.request.NettyRequestSender - Using pooled Channel '[id: 0x64c5c731, L:/127.0.0.1:58750 - R:localhost/127.0.0.1:21457]' for 'GET' to 'http://localhost:21457/session/fce82fcc6f1c83d01989cb8847cff436/screenshot'
18:51:20.072 [Forwarding screenshot on session fce82fcc6f1c83d01989cb8847cff436 to remote] DEBUG org.asynchttpclient.netty.request.NettyRequestSender - Using open Channel [id: 0x64c5c731, L:/127.0.0.1:58750 - R:localhost/127.0.0.1:21457] for GET '/session/fce82fcc6f1c83d01989cb8847cff436/screenshot'
18:51:20.261 [AsyncHttpClient-1-2] DEBUG org.asynchttpclient.netty.handler.HttpHandler - 

Request DefaultFullHttpRequest(decodeResult: success, version: HTTP/1.1, content: EmptyByteBufBE)
GET /session/fce82fcc6f1c83d01989cb8847cff436/screenshot HTTP/1.1
User-Agent: selenium/4.8.1 (java windows)
Cache-Control: no-cache
Content-Type: application/json; charset=utf-8
host: localhost:21457
accept: */*

Response DefaultHttpResponse(decodeResult: success, version: HTTP/1.1)
HTTP/1.1 200 OK
Content-Length: 90556
Content-Type: application/json; charset=utf-8
cache-control: no-cache

18:51:20.262 [AsyncHttpClient-1-2] DEBUG org.asynchttpclient.netty.channel.ChannelManager - Adding key: http://localhost:21457 for channel [id: 0x64c5c731, L:/127.0.0.1:58750 - R:localhost/127.0.0.1:21457]
18:51:20.267 [main] DEBUG net.serenitybdd.core.photography.Darkroom - Send negative for processing for target\site\serenity\b29da9849db543e885ca58b42ced24963c1a2e27602d205f4e42a82676e91644.png
18:51:20.270 [Forwarding getPageSource on session fce82fcc6f1c83d01989cb8847cff436 to remote] DEBUG org.asynchttpclient.netty.request.NettyRequestSender - Using pooled Channel '[id: 0x64c5c731, L:/127.0.0.1:58750 - R:localhost/127.0.0.1:21457]' for 'POST' to 'http://localhost:21457/session/fce82fcc6f1c83d01989cb8847cff436/execute/sync'
18:51:20.270 [Forwarding getPageSource on session fce82fcc6f1c83d01989cb8847cff436 to remote] DEBUG org.asynchttpclient.netty.request.NettyRequestSender - Using open Channel [id: 0x64c5c731, L:/127.0.0.1:58750 - R:localhost/127.0.0.1:21457] for POST '/session/fce82fcc6f1c83d01989cb8847cff436/execute/sync'
18:51:20.335 [AsyncHttpClient-1-2] DEBUG org.asynchttpclient.netty.handler.HttpHandler - 

Request DefaultHttpRequest(decodeResult: success, version: HTTP/1.1)
POST /session/fce82fcc6f1c83d01989cb8847cff436/execute/sync HTTP/1.1
User-Agent: selenium/4.8.1 (java windows)
Content-Length: 176
Content-Type: application/json; charset=utf-8
host: localhost:21457
accept: */*

Response DefaultHttpResponse(decodeResult: success, version: HTTP/1.1)
HTTP/1.1 200 OK
Content-Length: 744634
Content-Type: application/json; charset=utf-8
cache-control: no-cache

18:51:20.338 [AsyncHttpClient-1-2] DEBUG org.asynchttpclient.netty.channel.ChannelManager - Adding key: http://localhost:21457 for channel [id: 0x64c5c731, L:/127.0.0.1:58750 - R:localhost/127.0.0.1:21457]
18:51:20.432 [Forwarding getCurrentUrl on session fce82fcc6f1c83d01989cb8847cff436 to remote] DEBUG org.asynchttpclient.netty.request.NettyRequestSender - Using pooled Channel '[id: 0x64c5c731, L:/127.0.0.1:58750 - R:localhost/127.0.0.1:21457]' for 'GET' to 'http://localhost:21457/session/fce82fcc6f1c83d01989cb8847cff436/url'
18:51:20.432 [Forwarding getCurrentUrl on session fce82fcc6f1c83d01989cb8847cff436 to remote] DEBUG org.asynchttpclient.netty.request.NettyRequestSender - Using open Channel [id: 0x64c5c731, L:/127.0.0.1:58750 - R:localhost/127.0.0.1:21457] for GET '/session/fce82fcc6f1c83d01989cb8847cff436/url'
18:51:20.438 [AsyncHttpClient-1-2] DEBUG org.asynchttpclient.netty.handler.HttpHandler - 

Request DefaultFullHttpRequest(decodeResult: success, version: HTTP/1.1, content: EmptyByteBufBE)
GET /session/fce82fcc6f1c83d01989cb8847cff436/url HTTP/1.1
User-Agent: selenium/4.8.1 (java windows)
Cache-Control: no-cache
Content-Type: application/json; charset=utf-8
host: localhost:21457
accept: */*

Response DefaultHttpResponse(decodeResult: success, version: HTTP/1.1)
HTTP/1.1 200 OK
Content-Length: 41
Content-Type: application/json; charset=utf-8
cache-control: no-cache

18:51:20.438 [AsyncHttpClient-1-2] DEBUG org.asynchttpclient.netty.channel.ChannelManager - Adding key: http://localhost:21457 for channel [id: 0x64c5c731, L:/127.0.0.1:58750 - R:localhost/127.0.0.1:21457]
  &amp#27;[31mThen &amp#27;[0m&amp#27;[31mI can see product category message &amp#27;[0m&amp#27;[31m&amp#27;[1m"Products is empty!"&amp#27;[0m &amp#27;[90m# starter.stepdefinitions.CategorySteps.iCanSeeProductCategoryMessage(java.lang.String)&amp#27;[0m
      &amp#27;[31morg.openqa.selenium.NoSuchElementException: no such element: Unable to locate element: {"method":"xpath","selector":"//div[@class='v-alert__wrapper']"}
  (Session info: chrome=112.0.5615.138)
For documentation on this error, please visit: https://selenium.dev/exceptions/#no_such_element
Build info: version: '4.8.1', revision: '8ebccac989'
System info: os.name: 'Windows 11', os.arch: 'amd64', os.version: '10.0', java.version: '17.0.6'
Driver info: org.openqa.selenium.chrome.ChromeDriver
Command: [fce82fcc6f1c83d01989cb8847cff436, findElement {using=xpath, value=//div[@class='v-alert__wrapper']}]
Capabilities {acceptInsecureCerts: false, browserName: chrome, browserVersion: 112.0.5615.138, chrome: {chromedriverVersion: 111.0.5563.64 (c710e93d5b63..., userDataDir: C:\Users\User-PC\AppData\Lo...}, goog:chromeOptions: {debuggerAddress: localhost:58752}, networkConnectionEnabled: false, pageLoadStrategy: normal, platformName: WINDOWS, proxy: Proxy(), se:cdp: ws://localhost:58752/devtoo..., se:cdpVersion: 112.0.5615.138, setWindowRect: true, strictFileInteractability: false, timeouts: {implicit: 0, pageLoad: 300000, script: 30000}, unhandledPromptBehavior: dismiss and notify, webauthn:extension:credBlob: true, webauthn:extension:largeBlob: true, webauthn:extension:minPinLength: true, webauthn:extension:prf: true, webauthn:virtualAuthenticators: true}
Session ID: fce82fcc6f1c83d01989cb8847cff436
	at java.base/jdk.internal.reflect.NativeConstructorAccessorImpl.newInstance0(Native Method)
	at java.base/jdk.internal.reflect.NativeConstructorAccessorImpl.newInstance(NativeConstructorAccessorImpl.java:77)
	at java.base/jdk.internal.reflect.DelegatingConstructorAccessorImpl.newInstance(DelegatingConstructorAccessorImpl.java:45)
	at java.base/java.lang.reflect.Constructor.newInstanceWithCaller(Constructor.java:499)
	at java.base/java.lang.reflect.Constructor.newInstance(Constructor.java:480)
	at org.openqa.selenium.remote.codec.w3c.W3CHttpResponseCodec.createException(W3CHttpResponseCodec.java:200)
	at org.openqa.selenium.remote.codec.w3c.W3CHttpResponseCodec.decode(W3CHttpResponseCodec.java:133)
	at org.openqa.selenium.remote.codec.w3c.W3CHttpResponseCodec.decode(W3CHttpResponseCodec.java:53)
	at org.openqa.selenium.remote.HttpCommandExecutor.execute(HttpCommandExecutor.java:184)
	at org.openqa.selenium.remote.service.DriverCommandExecutor.invokeExecute(DriverCommandExecutor.java:167)
	at org.openqa.selenium.remote.service.DriverCommandExecutor.execute(DriverCommandExecutor.java:142)
	at org.openqa.selenium.remote.RemoteWebDriver.execute(RemoteWebDriver.java:543)
	at org.openqa.selenium.remote.ElementLocation$ElementFinder$2.findElement(ElementLocation.java:162)
	at org.openqa.selenium.remote.ElementLocation.findElement(ElementLocation.java:60)
	at org.openqa.selenium.remote.RemoteWebDriver.findElement(RemoteWebDriver.java:352)
	at org.openqa.selenium.remote.RemoteWebDriver.findElement(RemoteWebDriver.java:344)
	at net.thucydides.core.webdriver.WebDriverFacade.findElement(WebDriverFacade.java:242)
	at net.serenitybdd.core.pages.WebElementResolverByLocator.resolveForDriver(WebElementResolverByLocator.java:25)
	at net.serenitybdd.core.pages.WebElementFacadeImpl.getResolvedElement(WebElementFacadeImpl.java:189)
	at net.serenitybdd.core.pages.WebElementFacadeImpl.getElement(WebElementFacadeImpl.java:184)
	at net.serenitybdd.core.pages.WebElementFacadeImpl.isDisplayed(WebElementFacadeImpl.java:1321)
	at MiniProject@1.0-SNAPSHOT/starter.user.Category.validateMessageDisplayed(Category.java:36)
	at MiniProject@1.0-SNAPSHOT/starter.user.Category$ByteBuddy$kn1qO9YQ.validateMessageDisplayed$accessor$cGO0TAPv(Unknown Source)
	at java.base/jdk.internal.reflect.NativeMethodAccessorImpl.invoke0(Native Method)
	at java.base/jdk.internal.reflect.NativeMethodAccessorImpl.invoke(NativeMethodAccessorImpl.java:77)
	at java.base/jdk.internal.reflect.DelegatingMethodAccessorImpl.invoke(DelegatingMethodAccessorImpl.java:43)
	at java.base/java.lang.reflect.Method.invoke(Method.java:568)
	at net.thucydides.core.steps.StepInterceptor.invokeMethod(StepInterceptor.java:518)
	at net.thucydides.core.steps.StepInterceptor.executeTestStepMethod(StepInterceptor.java:498)
	at net.thucydides.core.steps.StepInterceptor.runTestStep(StepInterceptor.java:472)
	at net.thucydides.core.steps.StepInterceptor.runOrSkipMethod(StepInterceptor.java:211)
	at net.thucydides.core.steps.StepInterceptor.testStepResult(StepInterceptor.java:198)
	at net.thucydides.core.steps.StepInterceptor.intercept(StepInterceptor.java:86)
	at net.thucydides.core.steps.ProxyConfiguration$InterceptorDispatcher.intercept(ProxyConfiguration.java:51)
	at MiniProject@1.0-SNAPSHOT/starter.user.Category$ByteBuddy$kn1qO9YQ.validateMessageDisplayed(Unknown Source)
	at MiniProject@1.0-SNAPSHOT/starter.stepdefinitions.CategorySteps.iCanSeeProductCategoryMessage(CategorySteps.java:36)
	at âœ½.I can see product category message "Products is empty!"(file:///D:/alta/MiniProject/src/test/resources/features/category.feature:11)
&amp#27;[0m
18:51:20.541 [main] ERROR  - 
  _____   ___   ___   _____     ___   ___   ___    ___    ___ 
 |_   _| | __| / __| |_   _|   | __| | _ \ | _ \  / _ \  | _ \
   | |   | _|  \__ \   | |     | _|  |   / |   / | (_) | |   /
   |_|   |___| |___/   |_|     |___| |_|_\ |_|_\  \___/  |_|_\

As user i have be able to select category
---------------------------------------------------------------
18:51:20.555 [main] DEBUG  - RELATED ISSUES: 
18:51:20.559 [main] ERROR  -     Test failed at step: Validate message displayed
18:51:20.560 [main] ERROR  -     no such element: Unable to locate element: {"method":"xpath","selector":"//div[@class='v-alert__wrapper']"}
18:51:20.671 [Driver Command Executor] DEBUG org.asynchttpclient.netty.request.NettyRequestSender - Using pooled Channel '[id: 0x64c5c731, L:/127.0.0.1:58750 - R:localhost/127.0.0.1:21457]' for 'DELETE' to 'http://localhost:21457/session/fce82fcc6f1c83d01989cb8847cff436'
18:51:20.671 [Driver Command Executor] DEBUG org.asynchttpclient.netty.request.NettyRequestSender - Using open Channel [id: 0x64c5c731, L:/127.0.0.1:58750 - R:localhost/127.0.0.1:21457] for DELETE '/session/fce82fcc6f1c83d01989cb8847cff436'
18:51:20.673 [AsyncHttpClient-1-4] DEBUG org.asynchttpclient.netty.handler.WebSocketHandler - Channel Closed: [id: 0xddc33a6a, L:/127.0.0.1:58761 ! R:localhost/127.0.0.1:58752] with attribute NettyResponseFuture{currentRetry=0,
	isDone=1,
	isCancelled=0,
	asyncHandler=org.asynchttpclient.ws.WebSocketUpgradeHandler@57ca25c4,
	nettyRequest=org.asynchttpclient.netty.request.NettyRequest@275c3fa4,
	future=java.util.concurrent.CompletableFuture@16cb86a8[Completed normally],
	uri=ws://localhost:58752/devtools/browser/1ce25b36-d751-4a77-8a01-038c6ce03757,
	keepAlive=true,
	redirectCount=0,
	timeoutsHolder=null,
	inAuth=0,
	touch=1683546665984}
18:51:20.675 [AsyncHttpClient-1-4] DEBUG org.asynchttpclient.netty.channel.ChannelManager - Closing Channel [id: 0xddc33a6a, L:/127.0.0.1:58761 ! R:localhost/127.0.0.1:58752] 
18:51:21.168 [AsyncHttpClient-1-1] DEBUG org.asynchttpclient.netty.channel.DefaultChannelPool - Entry count for : http://localhost:58752 : 1
18:51:21.687 [AsyncHttpClient-1-3] DEBUG org.asynchttpclient.netty.handler.HttpHandler - Unexpected I/O exception on channel [id: 0xa0a43fc3, L:/127.0.0.1:58760 - R:localhost/127.0.0.1:58752]
java.net.SocketException: Connection reset
	at java.base/sun.nio.ch.SocketChannelImpl.throwConnectionReset(SocketChannelImpl.java:394)
	at java.base/sun.nio.ch.SocketChannelImpl.read(SocketChannelImpl.java:426)
	at io.netty.buffer.PooledByteBuf.setBytes(PooledByteBuf.java:259)
	at io.netty.buffer.AbstractByteBuf.writeBytes(AbstractByteBuf.java:1132)
	at io.netty.channel.socket.nio.NioSocketChannel.doReadBytes(NioSocketChannel.java:357)
	at io.netty.channel.nio.AbstractNioByteChannel$NioByteUnsafe.read(AbstractNioByteChannel.java:151)
	at io.netty.channel.nio.NioEventLoop.processSelectedKey(NioEventLoop.java:788)
	at io.netty.channel.nio.NioEventLoop.processSelectedKeysOptimized(NioEventLoop.java:724)
	at io.netty.channel.nio.NioEventLoop.processSelectedKeys(NioEventLoop.java:650)
	at io.netty.channel.nio.NioEventLoop.run(NioEventLoop.java:562)
	at io.netty.util.concurrent.SingleThreadEventExecutor$4.run(SingleThreadEventExecutor.java:997)
	at io.netty.util.internal.ThreadExecutorMap$2.run(ThreadExecutorMap.java:74)
	at io.netty.util.concurrent.FastThreadLocalRunnable.run(FastThreadLocalRunnable.java:30)
	at java.base/java.lang.Thread.run(Thread.java:833)
18:51:21.688 [AsyncHttpClient-1-3] DEBUG org.asynchttpclient.netty.channel.ChannelManager - Closing Channel [id: 0xa0a43fc3, L:/127.0.0.1:58760 - R:localhost/127.0.0.1:58752] 
18:51:21.690 [AsyncHttpClient-1-3] DEBUG org.asynchttpclient.netty.handler.HttpHandler - Channel Closed: [id: 0xa0a43fc3, L:/127.0.0.1:58760 ! R:localhost/127.0.0.1:58752] with attribute DISCARD
18:51:21.735 [AsyncHttpClient-1-2] DEBUG org.asynchttpclient.netty.handler.HttpHandler - 

Request DefaultFullHttpRequest(decodeResult: success, version: HTTP/1.1, content: EmptyByteBufBE)
DELETE /session/fce82fcc6f1c83d01989cb8847cff436 HTTP/1.1
User-Agent: selenium/4.8.1 (java windows)
Content-Type: application/json; charset=utf-8
host: localhost:21457
accept: */*

Response DefaultHttpResponse(decodeResult: success, version: HTTP/1.1)
HTTP/1.1 200 OK
Content-Length: 14
Content-Type: application/json; charset=utf-8
cache-control: no-cache

18:51:21.736 [AsyncHttpClient-1-2] DEBUG org.asynchttpclient.netty.channel.ChannelManager - Adding key: http://localhost:21457 for channel [id: 0x64c5c731, L:/127.0.0.1:58750 - R:localhost/127.0.0.1:21457]
18:51:21.854 [AsyncHttpClient-1-2] DEBUG org.asynchttpclient.netty.handler.HttpHandler - Channel Closed: [id: 0x64c5c731, L:/127.0.0.1:58750 ! R:localhost/127.0.0.1:21457] with attribute DISCARD
]]></system-out>
    <system-err><![CDATA[Starting ChromeDriver 111.0.5563.64 (c710e93d5b63b7095afe8c2c17df34408078439d-refs/branch-heads/5563@{#995}) on port 21457
Only local connections are allowed.
Please see https://chromedriver.chromium.org/security-considerations for suggestions on keeping ChromeDriver safe.
ChromeDriver was started successfully.
[1683546665.527][WARNING]: This version of ChromeDriver has not been tested with Chrome version 112.
May 08, 2023 6:51:06 PM org.openqa.selenium.devtools.CdpVersionFinder findNearestMatch
WARNING: Unable to find an exact match for CDP version 112, so returning the closest version found: 110
]]></system-err>
  </testcase>
  <testcase name="As user i have be able to select category and click clear category" classname="Category Product" time="10.789">
    <system-out><![CDATA[
Scenario: As user i have be able to select category and click clear category &amp#27;[90m# src/test/resources/features/category.feature:13&amp#27;[0m
18:51:21.968 [main] DEBUG io.cucumber.core.plugin.SerenityReporter - Running feature from file:///D:/alta/MiniProject/src/test/resources/features/category.feature
18:51:21.971 [main] INFO  - 
  _____   ___   ___   _____     ___   _____     _     ___   _____   ___   ___  
 |_   _| | __| / __| |_   _|   / __| |_   _|   /_\   | _ \ |_   _| | __| |   \ 
   | |   | _|  \__ \   | |     \__ \   | |    / _ \  |   /   | |   | _|  | |) |
   |_|   |___| |___/   |_|     |___/   |_|   /_/ \_\ |_|_\   |_|   |___| |___/ 

As user i have be able to select category and click clear category(category-product;as-user-i-have-be-able-to-select-category-and-click-clear-category)
--------------------------------------------------------------------------------
18:51:22.066 [main] INFO net.serenitybdd.core.webdriver.driverproviders.ChromeDriverProvider - Starting Chrome driver instance with capabilities:
18:51:22.066 [main] INFO net.serenitybdd.core.webdriver.driverproviders.ChromeDriverProvider - Capabilities {acceptInsecureCerts: false, browserName: chrome, goog:chromeOptions: {args: [remote-allow-origins=*], extensions: []}}
18:51:22.256 [AsyncHttpClient-1-5] DEBUG org.asynchttpclient.netty.channel.NettyConnectListener - Using new Channel '[id: 0x4d3ca722, L:/127.0.0.1:58784 - R:localhost/127.0.0.1:5746]' for 'POST' to '/session'
18:51:22.262 [AsyncHttpClient-1-1] DEBUG org.asynchttpclient.netty.channel.DefaultChannelPool - Entry count for : http://localhost:21457 : 1
18:51:22.262 [AsyncHttpClient-1-1] DEBUG org.asynchttpclient.netty.channel.DefaultChannelPool - Entry count for : http://localhost:58752 : 1
18:51:22.262 [AsyncHttpClient-1-1] DEBUG org.asynchttpclient.netty.channel.DefaultChannelPool - Adding Candidate expired Channel [id: 0x64c5c731, L:/127.0.0.1:58750 ! R:localhost/127.0.0.1:21457] isIdleTimeoutExpired=false isRemotelyClosed=true isTtlExpired=false
18:51:22.262 [AsyncHttpClient-1-1] DEBUG org.asynchttpclient.netty.channel.DefaultChannelPool - Closing Idle Channel [id: 0x64c5c731, L:/127.0.0.1:58750 ! R:localhost/127.0.0.1:21457]
18:51:22.263 [AsyncHttpClient-1-1] DEBUG org.asynchttpclient.netty.channel.DefaultChannelPool - Adding Candidate expired Channel [id: 0xa0a43fc3, L:/127.0.0.1:58760 ! R:localhost/127.0.0.1:58752] isIdleTimeoutExpired=false isRemotelyClosed=true isTtlExpired=false
18:51:22.263 [AsyncHttpClient-1-1] DEBUG org.asynchttpclient.netty.channel.DefaultChannelPool - Closing Idle Channel [id: 0xa0a43fc3, L:/127.0.0.1:58760 ! R:localhost/127.0.0.1:58752]
18:51:22.263 [AsyncHttpClient-1-1] DEBUG org.asynchttpclient.netty.channel.DefaultChannelPool - Closed 2 connections out of 2 in 1 ms
18:51:23.236 [AsyncHttpClient-1-5] DEBUG org.asynchttpclient.netty.handler.HttpHandler - 

Request DefaultHttpRequest(decodeResult: success, version: HTTP/1.1)
POST /session HTTP/1.1
User-Agent: selenium/4.8.1 (java windows)
Content-Length: 507
Content-Type: application/json; charset=utf-8
host: localhost:5746
accept: */*

Response DefaultHttpResponse(decodeResult: success, version: HTTP/1.1)
HTTP/1.1 200 OK
Content-Length: 862
Content-Type: application/json; charset=utf-8
cache-control: no-cache

18:51:23.236 [AsyncHttpClient-1-5] DEBUG org.asynchttpclient.netty.channel.ChannelManager - Adding key: http://localhost:5746 for channel [id: 0x4d3ca722, L:/127.0.0.1:58784 - R:localhost/127.0.0.1:5746]
18:51:23.256 [AsyncHttpClient-1-6] DEBUG org.asynchttpclient.netty.channel.NettyConnectListener - Using new Channel '[id: 0x1a4af22a, L:/127.0.0.1:58790 - R:localhost/127.0.0.1:58785]' for 'GET' to '/json/version'
18:51:23.260 [AsyncHttpClient-1-6] DEBUG org.asynchttpclient.netty.handler.HttpHandler - 

Request DefaultFullHttpRequest(decodeResult: success, version: HTTP/1.1, content: EmptyByteBufBE)
GET /json/version HTTP/1.1
User-Agent: selenium/4.8.1 (java windows)
host: localhost:58785
accept: */*

Response DefaultHttpResponse(decodeResult: success, version: HTTP/1.1)
HTTP/1.1 200 OK
Content-Security-Policy: frame-ancestors 'none'
Content-Length: 424
Content-Type: application/json; charset=UTF-8

18:51:23.260 [AsyncHttpClient-1-6] DEBUG org.asynchttpclient.netty.channel.ChannelManager - Adding key: http://localhost:58785 for channel [id: 0x1a4af22a, L:/127.0.0.1:58790 - R:localhost/127.0.0.1:58785]
18:51:23.264 [AsyncHttpClient-1-7] DEBUG org.asynchttpclient.netty.channel.NettyConnectListener - Using new Channel '[id: 0xf2d6c69d, L:/127.0.0.1:58791 - R:localhost/127.0.0.1:58785]' for 'GET' to '/devtools/browser/aec912d9-5b46-4ae1-9aa5-c9fb33172718'
18:51:23.268 [AsyncHttpClient-1-7] DEBUG org.asynchttpclient.netty.handler.WebSocketHandler - 

Request DefaultFullHttpRequest(decodeResult: success, version: HTTP/1.1, content: EmptyByteBufBE)
GET /devtools/browser/aec912d9-5b46-4ae1-9aa5-c9fb33172718 HTTP/1.1
upgrade: websocket
connection: upgrade
sec-websocket-key: 5XUSaDKiIVsGQ1biZWjjXw==
sec-websocket-version: 13
origin: http://localhost:58785
host: localhost:58785
accept: */*
user-agent: AHC/2.1

Response DefaultHttpResponse(decodeResult: success, version: HTTP/1.1)
HTTP/1.1 101 WebSocket Protocol Handshake
Upgrade: WebSocket
Connection: Upgrade
Sec-WebSocket-Accept: WB+bFJ/xSsc76WPa04EwqEw0rV0=

18:51:23.275 [Forwarding get on session ece6f424974b90259ea36f1b81bc49bd to remote] DEBUG org.asynchttpclient.netty.request.NettyRequestSender - Using pooled Channel '[id: 0x4d3ca722, L:/127.0.0.1:58784 - R:localhost/127.0.0.1:5746]' for 'POST' to 'http://localhost:5746/session/ece6f424974b90259ea36f1b81bc49bd/url'
18:51:23.275 [Forwarding get on session ece6f424974b90259ea36f1b81bc49bd to remote] DEBUG org.asynchttpclient.netty.request.NettyRequestSender - Using open Channel [id: 0x4d3ca722, L:/127.0.0.1:58784 - R:localhost/127.0.0.1:5746] for POST '/session/ece6f424974b90259ea36f1b81bc49bd/url'
18:51:23.364 [AsyncHttpClient-1-1] DEBUG org.asynchttpclient.netty.channel.DefaultChannelPool - Entry count for : http://localhost:58785 : 1
18:51:24.473 [AsyncHttpClient-1-1] DEBUG org.asynchttpclient.netty.channel.DefaultChannelPool - Entry count for : http://localhost:58785 : 1
18:51:24.872 [AsyncHttpClient-1-5] DEBUG org.asynchttpclient.netty.handler.HttpHandler - 

Request DefaultHttpRequest(decodeResult: success, version: HTTP/1.1)
POST /session/ece6f424974b90259ea36f1b81bc49bd/url HTTP/1.1
User-Agent: selenium/4.8.1 (java windows)
Content-Length: 53
Content-Type: application/json; charset=utf-8
host: localhost:5746
accept: */*

Response DefaultHttpResponse(decodeResult: success, version: HTTP/1.1)
HTTP/1.1 200 OK
Content-Length: 14
Content-Type: application/json; charset=utf-8
cache-control: no-cache

18:51:24.872 [AsyncHttpClient-1-5] DEBUG org.asynchttpclient.netty.channel.ChannelManager - Adding key: http://localhost:5746 for channel [id: 0x4d3ca722, L:/127.0.0.1:58784 - R:localhost/127.0.0.1:5746]
18:51:24.876 [Forwarding setTimeout on session ece6f424974b90259ea36f1b81bc49bd to remote] DEBUG org.asynchttpclient.netty.request.NettyRequestSender - Using pooled Channel '[id: 0x4d3ca722, L:/127.0.0.1:58784 - R:localhost/127.0.0.1:5746]' for 'POST' to 'http://localhost:5746/session/ece6f424974b90259ea36f1b81bc49bd/timeouts'
18:51:24.877 [Forwarding setTimeout on session ece6f424974b90259ea36f1b81bc49bd to remote] DEBUG org.asynchttpclient.netty.request.NettyRequestSender - Using open Channel [id: 0x4d3ca722, L:/127.0.0.1:58784 - R:localhost/127.0.0.1:5746] for POST '/session/ece6f424974b90259ea36f1b81bc49bd/timeouts'
18:51:24.879 [AsyncHttpClient-1-5] DEBUG org.asynchttpclient.netty.handler.HttpHandler - 

Request DefaultHttpRequest(decodeResult: success, version: HTTP/1.1)
POST /session/ece6f424974b90259ea36f1b81bc49bd/timeouts HTTP/1.1
User-Agent: selenium/4.8.1 (java windows)
Content-Length: 22
Content-Type: application/json; charset=utf-8
host: localhost:5746
accept: */*

Response DefaultHttpResponse(decodeResult: success, version: HTTP/1.1)
HTTP/1.1 200 OK
Content-Length: 14
Content-Type: application/json; charset=utf-8
cache-control: no-cache

18:51:24.879 [AsyncHttpClient-1-5] DEBUG org.asynchttpclient.netty.channel.ChannelManager - Adding key: http://localhost:5746 for channel [id: 0x4d3ca722, L:/127.0.0.1:58784 - R:localhost/127.0.0.1:5746]
  &amp#27;[32mGiven &amp#27;[0m&amp#27;[32mI am on the home page1&amp#27;[0m                                               &amp#27;[90m# starter.stepdefinitions.CategorySteps.goToHomePage()&amp#27;[0m
18:51:24.896 [Forwarding getAlertText on session ece6f424974b90259ea36f1b81bc49bd to remote] DEBUG org.asynchttpclient.netty.request.NettyRequestSender - Using pooled Channel '[id: 0x4d3ca722, L:/127.0.0.1:58784 - R:localhost/127.0.0.1:5746]' for 'GET' to 'http://localhost:5746/session/ece6f424974b90259ea36f1b81bc49bd/alert/text'
18:51:24.896 [Forwarding getAlertText on session ece6f424974b90259ea36f1b81bc49bd to remote] DEBUG org.asynchttpclient.netty.request.NettyRequestSender - Using open Channel [id: 0x4d3ca722, L:/127.0.0.1:58784 - R:localhost/127.0.0.1:5746] for GET '/session/ece6f424974b90259ea36f1b81bc49bd/alert/text'
18:51:24.899 [AsyncHttpClient-1-5] DEBUG org.asynchttpclient.netty.handler.HttpHandler - 

Request DefaultFullHttpRequest(decodeResult: success, version: HTTP/1.1, content: EmptyByteBufBE)
GET /session/ece6f424974b90259ea36f1b81bc49bd/alert/text HTTP/1.1
User-Agent: selenium/4.8.1 (java windows)
Cache-Control: no-cache
Content-Type: application/json; charset=utf-8
host: localhost:5746
accept: */*

Response DefaultHttpResponse(decodeResult: success, version: HTTP/1.1)
HTTP/1.1 404 Not Found
Content-Length: 809
Content-Type: application/json; charset=utf-8
cache-control: no-cache

18:51:24.899 [AsyncHttpClient-1-5] DEBUG org.asynchttpclient.netty.channel.ChannelManager - Adding key: http://localhost:5746 for channel [id: 0x4d3ca722, L:/127.0.0.1:58784 - R:localhost/127.0.0.1:5746]
18:51:24.904 [Forwarding getCurrentUrl on session ece6f424974b90259ea36f1b81bc49bd to remote] DEBUG org.asynchttpclient.netty.request.NettyRequestSender - Using pooled Channel '[id: 0x4d3ca722, L:/127.0.0.1:58784 - R:localhost/127.0.0.1:5746]' for 'GET' to 'http://localhost:5746/session/ece6f424974b90259ea36f1b81bc49bd/url'
18:51:24.904 [Forwarding getCurrentUrl on session ece6f424974b90259ea36f1b81bc49bd to remote] DEBUG org.asynchttpclient.netty.request.NettyRequestSender - Using open Channel [id: 0x4d3ca722, L:/127.0.0.1:58784 - R:localhost/127.0.0.1:5746] for GET '/session/ece6f424974b90259ea36f1b81bc49bd/url'
18:51:24.913 [AsyncHttpClient-1-5] DEBUG org.asynchttpclient.netty.handler.HttpHandler - 

Request DefaultFullHttpRequest(decodeResult: success, version: HTTP/1.1, content: EmptyByteBufBE)
GET /session/ece6f424974b90259ea36f1b81bc49bd/url HTTP/1.1
User-Agent: selenium/4.8.1 (java windows)
Cache-Control: no-cache
Content-Type: application/json; charset=utf-8
host: localhost:5746
accept: */*

Response DefaultHttpResponse(decodeResult: success, version: HTTP/1.1)
HTTP/1.1 200 OK
Content-Length: 41
Content-Type: application/json; charset=utf-8
cache-control: no-cache

18:51:24.913 [AsyncHttpClient-1-5] DEBUG org.asynchttpclient.netty.channel.ChannelManager - Adding key: http://localhost:5746 for channel [id: 0x4d3ca722, L:/127.0.0.1:58784 - R:localhost/127.0.0.1:5746]
18:51:24.915 [Forwarding screenshot on session ece6f424974b90259ea36f1b81bc49bd to remote] DEBUG org.asynchttpclient.netty.request.NettyRequestSender - Using pooled Channel '[id: 0x4d3ca722, L:/127.0.0.1:58784 - R:localhost/127.0.0.1:5746]' for 'GET' to 'http://localhost:5746/session/ece6f424974b90259ea36f1b81bc49bd/screenshot'
18:51:24.915 [Forwarding screenshot on session ece6f424974b90259ea36f1b81bc49bd to remote] DEBUG org.asynchttpclient.netty.request.NettyRequestSender - Using open Channel [id: 0x4d3ca722, L:/127.0.0.1:58784 - R:localhost/127.0.0.1:5746] for GET '/session/ece6f424974b90259ea36f1b81bc49bd/screenshot'
18:51:25.563 [AsyncHttpClient-1-1] DEBUG org.asynchttpclient.netty.channel.DefaultChannelPool - Entry count for : http://localhost:58785 : 1
18:51:26.668 [AsyncHttpClient-1-1] DEBUG org.asynchttpclient.netty.channel.DefaultChannelPool - Entry count for : http://localhost:58785 : 1
18:51:27.240 [AsyncHttpClient-1-5] DEBUG org.asynchttpclient.netty.handler.HttpHandler - 

Request DefaultFullHttpRequest(decodeResult: success, version: HTTP/1.1, content: EmptyByteBufBE)
GET /session/ece6f424974b90259ea36f1b81bc49bd/screenshot HTTP/1.1
User-Agent: selenium/4.8.1 (java windows)
Cache-Control: no-cache
Content-Type: application/json; charset=utf-8
host: localhost:5746
accept: */*

Response DefaultHttpResponse(decodeResult: success, version: HTTP/1.1)
HTTP/1.1 200 OK
Content-Length: 33356
Content-Type: application/json; charset=utf-8
cache-control: no-cache

18:51:27.241 [AsyncHttpClient-1-5] DEBUG org.asynchttpclient.netty.channel.ChannelManager - Adding key: http://localhost:5746 for channel [id: 0x4d3ca722, L:/127.0.0.1:58784 - R:localhost/127.0.0.1:5746]
18:51:27.245 [main] DEBUG net.serenitybdd.core.photography.Darkroom - Send negative for processing for target\site\serenity\c8c16ff2dfe89ae09c5747f927adfa5d90443595701e400c881fbad47def1483.png
18:51:27.245 [Darkroom Processing Line] DEBUG net.serenitybdd.core.photography.DarkroomProcessingLine - Processing screenshot image in /var/screenshots/screenshot-17819234565542141707
18:51:27.245 [Darkroom Processing Line] DEBUG net.serenitybdd.core.photography.DarkroomProcessingLine - Saving screenshot to target\site\serenity\c8c16ff2dfe89ae09c5747f927adfa5d90443595701e400c881fbad47def1483.png
18:51:27.253 [Forwarding getPageSource on session ece6f424974b90259ea36f1b81bc49bd to remote] DEBUG org.asynchttpclient.netty.request.NettyRequestSender - Using pooled Channel '[id: 0x4d3ca722, L:/127.0.0.1:58784 - R:localhost/127.0.0.1:5746]' for 'POST' to 'http://localhost:5746/session/ece6f424974b90259ea36f1b81bc49bd/execute/sync'
18:51:27.253 [Forwarding getPageSource on session ece6f424974b90259ea36f1b81bc49bd to remote] DEBUG org.asynchttpclient.netty.request.NettyRequestSender - Using open Channel [id: 0x4d3ca722, L:/127.0.0.1:58784 - R:localhost/127.0.0.1:5746] for POST '/session/ece6f424974b90259ea36f1b81bc49bd/execute/sync'
18:51:27.306 [AsyncHttpClient-1-5] DEBUG org.asynchttpclient.netty.handler.HttpHandler - 

Request DefaultHttpRequest(decodeResult: success, version: HTTP/1.1)
POST /session/ece6f424974b90259ea36f1b81bc49bd/execute/sync HTTP/1.1
User-Agent: selenium/4.8.1 (java windows)
Content-Length: 176
Content-Type: application/json; charset=utf-8
host: localhost:5746
accept: */*

Response DefaultHttpResponse(decodeResult: success, version: HTTP/1.1)
HTTP/1.1 200 OK
Content-Length: 744185
Content-Type: application/json; charset=utf-8
cache-control: no-cache

18:51:27.309 [AsyncHttpClient-1-5] DEBUG org.asynchttpclient.netty.channel.ChannelManager - Adding key: http://localhost:5746 for channel [id: 0x4d3ca722, L:/127.0.0.1:58784 - R:localhost/127.0.0.1:5746]
18:51:27.377 [Forwarding getCurrentUrl on session ece6f424974b90259ea36f1b81bc49bd to remote] DEBUG org.asynchttpclient.netty.request.NettyRequestSender - Using pooled Channel '[id: 0x4d3ca722, L:/127.0.0.1:58784 - R:localhost/127.0.0.1:5746]' for 'GET' to 'http://localhost:5746/session/ece6f424974b90259ea36f1b81bc49bd/url'
18:51:27.378 [Forwarding getCurrentUrl on session ece6f424974b90259ea36f1b81bc49bd to remote] DEBUG org.asynchttpclient.netty.request.NettyRequestSender - Using open Channel [id: 0x4d3ca722, L:/127.0.0.1:58784 - R:localhost/127.0.0.1:5746] for GET '/session/ece6f424974b90259ea36f1b81bc49bd/url'
18:51:27.383 [AsyncHttpClient-1-5] DEBUG org.asynchttpclient.netty.handler.HttpHandler - 

Request DefaultFullHttpRequest(decodeResult: success, version: HTTP/1.1, content: EmptyByteBufBE)
GET /session/ece6f424974b90259ea36f1b81bc49bd/url HTTP/1.1
User-Agent: selenium/4.8.1 (java windows)
Cache-Control: no-cache
Content-Type: application/json; charset=utf-8
host: localhost:5746
accept: */*

Response DefaultHttpResponse(decodeResult: success, version: HTTP/1.1)
HTTP/1.1 200 OK
Content-Length: 41
Content-Type: application/json; charset=utf-8
cache-control: no-cache

18:51:27.383 [AsyncHttpClient-1-5] DEBUG org.asynchttpclient.netty.channel.ChannelManager - Adding key: http://localhost:5746 for channel [id: 0x4d3ca722, L:/127.0.0.1:58784 - R:localhost/127.0.0.1:5746]
18:51:27.396 [Forwarding getAlertText on session ece6f424974b90259ea36f1b81bc49bd to remote] DEBUG org.asynchttpclient.netty.request.NettyRequestSender - Using pooled Channel '[id: 0x4d3ca722, L:/127.0.0.1:58784 - R:localhost/127.0.0.1:5746]' for 'GET' to 'http://localhost:5746/session/ece6f424974b90259ea36f1b81bc49bd/alert/text'
18:51:27.396 [Forwarding getAlertText on session ece6f424974b90259ea36f1b81bc49bd to remote] DEBUG org.asynchttpclient.netty.request.NettyRequestSender - Using open Channel [id: 0x4d3ca722, L:/127.0.0.1:58784 - R:localhost/127.0.0.1:5746] for GET '/session/ece6f424974b90259ea36f1b81bc49bd/alert/text'
18:51:27.398 [AsyncHttpClient-1-5] DEBUG org.asynchttpclient.netty.handler.HttpHandler - 

Request DefaultFullHttpRequest(decodeResult: success, version: HTTP/1.1, content: EmptyByteBufBE)
GET /session/ece6f424974b90259ea36f1b81bc49bd/alert/text HTTP/1.1
User-Agent: selenium/4.8.1 (java windows)
Cache-Control: no-cache
Content-Type: application/json; charset=utf-8
host: localhost:5746
accept: */*

Response DefaultHttpResponse(decodeResult: success, version: HTTP/1.1)
HTTP/1.1 404 Not Found
Content-Length: 809
Content-Type: application/json; charset=utf-8
cache-control: no-cache

18:51:27.398 [AsyncHttpClient-1-5] DEBUG org.asynchttpclient.netty.channel.ChannelManager - Adding key: http://localhost:5746 for channel [id: 0x4d3ca722, L:/127.0.0.1:58784 - R:localhost/127.0.0.1:5746]
18:51:27.400 [Forwarding getCurrentUrl on session ece6f424974b90259ea36f1b81bc49bd to remote] DEBUG org.asynchttpclient.netty.request.NettyRequestSender - Using pooled Channel '[id: 0x4d3ca722, L:/127.0.0.1:58784 - R:localhost/127.0.0.1:5746]' for 'GET' to 'http://localhost:5746/session/ece6f424974b90259ea36f1b81bc49bd/url'
18:51:27.400 [Forwarding getCurrentUrl on session ece6f424974b90259ea36f1b81bc49bd to remote] DEBUG org.asynchttpclient.netty.request.NettyRequestSender - Using open Channel [id: 0x4d3ca722, L:/127.0.0.1:58784 - R:localhost/127.0.0.1:5746] for GET '/session/ece6f424974b90259ea36f1b81bc49bd/url'
18:51:27.404 [AsyncHttpClient-1-5] DEBUG org.asynchttpclient.netty.handler.HttpHandler - 

Request DefaultFullHttpRequest(decodeResult: success, version: HTTP/1.1, content: EmptyByteBufBE)
GET /session/ece6f424974b90259ea36f1b81bc49bd/url HTTP/1.1
User-Agent: selenium/4.8.1 (java windows)
Cache-Control: no-cache
Content-Type: application/json; charset=utf-8
host: localhost:5746
accept: */*

Response DefaultHttpResponse(decodeResult: success, version: HTTP/1.1)
HTTP/1.1 200 OK
Content-Length: 41
Content-Type: application/json; charset=utf-8
cache-control: no-cache

18:51:27.404 [AsyncHttpClient-1-5] DEBUG org.asynchttpclient.netty.channel.ChannelManager - Adding key: http://localhost:5746 for channel [id: 0x4d3ca722, L:/127.0.0.1:58784 - R:localhost/127.0.0.1:5746]
18:51:27.405 [Forwarding screenshot on session ece6f424974b90259ea36f1b81bc49bd to remote] DEBUG org.asynchttpclient.netty.request.NettyRequestSender - Using pooled Channel '[id: 0x4d3ca722, L:/127.0.0.1:58784 - R:localhost/127.0.0.1:5746]' for 'GET' to 'http://localhost:5746/session/ece6f424974b90259ea36f1b81bc49bd/screenshot'
18:51:27.405 [Forwarding screenshot on session ece6f424974b90259ea36f1b81bc49bd to remote] DEBUG org.asynchttpclient.netty.request.NettyRequestSender - Using open Channel [id: 0x4d3ca722, L:/127.0.0.1:58784 - R:localhost/127.0.0.1:5746] for GET '/session/ece6f424974b90259ea36f1b81bc49bd/screenshot'
18:51:27.582 [AsyncHttpClient-1-5] DEBUG org.asynchttpclient.netty.handler.HttpHandler - 

Request DefaultFullHttpRequest(decodeResult: success, version: HTTP/1.1, content: EmptyByteBufBE)
GET /session/ece6f424974b90259ea36f1b81bc49bd/screenshot HTTP/1.1
User-Agent: selenium/4.8.1 (java windows)
Cache-Control: no-cache
Content-Type: application/json; charset=utf-8
host: localhost:5746
accept: */*

Response DefaultHttpResponse(decodeResult: success, version: HTTP/1.1)
HTTP/1.1 200 OK
Content-Length: 89532
Content-Type: application/json; charset=utf-8
cache-control: no-cache

18:51:27.583 [AsyncHttpClient-1-5] DEBUG org.asynchttpclient.netty.channel.ChannelManager - Adding key: http://localhost:5746 for channel [id: 0x4d3ca722, L:/127.0.0.1:58784 - R:localhost/127.0.0.1:5746]
18:51:27.591 [main] DEBUG net.serenitybdd.core.photography.Darkroom - Send negative for processing for target\site\serenity\4735d7e6eac18c30f16414d2c2ec743afbe5b44a248a461a45db3666ebaa8755.png
18:51:27.593 [Forwarding getPageSource on session ece6f424974b90259ea36f1b81bc49bd to remote] DEBUG org.asynchttpclient.netty.request.NettyRequestSender - Using pooled Channel '[id: 0x4d3ca722, L:/127.0.0.1:58784 - R:localhost/127.0.0.1:5746]' for 'POST' to 'http://localhost:5746/session/ece6f424974b90259ea36f1b81bc49bd/execute/sync'
18:51:27.593 [Forwarding getPageSource on session ece6f424974b90259ea36f1b81bc49bd to remote] DEBUG org.asynchttpclient.netty.request.NettyRequestSender - Using open Channel [id: 0x4d3ca722, L:/127.0.0.1:58784 - R:localhost/127.0.0.1:5746] for POST '/session/ece6f424974b90259ea36f1b81bc49bd/execute/sync'
18:51:27.663 [AsyncHttpClient-1-5] DEBUG org.asynchttpclient.netty.handler.HttpHandler - 

Request DefaultHttpRequest(decodeResult: success, version: HTTP/1.1)
POST /session/ece6f424974b90259ea36f1b81bc49bd/execute/sync HTTP/1.1
User-Agent: selenium/4.8.1 (java windows)
Content-Length: 176
Content-Type: application/json; charset=utf-8
host: localhost:5746
accept: */*

Response DefaultHttpResponse(decodeResult: success, version: HTTP/1.1)
HTTP/1.1 200 OK
Content-Length: 744185
Content-Type: application/json; charset=utf-8
cache-control: no-cache

18:51:27.666 [AsyncHttpClient-1-5] DEBUG org.asynchttpclient.netty.channel.ChannelManager - Adding key: http://localhost:5746 for channel [id: 0x4d3ca722, L:/127.0.0.1:58784 - R:localhost/127.0.0.1:5746]
18:51:27.739 [Forwarding getCurrentUrl on session ece6f424974b90259ea36f1b81bc49bd to remote] DEBUG org.asynchttpclient.netty.request.NettyRequestSender - Using pooled Channel '[id: 0x4d3ca722, L:/127.0.0.1:58784 - R:localhost/127.0.0.1:5746]' for 'GET' to 'http://localhost:5746/session/ece6f424974b90259ea36f1b81bc49bd/url'
18:51:27.739 [Forwarding getCurrentUrl on session ece6f424974b90259ea36f1b81bc49bd to remote] DEBUG org.asynchttpclient.netty.request.NettyRequestSender - Using open Channel [id: 0x4d3ca722, L:/127.0.0.1:58784 - R:localhost/127.0.0.1:5746] for GET '/session/ece6f424974b90259ea36f1b81bc49bd/url'
18:51:27.747 [AsyncHttpClient-1-5] DEBUG org.asynchttpclient.netty.handler.HttpHandler - 

Request DefaultFullHttpRequest(decodeResult: success, version: HTTP/1.1, content: EmptyByteBufBE)
GET /session/ece6f424974b90259ea36f1b81bc49bd/url HTTP/1.1
User-Agent: selenium/4.8.1 (java windows)
Cache-Control: no-cache
Content-Type: application/json; charset=utf-8
host: localhost:5746
accept: */*

Response DefaultHttpResponse(decodeResult: success, version: HTTP/1.1)
HTTP/1.1 200 OK
Content-Length: 41
Content-Type: application/json; charset=utf-8
cache-control: no-cache

18:51:27.747 [AsyncHttpClient-1-5] DEBUG org.asynchttpclient.netty.channel.ChannelManager - Adding key: http://localhost:5746 for channel [id: 0x4d3ca722, L:/127.0.0.1:58784 - R:localhost/127.0.0.1:5746]
18:51:27.751 [main] DEBUG net.thucydides.core.steps.StepInterceptor - STARTING STEP: CategorySteps.clickSelectCategoryButton - ClickSelectCategoryButton
18:51:27.756 [Forwarding findElement on session ece6f424974b90259ea36f1b81bc49bd to remote] DEBUG org.asynchttpclient.netty.request.NettyRequestSender - Using pooled Channel '[id: 0x4d3ca722, L:/127.0.0.1:58784 - R:localhost/127.0.0.1:5746]' for 'POST' to 'http://localhost:5746/session/ece6f424974b90259ea36f1b81bc49bd/element'
18:51:27.756 [Forwarding findElement on session ece6f424974b90259ea36f1b81bc49bd to remote] DEBUG org.asynchttpclient.netty.request.NettyRequestSender - Using open Channel [id: 0x4d3ca722, L:/127.0.0.1:58784 - R:localhost/127.0.0.1:5746] for POST '/session/ece6f424974b90259ea36f1b81bc49bd/element'
18:51:27.763 [AsyncHttpClient-1-1] DEBUG org.asynchttpclient.netty.channel.DefaultChannelPool - Entry count for : http://localhost:58785 : 1
18:51:27.784 [AsyncHttpClient-1-5] DEBUG org.asynchttpclient.netty.handler.HttpHandler - 

Request DefaultHttpRequest(decodeResult: success, version: HTTP/1.1)
POST /session/ece6f424974b90259ea36f1b81bc49bd/element HTTP/1.1
User-Agent: selenium/4.8.1 (java windows)
Content-Length: 76
Content-Type: application/json; charset=utf-8
host: localhost:5746
accept: */*

Response DefaultHttpResponse(decodeResult: success, version: HTTP/1.1)
HTTP/1.1 200 OK
Content-Length: 88
Content-Type: application/json; charset=utf-8
cache-control: no-cache

18:51:27.784 [AsyncHttpClient-1-5] DEBUG org.asynchttpclient.netty.channel.ChannelManager - Adding key: http://localhost:5746 for channel [id: 0x4d3ca722, L:/127.0.0.1:58784 - R:localhost/127.0.0.1:5746]
18:51:27.787 [Forwarding getElementTagName on session ece6f424974b90259ea36f1b81bc49bd to remote] DEBUG org.asynchttpclient.netty.request.NettyRequestSender - Using pooled Channel '[id: 0x4d3ca722, L:/127.0.0.1:58784 - R:localhost/127.0.0.1:5746]' for 'GET' to 'http://localhost:5746/session/ece6f424974b90259ea36f1b81bc49bd/element/13b66761-aeac-4d72-909f-b06e281bb5b2/name'
18:51:27.787 [Forwarding getElementTagName on session ece6f424974b90259ea36f1b81bc49bd to remote] DEBUG org.asynchttpclient.netty.request.NettyRequestSender - Using open Channel [id: 0x4d3ca722, L:/127.0.0.1:58784 - R:localhost/127.0.0.1:5746] for GET '/session/ece6f424974b90259ea36f1b81bc49bd/element/13b66761-aeac-4d72-909f-b06e281bb5b2/name'
18:51:27.792 [AsyncHttpClient-1-5] DEBUG org.asynchttpclient.netty.handler.HttpHandler - 

Request DefaultFullHttpRequest(decodeResult: success, version: HTTP/1.1, content: EmptyByteBufBE)
GET /session/ece6f424974b90259ea36f1b81bc49bd/element/13b66761-aeac-4d72-909f-b06e281bb5b2/name HTTP/1.1
User-Agent: selenium/4.8.1 (java windows)
Cache-Control: no-cache
Content-Type: application/json; charset=utf-8
host: localhost:5746
accept: */*

Response DefaultHttpResponse(decodeResult: success, version: HTTP/1.1)
HTTP/1.1 200 OK
Content-Length: 15
Content-Type: application/json; charset=utf-8
cache-control: no-cache

18:51:27.792 [AsyncHttpClient-1-5] DEBUG org.asynchttpclient.netty.channel.ChannelManager - Adding key: http://localhost:5746 for channel [id: 0x4d3ca722, L:/127.0.0.1:58784 - R:localhost/127.0.0.1:5746]
18:51:27.795 [Forwarding getElementTagName on session ece6f424974b90259ea36f1b81bc49bd to remote] DEBUG org.asynchttpclient.netty.request.NettyRequestSender - Using pooled Channel '[id: 0x4d3ca722, L:/127.0.0.1:58784 - R:localhost/127.0.0.1:5746]' for 'GET' to 'http://localhost:5746/session/ece6f424974b90259ea36f1b81bc49bd/element/13b66761-aeac-4d72-909f-b06e281bb5b2/name'
18:51:27.795 [Forwarding getElementTagName on session ece6f424974b90259ea36f1b81bc49bd to remote] DEBUG org.asynchttpclient.netty.request.NettyRequestSender - Using open Channel [id: 0x4d3ca722, L:/127.0.0.1:58784 - R:localhost/127.0.0.1:5746] for GET '/session/ece6f424974b90259ea36f1b81bc49bd/element/13b66761-aeac-4d72-909f-b06e281bb5b2/name'
18:51:27.799 [AsyncHttpClient-1-5] DEBUG org.asynchttpclient.netty.handler.HttpHandler - 

Request DefaultFullHttpRequest(decodeResult: success, version: HTTP/1.1, content: EmptyByteBufBE)
GET /session/ece6f424974b90259ea36f1b81bc49bd/element/13b66761-aeac-4d72-909f-b06e281bb5b2/name HTTP/1.1
User-Agent: selenium/4.8.1 (java windows)
Cache-Control: no-cache
Content-Type: application/json; charset=utf-8
host: localhost:5746
accept: */*

Response DefaultHttpResponse(decodeResult: success, version: HTTP/1.1)
HTTP/1.1 200 OK
Content-Length: 15
Content-Type: application/json; charset=utf-8
cache-control: no-cache

18:51:27.799 [AsyncHttpClient-1-5] DEBUG org.asynchttpclient.netty.channel.ChannelManager - Adding key: http://localhost:5746 for channel [id: 0x4d3ca722, L:/127.0.0.1:58784 - R:localhost/127.0.0.1:5746]
18:51:27.802 [Forwarding findElement on session ece6f424974b90259ea36f1b81bc49bd to remote] DEBUG org.asynchttpclient.netty.request.NettyRequestSender - Using pooled Channel '[id: 0x4d3ca722, L:/127.0.0.1:58784 - R:localhost/127.0.0.1:5746]' for 'POST' to 'http://localhost:5746/session/ece6f424974b90259ea36f1b81bc49bd/element'
18:51:27.802 [Forwarding findElement on session ece6f424974b90259ea36f1b81bc49bd to remote] DEBUG org.asynchttpclient.netty.request.NettyRequestSender - Using open Channel [id: 0x4d3ca722, L:/127.0.0.1:58784 - R:localhost/127.0.0.1:5746] for POST '/session/ece6f424974b90259ea36f1b81bc49bd/element'
18:51:27.823 [AsyncHttpClient-1-5] DEBUG org.asynchttpclient.netty.handler.HttpHandler - 

Request DefaultHttpRequest(decodeResult: success, version: HTTP/1.1)
POST /session/ece6f424974b90259ea36f1b81bc49bd/element HTTP/1.1
User-Agent: selenium/4.8.1 (java windows)
Content-Length: 76
Content-Type: application/json; charset=utf-8
host: localhost:5746
accept: */*

Response DefaultHttpResponse(decodeResult: success, version: HTTP/1.1)
HTTP/1.1 200 OK
Content-Length: 88
Content-Type: application/json; charset=utf-8
cache-control: no-cache

18:51:27.824 [AsyncHttpClient-1-5] DEBUG org.asynchttpclient.netty.channel.ChannelManager - Adding key: http://localhost:5746 for channel [id: 0x4d3ca722, L:/127.0.0.1:58784 - R:localhost/127.0.0.1:5746]
18:51:27.826 [Forwarding clickElement on session ece6f424974b90259ea36f1b81bc49bd to remote] DEBUG org.asynchttpclient.netty.request.NettyRequestSender - Using pooled Channel '[id: 0x4d3ca722, L:/127.0.0.1:58784 - R:localhost/127.0.0.1:5746]' for 'POST' to 'http://localhost:5746/session/ece6f424974b90259ea36f1b81bc49bd/element/13b66761-aeac-4d72-909f-b06e281bb5b2/click'
18:51:27.826 [Forwarding clickElement on session ece6f424974b90259ea36f1b81bc49bd to remote] DEBUG org.asynchttpclient.netty.request.NettyRequestSender - Using open Channel [id: 0x4d3ca722, L:/127.0.0.1:58784 - R:localhost/127.0.0.1:5746] for POST '/session/ece6f424974b90259ea36f1b81bc49bd/element/13b66761-aeac-4d72-909f-b06e281bb5b2/click'
18:51:28.007 [AsyncHttpClient-1-5] DEBUG org.asynchttpclient.netty.handler.HttpHandler - 

Request DefaultHttpRequest(decodeResult: success, version: HTTP/1.1)
POST /session/ece6f424974b90259ea36f1b81bc49bd/element/13b66761-aeac-4d72-909f-b06e281bb5b2/click HTTP/1.1
User-Agent: selenium/4.8.1 (java windows)
Content-Length: 50
Content-Type: application/json; charset=utf-8
host: localhost:5746
accept: */*

Response DefaultHttpResponse(decodeResult: success, version: HTTP/1.1)
HTTP/1.1 200 OK
Content-Length: 14
Content-Type: application/json; charset=utf-8
cache-control: no-cache

18:51:28.007 [AsyncHttpClient-1-5] DEBUG org.asynchttpclient.netty.channel.ChannelManager - Adding key: http://localhost:5746 for channel [id: 0x4d3ca722, L:/127.0.0.1:58784 - R:localhost/127.0.0.1:5746]
18:51:28.023 [Forwarding getAlertText on session ece6f424974b90259ea36f1b81bc49bd to remote] DEBUG org.asynchttpclient.netty.request.NettyRequestSender - Using pooled Channel '[id: 0x4d3ca722, L:/127.0.0.1:58784 - R:localhost/127.0.0.1:5746]' for 'GET' to 'http://localhost:5746/session/ece6f424974b90259ea36f1b81bc49bd/alert/text'
18:51:28.024 [Forwarding getAlertText on session ece6f424974b90259ea36f1b81bc49bd to remote] DEBUG org.asynchttpclient.netty.request.NettyRequestSender - Using open Channel [id: 0x4d3ca722, L:/127.0.0.1:58784 - R:localhost/127.0.0.1:5746] for GET '/session/ece6f424974b90259ea36f1b81bc49bd/alert/text'
18:51:28.068 [AsyncHttpClient-1-5] DEBUG org.asynchttpclient.netty.handler.HttpHandler - 

Request DefaultFullHttpRequest(decodeResult: success, version: HTTP/1.1, content: EmptyByteBufBE)
GET /session/ece6f424974b90259ea36f1b81bc49bd/alert/text HTTP/1.1
User-Agent: selenium/4.8.1 (java windows)
Cache-Control: no-cache
Content-Type: application/json; charset=utf-8
host: localhost:5746
accept: */*

Response DefaultHttpResponse(decodeResult: success, version: HTTP/1.1)
HTTP/1.1 404 Not Found
Content-Length: 809
Content-Type: application/json; charset=utf-8
cache-control: no-cache

18:51:28.068 [AsyncHttpClient-1-5] DEBUG org.asynchttpclient.netty.channel.ChannelManager - Adding key: http://localhost:5746 for channel [id: 0x4d3ca722, L:/127.0.0.1:58784 - R:localhost/127.0.0.1:5746]
18:51:28.071 [Forwarding getCurrentUrl on session ece6f424974b90259ea36f1b81bc49bd to remote] DEBUG org.asynchttpclient.netty.request.NettyRequestSender - Using pooled Channel '[id: 0x4d3ca722, L:/127.0.0.1:58784 - R:localhost/127.0.0.1:5746]' for 'GET' to 'http://localhost:5746/session/ece6f424974b90259ea36f1b81bc49bd/url'
18:51:28.071 [Forwarding getCurrentUrl on session ece6f424974b90259ea36f1b81bc49bd to remote] DEBUG org.asynchttpclient.netty.request.NettyRequestSender - Using open Channel [id: 0x4d3ca722, L:/127.0.0.1:58784 - R:localhost/127.0.0.1:5746] for GET '/session/ece6f424974b90259ea36f1b81bc49bd/url'
18:51:28.149 [AsyncHttpClient-1-5] DEBUG org.asynchttpclient.netty.handler.HttpHandler - 

Request DefaultFullHttpRequest(decodeResult: success, version: HTTP/1.1, content: EmptyByteBufBE)
GET /session/ece6f424974b90259ea36f1b81bc49bd/url HTTP/1.1
User-Agent: selenium/4.8.1 (java windows)
Cache-Control: no-cache
Content-Type: application/json; charset=utf-8
host: localhost:5746
accept: */*

Response DefaultHttpResponse(decodeResult: success, version: HTTP/1.1)
HTTP/1.1 200 OK
Content-Length: 41
Content-Type: application/json; charset=utf-8
cache-control: no-cache

18:51:28.150 [AsyncHttpClient-1-5] DEBUG org.asynchttpclient.netty.channel.ChannelManager - Adding key: http://localhost:5746 for channel [id: 0x4d3ca722, L:/127.0.0.1:58784 - R:localhost/127.0.0.1:5746]
18:51:28.152 [Forwarding screenshot on session ece6f424974b90259ea36f1b81bc49bd to remote] DEBUG org.asynchttpclient.netty.request.NettyRequestSender - Using pooled Channel '[id: 0x4d3ca722, L:/127.0.0.1:58784 - R:localhost/127.0.0.1:5746]' for 'GET' to 'http://localhost:5746/session/ece6f424974b90259ea36f1b81bc49bd/screenshot'
18:51:28.152 [Forwarding screenshot on session ece6f424974b90259ea36f1b81bc49bd to remote] DEBUG org.asynchttpclient.netty.request.NettyRequestSender - Using open Channel [id: 0x4d3ca722, L:/127.0.0.1:58784 - R:localhost/127.0.0.1:5746] for GET '/session/ece6f424974b90259ea36f1b81bc49bd/screenshot'
18:51:28.452 [AsyncHttpClient-1-5] DEBUG org.asynchttpclient.netty.handler.HttpHandler - 

Request DefaultFullHttpRequest(decodeResult: success, version: HTTP/1.1, content: EmptyByteBufBE)
GET /session/ece6f424974b90259ea36f1b81bc49bd/screenshot HTTP/1.1
User-Agent: selenium/4.8.1 (java windows)
Cache-Control: no-cache
Content-Type: application/json; charset=utf-8
host: localhost:5746
accept: */*

Response DefaultHttpResponse(decodeResult: success, version: HTTP/1.1)
HTTP/1.1 200 OK
Content-Length: 77764
Content-Type: application/json; charset=utf-8
cache-control: no-cache

18:51:28.453 [AsyncHttpClient-1-5] DEBUG org.asynchttpclient.netty.channel.ChannelManager - Adding key: http://localhost:5746 for channel [id: 0x4d3ca722, L:/127.0.0.1:58784 - R:localhost/127.0.0.1:5746]
18:51:28.455 [main] DEBUG net.serenitybdd.core.photography.Darkroom - Send negative for processing for target\site\serenity\eb70b8ec8f4e420061de41a435fd432115b6c1194f649d55da4232d76c2423fb.png
18:51:28.456 [main] DEBUG net.thucydides.core.steps.StepInterceptor - STEP DONE: ClickSelectCategoryButton
18:51:28.456 [Darkroom Processing Line] DEBUG net.serenitybdd.core.photography.DarkroomProcessingLine - Processing screenshot image in /var/screenshots/screenshot-9089900750228640796
18:51:28.456 [Darkroom Processing Line] DEBUG net.serenitybdd.core.photography.DarkroomProcessingLine - Saving screenshot to target\site\serenity\eb70b8ec8f4e420061de41a435fd432115b6c1194f649d55da4232d76c2423fb.png
  &amp#27;[32mWhen &amp#27;[0m&amp#27;[32mI click select category&amp#27;[0m                                               &amp#27;[90m# starter.stepdefinitions.CategorySteps.clickSelectCategoryButton()&amp#27;[0m
18:51:28.469 [Forwarding getPageSource on session ece6f424974b90259ea36f1b81bc49bd to remote] DEBUG org.asynchttpclient.netty.request.NettyRequestSender - Using pooled Channel '[id: 0x4d3ca722, L:/127.0.0.1:58784 - R:localhost/127.0.0.1:5746]' for 'POST' to 'http://localhost:5746/session/ece6f424974b90259ea36f1b81bc49bd/execute/sync'
18:51:28.469 [Forwarding getPageSource on session ece6f424974b90259ea36f1b81bc49bd to remote] DEBUG org.asynchttpclient.netty.request.NettyRequestSender - Using open Channel [id: 0x4d3ca722, L:/127.0.0.1:58784 - R:localhost/127.0.0.1:5746] for POST '/session/ece6f424974b90259ea36f1b81bc49bd/execute/sync'
18:51:28.513 [AsyncHttpClient-1-5] DEBUG org.asynchttpclient.netty.handler.HttpHandler - 

Request DefaultHttpRequest(decodeResult: success, version: HTTP/1.1)
POST /session/ece6f424974b90259ea36f1b81bc49bd/execute/sync HTTP/1.1
User-Agent: selenium/4.8.1 (java windows)
Content-Length: 176
Content-Type: application/json; charset=utf-8
host: localhost:5746
accept: */*

Response DefaultHttpResponse(decodeResult: success, version: HTTP/1.1)
HTTP/1.1 200 OK
Content-Length: 749745
Content-Type: application/json; charset=utf-8
cache-control: no-cache

18:51:28.515 [AsyncHttpClient-1-5] DEBUG org.asynchttpclient.netty.channel.ChannelManager - Adding key: http://localhost:5746 for channel [id: 0x4d3ca722, L:/127.0.0.1:58784 - R:localhost/127.0.0.1:5746]
18:51:28.563 [Forwarding getCurrentUrl on session ece6f424974b90259ea36f1b81bc49bd to remote] DEBUG org.asynchttpclient.netty.request.NettyRequestSender - Using pooled Channel '[id: 0x4d3ca722, L:/127.0.0.1:58784 - R:localhost/127.0.0.1:5746]' for 'GET' to 'http://localhost:5746/session/ece6f424974b90259ea36f1b81bc49bd/url'
18:51:28.564 [Forwarding getCurrentUrl on session ece6f424974b90259ea36f1b81bc49bd to remote] DEBUG org.asynchttpclient.netty.request.NettyRequestSender - Using open Channel [id: 0x4d3ca722, L:/127.0.0.1:58784 - R:localhost/127.0.0.1:5746] for GET '/session/ece6f424974b90259ea36f1b81bc49bd/url'
18:51:28.568 [AsyncHttpClient-1-5] DEBUG org.asynchttpclient.netty.handler.HttpHandler - 

Request DefaultFullHttpRequest(decodeResult: success, version: HTTP/1.1, content: EmptyByteBufBE)
GET /session/ece6f424974b90259ea36f1b81bc49bd/url HTTP/1.1
User-Agent: selenium/4.8.1 (java windows)
Cache-Control: no-cache
Content-Type: application/json; charset=utf-8
host: localhost:5746
accept: */*

Response DefaultHttpResponse(decodeResult: success, version: HTTP/1.1)
HTTP/1.1 200 OK
Content-Length: 41
Content-Type: application/json; charset=utf-8
cache-control: no-cache

18:51:28.569 [AsyncHttpClient-1-5] DEBUG org.asynchttpclient.netty.channel.ChannelManager - Adding key: http://localhost:5746 for channel [id: 0x4d3ca722, L:/127.0.0.1:58784 - R:localhost/127.0.0.1:5746]
18:51:28.577 [Forwarding getAlertText on session ece6f424974b90259ea36f1b81bc49bd to remote] DEBUG org.asynchttpclient.netty.request.NettyRequestSender - Using pooled Channel '[id: 0x4d3ca722, L:/127.0.0.1:58784 - R:localhost/127.0.0.1:5746]' for 'GET' to 'http://localhost:5746/session/ece6f424974b90259ea36f1b81bc49bd/alert/text'
18:51:28.577 [Forwarding getAlertText on session ece6f424974b90259ea36f1b81bc49bd to remote] DEBUG org.asynchttpclient.netty.request.NettyRequestSender - Using open Channel [id: 0x4d3ca722, L:/127.0.0.1:58784 - R:localhost/127.0.0.1:5746] for GET '/session/ece6f424974b90259ea36f1b81bc49bd/alert/text'
18:51:28.579 [AsyncHttpClient-1-5] DEBUG org.asynchttpclient.netty.handler.HttpHandler - 

Request DefaultFullHttpRequest(decodeResult: success, version: HTTP/1.1, content: EmptyByteBufBE)
GET /session/ece6f424974b90259ea36f1b81bc49bd/alert/text HTTP/1.1
User-Agent: selenium/4.8.1 (java windows)
Cache-Control: no-cache
Content-Type: application/json; charset=utf-8
host: localhost:5746
accept: */*

Response DefaultHttpResponse(decodeResult: success, version: HTTP/1.1)
HTTP/1.1 404 Not Found
Content-Length: 809
Content-Type: application/json; charset=utf-8
cache-control: no-cache

18:51:28.579 [AsyncHttpClient-1-5] DEBUG org.asynchttpclient.netty.channel.ChannelManager - Adding key: http://localhost:5746 for channel [id: 0x4d3ca722, L:/127.0.0.1:58784 - R:localhost/127.0.0.1:5746]
18:51:28.581 [Forwarding getCurrentUrl on session ece6f424974b90259ea36f1b81bc49bd to remote] DEBUG org.asynchttpclient.netty.request.NettyRequestSender - Using pooled Channel '[id: 0x4d3ca722, L:/127.0.0.1:58784 - R:localhost/127.0.0.1:5746]' for 'GET' to 'http://localhost:5746/session/ece6f424974b90259ea36f1b81bc49bd/url'
18:51:28.581 [Forwarding getCurrentUrl on session ece6f424974b90259ea36f1b81bc49bd to remote] DEBUG org.asynchttpclient.netty.request.NettyRequestSender - Using open Channel [id: 0x4d3ca722, L:/127.0.0.1:58784 - R:localhost/127.0.0.1:5746] for GET '/session/ece6f424974b90259ea36f1b81bc49bd/url'
18:51:28.585 [AsyncHttpClient-1-5] DEBUG org.asynchttpclient.netty.handler.HttpHandler - 

Request DefaultFullHttpRequest(decodeResult: success, version: HTTP/1.1, content: EmptyByteBufBE)
GET /session/ece6f424974b90259ea36f1b81bc49bd/url HTTP/1.1
User-Agent: selenium/4.8.1 (java windows)
Cache-Control: no-cache
Content-Type: application/json; charset=utf-8
host: localhost:5746
accept: */*

Response DefaultHttpResponse(decodeResult: success, version: HTTP/1.1)
HTTP/1.1 200 OK
Content-Length: 41
Content-Type: application/json; charset=utf-8
cache-control: no-cache

18:51:28.585 [AsyncHttpClient-1-5] DEBUG org.asynchttpclient.netty.channel.ChannelManager - Adding key: http://localhost:5746 for channel [id: 0x4d3ca722, L:/127.0.0.1:58784 - R:localhost/127.0.0.1:5746]
18:51:28.586 [Forwarding screenshot on session ece6f424974b90259ea36f1b81bc49bd to remote] DEBUG org.asynchttpclient.netty.request.NettyRequestSender - Using pooled Channel '[id: 0x4d3ca722, L:/127.0.0.1:58784 - R:localhost/127.0.0.1:5746]' for 'GET' to 'http://localhost:5746/session/ece6f424974b90259ea36f1b81bc49bd/screenshot'
18:51:28.586 [Forwarding screenshot on session ece6f424974b90259ea36f1b81bc49bd to remote] DEBUG org.asynchttpclient.netty.request.NettyRequestSender - Using open Channel [id: 0x4d3ca722, L:/127.0.0.1:58784 - R:localhost/127.0.0.1:5746] for GET '/session/ece6f424974b90259ea36f1b81bc49bd/screenshot'
18:51:28.680 [AsyncHttpClient-1-5] DEBUG org.asynchttpclient.netty.handler.HttpHandler - 

Request DefaultFullHttpRequest(decodeResult: success, version: HTTP/1.1, content: EmptyByteBufBE)
GET /session/ece6f424974b90259ea36f1b81bc49bd/screenshot HTTP/1.1
User-Agent: selenium/4.8.1 (java windows)
Cache-Control: no-cache
Content-Type: application/json; charset=utf-8
host: localhost:5746
accept: */*

Response DefaultHttpResponse(decodeResult: success, version: HTTP/1.1)
HTTP/1.1 200 OK
Content-Length: 62244
Content-Type: application/json; charset=utf-8
cache-control: no-cache

18:51:28.680 [AsyncHttpClient-1-5] DEBUG org.asynchttpclient.netty.channel.ChannelManager - Adding key: http://localhost:5746 for channel [id: 0x4d3ca722, L:/127.0.0.1:58784 - R:localhost/127.0.0.1:5746]
18:51:28.682 [main] DEBUG net.serenitybdd.core.photography.Darkroom - Send negative for processing for target\site\serenity\363e98dc70cb5c855f22809ebd034c910d607c74af0ece60c6df31baca495c15.png
18:51:28.683 [Darkroom Processing Line] DEBUG net.serenitybdd.core.photography.DarkroomProcessingLine - Processing screenshot image in /var/screenshots/screenshot-4483830990325432312
18:51:28.683 [Darkroom Processing Line] DEBUG net.serenitybdd.core.photography.DarkroomProcessingLine - Saving screenshot to target\site\serenity\363e98dc70cb5c855f22809ebd034c910d607c74af0ece60c6df31baca495c15.png
18:51:28.683 [Forwarding getPageSource on session ece6f424974b90259ea36f1b81bc49bd to remote] DEBUG org.asynchttpclient.netty.request.NettyRequestSender - Using pooled Channel '[id: 0x4d3ca722, L:/127.0.0.1:58784 - R:localhost/127.0.0.1:5746]' for 'POST' to 'http://localhost:5746/session/ece6f424974b90259ea36f1b81bc49bd/execute/sync'
18:51:28.683 [Forwarding getPageSource on session ece6f424974b90259ea36f1b81bc49bd to remote] DEBUG org.asynchttpclient.netty.request.NettyRequestSender - Using open Channel [id: 0x4d3ca722, L:/127.0.0.1:58784 - R:localhost/127.0.0.1:5746] for POST '/session/ece6f424974b90259ea36f1b81bc49bd/execute/sync'
18:51:28.719 [AsyncHttpClient-1-5] DEBUG org.asynchttpclient.netty.handler.HttpHandler - 

Request DefaultHttpRequest(decodeResult: success, version: HTTP/1.1)
POST /session/ece6f424974b90259ea36f1b81bc49bd/execute/sync HTTP/1.1
User-Agent: selenium/4.8.1 (java windows)
Content-Length: 176
Content-Type: application/json; charset=utf-8
host: localhost:5746
accept: */*

Response DefaultHttpResponse(decodeResult: success, version: HTTP/1.1)
HTTP/1.1 200 OK
Content-Length: 749745
Content-Type: application/json; charset=utf-8
cache-control: no-cache

18:51:28.721 [AsyncHttpClient-1-5] DEBUG org.asynchttpclient.netty.channel.ChannelManager - Adding key: http://localhost:5746 for channel [id: 0x4d3ca722, L:/127.0.0.1:58784 - R:localhost/127.0.0.1:5746]
18:51:28.758 [Forwarding getCurrentUrl on session ece6f424974b90259ea36f1b81bc49bd to remote] DEBUG org.asynchttpclient.netty.request.NettyRequestSender - Using pooled Channel '[id: 0x4d3ca722, L:/127.0.0.1:58784 - R:localhost/127.0.0.1:5746]' for 'GET' to 'http://localhost:5746/session/ece6f424974b90259ea36f1b81bc49bd/url'
18:51:28.758 [Forwarding getCurrentUrl on session ece6f424974b90259ea36f1b81bc49bd to remote] DEBUG org.asynchttpclient.netty.request.NettyRequestSender - Using open Channel [id: 0x4d3ca722, L:/127.0.0.1:58784 - R:localhost/127.0.0.1:5746] for GET '/session/ece6f424974b90259ea36f1b81bc49bd/url'
18:51:28.763 [AsyncHttpClient-1-5] DEBUG org.asynchttpclient.netty.handler.HttpHandler - 

Request DefaultFullHttpRequest(decodeResult: success, version: HTTP/1.1, content: EmptyByteBufBE)
GET /session/ece6f424974b90259ea36f1b81bc49bd/url HTTP/1.1
User-Agent: selenium/4.8.1 (java windows)
Cache-Control: no-cache
Content-Type: application/json; charset=utf-8
host: localhost:5746
accept: */*

Response DefaultHttpResponse(decodeResult: success, version: HTTP/1.1)
HTTP/1.1 200 OK
Content-Length: 41
Content-Type: application/json; charset=utf-8
cache-control: no-cache

18:51:28.763 [AsyncHttpClient-1-5] DEBUG org.asynchttpclient.netty.channel.ChannelManager - Adding key: http://localhost:5746 for channel [id: 0x4d3ca722, L:/127.0.0.1:58784 - R:localhost/127.0.0.1:5746]
18:51:28.766 [main] DEBUG net.thucydides.core.steps.StepInterceptor - STARTING STEP: CategorySteps.clickCategoryProduct - ClickCategoryButton
18:51:28.769 [Forwarding findElement on session ece6f424974b90259ea36f1b81bc49bd to remote] DEBUG org.asynchttpclient.netty.request.NettyRequestSender - Using pooled Channel '[id: 0x4d3ca722, L:/127.0.0.1:58784 - R:localhost/127.0.0.1:5746]' for 'POST' to 'http://localhost:5746/session/ece6f424974b90259ea36f1b81bc49bd/element'
18:51:28.769 [Forwarding findElement on session ece6f424974b90259ea36f1b81bc49bd to remote] DEBUG org.asynchttpclient.netty.request.NettyRequestSender - Using open Channel [id: 0x4d3ca722, L:/127.0.0.1:58784 - R:localhost/127.0.0.1:5746] for POST '/session/ece6f424974b90259ea36f1b81bc49bd/element'
18:51:28.785 [AsyncHttpClient-1-5] DEBUG org.asynchttpclient.netty.handler.HttpHandler - 

Request DefaultHttpRequest(decodeResult: success, version: HTTP/1.1)
POST /session/ece6f424974b90259ea36f1b81bc49bd/element HTTP/1.1
User-Agent: selenium/4.8.1 (java windows)
Content-Length: 83
Content-Type: application/json; charset=utf-8
host: localhost:5746
accept: */*

Response DefaultHttpResponse(decodeResult: success, version: HTTP/1.1)
HTTP/1.1 200 OK
Content-Length: 88
Content-Type: application/json; charset=utf-8
cache-control: no-cache

18:51:28.785 [AsyncHttpClient-1-5] DEBUG org.asynchttpclient.netty.channel.ChannelManager - Adding key: http://localhost:5746 for channel [id: 0x4d3ca722, L:/127.0.0.1:58784 - R:localhost/127.0.0.1:5746]
18:51:28.786 [Forwarding getElementTagName on session ece6f424974b90259ea36f1b81bc49bd to remote] DEBUG org.asynchttpclient.netty.request.NettyRequestSender - Using pooled Channel '[id: 0x4d3ca722, L:/127.0.0.1:58784 - R:localhost/127.0.0.1:5746]' for 'GET' to 'http://localhost:5746/session/ece6f424974b90259ea36f1b81bc49bd/element/88a4bc17-783d-4f45-89bb-1831e61ba54c/name'
18:51:28.786 [Forwarding getElementTagName on session ece6f424974b90259ea36f1b81bc49bd to remote] DEBUG org.asynchttpclient.netty.request.NettyRequestSender - Using open Channel [id: 0x4d3ca722, L:/127.0.0.1:58784 - R:localhost/127.0.0.1:5746] for GET '/session/ece6f424974b90259ea36f1b81bc49bd/element/88a4bc17-783d-4f45-89bb-1831e61ba54c/name'
18:51:28.792 [AsyncHttpClient-1-5] DEBUG org.asynchttpclient.netty.handler.HttpHandler - 

Request DefaultFullHttpRequest(decodeResult: success, version: HTTP/1.1, content: EmptyByteBufBE)
GET /session/ece6f424974b90259ea36f1b81bc49bd/element/88a4bc17-783d-4f45-89bb-1831e61ba54c/name HTTP/1.1
User-Agent: selenium/4.8.1 (java windows)
Cache-Control: no-cache
Content-Type: application/json; charset=utf-8
host: localhost:5746
accept: */*

Response DefaultHttpResponse(decodeResult: success, version: HTTP/1.1)
HTTP/1.1 200 OK
Content-Length: 15
Content-Type: application/json; charset=utf-8
cache-control: no-cache

18:51:28.793 [AsyncHttpClient-1-5] DEBUG org.asynchttpclient.netty.channel.ChannelManager - Adding key: http://localhost:5746 for channel [id: 0x4d3ca722, L:/127.0.0.1:58784 - R:localhost/127.0.0.1:5746]
18:51:28.794 [Forwarding getElementTagName on session ece6f424974b90259ea36f1b81bc49bd to remote] DEBUG org.asynchttpclient.netty.request.NettyRequestSender - Using pooled Channel '[id: 0x4d3ca722, L:/127.0.0.1:58784 - R:localhost/127.0.0.1:5746]' for 'GET' to 'http://localhost:5746/session/ece6f424974b90259ea36f1b81bc49bd/element/88a4bc17-783d-4f45-89bb-1831e61ba54c/name'
18:51:28.794 [Forwarding getElementTagName on session ece6f424974b90259ea36f1b81bc49bd to remote] DEBUG org.asynchttpclient.netty.request.NettyRequestSender - Using open Channel [id: 0x4d3ca722, L:/127.0.0.1:58784 - R:localhost/127.0.0.1:5746] for GET '/session/ece6f424974b90259ea36f1b81bc49bd/element/88a4bc17-783d-4f45-89bb-1831e61ba54c/name'
18:51:28.797 [AsyncHttpClient-1-5] DEBUG org.asynchttpclient.netty.handler.HttpHandler - 

Request DefaultFullHttpRequest(decodeResult: success, version: HTTP/1.1, content: EmptyByteBufBE)
GET /session/ece6f424974b90259ea36f1b81bc49bd/element/88a4bc17-783d-4f45-89bb-1831e61ba54c/name HTTP/1.1
User-Agent: selenium/4.8.1 (java windows)
Cache-Control: no-cache
Content-Type: application/json; charset=utf-8
host: localhost:5746
accept: */*

Response DefaultHttpResponse(decodeResult: success, version: HTTP/1.1)
HTTP/1.1 200 OK
Content-Length: 15
Content-Type: application/json; charset=utf-8
cache-control: no-cache

18:51:28.797 [AsyncHttpClient-1-5] DEBUG org.asynchttpclient.netty.channel.ChannelManager - Adding key: http://localhost:5746 for channel [id: 0x4d3ca722, L:/127.0.0.1:58784 - R:localhost/127.0.0.1:5746]
18:51:28.799 [Forwarding findElement on session ece6f424974b90259ea36f1b81bc49bd to remote] DEBUG org.asynchttpclient.netty.request.NettyRequestSender - Using pooled Channel '[id: 0x4d3ca722, L:/127.0.0.1:58784 - R:localhost/127.0.0.1:5746]' for 'POST' to 'http://localhost:5746/session/ece6f424974b90259ea36f1b81bc49bd/element'
18:51:28.799 [Forwarding findElement on session ece6f424974b90259ea36f1b81bc49bd to remote] DEBUG org.asynchttpclient.netty.request.NettyRequestSender - Using open Channel [id: 0x4d3ca722, L:/127.0.0.1:58784 - R:localhost/127.0.0.1:5746] for POST '/session/ece6f424974b90259ea36f1b81bc49bd/element'
18:51:28.810 [AsyncHttpClient-1-5] DEBUG org.asynchttpclient.netty.handler.HttpHandler - 

Request DefaultHttpRequest(decodeResult: success, version: HTTP/1.1)
POST /session/ece6f424974b90259ea36f1b81bc49bd/element HTTP/1.1
User-Agent: selenium/4.8.1 (java windows)
Content-Length: 83
Content-Type: application/json; charset=utf-8
host: localhost:5746
accept: */*

Response DefaultHttpResponse(decodeResult: success, version: HTTP/1.1)
HTTP/1.1 200 OK
Content-Length: 88
Content-Type: application/json; charset=utf-8
cache-control: no-cache

18:51:28.810 [AsyncHttpClient-1-5] DEBUG org.asynchttpclient.netty.channel.ChannelManager - Adding key: http://localhost:5746 for channel [id: 0x4d3ca722, L:/127.0.0.1:58784 - R:localhost/127.0.0.1:5746]
18:51:28.811 [Forwarding clickElement on session ece6f424974b90259ea36f1b81bc49bd to remote] DEBUG org.asynchttpclient.netty.request.NettyRequestSender - Using pooled Channel '[id: 0x4d3ca722, L:/127.0.0.1:58784 - R:localhost/127.0.0.1:5746]' for 'POST' to 'http://localhost:5746/session/ece6f424974b90259ea36f1b81bc49bd/element/88a4bc17-783d-4f45-89bb-1831e61ba54c/click'
18:51:28.811 [Forwarding clickElement on session ece6f424974b90259ea36f1b81bc49bd to remote] DEBUG org.asynchttpclient.netty.request.NettyRequestSender - Using open Channel [id: 0x4d3ca722, L:/127.0.0.1:58784 - R:localhost/127.0.0.1:5746] for POST '/session/ece6f424974b90259ea36f1b81bc49bd/element/88a4bc17-783d-4f45-89bb-1831e61ba54c/click'
18:51:28.862 [AsyncHttpClient-1-1] DEBUG org.asynchttpclient.netty.channel.DefaultChannelPool - Entry count for : http://localhost:58785 : 1
18:51:28.984 [AsyncHttpClient-1-5] DEBUG org.asynchttpclient.netty.handler.HttpHandler - 

Request DefaultHttpRequest(decodeResult: success, version: HTTP/1.1)
POST /session/ece6f424974b90259ea36f1b81bc49bd/element/88a4bc17-783d-4f45-89bb-1831e61ba54c/click HTTP/1.1
User-Agent: selenium/4.8.1 (java windows)
Content-Length: 50
Content-Type: application/json; charset=utf-8
host: localhost:5746
accept: */*

Response DefaultHttpResponse(decodeResult: success, version: HTTP/1.1)
HTTP/1.1 200 OK
Content-Length: 14
Content-Type: application/json; charset=utf-8
cache-control: no-cache

18:51:28.984 [AsyncHttpClient-1-5] DEBUG org.asynchttpclient.netty.channel.ChannelManager - Adding key: http://localhost:5746 for channel [id: 0x4d3ca722, L:/127.0.0.1:58784 - R:localhost/127.0.0.1:5746]
18:51:28.990 [Forwarding getAlertText on session ece6f424974b90259ea36f1b81bc49bd to remote] DEBUG org.asynchttpclient.netty.request.NettyRequestSender - Using pooled Channel '[id: 0x4d3ca722, L:/127.0.0.1:58784 - R:localhost/127.0.0.1:5746]' for 'GET' to 'http://localhost:5746/session/ece6f424974b90259ea36f1b81bc49bd/alert/text'
18:51:28.990 [Forwarding getAlertText on session ece6f424974b90259ea36f1b81bc49bd to remote] DEBUG org.asynchttpclient.netty.request.NettyRequestSender - Using open Channel [id: 0x4d3ca722, L:/127.0.0.1:58784 - R:localhost/127.0.0.1:5746] for GET '/session/ece6f424974b90259ea36f1b81bc49bd/alert/text'
18:51:28.992 [AsyncHttpClient-1-5] DEBUG org.asynchttpclient.netty.handler.HttpHandler - 

Request DefaultFullHttpRequest(decodeResult: success, version: HTTP/1.1, content: EmptyByteBufBE)
GET /session/ece6f424974b90259ea36f1b81bc49bd/alert/text HTTP/1.1
User-Agent: selenium/4.8.1 (java windows)
Cache-Control: no-cache
Content-Type: application/json; charset=utf-8
host: localhost:5746
accept: */*

Response DefaultHttpResponse(decodeResult: success, version: HTTP/1.1)
HTTP/1.1 404 Not Found
Content-Length: 809
Content-Type: application/json; charset=utf-8
cache-control: no-cache

18:51:28.992 [AsyncHttpClient-1-5] DEBUG org.asynchttpclient.netty.channel.ChannelManager - Adding key: http://localhost:5746 for channel [id: 0x4d3ca722, L:/127.0.0.1:58784 - R:localhost/127.0.0.1:5746]
18:51:28.993 [Forwarding getCurrentUrl on session ece6f424974b90259ea36f1b81bc49bd to remote] DEBUG org.asynchttpclient.netty.request.NettyRequestSender - Using pooled Channel '[id: 0x4d3ca722, L:/127.0.0.1:58784 - R:localhost/127.0.0.1:5746]' for 'GET' to 'http://localhost:5746/session/ece6f424974b90259ea36f1b81bc49bd/url'
18:51:28.994 [Forwarding getCurrentUrl on session ece6f424974b90259ea36f1b81bc49bd to remote] DEBUG org.asynchttpclient.netty.request.NettyRequestSender - Using open Channel [id: 0x4d3ca722, L:/127.0.0.1:58784 - R:localhost/127.0.0.1:5746] for GET '/session/ece6f424974b90259ea36f1b81bc49bd/url'
18:51:28.998 [AsyncHttpClient-1-5] DEBUG org.asynchttpclient.netty.handler.HttpHandler - 

Request DefaultFullHttpRequest(decodeResult: success, version: HTTP/1.1, content: EmptyByteBufBE)
GET /session/ece6f424974b90259ea36f1b81bc49bd/url HTTP/1.1
User-Agent: selenium/4.8.1 (java windows)
Cache-Control: no-cache
Content-Type: application/json; charset=utf-8
host: localhost:5746
accept: */*

Response DefaultHttpResponse(decodeResult: success, version: HTTP/1.1)
HTTP/1.1 200 OK
Content-Length: 41
Content-Type: application/json; charset=utf-8
cache-control: no-cache

18:51:28.998 [AsyncHttpClient-1-5] DEBUG org.asynchttpclient.netty.channel.ChannelManager - Adding key: http://localhost:5746 for channel [id: 0x4d3ca722, L:/127.0.0.1:58784 - R:localhost/127.0.0.1:5746]
18:51:28.999 [Forwarding screenshot on session ece6f424974b90259ea36f1b81bc49bd to remote] DEBUG org.asynchttpclient.netty.request.NettyRequestSender - Using pooled Channel '[id: 0x4d3ca722, L:/127.0.0.1:58784 - R:localhost/127.0.0.1:5746]' for 'GET' to 'http://localhost:5746/session/ece6f424974b90259ea36f1b81bc49bd/screenshot'
18:51:28.999 [Forwarding screenshot on session ece6f424974b90259ea36f1b81bc49bd to remote] DEBUG org.asynchttpclient.netty.request.NettyRequestSender - Using open Channel [id: 0x4d3ca722, L:/127.0.0.1:58784 - R:localhost/127.0.0.1:5746] for GET '/session/ece6f424974b90259ea36f1b81bc49bd/screenshot'
18:51:29.270 [AsyncHttpClient-1-5] DEBUG org.asynchttpclient.netty.handler.HttpHandler - 

Request DefaultFullHttpRequest(decodeResult: success, version: HTTP/1.1, content: EmptyByteBufBE)
GET /session/ece6f424974b90259ea36f1b81bc49bd/screenshot HTTP/1.1
User-Agent: selenium/4.8.1 (java windows)
Cache-Control: no-cache
Content-Type: application/json; charset=utf-8
host: localhost:5746
accept: */*

Response DefaultHttpResponse(decodeResult: success, version: HTTP/1.1)
HTTP/1.1 200 OK
Content-Length: 39640
Content-Type: application/json; charset=utf-8
cache-control: no-cache

18:51:29.270 [AsyncHttpClient-1-5] DEBUG org.asynchttpclient.netty.channel.ChannelManager - Adding key: http://localhost:5746 for channel [id: 0x4d3ca722, L:/127.0.0.1:58784 - R:localhost/127.0.0.1:5746]
18:51:29.272 [main] DEBUG net.serenitybdd.core.photography.Darkroom - Send negative for processing for target\site\serenity\9cf25d67f3b803c919f3eac8712da3102b9fe7eba6af32e8bc37c47f424a54c2.png
18:51:29.272 [main] DEBUG net.thucydides.core.steps.StepInterceptor - STEP DONE: ClickCategoryButton
  &amp#27;[32mAnd &amp#27;[0m&amp#27;[32mI click category gaming&amp#27;[0m                                                &amp#27;[90m# starter.stepdefinitions.CategorySteps.clickCategoryProduct()&amp#27;[0m
18:51:29.272 [Darkroom Processing Line] DEBUG net.serenitybdd.core.photography.DarkroomProcessingLine - Processing screenshot image in /var/screenshots/screenshot-9782676927121301690
18:51:29.272 [Darkroom Processing Line] DEBUG net.serenitybdd.core.photography.DarkroomProcessingLine - Saving screenshot to target\site\serenity\9cf25d67f3b803c919f3eac8712da3102b9fe7eba6af32e8bc37c47f424a54c2.png
18:51:29.283 [Forwarding getPageSource on session ece6f424974b90259ea36f1b81bc49bd to remote] DEBUG org.asynchttpclient.netty.request.NettyRequestSender - Using pooled Channel '[id: 0x4d3ca722, L:/127.0.0.1:58784 - R:localhost/127.0.0.1:5746]' for 'POST' to 'http://localhost:5746/session/ece6f424974b90259ea36f1b81bc49bd/execute/sync'
18:51:29.284 [Forwarding getPageSource on session ece6f424974b90259ea36f1b81bc49bd to remote] DEBUG org.asynchttpclient.netty.request.NettyRequestSender - Using open Channel [id: 0x4d3ca722, L:/127.0.0.1:58784 - R:localhost/127.0.0.1:5746] for POST '/session/ece6f424974b90259ea36f1b81bc49bd/execute/sync'
18:51:29.292 [AsyncHttpClient-1-5] DEBUG org.asynchttpclient.netty.handler.HttpHandler - 

Request DefaultHttpRequest(decodeResult: success, version: HTTP/1.1)
POST /session/ece6f424974b90259ea36f1b81bc49bd/execute/sync HTTP/1.1
User-Agent: selenium/4.8.1 (java windows)
Content-Length: 176
Content-Type: application/json; charset=utf-8
host: localhost:5746
accept: */*

Response DefaultHttpResponse(decodeResult: success, version: HTTP/1.1)
HTTP/1.1 200 OK
Content-Length: 27832
Content-Type: application/json; charset=utf-8
cache-control: no-cache

18:51:29.292 [AsyncHttpClient-1-5] DEBUG org.asynchttpclient.netty.channel.ChannelManager - Adding key: http://localhost:5746 for channel [id: 0x4d3ca722, L:/127.0.0.1:58784 - R:localhost/127.0.0.1:5746]
18:51:29.294 [Forwarding getCurrentUrl on session ece6f424974b90259ea36f1b81bc49bd to remote] DEBUG org.asynchttpclient.netty.request.NettyRequestSender - Using pooled Channel '[id: 0x4d3ca722, L:/127.0.0.1:58784 - R:localhost/127.0.0.1:5746]' for 'GET' to 'http://localhost:5746/session/ece6f424974b90259ea36f1b81bc49bd/url'
18:51:29.294 [Forwarding getCurrentUrl on session ece6f424974b90259ea36f1b81bc49bd to remote] DEBUG org.asynchttpclient.netty.request.NettyRequestSender - Using open Channel [id: 0x4d3ca722, L:/127.0.0.1:58784 - R:localhost/127.0.0.1:5746] for GET '/session/ece6f424974b90259ea36f1b81bc49bd/url'
18:51:29.304 [AsyncHttpClient-1-5] DEBUG org.asynchttpclient.netty.handler.HttpHandler - 

Request DefaultFullHttpRequest(decodeResult: success, version: HTTP/1.1, content: EmptyByteBufBE)
GET /session/ece6f424974b90259ea36f1b81bc49bd/url HTTP/1.1
User-Agent: selenium/4.8.1 (java windows)
Cache-Control: no-cache
Content-Type: application/json; charset=utf-8
host: localhost:5746
accept: */*

Response DefaultHttpResponse(decodeResult: success, version: HTTP/1.1)
HTTP/1.1 200 OK
Content-Length: 41
Content-Type: application/json; charset=utf-8
cache-control: no-cache

18:51:29.304 [AsyncHttpClient-1-5] DEBUG org.asynchttpclient.netty.channel.ChannelManager - Adding key: http://localhost:5746 for channel [id: 0x4d3ca722, L:/127.0.0.1:58784 - R:localhost/127.0.0.1:5746]
18:51:29.315 [Forwarding getPageSource on session ece6f424974b90259ea36f1b81bc49bd to remote] DEBUG org.asynchttpclient.netty.request.NettyRequestSender - Using pooled Channel '[id: 0x4d3ca722, L:/127.0.0.1:58784 - R:localhost/127.0.0.1:5746]' for 'POST' to 'http://localhost:5746/session/ece6f424974b90259ea36f1b81bc49bd/execute/sync'
18:51:29.315 [Forwarding getPageSource on session ece6f424974b90259ea36f1b81bc49bd to remote] DEBUG org.asynchttpclient.netty.request.NettyRequestSender - Using open Channel [id: 0x4d3ca722, L:/127.0.0.1:58784 - R:localhost/127.0.0.1:5746] for POST '/session/ece6f424974b90259ea36f1b81bc49bd/execute/sync'
18:51:29.322 [AsyncHttpClient-1-5] DEBUG org.asynchttpclient.netty.handler.HttpHandler - 

Request DefaultHttpRequest(decodeResult: success, version: HTTP/1.1)
POST /session/ece6f424974b90259ea36f1b81bc49bd/execute/sync HTTP/1.1
User-Agent: selenium/4.8.1 (java windows)
Content-Length: 176
Content-Type: application/json; charset=utf-8
host: localhost:5746
accept: */*

Response DefaultHttpResponse(decodeResult: success, version: HTTP/1.1)
HTTP/1.1 200 OK
Content-Length: 27832
Content-Type: application/json; charset=utf-8
cache-control: no-cache

18:51:29.322 [AsyncHttpClient-1-5] DEBUG org.asynchttpclient.netty.channel.ChannelManager - Adding key: http://localhost:5746 for channel [id: 0x4d3ca722, L:/127.0.0.1:58784 - R:localhost/127.0.0.1:5746]
18:51:29.324 [Forwarding getCurrentUrl on session ece6f424974b90259ea36f1b81bc49bd to remote] DEBUG org.asynchttpclient.netty.request.NettyRequestSender - Using pooled Channel '[id: 0x4d3ca722, L:/127.0.0.1:58784 - R:localhost/127.0.0.1:5746]' for 'GET' to 'http://localhost:5746/session/ece6f424974b90259ea36f1b81bc49bd/url'
18:51:29.324 [Forwarding getCurrentUrl on session ece6f424974b90259ea36f1b81bc49bd to remote] DEBUG org.asynchttpclient.netty.request.NettyRequestSender - Using open Channel [id: 0x4d3ca722, L:/127.0.0.1:58784 - R:localhost/127.0.0.1:5746] for GET '/session/ece6f424974b90259ea36f1b81bc49bd/url'
18:51:29.331 [AsyncHttpClient-1-5] DEBUG org.asynchttpclient.netty.handler.HttpHandler - 

Request DefaultFullHttpRequest(decodeResult: success, version: HTTP/1.1, content: EmptyByteBufBE)
GET /session/ece6f424974b90259ea36f1b81bc49bd/url HTTP/1.1
User-Agent: selenium/4.8.1 (java windows)
Cache-Control: no-cache
Content-Type: application/json; charset=utf-8
host: localhost:5746
accept: */*

Response DefaultHttpResponse(decodeResult: success, version: HTTP/1.1)
HTTP/1.1 200 OK
Content-Length: 41
Content-Type: application/json; charset=utf-8
cache-control: no-cache

18:51:29.331 [AsyncHttpClient-1-5] DEBUG org.asynchttpclient.netty.channel.ChannelManager - Adding key: http://localhost:5746 for channel [id: 0x4d3ca722, L:/127.0.0.1:58784 - R:localhost/127.0.0.1:5746]
18:51:29.333 [main] DEBUG net.thucydides.core.steps.StepInterceptor - STARTING STEP: CategorySteps.iCanSeeProductCategoryMessage - validateMessageDisplayed
18:51:29.336 [Forwarding findElement on session ece6f424974b90259ea36f1b81bc49bd to remote] DEBUG org.asynchttpclient.netty.request.NettyRequestSender - Using pooled Channel '[id: 0x4d3ca722, L:/127.0.0.1:58784 - R:localhost/127.0.0.1:5746]' for 'POST' to 'http://localhost:5746/session/ece6f424974b90259ea36f1b81bc49bd/element'
18:51:29.336 [Forwarding findElement on session ece6f424974b90259ea36f1b81bc49bd to remote] DEBUG org.asynchttpclient.netty.request.NettyRequestSender - Using open Channel [id: 0x4d3ca722, L:/127.0.0.1:58784 - R:localhost/127.0.0.1:5746] for POST '/session/ece6f424974b90259ea36f1b81bc49bd/element'
18:51:29.349 [AsyncHttpClient-1-5] DEBUG org.asynchttpclient.netty.handler.HttpHandler - 

Request DefaultHttpRequest(decodeResult: success, version: HTTP/1.1)
POST /session/ece6f424974b90259ea36f1b81bc49bd/element HTTP/1.1
User-Agent: selenium/4.8.1 (java windows)
Content-Length: 79
Content-Type: application/json; charset=utf-8
host: localhost:5746
accept: */*

Response DefaultHttpResponse(decodeResult: success, version: HTTP/1.1)
HTTP/1.1 200 OK
Content-Length: 88
Content-Type: application/json; charset=utf-8
cache-control: no-cache

18:51:29.349 [AsyncHttpClient-1-5] DEBUG org.asynchttpclient.netty.channel.ChannelManager - Adding key: http://localhost:5746 for channel [id: 0x4d3ca722, L:/127.0.0.1:58784 - R:localhost/127.0.0.1:5746]
18:51:29.360 [Forwarding isElementDisplayed on session ece6f424974b90259ea36f1b81bc49bd to remote] DEBUG org.asynchttpclient.netty.request.NettyRequestSender - Using pooled Channel '[id: 0x4d3ca722, L:/127.0.0.1:58784 - R:localhost/127.0.0.1:5746]' for 'POST' to 'http://localhost:5746/session/ece6f424974b90259ea36f1b81bc49bd/execute/sync'
18:51:29.360 [Forwarding isElementDisplayed on session ece6f424974b90259ea36f1b81bc49bd to remote] DEBUG org.asynchttpclient.netty.request.NettyRequestSender - Using open Channel [id: 0x4d3ca722, L:/127.0.0.1:58784 - R:localhost/127.0.0.1:5746] for POST '/session/ece6f424974b90259ea36f1b81bc49bd/execute/sync'
18:51:29.374 [AsyncHttpClient-1-5] DEBUG org.asynchttpclient.netty.handler.HttpHandler - 

Request DefaultHttpRequest(decodeResult: success, version: HTTP/1.1)
POST /session/ece6f424974b90259ea36f1b81bc49bd/execute/sync HTTP/1.1
User-Agent: selenium/4.8.1 (java windows)
Content-Length: 48807
Content-Type: application/json; charset=utf-8
host: localhost:5746
accept: */*

Response DefaultHttpResponse(decodeResult: success, version: HTTP/1.1)
HTTP/1.1 200 OK
Content-Length: 14
Content-Type: application/json; charset=utf-8
cache-control: no-cache

18:51:29.374 [AsyncHttpClient-1-5] DEBUG org.asynchttpclient.netty.channel.ChannelManager - Adding key: http://localhost:5746 for channel [id: 0x4d3ca722, L:/127.0.0.1:58784 - R:localhost/127.0.0.1:5746]
18:51:29.378 [Forwarding getAlertText on session ece6f424974b90259ea36f1b81bc49bd to remote] DEBUG org.asynchttpclient.netty.request.NettyRequestSender - Using pooled Channel '[id: 0x4d3ca722, L:/127.0.0.1:58784 - R:localhost/127.0.0.1:5746]' for 'GET' to 'http://localhost:5746/session/ece6f424974b90259ea36f1b81bc49bd/alert/text'
18:51:29.378 [Forwarding getAlertText on session ece6f424974b90259ea36f1b81bc49bd to remote] DEBUG org.asynchttpclient.netty.request.NettyRequestSender - Using open Channel [id: 0x4d3ca722, L:/127.0.0.1:58784 - R:localhost/127.0.0.1:5746] for GET '/session/ece6f424974b90259ea36f1b81bc49bd/alert/text'
18:51:29.381 [AsyncHttpClient-1-5] DEBUG org.asynchttpclient.netty.handler.HttpHandler - 

Request DefaultFullHttpRequest(decodeResult: success, version: HTTP/1.1, content: EmptyByteBufBE)
GET /session/ece6f424974b90259ea36f1b81bc49bd/alert/text HTTP/1.1
User-Agent: selenium/4.8.1 (java windows)
Cache-Control: no-cache
Content-Type: application/json; charset=utf-8
host: localhost:5746
accept: */*

Response DefaultHttpResponse(decodeResult: success, version: HTTP/1.1)
HTTP/1.1 404 Not Found
Content-Length: 809
Content-Type: application/json; charset=utf-8
cache-control: no-cache

18:51:29.381 [AsyncHttpClient-1-5] DEBUG org.asynchttpclient.netty.channel.ChannelManager - Adding key: http://localhost:5746 for channel [id: 0x4d3ca722, L:/127.0.0.1:58784 - R:localhost/127.0.0.1:5746]
18:51:29.383 [Forwarding getCurrentUrl on session ece6f424974b90259ea36f1b81bc49bd to remote] DEBUG org.asynchttpclient.netty.request.NettyRequestSender - Using pooled Channel '[id: 0x4d3ca722, L:/127.0.0.1:58784 - R:localhost/127.0.0.1:5746]' for 'GET' to 'http://localhost:5746/session/ece6f424974b90259ea36f1b81bc49bd/url'
18:51:29.383 [Forwarding getCurrentUrl on session ece6f424974b90259ea36f1b81bc49bd to remote] DEBUG org.asynchttpclient.netty.request.NettyRequestSender - Using open Channel [id: 0x4d3ca722, L:/127.0.0.1:58784 - R:localhost/127.0.0.1:5746] for GET '/session/ece6f424974b90259ea36f1b81bc49bd/url'
18:51:29.387 [AsyncHttpClient-1-5] DEBUG org.asynchttpclient.netty.handler.HttpHandler - 

Request DefaultFullHttpRequest(decodeResult: success, version: HTTP/1.1, content: EmptyByteBufBE)
GET /session/ece6f424974b90259ea36f1b81bc49bd/url HTTP/1.1
User-Agent: selenium/4.8.1 (java windows)
Cache-Control: no-cache
Content-Type: application/json; charset=utf-8
host: localhost:5746
accept: */*

Response DefaultHttpResponse(decodeResult: success, version: HTTP/1.1)
HTTP/1.1 200 OK
Content-Length: 41
Content-Type: application/json; charset=utf-8
cache-control: no-cache

18:51:29.388 [AsyncHttpClient-1-5] DEBUG org.asynchttpclient.netty.channel.ChannelManager - Adding key: http://localhost:5746 for channel [id: 0x4d3ca722, L:/127.0.0.1:58784 - R:localhost/127.0.0.1:5746]
18:51:29.388 [Forwarding screenshot on session ece6f424974b90259ea36f1b81bc49bd to remote] DEBUG org.asynchttpclient.netty.request.NettyRequestSender - Using pooled Channel '[id: 0x4d3ca722, L:/127.0.0.1:58784 - R:localhost/127.0.0.1:5746]' for 'GET' to 'http://localhost:5746/session/ece6f424974b90259ea36f1b81bc49bd/screenshot'
18:51:29.388 [Forwarding screenshot on session ece6f424974b90259ea36f1b81bc49bd to remote] DEBUG org.asynchttpclient.netty.request.NettyRequestSender - Using open Channel [id: 0x4d3ca722, L:/127.0.0.1:58784 - R:localhost/127.0.0.1:5746] for GET '/session/ece6f424974b90259ea36f1b81bc49bd/screenshot'
18:51:29.536 [AsyncHttpClient-1-5] DEBUG org.asynchttpclient.netty.handler.HttpHandler - 

Request DefaultFullHttpRequest(decodeResult: success, version: HTTP/1.1, content: EmptyByteBufBE)
GET /session/ece6f424974b90259ea36f1b81bc49bd/screenshot HTTP/1.1
User-Agent: selenium/4.8.1 (java windows)
Cache-Control: no-cache
Content-Type: application/json; charset=utf-8
host: localhost:5746
accept: */*

Response DefaultHttpResponse(decodeResult: success, version: HTTP/1.1)
HTTP/1.1 200 OK
Content-Length: 31844
Content-Type: application/json; charset=utf-8
cache-control: no-cache

18:51:29.536 [AsyncHttpClient-1-5] DEBUG org.asynchttpclient.netty.channel.ChannelManager - Adding key: http://localhost:5746 for channel [id: 0x4d3ca722, L:/127.0.0.1:58784 - R:localhost/127.0.0.1:5746]
18:51:29.538 [main] DEBUG net.serenitybdd.core.photography.Darkroom - Send negative for processing for target\site\serenity\5a7bf1a9865bb50a5c53de05e4308920d35ce0c884abca16fc720d50979e6653.png
18:51:29.538 [main] DEBUG net.thucydides.core.steps.StepInterceptor - STEP DONE: validateMessageDisplayed
18:51:29.538 [Darkroom Processing Line] DEBUG net.serenitybdd.core.photography.DarkroomProcessingLine - Processing screenshot image in /var/screenshots/screenshot-928337566788104791
18:51:29.538 [Darkroom Processing Line] DEBUG net.serenitybdd.core.photography.DarkroomProcessingLine - Saving screenshot to target\site\serenity\5a7bf1a9865bb50a5c53de05e4308920d35ce0c884abca16fc720d50979e6653.png
18:51:29.544 [Forwarding getPageSource on session ece6f424974b90259ea36f1b81bc49bd to remote] DEBUG org.asynchttpclient.netty.request.NettyRequestSender - Using pooled Channel '[id: 0x4d3ca722, L:/127.0.0.1:58784 - R:localhost/127.0.0.1:5746]' for 'POST' to 'http://localhost:5746/session/ece6f424974b90259ea36f1b81bc49bd/execute/sync'
18:51:29.544 [Forwarding getPageSource on session ece6f424974b90259ea36f1b81bc49bd to remote] DEBUG org.asynchttpclient.netty.request.NettyRequestSender - Using open Channel [id: 0x4d3ca722, L:/127.0.0.1:58784 - R:localhost/127.0.0.1:5746] for POST '/session/ece6f424974b90259ea36f1b81bc49bd/execute/sync'
18:51:29.550 [AsyncHttpClient-1-5] DEBUG org.asynchttpclient.netty.handler.HttpHandler - 

Request DefaultHttpRequest(decodeResult: success, version: HTTP/1.1)
POST /session/ece6f424974b90259ea36f1b81bc49bd/execute/sync HTTP/1.1
User-Agent: selenium/4.8.1 (java windows)
Content-Length: 176
Content-Type: application/json; charset=utf-8
host: localhost:5746
accept: */*

Response DefaultHttpResponse(decodeResult: success, version: HTTP/1.1)
HTTP/1.1 200 OK
Content-Length: 27504
Content-Type: application/json; charset=utf-8
cache-control: no-cache

18:51:29.550 [AsyncHttpClient-1-5] DEBUG org.asynchttpclient.netty.channel.ChannelManager - Adding key: http://localhost:5746 for channel [id: 0x4d3ca722, L:/127.0.0.1:58784 - R:localhost/127.0.0.1:5746]
18:51:29.553 [Forwarding getCurrentUrl on session ece6f424974b90259ea36f1b81bc49bd to remote] DEBUG org.asynchttpclient.netty.request.NettyRequestSender - Using pooled Channel '[id: 0x4d3ca722, L:/127.0.0.1:58784 - R:localhost/127.0.0.1:5746]' for 'GET' to 'http://localhost:5746/session/ece6f424974b90259ea36f1b81bc49bd/url'
18:51:29.553 [Forwarding getCurrentUrl on session ece6f424974b90259ea36f1b81bc49bd to remote] DEBUG org.asynchttpclient.netty.request.NettyRequestSender - Using open Channel [id: 0x4d3ca722, L:/127.0.0.1:58784 - R:localhost/127.0.0.1:5746] for GET '/session/ece6f424974b90259ea36f1b81bc49bd/url'
18:51:29.556 [AsyncHttpClient-1-5] DEBUG org.asynchttpclient.netty.handler.HttpHandler - 

Request DefaultFullHttpRequest(decodeResult: success, version: HTTP/1.1, content: EmptyByteBufBE)
GET /session/ece6f424974b90259ea36f1b81bc49bd/url HTTP/1.1
User-Agent: selenium/4.8.1 (java windows)
Cache-Control: no-cache
Content-Type: application/json; charset=utf-8
host: localhost:5746
accept: */*

Response DefaultHttpResponse(decodeResult: success, version: HTTP/1.1)
HTTP/1.1 200 OK
Content-Length: 41
Content-Type: application/json; charset=utf-8
cache-control: no-cache

18:51:29.556 [AsyncHttpClient-1-5] DEBUG org.asynchttpclient.netty.channel.ChannelManager - Adding key: http://localhost:5746 for channel [id: 0x4d3ca722, L:/127.0.0.1:58784 - R:localhost/127.0.0.1:5746]
18:51:29.558 [main] DEBUG net.thucydides.core.steps.StepInterceptor - STARTING STEP: CategorySteps.iCanSeeProductCategoryMessage - validateEqualMessage
18:51:29.560 [Forwarding findElement on session ece6f424974b90259ea36f1b81bc49bd to remote] DEBUG org.asynchttpclient.netty.request.NettyRequestSender - Using pooled Channel '[id: 0x4d3ca722, L:/127.0.0.1:58784 - R:localhost/127.0.0.1:5746]' for 'POST' to 'http://localhost:5746/session/ece6f424974b90259ea36f1b81bc49bd/element'
18:51:29.560 [Forwarding findElement on session ece6f424974b90259ea36f1b81bc49bd to remote] DEBUG org.asynchttpclient.netty.request.NettyRequestSender - Using open Channel [id: 0x4d3ca722, L:/127.0.0.1:58784 - R:localhost/127.0.0.1:5746] for POST '/session/ece6f424974b90259ea36f1b81bc49bd/element'
18:51:29.567 [AsyncHttpClient-1-5] DEBUG org.asynchttpclient.netty.handler.HttpHandler - 

Request DefaultHttpRequest(decodeResult: success, version: HTTP/1.1)
POST /session/ece6f424974b90259ea36f1b81bc49bd/element HTTP/1.1
User-Agent: selenium/4.8.1 (java windows)
Content-Length: 79
Content-Type: application/json; charset=utf-8
host: localhost:5746
accept: */*

Response DefaultHttpResponse(decodeResult: success, version: HTTP/1.1)
HTTP/1.1 200 OK
Content-Length: 88
Content-Type: application/json; charset=utf-8
cache-control: no-cache

18:51:29.567 [AsyncHttpClient-1-5] DEBUG org.asynchttpclient.netty.channel.ChannelManager - Adding key: http://localhost:5746 for channel [id: 0x4d3ca722, L:/127.0.0.1:58784 - R:localhost/127.0.0.1:5746]
18:51:29.568 [Forwarding getElementText on session ece6f424974b90259ea36f1b81bc49bd to remote] DEBUG org.asynchttpclient.netty.request.NettyRequestSender - Using pooled Channel '[id: 0x4d3ca722, L:/127.0.0.1:58784 - R:localhost/127.0.0.1:5746]' for 'GET' to 'http://localhost:5746/session/ece6f424974b90259ea36f1b81bc49bd/element/aeb7adc7-26ea-4db6-bd3f-900137cf987a/text'
18:51:29.568 [Forwarding getElementText on session ece6f424974b90259ea36f1b81bc49bd to remote] DEBUG org.asynchttpclient.netty.request.NettyRequestSender - Using open Channel [id: 0x4d3ca722, L:/127.0.0.1:58784 - R:localhost/127.0.0.1:5746] for GET '/session/ece6f424974b90259ea36f1b81bc49bd/element/aeb7adc7-26ea-4db6-bd3f-900137cf987a/text'
18:51:29.580 [AsyncHttpClient-1-5] DEBUG org.asynchttpclient.netty.handler.HttpHandler - 

Request DefaultFullHttpRequest(decodeResult: success, version: HTTP/1.1, content: EmptyByteBufBE)
GET /session/ece6f424974b90259ea36f1b81bc49bd/element/aeb7adc7-26ea-4db6-bd3f-900137cf987a/text HTTP/1.1
User-Agent: selenium/4.8.1 (java windows)
Cache-Control: no-cache
Content-Type: application/json; charset=utf-8
host: localhost:5746
accept: */*

Response DefaultHttpResponse(decodeResult: success, version: HTTP/1.1)
HTTP/1.1 200 OK
Content-Length: 33
Content-Type: application/json; charset=utf-8
cache-control: no-cache

18:51:29.580 [AsyncHttpClient-1-5] DEBUG org.asynchttpclient.netty.channel.ChannelManager - Adding key: http://localhost:5746 for channel [id: 0x4d3ca722, L:/127.0.0.1:58784 - R:localhost/127.0.0.1:5746]
18:51:29.583 [main] DEBUG net.thucydides.core.steps.StepInterceptor - STEP DONE: validateEqualMessage
  &amp#27;[32mThen &amp#27;[0m&amp#27;[32mI can see product category message &amp#27;[0m&amp#27;[32m&amp#27;[1m"Products is empty!"&amp#27;[0m               &amp#27;[90m# starter.stepdefinitions.CategorySteps.iCanSeeProductCategoryMessage(java.lang.String)&amp#27;[0m
18:51:29.591 [Forwarding getAlertText on session ece6f424974b90259ea36f1b81bc49bd to remote] DEBUG org.asynchttpclient.netty.request.NettyRequestSender - Using pooled Channel '[id: 0x4d3ca722, L:/127.0.0.1:58784 - R:localhost/127.0.0.1:5746]' for 'GET' to 'http://localhost:5746/session/ece6f424974b90259ea36f1b81bc49bd/alert/text'
18:51:29.591 [Forwarding getAlertText on session ece6f424974b90259ea36f1b81bc49bd to remote] DEBUG org.asynchttpclient.netty.request.NettyRequestSender - Using open Channel [id: 0x4d3ca722, L:/127.0.0.1:58784 - R:localhost/127.0.0.1:5746] for GET '/session/ece6f424974b90259ea36f1b81bc49bd/alert/text'
18:51:29.593 [AsyncHttpClient-1-5] DEBUG org.asynchttpclient.netty.handler.HttpHandler - 

Request DefaultFullHttpRequest(decodeResult: success, version: HTTP/1.1, content: EmptyByteBufBE)
GET /session/ece6f424974b90259ea36f1b81bc49bd/alert/text HTTP/1.1
User-Agent: selenium/4.8.1 (java windows)
Cache-Control: no-cache
Content-Type: application/json; charset=utf-8
host: localhost:5746
accept: */*

Response DefaultHttpResponse(decodeResult: success, version: HTTP/1.1)
HTTP/1.1 404 Not Found
Content-Length: 809
Content-Type: application/json; charset=utf-8
cache-control: no-cache

18:51:29.594 [AsyncHttpClient-1-5] DEBUG org.asynchttpclient.netty.channel.ChannelManager - Adding key: http://localhost:5746 for channel [id: 0x4d3ca722, L:/127.0.0.1:58784 - R:localhost/127.0.0.1:5746]
18:51:29.595 [Forwarding getCurrentUrl on session ece6f424974b90259ea36f1b81bc49bd to remote] DEBUG org.asynchttpclient.netty.request.NettyRequestSender - Using pooled Channel '[id: 0x4d3ca722, L:/127.0.0.1:58784 - R:localhost/127.0.0.1:5746]' for 'GET' to 'http://localhost:5746/session/ece6f424974b90259ea36f1b81bc49bd/url'
18:51:29.595 [Forwarding getCurrentUrl on session ece6f424974b90259ea36f1b81bc49bd to remote] DEBUG org.asynchttpclient.netty.request.NettyRequestSender - Using open Channel [id: 0x4d3ca722, L:/127.0.0.1:58784 - R:localhost/127.0.0.1:5746] for GET '/session/ece6f424974b90259ea36f1b81bc49bd/url'
18:51:29.599 [AsyncHttpClient-1-5] DEBUG org.asynchttpclient.netty.handler.HttpHandler - 

Request DefaultFullHttpRequest(decodeResult: success, version: HTTP/1.1, content: EmptyByteBufBE)
GET /session/ece6f424974b90259ea36f1b81bc49bd/url HTTP/1.1
User-Agent: selenium/4.8.1 (java windows)
Cache-Control: no-cache
Content-Type: application/json; charset=utf-8
host: localhost:5746
accept: */*

Response DefaultHttpResponse(decodeResult: success, version: HTTP/1.1)
HTTP/1.1 200 OK
Content-Length: 41
Content-Type: application/json; charset=utf-8
cache-control: no-cache

18:51:29.600 [AsyncHttpClient-1-5] DEBUG org.asynchttpclient.netty.channel.ChannelManager - Adding key: http://localhost:5746 for channel [id: 0x4d3ca722, L:/127.0.0.1:58784 - R:localhost/127.0.0.1:5746]
18:51:29.600 [Forwarding screenshot on session ece6f424974b90259ea36f1b81bc49bd to remote] DEBUG org.asynchttpclient.netty.request.NettyRequestSender - Using pooled Channel '[id: 0x4d3ca722, L:/127.0.0.1:58784 - R:localhost/127.0.0.1:5746]' for 'GET' to 'http://localhost:5746/session/ece6f424974b90259ea36f1b81bc49bd/screenshot'
18:51:29.600 [Forwarding screenshot on session ece6f424974b90259ea36f1b81bc49bd to remote] DEBUG org.asynchttpclient.netty.request.NettyRequestSender - Using open Channel [id: 0x4d3ca722, L:/127.0.0.1:58784 - R:localhost/127.0.0.1:5746] for GET '/session/ece6f424974b90259ea36f1b81bc49bd/screenshot'
18:51:29.696 [AsyncHttpClient-1-5] DEBUG org.asynchttpclient.netty.handler.HttpHandler - 

Request DefaultFullHttpRequest(decodeResult: success, version: HTTP/1.1, content: EmptyByteBufBE)
GET /session/ece6f424974b90259ea36f1b81bc49bd/screenshot HTTP/1.1
User-Agent: selenium/4.8.1 (java windows)
Cache-Control: no-cache
Content-Type: application/json; charset=utf-8
host: localhost:5746
accept: */*

Response DefaultHttpResponse(decodeResult: success, version: HTTP/1.1)
HTTP/1.1 200 OK
Content-Length: 31844
Content-Type: application/json; charset=utf-8
cache-control: no-cache

18:51:29.696 [AsyncHttpClient-1-5] DEBUG org.asynchttpclient.netty.channel.ChannelManager - Adding key: http://localhost:5746 for channel [id: 0x4d3ca722, L:/127.0.0.1:58784 - R:localhost/127.0.0.1:5746]
18:51:29.698 [main] DEBUG net.serenitybdd.core.photography.Darkroom - Send negative for processing for target\site\serenity\5a7bf1a9865bb50a5c53de05e4308920d35ce0c884abca16fc720d50979e6653.png
18:51:29.699 [Forwarding getPageSource on session ece6f424974b90259ea36f1b81bc49bd to remote] DEBUG org.asynchttpclient.netty.request.NettyRequestSender - Using pooled Channel '[id: 0x4d3ca722, L:/127.0.0.1:58784 - R:localhost/127.0.0.1:5746]' for 'POST' to 'http://localhost:5746/session/ece6f424974b90259ea36f1b81bc49bd/execute/sync'
18:51:29.699 [Forwarding getPageSource on session ece6f424974b90259ea36f1b81bc49bd to remote] DEBUG org.asynchttpclient.netty.request.NettyRequestSender - Using open Channel [id: 0x4d3ca722, L:/127.0.0.1:58784 - R:localhost/127.0.0.1:5746] for POST '/session/ece6f424974b90259ea36f1b81bc49bd/execute/sync'
18:51:29.705 [AsyncHttpClient-1-5] DEBUG org.asynchttpclient.netty.handler.HttpHandler - 

Request DefaultHttpRequest(decodeResult: success, version: HTTP/1.1)
POST /session/ece6f424974b90259ea36f1b81bc49bd/execute/sync HTTP/1.1
User-Agent: selenium/4.8.1 (java windows)
Content-Length: 176
Content-Type: application/json; charset=utf-8
host: localhost:5746
accept: */*

Response DefaultHttpResponse(decodeResult: success, version: HTTP/1.1)
HTTP/1.1 200 OK
Content-Length: 27504
Content-Type: application/json; charset=utf-8
cache-control: no-cache

18:51:29.705 [AsyncHttpClient-1-5] DEBUG org.asynchttpclient.netty.channel.ChannelManager - Adding key: http://localhost:5746 for channel [id: 0x4d3ca722, L:/127.0.0.1:58784 - R:localhost/127.0.0.1:5746]
18:51:29.707 [Forwarding getCurrentUrl on session ece6f424974b90259ea36f1b81bc49bd to remote] DEBUG org.asynchttpclient.netty.request.NettyRequestSender - Using pooled Channel '[id: 0x4d3ca722, L:/127.0.0.1:58784 - R:localhost/127.0.0.1:5746]' for 'GET' to 'http://localhost:5746/session/ece6f424974b90259ea36f1b81bc49bd/url'
18:51:29.707 [Forwarding getCurrentUrl on session ece6f424974b90259ea36f1b81bc49bd to remote] DEBUG org.asynchttpclient.netty.request.NettyRequestSender - Using open Channel [id: 0x4d3ca722, L:/127.0.0.1:58784 - R:localhost/127.0.0.1:5746] for GET '/session/ece6f424974b90259ea36f1b81bc49bd/url'
18:51:29.712 [AsyncHttpClient-1-5] DEBUG org.asynchttpclient.netty.handler.HttpHandler - 

Request DefaultFullHttpRequest(decodeResult: success, version: HTTP/1.1, content: EmptyByteBufBE)
GET /session/ece6f424974b90259ea36f1b81bc49bd/url HTTP/1.1
User-Agent: selenium/4.8.1 (java windows)
Cache-Control: no-cache
Content-Type: application/json; charset=utf-8
host: localhost:5746
accept: */*

Response DefaultHttpResponse(decodeResult: success, version: HTTP/1.1)
HTTP/1.1 200 OK
Content-Length: 41
Content-Type: application/json; charset=utf-8
cache-control: no-cache

18:51:29.712 [AsyncHttpClient-1-5] DEBUG org.asynchttpclient.netty.channel.ChannelManager - Adding key: http://localhost:5746 for channel [id: 0x4d3ca722, L:/127.0.0.1:58784 - R:localhost/127.0.0.1:5746]
18:51:29.721 [Forwarding getPageSource on session ece6f424974b90259ea36f1b81bc49bd to remote] DEBUG org.asynchttpclient.netty.request.NettyRequestSender - Using pooled Channel '[id: 0x4d3ca722, L:/127.0.0.1:58784 - R:localhost/127.0.0.1:5746]' for 'POST' to 'http://localhost:5746/session/ece6f424974b90259ea36f1b81bc49bd/execute/sync'
18:51:29.722 [Forwarding getPageSource on session ece6f424974b90259ea36f1b81bc49bd to remote] DEBUG org.asynchttpclient.netty.request.NettyRequestSender - Using open Channel [id: 0x4d3ca722, L:/127.0.0.1:58784 - R:localhost/127.0.0.1:5746] for POST '/session/ece6f424974b90259ea36f1b81bc49bd/execute/sync'
18:51:29.727 [AsyncHttpClient-1-5] DEBUG org.asynchttpclient.netty.handler.HttpHandler - 

Request DefaultHttpRequest(decodeResult: success, version: HTTP/1.1)
POST /session/ece6f424974b90259ea36f1b81bc49bd/execute/sync HTTP/1.1
User-Agent: selenium/4.8.1 (java windows)
Content-Length: 176
Content-Type: application/json; charset=utf-8
host: localhost:5746
accept: */*

Response DefaultHttpResponse(decodeResult: success, version: HTTP/1.1)
HTTP/1.1 200 OK
Content-Length: 27504
Content-Type: application/json; charset=utf-8
cache-control: no-cache

18:51:29.727 [AsyncHttpClient-1-5] DEBUG org.asynchttpclient.netty.channel.ChannelManager - Adding key: http://localhost:5746 for channel [id: 0x4d3ca722, L:/127.0.0.1:58784 - R:localhost/127.0.0.1:5746]
18:51:29.730 [Forwarding getCurrentUrl on session ece6f424974b90259ea36f1b81bc49bd to remote] DEBUG org.asynchttpclient.netty.request.NettyRequestSender - Using pooled Channel '[id: 0x4d3ca722, L:/127.0.0.1:58784 - R:localhost/127.0.0.1:5746]' for 'GET' to 'http://localhost:5746/session/ece6f424974b90259ea36f1b81bc49bd/url'
18:51:29.730 [Forwarding getCurrentUrl on session ece6f424974b90259ea36f1b81bc49bd to remote] DEBUG org.asynchttpclient.netty.request.NettyRequestSender - Using open Channel [id: 0x4d3ca722, L:/127.0.0.1:58784 - R:localhost/127.0.0.1:5746] for GET '/session/ece6f424974b90259ea36f1b81bc49bd/url'
18:51:29.734 [AsyncHttpClient-1-5] DEBUG org.asynchttpclient.netty.handler.HttpHandler - 

Request DefaultFullHttpRequest(decodeResult: success, version: HTTP/1.1, content: EmptyByteBufBE)
GET /session/ece6f424974b90259ea36f1b81bc49bd/url HTTP/1.1
User-Agent: selenium/4.8.1 (java windows)
Cache-Control: no-cache
Content-Type: application/json; charset=utf-8
host: localhost:5746
accept: */*

Response DefaultHttpResponse(decodeResult: success, version: HTTP/1.1)
HTTP/1.1 200 OK
Content-Length: 41
Content-Type: application/json; charset=utf-8
cache-control: no-cache

18:51:29.734 [AsyncHttpClient-1-5] DEBUG org.asynchttpclient.netty.channel.ChannelManager - Adding key: http://localhost:5746 for channel [id: 0x4d3ca722, L:/127.0.0.1:58784 - R:localhost/127.0.0.1:5746]
18:51:29.736 [main] DEBUG net.thucydides.core.steps.StepInterceptor - STARTING STEP: CategorySteps.clickClearProduct - ClickClearButton
18:51:29.738 [Forwarding findElement on session ece6f424974b90259ea36f1b81bc49bd to remote] DEBUG org.asynchttpclient.netty.request.NettyRequestSender - Using pooled Channel '[id: 0x4d3ca722, L:/127.0.0.1:58784 - R:localhost/127.0.0.1:5746]' for 'POST' to 'http://localhost:5746/session/ece6f424974b90259ea36f1b81bc49bd/element'
18:51:29.738 [Forwarding findElement on session ece6f424974b90259ea36f1b81bc49bd to remote] DEBUG org.asynchttpclient.netty.request.NettyRequestSender - Using open Channel [id: 0x4d3ca722, L:/127.0.0.1:58784 - R:localhost/127.0.0.1:5746] for POST '/session/ece6f424974b90259ea36f1b81bc49bd/element'
18:51:29.749 [AsyncHttpClient-1-5] DEBUG org.asynchttpclient.netty.handler.HttpHandler - 

Request DefaultHttpRequest(decodeResult: success, version: HTTP/1.1)
POST /session/ece6f424974b90259ea36f1b81bc49bd/element HTTP/1.1
User-Agent: selenium/4.8.1 (java windows)
Content-Length: 97
Content-Type: application/json; charset=utf-8
host: localhost:5746
accept: */*

Response DefaultHttpResponse(decodeResult: success, version: HTTP/1.1)
HTTP/1.1 200 OK
Content-Length: 88
Content-Type: application/json; charset=utf-8
cache-control: no-cache

18:51:29.750 [AsyncHttpClient-1-5] DEBUG org.asynchttpclient.netty.channel.ChannelManager - Adding key: http://localhost:5746 for channel [id: 0x4d3ca722, L:/127.0.0.1:58784 - R:localhost/127.0.0.1:5746]
18:51:29.751 [Forwarding getElementTagName on session ece6f424974b90259ea36f1b81bc49bd to remote] DEBUG org.asynchttpclient.netty.request.NettyRequestSender - Using pooled Channel '[id: 0x4d3ca722, L:/127.0.0.1:58784 - R:localhost/127.0.0.1:5746]' for 'GET' to 'http://localhost:5746/session/ece6f424974b90259ea36f1b81bc49bd/element/f2cbef68-0580-424e-b16c-9e84fab44095/name'
18:51:29.751 [Forwarding getElementTagName on session ece6f424974b90259ea36f1b81bc49bd to remote] DEBUG org.asynchttpclient.netty.request.NettyRequestSender - Using open Channel [id: 0x4d3ca722, L:/127.0.0.1:58784 - R:localhost/127.0.0.1:5746] for GET '/session/ece6f424974b90259ea36f1b81bc49bd/element/f2cbef68-0580-424e-b16c-9e84fab44095/name'
18:51:29.756 [AsyncHttpClient-1-5] DEBUG org.asynchttpclient.netty.handler.HttpHandler - 

Request DefaultFullHttpRequest(decodeResult: success, version: HTTP/1.1, content: EmptyByteBufBE)
GET /session/ece6f424974b90259ea36f1b81bc49bd/element/f2cbef68-0580-424e-b16c-9e84fab44095/name HTTP/1.1
User-Agent: selenium/4.8.1 (java windows)
Cache-Control: no-cache
Content-Type: application/json; charset=utf-8
host: localhost:5746
accept: */*

Response DefaultHttpResponse(decodeResult: success, version: HTTP/1.1)
HTTP/1.1 200 OK
Content-Length: 15
Content-Type: application/json; charset=utf-8
cache-control: no-cache

18:51:29.756 [AsyncHttpClient-1-5] DEBUG org.asynchttpclient.netty.channel.ChannelManager - Adding key: http://localhost:5746 for channel [id: 0x4d3ca722, L:/127.0.0.1:58784 - R:localhost/127.0.0.1:5746]
18:51:29.758 [Forwarding getElementTagName on session ece6f424974b90259ea36f1b81bc49bd to remote] DEBUG org.asynchttpclient.netty.request.NettyRequestSender - Using pooled Channel '[id: 0x4d3ca722, L:/127.0.0.1:58784 - R:localhost/127.0.0.1:5746]' for 'GET' to 'http://localhost:5746/session/ece6f424974b90259ea36f1b81bc49bd/element/f2cbef68-0580-424e-b16c-9e84fab44095/name'
18:51:29.758 [Forwarding getElementTagName on session ece6f424974b90259ea36f1b81bc49bd to remote] DEBUG org.asynchttpclient.netty.request.NettyRequestSender - Using open Channel [id: 0x4d3ca722, L:/127.0.0.1:58784 - R:localhost/127.0.0.1:5746] for GET '/session/ece6f424974b90259ea36f1b81bc49bd/element/f2cbef68-0580-424e-b16c-9e84fab44095/name'
18:51:29.761 [AsyncHttpClient-1-5] DEBUG org.asynchttpclient.netty.handler.HttpHandler - 

Request DefaultFullHttpRequest(decodeResult: success, version: HTTP/1.1, content: EmptyByteBufBE)
GET /session/ece6f424974b90259ea36f1b81bc49bd/element/f2cbef68-0580-424e-b16c-9e84fab44095/name HTTP/1.1
User-Agent: selenium/4.8.1 (java windows)
Cache-Control: no-cache
Content-Type: application/json; charset=utf-8
host: localhost:5746
accept: */*

Response DefaultHttpResponse(decodeResult: success, version: HTTP/1.1)
HTTP/1.1 200 OK
Content-Length: 15
Content-Type: application/json; charset=utf-8
cache-control: no-cache

18:51:29.761 [AsyncHttpClient-1-5] DEBUG org.asynchttpclient.netty.channel.ChannelManager - Adding key: http://localhost:5746 for channel [id: 0x4d3ca722, L:/127.0.0.1:58784 - R:localhost/127.0.0.1:5746]
18:51:29.763 [Forwarding findElement on session ece6f424974b90259ea36f1b81bc49bd to remote] DEBUG org.asynchttpclient.netty.request.NettyRequestSender - Using pooled Channel '[id: 0x4d3ca722, L:/127.0.0.1:58784 - R:localhost/127.0.0.1:5746]' for 'POST' to 'http://localhost:5746/session/ece6f424974b90259ea36f1b81bc49bd/element'
18:51:29.763 [Forwarding findElement on session ece6f424974b90259ea36f1b81bc49bd to remote] DEBUG org.asynchttpclient.netty.request.NettyRequestSender - Using open Channel [id: 0x4d3ca722, L:/127.0.0.1:58784 - R:localhost/127.0.0.1:5746] for POST '/session/ece6f424974b90259ea36f1b81bc49bd/element'
18:51:29.770 [AsyncHttpClient-1-5] DEBUG org.asynchttpclient.netty.handler.HttpHandler - 

Request DefaultHttpRequest(decodeResult: success, version: HTTP/1.1)
POST /session/ece6f424974b90259ea36f1b81bc49bd/element HTTP/1.1
User-Agent: selenium/4.8.1 (java windows)
Content-Length: 97
Content-Type: application/json; charset=utf-8
host: localhost:5746
accept: */*

Response DefaultHttpResponse(decodeResult: success, version: HTTP/1.1)
HTTP/1.1 200 OK
Content-Length: 88
Content-Type: application/json; charset=utf-8
cache-control: no-cache

18:51:29.770 [AsyncHttpClient-1-5] DEBUG org.asynchttpclient.netty.channel.ChannelManager - Adding key: http://localhost:5746 for channel [id: 0x4d3ca722, L:/127.0.0.1:58784 - R:localhost/127.0.0.1:5746]
18:51:29.771 [Forwarding clickElement on session ece6f424974b90259ea36f1b81bc49bd to remote] DEBUG org.asynchttpclient.netty.request.NettyRequestSender - Using pooled Channel '[id: 0x4d3ca722, L:/127.0.0.1:58784 - R:localhost/127.0.0.1:5746]' for 'POST' to 'http://localhost:5746/session/ece6f424974b90259ea36f1b81bc49bd/element/f2cbef68-0580-424e-b16c-9e84fab44095/click'
18:51:29.771 [Forwarding clickElement on session ece6f424974b90259ea36f1b81bc49bd to remote] DEBUG org.asynchttpclient.netty.request.NettyRequestSender - Using open Channel [id: 0x4d3ca722, L:/127.0.0.1:58784 - R:localhost/127.0.0.1:5746] for POST '/session/ece6f424974b90259ea36f1b81bc49bd/element/f2cbef68-0580-424e-b16c-9e84fab44095/click'
18:51:29.817 [AsyncHttpClient-1-5] DEBUG org.asynchttpclient.netty.handler.HttpHandler - 

Request DefaultHttpRequest(decodeResult: success, version: HTTP/1.1)
POST /session/ece6f424974b90259ea36f1b81bc49bd/element/f2cbef68-0580-424e-b16c-9e84fab44095/click HTTP/1.1
User-Agent: selenium/4.8.1 (java windows)
Content-Length: 50
Content-Type: application/json; charset=utf-8
host: localhost:5746
accept: */*

Response DefaultHttpResponse(decodeResult: success, version: HTTP/1.1)
HTTP/1.1 200 OK
Content-Length: 14
Content-Type: application/json; charset=utf-8
cache-control: no-cache

18:51:29.817 [AsyncHttpClient-1-5] DEBUG org.asynchttpclient.netty.channel.ChannelManager - Adding key: http://localhost:5746 for channel [id: 0x4d3ca722, L:/127.0.0.1:58784 - R:localhost/127.0.0.1:5746]
18:51:29.825 [Forwarding getAlertText on session ece6f424974b90259ea36f1b81bc49bd to remote] DEBUG org.asynchttpclient.netty.request.NettyRequestSender - Using pooled Channel '[id: 0x4d3ca722, L:/127.0.0.1:58784 - R:localhost/127.0.0.1:5746]' for 'GET' to 'http://localhost:5746/session/ece6f424974b90259ea36f1b81bc49bd/alert/text'
18:51:29.825 [Forwarding getAlertText on session ece6f424974b90259ea36f1b81bc49bd to remote] DEBUG org.asynchttpclient.netty.request.NettyRequestSender - Using open Channel [id: 0x4d3ca722, L:/127.0.0.1:58784 - R:localhost/127.0.0.1:5746] for GET '/session/ece6f424974b90259ea36f1b81bc49bd/alert/text'
18:51:29.827 [AsyncHttpClient-1-5] DEBUG org.asynchttpclient.netty.handler.HttpHandler - 

Request DefaultFullHttpRequest(decodeResult: success, version: HTTP/1.1, content: EmptyByteBufBE)
GET /session/ece6f424974b90259ea36f1b81bc49bd/alert/text HTTP/1.1
User-Agent: selenium/4.8.1 (java windows)
Cache-Control: no-cache
Content-Type: application/json; charset=utf-8
host: localhost:5746
accept: */*

Response DefaultHttpResponse(decodeResult: success, version: HTTP/1.1)
HTTP/1.1 404 Not Found
Content-Length: 809
Content-Type: application/json; charset=utf-8
cache-control: no-cache

18:51:29.827 [AsyncHttpClient-1-5] DEBUG org.asynchttpclient.netty.channel.ChannelManager - Adding key: http://localhost:5746 for channel [id: 0x4d3ca722, L:/127.0.0.1:58784 - R:localhost/127.0.0.1:5746]
18:51:29.829 [Forwarding getCurrentUrl on session ece6f424974b90259ea36f1b81bc49bd to remote] DEBUG org.asynchttpclient.netty.request.NettyRequestSender - Using pooled Channel '[id: 0x4d3ca722, L:/127.0.0.1:58784 - R:localhost/127.0.0.1:5746]' for 'GET' to 'http://localhost:5746/session/ece6f424974b90259ea36f1b81bc49bd/url'
18:51:29.829 [Forwarding getCurrentUrl on session ece6f424974b90259ea36f1b81bc49bd to remote] DEBUG org.asynchttpclient.netty.request.NettyRequestSender - Using open Channel [id: 0x4d3ca722, L:/127.0.0.1:58784 - R:localhost/127.0.0.1:5746] for GET '/session/ece6f424974b90259ea36f1b81bc49bd/url'
18:51:29.834 [AsyncHttpClient-1-5] DEBUG org.asynchttpclient.netty.handler.HttpHandler - 

Request DefaultFullHttpRequest(decodeResult: success, version: HTTP/1.1, content: EmptyByteBufBE)
GET /session/ece6f424974b90259ea36f1b81bc49bd/url HTTP/1.1
User-Agent: selenium/4.8.1 (java windows)
Cache-Control: no-cache
Content-Type: application/json; charset=utf-8
host: localhost:5746
accept: */*

Response DefaultHttpResponse(decodeResult: success, version: HTTP/1.1)
HTTP/1.1 200 OK
Content-Length: 41
Content-Type: application/json; charset=utf-8
cache-control: no-cache

18:51:29.834 [AsyncHttpClient-1-5] DEBUG org.asynchttpclient.netty.channel.ChannelManager - Adding key: http://localhost:5746 for channel [id: 0x4d3ca722, L:/127.0.0.1:58784 - R:localhost/127.0.0.1:5746]
18:51:29.835 [Forwarding screenshot on session ece6f424974b90259ea36f1b81bc49bd to remote] DEBUG org.asynchttpclient.netty.request.NettyRequestSender - Using pooled Channel '[id: 0x4d3ca722, L:/127.0.0.1:58784 - R:localhost/127.0.0.1:5746]' for 'GET' to 'http://localhost:5746/session/ece6f424974b90259ea36f1b81bc49bd/screenshot'
18:51:29.835 [Forwarding screenshot on session ece6f424974b90259ea36f1b81bc49bd to remote] DEBUG org.asynchttpclient.netty.request.NettyRequestSender - Using open Channel [id: 0x4d3ca722, L:/127.0.0.1:58784 - R:localhost/127.0.0.1:5746] for GET '/session/ece6f424974b90259ea36f1b81bc49bd/screenshot'
18:51:29.967 [AsyncHttpClient-1-1] DEBUG org.asynchttpclient.netty.channel.DefaultChannelPool - Entry count for : http://localhost:58785 : 1
18:51:30.010 [AsyncHttpClient-1-5] DEBUG org.asynchttpclient.netty.handler.HttpHandler - 

Request DefaultFullHttpRequest(decodeResult: success, version: HTTP/1.1, content: EmptyByteBufBE)
GET /session/ece6f424974b90259ea36f1b81bc49bd/screenshot HTTP/1.1
User-Agent: selenium/4.8.1 (java windows)
Cache-Control: no-cache
Content-Type: application/json; charset=utf-8
host: localhost:5746
accept: */*

Response DefaultHttpResponse(decodeResult: success, version: HTTP/1.1)
HTTP/1.1 200 OK
Content-Length: 28744
Content-Type: application/json; charset=utf-8
cache-control: no-cache

18:51:30.010 [AsyncHttpClient-1-5] DEBUG org.asynchttpclient.netty.channel.ChannelManager - Adding key: http://localhost:5746 for channel [id: 0x4d3ca722, L:/127.0.0.1:58784 - R:localhost/127.0.0.1:5746]
18:51:30.013 [main] DEBUG net.serenitybdd.core.photography.Darkroom - Send negative for processing for target\site\serenity\557f6c93f9fd770e2f90657e3bcc8bb845bd8cc4cf7fa6c372e9c2eeedfb95c4.png
18:51:30.015 [main] DEBUG net.thucydides.core.steps.StepInterceptor - STEP DONE: ClickClearButton
18:51:30.015 [Darkroom Processing Line] DEBUG net.serenitybdd.core.photography.DarkroomProcessingLine - Processing screenshot image in /var/screenshots/screenshot-2591291114900929947
18:51:30.015 [Darkroom Processing Line] DEBUG net.serenitybdd.core.photography.DarkroomProcessingLine - Saving screenshot to target\site\serenity\557f6c93f9fd770e2f90657e3bcc8bb845bd8cc4cf7fa6c372e9c2eeedfb95c4.png
  &amp#27;[32mAnd &amp#27;[0m&amp#27;[32mI click clear button&amp#27;[0m                                                   &amp#27;[90m# starter.stepdefinitions.CategorySteps.clickClearProduct()&amp#27;[0m
18:51:30.023 [Forwarding getPageSource on session ece6f424974b90259ea36f1b81bc49bd to remote] DEBUG org.asynchttpclient.netty.request.NettyRequestSender - Using pooled Channel '[id: 0x4d3ca722, L:/127.0.0.1:58784 - R:localhost/127.0.0.1:5746]' for 'POST' to 'http://localhost:5746/session/ece6f424974b90259ea36f1b81bc49bd/execute/sync'
18:51:30.023 [Forwarding getPageSource on session ece6f424974b90259ea36f1b81bc49bd to remote] DEBUG org.asynchttpclient.netty.request.NettyRequestSender - Using open Channel [id: 0x4d3ca722, L:/127.0.0.1:58784 - R:localhost/127.0.0.1:5746] for POST '/session/ece6f424974b90259ea36f1b81bc49bd/execute/sync'
18:51:30.032 [AsyncHttpClient-1-5] DEBUG org.asynchttpclient.netty.handler.HttpHandler - 

Request DefaultHttpRequest(decodeResult: success, version: HTTP/1.1)
POST /session/ece6f424974b90259ea36f1b81bc49bd/execute/sync HTTP/1.1
User-Agent: selenium/4.8.1 (java windows)
Content-Length: 176
Content-Type: application/json; charset=utf-8
host: localhost:5746
accept: */*

Response DefaultHttpResponse(decodeResult: success, version: HTTP/1.1)
HTTP/1.1 200 OK
Content-Length: 34071
Content-Type: application/json; charset=utf-8
cache-control: no-cache

18:51:30.033 [AsyncHttpClient-1-5] DEBUG org.asynchttpclient.netty.channel.ChannelManager - Adding key: http://localhost:5746 for channel [id: 0x4d3ca722, L:/127.0.0.1:58784 - R:localhost/127.0.0.1:5746]
18:51:30.037 [Forwarding getCurrentUrl on session ece6f424974b90259ea36f1b81bc49bd to remote] DEBUG org.asynchttpclient.netty.request.NettyRequestSender - Using pooled Channel '[id: 0x4d3ca722, L:/127.0.0.1:58784 - R:localhost/127.0.0.1:5746]' for 'GET' to 'http://localhost:5746/session/ece6f424974b90259ea36f1b81bc49bd/url'
18:51:30.037 [Forwarding getCurrentUrl on session ece6f424974b90259ea36f1b81bc49bd to remote] DEBUG org.asynchttpclient.netty.request.NettyRequestSender - Using open Channel [id: 0x4d3ca722, L:/127.0.0.1:58784 - R:localhost/127.0.0.1:5746] for GET '/session/ece6f424974b90259ea36f1b81bc49bd/url'
18:51:30.043 [AsyncHttpClient-1-5] DEBUG org.asynchttpclient.netty.handler.HttpHandler - 

Request DefaultFullHttpRequest(decodeResult: success, version: HTTP/1.1, content: EmptyByteBufBE)
GET /session/ece6f424974b90259ea36f1b81bc49bd/url HTTP/1.1
User-Agent: selenium/4.8.1 (java windows)
Cache-Control: no-cache
Content-Type: application/json; charset=utf-8
host: localhost:5746
accept: */*

Response DefaultHttpResponse(decodeResult: success, version: HTTP/1.1)
HTTP/1.1 200 OK
Content-Length: 41
Content-Type: application/json; charset=utf-8
cache-control: no-cache

18:51:30.043 [AsyncHttpClient-1-5] DEBUG org.asynchttpclient.netty.channel.ChannelManager - Adding key: http://localhost:5746 for channel [id: 0x4d3ca722, L:/127.0.0.1:58784 - R:localhost/127.0.0.1:5746]
18:51:30.057 [Forwarding getPageSource on session ece6f424974b90259ea36f1b81bc49bd to remote] DEBUG org.asynchttpclient.netty.request.NettyRequestSender - Using pooled Channel '[id: 0x4d3ca722, L:/127.0.0.1:58784 - R:localhost/127.0.0.1:5746]' for 'POST' to 'http://localhost:5746/session/ece6f424974b90259ea36f1b81bc49bd/execute/sync'
18:51:30.058 [Forwarding getPageSource on session ece6f424974b90259ea36f1b81bc49bd to remote] DEBUG org.asynchttpclient.netty.request.NettyRequestSender - Using open Channel [id: 0x4d3ca722, L:/127.0.0.1:58784 - R:localhost/127.0.0.1:5746] for POST '/session/ece6f424974b90259ea36f1b81bc49bd/execute/sync'
18:51:30.066 [AsyncHttpClient-1-5] DEBUG org.asynchttpclient.netty.handler.HttpHandler - 

Request DefaultHttpRequest(decodeResult: success, version: HTTP/1.1)
POST /session/ece6f424974b90259ea36f1b81bc49bd/execute/sync HTTP/1.1
User-Agent: selenium/4.8.1 (java windows)
Content-Length: 176
Content-Type: application/json; charset=utf-8
host: localhost:5746
accept: */*

Response DefaultHttpResponse(decodeResult: success, version: HTTP/1.1)
HTTP/1.1 200 OK
Content-Length: 34071
Content-Type: application/json; charset=utf-8
cache-control: no-cache

18:51:30.066 [AsyncHttpClient-1-5] DEBUG org.asynchttpclient.netty.channel.ChannelManager - Adding key: http://localhost:5746 for channel [id: 0x4d3ca722, L:/127.0.0.1:58784 - R:localhost/127.0.0.1:5746]
18:51:30.070 [Forwarding getCurrentUrl on session ece6f424974b90259ea36f1b81bc49bd to remote] DEBUG org.asynchttpclient.netty.request.NettyRequestSender - Using pooled Channel '[id: 0x4d3ca722, L:/127.0.0.1:58784 - R:localhost/127.0.0.1:5746]' for 'GET' to 'http://localhost:5746/session/ece6f424974b90259ea36f1b81bc49bd/url'
18:51:30.070 [Forwarding getCurrentUrl on session ece6f424974b90259ea36f1b81bc49bd to remote] DEBUG org.asynchttpclient.netty.request.NettyRequestSender - Using open Channel [id: 0x4d3ca722, L:/127.0.0.1:58784 - R:localhost/127.0.0.1:5746] for GET '/session/ece6f424974b90259ea36f1b81bc49bd/url'
18:51:30.075 [AsyncHttpClient-1-5] DEBUG org.asynchttpclient.netty.handler.HttpHandler - 

Request DefaultFullHttpRequest(decodeResult: success, version: HTTP/1.1, content: EmptyByteBufBE)
GET /session/ece6f424974b90259ea36f1b81bc49bd/url HTTP/1.1
User-Agent: selenium/4.8.1 (java windows)
Cache-Control: no-cache
Content-Type: application/json; charset=utf-8
host: localhost:5746
accept: */*

Response DefaultHttpResponse(decodeResult: success, version: HTTP/1.1)
HTTP/1.1 200 OK
Content-Length: 41
Content-Type: application/json; charset=utf-8
cache-control: no-cache

18:51:30.075 [AsyncHttpClient-1-5] DEBUG org.asynchttpclient.netty.channel.ChannelManager - Adding key: http://localhost:5746 for channel [id: 0x4d3ca722, L:/127.0.0.1:58784 - R:localhost/127.0.0.1:5746]
18:51:30.078 [main] DEBUG net.thucydides.core.steps.StepInterceptor - STARTING STEP: CategorySteps.gotoHomePage - validateOnHomePage
18:51:30.083 [Forwarding findElement on session ece6f424974b90259ea36f1b81bc49bd to remote] DEBUG org.asynchttpclient.netty.request.NettyRequestSender - Using pooled Channel '[id: 0x4d3ca722, L:/127.0.0.1:58784 - R:localhost/127.0.0.1:5746]' for 'POST' to 'http://localhost:5746/session/ece6f424974b90259ea36f1b81bc49bd/element'
18:51:30.083 [Forwarding findElement on session ece6f424974b90259ea36f1b81bc49bd to remote] DEBUG org.asynchttpclient.netty.request.NettyRequestSender - Using open Channel [id: 0x4d3ca722, L:/127.0.0.1:58784 - R:localhost/127.0.0.1:5746] for POST '/session/ece6f424974b90259ea36f1b81bc49bd/element'
18:51:30.098 [AsyncHttpClient-1-5] DEBUG org.asynchttpclient.netty.handler.HttpHandler - 

Request DefaultHttpRequest(decodeResult: success, version: HTTP/1.1)
POST /session/ece6f424974b90259ea36f1b81bc49bd/element HTTP/1.1
User-Agent: selenium/4.8.1 (java windows)
Content-Length: 79
Content-Type: application/json; charset=utf-8
host: localhost:5746
accept: */*

Response DefaultHttpResponse(decodeResult: success, version: HTTP/1.1)
HTTP/1.1 200 OK
Content-Length: 88
Content-Type: application/json; charset=utf-8
cache-control: no-cache

18:51:30.098 [AsyncHttpClient-1-5] DEBUG org.asynchttpclient.netty.channel.ChannelManager - Adding key: http://localhost:5746 for channel [id: 0x4d3ca722, L:/127.0.0.1:58784 - R:localhost/127.0.0.1:5746]
18:51:30.103 [Forwarding isElementDisplayed on session ece6f424974b90259ea36f1b81bc49bd to remote] DEBUG org.asynchttpclient.netty.request.NettyRequestSender - Using pooled Channel '[id: 0x4d3ca722, L:/127.0.0.1:58784 - R:localhost/127.0.0.1:5746]' for 'POST' to 'http://localhost:5746/session/ece6f424974b90259ea36f1b81bc49bd/execute/sync'
18:51:30.103 [Forwarding isElementDisplayed on session ece6f424974b90259ea36f1b81bc49bd to remote] DEBUG org.asynchttpclient.netty.request.NettyRequestSender - Using open Channel [id: 0x4d3ca722, L:/127.0.0.1:58784 - R:localhost/127.0.0.1:5746] for POST '/session/ece6f424974b90259ea36f1b81bc49bd/execute/sync'
18:51:30.120 [AsyncHttpClient-1-5] DEBUG org.asynchttpclient.netty.handler.HttpHandler - 

Request DefaultHttpRequest(decodeResult: success, version: HTTP/1.1)
POST /session/ece6f424974b90259ea36f1b81bc49bd/execute/sync HTTP/1.1
User-Agent: selenium/4.8.1 (java windows)
Content-Length: 48807
Content-Type: application/json; charset=utf-8
host: localhost:5746
accept: */*

Response DefaultHttpResponse(decodeResult: success, version: HTTP/1.1)
HTTP/1.1 200 OK
Content-Length: 14
Content-Type: application/json; charset=utf-8
cache-control: no-cache

18:51:30.121 [AsyncHttpClient-1-5] DEBUG org.asynchttpclient.netty.channel.ChannelManager - Adding key: http://localhost:5746 for channel [id: 0x4d3ca722, L:/127.0.0.1:58784 - R:localhost/127.0.0.1:5746]
18:51:30.125 [Forwarding getAlertText on session ece6f424974b90259ea36f1b81bc49bd to remote] DEBUG org.asynchttpclient.netty.request.NettyRequestSender - Using pooled Channel '[id: 0x4d3ca722, L:/127.0.0.1:58784 - R:localhost/127.0.0.1:5746]' for 'GET' to 'http://localhost:5746/session/ece6f424974b90259ea36f1b81bc49bd/alert/text'
18:51:30.125 [Forwarding getAlertText on session ece6f424974b90259ea36f1b81bc49bd to remote] DEBUG org.asynchttpclient.netty.request.NettyRequestSender - Using open Channel [id: 0x4d3ca722, L:/127.0.0.1:58784 - R:localhost/127.0.0.1:5746] for GET '/session/ece6f424974b90259ea36f1b81bc49bd/alert/text'
18:51:30.127 [AsyncHttpClient-1-5] DEBUG org.asynchttpclient.netty.handler.HttpHandler - 

Request DefaultFullHttpRequest(decodeResult: success, version: HTTP/1.1, content: EmptyByteBufBE)
GET /session/ece6f424974b90259ea36f1b81bc49bd/alert/text HTTP/1.1
User-Agent: selenium/4.8.1 (java windows)
Cache-Control: no-cache
Content-Type: application/json; charset=utf-8
host: localhost:5746
accept: */*

Response DefaultHttpResponse(decodeResult: success, version: HTTP/1.1)
HTTP/1.1 404 Not Found
Content-Length: 809
Content-Type: application/json; charset=utf-8
cache-control: no-cache

18:51:30.127 [AsyncHttpClient-1-5] DEBUG org.asynchttpclient.netty.channel.ChannelManager - Adding key: http://localhost:5746 for channel [id: 0x4d3ca722, L:/127.0.0.1:58784 - R:localhost/127.0.0.1:5746]
18:51:30.132 [Forwarding getCurrentUrl on session ece6f424974b90259ea36f1b81bc49bd to remote] DEBUG org.asynchttpclient.netty.request.NettyRequestSender - Using pooled Channel '[id: 0x4d3ca722, L:/127.0.0.1:58784 - R:localhost/127.0.0.1:5746]' for 'GET' to 'http://localhost:5746/session/ece6f424974b90259ea36f1b81bc49bd/url'
18:51:30.133 [Forwarding getCurrentUrl on session ece6f424974b90259ea36f1b81bc49bd to remote] DEBUG org.asynchttpclient.netty.request.NettyRequestSender - Using open Channel [id: 0x4d3ca722, L:/127.0.0.1:58784 - R:localhost/127.0.0.1:5746] for GET '/session/ece6f424974b90259ea36f1b81bc49bd/url'
18:51:30.138 [AsyncHttpClient-1-5] DEBUG org.asynchttpclient.netty.handler.HttpHandler - 

Request DefaultFullHttpRequest(decodeResult: success, version: HTTP/1.1, content: EmptyByteBufBE)
GET /session/ece6f424974b90259ea36f1b81bc49bd/url HTTP/1.1
User-Agent: selenium/4.8.1 (java windows)
Cache-Control: no-cache
Content-Type: application/json; charset=utf-8
host: localhost:5746
accept: */*

Response DefaultHttpResponse(decodeResult: success, version: HTTP/1.1)
HTTP/1.1 200 OK
Content-Length: 41
Content-Type: application/json; charset=utf-8
cache-control: no-cache

18:51:30.138 [AsyncHttpClient-1-5] DEBUG org.asynchttpclient.netty.channel.ChannelManager - Adding key: http://localhost:5746 for channel [id: 0x4d3ca722, L:/127.0.0.1:58784 - R:localhost/127.0.0.1:5746]
18:51:30.140 [Forwarding screenshot on session ece6f424974b90259ea36f1b81bc49bd to remote] DEBUG org.asynchttpclient.netty.request.NettyRequestSender - Using pooled Channel '[id: 0x4d3ca722, L:/127.0.0.1:58784 - R:localhost/127.0.0.1:5746]' for 'GET' to 'http://localhost:5746/session/ece6f424974b90259ea36f1b81bc49bd/screenshot'
18:51:30.140 [Forwarding screenshot on session ece6f424974b90259ea36f1b81bc49bd to remote] DEBUG org.asynchttpclient.netty.request.NettyRequestSender - Using open Channel [id: 0x4d3ca722, L:/127.0.0.1:58784 - R:localhost/127.0.0.1:5746] for GET '/session/ece6f424974b90259ea36f1b81bc49bd/screenshot'
18:51:31.073 [AsyncHttpClient-1-1] DEBUG org.asynchttpclient.netty.channel.DefaultChannelPool - Entry count for : http://localhost:58785 : 1
18:51:32.163 [AsyncHttpClient-1-1] DEBUG org.asynchttpclient.netty.channel.DefaultChannelPool - Entry count for : http://localhost:58785 : 1
18:51:32.290 [AsyncHttpClient-1-5] DEBUG org.asynchttpclient.netty.handler.HttpHandler - 

Request DefaultFullHttpRequest(decodeResult: success, version: HTTP/1.1, content: EmptyByteBufBE)
GET /session/ece6f424974b90259ea36f1b81bc49bd/screenshot HTTP/1.1
User-Agent: selenium/4.8.1 (java windows)
Cache-Control: no-cache
Content-Type: application/json; charset=utf-8
host: localhost:5746
accept: */*

Response DefaultHttpResponse(decodeResult: success, version: HTTP/1.1)
HTTP/1.1 200 OK
Content-Length: 43780
Content-Type: application/json; charset=utf-8
cache-control: no-cache

18:51:32.291 [AsyncHttpClient-1-5] DEBUG org.asynchttpclient.netty.channel.ChannelManager - Adding key: http://localhost:5746 for channel [id: 0x4d3ca722, L:/127.0.0.1:58784 - R:localhost/127.0.0.1:5746]
18:51:32.294 [main] DEBUG net.serenitybdd.core.photography.Darkroom - Send negative for processing for target\site\serenity\b12655e4c55921604a3683ba548eb07c78dfaa312223cd7778c10f975bfbd702.png
18:51:32.294 [main] DEBUG net.thucydides.core.steps.StepInterceptor - STEP DONE: validateOnHomePage
18:51:32.294 [Darkroom Processing Line] DEBUG net.serenitybdd.core.photography.DarkroomProcessingLine - Processing screenshot image in /var/screenshots/screenshot-9254646087505268490
18:51:32.294 [Darkroom Processing Line] DEBUG net.serenitybdd.core.photography.DarkroomProcessingLine - Saving screenshot to target\site\serenity\b12655e4c55921604a3683ba548eb07c78dfaa312223cd7778c10f975bfbd702.png
  &amp#27;[32mAnd &amp#27;[0m&amp#27;[32mI go to home page&amp#27;[0m                                                      &amp#27;[90m# starter.stepdefinitions.CategorySteps.gotoHomePage()&amp#27;[0m
18:51:32.301 [main] INFO  - 
  _____   ___   ___   _____     ___     _     ___   ___   ___   ___  
 |_   _| | __| / __| |_   _|   | _ \   /_\   / __| / __| | __| |   \ 
   | |   | _|  \__ \   | |     |  _/  / _ \  \__ \ \__ \ | _|  | |) |
   |_|   |___| |___/   |_|     |_|   /_/ \_\ |___/ |___/ |___| |___/ 

As user i have be able to select category and click clear category
----------------------------------------------------------------------
18:51:32.303 [Driver Command Executor] DEBUG org.asynchttpclient.netty.request.NettyRequestSender - Using pooled Channel '[id: 0x4d3ca722, L:/127.0.0.1:58784 - R:localhost/127.0.0.1:5746]' for 'DELETE' to 'http://localhost:5746/session/ece6f424974b90259ea36f1b81bc49bd'
18:51:32.303 [AsyncHttpClient-1-7] DEBUG org.asynchttpclient.netty.handler.WebSocketHandler - Channel Closed: [id: 0xf2d6c69d, L:/127.0.0.1:58791 ! R:localhost/127.0.0.1:58785] with attribute NettyResponseFuture{currentRetry=0,
	isDone=1,
	isCancelled=0,
	asyncHandler=org.asynchttpclient.ws.WebSocketUpgradeHandler@1cab589b,
	nettyRequest=org.asynchttpclient.netty.request.NettyRequest@59a9c56a,
	future=java.util.concurrent.CompletableFuture@56ea79df[Completed normally],
	uri=ws://localhost:58785/devtools/browser/aec912d9-5b46-4ae1-9aa5-c9fb33172718,
	keepAlive=true,
	redirectCount=0,
	timeoutsHolder=null,
	inAuth=0,
	touch=1683546683268}
18:51:32.303 [Driver Command Executor] DEBUG org.asynchttpclient.netty.request.NettyRequestSender - Using open Channel [id: 0x4d3ca722, L:/127.0.0.1:58784 - R:localhost/127.0.0.1:5746] for DELETE '/session/ece6f424974b90259ea36f1b81bc49bd'
18:51:32.303 [AsyncHttpClient-1-7] DEBUG org.asynchttpclient.netty.channel.ChannelManager - Closing Channel [id: 0xf2d6c69d, L:/127.0.0.1:58791 ! R:localhost/127.0.0.1:58785] 
18:51:32.579 [AsyncHttpClient-1-6] DEBUG org.asynchttpclient.netty.handler.HttpHandler - Unexpected I/O exception on channel [id: 0x1a4af22a, L:/127.0.0.1:58790 - R:localhost/127.0.0.1:58785]
java.net.SocketException: Connection reset
	at java.base/sun.nio.ch.SocketChannelImpl.throwConnectionReset(SocketChannelImpl.java:394)
	at java.base/sun.nio.ch.SocketChannelImpl.read(SocketChannelImpl.java:426)
	at io.netty.buffer.PooledByteBuf.setBytes(PooledByteBuf.java:259)
	at io.netty.buffer.AbstractByteBuf.writeBytes(AbstractByteBuf.java:1132)
	at io.netty.channel.socket.nio.NioSocketChannel.doReadBytes(NioSocketChannel.java:357)
	at io.netty.channel.nio.AbstractNioByteChannel$NioByteUnsafe.read(AbstractNioByteChannel.java:151)
	at io.netty.channel.nio.NioEventLoop.processSelectedKey(NioEventLoop.java:788)
	at io.netty.channel.nio.NioEventLoop.processSelectedKeysOptimized(NioEventLoop.java:724)
	at io.netty.channel.nio.NioEventLoop.processSelectedKeys(NioEventLoop.java:650)
	at io.netty.channel.nio.NioEventLoop.run(NioEventLoop.java:562)
	at io.netty.util.concurrent.SingleThreadEventExecutor$4.run(SingleThreadEventExecutor.java:997)
	at io.netty.util.internal.ThreadExecutorMap$2.run(ThreadExecutorMap.java:74)
	at io.netty.util.concurrent.FastThreadLocalRunnable.run(FastThreadLocalRunnable.java:30)
	at java.base/java.lang.Thread.run(Thread.java:833)
18:51:32.579 [AsyncHttpClient-1-6] DEBUG org.asynchttpclient.netty.channel.ChannelManager - Closing Channel [id: 0x1a4af22a, L:/127.0.0.1:58790 - R:localhost/127.0.0.1:58785] 
18:51:32.579 [AsyncHttpClient-1-6] DEBUG org.asynchttpclient.netty.handler.HttpHandler - Channel Closed: [id: 0x1a4af22a, L:/127.0.0.1:58790 ! R:localhost/127.0.0.1:58785] with attribute DISCARD
18:51:32.600 [AsyncHttpClient-1-5] DEBUG org.asynchttpclient.netty.handler.HttpHandler - 

Request DefaultFullHttpRequest(decodeResult: success, version: HTTP/1.1, content: EmptyByteBufBE)
DELETE /session/ece6f424974b90259ea36f1b81bc49bd HTTP/1.1
User-Agent: selenium/4.8.1 (java windows)
Content-Type: application/json; charset=utf-8
host: localhost:5746
accept: */*

Response DefaultHttpResponse(decodeResult: success, version: HTTP/1.1)
HTTP/1.1 200 OK
Content-Length: 14
Content-Type: application/json; charset=utf-8
cache-control: no-cache

18:51:32.600 [AsyncHttpClient-1-5] DEBUG org.asynchttpclient.netty.channel.ChannelManager - Adding key: http://localhost:5746 for channel [id: 0x4d3ca722, L:/127.0.0.1:58784 - R:localhost/127.0.0.1:5746]
18:51:32.662 [AsyncHttpClient-1-5] DEBUG org.asynchttpclient.netty.handler.HttpHandler - Channel Closed: [id: 0x4d3ca722, L:/127.0.0.1:58784 ! R:localhost/127.0.0.1:5746] with attribute DISCARD
]]></system-out>
    <system-err><![CDATA[Starting ChromeDriver 111.0.5563.64 (c710e93d5b63b7095afe8c2c17df34408078439d-refs/branch-heads/5563@{#995}) on port 5746
Only local connections are allowed.
Please see https://chromedriver.chromium.org/security-considerations for suggestions on keeping ChromeDriver safe.
ChromeDriver was started successfully.
[1683546683.041][WARNING]: This version of ChromeDriver has not been tested with Chrome version 112.
May 08, 2023 6:51:23 PM org.openqa.selenium.devtools.CdpVersionFinder findNearestMatch
WARNING: Unable to find an exact match for CDP version 112, so returning the closest version found: 110
]]></system-err>
  </testcase>
  <testcase name="As user i have be able to see detail product Sony PS5" classname="Detail Product" time="9.055">
    <system-out><![CDATA[18:51:32.746 [main] DEBUG io.cucumber.core.plugin.SerenityReporter - Running feature from file:///D:/alta/MiniProject/src/test/resources/features/detail.feature
18:51:32.750 [main] DEBUG net.thucydides.core.steps.StepEventBus - Test suite started for story net.thucydides.core.model.Story@9372c946
18:51:32.750 [main] INFO  - Test Suite Started: Detail Product

@detail
Scenario: As user i have be able to see detail product Sony PS5 &amp#27;[90m# src/test/resources/features/detail.feature:7&amp#27;[0m
18:51:32.760 [main] DEBUG io.cucumber.core.plugin.SerenityReporter - Running feature from file:///D:/alta/MiniProject/src/test/resources/features/detail.feature
18:51:32.762 [main] INFO  - 
  _____   ___   ___   _____     ___   _____     _     ___   _____   ___   ___  
 |_   _| | __| / __| |_   _|   / __| |_   _|   /_\   | _ \ |_   _| | __| |   \ 
   | |   | _|  \__ \   | |     \__ \   | |    / _ \  |   /   | |   | _|  | |) |
   |_|   |___| |___/   |_|     |___/   |_|   /_/ \_\ |_|_\   |_|   |___| |___/ 

As user i have be able to see detail product Sony PS5(detail-product;as-user-i-have-be-able-to-see-detail-product-sony-ps5)
--------------------------------------------------------------------------------
18:51:33.010 [main] INFO net.serenitybdd.core.webdriver.driverproviders.ChromeDriverProvider - Starting Chrome driver instance with capabilities:
18:51:33.010 [main] INFO net.serenitybdd.core.webdriver.driverproviders.ChromeDriverProvider - Capabilities {acceptInsecureCerts: false, browserName: chrome, goog:chromeOptions: {args: [remote-allow-origins=*], extensions: []}}
18:51:33.133 [AsyncHttpClient-1-8] DEBUG org.asynchttpclient.netty.channel.NettyConnectListener - Using new Channel '[id: 0xb86206b6, L:/127.0.0.1:58816 - R:localhost/127.0.0.1:19710]' for 'POST' to '/session'
18:51:33.264 [AsyncHttpClient-1-1] DEBUG org.asynchttpclient.netty.channel.DefaultChannelPool - Entry count for : http://localhost:5746 : 1
18:51:33.264 [AsyncHttpClient-1-1] DEBUG org.asynchttpclient.netty.channel.DefaultChannelPool - Entry count for : http://localhost:58785 : 1
18:51:33.265 [AsyncHttpClient-1-1] DEBUG org.asynchttpclient.netty.channel.DefaultChannelPool - Adding Candidate expired Channel [id: 0x4d3ca722, L:/127.0.0.1:58784 ! R:localhost/127.0.0.1:5746] isIdleTimeoutExpired=false isRemotelyClosed=true isTtlExpired=false
18:51:33.265 [AsyncHttpClient-1-1] DEBUG org.asynchttpclient.netty.channel.DefaultChannelPool - Closing Idle Channel [id: 0x4d3ca722, L:/127.0.0.1:58784 ! R:localhost/127.0.0.1:5746]
18:51:33.265 [AsyncHttpClient-1-1] DEBUG org.asynchttpclient.netty.channel.DefaultChannelPool - Adding Candidate expired Channel [id: 0x1a4af22a, L:/127.0.0.1:58790 ! R:localhost/127.0.0.1:58785] isIdleTimeoutExpired=false isRemotelyClosed=true isTtlExpired=false
18:51:33.265 [AsyncHttpClient-1-1] DEBUG org.asynchttpclient.netty.channel.DefaultChannelPool - Closing Idle Channel [id: 0x1a4af22a, L:/127.0.0.1:58790 ! R:localhost/127.0.0.1:58785]
18:51:33.265 [AsyncHttpClient-1-1] DEBUG org.asynchttpclient.netty.channel.DefaultChannelPool - Closed 2 connections out of 2 in 1 ms
18:51:33.976 [AsyncHttpClient-1-8] DEBUG org.asynchttpclient.netty.handler.HttpHandler - 

Request DefaultHttpRequest(decodeResult: success, version: HTTP/1.1)
POST /session HTTP/1.1
User-Agent: selenium/4.8.1 (java windows)
Content-Length: 507
Content-Type: application/json; charset=utf-8
host: localhost:19710
accept: */*

Response DefaultHttpResponse(decodeResult: success, version: HTTP/1.1)
HTTP/1.1 200 OK
Content-Length: 861
Content-Type: application/json; charset=utf-8
cache-control: no-cache

18:51:33.977 [AsyncHttpClient-1-8] DEBUG org.asynchttpclient.netty.channel.ChannelManager - Adding key: http://localhost:19710 for channel [id: 0xb86206b6, L:/127.0.0.1:58816 - R:localhost/127.0.0.1:19710]
18:51:33.993 [AsyncHttpClient-1-9] DEBUG org.asynchttpclient.netty.channel.NettyConnectListener - Using new Channel '[id: 0xe36f4f86, L:/127.0.0.1:58823 - R:localhost/127.0.0.1:58817]' for 'GET' to '/json/version'
18:51:33.999 [AsyncHttpClient-1-9] DEBUG org.asynchttpclient.netty.handler.HttpHandler - 

Request DefaultFullHttpRequest(decodeResult: success, version: HTTP/1.1, content: EmptyByteBufBE)
GET /json/version HTTP/1.1
User-Agent: selenium/4.8.1 (java windows)
host: localhost:58817
accept: */*

Response DefaultHttpResponse(decodeResult: success, version: HTTP/1.1)
HTTP/1.1 200 OK
Content-Security-Policy: frame-ancestors 'none'
Content-Length: 424
Content-Type: application/json; charset=UTF-8

18:51:34.000 [AsyncHttpClient-1-9] DEBUG org.asynchttpclient.netty.channel.ChannelManager - Adding key: http://localhost:58817 for channel [id: 0xe36f4f86, L:/127.0.0.1:58823 - R:localhost/127.0.0.1:58817]
18:51:34.004 [AsyncHttpClient-1-10] DEBUG org.asynchttpclient.netty.channel.NettyConnectListener - Using new Channel '[id: 0x9de8ac89, L:/127.0.0.1:58824 - R:localhost/127.0.0.1:58817]' for 'GET' to '/devtools/browser/ac9728be-bda2-4db3-b0a5-33353c42847e'
18:51:34.008 [AsyncHttpClient-1-10] DEBUG org.asynchttpclient.netty.handler.WebSocketHandler - 

Request DefaultFullHttpRequest(decodeResult: success, version: HTTP/1.1, content: EmptyByteBufBE)
GET /devtools/browser/ac9728be-bda2-4db3-b0a5-33353c42847e HTTP/1.1
upgrade: websocket
connection: upgrade
sec-websocket-key: SXkjDQ70qRR2CC2tem/nLw==
sec-websocket-version: 13
origin: http://localhost:58817
host: localhost:58817
accept: */*
user-agent: AHC/2.1

Response DefaultHttpResponse(decodeResult: success, version: HTTP/1.1)
HTTP/1.1 101 WebSocket Protocol Handshake
Upgrade: WebSocket
Connection: Upgrade
Sec-WebSocket-Accept: iP5ZiRsF56xBCcfaCxvh4MW+Pi4=

18:51:34.015 [Forwarding get on session b934287e1aeaf37df2af00994bb3b27f to remote] DEBUG org.asynchttpclient.netty.request.NettyRequestSender - Using pooled Channel '[id: 0xb86206b6, L:/127.0.0.1:58816 - R:localhost/127.0.0.1:19710]' for 'POST' to 'http://localhost:19710/session/b934287e1aeaf37df2af00994bb3b27f/url'
18:51:34.015 [Forwarding get on session b934287e1aeaf37df2af00994bb3b27f to remote] DEBUG org.asynchttpclient.netty.request.NettyRequestSender - Using open Channel [id: 0xb86206b6, L:/127.0.0.1:58816 - R:localhost/127.0.0.1:19710] for POST '/session/b934287e1aeaf37df2af00994bb3b27f/url'
18:51:34.365 [AsyncHttpClient-1-1] DEBUG org.asynchttpclient.netty.channel.DefaultChannelPool - Entry count for : http://localhost:58817 : 1
18:51:35.464 [AsyncHttpClient-1-1] DEBUG org.asynchttpclient.netty.channel.DefaultChannelPool - Entry count for : http://localhost:58817 : 1
18:51:36.562 [AsyncHttpClient-1-1] DEBUG org.asynchttpclient.netty.channel.DefaultChannelPool - Entry count for : http://localhost:58817 : 1
18:51:37.664 [AsyncHttpClient-1-1] DEBUG org.asynchttpclient.netty.channel.DefaultChannelPool - Entry count for : http://localhost:58817 : 1
18:51:37.684 [AsyncHttpClient-1-8] DEBUG org.asynchttpclient.netty.handler.HttpHandler - 

Request DefaultHttpRequest(decodeResult: success, version: HTTP/1.1)
POST /session/b934287e1aeaf37df2af00994bb3b27f/url HTTP/1.1
User-Agent: selenium/4.8.1 (java windows)
Content-Length: 53
Content-Type: application/json; charset=utf-8
host: localhost:19710
accept: */*

Response DefaultHttpResponse(decodeResult: success, version: HTTP/1.1)
HTTP/1.1 200 OK
Content-Length: 14
Content-Type: application/json; charset=utf-8
cache-control: no-cache

18:51:37.685 [AsyncHttpClient-1-8] DEBUG org.asynchttpclient.netty.channel.ChannelManager - Adding key: http://localhost:19710 for channel [id: 0xb86206b6, L:/127.0.0.1:58816 - R:localhost/127.0.0.1:19710]
18:51:37.688 [Forwarding setTimeout on session b934287e1aeaf37df2af00994bb3b27f to remote] DEBUG org.asynchttpclient.netty.request.NettyRequestSender - Using pooled Channel '[id: 0xb86206b6, L:/127.0.0.1:58816 - R:localhost/127.0.0.1:19710]' for 'POST' to 'http://localhost:19710/session/b934287e1aeaf37df2af00994bb3b27f/timeouts'
18:51:37.688 [Forwarding setTimeout on session b934287e1aeaf37df2af00994bb3b27f to remote] DEBUG org.asynchttpclient.netty.request.NettyRequestSender - Using open Channel [id: 0xb86206b6, L:/127.0.0.1:58816 - R:localhost/127.0.0.1:19710] for POST '/session/b934287e1aeaf37df2af00994bb3b27f/timeouts'
18:51:37.690 [AsyncHttpClient-1-8] DEBUG org.asynchttpclient.netty.handler.HttpHandler - 

Request DefaultHttpRequest(decodeResult: success, version: HTTP/1.1)
POST /session/b934287e1aeaf37df2af00994bb3b27f/timeouts HTTP/1.1
User-Agent: selenium/4.8.1 (java windows)
Content-Length: 22
Content-Type: application/json; charset=utf-8
host: localhost:19710
accept: */*

Response DefaultHttpResponse(decodeResult: success, version: HTTP/1.1)
HTTP/1.1 200 OK
Content-Length: 14
Content-Type: application/json; charset=utf-8
cache-control: no-cache

18:51:37.690 [AsyncHttpClient-1-8] DEBUG org.asynchttpclient.netty.channel.ChannelManager - Adding key: http://localhost:19710 for channel [id: 0xb86206b6, L:/127.0.0.1:58816 - R:localhost/127.0.0.1:19710]
  &amp#27;[32mGiven &amp#27;[0m&amp#27;[32mI am on the home page2&amp#27;[0m                                  &amp#27;[90m# starter.stepdefinitions.DetailSteps.goToHomePage()&amp#27;[0m
18:51:37.702 [main] DEBUG net.serenitybdd.core.photography.Darkroom - Opening darkroom
18:51:37.703 [Darkroom Processing Line] DEBUG net.serenitybdd.core.photography.DarkroomProcessingLine - Darkroom processing line starting up
18:51:37.704 [Forwarding getAlertText on session b934287e1aeaf37df2af00994bb3b27f to remote] DEBUG org.asynchttpclient.netty.request.NettyRequestSender - Using pooled Channel '[id: 0xb86206b6, L:/127.0.0.1:58816 - R:localhost/127.0.0.1:19710]' for 'GET' to 'http://localhost:19710/session/b934287e1aeaf37df2af00994bb3b27f/alert/text'
18:51:37.704 [Forwarding getAlertText on session b934287e1aeaf37df2af00994bb3b27f to remote] DEBUG org.asynchttpclient.netty.request.NettyRequestSender - Using open Channel [id: 0xb86206b6, L:/127.0.0.1:58816 - R:localhost/127.0.0.1:19710] for GET '/session/b934287e1aeaf37df2af00994bb3b27f/alert/text'
18:51:37.705 [AsyncHttpClient-1-8] DEBUG org.asynchttpclient.netty.handler.HttpHandler - 

Request DefaultFullHttpRequest(decodeResult: success, version: HTTP/1.1, content: EmptyByteBufBE)
GET /session/b934287e1aeaf37df2af00994bb3b27f/alert/text HTTP/1.1
User-Agent: selenium/4.8.1 (java windows)
Cache-Control: no-cache
Content-Type: application/json; charset=utf-8
host: localhost:19710
accept: */*

Response DefaultHttpResponse(decodeResult: success, version: HTTP/1.1)
HTTP/1.1 404 Not Found
Content-Length: 809
Content-Type: application/json; charset=utf-8
cache-control: no-cache

18:51:37.706 [AsyncHttpClient-1-8] DEBUG org.asynchttpclient.netty.channel.ChannelManager - Adding key: http://localhost:19710 for channel [id: 0xb86206b6, L:/127.0.0.1:58816 - R:localhost/127.0.0.1:19710]
18:51:37.707 [Forwarding getCurrentUrl on session b934287e1aeaf37df2af00994bb3b27f to remote] DEBUG org.asynchttpclient.netty.request.NettyRequestSender - Using pooled Channel '[id: 0xb86206b6, L:/127.0.0.1:58816 - R:localhost/127.0.0.1:19710]' for 'GET' to 'http://localhost:19710/session/b934287e1aeaf37df2af00994bb3b27f/url'
18:51:37.707 [Forwarding getCurrentUrl on session b934287e1aeaf37df2af00994bb3b27f to remote] DEBUG org.asynchttpclient.netty.request.NettyRequestSender - Using open Channel [id: 0xb86206b6, L:/127.0.0.1:58816 - R:localhost/127.0.0.1:19710] for GET '/session/b934287e1aeaf37df2af00994bb3b27f/url'
18:51:37.712 [AsyncHttpClient-1-8] DEBUG org.asynchttpclient.netty.handler.HttpHandler - 

Request DefaultFullHttpRequest(decodeResult: success, version: HTTP/1.1, content: EmptyByteBufBE)
GET /session/b934287e1aeaf37df2af00994bb3b27f/url HTTP/1.1
User-Agent: selenium/4.8.1 (java windows)
Cache-Control: no-cache
Content-Type: application/json; charset=utf-8
host: localhost:19710
accept: */*

Response DefaultHttpResponse(decodeResult: success, version: HTTP/1.1)
HTTP/1.1 200 OK
Content-Length: 41
Content-Type: application/json; charset=utf-8
cache-control: no-cache

18:51:37.712 [AsyncHttpClient-1-8] DEBUG org.asynchttpclient.netty.channel.ChannelManager - Adding key: http://localhost:19710 for channel [id: 0xb86206b6, L:/127.0.0.1:58816 - R:localhost/127.0.0.1:19710]
18:51:37.713 [Forwarding screenshot on session b934287e1aeaf37df2af00994bb3b27f to remote] DEBUG org.asynchttpclient.netty.request.NettyRequestSender - Using pooled Channel '[id: 0xb86206b6, L:/127.0.0.1:58816 - R:localhost/127.0.0.1:19710]' for 'GET' to 'http://localhost:19710/session/b934287e1aeaf37df2af00994bb3b27f/screenshot'
18:51:37.713 [Forwarding screenshot on session b934287e1aeaf37df2af00994bb3b27f to remote] DEBUG org.asynchttpclient.netty.request.NettyRequestSender - Using open Channel [id: 0xb86206b6, L:/127.0.0.1:58816 - R:localhost/127.0.0.1:19710] for GET '/session/b934287e1aeaf37df2af00994bb3b27f/screenshot'
18:51:38.763 [AsyncHttpClient-1-1] DEBUG org.asynchttpclient.netty.channel.DefaultChannelPool - Entry count for : http://localhost:58817 : 1
18:51:39.863 [AsyncHttpClient-1-1] DEBUG org.asynchttpclient.netty.channel.DefaultChannelPool - Entry count for : http://localhost:58817 : 1
18:51:40.174 [AsyncHttpClient-1-8] DEBUG org.asynchttpclient.netty.handler.HttpHandler - 

Request DefaultFullHttpRequest(decodeResult: success, version: HTTP/1.1, content: EmptyByteBufBE)
GET /session/b934287e1aeaf37df2af00994bb3b27f/screenshot HTTP/1.1
User-Agent: selenium/4.8.1 (java windows)
Cache-Control: no-cache
Content-Type: application/json; charset=utf-8
host: localhost:19710
accept: */*

Response DefaultHttpResponse(decodeResult: success, version: HTTP/1.1)
HTTP/1.1 200 OK
Content-Length: 43176
Content-Type: application/json; charset=utf-8
cache-control: no-cache

18:51:40.175 [AsyncHttpClient-1-8] DEBUG org.asynchttpclient.netty.channel.ChannelManager - Adding key: http://localhost:19710 for channel [id: 0xb86206b6, L:/127.0.0.1:58816 - R:localhost/127.0.0.1:19710]
18:51:40.177 [main] DEBUG net.serenitybdd.core.photography.Darkroom - Send negative for processing for target\site\serenity\197c59465d649a4b432863adc4e20740e511683b46e6e665bd3c363f6831b410.png
18:51:40.178 [Darkroom Processing Line] DEBUG net.serenitybdd.core.photography.DarkroomProcessingLine - Processing screenshot image in /var/screenshots/screenshot-13868969184675207615
18:51:40.178 [Darkroom Processing Line] DEBUG net.serenitybdd.core.photography.DarkroomProcessingLine - Saving screenshot to target\site\serenity\197c59465d649a4b432863adc4e20740e511683b46e6e665bd3c363f6831b410.png
18:51:40.183 [Forwarding getPageSource on session b934287e1aeaf37df2af00994bb3b27f to remote] DEBUG org.asynchttpclient.netty.request.NettyRequestSender - Using pooled Channel '[id: 0xb86206b6, L:/127.0.0.1:58816 - R:localhost/127.0.0.1:19710]' for 'POST' to 'http://localhost:19710/session/b934287e1aeaf37df2af00994bb3b27f/execute/sync'
18:51:40.183 [Forwarding getPageSource on session b934287e1aeaf37df2af00994bb3b27f to remote] DEBUG org.asynchttpclient.netty.request.NettyRequestSender - Using open Channel [id: 0xb86206b6, L:/127.0.0.1:58816 - R:localhost/127.0.0.1:19710] for POST '/session/b934287e1aeaf37df2af00994bb3b27f/execute/sync'
18:51:40.224 [AsyncHttpClient-1-8] DEBUG org.asynchttpclient.netty.handler.HttpHandler - 

Request DefaultHttpRequest(decodeResult: success, version: HTTP/1.1)
POST /session/b934287e1aeaf37df2af00994bb3b27f/execute/sync HTTP/1.1
User-Agent: selenium/4.8.1 (java windows)
Content-Length: 176
Content-Type: application/json; charset=utf-8
host: localhost:19710
accept: */*

Response DefaultHttpResponse(decodeResult: success, version: HTTP/1.1)
HTTP/1.1 200 OK
Content-Length: 744185
Content-Type: application/json; charset=utf-8
cache-control: no-cache

18:51:40.226 [AsyncHttpClient-1-8] DEBUG org.asynchttpclient.netty.channel.ChannelManager - Adding key: http://localhost:19710 for channel [id: 0xb86206b6, L:/127.0.0.1:58816 - R:localhost/127.0.0.1:19710]
18:51:40.272 [Forwarding getCurrentUrl on session b934287e1aeaf37df2af00994bb3b27f to remote] DEBUG org.asynchttpclient.netty.request.NettyRequestSender - Using pooled Channel '[id: 0xb86206b6, L:/127.0.0.1:58816 - R:localhost/127.0.0.1:19710]' for 'GET' to 'http://localhost:19710/session/b934287e1aeaf37df2af00994bb3b27f/url'
18:51:40.272 [Forwarding getCurrentUrl on session b934287e1aeaf37df2af00994bb3b27f to remote] DEBUG org.asynchttpclient.netty.request.NettyRequestSender - Using open Channel [id: 0xb86206b6, L:/127.0.0.1:58816 - R:localhost/127.0.0.1:19710] for GET '/session/b934287e1aeaf37df2af00994bb3b27f/url'
18:51:40.277 [AsyncHttpClient-1-8] DEBUG org.asynchttpclient.netty.handler.HttpHandler - 

Request DefaultFullHttpRequest(decodeResult: success, version: HTTP/1.1, content: EmptyByteBufBE)
GET /session/b934287e1aeaf37df2af00994bb3b27f/url HTTP/1.1
User-Agent: selenium/4.8.1 (java windows)
Cache-Control: no-cache
Content-Type: application/json; charset=utf-8
host: localhost:19710
accept: */*

Response DefaultHttpResponse(decodeResult: success, version: HTTP/1.1)
HTTP/1.1 200 OK
Content-Length: 41
Content-Type: application/json; charset=utf-8
cache-control: no-cache

18:51:40.277 [AsyncHttpClient-1-8] DEBUG org.asynchttpclient.netty.channel.ChannelManager - Adding key: http://localhost:19710 for channel [id: 0xb86206b6, L:/127.0.0.1:58816 - R:localhost/127.0.0.1:19710]
18:51:40.288 [Forwarding getAlertText on session b934287e1aeaf37df2af00994bb3b27f to remote] DEBUG org.asynchttpclient.netty.request.NettyRequestSender - Using pooled Channel '[id: 0xb86206b6, L:/127.0.0.1:58816 - R:localhost/127.0.0.1:19710]' for 'GET' to 'http://localhost:19710/session/b934287e1aeaf37df2af00994bb3b27f/alert/text'
18:51:40.288 [Forwarding getAlertText on session b934287e1aeaf37df2af00994bb3b27f to remote] DEBUG org.asynchttpclient.netty.request.NettyRequestSender - Using open Channel [id: 0xb86206b6, L:/127.0.0.1:58816 - R:localhost/127.0.0.1:19710] for GET '/session/b934287e1aeaf37df2af00994bb3b27f/alert/text'
18:51:40.290 [AsyncHttpClient-1-8] DEBUG org.asynchttpclient.netty.handler.HttpHandler - 

Request DefaultFullHttpRequest(decodeResult: success, version: HTTP/1.1, content: EmptyByteBufBE)
GET /session/b934287e1aeaf37df2af00994bb3b27f/alert/text HTTP/1.1
User-Agent: selenium/4.8.1 (java windows)
Cache-Control: no-cache
Content-Type: application/json; charset=utf-8
host: localhost:19710
accept: */*

Response DefaultHttpResponse(decodeResult: success, version: HTTP/1.1)
HTTP/1.1 404 Not Found
Content-Length: 809
Content-Type: application/json; charset=utf-8
cache-control: no-cache

18:51:40.290 [AsyncHttpClient-1-8] DEBUG org.asynchttpclient.netty.channel.ChannelManager - Adding key: http://localhost:19710 for channel [id: 0xb86206b6, L:/127.0.0.1:58816 - R:localhost/127.0.0.1:19710]
18:51:40.292 [Forwarding getCurrentUrl on session b934287e1aeaf37df2af00994bb3b27f to remote] DEBUG org.asynchttpclient.netty.request.NettyRequestSender - Using pooled Channel '[id: 0xb86206b6, L:/127.0.0.1:58816 - R:localhost/127.0.0.1:19710]' for 'GET' to 'http://localhost:19710/session/b934287e1aeaf37df2af00994bb3b27f/url'
18:51:40.292 [Forwarding getCurrentUrl on session b934287e1aeaf37df2af00994bb3b27f to remote] DEBUG org.asynchttpclient.netty.request.NettyRequestSender - Using open Channel [id: 0xb86206b6, L:/127.0.0.1:58816 - R:localhost/127.0.0.1:19710] for GET '/session/b934287e1aeaf37df2af00994bb3b27f/url'
18:51:40.297 [AsyncHttpClient-1-8] DEBUG org.asynchttpclient.netty.handler.HttpHandler - 

Request DefaultFullHttpRequest(decodeResult: success, version: HTTP/1.1, content: EmptyByteBufBE)
GET /session/b934287e1aeaf37df2af00994bb3b27f/url HTTP/1.1
User-Agent: selenium/4.8.1 (java windows)
Cache-Control: no-cache
Content-Type: application/json; charset=utf-8
host: localhost:19710
accept: */*

Response DefaultHttpResponse(decodeResult: success, version: HTTP/1.1)
HTTP/1.1 200 OK
Content-Length: 41
Content-Type: application/json; charset=utf-8
cache-control: no-cache

18:51:40.297 [AsyncHttpClient-1-8] DEBUG org.asynchttpclient.netty.channel.ChannelManager - Adding key: http://localhost:19710 for channel [id: 0xb86206b6, L:/127.0.0.1:58816 - R:localhost/127.0.0.1:19710]
18:51:40.298 [Forwarding screenshot on session b934287e1aeaf37df2af00994bb3b27f to remote] DEBUG org.asynchttpclient.netty.request.NettyRequestSender - Using pooled Channel '[id: 0xb86206b6, L:/127.0.0.1:58816 - R:localhost/127.0.0.1:19710]' for 'GET' to 'http://localhost:19710/session/b934287e1aeaf37df2af00994bb3b27f/screenshot'
18:51:40.298 [Forwarding screenshot on session b934287e1aeaf37df2af00994bb3b27f to remote] DEBUG org.asynchttpclient.netty.request.NettyRequestSender - Using open Channel [id: 0xb86206b6, L:/127.0.0.1:58816 - R:localhost/127.0.0.1:19710] for GET '/session/b934287e1aeaf37df2af00994bb3b27f/screenshot'
18:51:40.417 [AsyncHttpClient-1-8] DEBUG org.asynchttpclient.netty.handler.HttpHandler - 

Request DefaultFullHttpRequest(decodeResult: success, version: HTTP/1.1, content: EmptyByteBufBE)
GET /session/b934287e1aeaf37df2af00994bb3b27f/screenshot HTTP/1.1
User-Agent: selenium/4.8.1 (java windows)
Cache-Control: no-cache
Content-Type: application/json; charset=utf-8
host: localhost:19710
accept: */*

Response DefaultHttpResponse(decodeResult: success, version: HTTP/1.1)
HTTP/1.1 200 OK
Content-Length: 80320
Content-Type: application/json; charset=utf-8
cache-control: no-cache

18:51:40.417 [AsyncHttpClient-1-8] DEBUG org.asynchttpclient.netty.channel.ChannelManager - Adding key: http://localhost:19710 for channel [id: 0xb86206b6, L:/127.0.0.1:58816 - R:localhost/127.0.0.1:19710]
18:51:40.420 [main] DEBUG net.serenitybdd.core.photography.Darkroom - Send negative for processing for target\site\serenity\8b23daf288367e5cac590e20cdbbbae03c8bd7f2b9da1f141b5f0a6fce67cac1.png
18:51:40.420 [Darkroom Processing Line] DEBUG net.serenitybdd.core.photography.DarkroomProcessingLine - Processing screenshot image in /var/screenshots/screenshot-1072183169369761932
18:51:40.420 [Darkroom Processing Line] DEBUG net.serenitybdd.core.photography.DarkroomProcessingLine - Saving screenshot to target\site\serenity\8b23daf288367e5cac590e20cdbbbae03c8bd7f2b9da1f141b5f0a6fce67cac1.png
18:51:40.422 [Forwarding getPageSource on session b934287e1aeaf37df2af00994bb3b27f to remote] DEBUG org.asynchttpclient.netty.request.NettyRequestSender - Using pooled Channel '[id: 0xb86206b6, L:/127.0.0.1:58816 - R:localhost/127.0.0.1:19710]' for 'POST' to 'http://localhost:19710/session/b934287e1aeaf37df2af00994bb3b27f/execute/sync'
18:51:40.422 [Forwarding getPageSource on session b934287e1aeaf37df2af00994bb3b27f to remote] DEBUG org.asynchttpclient.netty.request.NettyRequestSender - Using open Channel [id: 0xb86206b6, L:/127.0.0.1:58816 - R:localhost/127.0.0.1:19710] for POST '/session/b934287e1aeaf37df2af00994bb3b27f/execute/sync'
18:51:40.457 [AsyncHttpClient-1-8] DEBUG org.asynchttpclient.netty.handler.HttpHandler - 

Request DefaultHttpRequest(decodeResult: success, version: HTTP/1.1)
POST /session/b934287e1aeaf37df2af00994bb3b27f/execute/sync HTTP/1.1
User-Agent: selenium/4.8.1 (java windows)
Content-Length: 176
Content-Type: application/json; charset=utf-8
host: localhost:19710
accept: */*

Response DefaultHttpResponse(decodeResult: success, version: HTTP/1.1)
HTTP/1.1 200 OK
Content-Length: 744185
Content-Type: application/json; charset=utf-8
cache-control: no-cache

18:51:40.458 [AsyncHttpClient-1-8] DEBUG org.asynchttpclient.netty.channel.ChannelManager - Adding key: http://localhost:19710 for channel [id: 0xb86206b6, L:/127.0.0.1:58816 - R:localhost/127.0.0.1:19710]
18:51:40.492 [Forwarding getCurrentUrl on session b934287e1aeaf37df2af00994bb3b27f to remote] DEBUG org.asynchttpclient.netty.request.NettyRequestSender - Using pooled Channel '[id: 0xb86206b6, L:/127.0.0.1:58816 - R:localhost/127.0.0.1:19710]' for 'GET' to 'http://localhost:19710/session/b934287e1aeaf37df2af00994bb3b27f/url'
18:51:40.492 [Forwarding getCurrentUrl on session b934287e1aeaf37df2af00994bb3b27f to remote] DEBUG org.asynchttpclient.netty.request.NettyRequestSender - Using open Channel [id: 0xb86206b6, L:/127.0.0.1:58816 - R:localhost/127.0.0.1:19710] for GET '/session/b934287e1aeaf37df2af00994bb3b27f/url'
18:51:40.498 [AsyncHttpClient-1-8] DEBUG org.asynchttpclient.netty.handler.HttpHandler - 

Request DefaultFullHttpRequest(decodeResult: success, version: HTTP/1.1, content: EmptyByteBufBE)
GET /session/b934287e1aeaf37df2af00994bb3b27f/url HTTP/1.1
User-Agent: selenium/4.8.1 (java windows)
Cache-Control: no-cache
Content-Type: application/json; charset=utf-8
host: localhost:19710
accept: */*

Response DefaultHttpResponse(decodeResult: success, version: HTTP/1.1)
HTTP/1.1 200 OK
Content-Length: 41
Content-Type: application/json; charset=utf-8
cache-control: no-cache

18:51:40.498 [AsyncHttpClient-1-8] DEBUG org.asynchttpclient.netty.channel.ChannelManager - Adding key: http://localhost:19710 for channel [id: 0xb86206b6, L:/127.0.0.1:58816 - R:localhost/127.0.0.1:19710]
18:51:40.501 [main] DEBUG net.thucydides.core.steps.StepInterceptor - STARTING STEP: DetailSteps.clickDetailProduct - ClickDetail1Button
18:51:40.503 [Forwarding findElement on session b934287e1aeaf37df2af00994bb3b27f to remote] DEBUG org.asynchttpclient.netty.request.NettyRequestSender - Using pooled Channel '[id: 0xb86206b6, L:/127.0.0.1:58816 - R:localhost/127.0.0.1:19710]' for 'POST' to 'http://localhost:19710/session/b934287e1aeaf37df2af00994bb3b27f/element'
18:51:40.503 [Forwarding findElement on session b934287e1aeaf37df2af00994bb3b27f to remote] DEBUG org.asynchttpclient.netty.request.NettyRequestSender - Using open Channel [id: 0xb86206b6, L:/127.0.0.1:58816 - R:localhost/127.0.0.1:19710] for POST '/session/b934287e1aeaf37df2af00994bb3b27f/element'
18:51:40.517 [AsyncHttpClient-1-8] DEBUG org.asynchttpclient.netty.handler.HttpHandler - 

Request DefaultHttpRequest(decodeResult: success, version: HTTP/1.1)
POST /session/b934287e1aeaf37df2af00994bb3b27f/element HTTP/1.1
User-Agent: selenium/4.8.1 (java windows)
Content-Length: 140
Content-Type: application/json; charset=utf-8
host: localhost:19710
accept: */*

Response DefaultHttpResponse(decodeResult: success, version: HTTP/1.1)
HTTP/1.1 200 OK
Content-Length: 88
Content-Type: application/json; charset=utf-8
cache-control: no-cache

18:51:40.518 [AsyncHttpClient-1-8] DEBUG org.asynchttpclient.netty.channel.ChannelManager - Adding key: http://localhost:19710 for channel [id: 0xb86206b6, L:/127.0.0.1:58816 - R:localhost/127.0.0.1:19710]
18:51:40.519 [Forwarding getElementTagName on session b934287e1aeaf37df2af00994bb3b27f to remote] DEBUG org.asynchttpclient.netty.request.NettyRequestSender - Using pooled Channel '[id: 0xb86206b6, L:/127.0.0.1:58816 - R:localhost/127.0.0.1:19710]' for 'GET' to 'http://localhost:19710/session/b934287e1aeaf37df2af00994bb3b27f/element/08a0dc9f-81f0-420e-ba85-a486caf6e3e0/name'
18:51:40.519 [Forwarding getElementTagName on session b934287e1aeaf37df2af00994bb3b27f to remote] DEBUG org.asynchttpclient.netty.request.NettyRequestSender - Using open Channel [id: 0xb86206b6, L:/127.0.0.1:58816 - R:localhost/127.0.0.1:19710] for GET '/session/b934287e1aeaf37df2af00994bb3b27f/element/08a0dc9f-81f0-420e-ba85-a486caf6e3e0/name'
18:51:40.524 [AsyncHttpClient-1-8] DEBUG org.asynchttpclient.netty.handler.HttpHandler - 

Request DefaultFullHttpRequest(decodeResult: success, version: HTTP/1.1, content: EmptyByteBufBE)
GET /session/b934287e1aeaf37df2af00994bb3b27f/element/08a0dc9f-81f0-420e-ba85-a486caf6e3e0/name HTTP/1.1
User-Agent: selenium/4.8.1 (java windows)
Cache-Control: no-cache
Content-Type: application/json; charset=utf-8
host: localhost:19710
accept: */*

Response DefaultHttpResponse(decodeResult: success, version: HTTP/1.1)
HTTP/1.1 200 OK
Content-Length: 18
Content-Type: application/json; charset=utf-8
cache-control: no-cache

18:51:40.524 [AsyncHttpClient-1-8] DEBUG org.asynchttpclient.netty.channel.ChannelManager - Adding key: http://localhost:19710 for channel [id: 0xb86206b6, L:/127.0.0.1:58816 - R:localhost/127.0.0.1:19710]
18:51:40.525 [Forwarding getElementTagName on session b934287e1aeaf37df2af00994bb3b27f to remote] DEBUG org.asynchttpclient.netty.request.NettyRequestSender - Using pooled Channel '[id: 0xb86206b6, L:/127.0.0.1:58816 - R:localhost/127.0.0.1:19710]' for 'GET' to 'http://localhost:19710/session/b934287e1aeaf37df2af00994bb3b27f/element/08a0dc9f-81f0-420e-ba85-a486caf6e3e0/name'
18:51:40.525 [Forwarding getElementTagName on session b934287e1aeaf37df2af00994bb3b27f to remote] DEBUG org.asynchttpclient.netty.request.NettyRequestSender - Using open Channel [id: 0xb86206b6, L:/127.0.0.1:58816 - R:localhost/127.0.0.1:19710] for GET '/session/b934287e1aeaf37df2af00994bb3b27f/element/08a0dc9f-81f0-420e-ba85-a486caf6e3e0/name'
18:51:40.529 [AsyncHttpClient-1-8] DEBUG org.asynchttpclient.netty.handler.HttpHandler - 

Request DefaultFullHttpRequest(decodeResult: success, version: HTTP/1.1, content: EmptyByteBufBE)
GET /session/b934287e1aeaf37df2af00994bb3b27f/element/08a0dc9f-81f0-420e-ba85-a486caf6e3e0/name HTTP/1.1
User-Agent: selenium/4.8.1 (java windows)
Cache-Control: no-cache
Content-Type: application/json; charset=utf-8
host: localhost:19710
accept: */*

Response DefaultHttpResponse(decodeResult: success, version: HTTP/1.1)
HTTP/1.1 200 OK
Content-Length: 18
Content-Type: application/json; charset=utf-8
cache-control: no-cache

18:51:40.529 [AsyncHttpClient-1-8] DEBUG org.asynchttpclient.netty.channel.ChannelManager - Adding key: http://localhost:19710 for channel [id: 0xb86206b6, L:/127.0.0.1:58816 - R:localhost/127.0.0.1:19710]
18:51:40.533 [Forwarding isElementEnabled on session b934287e1aeaf37df2af00994bb3b27f to remote] DEBUG org.asynchttpclient.netty.request.NettyRequestSender - Using pooled Channel '[id: 0xb86206b6, L:/127.0.0.1:58816 - R:localhost/127.0.0.1:19710]' for 'GET' to 'http://localhost:19710/session/b934287e1aeaf37df2af00994bb3b27f/element/08a0dc9f-81f0-420e-ba85-a486caf6e3e0/enabled'
18:51:40.533 [Forwarding isElementEnabled on session b934287e1aeaf37df2af00994bb3b27f to remote] DEBUG org.asynchttpclient.netty.request.NettyRequestSender - Using open Channel [id: 0xb86206b6, L:/127.0.0.1:58816 - R:localhost/127.0.0.1:19710] for GET '/session/b934287e1aeaf37df2af00994bb3b27f/element/08a0dc9f-81f0-420e-ba85-a486caf6e3e0/enabled'
18:51:40.542 [AsyncHttpClient-1-8] DEBUG org.asynchttpclient.netty.handler.HttpHandler - 

Request DefaultFullHttpRequest(decodeResult: success, version: HTTP/1.1, content: EmptyByteBufBE)
GET /session/b934287e1aeaf37df2af00994bb3b27f/element/08a0dc9f-81f0-420e-ba85-a486caf6e3e0/enabled HTTP/1.1
User-Agent: selenium/4.8.1 (java windows)
Cache-Control: no-cache
Content-Type: application/json; charset=utf-8
host: localhost:19710
accept: */*

Response DefaultHttpResponse(decodeResult: success, version: HTTP/1.1)
HTTP/1.1 200 OK
Content-Length: 14
Content-Type: application/json; charset=utf-8
cache-control: no-cache

18:51:40.542 [AsyncHttpClient-1-8] DEBUG org.asynchttpclient.netty.channel.ChannelManager - Adding key: http://localhost:19710 for channel [id: 0xb86206b6, L:/127.0.0.1:58816 - R:localhost/127.0.0.1:19710]
18:51:40.544 [Forwarding isElementEnabled on session b934287e1aeaf37df2af00994bb3b27f to remote] DEBUG org.asynchttpclient.netty.request.NettyRequestSender - Using pooled Channel '[id: 0xb86206b6, L:/127.0.0.1:58816 - R:localhost/127.0.0.1:19710]' for 'GET' to 'http://localhost:19710/session/b934287e1aeaf37df2af00994bb3b27f/element/08a0dc9f-81f0-420e-ba85-a486caf6e3e0/enabled'
18:51:40.544 [Forwarding isElementEnabled on session b934287e1aeaf37df2af00994bb3b27f to remote] DEBUG org.asynchttpclient.netty.request.NettyRequestSender - Using open Channel [id: 0xb86206b6, L:/127.0.0.1:58816 - R:localhost/127.0.0.1:19710] for GET '/session/b934287e1aeaf37df2af00994bb3b27f/element/08a0dc9f-81f0-420e-ba85-a486caf6e3e0/enabled'
18:51:40.550 [AsyncHttpClient-1-8] DEBUG org.asynchttpclient.netty.handler.HttpHandler - 

Request DefaultFullHttpRequest(decodeResult: success, version: HTTP/1.1, content: EmptyByteBufBE)
GET /session/b934287e1aeaf37df2af00994bb3b27f/element/08a0dc9f-81f0-420e-ba85-a486caf6e3e0/enabled HTTP/1.1
User-Agent: selenium/4.8.1 (java windows)
Cache-Control: no-cache
Content-Type: application/json; charset=utf-8
host: localhost:19710
accept: */*

Response DefaultHttpResponse(decodeResult: success, version: HTTP/1.1)
HTTP/1.1 200 OK
Content-Length: 14
Content-Type: application/json; charset=utf-8
cache-control: no-cache

18:51:40.550 [AsyncHttpClient-1-8] DEBUG org.asynchttpclient.netty.channel.ChannelManager - Adding key: http://localhost:19710 for channel [id: 0xb86206b6, L:/127.0.0.1:58816 - R:localhost/127.0.0.1:19710]
18:51:40.552 [Forwarding findElement on session b934287e1aeaf37df2af00994bb3b27f to remote] DEBUG org.asynchttpclient.netty.request.NettyRequestSender - Using pooled Channel '[id: 0xb86206b6, L:/127.0.0.1:58816 - R:localhost/127.0.0.1:19710]' for 'POST' to 'http://localhost:19710/session/b934287e1aeaf37df2af00994bb3b27f/element'
18:51:40.552 [Forwarding findElement on session b934287e1aeaf37df2af00994bb3b27f to remote] DEBUG org.asynchttpclient.netty.request.NettyRequestSender - Using open Channel [id: 0xb86206b6, L:/127.0.0.1:58816 - R:localhost/127.0.0.1:19710] for POST '/session/b934287e1aeaf37df2af00994bb3b27f/element'
18:51:40.565 [AsyncHttpClient-1-8] DEBUG org.asynchttpclient.netty.handler.HttpHandler - 

Request DefaultHttpRequest(decodeResult: success, version: HTTP/1.1)
POST /session/b934287e1aeaf37df2af00994bb3b27f/element HTTP/1.1
User-Agent: selenium/4.8.1 (java windows)
Content-Length: 140
Content-Type: application/json; charset=utf-8
host: localhost:19710
accept: */*

Response DefaultHttpResponse(decodeResult: success, version: HTTP/1.1)
HTTP/1.1 200 OK
Content-Length: 88
Content-Type: application/json; charset=utf-8
cache-control: no-cache

18:51:40.565 [AsyncHttpClient-1-8] DEBUG org.asynchttpclient.netty.channel.ChannelManager - Adding key: http://localhost:19710 for channel [id: 0xb86206b6, L:/127.0.0.1:58816 - R:localhost/127.0.0.1:19710]
18:51:40.567 [Forwarding clickElement on session b934287e1aeaf37df2af00994bb3b27f to remote] DEBUG org.asynchttpclient.netty.request.NettyRequestSender - Using pooled Channel '[id: 0xb86206b6, L:/127.0.0.1:58816 - R:localhost/127.0.0.1:19710]' for 'POST' to 'http://localhost:19710/session/b934287e1aeaf37df2af00994bb3b27f/element/08a0dc9f-81f0-420e-ba85-a486caf6e3e0/click'
18:51:40.567 [Forwarding clickElement on session b934287e1aeaf37df2af00994bb3b27f to remote] DEBUG org.asynchttpclient.netty.request.NettyRequestSender - Using open Channel [id: 0xb86206b6, L:/127.0.0.1:58816 - R:localhost/127.0.0.1:19710] for POST '/session/b934287e1aeaf37df2af00994bb3b27f/element/08a0dc9f-81f0-420e-ba85-a486caf6e3e0/click'
18:51:40.751 [AsyncHttpClient-1-8] DEBUG org.asynchttpclient.netty.handler.HttpHandler - 

Request DefaultHttpRequest(decodeResult: success, version: HTTP/1.1)
POST /session/b934287e1aeaf37df2af00994bb3b27f/element/08a0dc9f-81f0-420e-ba85-a486caf6e3e0/click HTTP/1.1
User-Agent: selenium/4.8.1 (java windows)
Content-Length: 50
Content-Type: application/json; charset=utf-8
host: localhost:19710
accept: */*

Response DefaultHttpResponse(decodeResult: success, version: HTTP/1.1)
HTTP/1.1 200 OK
Content-Length: 14
Content-Type: application/json; charset=utf-8
cache-control: no-cache

18:51:40.751 [AsyncHttpClient-1-8] DEBUG org.asynchttpclient.netty.channel.ChannelManager - Adding key: http://localhost:19710 for channel [id: 0xb86206b6, L:/127.0.0.1:58816 - R:localhost/127.0.0.1:19710]
18:51:40.757 [Forwarding getAlertText on session b934287e1aeaf37df2af00994bb3b27f to remote] DEBUG org.asynchttpclient.netty.request.NettyRequestSender - Using pooled Channel '[id: 0xb86206b6, L:/127.0.0.1:58816 - R:localhost/127.0.0.1:19710]' for 'GET' to 'http://localhost:19710/session/b934287e1aeaf37df2af00994bb3b27f/alert/text'
18:51:40.757 [Forwarding getAlertText on session b934287e1aeaf37df2af00994bb3b27f to remote] DEBUG org.asynchttpclient.netty.request.NettyRequestSender - Using open Channel [id: 0xb86206b6, L:/127.0.0.1:58816 - R:localhost/127.0.0.1:19710] for GET '/session/b934287e1aeaf37df2af00994bb3b27f/alert/text'
18:51:40.929 [AsyncHttpClient-1-8] DEBUG org.asynchttpclient.netty.handler.HttpHandler - 

Request DefaultFullHttpRequest(decodeResult: success, version: HTTP/1.1, content: EmptyByteBufBE)
GET /session/b934287e1aeaf37df2af00994bb3b27f/alert/text HTTP/1.1
User-Agent: selenium/4.8.1 (java windows)
Cache-Control: no-cache
Content-Type: application/json; charset=utf-8
host: localhost:19710
accept: */*

Response DefaultHttpResponse(decodeResult: success, version: HTTP/1.1)
HTTP/1.1 404 Not Found
Content-Length: 809
Content-Type: application/json; charset=utf-8
cache-control: no-cache

18:51:40.929 [AsyncHttpClient-1-8] DEBUG org.asynchttpclient.netty.channel.ChannelManager - Adding key: http://localhost:19710 for channel [id: 0xb86206b6, L:/127.0.0.1:58816 - R:localhost/127.0.0.1:19710]
18:51:40.935 [Forwarding getCurrentUrl on session b934287e1aeaf37df2af00994bb3b27f to remote] DEBUG org.asynchttpclient.netty.request.NettyRequestSender - Using pooled Channel '[id: 0xb86206b6, L:/127.0.0.1:58816 - R:localhost/127.0.0.1:19710]' for 'GET' to 'http://localhost:19710/session/b934287e1aeaf37df2af00994bb3b27f/url'
18:51:40.935 [Forwarding getCurrentUrl on session b934287e1aeaf37df2af00994bb3b27f to remote] DEBUG org.asynchttpclient.netty.request.NettyRequestSender - Using open Channel [id: 0xb86206b6, L:/127.0.0.1:58816 - R:localhost/127.0.0.1:19710] for GET '/session/b934287e1aeaf37df2af00994bb3b27f/url'
18:51:40.939 [AsyncHttpClient-1-8] DEBUG org.asynchttpclient.netty.handler.HttpHandler - 

Request DefaultFullHttpRequest(decodeResult: success, version: HTTP/1.1, content: EmptyByteBufBE)
GET /session/b934287e1aeaf37df2af00994bb3b27f/url HTTP/1.1
User-Agent: selenium/4.8.1 (java windows)
Cache-Control: no-cache
Content-Type: application/json; charset=utf-8
host: localhost:19710
accept: */*

Response DefaultHttpResponse(decodeResult: success, version: HTTP/1.1)
HTTP/1.1 200 OK
Content-Length: 55
Content-Type: application/json; charset=utf-8
cache-control: no-cache

18:51:40.940 [AsyncHttpClient-1-8] DEBUG org.asynchttpclient.netty.channel.ChannelManager - Adding key: http://localhost:19710 for channel [id: 0xb86206b6, L:/127.0.0.1:58816 - R:localhost/127.0.0.1:19710]
18:51:40.941 [Forwarding screenshot on session b934287e1aeaf37df2af00994bb3b27f to remote] DEBUG org.asynchttpclient.netty.request.NettyRequestSender - Using pooled Channel '[id: 0xb86206b6, L:/127.0.0.1:58816 - R:localhost/127.0.0.1:19710]' for 'GET' to 'http://localhost:19710/session/b934287e1aeaf37df2af00994bb3b27f/screenshot'
18:51:40.941 [Forwarding screenshot on session b934287e1aeaf37df2af00994bb3b27f to remote] DEBUG org.asynchttpclient.netty.request.NettyRequestSender - Using open Channel [id: 0xb86206b6, L:/127.0.0.1:58816 - R:localhost/127.0.0.1:19710] for GET '/session/b934287e1aeaf37df2af00994bb3b27f/screenshot'
18:51:40.965 [AsyncHttpClient-1-1] DEBUG org.asynchttpclient.netty.channel.DefaultChannelPool - Entry count for : http://localhost:58817 : 1
18:51:41.187 [AsyncHttpClient-1-8] DEBUG org.asynchttpclient.netty.handler.HttpHandler - 

Request DefaultFullHttpRequest(decodeResult: success, version: HTTP/1.1, content: EmptyByteBufBE)
GET /session/b934287e1aeaf37df2af00994bb3b27f/screenshot HTTP/1.1
User-Agent: selenium/4.8.1 (java windows)
Cache-Control: no-cache
Content-Type: application/json; charset=utf-8
host: localhost:19710
accept: */*

Response DefaultHttpResponse(decodeResult: success, version: HTTP/1.1)
HTTP/1.1 200 OK
Content-Length: 19948
Content-Type: application/json; charset=utf-8
cache-control: no-cache

18:51:41.187 [AsyncHttpClient-1-8] DEBUG org.asynchttpclient.netty.channel.ChannelManager - Adding key: http://localhost:19710 for channel [id: 0xb86206b6, L:/127.0.0.1:58816 - R:localhost/127.0.0.1:19710]
18:51:41.188 [main] DEBUG net.serenitybdd.core.photography.Darkroom - Send negative for processing for target\site\serenity\ecd02d30822b60c8e4cc55c3c646b5372029491fcea3a137a3472f3e301c957b.png
18:51:41.189 [main] DEBUG net.thucydides.core.steps.StepInterceptor - STEP DONE: ClickDetail1Button
18:51:41.189 [Darkroom Processing Line] DEBUG net.serenitybdd.core.photography.DarkroomProcessingLine - Processing screenshot image in /var/screenshots/screenshot-17338062504204785042
18:51:41.189 [Darkroom Processing Line] DEBUG net.serenitybdd.core.photography.DarkroomProcessingLine - Saving screenshot to target\site\serenity\ecd02d30822b60c8e4cc55c3c646b5372029491fcea3a137a3472f3e301c957b.png
  &amp#27;[32mWhen &amp#27;[0m&amp#27;[32mI click detail button Sony PS5&amp#27;[0m                           &amp#27;[90m# starter.stepdefinitions.DetailSteps.clickDetailProduct()&amp#27;[0m
18:51:41.195 [Forwarding getPageSource on session b934287e1aeaf37df2af00994bb3b27f to remote] DEBUG org.asynchttpclient.netty.request.NettyRequestSender - Using pooled Channel '[id: 0xb86206b6, L:/127.0.0.1:58816 - R:localhost/127.0.0.1:19710]' for 'POST' to 'http://localhost:19710/session/b934287e1aeaf37df2af00994bb3b27f/execute/sync'
18:51:41.195 [Forwarding getPageSource on session b934287e1aeaf37df2af00994bb3b27f to remote] DEBUG org.asynchttpclient.netty.request.NettyRequestSender - Using open Channel [id: 0xb86206b6, L:/127.0.0.1:58816 - R:localhost/127.0.0.1:19710] for POST '/session/b934287e1aeaf37df2af00994bb3b27f/execute/sync'
18:51:41.204 [AsyncHttpClient-1-8] DEBUG org.asynchttpclient.netty.handler.HttpHandler - 

Request DefaultHttpRequest(decodeResult: success, version: HTTP/1.1)
POST /session/b934287e1aeaf37df2af00994bb3b27f/execute/sync HTTP/1.1
User-Agent: selenium/4.8.1 (java windows)
Content-Length: 176
Content-Type: application/json; charset=utf-8
host: localhost:19710
accept: */*

Response DefaultHttpResponse(decodeResult: success, version: HTTP/1.1)
HTTP/1.1 200 OK
Content-Length: 20580
Content-Type: application/json; charset=utf-8
cache-control: no-cache

18:51:41.204 [AsyncHttpClient-1-8] DEBUG org.asynchttpclient.netty.channel.ChannelManager - Adding key: http://localhost:19710 for channel [id: 0xb86206b6, L:/127.0.0.1:58816 - R:localhost/127.0.0.1:19710]
18:51:41.206 [Forwarding getCurrentUrl on session b934287e1aeaf37df2af00994bb3b27f to remote] DEBUG org.asynchttpclient.netty.request.NettyRequestSender - Using pooled Channel '[id: 0xb86206b6, L:/127.0.0.1:58816 - R:localhost/127.0.0.1:19710]' for 'GET' to 'http://localhost:19710/session/b934287e1aeaf37df2af00994bb3b27f/url'
18:51:41.206 [Forwarding getCurrentUrl on session b934287e1aeaf37df2af00994bb3b27f to remote] DEBUG org.asynchttpclient.netty.request.NettyRequestSender - Using open Channel [id: 0xb86206b6, L:/127.0.0.1:58816 - R:localhost/127.0.0.1:19710] for GET '/session/b934287e1aeaf37df2af00994bb3b27f/url'
18:51:41.210 [AsyncHttpClient-1-8] DEBUG org.asynchttpclient.netty.handler.HttpHandler - 

Request DefaultFullHttpRequest(decodeResult: success, version: HTTP/1.1, content: EmptyByteBufBE)
GET /session/b934287e1aeaf37df2af00994bb3b27f/url HTTP/1.1
User-Agent: selenium/4.8.1 (java windows)
Cache-Control: no-cache
Content-Type: application/json; charset=utf-8
host: localhost:19710
accept: */*

Response DefaultHttpResponse(decodeResult: success, version: HTTP/1.1)
HTTP/1.1 200 OK
Content-Length: 55
Content-Type: application/json; charset=utf-8
cache-control: no-cache

18:51:41.210 [AsyncHttpClient-1-8] DEBUG org.asynchttpclient.netty.channel.ChannelManager - Adding key: http://localhost:19710 for channel [id: 0xb86206b6, L:/127.0.0.1:58816 - R:localhost/127.0.0.1:19710]
18:51:41.221 [Forwarding getPageSource on session b934287e1aeaf37df2af00994bb3b27f to remote] DEBUG org.asynchttpclient.netty.request.NettyRequestSender - Using pooled Channel '[id: 0xb86206b6, L:/127.0.0.1:58816 - R:localhost/127.0.0.1:19710]' for 'POST' to 'http://localhost:19710/session/b934287e1aeaf37df2af00994bb3b27f/execute/sync'
18:51:41.221 [Forwarding getPageSource on session b934287e1aeaf37df2af00994bb3b27f to remote] DEBUG org.asynchttpclient.netty.request.NettyRequestSender - Using open Channel [id: 0xb86206b6, L:/127.0.0.1:58816 - R:localhost/127.0.0.1:19710] for POST '/session/b934287e1aeaf37df2af00994bb3b27f/execute/sync'
18:51:41.227 [AsyncHttpClient-1-8] DEBUG org.asynchttpclient.netty.handler.HttpHandler - 

Request DefaultHttpRequest(decodeResult: success, version: HTTP/1.1)
POST /session/b934287e1aeaf37df2af00994bb3b27f/execute/sync HTTP/1.1
User-Agent: selenium/4.8.1 (java windows)
Content-Length: 176
Content-Type: application/json; charset=utf-8
host: localhost:19710
accept: */*

Response DefaultHttpResponse(decodeResult: success, version: HTTP/1.1)
HTTP/1.1 200 OK
Content-Length: 21265
Content-Type: application/json; charset=utf-8
cache-control: no-cache

18:51:41.227 [AsyncHttpClient-1-8] DEBUG org.asynchttpclient.netty.channel.ChannelManager - Adding key: http://localhost:19710 for channel [id: 0xb86206b6, L:/127.0.0.1:58816 - R:localhost/127.0.0.1:19710]
18:51:41.229 [Forwarding getCurrentUrl on session b934287e1aeaf37df2af00994bb3b27f to remote] DEBUG org.asynchttpclient.netty.request.NettyRequestSender - Using pooled Channel '[id: 0xb86206b6, L:/127.0.0.1:58816 - R:localhost/127.0.0.1:19710]' for 'GET' to 'http://localhost:19710/session/b934287e1aeaf37df2af00994bb3b27f/url'
18:51:41.229 [Forwarding getCurrentUrl on session b934287e1aeaf37df2af00994bb3b27f to remote] DEBUG org.asynchttpclient.netty.request.NettyRequestSender - Using open Channel [id: 0xb86206b6, L:/127.0.0.1:58816 - R:localhost/127.0.0.1:19710] for GET '/session/b934287e1aeaf37df2af00994bb3b27f/url'
18:51:41.250 [AsyncHttpClient-1-8] DEBUG org.asynchttpclient.netty.handler.HttpHandler - 

Request DefaultFullHttpRequest(decodeResult: success, version: HTTP/1.1, content: EmptyByteBufBE)
GET /session/b934287e1aeaf37df2af00994bb3b27f/url HTTP/1.1
User-Agent: selenium/4.8.1 (java windows)
Cache-Control: no-cache
Content-Type: application/json; charset=utf-8
host: localhost:19710
accept: */*

Response DefaultHttpResponse(decodeResult: success, version: HTTP/1.1)
HTTP/1.1 200 OK
Content-Length: 55
Content-Type: application/json; charset=utf-8
cache-control: no-cache

18:51:41.250 [AsyncHttpClient-1-8] DEBUG org.asynchttpclient.netty.channel.ChannelManager - Adding key: http://localhost:19710 for channel [id: 0xb86206b6, L:/127.0.0.1:58816 - R:localhost/127.0.0.1:19710]
18:51:41.253 [main] DEBUG net.thucydides.core.steps.StepInterceptor - STARTING STEP: DetailSteps.goToDetailPage - validateOnDetailPage
18:51:41.255 [Forwarding findElement on session b934287e1aeaf37df2af00994bb3b27f to remote] DEBUG org.asynchttpclient.netty.request.NettyRequestSender - Using pooled Channel '[id: 0xb86206b6, L:/127.0.0.1:58816 - R:localhost/127.0.0.1:19710]' for 'POST' to 'http://localhost:19710/session/b934287e1aeaf37df2af00994bb3b27f/element'
18:51:41.255 [Forwarding findElement on session b934287e1aeaf37df2af00994bb3b27f to remote] DEBUG org.asynchttpclient.netty.request.NettyRequestSender - Using open Channel [id: 0xb86206b6, L:/127.0.0.1:58816 - R:localhost/127.0.0.1:19710] for POST '/session/b934287e1aeaf37df2af00994bb3b27f/element'
18:51:41.268 [AsyncHttpClient-1-8] DEBUG org.asynchttpclient.netty.handler.HttpHandler - 

Request DefaultHttpRequest(decodeResult: success, version: HTTP/1.1)
POST /session/b934287e1aeaf37df2af00994bb3b27f/element HTTP/1.1
User-Agent: selenium/4.8.1 (java windows)
Content-Length: 82
Content-Type: application/json; charset=utf-8
host: localhost:19710
accept: */*

Response DefaultHttpResponse(decodeResult: success, version: HTTP/1.1)
HTTP/1.1 200 OK
Content-Length: 88
Content-Type: application/json; charset=utf-8
cache-control: no-cache

18:51:41.268 [AsyncHttpClient-1-8] DEBUG org.asynchttpclient.netty.channel.ChannelManager - Adding key: http://localhost:19710 for channel [id: 0xb86206b6, L:/127.0.0.1:58816 - R:localhost/127.0.0.1:19710]
18:51:41.270 [Forwarding isElementDisplayed on session b934287e1aeaf37df2af00994bb3b27f to remote] DEBUG org.asynchttpclient.netty.request.NettyRequestSender - Using pooled Channel '[id: 0xb86206b6, L:/127.0.0.1:58816 - R:localhost/127.0.0.1:19710]' for 'POST' to 'http://localhost:19710/session/b934287e1aeaf37df2af00994bb3b27f/execute/sync'
18:51:41.270 [Forwarding isElementDisplayed on session b934287e1aeaf37df2af00994bb3b27f to remote] DEBUG org.asynchttpclient.netty.request.NettyRequestSender - Using open Channel [id: 0xb86206b6, L:/127.0.0.1:58816 - R:localhost/127.0.0.1:19710] for POST '/session/b934287e1aeaf37df2af00994bb3b27f/execute/sync'
18:51:41.285 [AsyncHttpClient-1-8] DEBUG org.asynchttpclient.netty.handler.HttpHandler - 

Request DefaultHttpRequest(decodeResult: success, version: HTTP/1.1)
POST /session/b934287e1aeaf37df2af00994bb3b27f/execute/sync HTTP/1.1
User-Agent: selenium/4.8.1 (java windows)
Content-Length: 48807
Content-Type: application/json; charset=utf-8
host: localhost:19710
accept: */*

Response DefaultHttpResponse(decodeResult: success, version: HTTP/1.1)
HTTP/1.1 200 OK
Content-Length: 14
Content-Type: application/json; charset=utf-8
cache-control: no-cache

18:51:41.285 [AsyncHttpClient-1-8] DEBUG org.asynchttpclient.netty.channel.ChannelManager - Adding key: http://localhost:19710 for channel [id: 0xb86206b6, L:/127.0.0.1:58816 - R:localhost/127.0.0.1:19710]
18:51:41.288 [Forwarding getAlertText on session b934287e1aeaf37df2af00994bb3b27f to remote] DEBUG org.asynchttpclient.netty.request.NettyRequestSender - Using pooled Channel '[id: 0xb86206b6, L:/127.0.0.1:58816 - R:localhost/127.0.0.1:19710]' for 'GET' to 'http://localhost:19710/session/b934287e1aeaf37df2af00994bb3b27f/alert/text'
18:51:41.288 [Forwarding getAlertText on session b934287e1aeaf37df2af00994bb3b27f to remote] DEBUG org.asynchttpclient.netty.request.NettyRequestSender - Using open Channel [id: 0xb86206b6, L:/127.0.0.1:58816 - R:localhost/127.0.0.1:19710] for GET '/session/b934287e1aeaf37df2af00994bb3b27f/alert/text'
18:51:41.290 [AsyncHttpClient-1-8] DEBUG org.asynchttpclient.netty.handler.HttpHandler - 

Request DefaultFullHttpRequest(decodeResult: success, version: HTTP/1.1, content: EmptyByteBufBE)
GET /session/b934287e1aeaf37df2af00994bb3b27f/alert/text HTTP/1.1
User-Agent: selenium/4.8.1 (java windows)
Cache-Control: no-cache
Content-Type: application/json; charset=utf-8
host: localhost:19710
accept: */*

Response DefaultHttpResponse(decodeResult: success, version: HTTP/1.1)
HTTP/1.1 404 Not Found
Content-Length: 809
Content-Type: application/json; charset=utf-8
cache-control: no-cache

18:51:41.290 [AsyncHttpClient-1-8] DEBUG org.asynchttpclient.netty.channel.ChannelManager - Adding key: http://localhost:19710 for channel [id: 0xb86206b6, L:/127.0.0.1:58816 - R:localhost/127.0.0.1:19710]
18:51:41.291 [Forwarding getCurrentUrl on session b934287e1aeaf37df2af00994bb3b27f to remote] DEBUG org.asynchttpclient.netty.request.NettyRequestSender - Using pooled Channel '[id: 0xb86206b6, L:/127.0.0.1:58816 - R:localhost/127.0.0.1:19710]' for 'GET' to 'http://localhost:19710/session/b934287e1aeaf37df2af00994bb3b27f/url'
18:51:41.291 [Forwarding getCurrentUrl on session b934287e1aeaf37df2af00994bb3b27f to remote] DEBUG org.asynchttpclient.netty.request.NettyRequestSender - Using open Channel [id: 0xb86206b6, L:/127.0.0.1:58816 - R:localhost/127.0.0.1:19710] for GET '/session/b934287e1aeaf37df2af00994bb3b27f/url'
18:51:41.294 [AsyncHttpClient-1-8] DEBUG org.asynchttpclient.netty.handler.HttpHandler - 

Request DefaultFullHttpRequest(decodeResult: success, version: HTTP/1.1, content: EmptyByteBufBE)
GET /session/b934287e1aeaf37df2af00994bb3b27f/url HTTP/1.1
User-Agent: selenium/4.8.1 (java windows)
Cache-Control: no-cache
Content-Type: application/json; charset=utf-8
host: localhost:19710
accept: */*

Response DefaultHttpResponse(decodeResult: success, version: HTTP/1.1)
HTTP/1.1 200 OK
Content-Length: 55
Content-Type: application/json; charset=utf-8
cache-control: no-cache

18:51:41.294 [AsyncHttpClient-1-8] DEBUG org.asynchttpclient.netty.channel.ChannelManager - Adding key: http://localhost:19710 for channel [id: 0xb86206b6, L:/127.0.0.1:58816 - R:localhost/127.0.0.1:19710]
18:51:41.295 [Forwarding screenshot on session b934287e1aeaf37df2af00994bb3b27f to remote] DEBUG org.asynchttpclient.netty.request.NettyRequestSender - Using pooled Channel '[id: 0xb86206b6, L:/127.0.0.1:58816 - R:localhost/127.0.0.1:19710]' for 'GET' to 'http://localhost:19710/session/b934287e1aeaf37df2af00994bb3b27f/screenshot'
18:51:41.295 [Forwarding screenshot on session b934287e1aeaf37df2af00994bb3b27f to remote] DEBUG org.asynchttpclient.netty.request.NettyRequestSender - Using open Channel [id: 0xb86206b6, L:/127.0.0.1:58816 - R:localhost/127.0.0.1:19710] for GET '/session/b934287e1aeaf37df2af00994bb3b27f/screenshot'
18:51:41.392 [AsyncHttpClient-1-8] DEBUG org.asynchttpclient.netty.handler.HttpHandler - 

Request DefaultFullHttpRequest(decodeResult: success, version: HTTP/1.1, content: EmptyByteBufBE)
GET /session/b934287e1aeaf37df2af00994bb3b27f/screenshot HTTP/1.1
User-Agent: selenium/4.8.1 (java windows)
Cache-Control: no-cache
Content-Type: application/json; charset=utf-8
host: localhost:19710
accept: */*

Response DefaultHttpResponse(decodeResult: success, version: HTTP/1.1)
HTTP/1.1 200 OK
Content-Length: 20916
Content-Type: application/json; charset=utf-8
cache-control: no-cache

18:51:41.392 [AsyncHttpClient-1-8] DEBUG org.asynchttpclient.netty.channel.ChannelManager - Adding key: http://localhost:19710 for channel [id: 0xb86206b6, L:/127.0.0.1:58816 - R:localhost/127.0.0.1:19710]
18:51:41.393 [main] DEBUG net.serenitybdd.core.photography.Darkroom - Send negative for processing for target\site\serenity\5ff9b477475cef5446c3f071986ed7376b168438feced52b506ce2f38e89d4ca.png
18:51:41.393 [main] DEBUG net.thucydides.core.steps.StepInterceptor - STEP DONE: validateOnDetailPage
18:51:41.393 [Darkroom Processing Line] DEBUG net.serenitybdd.core.photography.DarkroomProcessingLine - Processing screenshot image in /var/screenshots/screenshot-757056649508221271
18:51:41.393 [Darkroom Processing Line] DEBUG net.serenitybdd.core.photography.DarkroomProcessingLine - Saving screenshot to target\site\serenity\5ff9b477475cef5446c3f071986ed7376b168438feced52b506ce2f38e89d4ca.png
  &amp#27;[32mThen &amp#27;[0m&amp#27;[32mI can see product detail&amp#27;[0m                                 &amp#27;[90m# starter.stepdefinitions.DetailSteps.goToDetailPage()&amp#27;[0m
18:51:41.398 [main] INFO  - 
  _____   ___   ___   _____     ___     _     ___   ___   ___   ___  
 |_   _| | __| / __| |_   _|   | _ \   /_\   / __| / __| | __| |   \ 
   | |   | _|  \__ \   | |     |  _/  / _ \  \__ \ \__ \ | _|  | |) |
   |_|   |___| |___/   |_|     |_|   /_/ \_\ |___/ |___/ |___| |___/ 

As user i have be able to see detail product Sony PS5
----------------------------------------------------------------------
18:51:41.399 [Driver Command Executor] DEBUG org.asynchttpclient.netty.request.NettyRequestSender - Using pooled Channel '[id: 0xb86206b6, L:/127.0.0.1:58816 - R:localhost/127.0.0.1:19710]' for 'DELETE' to 'http://localhost:19710/session/b934287e1aeaf37df2af00994bb3b27f'
18:51:41.399 [AsyncHttpClient-1-10] DEBUG org.asynchttpclient.netty.handler.WebSocketHandler - Channel Closed: [id: 0x9de8ac89, L:/127.0.0.1:58824 ! R:localhost/127.0.0.1:58817] with attribute NettyResponseFuture{currentRetry=0,
	isDone=1,
	isCancelled=0,
	asyncHandler=org.asynchttpclient.ws.WebSocketUpgradeHandler@610662e8,
	nettyRequest=org.asynchttpclient.netty.request.NettyRequest@2404f0ac,
	future=java.util.concurrent.CompletableFuture@3f2d9f7d[Completed normally],
	uri=ws://localhost:58817/devtools/browser/ac9728be-bda2-4db3-b0a5-33353c42847e,
	keepAlive=true,
	redirectCount=0,
	timeoutsHolder=null,
	inAuth=0,
	touch=1683546694008}
18:51:41.399 [Driver Command Executor] DEBUG org.asynchttpclient.netty.request.NettyRequestSender - Using open Channel [id: 0xb86206b6, L:/127.0.0.1:58816 - R:localhost/127.0.0.1:19710] for DELETE '/session/b934287e1aeaf37df2af00994bb3b27f'
18:51:41.399 [AsyncHttpClient-1-10] DEBUG org.asynchttpclient.netty.channel.ChannelManager - Closing Channel [id: 0x9de8ac89, L:/127.0.0.1:58824 ! R:localhost/127.0.0.1:58817] 
18:51:41.654 [AsyncHttpClient-1-9] DEBUG org.asynchttpclient.netty.handler.HttpHandler - Unexpected I/O exception on channel [id: 0xe36f4f86, L:/127.0.0.1:58823 - R:localhost/127.0.0.1:58817]
java.net.SocketException: Connection reset
	at java.base/sun.nio.ch.SocketChannelImpl.throwConnectionReset(SocketChannelImpl.java:394)
	at java.base/sun.nio.ch.SocketChannelImpl.read(SocketChannelImpl.java:426)
	at io.netty.buffer.PooledByteBuf.setBytes(PooledByteBuf.java:259)
	at io.netty.buffer.AbstractByteBuf.writeBytes(AbstractByteBuf.java:1132)
	at io.netty.channel.socket.nio.NioSocketChannel.doReadBytes(NioSocketChannel.java:357)
	at io.netty.channel.nio.AbstractNioByteChannel$NioByteUnsafe.read(AbstractNioByteChannel.java:151)
	at io.netty.channel.nio.NioEventLoop.processSelectedKey(NioEventLoop.java:788)
	at io.netty.channel.nio.NioEventLoop.processSelectedKeysOptimized(NioEventLoop.java:724)
	at io.netty.channel.nio.NioEventLoop.processSelectedKeys(NioEventLoop.java:650)
	at io.netty.channel.nio.NioEventLoop.run(NioEventLoop.java:562)
	at io.netty.util.concurrent.SingleThreadEventExecutor$4.run(SingleThreadEventExecutor.java:997)
	at io.netty.util.internal.ThreadExecutorMap$2.run(ThreadExecutorMap.java:74)
	at io.netty.util.concurrent.FastThreadLocalRunnable.run(FastThreadLocalRunnable.java:30)
	at java.base/java.lang.Thread.run(Thread.java:833)
18:51:41.654 [AsyncHttpClient-1-9] DEBUG org.asynchttpclient.netty.channel.ChannelManager - Closing Channel [id: 0xe36f4f86, L:/127.0.0.1:58823 - R:localhost/127.0.0.1:58817] 
18:51:41.654 [AsyncHttpClient-1-9] DEBUG org.asynchttpclient.netty.handler.HttpHandler - Channel Closed: [id: 0xe36f4f86, L:/127.0.0.1:58823 ! R:localhost/127.0.0.1:58817] with attribute DISCARD
18:51:41.672 [AsyncHttpClient-1-8] DEBUG org.asynchttpclient.netty.handler.HttpHandler - 

Request DefaultFullHttpRequest(decodeResult: success, version: HTTP/1.1, content: EmptyByteBufBE)
DELETE /session/b934287e1aeaf37df2af00994bb3b27f HTTP/1.1
User-Agent: selenium/4.8.1 (java windows)
Content-Type: application/json; charset=utf-8
host: localhost:19710
accept: */*

Response DefaultHttpResponse(decodeResult: success, version: HTTP/1.1)
HTTP/1.1 200 OK
Content-Length: 14
Content-Type: application/json; charset=utf-8
cache-control: no-cache

18:51:41.672 [AsyncHttpClient-1-8] DEBUG org.asynchttpclient.netty.channel.ChannelManager - Adding key: http://localhost:19710 for channel [id: 0xb86206b6, L:/127.0.0.1:58816 - R:localhost/127.0.0.1:19710]
18:51:41.741 [AsyncHttpClient-1-8] DEBUG org.asynchttpclient.netty.handler.HttpHandler - Channel Closed: [id: 0xb86206b6, L:/127.0.0.1:58816 ! R:localhost/127.0.0.1:19710] with attribute DISCARD
]]></system-out>
    <system-err><![CDATA[Starting ChromeDriver 111.0.5563.64 (c710e93d5b63b7095afe8c2c17df34408078439d-refs/branch-heads/5563@{#995}) on port 19710
Only local connections are allowed.
Please see https://chromedriver.chromium.org/security-considerations for suggestions on keeping ChromeDriver safe.
ChromeDriver was started successfully.
[1683546693.810][WARNING]: This version of ChromeDriver has not been tested with Chrome version 112.
May 08, 2023 6:51:34 PM org.openqa.selenium.devtools.CdpVersionFinder findNearestMatch
WARNING: Unable to find an exact match for CDP version 112, so returning the closest version found: 110
]]></system-err>
  </testcase>
  <testcase name="As user i have be able to success login" classname="Login" time="4.633">
    <system-out><![CDATA[18:51:41.809 [main] DEBUG io.cucumber.core.plugin.SerenityReporter - Running feature from file:///D:/alta/MiniProject/src/test/resources/features/login.feature
18:51:41.814 [main] DEBUG net.thucydides.core.steps.StepEventBus - Test suite started for story net.thucydides.core.model.Story@f388ff28
18:51:41.816 [main] INFO  - Test Suite Started: Login

@login
Scenario: As user i have be able to success login &amp#27;[90m# src/test/resources/features/login.feature:7&amp#27;[0m
18:51:41.825 [main] DEBUG io.cucumber.core.plugin.SerenityReporter - Running feature from file:///D:/alta/MiniProject/src/test/resources/features/login.feature
18:51:41.828 [main] INFO  - 
  _____   ___   ___   _____     ___   _____     _     ___   _____   ___   ___  
 |_   _| | __| / __| |_   _|   / __| |_   _|   /_\   | _ \ |_   _| | __| |   \ 
   | |   | _|  \__ \   | |     \__ \   | |    / _ \  |   /   | |   | _|  | |) |
   |_|   |___| |___/   |_|     |___/   |_|   /_/ \_\ |_|_\   |_|   |___| |___/ 

As user i have be able to success login(login;as-user-i-have-be-able-to-success-login)
--------------------------------------------------------------------------------
18:51:42.002 [main] INFO net.serenitybdd.core.webdriver.driverproviders.ChromeDriverProvider - Starting Chrome driver instance with capabilities:
18:51:42.003 [main] INFO net.serenitybdd.core.webdriver.driverproviders.ChromeDriverProvider - Capabilities {acceptInsecureCerts: false, browserName: chrome, goog:chromeOptions: {args: [remote-allow-origins=*], extensions: []}}
18:51:42.064 [AsyncHttpClient-1-1] DEBUG org.asynchttpclient.netty.channel.DefaultChannelPool - Entry count for : http://localhost:58817 : 1
18:51:42.064 [AsyncHttpClient-1-1] DEBUG org.asynchttpclient.netty.channel.DefaultChannelPool - Entry count for : http://localhost:19710 : 1
18:51:42.064 [AsyncHttpClient-1-1] DEBUG org.asynchttpclient.netty.channel.DefaultChannelPool - Adding Candidate expired Channel [id: 0xe36f4f86, L:/127.0.0.1:58823 ! R:localhost/127.0.0.1:58817] isIdleTimeoutExpired=false isRemotelyClosed=true isTtlExpired=false
18:51:42.064 [AsyncHttpClient-1-1] DEBUG org.asynchttpclient.netty.channel.DefaultChannelPool - Closing Idle Channel [id: 0xe36f4f86, L:/127.0.0.1:58823 ! R:localhost/127.0.0.1:58817]
18:51:42.064 [AsyncHttpClient-1-1] DEBUG org.asynchttpclient.netty.channel.DefaultChannelPool - Adding Candidate expired Channel [id: 0xb86206b6, L:/127.0.0.1:58816 ! R:localhost/127.0.0.1:19710] isIdleTimeoutExpired=false isRemotelyClosed=true isTtlExpired=false
18:51:42.064 [AsyncHttpClient-1-1] DEBUG org.asynchttpclient.netty.channel.DefaultChannelPool - Closing Idle Channel [id: 0xb86206b6, L:/127.0.0.1:58816 ! R:localhost/127.0.0.1:19710]
18:51:42.064 [AsyncHttpClient-1-1] DEBUG org.asynchttpclient.netty.channel.DefaultChannelPool - Closed 2 connections out of 2 in 0 ms
18:51:42.127 [AsyncHttpClient-1-11] DEBUG org.asynchttpclient.netty.channel.NettyConnectListener - Using new Channel '[id: 0x0dc88daa, L:/127.0.0.1:58857 - R:localhost/127.0.0.1:40532]' for 'POST' to '/session'
18:51:42.983 [AsyncHttpClient-1-11] DEBUG org.asynchttpclient.netty.handler.HttpHandler - 

Request DefaultHttpRequest(decodeResult: success, version: HTTP/1.1)
POST /session HTTP/1.1
User-Agent: selenium/4.8.1 (java windows)
Content-Length: 507
Content-Type: application/json; charset=utf-8
host: localhost:40532
accept: */*

Response DefaultHttpResponse(decodeResult: success, version: HTTP/1.1)
HTTP/1.1 200 OK
Content-Length: 862
Content-Type: application/json; charset=utf-8
cache-control: no-cache

18:51:42.983 [AsyncHttpClient-1-11] DEBUG org.asynchttpclient.netty.channel.ChannelManager - Adding key: http://localhost:40532 for channel [id: 0x0dc88daa, L:/127.0.0.1:58857 - R:localhost/127.0.0.1:40532]
18:51:42.995 [AsyncHttpClient-1-12] DEBUG org.asynchttpclient.netty.channel.NettyConnectListener - Using new Channel '[id: 0x84135a13, L:/127.0.0.1:58864 - R:localhost/127.0.0.1:58858]' for 'GET' to '/json/version'
18:51:43.000 [AsyncHttpClient-1-12] DEBUG org.asynchttpclient.netty.handler.HttpHandler - 

Request DefaultFullHttpRequest(decodeResult: success, version: HTTP/1.1, content: EmptyByteBufBE)
GET /json/version HTTP/1.1
User-Agent: selenium/4.8.1 (java windows)
host: localhost:58858
accept: */*

Response DefaultHttpResponse(decodeResult: success, version: HTTP/1.1)
HTTP/1.1 200 OK
Content-Security-Policy: frame-ancestors 'none'
Content-Length: 424
Content-Type: application/json; charset=UTF-8

18:51:43.000 [AsyncHttpClient-1-12] DEBUG org.asynchttpclient.netty.channel.ChannelManager - Adding key: http://localhost:58858 for channel [id: 0x84135a13, L:/127.0.0.1:58864 - R:localhost/127.0.0.1:58858]
18:51:43.006 [AsyncHttpClient-1-13] DEBUG org.asynchttpclient.netty.channel.NettyConnectListener - Using new Channel '[id: 0x81225c8a, L:/127.0.0.1:58865 - R:localhost/127.0.0.1:58858]' for 'GET' to '/devtools/browser/a48a8c52-8074-41bd-897f-fce18a46e70f'
18:51:43.010 [AsyncHttpClient-1-13] DEBUG org.asynchttpclient.netty.handler.WebSocketHandler - 

Request DefaultFullHttpRequest(decodeResult: success, version: HTTP/1.1, content: EmptyByteBufBE)
GET /devtools/browser/a48a8c52-8074-41bd-897f-fce18a46e70f HTTP/1.1
upgrade: websocket
connection: upgrade
sec-websocket-key: ORx6tt0AvVisVOSgwkw7Og==
sec-websocket-version: 13
origin: http://localhost:58858
host: localhost:58858
accept: */*
user-agent: AHC/2.1

Response DefaultHttpResponse(decodeResult: success, version: HTTP/1.1)
HTTP/1.1 101 WebSocket Protocol Handshake
Upgrade: WebSocket
Connection: Upgrade
Sec-WebSocket-Accept: OkUXbhyok0qY+JAAhYj1903Ndp8=

18:51:43.016 [Forwarding get on session 931e59cb09673fc83ee89d51e016103b to remote] DEBUG org.asynchttpclient.netty.request.NettyRequestSender - Using pooled Channel '[id: 0x0dc88daa, L:/127.0.0.1:58857 - R:localhost/127.0.0.1:40532]' for 'POST' to 'http://localhost:40532/session/931e59cb09673fc83ee89d51e016103b/url'
18:51:43.016 [Forwarding get on session 931e59cb09673fc83ee89d51e016103b to remote] DEBUG org.asynchttpclient.netty.request.NettyRequestSender - Using open Channel [id: 0x0dc88daa, L:/127.0.0.1:58857 - R:localhost/127.0.0.1:40532] for POST '/session/931e59cb09673fc83ee89d51e016103b/url'
18:51:43.166 [AsyncHttpClient-1-1] DEBUG org.asynchttpclient.netty.channel.DefaultChannelPool - Entry count for : http://localhost:58858 : 1
18:51:43.901 [AsyncHttpClient-1-11] DEBUG org.asynchttpclient.netty.handler.HttpHandler - 

Request DefaultHttpRequest(decodeResult: success, version: HTTP/1.1)
POST /session/931e59cb09673fc83ee89d51e016103b/url HTTP/1.1
User-Agent: selenium/4.8.1 (java windows)
Content-Length: 74
Content-Type: application/json; charset=utf-8
host: localhost:40532
accept: */*

Response DefaultHttpResponse(decodeResult: success, version: HTTP/1.1)
HTTP/1.1 200 OK
Content-Length: 14
Content-Type: application/json; charset=utf-8
cache-control: no-cache

18:51:43.901 [AsyncHttpClient-1-11] DEBUG org.asynchttpclient.netty.channel.ChannelManager - Adding key: http://localhost:40532 for channel [id: 0x0dc88daa, L:/127.0.0.1:58857 - R:localhost/127.0.0.1:40532]
18:51:43.905 [Forwarding setTimeout on session 931e59cb09673fc83ee89d51e016103b to remote] DEBUG org.asynchttpclient.netty.request.NettyRequestSender - Using pooled Channel '[id: 0x0dc88daa, L:/127.0.0.1:58857 - R:localhost/127.0.0.1:40532]' for 'POST' to 'http://localhost:40532/session/931e59cb09673fc83ee89d51e016103b/timeouts'
18:51:43.905 [Forwarding setTimeout on session 931e59cb09673fc83ee89d51e016103b to remote] DEBUG org.asynchttpclient.netty.request.NettyRequestSender - Using open Channel [id: 0x0dc88daa, L:/127.0.0.1:58857 - R:localhost/127.0.0.1:40532] for POST '/session/931e59cb09673fc83ee89d51e016103b/timeouts'
18:51:43.906 [AsyncHttpClient-1-11] DEBUG org.asynchttpclient.netty.handler.HttpHandler - 

Request DefaultHttpRequest(decodeResult: success, version: HTTP/1.1)
POST /session/931e59cb09673fc83ee89d51e016103b/timeouts HTTP/1.1
User-Agent: selenium/4.8.1 (java windows)
Content-Length: 22
Content-Type: application/json; charset=utf-8
host: localhost:40532
accept: */*

Response DefaultHttpResponse(decodeResult: success, version: HTTP/1.1)
HTTP/1.1 200 OK
Content-Length: 14
Content-Type: application/json; charset=utf-8
cache-control: no-cache

18:51:43.906 [AsyncHttpClient-1-11] DEBUG org.asynchttpclient.netty.channel.ChannelManager - Adding key: http://localhost:40532 for channel [id: 0x0dc88daa, L:/127.0.0.1:58857 - R:localhost/127.0.0.1:40532]
18:51:43.920 [main] DEBUG net.serenitybdd.core.photography.Darkroom - Opening darkroom
18:51:43.922 [Darkroom Processing Line] DEBUG net.serenitybdd.core.photography.DarkroomProcessingLine - Darkroom processing line starting up
18:51:43.923 [Forwarding getAlertText on session 931e59cb09673fc83ee89d51e016103b to remote] DEBUG org.asynchttpclient.netty.request.NettyRequestSender - Using pooled Channel '[id: 0x0dc88daa, L:/127.0.0.1:58857 - R:localhost/127.0.0.1:40532]' for 'GET' to 'http://localhost:40532/session/931e59cb09673fc83ee89d51e016103b/alert/text'
18:51:43.923 [Forwarding getAlertText on session 931e59cb09673fc83ee89d51e016103b to remote] DEBUG org.asynchttpclient.netty.request.NettyRequestSender - Using open Channel [id: 0x0dc88daa, L:/127.0.0.1:58857 - R:localhost/127.0.0.1:40532] for GET '/session/931e59cb09673fc83ee89d51e016103b/alert/text'
18:51:43.926 [AsyncHttpClient-1-11] DEBUG org.asynchttpclient.netty.handler.HttpHandler - 

Request DefaultFullHttpRequest(decodeResult: success, version: HTTP/1.1, content: EmptyByteBufBE)
GET /session/931e59cb09673fc83ee89d51e016103b/alert/text HTTP/1.1
User-Agent: selenium/4.8.1 (java windows)
Cache-Control: no-cache
Content-Type: application/json; charset=utf-8
host: localhost:40532
accept: */*

Response DefaultHttpResponse(decodeResult: success, version: HTTP/1.1)
HTTP/1.1 404 Not Found
Content-Length: 809
Content-Type: application/json; charset=utf-8
cache-control: no-cache

18:51:43.926 [AsyncHttpClient-1-11] DEBUG org.asynchttpclient.netty.channel.ChannelManager - Adding key: http://localhost:40532 for channel [id: 0x0dc88daa, L:/127.0.0.1:58857 - R:localhost/127.0.0.1:40532]
18:51:43.927 [Forwarding getCurrentUrl on session 931e59cb09673fc83ee89d51e016103b to remote] DEBUG org.asynchttpclient.netty.request.NettyRequestSender - Using pooled Channel '[id: 0x0dc88daa, L:/127.0.0.1:58857 - R:localhost/127.0.0.1:40532]' for 'GET' to 'http://localhost:40532/session/931e59cb09673fc83ee89d51e016103b/url'
18:51:43.927 [Forwarding getCurrentUrl on session 931e59cb09673fc83ee89d51e016103b to remote] DEBUG org.asynchttpclient.netty.request.NettyRequestSender - Using open Channel [id: 0x0dc88daa, L:/127.0.0.1:58857 - R:localhost/127.0.0.1:40532] for GET '/session/931e59cb09673fc83ee89d51e016103b/url'
18:51:43.932 [AsyncHttpClient-1-11] DEBUG org.asynchttpclient.netty.handler.HttpHandler - 

Request DefaultFullHttpRequest(decodeResult: success, version: HTTP/1.1, content: EmptyByteBufBE)
GET /session/931e59cb09673fc83ee89d51e016103b/url HTTP/1.1
User-Agent: selenium/4.8.1 (java windows)
Cache-Control: no-cache
Content-Type: application/json; charset=utf-8
host: localhost:40532
accept: */*

Response DefaultHttpResponse(decodeResult: success, version: HTTP/1.1)
HTTP/1.1 200 OK
Content-Length: 51
Content-Type: application/json; charset=utf-8
cache-control: no-cache

18:51:43.932 [AsyncHttpClient-1-11] DEBUG org.asynchttpclient.netty.channel.ChannelManager - Adding key: http://localhost:40532 for channel [id: 0x0dc88daa, L:/127.0.0.1:58857 - R:localhost/127.0.0.1:40532]
18:51:43.933 [Forwarding screenshot on session 931e59cb09673fc83ee89d51e016103b to remote] DEBUG org.asynchttpclient.netty.request.NettyRequestSender - Using pooled Channel '[id: 0x0dc88daa, L:/127.0.0.1:58857 - R:localhost/127.0.0.1:40532]' for 'GET' to 'http://localhost:40532/session/931e59cb09673fc83ee89d51e016103b/screenshot'
18:51:43.933 [Forwarding screenshot on session 931e59cb09673fc83ee89d51e016103b to remote] DEBUG org.asynchttpclient.netty.request.NettyRequestSender - Using open Channel [id: 0x0dc88daa, L:/127.0.0.1:58857 - R:localhost/127.0.0.1:40532] for GET '/session/931e59cb09673fc83ee89d51e016103b/screenshot'
18:51:44.078 [AsyncHttpClient-1-11] DEBUG org.asynchttpclient.netty.handler.HttpHandler - 

Request DefaultFullHttpRequest(decodeResult: success, version: HTTP/1.1, content: EmptyByteBufBE)
GET /session/931e59cb09673fc83ee89d51e016103b/screenshot HTTP/1.1
User-Agent: selenium/4.8.1 (java windows)
Cache-Control: no-cache
Content-Type: application/json; charset=utf-8
host: localhost:40532
accept: */*

Response DefaultHttpResponse(decodeResult: success, version: HTTP/1.1)
HTTP/1.1 200 OK
Content-Length: 37716
Content-Type: application/json; charset=utf-8
cache-control: no-cache

18:51:44.078 [AsyncHttpClient-1-11] DEBUG org.asynchttpclient.netty.channel.ChannelManager - Adding key: http://localhost:40532 for channel [id: 0x0dc88daa, L:/127.0.0.1:58857 - R:localhost/127.0.0.1:40532]
18:51:44.080 [main] DEBUG net.serenitybdd.core.photography.Darkroom - Send negative for processing for target\site\serenity\33332457f5fcf49f454ccd10d3fe1f87607ab26fa20055fdbcc9b0598dc64b75.png
18:51:44.081 [Darkroom Processing Line] DEBUG net.serenitybdd.core.photography.DarkroomProcessingLine - Processing screenshot image in /var/screenshots/screenshot-2980058590842409911
18:51:44.081 [Darkroom Processing Line] DEBUG net.serenitybdd.core.photography.DarkroomProcessingLine - Saving screenshot to target\site\serenity\33332457f5fcf49f454ccd10d3fe1f87607ab26fa20055fdbcc9b0598dc64b75.png
18:51:44.082 [Forwarding getPageSource on session 931e59cb09673fc83ee89d51e016103b to remote] DEBUG org.asynchttpclient.netty.request.NettyRequestSender - Using pooled Channel '[id: 0x0dc88daa, L:/127.0.0.1:58857 - R:localhost/127.0.0.1:40532]' for 'POST' to 'http://localhost:40532/session/931e59cb09673fc83ee89d51e016103b/execute/sync'
18:51:44.082 [Forwarding getPageSource on session 931e59cb09673fc83ee89d51e016103b to remote] DEBUG org.asynchttpclient.netty.request.NettyRequestSender - Using open Channel [id: 0x0dc88daa, L:/127.0.0.1:58857 - R:localhost/127.0.0.1:40532] for POST '/session/931e59cb09673fc83ee89d51e016103b/execute/sync'
18:51:44.089 [AsyncHttpClient-1-11] DEBUG org.asynchttpclient.netty.handler.HttpHandler - 

Request DefaultHttpRequest(decodeResult: success, version: HTTP/1.1)
POST /session/931e59cb09673fc83ee89d51e016103b/execute/sync HTTP/1.1
User-Agent: selenium/4.8.1 (java windows)
Content-Length: 176
Content-Type: application/json; charset=utf-8
host: localhost:40532
accept: */*

Response DefaultHttpResponse(decodeResult: success, version: HTTP/1.1)
HTTP/1.1 200 OK
Content-Length: 21659
Content-Type: application/json; charset=utf-8
cache-control: no-cache

18:51:44.089 [AsyncHttpClient-1-11] DEBUG org.asynchttpclient.netty.channel.ChannelManager - Adding key: http://localhost:40532 for channel [id: 0x0dc88daa, L:/127.0.0.1:58857 - R:localhost/127.0.0.1:40532]
18:51:44.096 [Forwarding getCurrentUrl on session 931e59cb09673fc83ee89d51e016103b to remote] DEBUG org.asynchttpclient.netty.request.NettyRequestSender - Using pooled Channel '[id: 0x0dc88daa, L:/127.0.0.1:58857 - R:localhost/127.0.0.1:40532]' for 'GET' to 'http://localhost:40532/session/931e59cb09673fc83ee89d51e016103b/url'
18:51:44.096 [Forwarding getCurrentUrl on session 931e59cb09673fc83ee89d51e016103b to remote] DEBUG org.asynchttpclient.netty.request.NettyRequestSender - Using open Channel [id: 0x0dc88daa, L:/127.0.0.1:58857 - R:localhost/127.0.0.1:40532] for GET '/session/931e59cb09673fc83ee89d51e016103b/url'
18:51:44.102 [AsyncHttpClient-1-11] DEBUG org.asynchttpclient.netty.handler.HttpHandler - 

Request DefaultFullHttpRequest(decodeResult: success, version: HTTP/1.1, content: EmptyByteBufBE)
GET /session/931e59cb09673fc83ee89d51e016103b/url HTTP/1.1
User-Agent: selenium/4.8.1 (java windows)
Cache-Control: no-cache
Content-Type: application/json; charset=utf-8
host: localhost:40532
accept: */*

Response DefaultHttpResponse(decodeResult: success, version: HTTP/1.1)
HTTP/1.1 200 OK
Content-Length: 51
Content-Type: application/json; charset=utf-8
cache-control: no-cache

18:51:44.102 [AsyncHttpClient-1-11] DEBUG org.asynchttpclient.netty.channel.ChannelManager - Adding key: http://localhost:40532 for channel [id: 0x0dc88daa, L:/127.0.0.1:58857 - R:localhost/127.0.0.1:40532]
18:51:44.107 [main] DEBUG net.thucydides.core.steps.StepInterceptor - STARTING STEP: LoginSteps.onLoginPage - validateOnLoginPage
18:51:44.108 [Forwarding findElement on session 931e59cb09673fc83ee89d51e016103b to remote] DEBUG org.asynchttpclient.netty.request.NettyRequestSender - Using pooled Channel '[id: 0x0dc88daa, L:/127.0.0.1:58857 - R:localhost/127.0.0.1:40532]' for 'POST' to 'http://localhost:40532/session/931e59cb09673fc83ee89d51e016103b/element'
18:51:44.108 [Forwarding findElement on session 931e59cb09673fc83ee89d51e016103b to remote] DEBUG org.asynchttpclient.netty.request.NettyRequestSender - Using open Channel [id: 0x0dc88daa, L:/127.0.0.1:58857 - R:localhost/127.0.0.1:40532] for POST '/session/931e59cb09673fc83ee89d51e016103b/element'
18:51:44.122 [AsyncHttpClient-1-11] DEBUG org.asynchttpclient.netty.handler.HttpHandler - 

Request DefaultHttpRequest(decodeResult: success, version: HTTP/1.1)
POST /session/931e59cb09673fc83ee89d51e016103b/element HTTP/1.1
User-Agent: selenium/4.8.1 (java windows)
Content-Length: 141
Content-Type: application/json; charset=utf-8
host: localhost:40532
accept: */*

Response DefaultHttpResponse(decodeResult: success, version: HTTP/1.1)
HTTP/1.1 200 OK
Content-Length: 88
Content-Type: application/json; charset=utf-8
cache-control: no-cache

18:51:44.122 [AsyncHttpClient-1-11] DEBUG org.asynchttpclient.netty.channel.ChannelManager - Adding key: http://localhost:40532 for channel [id: 0x0dc88daa, L:/127.0.0.1:58857 - R:localhost/127.0.0.1:40532]
18:51:44.126 [Forwarding isElementDisplayed on session 931e59cb09673fc83ee89d51e016103b to remote] DEBUG org.asynchttpclient.netty.request.NettyRequestSender - Using pooled Channel '[id: 0x0dc88daa, L:/127.0.0.1:58857 - R:localhost/127.0.0.1:40532]' for 'POST' to 'http://localhost:40532/session/931e59cb09673fc83ee89d51e016103b/execute/sync'
18:51:44.126 [Forwarding isElementDisplayed on session 931e59cb09673fc83ee89d51e016103b to remote] DEBUG org.asynchttpclient.netty.request.NettyRequestSender - Using open Channel [id: 0x0dc88daa, L:/127.0.0.1:58857 - R:localhost/127.0.0.1:40532] for POST '/session/931e59cb09673fc83ee89d51e016103b/execute/sync'
18:51:44.140 [AsyncHttpClient-1-11] DEBUG org.asynchttpclient.netty.handler.HttpHandler - 

Request DefaultHttpRequest(decodeResult: success, version: HTTP/1.1)
POST /session/931e59cb09673fc83ee89d51e016103b/execute/sync HTTP/1.1
User-Agent: selenium/4.8.1 (java windows)
Content-Length: 48807
Content-Type: application/json; charset=utf-8
host: localhost:40532
accept: */*

Response DefaultHttpResponse(decodeResult: success, version: HTTP/1.1)
HTTP/1.1 200 OK
Content-Length: 14
Content-Type: application/json; charset=utf-8
cache-control: no-cache

18:51:44.140 [AsyncHttpClient-1-11] DEBUG org.asynchttpclient.netty.channel.ChannelManager - Adding key: http://localhost:40532 for channel [id: 0x0dc88daa, L:/127.0.0.1:58857 - R:localhost/127.0.0.1:40532]
18:51:44.145 [Forwarding getAlertText on session 931e59cb09673fc83ee89d51e016103b to remote] DEBUG org.asynchttpclient.netty.request.NettyRequestSender - Using pooled Channel '[id: 0x0dc88daa, L:/127.0.0.1:58857 - R:localhost/127.0.0.1:40532]' for 'GET' to 'http://localhost:40532/session/931e59cb09673fc83ee89d51e016103b/alert/text'
18:51:44.145 [Forwarding getAlertText on session 931e59cb09673fc83ee89d51e016103b to remote] DEBUG org.asynchttpclient.netty.request.NettyRequestSender - Using open Channel [id: 0x0dc88daa, L:/127.0.0.1:58857 - R:localhost/127.0.0.1:40532] for GET '/session/931e59cb09673fc83ee89d51e016103b/alert/text'
18:51:44.147 [AsyncHttpClient-1-11] DEBUG org.asynchttpclient.netty.handler.HttpHandler - 

Request DefaultFullHttpRequest(decodeResult: success, version: HTTP/1.1, content: EmptyByteBufBE)
GET /session/931e59cb09673fc83ee89d51e016103b/alert/text HTTP/1.1
User-Agent: selenium/4.8.1 (java windows)
Cache-Control: no-cache
Content-Type: application/json; charset=utf-8
host: localhost:40532
accept: */*

Response DefaultHttpResponse(decodeResult: success, version: HTTP/1.1)
HTTP/1.1 404 Not Found
Content-Length: 809
Content-Type: application/json; charset=utf-8
cache-control: no-cache

18:51:44.148 [AsyncHttpClient-1-11] DEBUG org.asynchttpclient.netty.channel.ChannelManager - Adding key: http://localhost:40532 for channel [id: 0x0dc88daa, L:/127.0.0.1:58857 - R:localhost/127.0.0.1:40532]
18:51:44.149 [Forwarding getCurrentUrl on session 931e59cb09673fc83ee89d51e016103b to remote] DEBUG org.asynchttpclient.netty.request.NettyRequestSender - Using pooled Channel '[id: 0x0dc88daa, L:/127.0.0.1:58857 - R:localhost/127.0.0.1:40532]' for 'GET' to 'http://localhost:40532/session/931e59cb09673fc83ee89d51e016103b/url'
18:51:44.149 [Forwarding getCurrentUrl on session 931e59cb09673fc83ee89d51e016103b to remote] DEBUG org.asynchttpclient.netty.request.NettyRequestSender - Using open Channel [id: 0x0dc88daa, L:/127.0.0.1:58857 - R:localhost/127.0.0.1:40532] for GET '/session/931e59cb09673fc83ee89d51e016103b/url'
18:51:44.153 [AsyncHttpClient-1-11] DEBUG org.asynchttpclient.netty.handler.HttpHandler - 

Request DefaultFullHttpRequest(decodeResult: success, version: HTTP/1.1, content: EmptyByteBufBE)
GET /session/931e59cb09673fc83ee89d51e016103b/url HTTP/1.1
User-Agent: selenium/4.8.1 (java windows)
Cache-Control: no-cache
Content-Type: application/json; charset=utf-8
host: localhost:40532
accept: */*

Response DefaultHttpResponse(decodeResult: success, version: HTTP/1.1)
HTTP/1.1 200 OK
Content-Length: 51
Content-Type: application/json; charset=utf-8
cache-control: no-cache

18:51:44.153 [AsyncHttpClient-1-11] DEBUG org.asynchttpclient.netty.channel.ChannelManager - Adding key: http://localhost:40532 for channel [id: 0x0dc88daa, L:/127.0.0.1:58857 - R:localhost/127.0.0.1:40532]
18:51:44.154 [Forwarding screenshot on session 931e59cb09673fc83ee89d51e016103b to remote] DEBUG org.asynchttpclient.netty.request.NettyRequestSender - Using pooled Channel '[id: 0x0dc88daa, L:/127.0.0.1:58857 - R:localhost/127.0.0.1:40532]' for 'GET' to 'http://localhost:40532/session/931e59cb09673fc83ee89d51e016103b/screenshot'
18:51:44.154 [Forwarding screenshot on session 931e59cb09673fc83ee89d51e016103b to remote] DEBUG org.asynchttpclient.netty.request.NettyRequestSender - Using open Channel [id: 0x0dc88daa, L:/127.0.0.1:58857 - R:localhost/127.0.0.1:40532] for GET '/session/931e59cb09673fc83ee89d51e016103b/screenshot'
18:51:44.266 [AsyncHttpClient-1-1] DEBUG org.asynchttpclient.netty.channel.DefaultChannelPool - Entry count for : http://localhost:58858 : 1
18:51:44.297 [AsyncHttpClient-1-11] DEBUG org.asynchttpclient.netty.handler.HttpHandler - 

Request DefaultFullHttpRequest(decodeResult: success, version: HTTP/1.1, content: EmptyByteBufBE)
GET /session/931e59cb09673fc83ee89d51e016103b/screenshot HTTP/1.1
User-Agent: selenium/4.8.1 (java windows)
Cache-Control: no-cache
Content-Type: application/json; charset=utf-8
host: localhost:40532
accept: */*

Response DefaultHttpResponse(decodeResult: success, version: HTTP/1.1)
HTTP/1.1 200 OK
Content-Length: 37716
Content-Type: application/json; charset=utf-8
cache-control: no-cache

18:51:44.297 [AsyncHttpClient-1-11] DEBUG org.asynchttpclient.netty.channel.ChannelManager - Adding key: http://localhost:40532 for channel [id: 0x0dc88daa, L:/127.0.0.1:58857 - R:localhost/127.0.0.1:40532]
18:51:44.300 [main] DEBUG net.serenitybdd.core.photography.Darkroom - Send negative for processing for target\site\serenity\33332457f5fcf49f454ccd10d3fe1f87607ab26fa20055fdbcc9b0598dc64b75.png
18:51:44.300 [main] DEBUG net.thucydides.core.steps.StepInterceptor - STEP DONE: validateOnLoginPage
  &amp#27;[32mGiven &amp#27;[0m&amp#27;[32mI am on the login page&amp#27;[0m                    &amp#27;[90m# starter.stepdefinitions.LoginSteps.onLoginPage()&amp#27;[0m
18:51:44.307 [Forwarding getPageSource on session 931e59cb09673fc83ee89d51e016103b to remote] DEBUG org.asynchttpclient.netty.request.NettyRequestSender - Using pooled Channel '[id: 0x0dc88daa, L:/127.0.0.1:58857 - R:localhost/127.0.0.1:40532]' for 'POST' to 'http://localhost:40532/session/931e59cb09673fc83ee89d51e016103b/execute/sync'
18:51:44.307 [Forwarding getPageSource on session 931e59cb09673fc83ee89d51e016103b to remote] DEBUG org.asynchttpclient.netty.request.NettyRequestSender - Using open Channel [id: 0x0dc88daa, L:/127.0.0.1:58857 - R:localhost/127.0.0.1:40532] for POST '/session/931e59cb09673fc83ee89d51e016103b/execute/sync'
18:51:44.312 [AsyncHttpClient-1-11] DEBUG org.asynchttpclient.netty.handler.HttpHandler - 

Request DefaultHttpRequest(decodeResult: success, version: HTTP/1.1)
POST /session/931e59cb09673fc83ee89d51e016103b/execute/sync HTTP/1.1
User-Agent: selenium/4.8.1 (java windows)
Content-Length: 176
Content-Type: application/json; charset=utf-8
host: localhost:40532
accept: */*

Response DefaultHttpResponse(decodeResult: success, version: HTTP/1.1)
HTTP/1.1 200 OK
Content-Length: 21659
Content-Type: application/json; charset=utf-8
cache-control: no-cache

18:51:44.312 [AsyncHttpClient-1-11] DEBUG org.asynchttpclient.netty.channel.ChannelManager - Adding key: http://localhost:40532 for channel [id: 0x0dc88daa, L:/127.0.0.1:58857 - R:localhost/127.0.0.1:40532]
18:51:44.315 [Forwarding getCurrentUrl on session 931e59cb09673fc83ee89d51e016103b to remote] DEBUG org.asynchttpclient.netty.request.NettyRequestSender - Using pooled Channel '[id: 0x0dc88daa, L:/127.0.0.1:58857 - R:localhost/127.0.0.1:40532]' for 'GET' to 'http://localhost:40532/session/931e59cb09673fc83ee89d51e016103b/url'
18:51:44.315 [Forwarding getCurrentUrl on session 931e59cb09673fc83ee89d51e016103b to remote] DEBUG org.asynchttpclient.netty.request.NettyRequestSender - Using open Channel [id: 0x0dc88daa, L:/127.0.0.1:58857 - R:localhost/127.0.0.1:40532] for GET '/session/931e59cb09673fc83ee89d51e016103b/url'
18:51:44.320 [AsyncHttpClient-1-11] DEBUG org.asynchttpclient.netty.handler.HttpHandler - 

Request DefaultFullHttpRequest(decodeResult: success, version: HTTP/1.1, content: EmptyByteBufBE)
GET /session/931e59cb09673fc83ee89d51e016103b/url HTTP/1.1
User-Agent: selenium/4.8.1 (java windows)
Cache-Control: no-cache
Content-Type: application/json; charset=utf-8
host: localhost:40532
accept: */*

Response DefaultHttpResponse(decodeResult: success, version: HTTP/1.1)
HTTP/1.1 200 OK
Content-Length: 51
Content-Type: application/json; charset=utf-8
cache-control: no-cache

18:51:44.320 [AsyncHttpClient-1-11] DEBUG org.asynchttpclient.netty.channel.ChannelManager - Adding key: http://localhost:40532 for channel [id: 0x0dc88daa, L:/127.0.0.1:58857 - R:localhost/127.0.0.1:40532]
18:51:44.332 [Forwarding getPageSource on session 931e59cb09673fc83ee89d51e016103b to remote] DEBUG org.asynchttpclient.netty.request.NettyRequestSender - Using pooled Channel '[id: 0x0dc88daa, L:/127.0.0.1:58857 - R:localhost/127.0.0.1:40532]' for 'POST' to 'http://localhost:40532/session/931e59cb09673fc83ee89d51e016103b/execute/sync'
18:51:44.332 [Forwarding getPageSource on session 931e59cb09673fc83ee89d51e016103b to remote] DEBUG org.asynchttpclient.netty.request.NettyRequestSender - Using open Channel [id: 0x0dc88daa, L:/127.0.0.1:58857 - R:localhost/127.0.0.1:40532] for POST '/session/931e59cb09673fc83ee89d51e016103b/execute/sync'
18:51:44.338 [AsyncHttpClient-1-11] DEBUG org.asynchttpclient.netty.handler.HttpHandler - 

Request DefaultHttpRequest(decodeResult: success, version: HTTP/1.1)
POST /session/931e59cb09673fc83ee89d51e016103b/execute/sync HTTP/1.1
User-Agent: selenium/4.8.1 (java windows)
Content-Length: 176
Content-Type: application/json; charset=utf-8
host: localhost:40532
accept: */*

Response DefaultHttpResponse(decodeResult: success, version: HTTP/1.1)
HTTP/1.1 200 OK
Content-Length: 21659
Content-Type: application/json; charset=utf-8
cache-control: no-cache

18:51:44.338 [AsyncHttpClient-1-11] DEBUG org.asynchttpclient.netty.channel.ChannelManager - Adding key: http://localhost:40532 for channel [id: 0x0dc88daa, L:/127.0.0.1:58857 - R:localhost/127.0.0.1:40532]
18:51:44.342 [Forwarding getCurrentUrl on session 931e59cb09673fc83ee89d51e016103b to remote] DEBUG org.asynchttpclient.netty.request.NettyRequestSender - Using pooled Channel '[id: 0x0dc88daa, L:/127.0.0.1:58857 - R:localhost/127.0.0.1:40532]' for 'GET' to 'http://localhost:40532/session/931e59cb09673fc83ee89d51e016103b/url'
18:51:44.342 [Forwarding getCurrentUrl on session 931e59cb09673fc83ee89d51e016103b to remote] DEBUG org.asynchttpclient.netty.request.NettyRequestSender - Using open Channel [id: 0x0dc88daa, L:/127.0.0.1:58857 - R:localhost/127.0.0.1:40532] for GET '/session/931e59cb09673fc83ee89d51e016103b/url'
18:51:44.346 [AsyncHttpClient-1-11] DEBUG org.asynchttpclient.netty.handler.HttpHandler - 

Request DefaultFullHttpRequest(decodeResult: success, version: HTTP/1.1, content: EmptyByteBufBE)
GET /session/931e59cb09673fc83ee89d51e016103b/url HTTP/1.1
User-Agent: selenium/4.8.1 (java windows)
Cache-Control: no-cache
Content-Type: application/json; charset=utf-8
host: localhost:40532
accept: */*

Response DefaultHttpResponse(decodeResult: success, version: HTTP/1.1)
HTTP/1.1 200 OK
Content-Length: 51
Content-Type: application/json; charset=utf-8
cache-control: no-cache

18:51:44.346 [AsyncHttpClient-1-11] DEBUG org.asynchttpclient.netty.channel.ChannelManager - Adding key: http://localhost:40532 for channel [id: 0x0dc88daa, L:/127.0.0.1:58857 - R:localhost/127.0.0.1:40532]
18:51:44.349 [main] DEBUG net.thucydides.core.steps.StepInterceptor - STARTING STEP: LoginSteps.enterEmailOnLogin - inputEmail
18:51:44.352 [Forwarding findElement on session 931e59cb09673fc83ee89d51e016103b to remote] DEBUG org.asynchttpclient.netty.request.NettyRequestSender - Using pooled Channel '[id: 0x0dc88daa, L:/127.0.0.1:58857 - R:localhost/127.0.0.1:40532]' for 'POST' to 'http://localhost:40532/session/931e59cb09673fc83ee89d51e016103b/element'
18:51:44.352 [Forwarding findElement on session 931e59cb09673fc83ee89d51e016103b to remote] DEBUG org.asynchttpclient.netty.request.NettyRequestSender - Using open Channel [id: 0x0dc88daa, L:/127.0.0.1:58857 - R:localhost/127.0.0.1:40532] for POST '/session/931e59cb09673fc83ee89d51e016103b/element'
18:51:44.365 [AsyncHttpClient-1-11] DEBUG org.asynchttpclient.netty.handler.HttpHandler - 

Request DefaultHttpRequest(decodeResult: success, version: HTTP/1.1)
POST /session/931e59cb09673fc83ee89d51e016103b/element HTTP/1.1
User-Agent: selenium/4.8.1 (java windows)
Content-Length: 70
Content-Type: application/json; charset=utf-8
host: localhost:40532
accept: */*

Response DefaultHttpResponse(decodeResult: success, version: HTTP/1.1)
HTTP/1.1 200 OK
Content-Length: 88
Content-Type: application/json; charset=utf-8
cache-control: no-cache

18:51:44.365 [AsyncHttpClient-1-11] DEBUG org.asynchttpclient.netty.channel.ChannelManager - Adding key: http://localhost:40532 for channel [id: 0x0dc88daa, L:/127.0.0.1:58857 - R:localhost/127.0.0.1:40532]
18:51:44.366 [Forwarding clearElement on session 931e59cb09673fc83ee89d51e016103b to remote] DEBUG org.asynchttpclient.netty.request.NettyRequestSender - Using pooled Channel '[id: 0x0dc88daa, L:/127.0.0.1:58857 - R:localhost/127.0.0.1:40532]' for 'POST' to 'http://localhost:40532/session/931e59cb09673fc83ee89d51e016103b/element/cdfd0373-f3e1-4749-94ca-26b0d6d9ea88/clear'
18:51:44.367 [Forwarding clearElement on session 931e59cb09673fc83ee89d51e016103b to remote] DEBUG org.asynchttpclient.netty.request.NettyRequestSender - Using open Channel [id: 0x0dc88daa, L:/127.0.0.1:58857 - R:localhost/127.0.0.1:40532] for POST '/session/931e59cb09673fc83ee89d51e016103b/element/cdfd0373-f3e1-4749-94ca-26b0d6d9ea88/clear'
18:51:44.400 [AsyncHttpClient-1-11] DEBUG org.asynchttpclient.netty.handler.HttpHandler - 

Request DefaultHttpRequest(decodeResult: success, version: HTTP/1.1)
POST /session/931e59cb09673fc83ee89d51e016103b/element/cdfd0373-f3e1-4749-94ca-26b0d6d9ea88/clear HTTP/1.1
User-Agent: selenium/4.8.1 (java windows)
Content-Length: 50
Content-Type: application/json; charset=utf-8
host: localhost:40532
accept: */*

Response DefaultHttpResponse(decodeResult: success, version: HTTP/1.1)
HTTP/1.1 200 OK
Content-Length: 14
Content-Type: application/json; charset=utf-8
cache-control: no-cache

18:51:44.400 [AsyncHttpClient-1-11] DEBUG org.asynchttpclient.netty.channel.ChannelManager - Adding key: http://localhost:40532 for channel [id: 0x0dc88daa, L:/127.0.0.1:58857 - R:localhost/127.0.0.1:40532]
18:51:44.404 [Forwarding sendKeysToElement on session 931e59cb09673fc83ee89d51e016103b to remote] DEBUG org.asynchttpclient.netty.request.NettyRequestSender - Using pooled Channel '[id: 0x0dc88daa, L:/127.0.0.1:58857 - R:localhost/127.0.0.1:40532]' for 'POST' to 'http://localhost:40532/session/931e59cb09673fc83ee89d51e016103b/element/cdfd0373-f3e1-4749-94ca-26b0d6d9ea88/value'
18:51:44.404 [Forwarding sendKeysToElement on session 931e59cb09673fc83ee89d51e016103b to remote] DEBUG org.asynchttpclient.netty.request.NettyRequestSender - Using open Channel [id: 0x0dc88daa, L:/127.0.0.1:58857 - R:localhost/127.0.0.1:40532] for POST '/session/931e59cb09673fc83ee89d51e016103b/element/cdfd0373-f3e1-4749-94ca-26b0d6d9ea88/value'
18:51:44.555 [AsyncHttpClient-1-11] DEBUG org.asynchttpclient.netty.handler.HttpHandler - 

Request DefaultHttpRequest(decodeResult: success, version: HTTP/1.1)
POST /session/931e59cb09673fc83ee89d51e016103b/element/cdfd0373-f3e1-4749-94ca-26b0d6d9ea88/value HTTP/1.1
User-Agent: selenium/4.8.1 (java windows)
Content-Length: 321
Content-Type: application/json; charset=utf-8
host: localhost:40532
accept: */*

Response DefaultHttpResponse(decodeResult: success, version: HTTP/1.1)
HTTP/1.1 200 OK
Content-Length: 14
Content-Type: application/json; charset=utf-8
cache-control: no-cache

18:51:44.555 [AsyncHttpClient-1-11] DEBUG org.asynchttpclient.netty.channel.ChannelManager - Adding key: http://localhost:40532 for channel [id: 0x0dc88daa, L:/127.0.0.1:58857 - R:localhost/127.0.0.1:40532]
18:51:44.561 [Forwarding getAlertText on session 931e59cb09673fc83ee89d51e016103b to remote] DEBUG org.asynchttpclient.netty.request.NettyRequestSender - Using pooled Channel '[id: 0x0dc88daa, L:/127.0.0.1:58857 - R:localhost/127.0.0.1:40532]' for 'GET' to 'http://localhost:40532/session/931e59cb09673fc83ee89d51e016103b/alert/text'
18:51:44.561 [Forwarding getAlertText on session 931e59cb09673fc83ee89d51e016103b to remote] DEBUG org.asynchttpclient.netty.request.NettyRequestSender - Using open Channel [id: 0x0dc88daa, L:/127.0.0.1:58857 - R:localhost/127.0.0.1:40532] for GET '/session/931e59cb09673fc83ee89d51e016103b/alert/text'
18:51:44.563 [AsyncHttpClient-1-11] DEBUG org.asynchttpclient.netty.handler.HttpHandler - 

Request DefaultFullHttpRequest(decodeResult: success, version: HTTP/1.1, content: EmptyByteBufBE)
GET /session/931e59cb09673fc83ee89d51e016103b/alert/text HTTP/1.1
User-Agent: selenium/4.8.1 (java windows)
Cache-Control: no-cache
Content-Type: application/json; charset=utf-8
host: localhost:40532
accept: */*

Response DefaultHttpResponse(decodeResult: success, version: HTTP/1.1)
HTTP/1.1 404 Not Found
Content-Length: 809
Content-Type: application/json; charset=utf-8
cache-control: no-cache

18:51:44.563 [AsyncHttpClient-1-11] DEBUG org.asynchttpclient.netty.channel.ChannelManager - Adding key: http://localhost:40532 for channel [id: 0x0dc88daa, L:/127.0.0.1:58857 - R:localhost/127.0.0.1:40532]
18:51:44.564 [Forwarding getCurrentUrl on session 931e59cb09673fc83ee89d51e016103b to remote] DEBUG org.asynchttpclient.netty.request.NettyRequestSender - Using pooled Channel '[id: 0x0dc88daa, L:/127.0.0.1:58857 - R:localhost/127.0.0.1:40532]' for 'GET' to 'http://localhost:40532/session/931e59cb09673fc83ee89d51e016103b/url'
18:51:44.564 [Forwarding getCurrentUrl on session 931e59cb09673fc83ee89d51e016103b to remote] DEBUG org.asynchttpclient.netty.request.NettyRequestSender - Using open Channel [id: 0x0dc88daa, L:/127.0.0.1:58857 - R:localhost/127.0.0.1:40532] for GET '/session/931e59cb09673fc83ee89d51e016103b/url'
18:51:44.571 [AsyncHttpClient-1-11] DEBUG org.asynchttpclient.netty.handler.HttpHandler - 

Request DefaultFullHttpRequest(decodeResult: success, version: HTTP/1.1, content: EmptyByteBufBE)
GET /session/931e59cb09673fc83ee89d51e016103b/url HTTP/1.1
User-Agent: selenium/4.8.1 (java windows)
Cache-Control: no-cache
Content-Type: application/json; charset=utf-8
host: localhost:40532
accept: */*

Response DefaultHttpResponse(decodeResult: success, version: HTTP/1.1)
HTTP/1.1 200 OK
Content-Length: 51
Content-Type: application/json; charset=utf-8
cache-control: no-cache

18:51:44.571 [AsyncHttpClient-1-11] DEBUG org.asynchttpclient.netty.channel.ChannelManager - Adding key: http://localhost:40532 for channel [id: 0x0dc88daa, L:/127.0.0.1:58857 - R:localhost/127.0.0.1:40532]
18:51:44.572 [Forwarding screenshot on session 931e59cb09673fc83ee89d51e016103b to remote] DEBUG org.asynchttpclient.netty.request.NettyRequestSender - Using pooled Channel '[id: 0x0dc88daa, L:/127.0.0.1:58857 - R:localhost/127.0.0.1:40532]' for 'GET' to 'http://localhost:40532/session/931e59cb09673fc83ee89d51e016103b/screenshot'
18:51:44.572 [Forwarding screenshot on session 931e59cb09673fc83ee89d51e016103b to remote] DEBUG org.asynchttpclient.netty.request.NettyRequestSender - Using open Channel [id: 0x0dc88daa, L:/127.0.0.1:58857 - R:localhost/127.0.0.1:40532] for GET '/session/931e59cb09673fc83ee89d51e016103b/screenshot'
18:51:44.710 [AsyncHttpClient-1-11] DEBUG org.asynchttpclient.netty.handler.HttpHandler - 

Request DefaultFullHttpRequest(decodeResult: success, version: HTTP/1.1, content: EmptyByteBufBE)
GET /session/931e59cb09673fc83ee89d51e016103b/screenshot HTTP/1.1
User-Agent: selenium/4.8.1 (java windows)
Cache-Control: no-cache
Content-Type: application/json; charset=utf-8
host: localhost:40532
accept: */*

Response DefaultHttpResponse(decodeResult: success, version: HTTP/1.1)
HTTP/1.1 200 OK
Content-Length: 47992
Content-Type: application/json; charset=utf-8
cache-control: no-cache

18:51:44.710 [AsyncHttpClient-1-11] DEBUG org.asynchttpclient.netty.channel.ChannelManager - Adding key: http://localhost:40532 for channel [id: 0x0dc88daa, L:/127.0.0.1:58857 - R:localhost/127.0.0.1:40532]
18:51:44.712 [main] DEBUG net.serenitybdd.core.photography.Darkroom - Send negative for processing for target\site\serenity\aab8abdac4009ffc124aafe0806c007d22543dd99fbeec040b35f29ba16c8fc3.png
18:51:44.712 [main] DEBUG net.thucydides.core.steps.StepInterceptor - STEP DONE: inputEmail
  &amp#27;[32mWhen &amp#27;[0m&amp#27;[32mI enter email &amp#27;[0m&amp#27;[32m&amp#27;[1m"basmaronanta28@gmail.com"&amp#27;[0m   &amp#27;[90m# starter.stepdefinitions.LoginSteps.enterEmailOnLogin(java.lang.String)&amp#27;[0m
18:51:44.712 [Darkroom Processing Line] DEBUG net.serenitybdd.core.photography.DarkroomProcessingLine - Processing screenshot image in /var/screenshots/screenshot-5130738777223771108
18:51:44.712 [Darkroom Processing Line] DEBUG net.serenitybdd.core.photography.DarkroomProcessingLine - Saving screenshot to target\site\serenity\aab8abdac4009ffc124aafe0806c007d22543dd99fbeec040b35f29ba16c8fc3.png
18:51:44.721 [Forwarding getPageSource on session 931e59cb09673fc83ee89d51e016103b to remote] DEBUG org.asynchttpclient.netty.request.NettyRequestSender - Using pooled Channel '[id: 0x0dc88daa, L:/127.0.0.1:58857 - R:localhost/127.0.0.1:40532]' for 'POST' to 'http://localhost:40532/session/931e59cb09673fc83ee89d51e016103b/execute/sync'
18:51:44.721 [Forwarding getPageSource on session 931e59cb09673fc83ee89d51e016103b to remote] DEBUG org.asynchttpclient.netty.request.NettyRequestSender - Using open Channel [id: 0x0dc88daa, L:/127.0.0.1:58857 - R:localhost/127.0.0.1:40532] for POST '/session/931e59cb09673fc83ee89d51e016103b/execute/sync'
18:51:44.727 [AsyncHttpClient-1-11] DEBUG org.asynchttpclient.netty.handler.HttpHandler - 

Request DefaultHttpRequest(decodeResult: success, version: HTTP/1.1)
POST /session/931e59cb09673fc83ee89d51e016103b/execute/sync HTTP/1.1
User-Agent: selenium/4.8.1 (java windows)
Content-Length: 176
Content-Type: application/json; charset=utf-8
host: localhost:40532
accept: */*

Response DefaultHttpResponse(decodeResult: success, version: HTTP/1.1)
HTTP/1.1 200 OK
Content-Length: 21780
Content-Type: application/json; charset=utf-8
cache-control: no-cache

18:51:44.728 [AsyncHttpClient-1-11] DEBUG org.asynchttpclient.netty.channel.ChannelManager - Adding key: http://localhost:40532 for channel [id: 0x0dc88daa, L:/127.0.0.1:58857 - R:localhost/127.0.0.1:40532]
18:51:44.730 [Forwarding getCurrentUrl on session 931e59cb09673fc83ee89d51e016103b to remote] DEBUG org.asynchttpclient.netty.request.NettyRequestSender - Using pooled Channel '[id: 0x0dc88daa, L:/127.0.0.1:58857 - R:localhost/127.0.0.1:40532]' for 'GET' to 'http://localhost:40532/session/931e59cb09673fc83ee89d51e016103b/url'
18:51:44.730 [Forwarding getCurrentUrl on session 931e59cb09673fc83ee89d51e016103b to remote] DEBUG org.asynchttpclient.netty.request.NettyRequestSender - Using open Channel [id: 0x0dc88daa, L:/127.0.0.1:58857 - R:localhost/127.0.0.1:40532] for GET '/session/931e59cb09673fc83ee89d51e016103b/url'
18:51:44.737 [AsyncHttpClient-1-11] DEBUG org.asynchttpclient.netty.handler.HttpHandler - 

Request DefaultFullHttpRequest(decodeResult: success, version: HTTP/1.1, content: EmptyByteBufBE)
GET /session/931e59cb09673fc83ee89d51e016103b/url HTTP/1.1
User-Agent: selenium/4.8.1 (java windows)
Cache-Control: no-cache
Content-Type: application/json; charset=utf-8
host: localhost:40532
accept: */*

Response DefaultHttpResponse(decodeResult: success, version: HTTP/1.1)
HTTP/1.1 200 OK
Content-Length: 51
Content-Type: application/json; charset=utf-8
cache-control: no-cache

18:51:44.738 [AsyncHttpClient-1-11] DEBUG org.asynchttpclient.netty.channel.ChannelManager - Adding key: http://localhost:40532 for channel [id: 0x0dc88daa, L:/127.0.0.1:58857 - R:localhost/127.0.0.1:40532]
18:51:44.745 [Forwarding getPageSource on session 931e59cb09673fc83ee89d51e016103b to remote] DEBUG org.asynchttpclient.netty.request.NettyRequestSender - Using pooled Channel '[id: 0x0dc88daa, L:/127.0.0.1:58857 - R:localhost/127.0.0.1:40532]' for 'POST' to 'http://localhost:40532/session/931e59cb09673fc83ee89d51e016103b/execute/sync'
18:51:44.745 [Forwarding getPageSource on session 931e59cb09673fc83ee89d51e016103b to remote] DEBUG org.asynchttpclient.netty.request.NettyRequestSender - Using open Channel [id: 0x0dc88daa, L:/127.0.0.1:58857 - R:localhost/127.0.0.1:40532] for POST '/session/931e59cb09673fc83ee89d51e016103b/execute/sync'
18:51:44.753 [AsyncHttpClient-1-11] DEBUG org.asynchttpclient.netty.handler.HttpHandler - 

Request DefaultHttpRequest(decodeResult: success, version: HTTP/1.1)
POST /session/931e59cb09673fc83ee89d51e016103b/execute/sync HTTP/1.1
User-Agent: selenium/4.8.1 (java windows)
Content-Length: 176
Content-Type: application/json; charset=utf-8
host: localhost:40532
accept: */*

Response DefaultHttpResponse(decodeResult: success, version: HTTP/1.1)
HTTP/1.1 200 OK
Content-Length: 21780
Content-Type: application/json; charset=utf-8
cache-control: no-cache

18:51:44.753 [AsyncHttpClient-1-11] DEBUG org.asynchttpclient.netty.channel.ChannelManager - Adding key: http://localhost:40532 for channel [id: 0x0dc88daa, L:/127.0.0.1:58857 - R:localhost/127.0.0.1:40532]
18:51:44.756 [Forwarding getCurrentUrl on session 931e59cb09673fc83ee89d51e016103b to remote] DEBUG org.asynchttpclient.netty.request.NettyRequestSender - Using pooled Channel '[id: 0x0dc88daa, L:/127.0.0.1:58857 - R:localhost/127.0.0.1:40532]' for 'GET' to 'http://localhost:40532/session/931e59cb09673fc83ee89d51e016103b/url'
18:51:44.756 [Forwarding getCurrentUrl on session 931e59cb09673fc83ee89d51e016103b to remote] DEBUG org.asynchttpclient.netty.request.NettyRequestSender - Using open Channel [id: 0x0dc88daa, L:/127.0.0.1:58857 - R:localhost/127.0.0.1:40532] for GET '/session/931e59cb09673fc83ee89d51e016103b/url'
18:51:44.759 [AsyncHttpClient-1-11] DEBUG org.asynchttpclient.netty.handler.HttpHandler - 

Request DefaultFullHttpRequest(decodeResult: success, version: HTTP/1.1, content: EmptyByteBufBE)
GET /session/931e59cb09673fc83ee89d51e016103b/url HTTP/1.1
User-Agent: selenium/4.8.1 (java windows)
Cache-Control: no-cache
Content-Type: application/json; charset=utf-8
host: localhost:40532
accept: */*

Response DefaultHttpResponse(decodeResult: success, version: HTTP/1.1)
HTTP/1.1 200 OK
Content-Length: 51
Content-Type: application/json; charset=utf-8
cache-control: no-cache

18:51:44.759 [AsyncHttpClient-1-11] DEBUG org.asynchttpclient.netty.channel.ChannelManager - Adding key: http://localhost:40532 for channel [id: 0x0dc88daa, L:/127.0.0.1:58857 - R:localhost/127.0.0.1:40532]
18:51:44.762 [main] DEBUG net.thucydides.core.steps.StepInterceptor - STARTING STEP: LoginSteps.enterPasswordOnLogin - inputPassword
18:51:44.763 [Forwarding findElement on session 931e59cb09673fc83ee89d51e016103b to remote] DEBUG org.asynchttpclient.netty.request.NettyRequestSender - Using pooled Channel '[id: 0x0dc88daa, L:/127.0.0.1:58857 - R:localhost/127.0.0.1:40532]' for 'POST' to 'http://localhost:40532/session/931e59cb09673fc83ee89d51e016103b/element'
18:51:44.763 [Forwarding findElement on session 931e59cb09673fc83ee89d51e016103b to remote] DEBUG org.asynchttpclient.netty.request.NettyRequestSender - Using open Channel [id: 0x0dc88daa, L:/127.0.0.1:58857 - R:localhost/127.0.0.1:40532] for POST '/session/931e59cb09673fc83ee89d51e016103b/element'
18:51:44.777 [AsyncHttpClient-1-11] DEBUG org.asynchttpclient.netty.handler.HttpHandler - 

Request DefaultHttpRequest(decodeResult: success, version: HTTP/1.1)
POST /session/931e59cb09673fc83ee89d51e016103b/element HTTP/1.1
User-Agent: selenium/4.8.1 (java windows)
Content-Length: 70
Content-Type: application/json; charset=utf-8
host: localhost:40532
accept: */*

Response DefaultHttpResponse(decodeResult: success, version: HTTP/1.1)
HTTP/1.1 200 OK
Content-Length: 88
Content-Type: application/json; charset=utf-8
cache-control: no-cache

18:51:44.777 [AsyncHttpClient-1-11] DEBUG org.asynchttpclient.netty.channel.ChannelManager - Adding key: http://localhost:40532 for channel [id: 0x0dc88daa, L:/127.0.0.1:58857 - R:localhost/127.0.0.1:40532]
18:51:44.779 [Forwarding clearElement on session 931e59cb09673fc83ee89d51e016103b to remote] DEBUG org.asynchttpclient.netty.request.NettyRequestSender - Using pooled Channel '[id: 0x0dc88daa, L:/127.0.0.1:58857 - R:localhost/127.0.0.1:40532]' for 'POST' to 'http://localhost:40532/session/931e59cb09673fc83ee89d51e016103b/element/a5cfa0d4-c79d-4a07-8d35-41d17ef23404/clear'
18:51:44.779 [Forwarding clearElement on session 931e59cb09673fc83ee89d51e016103b to remote] DEBUG org.asynchttpclient.netty.request.NettyRequestSender - Using open Channel [id: 0x0dc88daa, L:/127.0.0.1:58857 - R:localhost/127.0.0.1:40532] for POST '/session/931e59cb09673fc83ee89d51e016103b/element/a5cfa0d4-c79d-4a07-8d35-41d17ef23404/clear'
18:51:44.814 [AsyncHttpClient-1-11] DEBUG org.asynchttpclient.netty.handler.HttpHandler - 

Request DefaultHttpRequest(decodeResult: success, version: HTTP/1.1)
POST /session/931e59cb09673fc83ee89d51e016103b/element/a5cfa0d4-c79d-4a07-8d35-41d17ef23404/clear HTTP/1.1
User-Agent: selenium/4.8.1 (java windows)
Content-Length: 50
Content-Type: application/json; charset=utf-8
host: localhost:40532
accept: */*

Response DefaultHttpResponse(decodeResult: success, version: HTTP/1.1)
HTTP/1.1 200 OK
Content-Length: 14
Content-Type: application/json; charset=utf-8
cache-control: no-cache

18:51:44.814 [AsyncHttpClient-1-11] DEBUG org.asynchttpclient.netty.channel.ChannelManager - Adding key: http://localhost:40532 for channel [id: 0x0dc88daa, L:/127.0.0.1:58857 - R:localhost/127.0.0.1:40532]
18:51:44.816 [Forwarding sendKeysToElement on session 931e59cb09673fc83ee89d51e016103b to remote] DEBUG org.asynchttpclient.netty.request.NettyRequestSender - Using pooled Channel '[id: 0x0dc88daa, L:/127.0.0.1:58857 - R:localhost/127.0.0.1:40532]' for 'POST' to 'http://localhost:40532/session/931e59cb09673fc83ee89d51e016103b/element/a5cfa0d4-c79d-4a07-8d35-41d17ef23404/value'
18:51:44.816 [Forwarding sendKeysToElement on session 931e59cb09673fc83ee89d51e016103b to remote] DEBUG org.asynchttpclient.netty.request.NettyRequestSender - Using open Channel [id: 0x0dc88daa, L:/127.0.0.1:58857 - R:localhost/127.0.0.1:40532] for POST '/session/931e59cb09673fc83ee89d51e016103b/element/a5cfa0d4-c79d-4a07-8d35-41d17ef23404/value'
18:51:44.896 [AsyncHttpClient-1-11] DEBUG org.asynchttpclient.netty.handler.HttpHandler - 

Request DefaultHttpRequest(decodeResult: success, version: HTTP/1.1)
POST /session/931e59cb09673fc83ee89d51e016103b/element/a5cfa0d4-c79d-4a07-8d35-41d17ef23404/value HTTP/1.1
User-Agent: selenium/4.8.1 (java windows)
Content-Length: 171
Content-Type: application/json; charset=utf-8
host: localhost:40532
accept: */*

Response DefaultHttpResponse(decodeResult: success, version: HTTP/1.1)
HTTP/1.1 200 OK
Content-Length: 14
Content-Type: application/json; charset=utf-8
cache-control: no-cache

18:51:44.897 [AsyncHttpClient-1-11] DEBUG org.asynchttpclient.netty.channel.ChannelManager - Adding key: http://localhost:40532 for channel [id: 0x0dc88daa, L:/127.0.0.1:58857 - R:localhost/127.0.0.1:40532]
18:51:44.907 [Forwarding getAlertText on session 931e59cb09673fc83ee89d51e016103b to remote] DEBUG org.asynchttpclient.netty.request.NettyRequestSender - Using pooled Channel '[id: 0x0dc88daa, L:/127.0.0.1:58857 - R:localhost/127.0.0.1:40532]' for 'GET' to 'http://localhost:40532/session/931e59cb09673fc83ee89d51e016103b/alert/text'
18:51:44.907 [Forwarding getAlertText on session 931e59cb09673fc83ee89d51e016103b to remote] DEBUG org.asynchttpclient.netty.request.NettyRequestSender - Using open Channel [id: 0x0dc88daa, L:/127.0.0.1:58857 - R:localhost/127.0.0.1:40532] for GET '/session/931e59cb09673fc83ee89d51e016103b/alert/text'
18:51:44.909 [AsyncHttpClient-1-11] DEBUG org.asynchttpclient.netty.handler.HttpHandler - 

Request DefaultFullHttpRequest(decodeResult: success, version: HTTP/1.1, content: EmptyByteBufBE)
GET /session/931e59cb09673fc83ee89d51e016103b/alert/text HTTP/1.1
User-Agent: selenium/4.8.1 (java windows)
Cache-Control: no-cache
Content-Type: application/json; charset=utf-8
host: localhost:40532
accept: */*

Response DefaultHttpResponse(decodeResult: success, version: HTTP/1.1)
HTTP/1.1 404 Not Found
Content-Length: 809
Content-Type: application/json; charset=utf-8
cache-control: no-cache

18:51:44.910 [AsyncHttpClient-1-11] DEBUG org.asynchttpclient.netty.channel.ChannelManager - Adding key: http://localhost:40532 for channel [id: 0x0dc88daa, L:/127.0.0.1:58857 - R:localhost/127.0.0.1:40532]
18:51:44.911 [Forwarding getCurrentUrl on session 931e59cb09673fc83ee89d51e016103b to remote] DEBUG org.asynchttpclient.netty.request.NettyRequestSender - Using pooled Channel '[id: 0x0dc88daa, L:/127.0.0.1:58857 - R:localhost/127.0.0.1:40532]' for 'GET' to 'http://localhost:40532/session/931e59cb09673fc83ee89d51e016103b/url'
18:51:44.911 [Forwarding getCurrentUrl on session 931e59cb09673fc83ee89d51e016103b to remote] DEBUG org.asynchttpclient.netty.request.NettyRequestSender - Using open Channel [id: 0x0dc88daa, L:/127.0.0.1:58857 - R:localhost/127.0.0.1:40532] for GET '/session/931e59cb09673fc83ee89d51e016103b/url'
18:51:44.915 [AsyncHttpClient-1-11] DEBUG org.asynchttpclient.netty.handler.HttpHandler - 

Request DefaultFullHttpRequest(decodeResult: success, version: HTTP/1.1, content: EmptyByteBufBE)
GET /session/931e59cb09673fc83ee89d51e016103b/url HTTP/1.1
User-Agent: selenium/4.8.1 (java windows)
Cache-Control: no-cache
Content-Type: application/json; charset=utf-8
host: localhost:40532
accept: */*

Response DefaultHttpResponse(decodeResult: success, version: HTTP/1.1)
HTTP/1.1 200 OK
Content-Length: 51
Content-Type: application/json; charset=utf-8
cache-control: no-cache

18:51:44.915 [AsyncHttpClient-1-11] DEBUG org.asynchttpclient.netty.channel.ChannelManager - Adding key: http://localhost:40532 for channel [id: 0x0dc88daa, L:/127.0.0.1:58857 - R:localhost/127.0.0.1:40532]
18:51:44.918 [Forwarding screenshot on session 931e59cb09673fc83ee89d51e016103b to remote] DEBUG org.asynchttpclient.netty.request.NettyRequestSender - Using pooled Channel '[id: 0x0dc88daa, L:/127.0.0.1:58857 - R:localhost/127.0.0.1:40532]' for 'GET' to 'http://localhost:40532/session/931e59cb09673fc83ee89d51e016103b/screenshot'
18:51:44.918 [Forwarding screenshot on session 931e59cb09673fc83ee89d51e016103b to remote] DEBUG org.asynchttpclient.netty.request.NettyRequestSender - Using open Channel [id: 0x0dc88daa, L:/127.0.0.1:58857 - R:localhost/127.0.0.1:40532] for GET '/session/931e59cb09673fc83ee89d51e016103b/screenshot'
18:51:45.090 [AsyncHttpClient-1-11] DEBUG org.asynchttpclient.netty.handler.HttpHandler - 

Request DefaultFullHttpRequest(decodeResult: success, version: HTTP/1.1, content: EmptyByteBufBE)
GET /session/931e59cb09673fc83ee89d51e016103b/screenshot HTTP/1.1
User-Agent: selenium/4.8.1 (java windows)
Cache-Control: no-cache
Content-Type: application/json; charset=utf-8
host: localhost:40532
accept: */*

Response DefaultHttpResponse(decodeResult: success, version: HTTP/1.1)
HTTP/1.1 200 OK
Content-Length: 52192
Content-Type: application/json; charset=utf-8
cache-control: no-cache

18:51:45.090 [AsyncHttpClient-1-11] DEBUG org.asynchttpclient.netty.channel.ChannelManager - Adding key: http://localhost:40532 for channel [id: 0x0dc88daa, L:/127.0.0.1:58857 - R:localhost/127.0.0.1:40532]
18:51:45.092 [main] DEBUG net.serenitybdd.core.photography.Darkroom - Send negative for processing for target\site\serenity\c77ab39c914fc4efcc9a4afd766ded336c3d5308e35b2296573671adc78ad16a.png
18:51:45.093 [main] DEBUG net.thucydides.core.steps.StepInterceptor - STEP DONE: inputPassword
18:51:45.093 [Darkroom Processing Line] DEBUG net.serenitybdd.core.photography.DarkroomProcessingLine - Processing screenshot image in /var/screenshots/screenshot-2982099366085424039
18:51:45.093 [Darkroom Processing Line] DEBUG net.serenitybdd.core.photography.DarkroomProcessingLine - Saving screenshot to target\site\serenity\c77ab39c914fc4efcc9a4afd766ded336c3d5308e35b2296573671adc78ad16a.png
  &amp#27;[32mAnd &amp#27;[0m&amp#27;[32mI enter password &amp#27;[0m&amp#27;[32m&amp#27;[1m"mylove366"&amp#27;[0m                &amp#27;[90m# starter.stepdefinitions.LoginSteps.enterPasswordOnLogin(java.lang.String)&amp#27;[0m
18:51:45.105 [Forwarding getPageSource on session 931e59cb09673fc83ee89d51e016103b to remote] DEBUG org.asynchttpclient.netty.request.NettyRequestSender - Using pooled Channel '[id: 0x0dc88daa, L:/127.0.0.1:58857 - R:localhost/127.0.0.1:40532]' for 'POST' to 'http://localhost:40532/session/931e59cb09673fc83ee89d51e016103b/execute/sync'
18:51:45.105 [Forwarding getPageSource on session 931e59cb09673fc83ee89d51e016103b to remote] DEBUG org.asynchttpclient.netty.request.NettyRequestSender - Using open Channel [id: 0x0dc88daa, L:/127.0.0.1:58857 - R:localhost/127.0.0.1:40532] for POST '/session/931e59cb09673fc83ee89d51e016103b/execute/sync'
18:51:45.111 [AsyncHttpClient-1-11] DEBUG org.asynchttpclient.netty.handler.HttpHandler - 

Request DefaultHttpRequest(decodeResult: success, version: HTTP/1.1)
POST /session/931e59cb09673fc83ee89d51e016103b/execute/sync HTTP/1.1
User-Agent: selenium/4.8.1 (java windows)
Content-Length: 176
Content-Type: application/json; charset=utf-8
host: localhost:40532
accept: */*

Response DefaultHttpResponse(decodeResult: success, version: HTTP/1.1)
HTTP/1.1 200 OK
Content-Length: 21839
Content-Type: application/json; charset=utf-8
cache-control: no-cache

18:51:45.111 [AsyncHttpClient-1-11] DEBUG org.asynchttpclient.netty.channel.ChannelManager - Adding key: http://localhost:40532 for channel [id: 0x0dc88daa, L:/127.0.0.1:58857 - R:localhost/127.0.0.1:40532]
18:51:45.113 [Forwarding getCurrentUrl on session 931e59cb09673fc83ee89d51e016103b to remote] DEBUG org.asynchttpclient.netty.request.NettyRequestSender - Using pooled Channel '[id: 0x0dc88daa, L:/127.0.0.1:58857 - R:localhost/127.0.0.1:40532]' for 'GET' to 'http://localhost:40532/session/931e59cb09673fc83ee89d51e016103b/url'
18:51:45.113 [Forwarding getCurrentUrl on session 931e59cb09673fc83ee89d51e016103b to remote] DEBUG org.asynchttpclient.netty.request.NettyRequestSender - Using open Channel [id: 0x0dc88daa, L:/127.0.0.1:58857 - R:localhost/127.0.0.1:40532] for GET '/session/931e59cb09673fc83ee89d51e016103b/url'
18:51:45.121 [AsyncHttpClient-1-11] DEBUG org.asynchttpclient.netty.handler.HttpHandler - 

Request DefaultFullHttpRequest(decodeResult: success, version: HTTP/1.1, content: EmptyByteBufBE)
GET /session/931e59cb09673fc83ee89d51e016103b/url HTTP/1.1
User-Agent: selenium/4.8.1 (java windows)
Cache-Control: no-cache
Content-Type: application/json; charset=utf-8
host: localhost:40532
accept: */*

Response DefaultHttpResponse(decodeResult: success, version: HTTP/1.1)
HTTP/1.1 200 OK
Content-Length: 51
Content-Type: application/json; charset=utf-8
cache-control: no-cache

18:51:45.122 [AsyncHttpClient-1-11] DEBUG org.asynchttpclient.netty.channel.ChannelManager - Adding key: http://localhost:40532 for channel [id: 0x0dc88daa, L:/127.0.0.1:58857 - R:localhost/127.0.0.1:40532]
18:51:45.131 [Forwarding getPageSource on session 931e59cb09673fc83ee89d51e016103b to remote] DEBUG org.asynchttpclient.netty.request.NettyRequestSender - Using pooled Channel '[id: 0x0dc88daa, L:/127.0.0.1:58857 - R:localhost/127.0.0.1:40532]' for 'POST' to 'http://localhost:40532/session/931e59cb09673fc83ee89d51e016103b/execute/sync'
18:51:45.131 [Forwarding getPageSource on session 931e59cb09673fc83ee89d51e016103b to remote] DEBUG org.asynchttpclient.netty.request.NettyRequestSender - Using open Channel [id: 0x0dc88daa, L:/127.0.0.1:58857 - R:localhost/127.0.0.1:40532] for POST '/session/931e59cb09673fc83ee89d51e016103b/execute/sync'
18:51:45.142 [AsyncHttpClient-1-11] DEBUG org.asynchttpclient.netty.handler.HttpHandler - 

Request DefaultHttpRequest(decodeResult: success, version: HTTP/1.1)
POST /session/931e59cb09673fc83ee89d51e016103b/execute/sync HTTP/1.1
User-Agent: selenium/4.8.1 (java windows)
Content-Length: 176
Content-Type: application/json; charset=utf-8
host: localhost:40532
accept: */*

Response DefaultHttpResponse(decodeResult: success, version: HTTP/1.1)
HTTP/1.1 200 OK
Content-Length: 21839
Content-Type: application/json; charset=utf-8
cache-control: no-cache

18:51:45.142 [AsyncHttpClient-1-11] DEBUG org.asynchttpclient.netty.channel.ChannelManager - Adding key: http://localhost:40532 for channel [id: 0x0dc88daa, L:/127.0.0.1:58857 - R:localhost/127.0.0.1:40532]
18:51:45.144 [Forwarding getCurrentUrl on session 931e59cb09673fc83ee89d51e016103b to remote] DEBUG org.asynchttpclient.netty.request.NettyRequestSender - Using pooled Channel '[id: 0x0dc88daa, L:/127.0.0.1:58857 - R:localhost/127.0.0.1:40532]' for 'GET' to 'http://localhost:40532/session/931e59cb09673fc83ee89d51e016103b/url'
18:51:45.144 [Forwarding getCurrentUrl on session 931e59cb09673fc83ee89d51e016103b to remote] DEBUG org.asynchttpclient.netty.request.NettyRequestSender - Using open Channel [id: 0x0dc88daa, L:/127.0.0.1:58857 - R:localhost/127.0.0.1:40532] for GET '/session/931e59cb09673fc83ee89d51e016103b/url'
18:51:45.147 [AsyncHttpClient-1-11] DEBUG org.asynchttpclient.netty.handler.HttpHandler - 

Request DefaultFullHttpRequest(decodeResult: success, version: HTTP/1.1, content: EmptyByteBufBE)
GET /session/931e59cb09673fc83ee89d51e016103b/url HTTP/1.1
User-Agent: selenium/4.8.1 (java windows)
Cache-Control: no-cache
Content-Type: application/json; charset=utf-8
host: localhost:40532
accept: */*

Response DefaultHttpResponse(decodeResult: success, version: HTTP/1.1)
HTTP/1.1 200 OK
Content-Length: 51
Content-Type: application/json; charset=utf-8
cache-control: no-cache

18:51:45.147 [AsyncHttpClient-1-11] DEBUG org.asynchttpclient.netty.channel.ChannelManager - Adding key: http://localhost:40532 for channel [id: 0x0dc88daa, L:/127.0.0.1:58857 - R:localhost/127.0.0.1:40532]
18:51:45.151 [main] DEBUG net.thucydides.core.steps.StepInterceptor - STARTING STEP: LoginSteps.clickLoginButton - ClickLoginButton
18:51:45.156 [Forwarding findElement on session 931e59cb09673fc83ee89d51e016103b to remote] DEBUG org.asynchttpclient.netty.request.NettyRequestSender - Using pooled Channel '[id: 0x0dc88daa, L:/127.0.0.1:58857 - R:localhost/127.0.0.1:40532]' for 'POST' to 'http://localhost:40532/session/931e59cb09673fc83ee89d51e016103b/element'
18:51:45.156 [Forwarding findElement on session 931e59cb09673fc83ee89d51e016103b to remote] DEBUG org.asynchttpclient.netty.request.NettyRequestSender - Using open Channel [id: 0x0dc88daa, L:/127.0.0.1:58857 - R:localhost/127.0.0.1:40532] for POST '/session/931e59cb09673fc83ee89d51e016103b/element'
18:51:45.163 [AsyncHttpClient-1-11] DEBUG org.asynchttpclient.netty.handler.HttpHandler - 

Request DefaultHttpRequest(decodeResult: success, version: HTTP/1.1)
POST /session/931e59cb09673fc83ee89d51e016103b/element HTTP/1.1
User-Agent: selenium/4.8.1 (java windows)
Content-Length: 141
Content-Type: application/json; charset=utf-8
host: localhost:40532
accept: */*

Response DefaultHttpResponse(decodeResult: success, version: HTTP/1.1)
HTTP/1.1 200 OK
Content-Length: 88
Content-Type: application/json; charset=utf-8
cache-control: no-cache

18:51:45.163 [AsyncHttpClient-1-11] DEBUG org.asynchttpclient.netty.channel.ChannelManager - Adding key: http://localhost:40532 for channel [id: 0x0dc88daa, L:/127.0.0.1:58857 - R:localhost/127.0.0.1:40532]
18:51:45.164 [Forwarding getElementTagName on session 931e59cb09673fc83ee89d51e016103b to remote] DEBUG org.asynchttpclient.netty.request.NettyRequestSender - Using pooled Channel '[id: 0x0dc88daa, L:/127.0.0.1:58857 - R:localhost/127.0.0.1:40532]' for 'GET' to 'http://localhost:40532/session/931e59cb09673fc83ee89d51e016103b/element/e9b9e972-511c-4bac-a59d-4b5155c0c996/name'
18:51:45.164 [Forwarding getElementTagName on session 931e59cb09673fc83ee89d51e016103b to remote] DEBUG org.asynchttpclient.netty.request.NettyRequestSender - Using open Channel [id: 0x0dc88daa, L:/127.0.0.1:58857 - R:localhost/127.0.0.1:40532] for GET '/session/931e59cb09673fc83ee89d51e016103b/element/e9b9e972-511c-4bac-a59d-4b5155c0c996/name'
18:51:45.173 [AsyncHttpClient-1-11] DEBUG org.asynchttpclient.netty.handler.HttpHandler - 

Request DefaultFullHttpRequest(decodeResult: success, version: HTTP/1.1, content: EmptyByteBufBE)
GET /session/931e59cb09673fc83ee89d51e016103b/element/e9b9e972-511c-4bac-a59d-4b5155c0c996/name HTTP/1.1
User-Agent: selenium/4.8.1 (java windows)
Cache-Control: no-cache
Content-Type: application/json; charset=utf-8
host: localhost:40532
accept: */*

Response DefaultHttpResponse(decodeResult: success, version: HTTP/1.1)
HTTP/1.1 200 OK
Content-Length: 18
Content-Type: application/json; charset=utf-8
cache-control: no-cache

18:51:45.173 [AsyncHttpClient-1-11] DEBUG org.asynchttpclient.netty.channel.ChannelManager - Adding key: http://localhost:40532 for channel [id: 0x0dc88daa, L:/127.0.0.1:58857 - R:localhost/127.0.0.1:40532]
18:51:45.174 [Forwarding getElementTagName on session 931e59cb09673fc83ee89d51e016103b to remote] DEBUG org.asynchttpclient.netty.request.NettyRequestSender - Using pooled Channel '[id: 0x0dc88daa, L:/127.0.0.1:58857 - R:localhost/127.0.0.1:40532]' for 'GET' to 'http://localhost:40532/session/931e59cb09673fc83ee89d51e016103b/element/e9b9e972-511c-4bac-a59d-4b5155c0c996/name'
18:51:45.175 [Forwarding getElementTagName on session 931e59cb09673fc83ee89d51e016103b to remote] DEBUG org.asynchttpclient.netty.request.NettyRequestSender - Using open Channel [id: 0x0dc88daa, L:/127.0.0.1:58857 - R:localhost/127.0.0.1:40532] for GET '/session/931e59cb09673fc83ee89d51e016103b/element/e9b9e972-511c-4bac-a59d-4b5155c0c996/name'
18:51:45.178 [AsyncHttpClient-1-11] DEBUG org.asynchttpclient.netty.handler.HttpHandler - 

Request DefaultFullHttpRequest(decodeResult: success, version: HTTP/1.1, content: EmptyByteBufBE)
GET /session/931e59cb09673fc83ee89d51e016103b/element/e9b9e972-511c-4bac-a59d-4b5155c0c996/name HTTP/1.1
User-Agent: selenium/4.8.1 (java windows)
Cache-Control: no-cache
Content-Type: application/json; charset=utf-8
host: localhost:40532
accept: */*

Response DefaultHttpResponse(decodeResult: success, version: HTTP/1.1)
HTTP/1.1 200 OK
Content-Length: 18
Content-Type: application/json; charset=utf-8
cache-control: no-cache

18:51:45.178 [AsyncHttpClient-1-11] DEBUG org.asynchttpclient.netty.channel.ChannelManager - Adding key: http://localhost:40532 for channel [id: 0x0dc88daa, L:/127.0.0.1:58857 - R:localhost/127.0.0.1:40532]
18:51:45.180 [Forwarding isElementEnabled on session 931e59cb09673fc83ee89d51e016103b to remote] DEBUG org.asynchttpclient.netty.request.NettyRequestSender - Using pooled Channel '[id: 0x0dc88daa, L:/127.0.0.1:58857 - R:localhost/127.0.0.1:40532]' for 'GET' to 'http://localhost:40532/session/931e59cb09673fc83ee89d51e016103b/element/e9b9e972-511c-4bac-a59d-4b5155c0c996/enabled'
18:51:45.180 [Forwarding isElementEnabled on session 931e59cb09673fc83ee89d51e016103b to remote] DEBUG org.asynchttpclient.netty.request.NettyRequestSender - Using open Channel [id: 0x0dc88daa, L:/127.0.0.1:58857 - R:localhost/127.0.0.1:40532] for GET '/session/931e59cb09673fc83ee89d51e016103b/element/e9b9e972-511c-4bac-a59d-4b5155c0c996/enabled'
18:51:45.193 [AsyncHttpClient-1-11] DEBUG org.asynchttpclient.netty.handler.HttpHandler - 

Request DefaultFullHttpRequest(decodeResult: success, version: HTTP/1.1, content: EmptyByteBufBE)
GET /session/931e59cb09673fc83ee89d51e016103b/element/e9b9e972-511c-4bac-a59d-4b5155c0c996/enabled HTTP/1.1
User-Agent: selenium/4.8.1 (java windows)
Cache-Control: no-cache
Content-Type: application/json; charset=utf-8
host: localhost:40532
accept: */*

Response DefaultHttpResponse(decodeResult: success, version: HTTP/1.1)
HTTP/1.1 200 OK
Content-Length: 14
Content-Type: application/json; charset=utf-8
cache-control: no-cache

18:51:45.193 [AsyncHttpClient-1-11] DEBUG org.asynchttpclient.netty.channel.ChannelManager - Adding key: http://localhost:40532 for channel [id: 0x0dc88daa, L:/127.0.0.1:58857 - R:localhost/127.0.0.1:40532]
18:51:45.194 [Forwarding isElementEnabled on session 931e59cb09673fc83ee89d51e016103b to remote] DEBUG org.asynchttpclient.netty.request.NettyRequestSender - Using pooled Channel '[id: 0x0dc88daa, L:/127.0.0.1:58857 - R:localhost/127.0.0.1:40532]' for 'GET' to 'http://localhost:40532/session/931e59cb09673fc83ee89d51e016103b/element/e9b9e972-511c-4bac-a59d-4b5155c0c996/enabled'
18:51:45.194 [Forwarding isElementEnabled on session 931e59cb09673fc83ee89d51e016103b to remote] DEBUG org.asynchttpclient.netty.request.NettyRequestSender - Using open Channel [id: 0x0dc88daa, L:/127.0.0.1:58857 - R:localhost/127.0.0.1:40532] for GET '/session/931e59cb09673fc83ee89d51e016103b/element/e9b9e972-511c-4bac-a59d-4b5155c0c996/enabled'
18:51:45.199 [AsyncHttpClient-1-11] DEBUG org.asynchttpclient.netty.handler.HttpHandler - 

Request DefaultFullHttpRequest(decodeResult: success, version: HTTP/1.1, content: EmptyByteBufBE)
GET /session/931e59cb09673fc83ee89d51e016103b/element/e9b9e972-511c-4bac-a59d-4b5155c0c996/enabled HTTP/1.1
User-Agent: selenium/4.8.1 (java windows)
Cache-Control: no-cache
Content-Type: application/json; charset=utf-8
host: localhost:40532
accept: */*

Response DefaultHttpResponse(decodeResult: success, version: HTTP/1.1)
HTTP/1.1 200 OK
Content-Length: 14
Content-Type: application/json; charset=utf-8
cache-control: no-cache

18:51:45.201 [AsyncHttpClient-1-11] DEBUG org.asynchttpclient.netty.channel.ChannelManager - Adding key: http://localhost:40532 for channel [id: 0x0dc88daa, L:/127.0.0.1:58857 - R:localhost/127.0.0.1:40532]
18:51:45.205 [Forwarding findElement on session 931e59cb09673fc83ee89d51e016103b to remote] DEBUG org.asynchttpclient.netty.request.NettyRequestSender - Using pooled Channel '[id: 0x0dc88daa, L:/127.0.0.1:58857 - R:localhost/127.0.0.1:40532]' for 'POST' to 'http://localhost:40532/session/931e59cb09673fc83ee89d51e016103b/element'
18:51:45.205 [Forwarding findElement on session 931e59cb09673fc83ee89d51e016103b to remote] DEBUG org.asynchttpclient.netty.request.NettyRequestSender - Using open Channel [id: 0x0dc88daa, L:/127.0.0.1:58857 - R:localhost/127.0.0.1:40532] for POST '/session/931e59cb09673fc83ee89d51e016103b/element'
18:51:45.212 [AsyncHttpClient-1-11] DEBUG org.asynchttpclient.netty.handler.HttpHandler - 

Request DefaultHttpRequest(decodeResult: success, version: HTTP/1.1)
POST /session/931e59cb09673fc83ee89d51e016103b/element HTTP/1.1
User-Agent: selenium/4.8.1 (java windows)
Content-Length: 141
Content-Type: application/json; charset=utf-8
host: localhost:40532
accept: */*

Response DefaultHttpResponse(decodeResult: success, version: HTTP/1.1)
HTTP/1.1 200 OK
Content-Length: 88
Content-Type: application/json; charset=utf-8
cache-control: no-cache

18:51:45.212 [AsyncHttpClient-1-11] DEBUG org.asynchttpclient.netty.channel.ChannelManager - Adding key: http://localhost:40532 for channel [id: 0x0dc88daa, L:/127.0.0.1:58857 - R:localhost/127.0.0.1:40532]
18:51:45.214 [Forwarding clickElement on session 931e59cb09673fc83ee89d51e016103b to remote] DEBUG org.asynchttpclient.netty.request.NettyRequestSender - Using pooled Channel '[id: 0x0dc88daa, L:/127.0.0.1:58857 - R:localhost/127.0.0.1:40532]' for 'POST' to 'http://localhost:40532/session/931e59cb09673fc83ee89d51e016103b/element/e9b9e972-511c-4bac-a59d-4b5155c0c996/click'
18:51:45.214 [Forwarding clickElement on session 931e59cb09673fc83ee89d51e016103b to remote] DEBUG org.asynchttpclient.netty.request.NettyRequestSender - Using open Channel [id: 0x0dc88daa, L:/127.0.0.1:58857 - R:localhost/127.0.0.1:40532] for POST '/session/931e59cb09673fc83ee89d51e016103b/element/e9b9e972-511c-4bac-a59d-4b5155c0c996/click'
18:51:45.288 [AsyncHttpClient-1-11] DEBUG org.asynchttpclient.netty.handler.HttpHandler - 

Request DefaultHttpRequest(decodeResult: success, version: HTTP/1.1)
POST /session/931e59cb09673fc83ee89d51e016103b/element/e9b9e972-511c-4bac-a59d-4b5155c0c996/click HTTP/1.1
User-Agent: selenium/4.8.1 (java windows)
Content-Length: 50
Content-Type: application/json; charset=utf-8
host: localhost:40532
accept: */*

Response DefaultHttpResponse(decodeResult: success, version: HTTP/1.1)
HTTP/1.1 200 OK
Content-Length: 14
Content-Type: application/json; charset=utf-8
cache-control: no-cache

18:51:45.289 [AsyncHttpClient-1-11] DEBUG org.asynchttpclient.netty.channel.ChannelManager - Adding key: http://localhost:40532 for channel [id: 0x0dc88daa, L:/127.0.0.1:58857 - R:localhost/127.0.0.1:40532]
18:51:45.295 [Forwarding getAlertText on session 931e59cb09673fc83ee89d51e016103b to remote] DEBUG org.asynchttpclient.netty.request.NettyRequestSender - Using pooled Channel '[id: 0x0dc88daa, L:/127.0.0.1:58857 - R:localhost/127.0.0.1:40532]' for 'GET' to 'http://localhost:40532/session/931e59cb09673fc83ee89d51e016103b/alert/text'
18:51:45.295 [Forwarding getAlertText on session 931e59cb09673fc83ee89d51e016103b to remote] DEBUG org.asynchttpclient.netty.request.NettyRequestSender - Using open Channel [id: 0x0dc88daa, L:/127.0.0.1:58857 - R:localhost/127.0.0.1:40532] for GET '/session/931e59cb09673fc83ee89d51e016103b/alert/text'
18:51:45.297 [AsyncHttpClient-1-11] DEBUG org.asynchttpclient.netty.handler.HttpHandler - 

Request DefaultFullHttpRequest(decodeResult: success, version: HTTP/1.1, content: EmptyByteBufBE)
GET /session/931e59cb09673fc83ee89d51e016103b/alert/text HTTP/1.1
User-Agent: selenium/4.8.1 (java windows)
Cache-Control: no-cache
Content-Type: application/json; charset=utf-8
host: localhost:40532
accept: */*

Response DefaultHttpResponse(decodeResult: success, version: HTTP/1.1)
HTTP/1.1 404 Not Found
Content-Length: 809
Content-Type: application/json; charset=utf-8
cache-control: no-cache

18:51:45.297 [AsyncHttpClient-1-11] DEBUG org.asynchttpclient.netty.channel.ChannelManager - Adding key: http://localhost:40532 for channel [id: 0x0dc88daa, L:/127.0.0.1:58857 - R:localhost/127.0.0.1:40532]
18:51:45.302 [Forwarding getCurrentUrl on session 931e59cb09673fc83ee89d51e016103b to remote] DEBUG org.asynchttpclient.netty.request.NettyRequestSender - Using pooled Channel '[id: 0x0dc88daa, L:/127.0.0.1:58857 - R:localhost/127.0.0.1:40532]' for 'GET' to 'http://localhost:40532/session/931e59cb09673fc83ee89d51e016103b/url'
18:51:45.302 [Forwarding getCurrentUrl on session 931e59cb09673fc83ee89d51e016103b to remote] DEBUG org.asynchttpclient.netty.request.NettyRequestSender - Using open Channel [id: 0x0dc88daa, L:/127.0.0.1:58857 - R:localhost/127.0.0.1:40532] for GET '/session/931e59cb09673fc83ee89d51e016103b/url'
18:51:45.308 [AsyncHttpClient-1-11] DEBUG org.asynchttpclient.netty.handler.HttpHandler - 

Request DefaultFullHttpRequest(decodeResult: success, version: HTTP/1.1, content: EmptyByteBufBE)
GET /session/931e59cb09673fc83ee89d51e016103b/url HTTP/1.1
User-Agent: selenium/4.8.1 (java windows)
Cache-Control: no-cache
Content-Type: application/json; charset=utf-8
host: localhost:40532
accept: */*

Response DefaultHttpResponse(decodeResult: success, version: HTTP/1.1)
HTTP/1.1 200 OK
Content-Length: 51
Content-Type: application/json; charset=utf-8
cache-control: no-cache

18:51:45.308 [AsyncHttpClient-1-11] DEBUG org.asynchttpclient.netty.channel.ChannelManager - Adding key: http://localhost:40532 for channel [id: 0x0dc88daa, L:/127.0.0.1:58857 - R:localhost/127.0.0.1:40532]
18:51:45.310 [Forwarding screenshot on session 931e59cb09673fc83ee89d51e016103b to remote] DEBUG org.asynchttpclient.netty.request.NettyRequestSender - Using pooled Channel '[id: 0x0dc88daa, L:/127.0.0.1:58857 - R:localhost/127.0.0.1:40532]' for 'GET' to 'http://localhost:40532/session/931e59cb09673fc83ee89d51e016103b/screenshot'
18:51:45.311 [Forwarding screenshot on session 931e59cb09673fc83ee89d51e016103b to remote] DEBUG org.asynchttpclient.netty.request.NettyRequestSender - Using open Channel [id: 0x0dc88daa, L:/127.0.0.1:58857 - R:localhost/127.0.0.1:40532] for GET '/session/931e59cb09673fc83ee89d51e016103b/screenshot'
18:51:45.364 [AsyncHttpClient-1-1] DEBUG org.asynchttpclient.netty.channel.DefaultChannelPool - Entry count for : http://localhost:58858 : 1
18:51:45.585 [AsyncHttpClient-1-11] DEBUG org.asynchttpclient.netty.handler.HttpHandler - 

Request DefaultFullHttpRequest(decodeResult: success, version: HTTP/1.1, content: EmptyByteBufBE)
GET /session/931e59cb09673fc83ee89d51e016103b/screenshot HTTP/1.1
User-Agent: selenium/4.8.1 (java windows)
Cache-Control: no-cache
Content-Type: application/json; charset=utf-8
host: localhost:40532
accept: */*

Response DefaultHttpResponse(decodeResult: success, version: HTTP/1.1)
HTTP/1.1 200 OK
Content-Length: 51160
Content-Type: application/json; charset=utf-8
cache-control: no-cache

18:51:45.585 [AsyncHttpClient-1-11] DEBUG org.asynchttpclient.netty.channel.ChannelManager - Adding key: http://localhost:40532 for channel [id: 0x0dc88daa, L:/127.0.0.1:58857 - R:localhost/127.0.0.1:40532]
18:51:45.589 [main] DEBUG net.serenitybdd.core.photography.Darkroom - Send negative for processing for target\site\serenity\fb381c4484fd7b75ab0b632d7d822c235cbf3e0f6bfcc265a6cbf726d2b20a60.png
18:51:45.589 [Darkroom Processing Line] DEBUG net.serenitybdd.core.photography.DarkroomProcessingLine - Processing screenshot image in /var/screenshots/screenshot-6293780348158027096
18:51:45.589 [main] DEBUG net.thucydides.core.steps.StepInterceptor - STEP DONE: ClickLoginButton
18:51:45.589 [Darkroom Processing Line] DEBUG net.serenitybdd.core.photography.DarkroomProcessingLine - Saving screenshot to target\site\serenity\fb381c4484fd7b75ab0b632d7d822c235cbf3e0f6bfcc265a6cbf726d2b20a60.png
  &amp#27;[32mAnd &amp#27;[0m&amp#27;[32mI click login button&amp#27;[0m                        &amp#27;[90m# starter.stepdefinitions.LoginSteps.clickLoginButton()&amp#27;[0m
18:51:45.608 [Forwarding getPageSource on session 931e59cb09673fc83ee89d51e016103b to remote] DEBUG org.asynchttpclient.netty.request.NettyRequestSender - Using pooled Channel '[id: 0x0dc88daa, L:/127.0.0.1:58857 - R:localhost/127.0.0.1:40532]' for 'POST' to 'http://localhost:40532/session/931e59cb09673fc83ee89d51e016103b/execute/sync'
18:51:45.608 [Forwarding getPageSource on session 931e59cb09673fc83ee89d51e016103b to remote] DEBUG org.asynchttpclient.netty.request.NettyRequestSender - Using open Channel [id: 0x0dc88daa, L:/127.0.0.1:58857 - R:localhost/127.0.0.1:40532] for POST '/session/931e59cb09673fc83ee89d51e016103b/execute/sync'
18:51:45.613 [AsyncHttpClient-1-11] DEBUG org.asynchttpclient.netty.handler.HttpHandler - 

Request DefaultHttpRequest(decodeResult: success, version: HTTP/1.1)
POST /session/931e59cb09673fc83ee89d51e016103b/execute/sync HTTP/1.1
User-Agent: selenium/4.8.1 (java windows)
Content-Length: 176
Content-Type: application/json; charset=utf-8
host: localhost:40532
accept: */*

Response DefaultHttpResponse(decodeResult: success, version: HTTP/1.1)
HTTP/1.1 200 OK
Content-Length: 22581
Content-Type: application/json; charset=utf-8
cache-control: no-cache

18:51:45.613 [AsyncHttpClient-1-11] DEBUG org.asynchttpclient.netty.channel.ChannelManager - Adding key: http://localhost:40532 for channel [id: 0x0dc88daa, L:/127.0.0.1:58857 - R:localhost/127.0.0.1:40532]
18:51:45.615 [Forwarding getCurrentUrl on session 931e59cb09673fc83ee89d51e016103b to remote] DEBUG org.asynchttpclient.netty.request.NettyRequestSender - Using pooled Channel '[id: 0x0dc88daa, L:/127.0.0.1:58857 - R:localhost/127.0.0.1:40532]' for 'GET' to 'http://localhost:40532/session/931e59cb09673fc83ee89d51e016103b/url'
18:51:45.615 [Forwarding getCurrentUrl on session 931e59cb09673fc83ee89d51e016103b to remote] DEBUG org.asynchttpclient.netty.request.NettyRequestSender - Using open Channel [id: 0x0dc88daa, L:/127.0.0.1:58857 - R:localhost/127.0.0.1:40532] for GET '/session/931e59cb09673fc83ee89d51e016103b/url'
18:51:45.622 [AsyncHttpClient-1-11] DEBUG org.asynchttpclient.netty.handler.HttpHandler - 

Request DefaultFullHttpRequest(decodeResult: success, version: HTTP/1.1, content: EmptyByteBufBE)
GET /session/931e59cb09673fc83ee89d51e016103b/url HTTP/1.1
User-Agent: selenium/4.8.1 (java windows)
Cache-Control: no-cache
Content-Type: application/json; charset=utf-8
host: localhost:40532
accept: */*

Response DefaultHttpResponse(decodeResult: success, version: HTTP/1.1)
HTTP/1.1 200 OK
Content-Length: 51
Content-Type: application/json; charset=utf-8
cache-control: no-cache

18:51:45.622 [AsyncHttpClient-1-11] DEBUG org.asynchttpclient.netty.channel.ChannelManager - Adding key: http://localhost:40532 for channel [id: 0x0dc88daa, L:/127.0.0.1:58857 - R:localhost/127.0.0.1:40532]
18:51:45.631 [Forwarding getPageSource on session 931e59cb09673fc83ee89d51e016103b to remote] DEBUG org.asynchttpclient.netty.request.NettyRequestSender - Using pooled Channel '[id: 0x0dc88daa, L:/127.0.0.1:58857 - R:localhost/127.0.0.1:40532]' for 'POST' to 'http://localhost:40532/session/931e59cb09673fc83ee89d51e016103b/execute/sync'
18:51:45.631 [Forwarding getPageSource on session 931e59cb09673fc83ee89d51e016103b to remote] DEBUG org.asynchttpclient.netty.request.NettyRequestSender - Using open Channel [id: 0x0dc88daa, L:/127.0.0.1:58857 - R:localhost/127.0.0.1:40532] for POST '/session/931e59cb09673fc83ee89d51e016103b/execute/sync'
18:51:45.639 [AsyncHttpClient-1-11] DEBUG org.asynchttpclient.netty.handler.HttpHandler - 

Request DefaultHttpRequest(decodeResult: success, version: HTTP/1.1)
POST /session/931e59cb09673fc83ee89d51e016103b/execute/sync HTTP/1.1
User-Agent: selenium/4.8.1 (java windows)
Content-Length: 176
Content-Type: application/json; charset=utf-8
host: localhost:40532
accept: */*

Response DefaultHttpResponse(decodeResult: success, version: HTTP/1.1)
HTTP/1.1 200 OK
Content-Length: 22581
Content-Type: application/json; charset=utf-8
cache-control: no-cache

18:51:45.639 [AsyncHttpClient-1-11] DEBUG org.asynchttpclient.netty.channel.ChannelManager - Adding key: http://localhost:40532 for channel [id: 0x0dc88daa, L:/127.0.0.1:58857 - R:localhost/127.0.0.1:40532]
18:51:45.641 [Forwarding getCurrentUrl on session 931e59cb09673fc83ee89d51e016103b to remote] DEBUG org.asynchttpclient.netty.request.NettyRequestSender - Using pooled Channel '[id: 0x0dc88daa, L:/127.0.0.1:58857 - R:localhost/127.0.0.1:40532]' for 'GET' to 'http://localhost:40532/session/931e59cb09673fc83ee89d51e016103b/url'
18:51:45.641 [Forwarding getCurrentUrl on session 931e59cb09673fc83ee89d51e016103b to remote] DEBUG org.asynchttpclient.netty.request.NettyRequestSender - Using open Channel [id: 0x0dc88daa, L:/127.0.0.1:58857 - R:localhost/127.0.0.1:40532] for GET '/session/931e59cb09673fc83ee89d51e016103b/url'
18:51:45.644 [AsyncHttpClient-1-11] DEBUG org.asynchttpclient.netty.handler.HttpHandler - 

Request DefaultFullHttpRequest(decodeResult: success, version: HTTP/1.1, content: EmptyByteBufBE)
GET /session/931e59cb09673fc83ee89d51e016103b/url HTTP/1.1
User-Agent: selenium/4.8.1 (java windows)
Cache-Control: no-cache
Content-Type: application/json; charset=utf-8
host: localhost:40532
accept: */*

Response DefaultHttpResponse(decodeResult: success, version: HTTP/1.1)
HTTP/1.1 200 OK
Content-Length: 51
Content-Type: application/json; charset=utf-8
cache-control: no-cache

18:51:45.644 [AsyncHttpClient-1-11] DEBUG org.asynchttpclient.netty.channel.ChannelManager - Adding key: http://localhost:40532 for channel [id: 0x0dc88daa, L:/127.0.0.1:58857 - R:localhost/127.0.0.1:40532]
18:51:45.646 [main] DEBUG net.thucydides.core.steps.StepInterceptor - STARTING STEP: LoginSteps.goToHomePage - validateOnHomePage
18:51:45.648 [Forwarding findElement on session 931e59cb09673fc83ee89d51e016103b to remote] DEBUG org.asynchttpclient.netty.request.NettyRequestSender - Using pooled Channel '[id: 0x0dc88daa, L:/127.0.0.1:58857 - R:localhost/127.0.0.1:40532]' for 'POST' to 'http://localhost:40532/session/931e59cb09673fc83ee89d51e016103b/element'
18:51:45.648 [Forwarding findElement on session 931e59cb09673fc83ee89d51e016103b to remote] DEBUG org.asynchttpclient.netty.request.NettyRequestSender - Using open Channel [id: 0x0dc88daa, L:/127.0.0.1:58857 - R:localhost/127.0.0.1:40532] for POST '/session/931e59cb09673fc83ee89d51e016103b/element'
18:51:45.660 [AsyncHttpClient-1-11] DEBUG org.asynchttpclient.netty.handler.HttpHandler - 

Request DefaultHttpRequest(decodeResult: success, version: HTTP/1.1)
POST /session/931e59cb09673fc83ee89d51e016103b/element HTTP/1.1
User-Agent: selenium/4.8.1 (java windows)
Content-Length: 79
Content-Type: application/json; charset=utf-8
host: localhost:40532
accept: */*

Response DefaultHttpResponse(decodeResult: success, version: HTTP/1.1)
HTTP/1.1 200 OK
Content-Length: 88
Content-Type: application/json; charset=utf-8
cache-control: no-cache

18:51:45.661 [AsyncHttpClient-1-11] DEBUG org.asynchttpclient.netty.channel.ChannelManager - Adding key: http://localhost:40532 for channel [id: 0x0dc88daa, L:/127.0.0.1:58857 - R:localhost/127.0.0.1:40532]
18:51:45.663 [Forwarding isElementDisplayed on session 931e59cb09673fc83ee89d51e016103b to remote] DEBUG org.asynchttpclient.netty.request.NettyRequestSender - Using pooled Channel '[id: 0x0dc88daa, L:/127.0.0.1:58857 - R:localhost/127.0.0.1:40532]' for 'POST' to 'http://localhost:40532/session/931e59cb09673fc83ee89d51e016103b/execute/sync'
18:51:45.663 [Forwarding isElementDisplayed on session 931e59cb09673fc83ee89d51e016103b to remote] DEBUG org.asynchttpclient.netty.request.NettyRequestSender - Using open Channel [id: 0x0dc88daa, L:/127.0.0.1:58857 - R:localhost/127.0.0.1:40532] for POST '/session/931e59cb09673fc83ee89d51e016103b/execute/sync'
18:51:45.677 [AsyncHttpClient-1-11] DEBUG org.asynchttpclient.netty.handler.HttpHandler - 

Request DefaultHttpRequest(decodeResult: success, version: HTTP/1.1)
POST /session/931e59cb09673fc83ee89d51e016103b/execute/sync HTTP/1.1
User-Agent: selenium/4.8.1 (java windows)
Content-Length: 48807
Content-Type: application/json; charset=utf-8
host: localhost:40532
accept: */*

Response DefaultHttpResponse(decodeResult: success, version: HTTP/1.1)
HTTP/1.1 200 OK
Content-Length: 14
Content-Type: application/json; charset=utf-8
cache-control: no-cache

18:51:45.677 [AsyncHttpClient-1-11] DEBUG org.asynchttpclient.netty.channel.ChannelManager - Adding key: http://localhost:40532 for channel [id: 0x0dc88daa, L:/127.0.0.1:58857 - R:localhost/127.0.0.1:40532]
18:51:45.681 [Forwarding getAlertText on session 931e59cb09673fc83ee89d51e016103b to remote] DEBUG org.asynchttpclient.netty.request.NettyRequestSender - Using pooled Channel '[id: 0x0dc88daa, L:/127.0.0.1:58857 - R:localhost/127.0.0.1:40532]' for 'GET' to 'http://localhost:40532/session/931e59cb09673fc83ee89d51e016103b/alert/text'
18:51:45.681 [Forwarding getAlertText on session 931e59cb09673fc83ee89d51e016103b to remote] DEBUG org.asynchttpclient.netty.request.NettyRequestSender - Using open Channel [id: 0x0dc88daa, L:/127.0.0.1:58857 - R:localhost/127.0.0.1:40532] for GET '/session/931e59cb09673fc83ee89d51e016103b/alert/text'
18:51:45.685 [AsyncHttpClient-1-11] DEBUG org.asynchttpclient.netty.handler.HttpHandler - 

Request DefaultFullHttpRequest(decodeResult: success, version: HTTP/1.1, content: EmptyByteBufBE)
GET /session/931e59cb09673fc83ee89d51e016103b/alert/text HTTP/1.1
User-Agent: selenium/4.8.1 (java windows)
Cache-Control: no-cache
Content-Type: application/json; charset=utf-8
host: localhost:40532
accept: */*

Response DefaultHttpResponse(decodeResult: success, version: HTTP/1.1)
HTTP/1.1 404 Not Found
Content-Length: 809
Content-Type: application/json; charset=utf-8
cache-control: no-cache

18:51:45.685 [AsyncHttpClient-1-11] DEBUG org.asynchttpclient.netty.channel.ChannelManager - Adding key: http://localhost:40532 for channel [id: 0x0dc88daa, L:/127.0.0.1:58857 - R:localhost/127.0.0.1:40532]
18:51:45.687 [Forwarding getCurrentUrl on session 931e59cb09673fc83ee89d51e016103b to remote] DEBUG org.asynchttpclient.netty.request.NettyRequestSender - Using pooled Channel '[id: 0x0dc88daa, L:/127.0.0.1:58857 - R:localhost/127.0.0.1:40532]' for 'GET' to 'http://localhost:40532/session/931e59cb09673fc83ee89d51e016103b/url'
18:51:45.687 [Forwarding getCurrentUrl on session 931e59cb09673fc83ee89d51e016103b to remote] DEBUG org.asynchttpclient.netty.request.NettyRequestSender - Using open Channel [id: 0x0dc88daa, L:/127.0.0.1:58857 - R:localhost/127.0.0.1:40532] for GET '/session/931e59cb09673fc83ee89d51e016103b/url'
18:51:45.691 [AsyncHttpClient-1-11] DEBUG org.asynchttpclient.netty.handler.HttpHandler - 

Request DefaultFullHttpRequest(decodeResult: success, version: HTTP/1.1, content: EmptyByteBufBE)
GET /session/931e59cb09673fc83ee89d51e016103b/url HTTP/1.1
User-Agent: selenium/4.8.1 (java windows)
Cache-Control: no-cache
Content-Type: application/json; charset=utf-8
host: localhost:40532
accept: */*

Response DefaultHttpResponse(decodeResult: success, version: HTTP/1.1)
HTTP/1.1 200 OK
Content-Length: 51
Content-Type: application/json; charset=utf-8
cache-control: no-cache

18:51:45.691 [AsyncHttpClient-1-11] DEBUG org.asynchttpclient.netty.channel.ChannelManager - Adding key: http://localhost:40532 for channel [id: 0x0dc88daa, L:/127.0.0.1:58857 - R:localhost/127.0.0.1:40532]
18:51:45.692 [Forwarding screenshot on session 931e59cb09673fc83ee89d51e016103b to remote] DEBUG org.asynchttpclient.netty.request.NettyRequestSender - Using pooled Channel '[id: 0x0dc88daa, L:/127.0.0.1:58857 - R:localhost/127.0.0.1:40532]' for 'GET' to 'http://localhost:40532/session/931e59cb09673fc83ee89d51e016103b/screenshot'
18:51:45.692 [Forwarding screenshot on session 931e59cb09673fc83ee89d51e016103b to remote] DEBUG org.asynchttpclient.netty.request.NettyRequestSender - Using open Channel [id: 0x0dc88daa, L:/127.0.0.1:58857 - R:localhost/127.0.0.1:40532] for GET '/session/931e59cb09673fc83ee89d51e016103b/screenshot'
18:51:45.873 [AsyncHttpClient-1-11] DEBUG org.asynchttpclient.netty.handler.HttpHandler - 

Request DefaultFullHttpRequest(decodeResult: success, version: HTTP/1.1, content: EmptyByteBufBE)
GET /session/931e59cb09673fc83ee89d51e016103b/screenshot HTTP/1.1
User-Agent: selenium/4.8.1 (java windows)
Cache-Control: no-cache
Content-Type: application/json; charset=utf-8
host: localhost:40532
accept: */*

Response DefaultHttpResponse(decodeResult: success, version: HTTP/1.1)
HTTP/1.1 200 OK
Content-Length: 61160
Content-Type: application/json; charset=utf-8
cache-control: no-cache

18:51:45.873 [AsyncHttpClient-1-11] DEBUG org.asynchttpclient.netty.channel.ChannelManager - Adding key: http://localhost:40532 for channel [id: 0x0dc88daa, L:/127.0.0.1:58857 - R:localhost/127.0.0.1:40532]
18:51:45.877 [main] DEBUG net.serenitybdd.core.photography.Darkroom - Send negative for processing for target\site\serenity\60a273655da6bc95082a114f2810364d53e92c4e671a5c7f4a9a594e25f1133c.png
18:51:45.877 [main] DEBUG net.thucydides.core.steps.StepInterceptor - STEP DONE: validateOnHomePage
  &amp#27;[32mThen &amp#27;[0m&amp#27;[32mI am on the home page&amp#27;[0m                      &amp#27;[90m# starter.stepdefinitions.LoginSteps.goToHomePage()&amp#27;[0m
18:51:45.877 [Darkroom Processing Line] DEBUG net.serenitybdd.core.photography.DarkroomProcessingLine - Processing screenshot image in /var/screenshots/screenshot-2431848783683841069
18:51:45.877 [Darkroom Processing Line] DEBUG net.serenitybdd.core.photography.DarkroomProcessingLine - Saving screenshot to target\site\serenity\60a273655da6bc95082a114f2810364d53e92c4e671a5c7f4a9a594e25f1133c.png
18:51:45.884 [main] INFO  - 
  _____   ___   ___   _____     ___     _     ___   ___   ___   ___  
 |_   _| | __| / __| |_   _|   | _ \   /_\   / __| / __| | __| |   \ 
   | |   | _|  \__ \   | |     |  _/  / _ \  \__ \ \__ \ | _|  | |) |
   |_|   |___| |___/   |_|     |_|   /_/ \_\ |___/ |___/ |___| |___/ 

As user i have be able to success login
----------------------------------------------------------------------
18:51:45.886 [AsyncHttpClient-1-13] DEBUG org.asynchttpclient.netty.handler.WebSocketHandler - Channel Closed: [id: 0x81225c8a, L:/127.0.0.1:58865 ! R:localhost/127.0.0.1:58858] with attribute NettyResponseFuture{currentRetry=0,
	isDone=1,
	isCancelled=0,
	asyncHandler=org.asynchttpclient.ws.WebSocketUpgradeHandler@6d525cf9,
	nettyRequest=org.asynchttpclient.netty.request.NettyRequest@2850cf37,
	future=java.util.concurrent.CompletableFuture@1e70b3cb[Completed normally],
	uri=ws://localhost:58858/devtools/browser/a48a8c52-8074-41bd-897f-fce18a46e70f,
	keepAlive=true,
	redirectCount=0,
	timeoutsHolder=null,
	inAuth=0,
	touch=1683546703010}
18:51:45.886 [AsyncHttpClient-1-13] DEBUG org.asynchttpclient.netty.channel.ChannelManager - Closing Channel [id: 0x81225c8a, L:/127.0.0.1:58865 ! R:localhost/127.0.0.1:58858] 
18:51:45.886 [Driver Command Executor] DEBUG org.asynchttpclient.netty.request.NettyRequestSender - Using pooled Channel '[id: 0x0dc88daa, L:/127.0.0.1:58857 - R:localhost/127.0.0.1:40532]' for 'DELETE' to 'http://localhost:40532/session/931e59cb09673fc83ee89d51e016103b'
18:51:45.886 [Driver Command Executor] DEBUG org.asynchttpclient.netty.request.NettyRequestSender - Using open Channel [id: 0x0dc88daa, L:/127.0.0.1:58857 - R:localhost/127.0.0.1:40532] for DELETE '/session/931e59cb09673fc83ee89d51e016103b'
18:51:46.273 [AsyncHttpClient-1-12] DEBUG org.asynchttpclient.netty.handler.HttpHandler - Unexpected I/O exception on channel [id: 0x84135a13, L:/127.0.0.1:58864 - R:localhost/127.0.0.1:58858]
java.net.SocketException: Connection reset
	at java.base/sun.nio.ch.SocketChannelImpl.throwConnectionReset(SocketChannelImpl.java:394)
	at java.base/sun.nio.ch.SocketChannelImpl.read(SocketChannelImpl.java:426)
	at io.netty.buffer.PooledByteBuf.setBytes(PooledByteBuf.java:259)
	at io.netty.buffer.AbstractByteBuf.writeBytes(AbstractByteBuf.java:1132)
	at io.netty.channel.socket.nio.NioSocketChannel.doReadBytes(NioSocketChannel.java:357)
	at io.netty.channel.nio.AbstractNioByteChannel$NioByteUnsafe.read(AbstractNioByteChannel.java:151)
	at io.netty.channel.nio.NioEventLoop.processSelectedKey(NioEventLoop.java:788)
	at io.netty.channel.nio.NioEventLoop.processSelectedKeysOptimized(NioEventLoop.java:724)
	at io.netty.channel.nio.NioEventLoop.processSelectedKeys(NioEventLoop.java:650)
	at io.netty.channel.nio.NioEventLoop.run(NioEventLoop.java:562)
	at io.netty.util.concurrent.SingleThreadEventExecutor$4.run(SingleThreadEventExecutor.java:997)
	at io.netty.util.internal.ThreadExecutorMap$2.run(ThreadExecutorMap.java:74)
	at io.netty.util.concurrent.FastThreadLocalRunnable.run(FastThreadLocalRunnable.java:30)
	at java.base/java.lang.Thread.run(Thread.java:833)
18:51:46.273 [AsyncHttpClient-1-12] DEBUG org.asynchttpclient.netty.channel.ChannelManager - Closing Channel [id: 0x84135a13, L:/127.0.0.1:58864 - R:localhost/127.0.0.1:58858] 
18:51:46.274 [AsyncHttpClient-1-12] DEBUG org.asynchttpclient.netty.handler.HttpHandler - Channel Closed: [id: 0x84135a13, L:/127.0.0.1:58864 ! R:localhost/127.0.0.1:58858] with attribute DISCARD
18:51:46.333 [AsyncHttpClient-1-11] DEBUG org.asynchttpclient.netty.handler.HttpHandler - 

Request DefaultFullHttpRequest(decodeResult: success, version: HTTP/1.1, content: EmptyByteBufBE)
DELETE /session/931e59cb09673fc83ee89d51e016103b HTTP/1.1
User-Agent: selenium/4.8.1 (java windows)
Content-Type: application/json; charset=utf-8
host: localhost:40532
accept: */*

Response DefaultHttpResponse(decodeResult: success, version: HTTP/1.1)
HTTP/1.1 200 OK
Content-Length: 14
Content-Type: application/json; charset=utf-8
cache-control: no-cache

18:51:46.334 [AsyncHttpClient-1-11] DEBUG org.asynchttpclient.netty.channel.ChannelManager - Adding key: http://localhost:40532 for channel [id: 0x0dc88daa, L:/127.0.0.1:58857 - R:localhost/127.0.0.1:40532]
18:51:46.406 [AsyncHttpClient-1-11] DEBUG org.asynchttpclient.netty.handler.HttpHandler - Channel Closed: [id: 0x0dc88daa, L:/127.0.0.1:58857 ! R:localhost/127.0.0.1:40532] with attribute DISCARD
]]></system-out>
    <system-err><![CDATA[Starting ChromeDriver 111.0.5563.64 (c710e93d5b63b7095afe8c2c17df34408078439d-refs/branch-heads/5563@{#995}) on port 40532
Only local connections are allowed.
Please see https://chromedriver.chromium.org/security-considerations for suggestions on keeping ChromeDriver safe.
ChromeDriver was started successfully.
[1683546702.868][WARNING]: This version of ChromeDriver has not been tested with Chrome version 112.
May 08, 2023 6:51:43 PM org.openqa.selenium.devtools.CdpVersionFinder findNearestMatch
WARNING: Unable to find an exact match for CDP version 112, so returning the closest version found: 110
]]></system-err>
  </testcase>
  <testcase name="As user i have be able to failed login with account unregistered" classname="Login" time="5.442">
    <system-out><![CDATA[
Scenario: As user i have be able to failed login with account unregistered &amp#27;[90m# src/test/resources/features/login.feature:14&amp#27;[0m
18:51:46.457 [main] DEBUG io.cucumber.core.plugin.SerenityReporter - Running feature from file:///D:/alta/MiniProject/src/test/resources/features/login.feature
18:51:46.460 [main] INFO  - 
  _____   ___   ___   _____     ___   _____     _     ___   _____   ___   ___  
 |_   _| | __| / __| |_   _|   / __| |_   _|   /_\   | _ \ |_   _| | __| |   \ 
   | |   | _|  \__ \   | |     \__ \   | |    / _ \  |   /   | |   | _|  | |) |
   |_|   |___| |___/   |_|     |___/   |_|   /_/ \_\ |_|_\   |_|   |___| |___/ 

As user i have be able to failed login with account unregistered(login;as-user-i-have-be-able-to-failed-login-with-account-unregistered)
--------------------------------------------------------------------------------
18:51:46.463 [AsyncHttpClient-1-1] DEBUG org.asynchttpclient.netty.channel.DefaultChannelPool - Entry count for : http://localhost:58858 : 1
18:51:46.463 [AsyncHttpClient-1-1] DEBUG org.asynchttpclient.netty.channel.DefaultChannelPool - Entry count for : http://localhost:40532 : 1
18:51:46.463 [AsyncHttpClient-1-1] DEBUG org.asynchttpclient.netty.channel.DefaultChannelPool - Adding Candidate expired Channel [id: 0x84135a13, L:/127.0.0.1:58864 ! R:localhost/127.0.0.1:58858] isIdleTimeoutExpired=false isRemotelyClosed=true isTtlExpired=false
18:51:46.463 [AsyncHttpClient-1-1] DEBUG org.asynchttpclient.netty.channel.DefaultChannelPool - Closing Idle Channel [id: 0x84135a13, L:/127.0.0.1:58864 ! R:localhost/127.0.0.1:58858]
18:51:46.463 [AsyncHttpClient-1-1] DEBUG org.asynchttpclient.netty.channel.DefaultChannelPool - Adding Candidate expired Channel [id: 0x0dc88daa, L:/127.0.0.1:58857 ! R:localhost/127.0.0.1:40532] isIdleTimeoutExpired=false isRemotelyClosed=true isTtlExpired=false
18:51:46.463 [AsyncHttpClient-1-1] DEBUG org.asynchttpclient.netty.channel.DefaultChannelPool - Closing Idle Channel [id: 0x0dc88daa, L:/127.0.0.1:58857 ! R:localhost/127.0.0.1:40532]
18:51:46.463 [AsyncHttpClient-1-1] DEBUG org.asynchttpclient.netty.channel.DefaultChannelPool - Closed 2 connections out of 2 in 0 ms
18:51:46.552 [main] INFO net.serenitybdd.core.webdriver.driverproviders.ChromeDriverProvider - Starting Chrome driver instance with capabilities:
18:51:46.552 [main] INFO net.serenitybdd.core.webdriver.driverproviders.ChromeDriverProvider - Capabilities {acceptInsecureCerts: false, browserName: chrome, goog:chromeOptions: {args: [remote-allow-origins=*], extensions: []}}
18:51:46.675 [AsyncHttpClient-1-14] DEBUG org.asynchttpclient.netty.channel.NettyConnectListener - Using new Channel '[id: 0xadff20cf, L:/127.0.0.1:58887 - R:localhost/127.0.0.1:29874]' for 'POST' to '/session'
18:51:47.502 [AsyncHttpClient-1-14] DEBUG org.asynchttpclient.netty.handler.HttpHandler - 

Request DefaultHttpRequest(decodeResult: success, version: HTTP/1.1)
POST /session HTTP/1.1
User-Agent: selenium/4.8.1 (java windows)
Content-Length: 507
Content-Type: application/json; charset=utf-8
host: localhost:29874
accept: */*

Response DefaultHttpResponse(decodeResult: success, version: HTTP/1.1)
HTTP/1.1 200 OK
Content-Length: 862
Content-Type: application/json; charset=utf-8
cache-control: no-cache

18:51:47.503 [AsyncHttpClient-1-14] DEBUG org.asynchttpclient.netty.channel.ChannelManager - Adding key: http://localhost:29874 for channel [id: 0xadff20cf, L:/127.0.0.1:58887 - R:localhost/127.0.0.1:29874]
18:51:47.512 [AsyncHttpClient-1-15] DEBUG org.asynchttpclient.netty.channel.NettyConnectListener - Using new Channel '[id: 0x7c7bb8ec, L:/127.0.0.1:58895 - R:localhost/127.0.0.1:58888]' for 'GET' to '/json/version'
18:51:47.515 [AsyncHttpClient-1-15] DEBUG org.asynchttpclient.netty.handler.HttpHandler - 

Request DefaultFullHttpRequest(decodeResult: success, version: HTTP/1.1, content: EmptyByteBufBE)
GET /json/version HTTP/1.1
User-Agent: selenium/4.8.1 (java windows)
host: localhost:58888
accept: */*

Response DefaultHttpResponse(decodeResult: success, version: HTTP/1.1)
HTTP/1.1 200 OK
Content-Security-Policy: frame-ancestors 'none'
Content-Length: 424
Content-Type: application/json; charset=UTF-8

18:51:47.516 [AsyncHttpClient-1-15] DEBUG org.asynchttpclient.netty.channel.ChannelManager - Adding key: http://localhost:58888 for channel [id: 0x7c7bb8ec, L:/127.0.0.1:58895 - R:localhost/127.0.0.1:58888]
18:51:47.520 [AsyncHttpClient-1-16] DEBUG org.asynchttpclient.netty.channel.NettyConnectListener - Using new Channel '[id: 0x81c6b1d8, L:/127.0.0.1:58896 - R:localhost/127.0.0.1:58888]' for 'GET' to '/devtools/browser/8bc2c19a-0928-4eba-aae2-a12042d1f172'
18:51:47.524 [AsyncHttpClient-1-16] DEBUG org.asynchttpclient.netty.handler.WebSocketHandler - 

Request DefaultFullHttpRequest(decodeResult: success, version: HTTP/1.1, content: EmptyByteBufBE)
GET /devtools/browser/8bc2c19a-0928-4eba-aae2-a12042d1f172 HTTP/1.1
upgrade: websocket
connection: upgrade
sec-websocket-key: +msH3zkEbs/84/j8lJ4Spw==
sec-websocket-version: 13
origin: http://localhost:58888
host: localhost:58888
accept: */*
user-agent: AHC/2.1

Response DefaultHttpResponse(decodeResult: success, version: HTTP/1.1)
HTTP/1.1 101 WebSocket Protocol Handshake
Upgrade: WebSocket
Connection: Upgrade
Sec-WebSocket-Accept: BDnrdPuWU3Ttm3CQhscPEygSjGs=

18:51:47.529 [Forwarding get on session 091e13a9871ad83c6054bfb3433afc96 to remote] DEBUG org.asynchttpclient.netty.request.NettyRequestSender - Using pooled Channel '[id: 0xadff20cf, L:/127.0.0.1:58887 - R:localhost/127.0.0.1:29874]' for 'POST' to 'http://localhost:29874/session/091e13a9871ad83c6054bfb3433afc96/url'
18:51:47.530 [Forwarding get on session 091e13a9871ad83c6054bfb3433afc96 to remote] DEBUG org.asynchttpclient.netty.request.NettyRequestSender - Using open Channel [id: 0xadff20cf, L:/127.0.0.1:58887 - R:localhost/127.0.0.1:29874] for POST '/session/091e13a9871ad83c6054bfb3433afc96/url'
18:51:47.568 [AsyncHttpClient-1-1] DEBUG org.asynchttpclient.netty.channel.DefaultChannelPool - Entry count for : http://localhost:58888 : 1
18:51:48.662 [AsyncHttpClient-1-1] DEBUG org.asynchttpclient.netty.channel.DefaultChannelPool - Entry count for : http://localhost:58888 : 1
18:51:48.914 [AsyncHttpClient-1-14] DEBUG org.asynchttpclient.netty.handler.HttpHandler - 

Request DefaultHttpRequest(decodeResult: success, version: HTTP/1.1)
POST /session/091e13a9871ad83c6054bfb3433afc96/url HTTP/1.1
User-Agent: selenium/4.8.1 (java windows)
Content-Length: 74
Content-Type: application/json; charset=utf-8
host: localhost:29874
accept: */*

Response DefaultHttpResponse(decodeResult: success, version: HTTP/1.1)
HTTP/1.1 200 OK
Content-Length: 14
Content-Type: application/json; charset=utf-8
cache-control: no-cache

18:51:48.914 [AsyncHttpClient-1-14] DEBUG org.asynchttpclient.netty.channel.ChannelManager - Adding key: http://localhost:29874 for channel [id: 0xadff20cf, L:/127.0.0.1:58887 - R:localhost/127.0.0.1:29874]
18:51:48.918 [Forwarding setTimeout on session 091e13a9871ad83c6054bfb3433afc96 to remote] DEBUG org.asynchttpclient.netty.request.NettyRequestSender - Using pooled Channel '[id: 0xadff20cf, L:/127.0.0.1:58887 - R:localhost/127.0.0.1:29874]' for 'POST' to 'http://localhost:29874/session/091e13a9871ad83c6054bfb3433afc96/timeouts'
18:51:48.918 [Forwarding setTimeout on session 091e13a9871ad83c6054bfb3433afc96 to remote] DEBUG org.asynchttpclient.netty.request.NettyRequestSender - Using open Channel [id: 0xadff20cf, L:/127.0.0.1:58887 - R:localhost/127.0.0.1:29874] for POST '/session/091e13a9871ad83c6054bfb3433afc96/timeouts'
18:51:48.921 [AsyncHttpClient-1-14] DEBUG org.asynchttpclient.netty.handler.HttpHandler - 

Request DefaultHttpRequest(decodeResult: success, version: HTTP/1.1)
POST /session/091e13a9871ad83c6054bfb3433afc96/timeouts HTTP/1.1
User-Agent: selenium/4.8.1 (java windows)
Content-Length: 22
Content-Type: application/json; charset=utf-8
host: localhost:29874
accept: */*

Response DefaultHttpResponse(decodeResult: success, version: HTTP/1.1)
HTTP/1.1 200 OK
Content-Length: 14
Content-Type: application/json; charset=utf-8
cache-control: no-cache

18:51:48.921 [AsyncHttpClient-1-14] DEBUG org.asynchttpclient.netty.channel.ChannelManager - Adding key: http://localhost:29874 for channel [id: 0xadff20cf, L:/127.0.0.1:58887 - R:localhost/127.0.0.1:29874]
18:51:48.935 [Forwarding getAlertText on session 091e13a9871ad83c6054bfb3433afc96 to remote] DEBUG org.asynchttpclient.netty.request.NettyRequestSender - Using pooled Channel '[id: 0xadff20cf, L:/127.0.0.1:58887 - R:localhost/127.0.0.1:29874]' for 'GET' to 'http://localhost:29874/session/091e13a9871ad83c6054bfb3433afc96/alert/text'
18:51:48.935 [Forwarding getAlertText on session 091e13a9871ad83c6054bfb3433afc96 to remote] DEBUG org.asynchttpclient.netty.request.NettyRequestSender - Using open Channel [id: 0xadff20cf, L:/127.0.0.1:58887 - R:localhost/127.0.0.1:29874] for GET '/session/091e13a9871ad83c6054bfb3433afc96/alert/text'
18:51:48.937 [AsyncHttpClient-1-14] DEBUG org.asynchttpclient.netty.handler.HttpHandler - 

Request DefaultFullHttpRequest(decodeResult: success, version: HTTP/1.1, content: EmptyByteBufBE)
GET /session/091e13a9871ad83c6054bfb3433afc96/alert/text HTTP/1.1
User-Agent: selenium/4.8.1 (java windows)
Cache-Control: no-cache
Content-Type: application/json; charset=utf-8
host: localhost:29874
accept: */*

Response DefaultHttpResponse(decodeResult: success, version: HTTP/1.1)
HTTP/1.1 404 Not Found
Content-Length: 809
Content-Type: application/json; charset=utf-8
cache-control: no-cache

18:51:48.937 [AsyncHttpClient-1-14] DEBUG org.asynchttpclient.netty.channel.ChannelManager - Adding key: http://localhost:29874 for channel [id: 0xadff20cf, L:/127.0.0.1:58887 - R:localhost/127.0.0.1:29874]
18:51:48.939 [Forwarding getCurrentUrl on session 091e13a9871ad83c6054bfb3433afc96 to remote] DEBUG org.asynchttpclient.netty.request.NettyRequestSender - Using pooled Channel '[id: 0xadff20cf, L:/127.0.0.1:58887 - R:localhost/127.0.0.1:29874]' for 'GET' to 'http://localhost:29874/session/091e13a9871ad83c6054bfb3433afc96/url'
18:51:48.939 [Forwarding getCurrentUrl on session 091e13a9871ad83c6054bfb3433afc96 to remote] DEBUG org.asynchttpclient.netty.request.NettyRequestSender - Using open Channel [id: 0xadff20cf, L:/127.0.0.1:58887 - R:localhost/127.0.0.1:29874] for GET '/session/091e13a9871ad83c6054bfb3433afc96/url'
18:51:48.945 [AsyncHttpClient-1-14] DEBUG org.asynchttpclient.netty.handler.HttpHandler - 

Request DefaultFullHttpRequest(decodeResult: success, version: HTTP/1.1, content: EmptyByteBufBE)
GET /session/091e13a9871ad83c6054bfb3433afc96/url HTTP/1.1
User-Agent: selenium/4.8.1 (java windows)
Cache-Control: no-cache
Content-Type: application/json; charset=utf-8
host: localhost:29874
accept: */*

Response DefaultHttpResponse(decodeResult: success, version: HTTP/1.1)
HTTP/1.1 200 OK
Content-Length: 51
Content-Type: application/json; charset=utf-8
cache-control: no-cache

18:51:48.945 [AsyncHttpClient-1-14] DEBUG org.asynchttpclient.netty.channel.ChannelManager - Adding key: http://localhost:29874 for channel [id: 0xadff20cf, L:/127.0.0.1:58887 - R:localhost/127.0.0.1:29874]
18:51:48.946 [Forwarding screenshot on session 091e13a9871ad83c6054bfb3433afc96 to remote] DEBUG org.asynchttpclient.netty.request.NettyRequestSender - Using pooled Channel '[id: 0xadff20cf, L:/127.0.0.1:58887 - R:localhost/127.0.0.1:29874]' for 'GET' to 'http://localhost:29874/session/091e13a9871ad83c6054bfb3433afc96/screenshot'
18:51:48.946 [Forwarding screenshot on session 091e13a9871ad83c6054bfb3433afc96 to remote] DEBUG org.asynchttpclient.netty.request.NettyRequestSender - Using open Channel [id: 0xadff20cf, L:/127.0.0.1:58887 - R:localhost/127.0.0.1:29874] for GET '/session/091e13a9871ad83c6054bfb3433afc96/screenshot'
18:51:49.124 [AsyncHttpClient-1-14] DEBUG org.asynchttpclient.netty.handler.HttpHandler - 

Request DefaultFullHttpRequest(decodeResult: success, version: HTTP/1.1, content: EmptyByteBufBE)
GET /session/091e13a9871ad83c6054bfb3433afc96/screenshot HTTP/1.1
User-Agent: selenium/4.8.1 (java windows)
Cache-Control: no-cache
Content-Type: application/json; charset=utf-8
host: localhost:29874
accept: */*

Response DefaultHttpResponse(decodeResult: success, version: HTTP/1.1)
HTTP/1.1 200 OK
Content-Length: 37716
Content-Type: application/json; charset=utf-8
cache-control: no-cache

18:51:49.125 [AsyncHttpClient-1-14] DEBUG org.asynchttpclient.netty.channel.ChannelManager - Adding key: http://localhost:29874 for channel [id: 0xadff20cf, L:/127.0.0.1:58887 - R:localhost/127.0.0.1:29874]
18:51:49.129 [main] DEBUG net.serenitybdd.core.photography.Darkroom - Send negative for processing for target\site\serenity\33332457f5fcf49f454ccd10d3fe1f87607ab26fa20055fdbcc9b0598dc64b75.png
18:51:49.131 [Forwarding getPageSource on session 091e13a9871ad83c6054bfb3433afc96 to remote] DEBUG org.asynchttpclient.netty.request.NettyRequestSender - Using pooled Channel '[id: 0xadff20cf, L:/127.0.0.1:58887 - R:localhost/127.0.0.1:29874]' for 'POST' to 'http://localhost:29874/session/091e13a9871ad83c6054bfb3433afc96/execute/sync'
18:51:49.131 [Forwarding getPageSource on session 091e13a9871ad83c6054bfb3433afc96 to remote] DEBUG org.asynchttpclient.netty.request.NettyRequestSender - Using open Channel [id: 0xadff20cf, L:/127.0.0.1:58887 - R:localhost/127.0.0.1:29874] for POST '/session/091e13a9871ad83c6054bfb3433afc96/execute/sync'
18:51:49.138 [AsyncHttpClient-1-14] DEBUG org.asynchttpclient.netty.handler.HttpHandler - 

Request DefaultHttpRequest(decodeResult: success, version: HTTP/1.1)
POST /session/091e13a9871ad83c6054bfb3433afc96/execute/sync HTTP/1.1
User-Agent: selenium/4.8.1 (java windows)
Content-Length: 176
Content-Type: application/json; charset=utf-8
host: localhost:29874
accept: */*

Response DefaultHttpResponse(decodeResult: success, version: HTTP/1.1)
HTTP/1.1 200 OK
Content-Length: 21659
Content-Type: application/json; charset=utf-8
cache-control: no-cache

18:51:49.138 [AsyncHttpClient-1-14] DEBUG org.asynchttpclient.netty.channel.ChannelManager - Adding key: http://localhost:29874 for channel [id: 0xadff20cf, L:/127.0.0.1:58887 - R:localhost/127.0.0.1:29874]
18:51:49.141 [Forwarding getCurrentUrl on session 091e13a9871ad83c6054bfb3433afc96 to remote] DEBUG org.asynchttpclient.netty.request.NettyRequestSender - Using pooled Channel '[id: 0xadff20cf, L:/127.0.0.1:58887 - R:localhost/127.0.0.1:29874]' for 'GET' to 'http://localhost:29874/session/091e13a9871ad83c6054bfb3433afc96/url'
18:51:49.141 [Forwarding getCurrentUrl on session 091e13a9871ad83c6054bfb3433afc96 to remote] DEBUG org.asynchttpclient.netty.request.NettyRequestSender - Using open Channel [id: 0xadff20cf, L:/127.0.0.1:58887 - R:localhost/127.0.0.1:29874] for GET '/session/091e13a9871ad83c6054bfb3433afc96/url'
18:51:49.145 [AsyncHttpClient-1-14] DEBUG org.asynchttpclient.netty.handler.HttpHandler - 

Request DefaultFullHttpRequest(decodeResult: success, version: HTTP/1.1, content: EmptyByteBufBE)
GET /session/091e13a9871ad83c6054bfb3433afc96/url HTTP/1.1
User-Agent: selenium/4.8.1 (java windows)
Cache-Control: no-cache
Content-Type: application/json; charset=utf-8
host: localhost:29874
accept: */*

Response DefaultHttpResponse(decodeResult: success, version: HTTP/1.1)
HTTP/1.1 200 OK
Content-Length: 51
Content-Type: application/json; charset=utf-8
cache-control: no-cache

18:51:49.146 [AsyncHttpClient-1-14] DEBUG org.asynchttpclient.netty.channel.ChannelManager - Adding key: http://localhost:29874 for channel [id: 0xadff20cf, L:/127.0.0.1:58887 - R:localhost/127.0.0.1:29874]
18:51:49.149 [main] DEBUG net.thucydides.core.steps.StepInterceptor - STARTING STEP: LoginSteps.onLoginPage - validateOnLoginPage
18:51:49.152 [Forwarding findElement on session 091e13a9871ad83c6054bfb3433afc96 to remote] DEBUG org.asynchttpclient.netty.request.NettyRequestSender - Using pooled Channel '[id: 0xadff20cf, L:/127.0.0.1:58887 - R:localhost/127.0.0.1:29874]' for 'POST' to 'http://localhost:29874/session/091e13a9871ad83c6054bfb3433afc96/element'
18:51:49.152 [Forwarding findElement on session 091e13a9871ad83c6054bfb3433afc96 to remote] DEBUG org.asynchttpclient.netty.request.NettyRequestSender - Using open Channel [id: 0xadff20cf, L:/127.0.0.1:58887 - R:localhost/127.0.0.1:29874] for POST '/session/091e13a9871ad83c6054bfb3433afc96/element'
18:51:49.168 [AsyncHttpClient-1-14] DEBUG org.asynchttpclient.netty.handler.HttpHandler - 

Request DefaultHttpRequest(decodeResult: success, version: HTTP/1.1)
POST /session/091e13a9871ad83c6054bfb3433afc96/element HTTP/1.1
User-Agent: selenium/4.8.1 (java windows)
Content-Length: 141
Content-Type: application/json; charset=utf-8
host: localhost:29874
accept: */*

Response DefaultHttpResponse(decodeResult: success, version: HTTP/1.1)
HTTP/1.1 200 OK
Content-Length: 88
Content-Type: application/json; charset=utf-8
cache-control: no-cache

18:51:49.168 [AsyncHttpClient-1-14] DEBUG org.asynchttpclient.netty.channel.ChannelManager - Adding key: http://localhost:29874 for channel [id: 0xadff20cf, L:/127.0.0.1:58887 - R:localhost/127.0.0.1:29874]
18:51:49.172 [Forwarding isElementDisplayed on session 091e13a9871ad83c6054bfb3433afc96 to remote] DEBUG org.asynchttpclient.netty.request.NettyRequestSender - Using pooled Channel '[id: 0xadff20cf, L:/127.0.0.1:58887 - R:localhost/127.0.0.1:29874]' for 'POST' to 'http://localhost:29874/session/091e13a9871ad83c6054bfb3433afc96/execute/sync'
18:51:49.172 [Forwarding isElementDisplayed on session 091e13a9871ad83c6054bfb3433afc96 to remote] DEBUG org.asynchttpclient.netty.request.NettyRequestSender - Using open Channel [id: 0xadff20cf, L:/127.0.0.1:58887 - R:localhost/127.0.0.1:29874] for POST '/session/091e13a9871ad83c6054bfb3433afc96/execute/sync'
18:51:49.190 [AsyncHttpClient-1-14] DEBUG org.asynchttpclient.netty.handler.HttpHandler - 

Request DefaultHttpRequest(decodeResult: success, version: HTTP/1.1)
POST /session/091e13a9871ad83c6054bfb3433afc96/execute/sync HTTP/1.1
User-Agent: selenium/4.8.1 (java windows)
Content-Length: 48807
Content-Type: application/json; charset=utf-8
host: localhost:29874
accept: */*

Response DefaultHttpResponse(decodeResult: success, version: HTTP/1.1)
HTTP/1.1 200 OK
Content-Length: 14
Content-Type: application/json; charset=utf-8
cache-control: no-cache

18:51:49.190 [AsyncHttpClient-1-14] DEBUG org.asynchttpclient.netty.channel.ChannelManager - Adding key: http://localhost:29874 for channel [id: 0xadff20cf, L:/127.0.0.1:58887 - R:localhost/127.0.0.1:29874]
18:51:49.197 [Forwarding getAlertText on session 091e13a9871ad83c6054bfb3433afc96 to remote] DEBUG org.asynchttpclient.netty.request.NettyRequestSender - Using pooled Channel '[id: 0xadff20cf, L:/127.0.0.1:58887 - R:localhost/127.0.0.1:29874]' for 'GET' to 'http://localhost:29874/session/091e13a9871ad83c6054bfb3433afc96/alert/text'
18:51:49.197 [Forwarding getAlertText on session 091e13a9871ad83c6054bfb3433afc96 to remote] DEBUG org.asynchttpclient.netty.request.NettyRequestSender - Using open Channel [id: 0xadff20cf, L:/127.0.0.1:58887 - R:localhost/127.0.0.1:29874] for GET '/session/091e13a9871ad83c6054bfb3433afc96/alert/text'
18:51:49.199 [AsyncHttpClient-1-14] DEBUG org.asynchttpclient.netty.handler.HttpHandler - 

Request DefaultFullHttpRequest(decodeResult: success, version: HTTP/1.1, content: EmptyByteBufBE)
GET /session/091e13a9871ad83c6054bfb3433afc96/alert/text HTTP/1.1
User-Agent: selenium/4.8.1 (java windows)
Cache-Control: no-cache
Content-Type: application/json; charset=utf-8
host: localhost:29874
accept: */*

Response DefaultHttpResponse(decodeResult: success, version: HTTP/1.1)
HTTP/1.1 404 Not Found
Content-Length: 809
Content-Type: application/json; charset=utf-8
cache-control: no-cache

18:51:49.200 [AsyncHttpClient-1-14] DEBUG org.asynchttpclient.netty.channel.ChannelManager - Adding key: http://localhost:29874 for channel [id: 0xadff20cf, L:/127.0.0.1:58887 - R:localhost/127.0.0.1:29874]
18:51:49.201 [Forwarding getCurrentUrl on session 091e13a9871ad83c6054bfb3433afc96 to remote] DEBUG org.asynchttpclient.netty.request.NettyRequestSender - Using pooled Channel '[id: 0xadff20cf, L:/127.0.0.1:58887 - R:localhost/127.0.0.1:29874]' for 'GET' to 'http://localhost:29874/session/091e13a9871ad83c6054bfb3433afc96/url'
18:51:49.201 [Forwarding getCurrentUrl on session 091e13a9871ad83c6054bfb3433afc96 to remote] DEBUG org.asynchttpclient.netty.request.NettyRequestSender - Using open Channel [id: 0xadff20cf, L:/127.0.0.1:58887 - R:localhost/127.0.0.1:29874] for GET '/session/091e13a9871ad83c6054bfb3433afc96/url'
18:51:49.205 [AsyncHttpClient-1-14] DEBUG org.asynchttpclient.netty.handler.HttpHandler - 

Request DefaultFullHttpRequest(decodeResult: success, version: HTTP/1.1, content: EmptyByteBufBE)
GET /session/091e13a9871ad83c6054bfb3433afc96/url HTTP/1.1
User-Agent: selenium/4.8.1 (java windows)
Cache-Control: no-cache
Content-Type: application/json; charset=utf-8
host: localhost:29874
accept: */*

Response DefaultHttpResponse(decodeResult: success, version: HTTP/1.1)
HTTP/1.1 200 OK
Content-Length: 51
Content-Type: application/json; charset=utf-8
cache-control: no-cache

18:51:49.205 [AsyncHttpClient-1-14] DEBUG org.asynchttpclient.netty.channel.ChannelManager - Adding key: http://localhost:29874 for channel [id: 0xadff20cf, L:/127.0.0.1:58887 - R:localhost/127.0.0.1:29874]
18:51:49.206 [Forwarding screenshot on session 091e13a9871ad83c6054bfb3433afc96 to remote] DEBUG org.asynchttpclient.netty.request.NettyRequestSender - Using pooled Channel '[id: 0xadff20cf, L:/127.0.0.1:58887 - R:localhost/127.0.0.1:29874]' for 'GET' to 'http://localhost:29874/session/091e13a9871ad83c6054bfb3433afc96/screenshot'
18:51:49.206 [Forwarding screenshot on session 091e13a9871ad83c6054bfb3433afc96 to remote] DEBUG org.asynchttpclient.netty.request.NettyRequestSender - Using open Channel [id: 0xadff20cf, L:/127.0.0.1:58887 - R:localhost/127.0.0.1:29874] for GET '/session/091e13a9871ad83c6054bfb3433afc96/screenshot'
18:51:49.322 [AsyncHttpClient-1-14] DEBUG org.asynchttpclient.netty.handler.HttpHandler - 

Request DefaultFullHttpRequest(decodeResult: success, version: HTTP/1.1, content: EmptyByteBufBE)
GET /session/091e13a9871ad83c6054bfb3433afc96/screenshot HTTP/1.1
User-Agent: selenium/4.8.1 (java windows)
Cache-Control: no-cache
Content-Type: application/json; charset=utf-8
host: localhost:29874
accept: */*

Response DefaultHttpResponse(decodeResult: success, version: HTTP/1.1)
HTTP/1.1 200 OK
Content-Length: 37716
Content-Type: application/json; charset=utf-8
cache-control: no-cache

18:51:49.322 [AsyncHttpClient-1-14] DEBUG org.asynchttpclient.netty.channel.ChannelManager - Adding key: http://localhost:29874 for channel [id: 0xadff20cf, L:/127.0.0.1:58887 - R:localhost/127.0.0.1:29874]
18:51:49.324 [main] DEBUG net.serenitybdd.core.photography.Darkroom - Send negative for processing for target\site\serenity\33332457f5fcf49f454ccd10d3fe1f87607ab26fa20055fdbcc9b0598dc64b75.png
18:51:49.324 [main] DEBUG net.thucydides.core.steps.StepInterceptor - STEP DONE: validateOnLoginPage
  &amp#27;[32mGiven &amp#27;[0m&amp#27;[32mI am on the login page&amp#27;[0m                                             &amp#27;[90m# starter.stepdefinitions.LoginSteps.onLoginPage()&amp#27;[0m
18:51:49.331 [Forwarding getPageSource on session 091e13a9871ad83c6054bfb3433afc96 to remote] DEBUG org.asynchttpclient.netty.request.NettyRequestSender - Using pooled Channel '[id: 0xadff20cf, L:/127.0.0.1:58887 - R:localhost/127.0.0.1:29874]' for 'POST' to 'http://localhost:29874/session/091e13a9871ad83c6054bfb3433afc96/execute/sync'
18:51:49.331 [Forwarding getPageSource on session 091e13a9871ad83c6054bfb3433afc96 to remote] DEBUG org.asynchttpclient.netty.request.NettyRequestSender - Using open Channel [id: 0xadff20cf, L:/127.0.0.1:58887 - R:localhost/127.0.0.1:29874] for POST '/session/091e13a9871ad83c6054bfb3433afc96/execute/sync'
18:51:49.337 [AsyncHttpClient-1-14] DEBUG org.asynchttpclient.netty.handler.HttpHandler - 

Request DefaultHttpRequest(decodeResult: success, version: HTTP/1.1)
POST /session/091e13a9871ad83c6054bfb3433afc96/execute/sync HTTP/1.1
User-Agent: selenium/4.8.1 (java windows)
Content-Length: 176
Content-Type: application/json; charset=utf-8
host: localhost:29874
accept: */*

Response DefaultHttpResponse(decodeResult: success, version: HTTP/1.1)
HTTP/1.1 200 OK
Content-Length: 21659
Content-Type: application/json; charset=utf-8
cache-control: no-cache

18:51:49.337 [AsyncHttpClient-1-14] DEBUG org.asynchttpclient.netty.channel.ChannelManager - Adding key: http://localhost:29874 for channel [id: 0xadff20cf, L:/127.0.0.1:58887 - R:localhost/127.0.0.1:29874]
18:51:49.339 [Forwarding getCurrentUrl on session 091e13a9871ad83c6054bfb3433afc96 to remote] DEBUG org.asynchttpclient.netty.request.NettyRequestSender - Using pooled Channel '[id: 0xadff20cf, L:/127.0.0.1:58887 - R:localhost/127.0.0.1:29874]' for 'GET' to 'http://localhost:29874/session/091e13a9871ad83c6054bfb3433afc96/url'
18:51:49.339 [Forwarding getCurrentUrl on session 091e13a9871ad83c6054bfb3433afc96 to remote] DEBUG org.asynchttpclient.netty.request.NettyRequestSender - Using open Channel [id: 0xadff20cf, L:/127.0.0.1:58887 - R:localhost/127.0.0.1:29874] for GET '/session/091e13a9871ad83c6054bfb3433afc96/url'
18:51:49.342 [AsyncHttpClient-1-14] DEBUG org.asynchttpclient.netty.handler.HttpHandler - 

Request DefaultFullHttpRequest(decodeResult: success, version: HTTP/1.1, content: EmptyByteBufBE)
GET /session/091e13a9871ad83c6054bfb3433afc96/url HTTP/1.1
User-Agent: selenium/4.8.1 (java windows)
Cache-Control: no-cache
Content-Type: application/json; charset=utf-8
host: localhost:29874
accept: */*

Response DefaultHttpResponse(decodeResult: success, version: HTTP/1.1)
HTTP/1.1 200 OK
Content-Length: 51
Content-Type: application/json; charset=utf-8
cache-control: no-cache

18:51:49.342 [AsyncHttpClient-1-14] DEBUG org.asynchttpclient.netty.channel.ChannelManager - Adding key: http://localhost:29874 for channel [id: 0xadff20cf, L:/127.0.0.1:58887 - R:localhost/127.0.0.1:29874]
18:51:49.351 [Forwarding getPageSource on session 091e13a9871ad83c6054bfb3433afc96 to remote] DEBUG org.asynchttpclient.netty.request.NettyRequestSender - Using pooled Channel '[id: 0xadff20cf, L:/127.0.0.1:58887 - R:localhost/127.0.0.1:29874]' for 'POST' to 'http://localhost:29874/session/091e13a9871ad83c6054bfb3433afc96/execute/sync'
18:51:49.351 [Forwarding getPageSource on session 091e13a9871ad83c6054bfb3433afc96 to remote] DEBUG org.asynchttpclient.netty.request.NettyRequestSender - Using open Channel [id: 0xadff20cf, L:/127.0.0.1:58887 - R:localhost/127.0.0.1:29874] for POST '/session/091e13a9871ad83c6054bfb3433afc96/execute/sync'
18:51:49.357 [AsyncHttpClient-1-14] DEBUG org.asynchttpclient.netty.handler.HttpHandler - 

Request DefaultHttpRequest(decodeResult: success, version: HTTP/1.1)
POST /session/091e13a9871ad83c6054bfb3433afc96/execute/sync HTTP/1.1
User-Agent: selenium/4.8.1 (java windows)
Content-Length: 176
Content-Type: application/json; charset=utf-8
host: localhost:29874
accept: */*

Response DefaultHttpResponse(decodeResult: success, version: HTTP/1.1)
HTTP/1.1 200 OK
Content-Length: 21659
Content-Type: application/json; charset=utf-8
cache-control: no-cache

18:51:49.357 [AsyncHttpClient-1-14] DEBUG org.asynchttpclient.netty.channel.ChannelManager - Adding key: http://localhost:29874 for channel [id: 0xadff20cf, L:/127.0.0.1:58887 - R:localhost/127.0.0.1:29874]
18:51:49.360 [Forwarding getCurrentUrl on session 091e13a9871ad83c6054bfb3433afc96 to remote] DEBUG org.asynchttpclient.netty.request.NettyRequestSender - Using pooled Channel '[id: 0xadff20cf, L:/127.0.0.1:58887 - R:localhost/127.0.0.1:29874]' for 'GET' to 'http://localhost:29874/session/091e13a9871ad83c6054bfb3433afc96/url'
18:51:49.361 [Forwarding getCurrentUrl on session 091e13a9871ad83c6054bfb3433afc96 to remote] DEBUG org.asynchttpclient.netty.request.NettyRequestSender - Using open Channel [id: 0xadff20cf, L:/127.0.0.1:58887 - R:localhost/127.0.0.1:29874] for GET '/session/091e13a9871ad83c6054bfb3433afc96/url'
18:51:49.365 [AsyncHttpClient-1-14] DEBUG org.asynchttpclient.netty.handler.HttpHandler - 

Request DefaultFullHttpRequest(decodeResult: success, version: HTTP/1.1, content: EmptyByteBufBE)
GET /session/091e13a9871ad83c6054bfb3433afc96/url HTTP/1.1
User-Agent: selenium/4.8.1 (java windows)
Cache-Control: no-cache
Content-Type: application/json; charset=utf-8
host: localhost:29874
accept: */*

Response DefaultHttpResponse(decodeResult: success, version: HTTP/1.1)
HTTP/1.1 200 OK
Content-Length: 51
Content-Type: application/json; charset=utf-8
cache-control: no-cache

18:51:49.366 [AsyncHttpClient-1-14] DEBUG org.asynchttpclient.netty.channel.ChannelManager - Adding key: http://localhost:29874 for channel [id: 0xadff20cf, L:/127.0.0.1:58887 - R:localhost/127.0.0.1:29874]
18:51:49.369 [main] DEBUG net.thucydides.core.steps.StepInterceptor - STARTING STEP: LoginSteps.enterEmailOnLogin - inputEmail
18:51:49.372 [Forwarding findElement on session 091e13a9871ad83c6054bfb3433afc96 to remote] DEBUG org.asynchttpclient.netty.request.NettyRequestSender - Using pooled Channel '[id: 0xadff20cf, L:/127.0.0.1:58887 - R:localhost/127.0.0.1:29874]' for 'POST' to 'http://localhost:29874/session/091e13a9871ad83c6054bfb3433afc96/element'
18:51:49.372 [Forwarding findElement on session 091e13a9871ad83c6054bfb3433afc96 to remote] DEBUG org.asynchttpclient.netty.request.NettyRequestSender - Using open Channel [id: 0xadff20cf, L:/127.0.0.1:58887 - R:localhost/127.0.0.1:29874] for POST '/session/091e13a9871ad83c6054bfb3433afc96/element'
18:51:49.385 [AsyncHttpClient-1-14] DEBUG org.asynchttpclient.netty.handler.HttpHandler - 

Request DefaultHttpRequest(decodeResult: success, version: HTTP/1.1)
POST /session/091e13a9871ad83c6054bfb3433afc96/element HTTP/1.1
User-Agent: selenium/4.8.1 (java windows)
Content-Length: 70
Content-Type: application/json; charset=utf-8
host: localhost:29874
accept: */*

Response DefaultHttpResponse(decodeResult: success, version: HTTP/1.1)
HTTP/1.1 200 OK
Content-Length: 88
Content-Type: application/json; charset=utf-8
cache-control: no-cache

18:51:49.386 [AsyncHttpClient-1-14] DEBUG org.asynchttpclient.netty.channel.ChannelManager - Adding key: http://localhost:29874 for channel [id: 0xadff20cf, L:/127.0.0.1:58887 - R:localhost/127.0.0.1:29874]
18:51:49.387 [Forwarding clearElement on session 091e13a9871ad83c6054bfb3433afc96 to remote] DEBUG org.asynchttpclient.netty.request.NettyRequestSender - Using pooled Channel '[id: 0xadff20cf, L:/127.0.0.1:58887 - R:localhost/127.0.0.1:29874]' for 'POST' to 'http://localhost:29874/session/091e13a9871ad83c6054bfb3433afc96/element/4cc85d91-9bdd-48ad-aeec-d0c651198105/clear'
18:51:49.387 [Forwarding clearElement on session 091e13a9871ad83c6054bfb3433afc96 to remote] DEBUG org.asynchttpclient.netty.request.NettyRequestSender - Using open Channel [id: 0xadff20cf, L:/127.0.0.1:58887 - R:localhost/127.0.0.1:29874] for POST '/session/091e13a9871ad83c6054bfb3433afc96/element/4cc85d91-9bdd-48ad-aeec-d0c651198105/clear'
18:51:49.426 [AsyncHttpClient-1-14] DEBUG org.asynchttpclient.netty.handler.HttpHandler - 

Request DefaultHttpRequest(decodeResult: success, version: HTTP/1.1)
POST /session/091e13a9871ad83c6054bfb3433afc96/element/4cc85d91-9bdd-48ad-aeec-d0c651198105/clear HTTP/1.1
User-Agent: selenium/4.8.1 (java windows)
Content-Length: 50
Content-Type: application/json; charset=utf-8
host: localhost:29874
accept: */*

Response DefaultHttpResponse(decodeResult: success, version: HTTP/1.1)
HTTP/1.1 200 OK
Content-Length: 14
Content-Type: application/json; charset=utf-8
cache-control: no-cache

18:51:49.426 [AsyncHttpClient-1-14] DEBUG org.asynchttpclient.netty.channel.ChannelManager - Adding key: http://localhost:29874 for channel [id: 0xadff20cf, L:/127.0.0.1:58887 - R:localhost/127.0.0.1:29874]
18:51:49.428 [Forwarding sendKeysToElement on session 091e13a9871ad83c6054bfb3433afc96 to remote] DEBUG org.asynchttpclient.netty.request.NettyRequestSender - Using pooled Channel '[id: 0xadff20cf, L:/127.0.0.1:58887 - R:localhost/127.0.0.1:29874]' for 'POST' to 'http://localhost:29874/session/091e13a9871ad83c6054bfb3433afc96/element/4cc85d91-9bdd-48ad-aeec-d0c651198105/value'
18:51:49.428 [Forwarding sendKeysToElement on session 091e13a9871ad83c6054bfb3433afc96 to remote] DEBUG org.asynchttpclient.netty.request.NettyRequestSender - Using open Channel [id: 0xadff20cf, L:/127.0.0.1:58887 - R:localhost/127.0.0.1:29874] for POST '/session/091e13a9871ad83c6054bfb3433afc96/element/4cc85d91-9bdd-48ad-aeec-d0c651198105/value'
18:51:49.585 [AsyncHttpClient-1-14] DEBUG org.asynchttpclient.netty.handler.HttpHandler - 

Request DefaultHttpRequest(decodeResult: success, version: HTTP/1.1)
POST /session/091e13a9871ad83c6054bfb3433afc96/element/4cc85d91-9bdd-48ad-aeec-d0c651198105/value HTTP/1.1
User-Agent: selenium/4.8.1 (java windows)
Content-Length: 291
Content-Type: application/json; charset=utf-8
host: localhost:29874
accept: */*

Response DefaultHttpResponse(decodeResult: success, version: HTTP/1.1)
HTTP/1.1 200 OK
Content-Length: 14
Content-Type: application/json; charset=utf-8
cache-control: no-cache

18:51:49.587 [AsyncHttpClient-1-14] DEBUG org.asynchttpclient.netty.channel.ChannelManager - Adding key: http://localhost:29874 for channel [id: 0xadff20cf, L:/127.0.0.1:58887 - R:localhost/127.0.0.1:29874]
18:51:49.595 [Forwarding getAlertText on session 091e13a9871ad83c6054bfb3433afc96 to remote] DEBUG org.asynchttpclient.netty.request.NettyRequestSender - Using pooled Channel '[id: 0xadff20cf, L:/127.0.0.1:58887 - R:localhost/127.0.0.1:29874]' for 'GET' to 'http://localhost:29874/session/091e13a9871ad83c6054bfb3433afc96/alert/text'
18:51:49.595 [Forwarding getAlertText on session 091e13a9871ad83c6054bfb3433afc96 to remote] DEBUG org.asynchttpclient.netty.request.NettyRequestSender - Using open Channel [id: 0xadff20cf, L:/127.0.0.1:58887 - R:localhost/127.0.0.1:29874] for GET '/session/091e13a9871ad83c6054bfb3433afc96/alert/text'
18:51:49.597 [AsyncHttpClient-1-14] DEBUG org.asynchttpclient.netty.handler.HttpHandler - 

Request DefaultFullHttpRequest(decodeResult: success, version: HTTP/1.1, content: EmptyByteBufBE)
GET /session/091e13a9871ad83c6054bfb3433afc96/alert/text HTTP/1.1
User-Agent: selenium/4.8.1 (java windows)
Cache-Control: no-cache
Content-Type: application/json; charset=utf-8
host: localhost:29874
accept: */*

Response DefaultHttpResponse(decodeResult: success, version: HTTP/1.1)
HTTP/1.1 404 Not Found
Content-Length: 809
Content-Type: application/json; charset=utf-8
cache-control: no-cache

18:51:49.597 [AsyncHttpClient-1-14] DEBUG org.asynchttpclient.netty.channel.ChannelManager - Adding key: http://localhost:29874 for channel [id: 0xadff20cf, L:/127.0.0.1:58887 - R:localhost/127.0.0.1:29874]
18:51:49.599 [Forwarding getCurrentUrl on session 091e13a9871ad83c6054bfb3433afc96 to remote] DEBUG org.asynchttpclient.netty.request.NettyRequestSender - Using pooled Channel '[id: 0xadff20cf, L:/127.0.0.1:58887 - R:localhost/127.0.0.1:29874]' for 'GET' to 'http://localhost:29874/session/091e13a9871ad83c6054bfb3433afc96/url'
18:51:49.599 [Forwarding getCurrentUrl on session 091e13a9871ad83c6054bfb3433afc96 to remote] DEBUG org.asynchttpclient.netty.request.NettyRequestSender - Using open Channel [id: 0xadff20cf, L:/127.0.0.1:58887 - R:localhost/127.0.0.1:29874] for GET '/session/091e13a9871ad83c6054bfb3433afc96/url'
18:51:49.609 [AsyncHttpClient-1-14] DEBUG org.asynchttpclient.netty.handler.HttpHandler - 

Request DefaultFullHttpRequest(decodeResult: success, version: HTTP/1.1, content: EmptyByteBufBE)
GET /session/091e13a9871ad83c6054bfb3433afc96/url HTTP/1.1
User-Agent: selenium/4.8.1 (java windows)
Cache-Control: no-cache
Content-Type: application/json; charset=utf-8
host: localhost:29874
accept: */*

Response DefaultHttpResponse(decodeResult: success, version: HTTP/1.1)
HTTP/1.1 200 OK
Content-Length: 51
Content-Type: application/json; charset=utf-8
cache-control: no-cache

18:51:49.609 [AsyncHttpClient-1-14] DEBUG org.asynchttpclient.netty.channel.ChannelManager - Adding key: http://localhost:29874 for channel [id: 0xadff20cf, L:/127.0.0.1:58887 - R:localhost/127.0.0.1:29874]
18:51:49.610 [Forwarding screenshot on session 091e13a9871ad83c6054bfb3433afc96 to remote] DEBUG org.asynchttpclient.netty.request.NettyRequestSender - Using pooled Channel '[id: 0xadff20cf, L:/127.0.0.1:58887 - R:localhost/127.0.0.1:29874]' for 'GET' to 'http://localhost:29874/session/091e13a9871ad83c6054bfb3433afc96/screenshot'
18:51:49.610 [Forwarding screenshot on session 091e13a9871ad83c6054bfb3433afc96 to remote] DEBUG org.asynchttpclient.netty.request.NettyRequestSender - Using open Channel [id: 0xadff20cf, L:/127.0.0.1:58887 - R:localhost/127.0.0.1:29874] for GET '/session/091e13a9871ad83c6054bfb3433afc96/screenshot'
18:51:49.765 [AsyncHttpClient-1-1] DEBUG org.asynchttpclient.netty.channel.DefaultChannelPool - Entry count for : http://localhost:58888 : 1
18:51:49.833 [AsyncHttpClient-1-14] DEBUG org.asynchttpclient.netty.handler.HttpHandler - 

Request DefaultFullHttpRequest(decodeResult: success, version: HTTP/1.1, content: EmptyByteBufBE)
GET /session/091e13a9871ad83c6054bfb3433afc96/screenshot HTTP/1.1
User-Agent: selenium/4.8.1 (java windows)
Cache-Control: no-cache
Content-Type: application/json; charset=utf-8
host: localhost:29874
accept: */*

Response DefaultHttpResponse(decodeResult: success, version: HTTP/1.1)
HTTP/1.1 200 OK
Content-Length: 46832
Content-Type: application/json; charset=utf-8
cache-control: no-cache

18:51:49.834 [AsyncHttpClient-1-14] DEBUG org.asynchttpclient.netty.channel.ChannelManager - Adding key: http://localhost:29874 for channel [id: 0xadff20cf, L:/127.0.0.1:58887 - R:localhost/127.0.0.1:29874]
18:51:49.839 [main] DEBUG net.serenitybdd.core.photography.Darkroom - Send negative for processing for target\site\serenity\969809bcaf0f4f99f9787be64be9abdee0e394e5897d68b632c2aca0aaac5c62.png
18:51:49.839 [main] DEBUG net.thucydides.core.steps.StepInterceptor - STEP DONE: inputEmail
18:51:49.839 [Darkroom Processing Line] DEBUG net.serenitybdd.core.photography.DarkroomProcessingLine - Processing screenshot image in /var/screenshots/screenshot-10542005650998954333
18:51:49.839 [Darkroom Processing Line] DEBUG net.serenitybdd.core.photography.DarkroomProcessingLine - Saving screenshot to target\site\serenity\969809bcaf0f4f99f9787be64be9abdee0e394e5897d68b632c2aca0aaac5c62.png
  &amp#27;[32mWhen &amp#27;[0m&amp#27;[32mI enter email &amp#27;[0m&amp#27;[32m&amp#27;[1m"basmatest12@gmail.com"&amp#27;[0m                               &amp#27;[90m# starter.stepdefinitions.LoginSteps.enterEmailOnLogin(java.lang.String)&amp#27;[0m
18:51:49.849 [Forwarding getPageSource on session 091e13a9871ad83c6054bfb3433afc96 to remote] DEBUG org.asynchttpclient.netty.request.NettyRequestSender - Using pooled Channel '[id: 0xadff20cf, L:/127.0.0.1:58887 - R:localhost/127.0.0.1:29874]' for 'POST' to 'http://localhost:29874/session/091e13a9871ad83c6054bfb3433afc96/execute/sync'
18:51:49.849 [Forwarding getPageSource on session 091e13a9871ad83c6054bfb3433afc96 to remote] DEBUG org.asynchttpclient.netty.request.NettyRequestSender - Using open Channel [id: 0xadff20cf, L:/127.0.0.1:58887 - R:localhost/127.0.0.1:29874] for POST '/session/091e13a9871ad83c6054bfb3433afc96/execute/sync'
18:51:49.857 [AsyncHttpClient-1-14] DEBUG org.asynchttpclient.netty.handler.HttpHandler - 

Request DefaultHttpRequest(decodeResult: success, version: HTTP/1.1)
POST /session/091e13a9871ad83c6054bfb3433afc96/execute/sync HTTP/1.1
User-Agent: selenium/4.8.1 (java windows)
Content-Length: 176
Content-Type: application/json; charset=utf-8
host: localhost:29874
accept: */*

Response DefaultHttpResponse(decodeResult: success, version: HTTP/1.1)
HTTP/1.1 200 OK
Content-Length: 21780
Content-Type: application/json; charset=utf-8
cache-control: no-cache

18:51:49.857 [AsyncHttpClient-1-14] DEBUG org.asynchttpclient.netty.channel.ChannelManager - Adding key: http://localhost:29874 for channel [id: 0xadff20cf, L:/127.0.0.1:58887 - R:localhost/127.0.0.1:29874]
18:51:49.861 [Forwarding getCurrentUrl on session 091e13a9871ad83c6054bfb3433afc96 to remote] DEBUG org.asynchttpclient.netty.request.NettyRequestSender - Using pooled Channel '[id: 0xadff20cf, L:/127.0.0.1:58887 - R:localhost/127.0.0.1:29874]' for 'GET' to 'http://localhost:29874/session/091e13a9871ad83c6054bfb3433afc96/url'
18:51:49.861 [Forwarding getCurrentUrl on session 091e13a9871ad83c6054bfb3433afc96 to remote] DEBUG org.asynchttpclient.netty.request.NettyRequestSender - Using open Channel [id: 0xadff20cf, L:/127.0.0.1:58887 - R:localhost/127.0.0.1:29874] for GET '/session/091e13a9871ad83c6054bfb3433afc96/url'
18:51:49.865 [AsyncHttpClient-1-14] DEBUG org.asynchttpclient.netty.handler.HttpHandler - 

Request DefaultFullHttpRequest(decodeResult: success, version: HTTP/1.1, content: EmptyByteBufBE)
GET /session/091e13a9871ad83c6054bfb3433afc96/url HTTP/1.1
User-Agent: selenium/4.8.1 (java windows)
Cache-Control: no-cache
Content-Type: application/json; charset=utf-8
host: localhost:29874
accept: */*

Response DefaultHttpResponse(decodeResult: success, version: HTTP/1.1)
HTTP/1.1 200 OK
Content-Length: 51
Content-Type: application/json; charset=utf-8
cache-control: no-cache

18:51:49.865 [AsyncHttpClient-1-14] DEBUG org.asynchttpclient.netty.channel.ChannelManager - Adding key: http://localhost:29874 for channel [id: 0xadff20cf, L:/127.0.0.1:58887 - R:localhost/127.0.0.1:29874]
18:51:49.879 [Forwarding getPageSource on session 091e13a9871ad83c6054bfb3433afc96 to remote] DEBUG org.asynchttpclient.netty.request.NettyRequestSender - Using pooled Channel '[id: 0xadff20cf, L:/127.0.0.1:58887 - R:localhost/127.0.0.1:29874]' for 'POST' to 'http://localhost:29874/session/091e13a9871ad83c6054bfb3433afc96/execute/sync'
18:51:49.879 [Forwarding getPageSource on session 091e13a9871ad83c6054bfb3433afc96 to remote] DEBUG org.asynchttpclient.netty.request.NettyRequestSender - Using open Channel [id: 0xadff20cf, L:/127.0.0.1:58887 - R:localhost/127.0.0.1:29874] for POST '/session/091e13a9871ad83c6054bfb3433afc96/execute/sync'
18:51:49.888 [AsyncHttpClient-1-14] DEBUG org.asynchttpclient.netty.handler.HttpHandler - 

Request DefaultHttpRequest(decodeResult: success, version: HTTP/1.1)
POST /session/091e13a9871ad83c6054bfb3433afc96/execute/sync HTTP/1.1
User-Agent: selenium/4.8.1 (java windows)
Content-Length: 176
Content-Type: application/json; charset=utf-8
host: localhost:29874
accept: */*

Response DefaultHttpResponse(decodeResult: success, version: HTTP/1.1)
HTTP/1.1 200 OK
Content-Length: 21780
Content-Type: application/json; charset=utf-8
cache-control: no-cache

18:51:49.888 [AsyncHttpClient-1-14] DEBUG org.asynchttpclient.netty.channel.ChannelManager - Adding key: http://localhost:29874 for channel [id: 0xadff20cf, L:/127.0.0.1:58887 - R:localhost/127.0.0.1:29874]
18:51:49.891 [Forwarding getCurrentUrl on session 091e13a9871ad83c6054bfb3433afc96 to remote] DEBUG org.asynchttpclient.netty.request.NettyRequestSender - Using pooled Channel '[id: 0xadff20cf, L:/127.0.0.1:58887 - R:localhost/127.0.0.1:29874]' for 'GET' to 'http://localhost:29874/session/091e13a9871ad83c6054bfb3433afc96/url'
18:51:49.891 [Forwarding getCurrentUrl on session 091e13a9871ad83c6054bfb3433afc96 to remote] DEBUG org.asynchttpclient.netty.request.NettyRequestSender - Using open Channel [id: 0xadff20cf, L:/127.0.0.1:58887 - R:localhost/127.0.0.1:29874] for GET '/session/091e13a9871ad83c6054bfb3433afc96/url'
18:51:49.895 [AsyncHttpClient-1-14] DEBUG org.asynchttpclient.netty.handler.HttpHandler - 

Request DefaultFullHttpRequest(decodeResult: success, version: HTTP/1.1, content: EmptyByteBufBE)
GET /session/091e13a9871ad83c6054bfb3433afc96/url HTTP/1.1
User-Agent: selenium/4.8.1 (java windows)
Cache-Control: no-cache
Content-Type: application/json; charset=utf-8
host: localhost:29874
accept: */*

Response DefaultHttpResponse(decodeResult: success, version: HTTP/1.1)
HTTP/1.1 200 OK
Content-Length: 51
Content-Type: application/json; charset=utf-8
cache-control: no-cache

18:51:49.895 [AsyncHttpClient-1-14] DEBUG org.asynchttpclient.netty.channel.ChannelManager - Adding key: http://localhost:29874 for channel [id: 0xadff20cf, L:/127.0.0.1:58887 - R:localhost/127.0.0.1:29874]
18:51:49.898 [main] DEBUG net.thucydides.core.steps.StepInterceptor - STARTING STEP: LoginSteps.enterPasswordOnLogin - inputPassword
18:51:49.900 [Forwarding findElement on session 091e13a9871ad83c6054bfb3433afc96 to remote] DEBUG org.asynchttpclient.netty.request.NettyRequestSender - Using pooled Channel '[id: 0xadff20cf, L:/127.0.0.1:58887 - R:localhost/127.0.0.1:29874]' for 'POST' to 'http://localhost:29874/session/091e13a9871ad83c6054bfb3433afc96/element'
18:51:49.900 [Forwarding findElement on session 091e13a9871ad83c6054bfb3433afc96 to remote] DEBUG org.asynchttpclient.netty.request.NettyRequestSender - Using open Channel [id: 0xadff20cf, L:/127.0.0.1:58887 - R:localhost/127.0.0.1:29874] for POST '/session/091e13a9871ad83c6054bfb3433afc96/element'
18:51:49.916 [AsyncHttpClient-1-14] DEBUG org.asynchttpclient.netty.handler.HttpHandler - 

Request DefaultHttpRequest(decodeResult: success, version: HTTP/1.1)
POST /session/091e13a9871ad83c6054bfb3433afc96/element HTTP/1.1
User-Agent: selenium/4.8.1 (java windows)
Content-Length: 70
Content-Type: application/json; charset=utf-8
host: localhost:29874
accept: */*

Response DefaultHttpResponse(decodeResult: success, version: HTTP/1.1)
HTTP/1.1 200 OK
Content-Length: 88
Content-Type: application/json; charset=utf-8
cache-control: no-cache

18:51:49.916 [AsyncHttpClient-1-14] DEBUG org.asynchttpclient.netty.channel.ChannelManager - Adding key: http://localhost:29874 for channel [id: 0xadff20cf, L:/127.0.0.1:58887 - R:localhost/127.0.0.1:29874]
18:51:49.918 [Forwarding clearElement on session 091e13a9871ad83c6054bfb3433afc96 to remote] DEBUG org.asynchttpclient.netty.request.NettyRequestSender - Using pooled Channel '[id: 0xadff20cf, L:/127.0.0.1:58887 - R:localhost/127.0.0.1:29874]' for 'POST' to 'http://localhost:29874/session/091e13a9871ad83c6054bfb3433afc96/element/75c713d5-0884-4ec9-bc15-8e796507ff0e/clear'
18:51:49.919 [Forwarding clearElement on session 091e13a9871ad83c6054bfb3433afc96 to remote] DEBUG org.asynchttpclient.netty.request.NettyRequestSender - Using open Channel [id: 0xadff20cf, L:/127.0.0.1:58887 - R:localhost/127.0.0.1:29874] for POST '/session/091e13a9871ad83c6054bfb3433afc96/element/75c713d5-0884-4ec9-bc15-8e796507ff0e/clear'
18:51:49.963 [AsyncHttpClient-1-14] DEBUG org.asynchttpclient.netty.handler.HttpHandler - 

Request DefaultHttpRequest(decodeResult: success, version: HTTP/1.1)
POST /session/091e13a9871ad83c6054bfb3433afc96/element/75c713d5-0884-4ec9-bc15-8e796507ff0e/clear HTTP/1.1
User-Agent: selenium/4.8.1 (java windows)
Content-Length: 50
Content-Type: application/json; charset=utf-8
host: localhost:29874
accept: */*

Response DefaultHttpResponse(decodeResult: success, version: HTTP/1.1)
HTTP/1.1 200 OK
Content-Length: 14
Content-Type: application/json; charset=utf-8
cache-control: no-cache

18:51:49.964 [AsyncHttpClient-1-14] DEBUG org.asynchttpclient.netty.channel.ChannelManager - Adding key: http://localhost:29874 for channel [id: 0xadff20cf, L:/127.0.0.1:58887 - R:localhost/127.0.0.1:29874]
18:51:49.965 [Forwarding sendKeysToElement on session 091e13a9871ad83c6054bfb3433afc96 to remote] DEBUG org.asynchttpclient.netty.request.NettyRequestSender - Using pooled Channel '[id: 0xadff20cf, L:/127.0.0.1:58887 - R:localhost/127.0.0.1:29874]' for 'POST' to 'http://localhost:29874/session/091e13a9871ad83c6054bfb3433afc96/element/75c713d5-0884-4ec9-bc15-8e796507ff0e/value'
18:51:49.965 [Forwarding sendKeysToElement on session 091e13a9871ad83c6054bfb3433afc96 to remote] DEBUG org.asynchttpclient.netty.request.NettyRequestSender - Using open Channel [id: 0xadff20cf, L:/127.0.0.1:58887 - R:localhost/127.0.0.1:29874] for POST '/session/091e13a9871ad83c6054bfb3433afc96/element/75c713d5-0884-4ec9-bc15-8e796507ff0e/value'
18:51:50.064 [AsyncHttpClient-1-14] DEBUG org.asynchttpclient.netty.handler.HttpHandler - 

Request DefaultHttpRequest(decodeResult: success, version: HTTP/1.1)
POST /session/091e13a9871ad83c6054bfb3433afc96/element/75c713d5-0884-4ec9-bc15-8e796507ff0e/value HTTP/1.1
User-Agent: selenium/4.8.1 (java windows)
Content-Length: 171
Content-Type: application/json; charset=utf-8
host: localhost:29874
accept: */*

Response DefaultHttpResponse(decodeResult: success, version: HTTP/1.1)
HTTP/1.1 200 OK
Content-Length: 14
Content-Type: application/json; charset=utf-8
cache-control: no-cache

18:51:50.064 [AsyncHttpClient-1-14] DEBUG org.asynchttpclient.netty.channel.ChannelManager - Adding key: http://localhost:29874 for channel [id: 0xadff20cf, L:/127.0.0.1:58887 - R:localhost/127.0.0.1:29874]
18:51:50.073 [Forwarding getAlertText on session 091e13a9871ad83c6054bfb3433afc96 to remote] DEBUG org.asynchttpclient.netty.request.NettyRequestSender - Using pooled Channel '[id: 0xadff20cf, L:/127.0.0.1:58887 - R:localhost/127.0.0.1:29874]' for 'GET' to 'http://localhost:29874/session/091e13a9871ad83c6054bfb3433afc96/alert/text'
18:51:50.073 [Forwarding getAlertText on session 091e13a9871ad83c6054bfb3433afc96 to remote] DEBUG org.asynchttpclient.netty.request.NettyRequestSender - Using open Channel [id: 0xadff20cf, L:/127.0.0.1:58887 - R:localhost/127.0.0.1:29874] for GET '/session/091e13a9871ad83c6054bfb3433afc96/alert/text'
18:51:50.074 [AsyncHttpClient-1-14] DEBUG org.asynchttpclient.netty.handler.HttpHandler - 

Request DefaultFullHttpRequest(decodeResult: success, version: HTTP/1.1, content: EmptyByteBufBE)
GET /session/091e13a9871ad83c6054bfb3433afc96/alert/text HTTP/1.1
User-Agent: selenium/4.8.1 (java windows)
Cache-Control: no-cache
Content-Type: application/json; charset=utf-8
host: localhost:29874
accept: */*

Response DefaultHttpResponse(decodeResult: success, version: HTTP/1.1)
HTTP/1.1 404 Not Found
Content-Length: 809
Content-Type: application/json; charset=utf-8
cache-control: no-cache

18:51:50.074 [AsyncHttpClient-1-14] DEBUG org.asynchttpclient.netty.channel.ChannelManager - Adding key: http://localhost:29874 for channel [id: 0xadff20cf, L:/127.0.0.1:58887 - R:localhost/127.0.0.1:29874]
18:51:50.076 [Forwarding getCurrentUrl on session 091e13a9871ad83c6054bfb3433afc96 to remote] DEBUG org.asynchttpclient.netty.request.NettyRequestSender - Using pooled Channel '[id: 0xadff20cf, L:/127.0.0.1:58887 - R:localhost/127.0.0.1:29874]' for 'GET' to 'http://localhost:29874/session/091e13a9871ad83c6054bfb3433afc96/url'
18:51:50.076 [Forwarding getCurrentUrl on session 091e13a9871ad83c6054bfb3433afc96 to remote] DEBUG org.asynchttpclient.netty.request.NettyRequestSender - Using open Channel [id: 0xadff20cf, L:/127.0.0.1:58887 - R:localhost/127.0.0.1:29874] for GET '/session/091e13a9871ad83c6054bfb3433afc96/url'
18:51:50.079 [AsyncHttpClient-1-14] DEBUG org.asynchttpclient.netty.handler.HttpHandler - 

Request DefaultFullHttpRequest(decodeResult: success, version: HTTP/1.1, content: EmptyByteBufBE)
GET /session/091e13a9871ad83c6054bfb3433afc96/url HTTP/1.1
User-Agent: selenium/4.8.1 (java windows)
Cache-Control: no-cache
Content-Type: application/json; charset=utf-8
host: localhost:29874
accept: */*

Response DefaultHttpResponse(decodeResult: success, version: HTTP/1.1)
HTTP/1.1 200 OK
Content-Length: 51
Content-Type: application/json; charset=utf-8
cache-control: no-cache

18:51:50.079 [AsyncHttpClient-1-14] DEBUG org.asynchttpclient.netty.channel.ChannelManager - Adding key: http://localhost:29874 for channel [id: 0xadff20cf, L:/127.0.0.1:58887 - R:localhost/127.0.0.1:29874]
18:51:50.080 [Forwarding screenshot on session 091e13a9871ad83c6054bfb3433afc96 to remote] DEBUG org.asynchttpclient.netty.request.NettyRequestSender - Using pooled Channel '[id: 0xadff20cf, L:/127.0.0.1:58887 - R:localhost/127.0.0.1:29874]' for 'GET' to 'http://localhost:29874/session/091e13a9871ad83c6054bfb3433afc96/screenshot'
18:51:50.080 [Forwarding screenshot on session 091e13a9871ad83c6054bfb3433afc96 to remote] DEBUG org.asynchttpclient.netty.request.NettyRequestSender - Using open Channel [id: 0xadff20cf, L:/127.0.0.1:58887 - R:localhost/127.0.0.1:29874] for GET '/session/091e13a9871ad83c6054bfb3433afc96/screenshot'
18:51:50.273 [AsyncHttpClient-1-14] DEBUG org.asynchttpclient.netty.handler.HttpHandler - 

Request DefaultFullHttpRequest(decodeResult: success, version: HTTP/1.1, content: EmptyByteBufBE)
GET /session/091e13a9871ad83c6054bfb3433afc96/screenshot HTTP/1.1
User-Agent: selenium/4.8.1 (java windows)
Cache-Control: no-cache
Content-Type: application/json; charset=utf-8
host: localhost:29874
accept: */*

Response DefaultHttpResponse(decodeResult: success, version: HTTP/1.1)
HTTP/1.1 200 OK
Content-Length: 51044
Content-Type: application/json; charset=utf-8
cache-control: no-cache

18:51:50.274 [AsyncHttpClient-1-14] DEBUG org.asynchttpclient.netty.channel.ChannelManager - Adding key: http://localhost:29874 for channel [id: 0xadff20cf, L:/127.0.0.1:58887 - R:localhost/127.0.0.1:29874]
18:51:50.276 [main] DEBUG net.serenitybdd.core.photography.Darkroom - Send negative for processing for target\site\serenity\d0fbfb69bcf7fcc8314046ba8369fe67d0210a2f6a38bdef6647037cf5e800a4.png
18:51:50.276 [main] DEBUG net.thucydides.core.steps.StepInterceptor - STEP DONE: inputPassword
18:51:50.276 [Darkroom Processing Line] DEBUG net.serenitybdd.core.photography.DarkroomProcessingLine - Processing screenshot image in /var/screenshots/screenshot-3455511925565927725
18:51:50.276 [Darkroom Processing Line] DEBUG net.serenitybdd.core.photography.DarkroomProcessingLine - Saving screenshot to target\site\serenity\d0fbfb69bcf7fcc8314046ba8369fe67d0210a2f6a38bdef6647037cf5e800a4.png
  &amp#27;[32mAnd &amp#27;[0m&amp#27;[32mI enter password &amp#27;[0m&amp#27;[32m&amp#27;[1m"mylove366"&amp#27;[0m                                         &amp#27;[90m# starter.stepdefinitions.LoginSteps.enterPasswordOnLogin(java.lang.String)&amp#27;[0m
18:51:50.288 [Forwarding getPageSource on session 091e13a9871ad83c6054bfb3433afc96 to remote] DEBUG org.asynchttpclient.netty.request.NettyRequestSender - Using pooled Channel '[id: 0xadff20cf, L:/127.0.0.1:58887 - R:localhost/127.0.0.1:29874]' for 'POST' to 'http://localhost:29874/session/091e13a9871ad83c6054bfb3433afc96/execute/sync'
18:51:50.288 [Forwarding getPageSource on session 091e13a9871ad83c6054bfb3433afc96 to remote] DEBUG org.asynchttpclient.netty.request.NettyRequestSender - Using open Channel [id: 0xadff20cf, L:/127.0.0.1:58887 - R:localhost/127.0.0.1:29874] for POST '/session/091e13a9871ad83c6054bfb3433afc96/execute/sync'
18:51:50.293 [AsyncHttpClient-1-14] DEBUG org.asynchttpclient.netty.handler.HttpHandler - 

Request DefaultHttpRequest(decodeResult: success, version: HTTP/1.1)
POST /session/091e13a9871ad83c6054bfb3433afc96/execute/sync HTTP/1.1
User-Agent: selenium/4.8.1 (java windows)
Content-Length: 176
Content-Type: application/json; charset=utf-8
host: localhost:29874
accept: */*

Response DefaultHttpResponse(decodeResult: success, version: HTTP/1.1)
HTTP/1.1 200 OK
Content-Length: 21839
Content-Type: application/json; charset=utf-8
cache-control: no-cache

18:51:50.294 [AsyncHttpClient-1-14] DEBUG org.asynchttpclient.netty.channel.ChannelManager - Adding key: http://localhost:29874 for channel [id: 0xadff20cf, L:/127.0.0.1:58887 - R:localhost/127.0.0.1:29874]
18:51:50.297 [Forwarding getCurrentUrl on session 091e13a9871ad83c6054bfb3433afc96 to remote] DEBUG org.asynchttpclient.netty.request.NettyRequestSender - Using pooled Channel '[id: 0xadff20cf, L:/127.0.0.1:58887 - R:localhost/127.0.0.1:29874]' for 'GET' to 'http://localhost:29874/session/091e13a9871ad83c6054bfb3433afc96/url'
18:51:50.297 [Forwarding getCurrentUrl on session 091e13a9871ad83c6054bfb3433afc96 to remote] DEBUG org.asynchttpclient.netty.request.NettyRequestSender - Using open Channel [id: 0xadff20cf, L:/127.0.0.1:58887 - R:localhost/127.0.0.1:29874] for GET '/session/091e13a9871ad83c6054bfb3433afc96/url'
18:51:50.300 [AsyncHttpClient-1-14] DEBUG org.asynchttpclient.netty.handler.HttpHandler - 

Request DefaultFullHttpRequest(decodeResult: success, version: HTTP/1.1, content: EmptyByteBufBE)
GET /session/091e13a9871ad83c6054bfb3433afc96/url HTTP/1.1
User-Agent: selenium/4.8.1 (java windows)
Cache-Control: no-cache
Content-Type: application/json; charset=utf-8
host: localhost:29874
accept: */*

Response DefaultHttpResponse(decodeResult: success, version: HTTP/1.1)
HTTP/1.1 200 OK
Content-Length: 51
Content-Type: application/json; charset=utf-8
cache-control: no-cache

18:51:50.301 [AsyncHttpClient-1-14] DEBUG org.asynchttpclient.netty.channel.ChannelManager - Adding key: http://localhost:29874 for channel [id: 0xadff20cf, L:/127.0.0.1:58887 - R:localhost/127.0.0.1:29874]
18:51:50.311 [Forwarding getPageSource on session 091e13a9871ad83c6054bfb3433afc96 to remote] DEBUG org.asynchttpclient.netty.request.NettyRequestSender - Using pooled Channel '[id: 0xadff20cf, L:/127.0.0.1:58887 - R:localhost/127.0.0.1:29874]' for 'POST' to 'http://localhost:29874/session/091e13a9871ad83c6054bfb3433afc96/execute/sync'
18:51:50.312 [Forwarding getPageSource on session 091e13a9871ad83c6054bfb3433afc96 to remote] DEBUG org.asynchttpclient.netty.request.NettyRequestSender - Using open Channel [id: 0xadff20cf, L:/127.0.0.1:58887 - R:localhost/127.0.0.1:29874] for POST '/session/091e13a9871ad83c6054bfb3433afc96/execute/sync'
18:51:50.317 [AsyncHttpClient-1-14] DEBUG org.asynchttpclient.netty.handler.HttpHandler - 

Request DefaultHttpRequest(decodeResult: success, version: HTTP/1.1)
POST /session/091e13a9871ad83c6054bfb3433afc96/execute/sync HTTP/1.1
User-Agent: selenium/4.8.1 (java windows)
Content-Length: 176
Content-Type: application/json; charset=utf-8
host: localhost:29874
accept: */*

Response DefaultHttpResponse(decodeResult: success, version: HTTP/1.1)
HTTP/1.1 200 OK
Content-Length: 21839
Content-Type: application/json; charset=utf-8
cache-control: no-cache

18:51:50.318 [AsyncHttpClient-1-14] DEBUG org.asynchttpclient.netty.channel.ChannelManager - Adding key: http://localhost:29874 for channel [id: 0xadff20cf, L:/127.0.0.1:58887 - R:localhost/127.0.0.1:29874]
18:51:50.322 [Forwarding getCurrentUrl on session 091e13a9871ad83c6054bfb3433afc96 to remote] DEBUG org.asynchttpclient.netty.request.NettyRequestSender - Using pooled Channel '[id: 0xadff20cf, L:/127.0.0.1:58887 - R:localhost/127.0.0.1:29874]' for 'GET' to 'http://localhost:29874/session/091e13a9871ad83c6054bfb3433afc96/url'
18:51:50.322 [Forwarding getCurrentUrl on session 091e13a9871ad83c6054bfb3433afc96 to remote] DEBUG org.asynchttpclient.netty.request.NettyRequestSender - Using open Channel [id: 0xadff20cf, L:/127.0.0.1:58887 - R:localhost/127.0.0.1:29874] for GET '/session/091e13a9871ad83c6054bfb3433afc96/url'
18:51:50.327 [AsyncHttpClient-1-14] DEBUG org.asynchttpclient.netty.handler.HttpHandler - 

Request DefaultFullHttpRequest(decodeResult: success, version: HTTP/1.1, content: EmptyByteBufBE)
GET /session/091e13a9871ad83c6054bfb3433afc96/url HTTP/1.1
User-Agent: selenium/4.8.1 (java windows)
Cache-Control: no-cache
Content-Type: application/json; charset=utf-8
host: localhost:29874
accept: */*

Response DefaultHttpResponse(decodeResult: success, version: HTTP/1.1)
HTTP/1.1 200 OK
Content-Length: 51
Content-Type: application/json; charset=utf-8
cache-control: no-cache

18:51:50.327 [AsyncHttpClient-1-14] DEBUG org.asynchttpclient.netty.channel.ChannelManager - Adding key: http://localhost:29874 for channel [id: 0xadff20cf, L:/127.0.0.1:58887 - R:localhost/127.0.0.1:29874]
18:51:50.330 [main] DEBUG net.thucydides.core.steps.StepInterceptor - STARTING STEP: LoginSteps.clickLoginButton - ClickLoginButton
18:51:50.333 [Forwarding findElement on session 091e13a9871ad83c6054bfb3433afc96 to remote] DEBUG org.asynchttpclient.netty.request.NettyRequestSender - Using pooled Channel '[id: 0xadff20cf, L:/127.0.0.1:58887 - R:localhost/127.0.0.1:29874]' for 'POST' to 'http://localhost:29874/session/091e13a9871ad83c6054bfb3433afc96/element'
18:51:50.333 [Forwarding findElement on session 091e13a9871ad83c6054bfb3433afc96 to remote] DEBUG org.asynchttpclient.netty.request.NettyRequestSender - Using open Channel [id: 0xadff20cf, L:/127.0.0.1:58887 - R:localhost/127.0.0.1:29874] for POST '/session/091e13a9871ad83c6054bfb3433afc96/element'
18:51:50.345 [AsyncHttpClient-1-14] DEBUG org.asynchttpclient.netty.handler.HttpHandler - 

Request DefaultHttpRequest(decodeResult: success, version: HTTP/1.1)
POST /session/091e13a9871ad83c6054bfb3433afc96/element HTTP/1.1
User-Agent: selenium/4.8.1 (java windows)
Content-Length: 141
Content-Type: application/json; charset=utf-8
host: localhost:29874
accept: */*

Response DefaultHttpResponse(decodeResult: success, version: HTTP/1.1)
HTTP/1.1 200 OK
Content-Length: 88
Content-Type: application/json; charset=utf-8
cache-control: no-cache

18:51:50.345 [AsyncHttpClient-1-14] DEBUG org.asynchttpclient.netty.channel.ChannelManager - Adding key: http://localhost:29874 for channel [id: 0xadff20cf, L:/127.0.0.1:58887 - R:localhost/127.0.0.1:29874]
18:51:50.346 [Forwarding getElementTagName on session 091e13a9871ad83c6054bfb3433afc96 to remote] DEBUG org.asynchttpclient.netty.request.NettyRequestSender - Using pooled Channel '[id: 0xadff20cf, L:/127.0.0.1:58887 - R:localhost/127.0.0.1:29874]' for 'GET' to 'http://localhost:29874/session/091e13a9871ad83c6054bfb3433afc96/element/1b085ed7-cabc-46db-bbd3-5361bf294c9c/name'
18:51:50.347 [Forwarding getElementTagName on session 091e13a9871ad83c6054bfb3433afc96 to remote] DEBUG org.asynchttpclient.netty.request.NettyRequestSender - Using open Channel [id: 0xadff20cf, L:/127.0.0.1:58887 - R:localhost/127.0.0.1:29874] for GET '/session/091e13a9871ad83c6054bfb3433afc96/element/1b085ed7-cabc-46db-bbd3-5361bf294c9c/name'
18:51:50.355 [AsyncHttpClient-1-14] DEBUG org.asynchttpclient.netty.handler.HttpHandler - 

Request DefaultFullHttpRequest(decodeResult: success, version: HTTP/1.1, content: EmptyByteBufBE)
GET /session/091e13a9871ad83c6054bfb3433afc96/element/1b085ed7-cabc-46db-bbd3-5361bf294c9c/name HTTP/1.1
User-Agent: selenium/4.8.1 (java windows)
Cache-Control: no-cache
Content-Type: application/json; charset=utf-8
host: localhost:29874
accept: */*

Response DefaultHttpResponse(decodeResult: success, version: HTTP/1.1)
HTTP/1.1 200 OK
Content-Length: 18
Content-Type: application/json; charset=utf-8
cache-control: no-cache

18:51:50.355 [AsyncHttpClient-1-14] DEBUG org.asynchttpclient.netty.channel.ChannelManager - Adding key: http://localhost:29874 for channel [id: 0xadff20cf, L:/127.0.0.1:58887 - R:localhost/127.0.0.1:29874]
18:51:50.357 [Forwarding getElementTagName on session 091e13a9871ad83c6054bfb3433afc96 to remote] DEBUG org.asynchttpclient.netty.request.NettyRequestSender - Using pooled Channel '[id: 0xadff20cf, L:/127.0.0.1:58887 - R:localhost/127.0.0.1:29874]' for 'GET' to 'http://localhost:29874/session/091e13a9871ad83c6054bfb3433afc96/element/1b085ed7-cabc-46db-bbd3-5361bf294c9c/name'
18:51:50.357 [Forwarding getElementTagName on session 091e13a9871ad83c6054bfb3433afc96 to remote] DEBUG org.asynchttpclient.netty.request.NettyRequestSender - Using open Channel [id: 0xadff20cf, L:/127.0.0.1:58887 - R:localhost/127.0.0.1:29874] for GET '/session/091e13a9871ad83c6054bfb3433afc96/element/1b085ed7-cabc-46db-bbd3-5361bf294c9c/name'
18:51:50.361 [AsyncHttpClient-1-14] DEBUG org.asynchttpclient.netty.handler.HttpHandler - 

Request DefaultFullHttpRequest(decodeResult: success, version: HTTP/1.1, content: EmptyByteBufBE)
GET /session/091e13a9871ad83c6054bfb3433afc96/element/1b085ed7-cabc-46db-bbd3-5361bf294c9c/name HTTP/1.1
User-Agent: selenium/4.8.1 (java windows)
Cache-Control: no-cache
Content-Type: application/json; charset=utf-8
host: localhost:29874
accept: */*

Response DefaultHttpResponse(decodeResult: success, version: HTTP/1.1)
HTTP/1.1 200 OK
Content-Length: 18
Content-Type: application/json; charset=utf-8
cache-control: no-cache

18:51:50.361 [AsyncHttpClient-1-14] DEBUG org.asynchttpclient.netty.channel.ChannelManager - Adding key: http://localhost:29874 for channel [id: 0xadff20cf, L:/127.0.0.1:58887 - R:localhost/127.0.0.1:29874]
18:51:50.363 [Forwarding isElementEnabled on session 091e13a9871ad83c6054bfb3433afc96 to remote] DEBUG org.asynchttpclient.netty.request.NettyRequestSender - Using pooled Channel '[id: 0xadff20cf, L:/127.0.0.1:58887 - R:localhost/127.0.0.1:29874]' for 'GET' to 'http://localhost:29874/session/091e13a9871ad83c6054bfb3433afc96/element/1b085ed7-cabc-46db-bbd3-5361bf294c9c/enabled'
18:51:50.363 [Forwarding isElementEnabled on session 091e13a9871ad83c6054bfb3433afc96 to remote] DEBUG org.asynchttpclient.netty.request.NettyRequestSender - Using open Channel [id: 0xadff20cf, L:/127.0.0.1:58887 - R:localhost/127.0.0.1:29874] for GET '/session/091e13a9871ad83c6054bfb3433afc96/element/1b085ed7-cabc-46db-bbd3-5361bf294c9c/enabled'
18:51:50.376 [AsyncHttpClient-1-14] DEBUG org.asynchttpclient.netty.handler.HttpHandler - 

Request DefaultFullHttpRequest(decodeResult: success, version: HTTP/1.1, content: EmptyByteBufBE)
GET /session/091e13a9871ad83c6054bfb3433afc96/element/1b085ed7-cabc-46db-bbd3-5361bf294c9c/enabled HTTP/1.1
User-Agent: selenium/4.8.1 (java windows)
Cache-Control: no-cache
Content-Type: application/json; charset=utf-8
host: localhost:29874
accept: */*

Response DefaultHttpResponse(decodeResult: success, version: HTTP/1.1)
HTTP/1.1 200 OK
Content-Length: 14
Content-Type: application/json; charset=utf-8
cache-control: no-cache

18:51:50.376 [AsyncHttpClient-1-14] DEBUG org.asynchttpclient.netty.channel.ChannelManager - Adding key: http://localhost:29874 for channel [id: 0xadff20cf, L:/127.0.0.1:58887 - R:localhost/127.0.0.1:29874]
18:51:50.377 [Forwarding isElementEnabled on session 091e13a9871ad83c6054bfb3433afc96 to remote] DEBUG org.asynchttpclient.netty.request.NettyRequestSender - Using pooled Channel '[id: 0xadff20cf, L:/127.0.0.1:58887 - R:localhost/127.0.0.1:29874]' for 'GET' to 'http://localhost:29874/session/091e13a9871ad83c6054bfb3433afc96/element/1b085ed7-cabc-46db-bbd3-5361bf294c9c/enabled'
18:51:50.378 [Forwarding isElementEnabled on session 091e13a9871ad83c6054bfb3433afc96 to remote] DEBUG org.asynchttpclient.netty.request.NettyRequestSender - Using open Channel [id: 0xadff20cf, L:/127.0.0.1:58887 - R:localhost/127.0.0.1:29874] for GET '/session/091e13a9871ad83c6054bfb3433afc96/element/1b085ed7-cabc-46db-bbd3-5361bf294c9c/enabled'
18:51:50.384 [AsyncHttpClient-1-14] DEBUG org.asynchttpclient.netty.handler.HttpHandler - 

Request DefaultFullHttpRequest(decodeResult: success, version: HTTP/1.1, content: EmptyByteBufBE)
GET /session/091e13a9871ad83c6054bfb3433afc96/element/1b085ed7-cabc-46db-bbd3-5361bf294c9c/enabled HTTP/1.1
User-Agent: selenium/4.8.1 (java windows)
Cache-Control: no-cache
Content-Type: application/json; charset=utf-8
host: localhost:29874
accept: */*

Response DefaultHttpResponse(decodeResult: success, version: HTTP/1.1)
HTTP/1.1 200 OK
Content-Length: 14
Content-Type: application/json; charset=utf-8
cache-control: no-cache

18:51:50.384 [AsyncHttpClient-1-14] DEBUG org.asynchttpclient.netty.channel.ChannelManager - Adding key: http://localhost:29874 for channel [id: 0xadff20cf, L:/127.0.0.1:58887 - R:localhost/127.0.0.1:29874]
18:51:50.389 [Forwarding findElement on session 091e13a9871ad83c6054bfb3433afc96 to remote] DEBUG org.asynchttpclient.netty.request.NettyRequestSender - Using pooled Channel '[id: 0xadff20cf, L:/127.0.0.1:58887 - R:localhost/127.0.0.1:29874]' for 'POST' to 'http://localhost:29874/session/091e13a9871ad83c6054bfb3433afc96/element'
18:51:50.389 [Forwarding findElement on session 091e13a9871ad83c6054bfb3433afc96 to remote] DEBUG org.asynchttpclient.netty.request.NettyRequestSender - Using open Channel [id: 0xadff20cf, L:/127.0.0.1:58887 - R:localhost/127.0.0.1:29874] for POST '/session/091e13a9871ad83c6054bfb3433afc96/element'
18:51:50.396 [AsyncHttpClient-1-14] DEBUG org.asynchttpclient.netty.handler.HttpHandler - 

Request DefaultHttpRequest(decodeResult: success, version: HTTP/1.1)
POST /session/091e13a9871ad83c6054bfb3433afc96/element HTTP/1.1
User-Agent: selenium/4.8.1 (java windows)
Content-Length: 141
Content-Type: application/json; charset=utf-8
host: localhost:29874
accept: */*

Response DefaultHttpResponse(decodeResult: success, version: HTTP/1.1)
HTTP/1.1 200 OK
Content-Length: 88
Content-Type: application/json; charset=utf-8
cache-control: no-cache

18:51:50.397 [AsyncHttpClient-1-14] DEBUG org.asynchttpclient.netty.channel.ChannelManager - Adding key: http://localhost:29874 for channel [id: 0xadff20cf, L:/127.0.0.1:58887 - R:localhost/127.0.0.1:29874]
18:51:50.398 [Forwarding clickElement on session 091e13a9871ad83c6054bfb3433afc96 to remote] DEBUG org.asynchttpclient.netty.request.NettyRequestSender - Using pooled Channel '[id: 0xadff20cf, L:/127.0.0.1:58887 - R:localhost/127.0.0.1:29874]' for 'POST' to 'http://localhost:29874/session/091e13a9871ad83c6054bfb3433afc96/element/1b085ed7-cabc-46db-bbd3-5361bf294c9c/click'
18:51:50.398 [Forwarding clickElement on session 091e13a9871ad83c6054bfb3433afc96 to remote] DEBUG org.asynchttpclient.netty.request.NettyRequestSender - Using open Channel [id: 0xadff20cf, L:/127.0.0.1:58887 - R:localhost/127.0.0.1:29874] for POST '/session/091e13a9871ad83c6054bfb3433afc96/element/1b085ed7-cabc-46db-bbd3-5361bf294c9c/click'
18:51:50.477 [AsyncHttpClient-1-14] DEBUG org.asynchttpclient.netty.handler.HttpHandler - 

Request DefaultHttpRequest(decodeResult: success, version: HTTP/1.1)
POST /session/091e13a9871ad83c6054bfb3433afc96/element/1b085ed7-cabc-46db-bbd3-5361bf294c9c/click HTTP/1.1
User-Agent: selenium/4.8.1 (java windows)
Content-Length: 50
Content-Type: application/json; charset=utf-8
host: localhost:29874
accept: */*

Response DefaultHttpResponse(decodeResult: success, version: HTTP/1.1)
HTTP/1.1 200 OK
Content-Length: 14
Content-Type: application/json; charset=utf-8
cache-control: no-cache

18:51:50.477 [AsyncHttpClient-1-14] DEBUG org.asynchttpclient.netty.channel.ChannelManager - Adding key: http://localhost:29874 for channel [id: 0xadff20cf, L:/127.0.0.1:58887 - R:localhost/127.0.0.1:29874]
18:51:50.489 [Forwarding getAlertText on session 091e13a9871ad83c6054bfb3433afc96 to remote] DEBUG org.asynchttpclient.netty.request.NettyRequestSender - Using pooled Channel '[id: 0xadff20cf, L:/127.0.0.1:58887 - R:localhost/127.0.0.1:29874]' for 'GET' to 'http://localhost:29874/session/091e13a9871ad83c6054bfb3433afc96/alert/text'
18:51:50.489 [Forwarding getAlertText on session 091e13a9871ad83c6054bfb3433afc96 to remote] DEBUG org.asynchttpclient.netty.request.NettyRequestSender - Using open Channel [id: 0xadff20cf, L:/127.0.0.1:58887 - R:localhost/127.0.0.1:29874] for GET '/session/091e13a9871ad83c6054bfb3433afc96/alert/text'
18:51:50.491 [AsyncHttpClient-1-14] DEBUG org.asynchttpclient.netty.handler.HttpHandler - 

Request DefaultFullHttpRequest(decodeResult: success, version: HTTP/1.1, content: EmptyByteBufBE)
GET /session/091e13a9871ad83c6054bfb3433afc96/alert/text HTTP/1.1
User-Agent: selenium/4.8.1 (java windows)
Cache-Control: no-cache
Content-Type: application/json; charset=utf-8
host: localhost:29874
accept: */*

Response DefaultHttpResponse(decodeResult: success, version: HTTP/1.1)
HTTP/1.1 404 Not Found
Content-Length: 809
Content-Type: application/json; charset=utf-8
cache-control: no-cache

18:51:50.491 [AsyncHttpClient-1-14] DEBUG org.asynchttpclient.netty.channel.ChannelManager - Adding key: http://localhost:29874 for channel [id: 0xadff20cf, L:/127.0.0.1:58887 - R:localhost/127.0.0.1:29874]
18:51:50.492 [Forwarding getCurrentUrl on session 091e13a9871ad83c6054bfb3433afc96 to remote] DEBUG org.asynchttpclient.netty.request.NettyRequestSender - Using pooled Channel '[id: 0xadff20cf, L:/127.0.0.1:58887 - R:localhost/127.0.0.1:29874]' for 'GET' to 'http://localhost:29874/session/091e13a9871ad83c6054bfb3433afc96/url'
18:51:50.492 [Forwarding getCurrentUrl on session 091e13a9871ad83c6054bfb3433afc96 to remote] DEBUG org.asynchttpclient.netty.request.NettyRequestSender - Using open Channel [id: 0xadff20cf, L:/127.0.0.1:58887 - R:localhost/127.0.0.1:29874] for GET '/session/091e13a9871ad83c6054bfb3433afc96/url'
18:51:50.496 [AsyncHttpClient-1-14] DEBUG org.asynchttpclient.netty.handler.HttpHandler - 

Request DefaultFullHttpRequest(decodeResult: success, version: HTTP/1.1, content: EmptyByteBufBE)
GET /session/091e13a9871ad83c6054bfb3433afc96/url HTTP/1.1
User-Agent: selenium/4.8.1 (java windows)
Cache-Control: no-cache
Content-Type: application/json; charset=utf-8
host: localhost:29874
accept: */*

Response DefaultHttpResponse(decodeResult: success, version: HTTP/1.1)
HTTP/1.1 200 OK
Content-Length: 51
Content-Type: application/json; charset=utf-8
cache-control: no-cache

18:51:50.496 [AsyncHttpClient-1-14] DEBUG org.asynchttpclient.netty.channel.ChannelManager - Adding key: http://localhost:29874 for channel [id: 0xadff20cf, L:/127.0.0.1:58887 - R:localhost/127.0.0.1:29874]
18:51:50.497 [Forwarding screenshot on session 091e13a9871ad83c6054bfb3433afc96 to remote] DEBUG org.asynchttpclient.netty.request.NettyRequestSender - Using pooled Channel '[id: 0xadff20cf, L:/127.0.0.1:58887 - R:localhost/127.0.0.1:29874]' for 'GET' to 'http://localhost:29874/session/091e13a9871ad83c6054bfb3433afc96/screenshot'
18:51:50.497 [Forwarding screenshot on session 091e13a9871ad83c6054bfb3433afc96 to remote] DEBUG org.asynchttpclient.netty.request.NettyRequestSender - Using open Channel [id: 0xadff20cf, L:/127.0.0.1:58887 - R:localhost/127.0.0.1:29874] for GET '/session/091e13a9871ad83c6054bfb3433afc96/screenshot'
18:51:50.783 [AsyncHttpClient-1-14] DEBUG org.asynchttpclient.netty.handler.HttpHandler - 

Request DefaultFullHttpRequest(decodeResult: success, version: HTTP/1.1, content: EmptyByteBufBE)
GET /session/091e13a9871ad83c6054bfb3433afc96/screenshot HTTP/1.1
User-Agent: selenium/4.8.1 (java windows)
Cache-Control: no-cache
Content-Type: application/json; charset=utf-8
host: localhost:29874
accept: */*

Response DefaultHttpResponse(decodeResult: success, version: HTTP/1.1)
HTTP/1.1 200 OK
Content-Length: 49928
Content-Type: application/json; charset=utf-8
cache-control: no-cache

18:51:50.787 [AsyncHttpClient-1-14] DEBUG org.asynchttpclient.netty.channel.ChannelManager - Adding key: http://localhost:29874 for channel [id: 0xadff20cf, L:/127.0.0.1:58887 - R:localhost/127.0.0.1:29874]
18:51:50.791 [main] DEBUG net.serenitybdd.core.photography.Darkroom - Send negative for processing for target\site\serenity\469ee585e178d69884d31708088cbe2a9783f86bc8d6fd235b9a3226c5448647.png
18:51:50.792 [main] DEBUG net.thucydides.core.steps.StepInterceptor - STEP DONE: ClickLoginButton
18:51:50.792 [Darkroom Processing Line] DEBUG net.serenitybdd.core.photography.DarkroomProcessingLine - Processing screenshot image in /var/screenshots/screenshot-14648172121407887451
18:51:50.792 [Darkroom Processing Line] DEBUG net.serenitybdd.core.photography.DarkroomProcessingLine - Saving screenshot to target\site\serenity\469ee585e178d69884d31708088cbe2a9783f86bc8d6fd235b9a3226c5448647.png
  &amp#27;[32mAnd &amp#27;[0m&amp#27;[32mI click login button&amp#27;[0m                                                 &amp#27;[90m# starter.stepdefinitions.LoginSteps.clickLoginButton()&amp#27;[0m
18:51:50.807 [Forwarding getPageSource on session 091e13a9871ad83c6054bfb3433afc96 to remote] DEBUG org.asynchttpclient.netty.request.NettyRequestSender - Using pooled Channel '[id: 0xadff20cf, L:/127.0.0.1:58887 - R:localhost/127.0.0.1:29874]' for 'POST' to 'http://localhost:29874/session/091e13a9871ad83c6054bfb3433afc96/execute/sync'
18:51:50.807 [Forwarding getPageSource on session 091e13a9871ad83c6054bfb3433afc96 to remote] DEBUG org.asynchttpclient.netty.request.NettyRequestSender - Using open Channel [id: 0xadff20cf, L:/127.0.0.1:58887 - R:localhost/127.0.0.1:29874] for POST '/session/091e13a9871ad83c6054bfb3433afc96/execute/sync'
18:51:50.813 [AsyncHttpClient-1-14] DEBUG org.asynchttpclient.netty.handler.HttpHandler - 

Request DefaultHttpRequest(decodeResult: success, version: HTTP/1.1)
POST /session/091e13a9871ad83c6054bfb3433afc96/execute/sync HTTP/1.1
User-Agent: selenium/4.8.1 (java windows)
Content-Length: 176
Content-Type: application/json; charset=utf-8
host: localhost:29874
accept: */*

Response DefaultHttpResponse(decodeResult: success, version: HTTP/1.1)
HTTP/1.1 200 OK
Content-Length: 22569
Content-Type: application/json; charset=utf-8
cache-control: no-cache

18:51:50.814 [AsyncHttpClient-1-14] DEBUG org.asynchttpclient.netty.channel.ChannelManager - Adding key: http://localhost:29874 for channel [id: 0xadff20cf, L:/127.0.0.1:58887 - R:localhost/127.0.0.1:29874]
18:51:50.816 [Forwarding getCurrentUrl on session 091e13a9871ad83c6054bfb3433afc96 to remote] DEBUG org.asynchttpclient.netty.request.NettyRequestSender - Using pooled Channel '[id: 0xadff20cf, L:/127.0.0.1:58887 - R:localhost/127.0.0.1:29874]' for 'GET' to 'http://localhost:29874/session/091e13a9871ad83c6054bfb3433afc96/url'
18:51:50.816 [Forwarding getCurrentUrl on session 091e13a9871ad83c6054bfb3433afc96 to remote] DEBUG org.asynchttpclient.netty.request.NettyRequestSender - Using open Channel [id: 0xadff20cf, L:/127.0.0.1:58887 - R:localhost/127.0.0.1:29874] for GET '/session/091e13a9871ad83c6054bfb3433afc96/url'
18:51:50.823 [AsyncHttpClient-1-14] DEBUG org.asynchttpclient.netty.handler.HttpHandler - 

Request DefaultFullHttpRequest(decodeResult: success, version: HTTP/1.1, content: EmptyByteBufBE)
GET /session/091e13a9871ad83c6054bfb3433afc96/url HTTP/1.1
User-Agent: selenium/4.8.1 (java windows)
Cache-Control: no-cache
Content-Type: application/json; charset=utf-8
host: localhost:29874
accept: */*

Response DefaultHttpResponse(decodeResult: success, version: HTTP/1.1)
HTTP/1.1 200 OK
Content-Length: 51
Content-Type: application/json; charset=utf-8
cache-control: no-cache

18:51:50.823 [AsyncHttpClient-1-14] DEBUG org.asynchttpclient.netty.channel.ChannelManager - Adding key: http://localhost:29874 for channel [id: 0xadff20cf, L:/127.0.0.1:58887 - R:localhost/127.0.0.1:29874]
18:51:50.832 [Forwarding getPageSource on session 091e13a9871ad83c6054bfb3433afc96 to remote] DEBUG org.asynchttpclient.netty.request.NettyRequestSender - Using pooled Channel '[id: 0xadff20cf, L:/127.0.0.1:58887 - R:localhost/127.0.0.1:29874]' for 'POST' to 'http://localhost:29874/session/091e13a9871ad83c6054bfb3433afc96/execute/sync'
18:51:50.832 [Forwarding getPageSource on session 091e13a9871ad83c6054bfb3433afc96 to remote] DEBUG org.asynchttpclient.netty.request.NettyRequestSender - Using open Channel [id: 0xadff20cf, L:/127.0.0.1:58887 - R:localhost/127.0.0.1:29874] for POST '/session/091e13a9871ad83c6054bfb3433afc96/execute/sync'
18:51:50.840 [AsyncHttpClient-1-14] DEBUG org.asynchttpclient.netty.handler.HttpHandler - 

Request DefaultHttpRequest(decodeResult: success, version: HTTP/1.1)
POST /session/091e13a9871ad83c6054bfb3433afc96/execute/sync HTTP/1.1
User-Agent: selenium/4.8.1 (java windows)
Content-Length: 176
Content-Type: application/json; charset=utf-8
host: localhost:29874
accept: */*

Response DefaultHttpResponse(decodeResult: success, version: HTTP/1.1)
HTTP/1.1 200 OK
Content-Length: 22569
Content-Type: application/json; charset=utf-8
cache-control: no-cache

18:51:50.840 [AsyncHttpClient-1-14] DEBUG org.asynchttpclient.netty.channel.ChannelManager - Adding key: http://localhost:29874 for channel [id: 0xadff20cf, L:/127.0.0.1:58887 - R:localhost/127.0.0.1:29874]
18:51:50.842 [Forwarding getCurrentUrl on session 091e13a9871ad83c6054bfb3433afc96 to remote] DEBUG org.asynchttpclient.netty.request.NettyRequestSender - Using pooled Channel '[id: 0xadff20cf, L:/127.0.0.1:58887 - R:localhost/127.0.0.1:29874]' for 'GET' to 'http://localhost:29874/session/091e13a9871ad83c6054bfb3433afc96/url'
18:51:50.842 [Forwarding getCurrentUrl on session 091e13a9871ad83c6054bfb3433afc96 to remote] DEBUG org.asynchttpclient.netty.request.NettyRequestSender - Using open Channel [id: 0xadff20cf, L:/127.0.0.1:58887 - R:localhost/127.0.0.1:29874] for GET '/session/091e13a9871ad83c6054bfb3433afc96/url'
18:51:50.846 [AsyncHttpClient-1-14] DEBUG org.asynchttpclient.netty.handler.HttpHandler - 

Request DefaultFullHttpRequest(decodeResult: success, version: HTTP/1.1, content: EmptyByteBufBE)
GET /session/091e13a9871ad83c6054bfb3433afc96/url HTTP/1.1
User-Agent: selenium/4.8.1 (java windows)
Cache-Control: no-cache
Content-Type: application/json; charset=utf-8
host: localhost:29874
accept: */*

Response DefaultHttpResponse(decodeResult: success, version: HTTP/1.1)
HTTP/1.1 200 OK
Content-Length: 51
Content-Type: application/json; charset=utf-8
cache-control: no-cache

18:51:50.846 [AsyncHttpClient-1-14] DEBUG org.asynchttpclient.netty.channel.ChannelManager - Adding key: http://localhost:29874 for channel [id: 0xadff20cf, L:/127.0.0.1:58887 - R:localhost/127.0.0.1:29874]
18:51:50.849 [main] DEBUG net.thucydides.core.steps.StepInterceptor - STARTING STEP: LoginSteps.iCanSeeErrorMessage - validateErrorMessageDisplayed
18:51:50.852 [Forwarding findElement on session 091e13a9871ad83c6054bfb3433afc96 to remote] DEBUG org.asynchttpclient.netty.request.NettyRequestSender - Using pooled Channel '[id: 0xadff20cf, L:/127.0.0.1:58887 - R:localhost/127.0.0.1:29874]' for 'POST' to 'http://localhost:29874/session/091e13a9871ad83c6054bfb3433afc96/element'
18:51:50.853 [Forwarding findElement on session 091e13a9871ad83c6054bfb3433afc96 to remote] DEBUG org.asynchttpclient.netty.request.NettyRequestSender - Using open Channel [id: 0xadff20cf, L:/127.0.0.1:58887 - R:localhost/127.0.0.1:29874] for POST '/session/091e13a9871ad83c6054bfb3433afc96/element'
18:51:50.862 [AsyncHttpClient-1-1] DEBUG org.asynchttpclient.netty.channel.DefaultChannelPool - Entry count for : http://localhost:58888 : 1
18:51:50.865 [AsyncHttpClient-1-14] DEBUG org.asynchttpclient.netty.handler.HttpHandler - 

Request DefaultHttpRequest(decodeResult: success, version: HTTP/1.1)
POST /session/091e13a9871ad83c6054bfb3433afc96/element HTTP/1.1
User-Agent: selenium/4.8.1 (java windows)
Content-Length: 139
Content-Type: application/json; charset=utf-8
host: localhost:29874
accept: */*

Response DefaultHttpResponse(decodeResult: success, version: HTTP/1.1)
HTTP/1.1 200 OK
Content-Length: 88
Content-Type: application/json; charset=utf-8
cache-control: no-cache

18:51:50.865 [AsyncHttpClient-1-14] DEBUG org.asynchttpclient.netty.channel.ChannelManager - Adding key: http://localhost:29874 for channel [id: 0xadff20cf, L:/127.0.0.1:58887 - R:localhost/127.0.0.1:29874]
18:51:50.870 [Forwarding isElementDisplayed on session 091e13a9871ad83c6054bfb3433afc96 to remote] DEBUG org.asynchttpclient.netty.request.NettyRequestSender - Using pooled Channel '[id: 0xadff20cf, L:/127.0.0.1:58887 - R:localhost/127.0.0.1:29874]' for 'POST' to 'http://localhost:29874/session/091e13a9871ad83c6054bfb3433afc96/execute/sync'
18:51:50.870 [Forwarding isElementDisplayed on session 091e13a9871ad83c6054bfb3433afc96 to remote] DEBUG org.asynchttpclient.netty.request.NettyRequestSender - Using open Channel [id: 0xadff20cf, L:/127.0.0.1:58887 - R:localhost/127.0.0.1:29874] for POST '/session/091e13a9871ad83c6054bfb3433afc96/execute/sync'
18:51:50.886 [AsyncHttpClient-1-14] DEBUG org.asynchttpclient.netty.handler.HttpHandler - 

Request DefaultHttpRequest(decodeResult: success, version: HTTP/1.1)
POST /session/091e13a9871ad83c6054bfb3433afc96/execute/sync HTTP/1.1
User-Agent: selenium/4.8.1 (java windows)
Content-Length: 48807
Content-Type: application/json; charset=utf-8
host: localhost:29874
accept: */*

Response DefaultHttpResponse(decodeResult: success, version: HTTP/1.1)
HTTP/1.1 200 OK
Content-Length: 14
Content-Type: application/json; charset=utf-8
cache-control: no-cache

18:51:50.886 [AsyncHttpClient-1-14] DEBUG org.asynchttpclient.netty.channel.ChannelManager - Adding key: http://localhost:29874 for channel [id: 0xadff20cf, L:/127.0.0.1:58887 - R:localhost/127.0.0.1:29874]
18:51:50.892 [Forwarding getAlertText on session 091e13a9871ad83c6054bfb3433afc96 to remote] DEBUG org.asynchttpclient.netty.request.NettyRequestSender - Using pooled Channel '[id: 0xadff20cf, L:/127.0.0.1:58887 - R:localhost/127.0.0.1:29874]' for 'GET' to 'http://localhost:29874/session/091e13a9871ad83c6054bfb3433afc96/alert/text'
18:51:50.892 [Forwarding getAlertText on session 091e13a9871ad83c6054bfb3433afc96 to remote] DEBUG org.asynchttpclient.netty.request.NettyRequestSender - Using open Channel [id: 0xadff20cf, L:/127.0.0.1:58887 - R:localhost/127.0.0.1:29874] for GET '/session/091e13a9871ad83c6054bfb3433afc96/alert/text'
18:51:50.894 [AsyncHttpClient-1-14] DEBUG org.asynchttpclient.netty.handler.HttpHandler - 

Request DefaultFullHttpRequest(decodeResult: success, version: HTTP/1.1, content: EmptyByteBufBE)
GET /session/091e13a9871ad83c6054bfb3433afc96/alert/text HTTP/1.1
User-Agent: selenium/4.8.1 (java windows)
Cache-Control: no-cache
Content-Type: application/json; charset=utf-8
host: localhost:29874
accept: */*

Response DefaultHttpResponse(decodeResult: success, version: HTTP/1.1)
HTTP/1.1 404 Not Found
Content-Length: 809
Content-Type: application/json; charset=utf-8
cache-control: no-cache

18:51:50.894 [AsyncHttpClient-1-14] DEBUG org.asynchttpclient.netty.channel.ChannelManager - Adding key: http://localhost:29874 for channel [id: 0xadff20cf, L:/127.0.0.1:58887 - R:localhost/127.0.0.1:29874]
18:51:50.896 [Forwarding getCurrentUrl on session 091e13a9871ad83c6054bfb3433afc96 to remote] DEBUG org.asynchttpclient.netty.request.NettyRequestSender - Using pooled Channel '[id: 0xadff20cf, L:/127.0.0.1:58887 - R:localhost/127.0.0.1:29874]' for 'GET' to 'http://localhost:29874/session/091e13a9871ad83c6054bfb3433afc96/url'
18:51:50.896 [Forwarding getCurrentUrl on session 091e13a9871ad83c6054bfb3433afc96 to remote] DEBUG org.asynchttpclient.netty.request.NettyRequestSender - Using open Channel [id: 0xadff20cf, L:/127.0.0.1:58887 - R:localhost/127.0.0.1:29874] for GET '/session/091e13a9871ad83c6054bfb3433afc96/url'
18:51:50.903 [AsyncHttpClient-1-14] DEBUG org.asynchttpclient.netty.handler.HttpHandler - 

Request DefaultFullHttpRequest(decodeResult: success, version: HTTP/1.1, content: EmptyByteBufBE)
GET /session/091e13a9871ad83c6054bfb3433afc96/url HTTP/1.1
User-Agent: selenium/4.8.1 (java windows)
Cache-Control: no-cache
Content-Type: application/json; charset=utf-8
host: localhost:29874
accept: */*

Response DefaultHttpResponse(decodeResult: success, version: HTTP/1.1)
HTTP/1.1 200 OK
Content-Length: 51
Content-Type: application/json; charset=utf-8
cache-control: no-cache

18:51:50.903 [AsyncHttpClient-1-14] DEBUG org.asynchttpclient.netty.channel.ChannelManager - Adding key: http://localhost:29874 for channel [id: 0xadff20cf, L:/127.0.0.1:58887 - R:localhost/127.0.0.1:29874]
18:51:50.905 [Forwarding screenshot on session 091e13a9871ad83c6054bfb3433afc96 to remote] DEBUG org.asynchttpclient.netty.request.NettyRequestSender - Using pooled Channel '[id: 0xadff20cf, L:/127.0.0.1:58887 - R:localhost/127.0.0.1:29874]' for 'GET' to 'http://localhost:29874/session/091e13a9871ad83c6054bfb3433afc96/screenshot'
18:51:50.905 [Forwarding screenshot on session 091e13a9871ad83c6054bfb3433afc96 to remote] DEBUG org.asynchttpclient.netty.request.NettyRequestSender - Using open Channel [id: 0xadff20cf, L:/127.0.0.1:58887 - R:localhost/127.0.0.1:29874] for GET '/session/091e13a9871ad83c6054bfb3433afc96/screenshot'
18:51:51.147 [AsyncHttpClient-1-14] DEBUG org.asynchttpclient.netty.handler.HttpHandler - 

Request DefaultFullHttpRequest(decodeResult: success, version: HTTP/1.1, content: EmptyByteBufBE)
GET /session/091e13a9871ad83c6054bfb3433afc96/screenshot HTTP/1.1
User-Agent: selenium/4.8.1 (java windows)
Cache-Control: no-cache
Content-Type: application/json; charset=utf-8
host: localhost:29874
accept: */*

Response DefaultHttpResponse(decodeResult: success, version: HTTP/1.1)
HTTP/1.1 200 OK
Content-Length: 56732
Content-Type: application/json; charset=utf-8
cache-control: no-cache

18:51:51.148 [AsyncHttpClient-1-14] DEBUG org.asynchttpclient.netty.channel.ChannelManager - Adding key: http://localhost:29874 for channel [id: 0xadff20cf, L:/127.0.0.1:58887 - R:localhost/127.0.0.1:29874]
18:51:51.151 [main] DEBUG net.serenitybdd.core.photography.Darkroom - Send negative for processing for target\site\serenity\366d60459acdc230c0198aabf1810037bfb7c0ca063ab06473c0b48c64867037.png
18:51:51.151 [Darkroom Processing Line] DEBUG net.serenitybdd.core.photography.DarkroomProcessingLine - Processing screenshot image in /var/screenshots/screenshot-10855482326552238654
18:51:51.151 [Darkroom Processing Line] DEBUG net.serenitybdd.core.photography.DarkroomProcessingLine - Saving screenshot to target\site\serenity\366d60459acdc230c0198aabf1810037bfb7c0ca063ab06473c0b48c64867037.png
18:51:51.151 [main] DEBUG net.thucydides.core.steps.StepInterceptor - STEP DONE: validateErrorMessageDisplayed
18:51:51.157 [Forwarding getPageSource on session 091e13a9871ad83c6054bfb3433afc96 to remote] DEBUG org.asynchttpclient.netty.request.NettyRequestSender - Using pooled Channel '[id: 0xadff20cf, L:/127.0.0.1:58887 - R:localhost/127.0.0.1:29874]' for 'POST' to 'http://localhost:29874/session/091e13a9871ad83c6054bfb3433afc96/execute/sync'
18:51:51.157 [Forwarding getPageSource on session 091e13a9871ad83c6054bfb3433afc96 to remote] DEBUG org.asynchttpclient.netty.request.NettyRequestSender - Using open Channel [id: 0xadff20cf, L:/127.0.0.1:58887 - R:localhost/127.0.0.1:29874] for POST '/session/091e13a9871ad83c6054bfb3433afc96/execute/sync'
18:51:51.163 [AsyncHttpClient-1-14] DEBUG org.asynchttpclient.netty.handler.HttpHandler - 

Request DefaultHttpRequest(decodeResult: success, version: HTTP/1.1)
POST /session/091e13a9871ad83c6054bfb3433afc96/execute/sync HTTP/1.1
User-Agent: selenium/4.8.1 (java windows)
Content-Length: 176
Content-Type: application/json; charset=utf-8
host: localhost:29874
accept: */*

Response DefaultHttpResponse(decodeResult: success, version: HTTP/1.1)
HTTP/1.1 200 OK
Content-Length: 22237
Content-Type: application/json; charset=utf-8
cache-control: no-cache

18:51:51.163 [AsyncHttpClient-1-14] DEBUG org.asynchttpclient.netty.channel.ChannelManager - Adding key: http://localhost:29874 for channel [id: 0xadff20cf, L:/127.0.0.1:58887 - R:localhost/127.0.0.1:29874]
18:51:51.165 [Forwarding getCurrentUrl on session 091e13a9871ad83c6054bfb3433afc96 to remote] DEBUG org.asynchttpclient.netty.request.NettyRequestSender - Using pooled Channel '[id: 0xadff20cf, L:/127.0.0.1:58887 - R:localhost/127.0.0.1:29874]' for 'GET' to 'http://localhost:29874/session/091e13a9871ad83c6054bfb3433afc96/url'
18:51:51.165 [Forwarding getCurrentUrl on session 091e13a9871ad83c6054bfb3433afc96 to remote] DEBUG org.asynchttpclient.netty.request.NettyRequestSender - Using open Channel [id: 0xadff20cf, L:/127.0.0.1:58887 - R:localhost/127.0.0.1:29874] for GET '/session/091e13a9871ad83c6054bfb3433afc96/url'
18:51:51.171 [AsyncHttpClient-1-14] DEBUG org.asynchttpclient.netty.handler.HttpHandler - 

Request DefaultFullHttpRequest(decodeResult: success, version: HTTP/1.1, content: EmptyByteBufBE)
GET /session/091e13a9871ad83c6054bfb3433afc96/url HTTP/1.1
User-Agent: selenium/4.8.1 (java windows)
Cache-Control: no-cache
Content-Type: application/json; charset=utf-8
host: localhost:29874
accept: */*

Response DefaultHttpResponse(decodeResult: success, version: HTTP/1.1)
HTTP/1.1 200 OK
Content-Length: 51
Content-Type: application/json; charset=utf-8
cache-control: no-cache

18:51:51.171 [AsyncHttpClient-1-14] DEBUG org.asynchttpclient.netty.channel.ChannelManager - Adding key: http://localhost:29874 for channel [id: 0xadff20cf, L:/127.0.0.1:58887 - R:localhost/127.0.0.1:29874]
18:51:51.173 [main] DEBUG net.thucydides.core.steps.StepInterceptor - STARTING STEP: LoginSteps.iCanSeeErrorMessage - validateEqualErrorMessage
18:51:51.174 [Forwarding findElement on session 091e13a9871ad83c6054bfb3433afc96 to remote] DEBUG org.asynchttpclient.netty.request.NettyRequestSender - Using pooled Channel '[id: 0xadff20cf, L:/127.0.0.1:58887 - R:localhost/127.0.0.1:29874]' for 'POST' to 'http://localhost:29874/session/091e13a9871ad83c6054bfb3433afc96/element'
18:51:51.174 [Forwarding findElement on session 091e13a9871ad83c6054bfb3433afc96 to remote] DEBUG org.asynchttpclient.netty.request.NettyRequestSender - Using open Channel [id: 0xadff20cf, L:/127.0.0.1:58887 - R:localhost/127.0.0.1:29874] for POST '/session/091e13a9871ad83c6054bfb3433afc96/element'
18:51:51.181 [AsyncHttpClient-1-14] DEBUG org.asynchttpclient.netty.handler.HttpHandler - 

Request DefaultHttpRequest(decodeResult: success, version: HTTP/1.1)
POST /session/091e13a9871ad83c6054bfb3433afc96/element HTTP/1.1
User-Agent: selenium/4.8.1 (java windows)
Content-Length: 139
Content-Type: application/json; charset=utf-8
host: localhost:29874
accept: */*

Response DefaultHttpResponse(decodeResult: success, version: HTTP/1.1)
HTTP/1.1 200 OK
Content-Length: 88
Content-Type: application/json; charset=utf-8
cache-control: no-cache

18:51:51.181 [AsyncHttpClient-1-14] DEBUG org.asynchttpclient.netty.channel.ChannelManager - Adding key: http://localhost:29874 for channel [id: 0xadff20cf, L:/127.0.0.1:58887 - R:localhost/127.0.0.1:29874]
18:51:51.182 [Forwarding getElementText on session 091e13a9871ad83c6054bfb3433afc96 to remote] DEBUG org.asynchttpclient.netty.request.NettyRequestSender - Using pooled Channel '[id: 0xadff20cf, L:/127.0.0.1:58887 - R:localhost/127.0.0.1:29874]' for 'GET' to 'http://localhost:29874/session/091e13a9871ad83c6054bfb3433afc96/element/622ed37e-4432-452e-b765-62225f8e3814/text'
18:51:51.182 [Forwarding getElementText on session 091e13a9871ad83c6054bfb3433afc96 to remote] DEBUG org.asynchttpclient.netty.request.NettyRequestSender - Using open Channel [id: 0xadff20cf, L:/127.0.0.1:58887 - R:localhost/127.0.0.1:29874] for GET '/session/091e13a9871ad83c6054bfb3433afc96/element/622ed37e-4432-452e-b765-62225f8e3814/text'
18:51:51.200 [AsyncHttpClient-1-14] DEBUG org.asynchttpclient.netty.handler.HttpHandler - 

Request DefaultFullHttpRequest(decodeResult: success, version: HTTP/1.1, content: EmptyByteBufBE)
GET /session/091e13a9871ad83c6054bfb3433afc96/element/622ed37e-4432-452e-b765-62225f8e3814/text HTTP/1.1
User-Agent: selenium/4.8.1 (java windows)
Cache-Control: no-cache
Content-Type: application/json; charset=utf-8
host: localhost:29874
accept: */*

Response DefaultHttpResponse(decodeResult: success, version: HTTP/1.1)
HTTP/1.1 200 OK
Content-Length: 28
Content-Type: application/json; charset=utf-8
cache-control: no-cache

18:51:51.200 [AsyncHttpClient-1-14] DEBUG org.asynchttpclient.netty.channel.ChannelManager - Adding key: http://localhost:29874 for channel [id: 0xadff20cf, L:/127.0.0.1:58887 - R:localhost/127.0.0.1:29874]
18:51:51.205 [Forwarding getAlertText on session 091e13a9871ad83c6054bfb3433afc96 to remote] DEBUG org.asynchttpclient.netty.request.NettyRequestSender - Using pooled Channel '[id: 0xadff20cf, L:/127.0.0.1:58887 - R:localhost/127.0.0.1:29874]' for 'GET' to 'http://localhost:29874/session/091e13a9871ad83c6054bfb3433afc96/alert/text'
18:51:51.205 [Forwarding getAlertText on session 091e13a9871ad83c6054bfb3433afc96 to remote] DEBUG org.asynchttpclient.netty.request.NettyRequestSender - Using open Channel [id: 0xadff20cf, L:/127.0.0.1:58887 - R:localhost/127.0.0.1:29874] for GET '/session/091e13a9871ad83c6054bfb3433afc96/alert/text'
18:51:51.206 [AsyncHttpClient-1-14] DEBUG org.asynchttpclient.netty.handler.HttpHandler - 

Request DefaultFullHttpRequest(decodeResult: success, version: HTTP/1.1, content: EmptyByteBufBE)
GET /session/091e13a9871ad83c6054bfb3433afc96/alert/text HTTP/1.1
User-Agent: selenium/4.8.1 (java windows)
Cache-Control: no-cache
Content-Type: application/json; charset=utf-8
host: localhost:29874
accept: */*

Response DefaultHttpResponse(decodeResult: success, version: HTTP/1.1)
HTTP/1.1 404 Not Found
Content-Length: 809
Content-Type: application/json; charset=utf-8
cache-control: no-cache

18:51:51.207 [AsyncHttpClient-1-14] DEBUG org.asynchttpclient.netty.channel.ChannelManager - Adding key: http://localhost:29874 for channel [id: 0xadff20cf, L:/127.0.0.1:58887 - R:localhost/127.0.0.1:29874]
18:51:51.208 [Forwarding getCurrentUrl on session 091e13a9871ad83c6054bfb3433afc96 to remote] DEBUG org.asynchttpclient.netty.request.NettyRequestSender - Using pooled Channel '[id: 0xadff20cf, L:/127.0.0.1:58887 - R:localhost/127.0.0.1:29874]' for 'GET' to 'http://localhost:29874/session/091e13a9871ad83c6054bfb3433afc96/url'
18:51:51.208 [Forwarding getCurrentUrl on session 091e13a9871ad83c6054bfb3433afc96 to remote] DEBUG org.asynchttpclient.netty.request.NettyRequestSender - Using open Channel [id: 0xadff20cf, L:/127.0.0.1:58887 - R:localhost/127.0.0.1:29874] for GET '/session/091e13a9871ad83c6054bfb3433afc96/url'
18:51:51.212 [AsyncHttpClient-1-14] DEBUG org.asynchttpclient.netty.handler.HttpHandler - 

Request DefaultFullHttpRequest(decodeResult: success, version: HTTP/1.1, content: EmptyByteBufBE)
GET /session/091e13a9871ad83c6054bfb3433afc96/url HTTP/1.1
User-Agent: selenium/4.8.1 (java windows)
Cache-Control: no-cache
Content-Type: application/json; charset=utf-8
host: localhost:29874
accept: */*

Response DefaultHttpResponse(decodeResult: success, version: HTTP/1.1)
HTTP/1.1 200 OK
Content-Length: 51
Content-Type: application/json; charset=utf-8
cache-control: no-cache

18:51:51.212 [AsyncHttpClient-1-14] DEBUG org.asynchttpclient.netty.channel.ChannelManager - Adding key: http://localhost:29874 for channel [id: 0xadff20cf, L:/127.0.0.1:58887 - R:localhost/127.0.0.1:29874]
18:51:51.212 [Forwarding screenshot on session 091e13a9871ad83c6054bfb3433afc96 to remote] DEBUG org.asynchttpclient.netty.request.NettyRequestSender - Using pooled Channel '[id: 0xadff20cf, L:/127.0.0.1:58887 - R:localhost/127.0.0.1:29874]' for 'GET' to 'http://localhost:29874/session/091e13a9871ad83c6054bfb3433afc96/screenshot'
18:51:51.212 [Forwarding screenshot on session 091e13a9871ad83c6054bfb3433afc96 to remote] DEBUG org.asynchttpclient.netty.request.NettyRequestSender - Using open Channel [id: 0xadff20cf, L:/127.0.0.1:58887 - R:localhost/127.0.0.1:29874] for GET '/session/091e13a9871ad83c6054bfb3433afc96/screenshot'
18:51:51.367 [AsyncHttpClient-1-14] DEBUG org.asynchttpclient.netty.handler.HttpHandler - 

Request DefaultFullHttpRequest(decodeResult: success, version: HTTP/1.1, content: EmptyByteBufBE)
GET /session/091e13a9871ad83c6054bfb3433afc96/screenshot HTTP/1.1
User-Agent: selenium/4.8.1 (java windows)
Cache-Control: no-cache
Content-Type: application/json; charset=utf-8
host: localhost:29874
accept: */*

Response DefaultHttpResponse(decodeResult: success, version: HTTP/1.1)
HTTP/1.1 200 OK
Content-Length: 56728
Content-Type: application/json; charset=utf-8
cache-control: no-cache

18:51:51.368 [AsyncHttpClient-1-14] DEBUG org.asynchttpclient.netty.channel.ChannelManager - Adding key: http://localhost:29874 for channel [id: 0xadff20cf, L:/127.0.0.1:58887 - R:localhost/127.0.0.1:29874]
18:51:51.371 [main] DEBUG net.serenitybdd.core.photography.Darkroom - Send negative for processing for target\site\serenity\cf035599177a9c41681c2c6fb743ee1d00f29449f21c77770e04d3949948126d.png
18:51:51.371 [main] DEBUG net.thucydides.core.steps.StepInterceptor - STEP DONE: validateEqualErrorMessage
  &amp#27;[32mThen &amp#27;[0m&amp#27;[32mI can see error message &amp#27;[0m&amp#27;[32m&amp#27;[1m"record not found"&amp#27;[0m                          &amp#27;[90m# starter.stepdefinitions.LoginSteps.iCanSeeErrorMessage(java.lang.String)&amp#27;[0m
18:51:51.372 [Darkroom Processing Line] DEBUG net.serenitybdd.core.photography.DarkroomProcessingLine - Processing screenshot image in /var/screenshots/screenshot-4716817552864906075
18:51:51.372 [Darkroom Processing Line] DEBUG net.serenitybdd.core.photography.DarkroomProcessingLine - Saving screenshot to target\site\serenity\cf035599177a9c41681c2c6fb743ee1d00f29449f21c77770e04d3949948126d.png
18:51:51.377 [main] INFO  - 
  _____   ___   ___   _____     ___     _     ___   ___   ___   ___  
 |_   _| | __| / __| |_   _|   | _ \   /_\   / __| / __| | __| |   \ 
   | |   | _|  \__ \   | |     |  _/  / _ \  \__ \ \__ \ | _|  | |) |
   |_|   |___| |___/   |_|     |_|   /_/ \_\ |___/ |___/ |___| |___/ 

As user i have be able to failed login with account unregistered
----------------------------------------------------------------------
18:51:51.379 [AsyncHttpClient-1-16] DEBUG org.asynchttpclient.netty.handler.WebSocketHandler - Channel Closed: [id: 0x81c6b1d8, L:/127.0.0.1:58896 ! R:localhost/127.0.0.1:58888] with attribute NettyResponseFuture{currentRetry=0,
	isDone=1,
	isCancelled=0,
	asyncHandler=org.asynchttpclient.ws.WebSocketUpgradeHandler@87754c4,
	nettyRequest=org.asynchttpclient.netty.request.NettyRequest@4d75cbae,
	future=java.util.concurrent.CompletableFuture@367c3f2b[Completed normally],
	uri=ws://localhost:58888/devtools/browser/8bc2c19a-0928-4eba-aae2-a12042d1f172,
	keepAlive=true,
	redirectCount=0,
	timeoutsHolder=null,
	inAuth=0,
	touch=1683546707525}
18:51:51.379 [AsyncHttpClient-1-16] DEBUG org.asynchttpclient.netty.channel.ChannelManager - Closing Channel [id: 0x81c6b1d8, L:/127.0.0.1:58896 ! R:localhost/127.0.0.1:58888] 
18:51:51.379 [Driver Command Executor] DEBUG org.asynchttpclient.netty.request.NettyRequestSender - Using pooled Channel '[id: 0xadff20cf, L:/127.0.0.1:58887 - R:localhost/127.0.0.1:29874]' for 'DELETE' to 'http://localhost:29874/session/091e13a9871ad83c6054bfb3433afc96'
18:51:51.379 [Driver Command Executor] DEBUG org.asynchttpclient.netty.request.NettyRequestSender - Using open Channel [id: 0xadff20cf, L:/127.0.0.1:58887 - R:localhost/127.0.0.1:29874] for DELETE '/session/091e13a9871ad83c6054bfb3433afc96'
18:51:51.697 [AsyncHttpClient-1-15] DEBUG org.asynchttpclient.netty.handler.HttpHandler - Unexpected I/O exception on channel [id: 0x7c7bb8ec, L:/127.0.0.1:58895 - R:localhost/127.0.0.1:58888]
java.net.SocketException: Connection reset
	at java.base/sun.nio.ch.SocketChannelImpl.throwConnectionReset(SocketChannelImpl.java:394)
	at java.base/sun.nio.ch.SocketChannelImpl.read(SocketChannelImpl.java:426)
	at io.netty.buffer.PooledByteBuf.setBytes(PooledByteBuf.java:259)
	at io.netty.buffer.AbstractByteBuf.writeBytes(AbstractByteBuf.java:1132)
	at io.netty.channel.socket.nio.NioSocketChannel.doReadBytes(NioSocketChannel.java:357)
	at io.netty.channel.nio.AbstractNioByteChannel$NioByteUnsafe.read(AbstractNioByteChannel.java:151)
	at io.netty.channel.nio.NioEventLoop.processSelectedKey(NioEventLoop.java:788)
	at io.netty.channel.nio.NioEventLoop.processSelectedKeysOptimized(NioEventLoop.java:724)
	at io.netty.channel.nio.NioEventLoop.processSelectedKeys(NioEventLoop.java:650)
	at io.netty.channel.nio.NioEventLoop.run(NioEventLoop.java:562)
	at io.netty.util.concurrent.SingleThreadEventExecutor$4.run(SingleThreadEventExecutor.java:997)
	at io.netty.util.internal.ThreadExecutorMap$2.run(ThreadExecutorMap.java:74)
	at io.netty.util.concurrent.FastThreadLocalRunnable.run(FastThreadLocalRunnable.java:30)
	at java.base/java.lang.Thread.run(Thread.java:833)
18:51:51.697 [AsyncHttpClient-1-15] DEBUG org.asynchttpclient.netty.channel.ChannelManager - Closing Channel [id: 0x7c7bb8ec, L:/127.0.0.1:58895 - R:localhost/127.0.0.1:58888] 
18:51:51.697 [AsyncHttpClient-1-15] DEBUG org.asynchttpclient.netty.handler.HttpHandler - Channel Closed: [id: 0x7c7bb8ec, L:/127.0.0.1:58895 ! R:localhost/127.0.0.1:58888] with attribute DISCARD
18:51:51.734 [AsyncHttpClient-1-14] DEBUG org.asynchttpclient.netty.handler.HttpHandler - 

Request DefaultFullHttpRequest(decodeResult: success, version: HTTP/1.1, content: EmptyByteBufBE)
DELETE /session/091e13a9871ad83c6054bfb3433afc96 HTTP/1.1
User-Agent: selenium/4.8.1 (java windows)
Content-Type: application/json; charset=utf-8
host: localhost:29874
accept: */*

Response DefaultHttpResponse(decodeResult: success, version: HTTP/1.1)
HTTP/1.1 200 OK
Content-Length: 14
Content-Type: application/json; charset=utf-8
cache-control: no-cache

18:51:51.735 [AsyncHttpClient-1-14] DEBUG org.asynchttpclient.netty.channel.ChannelManager - Adding key: http://localhost:29874 for channel [id: 0xadff20cf, L:/127.0.0.1:58887 - R:localhost/127.0.0.1:29874]
18:51:51.837 [AsyncHttpClient-1-14] DEBUG org.asynchttpclient.netty.handler.HttpHandler - Channel Closed: [id: 0xadff20cf, L:/127.0.0.1:58887 ! R:localhost/127.0.0.1:29874] with attribute DISCARD
]]></system-out>
    <system-err><![CDATA[Starting ChromeDriver 111.0.5563.64 (c710e93d5b63b7095afe8c2c17df34408078439d-refs/branch-heads/5563@{#995}) on port 29874
Only local connections are allowed.
Please see https://chromedriver.chromium.org/security-considerations for suggestions on keeping ChromeDriver safe.
ChromeDriver was started successfully.
[1683546707.359][WARNING]: This version of ChromeDriver has not been tested with Chrome version 112.
May 08, 2023 6:51:47 PM org.openqa.selenium.devtools.CdpVersionFinder findNearestMatch
WARNING: Unable to find an exact match for CDP version 112, so returning the closest version found: 110
]]></system-err>
  </testcase>
  <testcase name="As user i have be able to failed login with invalid password" classname="Login" time="9.338">
    <system-out><![CDATA[
Scenario: As user i have be able to failed login with invalid password &amp#27;[90m# src/test/resources/features/login.feature:21&amp#27;[0m
18:51:51.897 [main] DEBUG io.cucumber.core.plugin.SerenityReporter - Running feature from file:///D:/alta/MiniProject/src/test/resources/features/login.feature
18:51:51.900 [main] INFO  - 
  _____   ___   ___   _____     ___   _____     _     ___   _____   ___   ___  
 |_   _| | __| / __| |_   _|   / __| |_   _|   /_\   | _ \ |_   _| | __| |   \ 
   | |   | _|  \__ \   | |     \__ \   | |    / _ \  |   /   | |   | _|  | |) |
   |_|   |___| |___/   |_|     |___/   |_|   /_/ \_\ |_|_\   |_|   |___| |___/ 

As user i have be able to failed login with invalid password(login;as-user-i-have-be-able-to-failed-login-with-invalid-password)
--------------------------------------------------------------------------------
18:51:51.967 [AsyncHttpClient-1-1] DEBUG org.asynchttpclient.netty.channel.DefaultChannelPool - Entry count for : http://localhost:29874 : 1
18:51:51.968 [AsyncHttpClient-1-1] DEBUG org.asynchttpclient.netty.channel.DefaultChannelPool - Entry count for : http://localhost:58888 : 1
18:51:51.968 [AsyncHttpClient-1-1] DEBUG org.asynchttpclient.netty.channel.DefaultChannelPool - Adding Candidate expired Channel [id: 0xadff20cf, L:/127.0.0.1:58887 ! R:localhost/127.0.0.1:29874] isIdleTimeoutExpired=false isRemotelyClosed=true isTtlExpired=false
18:51:51.968 [AsyncHttpClient-1-1] DEBUG org.asynchttpclient.netty.channel.DefaultChannelPool - Closing Idle Channel [id: 0xadff20cf, L:/127.0.0.1:58887 ! R:localhost/127.0.0.1:29874]
18:51:51.968 [AsyncHttpClient-1-1] DEBUG org.asynchttpclient.netty.channel.DefaultChannelPool - Adding Candidate expired Channel [id: 0x7c7bb8ec, L:/127.0.0.1:58895 ! R:localhost/127.0.0.1:58888] isIdleTimeoutExpired=false isRemotelyClosed=true isTtlExpired=false
18:51:51.968 [AsyncHttpClient-1-1] DEBUG org.asynchttpclient.netty.channel.DefaultChannelPool - Closing Idle Channel [id: 0x7c7bb8ec, L:/127.0.0.1:58895 ! R:localhost/127.0.0.1:58888]
18:51:51.968 [AsyncHttpClient-1-1] DEBUG org.asynchttpclient.netty.channel.DefaultChannelPool - Closed 2 connections out of 2 in 0 ms
18:51:51.976 [main] INFO net.serenitybdd.core.webdriver.driverproviders.ChromeDriverProvider - Starting Chrome driver instance with capabilities:
18:51:51.976 [main] INFO net.serenitybdd.core.webdriver.driverproviders.ChromeDriverProvider - Capabilities {acceptInsecureCerts: false, browserName: chrome, goog:chromeOptions: {args: [remote-allow-origins=*], extensions: []}}
18:51:52.093 [AsyncHttpClient-1-17] DEBUG org.asynchttpclient.netty.channel.NettyConnectListener - Using new Channel '[id: 0xba6bfa6b, L:/127.0.0.1:58913 - R:localhost/127.0.0.1:17726]' for 'POST' to '/session'
18:51:53.209 [AsyncHttpClient-1-17] DEBUG org.asynchttpclient.netty.handler.HttpHandler - 

Request DefaultHttpRequest(decodeResult: success, version: HTTP/1.1)
POST /session HTTP/1.1
User-Agent: selenium/4.8.1 (java windows)
Content-Length: 507
Content-Type: application/json; charset=utf-8
host: localhost:17726
accept: */*

Response DefaultHttpResponse(decodeResult: success, version: HTTP/1.1)
HTTP/1.1 200 OK
Content-Length: 862
Content-Type: application/json; charset=utf-8
cache-control: no-cache

18:51:53.210 [AsyncHttpClient-1-17] DEBUG org.asynchttpclient.netty.channel.ChannelManager - Adding key: http://localhost:17726 for channel [id: 0xba6bfa6b, L:/127.0.0.1:58913 - R:localhost/127.0.0.1:17726]
18:51:53.225 [AsyncHttpClient-1-2] DEBUG org.asynchttpclient.netty.channel.NettyConnectListener - Using new Channel '[id: 0x6ae50632, L:/127.0.0.1:58919 - R:localhost/127.0.0.1:58914]' for 'GET' to '/json/version'
18:51:53.227 [AsyncHttpClient-1-2] DEBUG org.asynchttpclient.netty.handler.HttpHandler - 

Request DefaultFullHttpRequest(decodeResult: success, version: HTTP/1.1, content: EmptyByteBufBE)
GET /json/version HTTP/1.1
User-Agent: selenium/4.8.1 (java windows)
host: localhost:58914
accept: */*

Response DefaultHttpResponse(decodeResult: success, version: HTTP/1.1)
HTTP/1.1 200 OK
Content-Security-Policy: frame-ancestors 'none'
Content-Length: 424
Content-Type: application/json; charset=UTF-8

18:51:53.227 [AsyncHttpClient-1-2] DEBUG org.asynchttpclient.netty.channel.ChannelManager - Adding key: http://localhost:58914 for channel [id: 0x6ae50632, L:/127.0.0.1:58919 - R:localhost/127.0.0.1:58914]
18:51:53.231 [AsyncHttpClient-1-3] DEBUG org.asynchttpclient.netty.channel.NettyConnectListener - Using new Channel '[id: 0xc16a2ea4, L:/127.0.0.1:58920 - R:localhost/127.0.0.1:58914]' for 'GET' to '/devtools/browser/907cbf43-ba92-4a63-a80d-705dc36ee0d6'
18:51:53.233 [AsyncHttpClient-1-3] DEBUG org.asynchttpclient.netty.handler.WebSocketHandler - 

Request DefaultFullHttpRequest(decodeResult: success, version: HTTP/1.1, content: EmptyByteBufBE)
GET /devtools/browser/907cbf43-ba92-4a63-a80d-705dc36ee0d6 HTTP/1.1
upgrade: websocket
connection: upgrade
sec-websocket-key: X9OKOJ+k6D8DOEDWlAE4bg==
sec-websocket-version: 13
origin: http://localhost:58914
host: localhost:58914
accept: */*
user-agent: AHC/2.1

Response DefaultHttpResponse(decodeResult: success, version: HTTP/1.1)
HTTP/1.1 101 WebSocket Protocol Handshake
Upgrade: WebSocket
Connection: Upgrade
Sec-WebSocket-Accept: htqySz+ccVB1X0Ndhgw1aTJXykY=

18:51:53.244 [Forwarding get on session 2d45176e4d6c5e7b0737615eda21cb66 to remote] DEBUG org.asynchttpclient.netty.request.NettyRequestSender - Using pooled Channel '[id: 0xba6bfa6b, L:/127.0.0.1:58913 - R:localhost/127.0.0.1:17726]' for 'POST' to 'http://localhost:17726/session/2d45176e4d6c5e7b0737615eda21cb66/url'
18:51:53.245 [Forwarding get on session 2d45176e4d6c5e7b0737615eda21cb66 to remote] DEBUG org.asynchttpclient.netty.request.NettyRequestSender - Using open Channel [id: 0xba6bfa6b, L:/127.0.0.1:58913 - R:localhost/127.0.0.1:17726] for POST '/session/2d45176e4d6c5e7b0737615eda21cb66/url'
18:51:54.169 [AsyncHttpClient-1-1] DEBUG org.asynchttpclient.netty.channel.DefaultChannelPool - Entry count for : http://localhost:58914 : 1
18:51:55.262 [AsyncHttpClient-1-1] DEBUG org.asynchttpclient.netty.channel.DefaultChannelPool - Entry count for : http://localhost:58914 : 1
18:51:55.938 [AsyncHttpClient-1-17] DEBUG org.asynchttpclient.netty.handler.HttpHandler - 

Request DefaultHttpRequest(decodeResult: success, version: HTTP/1.1)
POST /session/2d45176e4d6c5e7b0737615eda21cb66/url HTTP/1.1
User-Agent: selenium/4.8.1 (java windows)
Content-Length: 74
Content-Type: application/json; charset=utf-8
host: localhost:17726
accept: */*

Response DefaultHttpResponse(decodeResult: success, version: HTTP/1.1)
HTTP/1.1 200 OK
Content-Length: 14
Content-Type: application/json; charset=utf-8
cache-control: no-cache

18:51:55.938 [AsyncHttpClient-1-17] DEBUG org.asynchttpclient.netty.channel.ChannelManager - Adding key: http://localhost:17726 for channel [id: 0xba6bfa6b, L:/127.0.0.1:58913 - R:localhost/127.0.0.1:17726]
18:51:55.941 [Forwarding setTimeout on session 2d45176e4d6c5e7b0737615eda21cb66 to remote] DEBUG org.asynchttpclient.netty.request.NettyRequestSender - Using pooled Channel '[id: 0xba6bfa6b, L:/127.0.0.1:58913 - R:localhost/127.0.0.1:17726]' for 'POST' to 'http://localhost:17726/session/2d45176e4d6c5e7b0737615eda21cb66/timeouts'
18:51:55.942 [Forwarding setTimeout on session 2d45176e4d6c5e7b0737615eda21cb66 to remote] DEBUG org.asynchttpclient.netty.request.NettyRequestSender - Using open Channel [id: 0xba6bfa6b, L:/127.0.0.1:58913 - R:localhost/127.0.0.1:17726] for POST '/session/2d45176e4d6c5e7b0737615eda21cb66/timeouts'
18:51:55.946 [AsyncHttpClient-1-17] DEBUG org.asynchttpclient.netty.handler.HttpHandler - 

Request DefaultHttpRequest(decodeResult: success, version: HTTP/1.1)
POST /session/2d45176e4d6c5e7b0737615eda21cb66/timeouts HTTP/1.1
User-Agent: selenium/4.8.1 (java windows)
Content-Length: 22
Content-Type: application/json; charset=utf-8
host: localhost:17726
accept: */*

Response DefaultHttpResponse(decodeResult: success, version: HTTP/1.1)
HTTP/1.1 200 OK
Content-Length: 14
Content-Type: application/json; charset=utf-8
cache-control: no-cache

18:51:55.946 [AsyncHttpClient-1-17] DEBUG org.asynchttpclient.netty.channel.ChannelManager - Adding key: http://localhost:17726 for channel [id: 0xba6bfa6b, L:/127.0.0.1:58913 - R:localhost/127.0.0.1:17726]
18:51:55.977 [Forwarding getAlertText on session 2d45176e4d6c5e7b0737615eda21cb66 to remote] DEBUG org.asynchttpclient.netty.request.NettyRequestSender - Using pooled Channel '[id: 0xba6bfa6b, L:/127.0.0.1:58913 - R:localhost/127.0.0.1:17726]' for 'GET' to 'http://localhost:17726/session/2d45176e4d6c5e7b0737615eda21cb66/alert/text'
18:51:55.980 [Forwarding getAlertText on session 2d45176e4d6c5e7b0737615eda21cb66 to remote] DEBUG org.asynchttpclient.netty.request.NettyRequestSender - Using open Channel [id: 0xba6bfa6b, L:/127.0.0.1:58913 - R:localhost/127.0.0.1:17726] for GET '/session/2d45176e4d6c5e7b0737615eda21cb66/alert/text'
18:51:55.987 [AsyncHttpClient-1-17] DEBUG org.asynchttpclient.netty.handler.HttpHandler - 

Request DefaultFullHttpRequest(decodeResult: success, version: HTTP/1.1, content: EmptyByteBufBE)
GET /session/2d45176e4d6c5e7b0737615eda21cb66/alert/text HTTP/1.1
User-Agent: selenium/4.8.1 (java windows)
Cache-Control: no-cache
Content-Type: application/json; charset=utf-8
host: localhost:17726
accept: */*

Response DefaultHttpResponse(decodeResult: success, version: HTTP/1.1)
HTTP/1.1 404 Not Found
Content-Length: 809
Content-Type: application/json; charset=utf-8
cache-control: no-cache

18:51:55.988 [AsyncHttpClient-1-17] DEBUG org.asynchttpclient.netty.channel.ChannelManager - Adding key: http://localhost:17726 for channel [id: 0xba6bfa6b, L:/127.0.0.1:58913 - R:localhost/127.0.0.1:17726]
18:51:55.991 [Forwarding getCurrentUrl on session 2d45176e4d6c5e7b0737615eda21cb66 to remote] DEBUG org.asynchttpclient.netty.request.NettyRequestSender - Using pooled Channel '[id: 0xba6bfa6b, L:/127.0.0.1:58913 - R:localhost/127.0.0.1:17726]' for 'GET' to 'http://localhost:17726/session/2d45176e4d6c5e7b0737615eda21cb66/url'
18:51:55.991 [Forwarding getCurrentUrl on session 2d45176e4d6c5e7b0737615eda21cb66 to remote] DEBUG org.asynchttpclient.netty.request.NettyRequestSender - Using open Channel [id: 0xba6bfa6b, L:/127.0.0.1:58913 - R:localhost/127.0.0.1:17726] for GET '/session/2d45176e4d6c5e7b0737615eda21cb66/url'
18:51:56.014 [AsyncHttpClient-1-17] DEBUG org.asynchttpclient.netty.handler.HttpHandler - 

Request DefaultFullHttpRequest(decodeResult: success, version: HTTP/1.1, content: EmptyByteBufBE)
GET /session/2d45176e4d6c5e7b0737615eda21cb66/url HTTP/1.1
User-Agent: selenium/4.8.1 (java windows)
Cache-Control: no-cache
Content-Type: application/json; charset=utf-8
host: localhost:17726
accept: */*

Response DefaultHttpResponse(decodeResult: success, version: HTTP/1.1)
HTTP/1.1 200 OK
Content-Length: 51
Content-Type: application/json; charset=utf-8
cache-control: no-cache

18:51:56.014 [AsyncHttpClient-1-17] DEBUG org.asynchttpclient.netty.channel.ChannelManager - Adding key: http://localhost:17726 for channel [id: 0xba6bfa6b, L:/127.0.0.1:58913 - R:localhost/127.0.0.1:17726]
18:51:56.015 [Forwarding screenshot on session 2d45176e4d6c5e7b0737615eda21cb66 to remote] DEBUG org.asynchttpclient.netty.request.NettyRequestSender - Using pooled Channel '[id: 0xba6bfa6b, L:/127.0.0.1:58913 - R:localhost/127.0.0.1:17726]' for 'GET' to 'http://localhost:17726/session/2d45176e4d6c5e7b0737615eda21cb66/screenshot'
18:51:56.015 [Forwarding screenshot on session 2d45176e4d6c5e7b0737615eda21cb66 to remote] DEBUG org.asynchttpclient.netty.request.NettyRequestSender - Using open Channel [id: 0xba6bfa6b, L:/127.0.0.1:58913 - R:localhost/127.0.0.1:17726] for GET '/session/2d45176e4d6c5e7b0737615eda21cb66/screenshot'
18:51:56.230 [AsyncHttpClient-1-17] DEBUG org.asynchttpclient.netty.handler.HttpHandler - 

Request DefaultFullHttpRequest(decodeResult: success, version: HTTP/1.1, content: EmptyByteBufBE)
GET /session/2d45176e4d6c5e7b0737615eda21cb66/screenshot HTTP/1.1
User-Agent: selenium/4.8.1 (java windows)
Cache-Control: no-cache
Content-Type: application/json; charset=utf-8
host: localhost:17726
accept: */*

Response DefaultHttpResponse(decodeResult: success, version: HTTP/1.1)
HTTP/1.1 200 OK
Content-Length: 37716
Content-Type: application/json; charset=utf-8
cache-control: no-cache

18:51:56.231 [AsyncHttpClient-1-17] DEBUG org.asynchttpclient.netty.channel.ChannelManager - Adding key: http://localhost:17726 for channel [id: 0xba6bfa6b, L:/127.0.0.1:58913 - R:localhost/127.0.0.1:17726]
18:51:56.234 [main] DEBUG net.serenitybdd.core.photography.Darkroom - Send negative for processing for target\site\serenity\33332457f5fcf49f454ccd10d3fe1f87607ab26fa20055fdbcc9b0598dc64b75.png
18:51:56.237 [Forwarding getPageSource on session 2d45176e4d6c5e7b0737615eda21cb66 to remote] DEBUG org.asynchttpclient.netty.request.NettyRequestSender - Using pooled Channel '[id: 0xba6bfa6b, L:/127.0.0.1:58913 - R:localhost/127.0.0.1:17726]' for 'POST' to 'http://localhost:17726/session/2d45176e4d6c5e7b0737615eda21cb66/execute/sync'
18:51:56.237 [Forwarding getPageSource on session 2d45176e4d6c5e7b0737615eda21cb66 to remote] DEBUG org.asynchttpclient.netty.request.NettyRequestSender - Using open Channel [id: 0xba6bfa6b, L:/127.0.0.1:58913 - R:localhost/127.0.0.1:17726] for POST '/session/2d45176e4d6c5e7b0737615eda21cb66/execute/sync'
18:51:56.247 [AsyncHttpClient-1-17] DEBUG org.asynchttpclient.netty.handler.HttpHandler - 

Request DefaultHttpRequest(decodeResult: success, version: HTTP/1.1)
POST /session/2d45176e4d6c5e7b0737615eda21cb66/execute/sync HTTP/1.1
User-Agent: selenium/4.8.1 (java windows)
Content-Length: 176
Content-Type: application/json; charset=utf-8
host: localhost:17726
accept: */*

Response DefaultHttpResponse(decodeResult: success, version: HTTP/1.1)
HTTP/1.1 200 OK
Content-Length: 21659
Content-Type: application/json; charset=utf-8
cache-control: no-cache

18:51:56.248 [AsyncHttpClient-1-17] DEBUG org.asynchttpclient.netty.channel.ChannelManager - Adding key: http://localhost:17726 for channel [id: 0xba6bfa6b, L:/127.0.0.1:58913 - R:localhost/127.0.0.1:17726]
18:51:56.251 [Forwarding getCurrentUrl on session 2d45176e4d6c5e7b0737615eda21cb66 to remote] DEBUG org.asynchttpclient.netty.request.NettyRequestSender - Using pooled Channel '[id: 0xba6bfa6b, L:/127.0.0.1:58913 - R:localhost/127.0.0.1:17726]' for 'GET' to 'http://localhost:17726/session/2d45176e4d6c5e7b0737615eda21cb66/url'
18:51:56.251 [Forwarding getCurrentUrl on session 2d45176e4d6c5e7b0737615eda21cb66 to remote] DEBUG org.asynchttpclient.netty.request.NettyRequestSender - Using open Channel [id: 0xba6bfa6b, L:/127.0.0.1:58913 - R:localhost/127.0.0.1:17726] for GET '/session/2d45176e4d6c5e7b0737615eda21cb66/url'
18:51:56.256 [AsyncHttpClient-1-17] DEBUG org.asynchttpclient.netty.handler.HttpHandler - 

Request DefaultFullHttpRequest(decodeResult: success, version: HTTP/1.1, content: EmptyByteBufBE)
GET /session/2d45176e4d6c5e7b0737615eda21cb66/url HTTP/1.1
User-Agent: selenium/4.8.1 (java windows)
Cache-Control: no-cache
Content-Type: application/json; charset=utf-8
host: localhost:17726
accept: */*

Response DefaultHttpResponse(decodeResult: success, version: HTTP/1.1)
HTTP/1.1 200 OK
Content-Length: 51
Content-Type: application/json; charset=utf-8
cache-control: no-cache

18:51:56.257 [AsyncHttpClient-1-17] DEBUG org.asynchttpclient.netty.channel.ChannelManager - Adding key: http://localhost:17726 for channel [id: 0xba6bfa6b, L:/127.0.0.1:58913 - R:localhost/127.0.0.1:17726]
18:51:56.262 [main] DEBUG net.thucydides.core.steps.StepInterceptor - STARTING STEP: LoginSteps.onLoginPage - validateOnLoginPage
18:51:56.264 [Forwarding findElement on session 2d45176e4d6c5e7b0737615eda21cb66 to remote] DEBUG org.asynchttpclient.netty.request.NettyRequestSender - Using pooled Channel '[id: 0xba6bfa6b, L:/127.0.0.1:58913 - R:localhost/127.0.0.1:17726]' for 'POST' to 'http://localhost:17726/session/2d45176e4d6c5e7b0737615eda21cb66/element'
18:51:56.265 [Forwarding findElement on session 2d45176e4d6c5e7b0737615eda21cb66 to remote] DEBUG org.asynchttpclient.netty.request.NettyRequestSender - Using open Channel [id: 0xba6bfa6b, L:/127.0.0.1:58913 - R:localhost/127.0.0.1:17726] for POST '/session/2d45176e4d6c5e7b0737615eda21cb66/element'
18:51:56.292 [AsyncHttpClient-1-17] DEBUG org.asynchttpclient.netty.handler.HttpHandler - 

Request DefaultHttpRequest(decodeResult: success, version: HTTP/1.1)
POST /session/2d45176e4d6c5e7b0737615eda21cb66/element HTTP/1.1
User-Agent: selenium/4.8.1 (java windows)
Content-Length: 141
Content-Type: application/json; charset=utf-8
host: localhost:17726
accept: */*

Response DefaultHttpResponse(decodeResult: success, version: HTTP/1.1)
HTTP/1.1 200 OK
Content-Length: 88
Content-Type: application/json; charset=utf-8
cache-control: no-cache

18:51:56.293 [AsyncHttpClient-1-17] DEBUG org.asynchttpclient.netty.channel.ChannelManager - Adding key: http://localhost:17726 for channel [id: 0xba6bfa6b, L:/127.0.0.1:58913 - R:localhost/127.0.0.1:17726]
18:51:56.296 [Forwarding isElementDisplayed on session 2d45176e4d6c5e7b0737615eda21cb66 to remote] DEBUG org.asynchttpclient.netty.request.NettyRequestSender - Using pooled Channel '[id: 0xba6bfa6b, L:/127.0.0.1:58913 - R:localhost/127.0.0.1:17726]' for 'POST' to 'http://localhost:17726/session/2d45176e4d6c5e7b0737615eda21cb66/execute/sync'
18:51:56.297 [Forwarding isElementDisplayed on session 2d45176e4d6c5e7b0737615eda21cb66 to remote] DEBUG org.asynchttpclient.netty.request.NettyRequestSender - Using open Channel [id: 0xba6bfa6b, L:/127.0.0.1:58913 - R:localhost/127.0.0.1:17726] for POST '/session/2d45176e4d6c5e7b0737615eda21cb66/execute/sync'
18:51:56.319 [AsyncHttpClient-1-17] DEBUG org.asynchttpclient.netty.handler.HttpHandler - 

Request DefaultHttpRequest(decodeResult: success, version: HTTP/1.1)
POST /session/2d45176e4d6c5e7b0737615eda21cb66/execute/sync HTTP/1.1
User-Agent: selenium/4.8.1 (java windows)
Content-Length: 48807
Content-Type: application/json; charset=utf-8
host: localhost:17726
accept: */*

Response DefaultHttpResponse(decodeResult: success, version: HTTP/1.1)
HTTP/1.1 200 OK
Content-Length: 14
Content-Type: application/json; charset=utf-8
cache-control: no-cache

18:51:56.319 [AsyncHttpClient-1-17] DEBUG org.asynchttpclient.netty.channel.ChannelManager - Adding key: http://localhost:17726 for channel [id: 0xba6bfa6b, L:/127.0.0.1:58913 - R:localhost/127.0.0.1:17726]
18:51:56.329 [Forwarding getAlertText on session 2d45176e4d6c5e7b0737615eda21cb66 to remote] DEBUG org.asynchttpclient.netty.request.NettyRequestSender - Using pooled Channel '[id: 0xba6bfa6b, L:/127.0.0.1:58913 - R:localhost/127.0.0.1:17726]' for 'GET' to 'http://localhost:17726/session/2d45176e4d6c5e7b0737615eda21cb66/alert/text'
18:51:56.329 [Forwarding getAlertText on session 2d45176e4d6c5e7b0737615eda21cb66 to remote] DEBUG org.asynchttpclient.netty.request.NettyRequestSender - Using open Channel [id: 0xba6bfa6b, L:/127.0.0.1:58913 - R:localhost/127.0.0.1:17726] for GET '/session/2d45176e4d6c5e7b0737615eda21cb66/alert/text'
18:51:56.331 [AsyncHttpClient-1-17] DEBUG org.asynchttpclient.netty.handler.HttpHandler - 

Request DefaultFullHttpRequest(decodeResult: success, version: HTTP/1.1, content: EmptyByteBufBE)
GET /session/2d45176e4d6c5e7b0737615eda21cb66/alert/text HTTP/1.1
User-Agent: selenium/4.8.1 (java windows)
Cache-Control: no-cache
Content-Type: application/json; charset=utf-8
host: localhost:17726
accept: */*

Response DefaultHttpResponse(decodeResult: success, version: HTTP/1.1)
HTTP/1.1 404 Not Found
Content-Length: 809
Content-Type: application/json; charset=utf-8
cache-control: no-cache

18:51:56.331 [AsyncHttpClient-1-17] DEBUG org.asynchttpclient.netty.channel.ChannelManager - Adding key: http://localhost:17726 for channel [id: 0xba6bfa6b, L:/127.0.0.1:58913 - R:localhost/127.0.0.1:17726]
18:51:56.333 [Forwarding getCurrentUrl on session 2d45176e4d6c5e7b0737615eda21cb66 to remote] DEBUG org.asynchttpclient.netty.request.NettyRequestSender - Using pooled Channel '[id: 0xba6bfa6b, L:/127.0.0.1:58913 - R:localhost/127.0.0.1:17726]' for 'GET' to 'http://localhost:17726/session/2d45176e4d6c5e7b0737615eda21cb66/url'
18:51:56.333 [Forwarding getCurrentUrl on session 2d45176e4d6c5e7b0737615eda21cb66 to remote] DEBUG org.asynchttpclient.netty.request.NettyRequestSender - Using open Channel [id: 0xba6bfa6b, L:/127.0.0.1:58913 - R:localhost/127.0.0.1:17726] for GET '/session/2d45176e4d6c5e7b0737615eda21cb66/url'
18:51:56.339 [AsyncHttpClient-1-17] DEBUG org.asynchttpclient.netty.handler.HttpHandler - 

Request DefaultFullHttpRequest(decodeResult: success, version: HTTP/1.1, content: EmptyByteBufBE)
GET /session/2d45176e4d6c5e7b0737615eda21cb66/url HTTP/1.1
User-Agent: selenium/4.8.1 (java windows)
Cache-Control: no-cache
Content-Type: application/json; charset=utf-8
host: localhost:17726
accept: */*

Response DefaultHttpResponse(decodeResult: success, version: HTTP/1.1)
HTTP/1.1 200 OK
Content-Length: 51
Content-Type: application/json; charset=utf-8
cache-control: no-cache

18:51:56.339 [AsyncHttpClient-1-17] DEBUG org.asynchttpclient.netty.channel.ChannelManager - Adding key: http://localhost:17726 for channel [id: 0xba6bfa6b, L:/127.0.0.1:58913 - R:localhost/127.0.0.1:17726]
18:51:56.339 [Forwarding screenshot on session 2d45176e4d6c5e7b0737615eda21cb66 to remote] DEBUG org.asynchttpclient.netty.request.NettyRequestSender - Using pooled Channel '[id: 0xba6bfa6b, L:/127.0.0.1:58913 - R:localhost/127.0.0.1:17726]' for 'GET' to 'http://localhost:17726/session/2d45176e4d6c5e7b0737615eda21cb66/screenshot'
18:51:56.339 [Forwarding screenshot on session 2d45176e4d6c5e7b0737615eda21cb66 to remote] DEBUG org.asynchttpclient.netty.request.NettyRequestSender - Using open Channel [id: 0xba6bfa6b, L:/127.0.0.1:58913 - R:localhost/127.0.0.1:17726] for GET '/session/2d45176e4d6c5e7b0737615eda21cb66/screenshot'
18:51:56.370 [AsyncHttpClient-1-1] DEBUG org.asynchttpclient.netty.channel.DefaultChannelPool - Entry count for : http://localhost:58914 : 1
18:51:56.512 [AsyncHttpClient-1-17] DEBUG org.asynchttpclient.netty.handler.HttpHandler - 

Request DefaultFullHttpRequest(decodeResult: success, version: HTTP/1.1, content: EmptyByteBufBE)
GET /session/2d45176e4d6c5e7b0737615eda21cb66/screenshot HTTP/1.1
User-Agent: selenium/4.8.1 (java windows)
Cache-Control: no-cache
Content-Type: application/json; charset=utf-8
host: localhost:17726
accept: */*

Response DefaultHttpResponse(decodeResult: success, version: HTTP/1.1)
HTTP/1.1 200 OK
Content-Length: 37716
Content-Type: application/json; charset=utf-8
cache-control: no-cache

18:51:56.513 [AsyncHttpClient-1-17] DEBUG org.asynchttpclient.netty.channel.ChannelManager - Adding key: http://localhost:17726 for channel [id: 0xba6bfa6b, L:/127.0.0.1:58913 - R:localhost/127.0.0.1:17726]
18:51:56.517 [main] DEBUG net.serenitybdd.core.photography.Darkroom - Send negative for processing for target\site\serenity\33332457f5fcf49f454ccd10d3fe1f87607ab26fa20055fdbcc9b0598dc64b75.png
18:51:56.517 [main] DEBUG net.thucydides.core.steps.StepInterceptor - STEP DONE: validateOnLoginPage
  &amp#27;[32mGiven &amp#27;[0m&amp#27;[32mI am on the login page&amp#27;[0m                                         &amp#27;[90m# starter.stepdefinitions.LoginSteps.onLoginPage()&amp#27;[0m
18:51:56.542 [Forwarding getPageSource on session 2d45176e4d6c5e7b0737615eda21cb66 to remote] DEBUG org.asynchttpclient.netty.request.NettyRequestSender - Using pooled Channel '[id: 0xba6bfa6b, L:/127.0.0.1:58913 - R:localhost/127.0.0.1:17726]' for 'POST' to 'http://localhost:17726/session/2d45176e4d6c5e7b0737615eda21cb66/execute/sync'
18:51:56.542 [Forwarding getPageSource on session 2d45176e4d6c5e7b0737615eda21cb66 to remote] DEBUG org.asynchttpclient.netty.request.NettyRequestSender - Using open Channel [id: 0xba6bfa6b, L:/127.0.0.1:58913 - R:localhost/127.0.0.1:17726] for POST '/session/2d45176e4d6c5e7b0737615eda21cb66/execute/sync'
18:51:56.549 [AsyncHttpClient-1-17] DEBUG org.asynchttpclient.netty.handler.HttpHandler - 

Request DefaultHttpRequest(decodeResult: success, version: HTTP/1.1)
POST /session/2d45176e4d6c5e7b0737615eda21cb66/execute/sync HTTP/1.1
User-Agent: selenium/4.8.1 (java windows)
Content-Length: 176
Content-Type: application/json; charset=utf-8
host: localhost:17726
accept: */*

Response DefaultHttpResponse(decodeResult: success, version: HTTP/1.1)
HTTP/1.1 200 OK
Content-Length: 21659
Content-Type: application/json; charset=utf-8
cache-control: no-cache

18:51:56.549 [AsyncHttpClient-1-17] DEBUG org.asynchttpclient.netty.channel.ChannelManager - Adding key: http://localhost:17726 for channel [id: 0xba6bfa6b, L:/127.0.0.1:58913 - R:localhost/127.0.0.1:17726]
18:51:56.553 [Forwarding getCurrentUrl on session 2d45176e4d6c5e7b0737615eda21cb66 to remote] DEBUG org.asynchttpclient.netty.request.NettyRequestSender - Using pooled Channel '[id: 0xba6bfa6b, L:/127.0.0.1:58913 - R:localhost/127.0.0.1:17726]' for 'GET' to 'http://localhost:17726/session/2d45176e4d6c5e7b0737615eda21cb66/url'
18:51:56.553 [Forwarding getCurrentUrl on session 2d45176e4d6c5e7b0737615eda21cb66 to remote] DEBUG org.asynchttpclient.netty.request.NettyRequestSender - Using open Channel [id: 0xba6bfa6b, L:/127.0.0.1:58913 - R:localhost/127.0.0.1:17726] for GET '/session/2d45176e4d6c5e7b0737615eda21cb66/url'
18:51:56.558 [AsyncHttpClient-1-17] DEBUG org.asynchttpclient.netty.handler.HttpHandler - 

Request DefaultFullHttpRequest(decodeResult: success, version: HTTP/1.1, content: EmptyByteBufBE)
GET /session/2d45176e4d6c5e7b0737615eda21cb66/url HTTP/1.1
User-Agent: selenium/4.8.1 (java windows)
Cache-Control: no-cache
Content-Type: application/json; charset=utf-8
host: localhost:17726
accept: */*

Response DefaultHttpResponse(decodeResult: success, version: HTTP/1.1)
HTTP/1.1 200 OK
Content-Length: 51
Content-Type: application/json; charset=utf-8
cache-control: no-cache

18:51:56.558 [AsyncHttpClient-1-17] DEBUG org.asynchttpclient.netty.channel.ChannelManager - Adding key: http://localhost:17726 for channel [id: 0xba6bfa6b, L:/127.0.0.1:58913 - R:localhost/127.0.0.1:17726]
18:51:56.574 [Forwarding getAlertText on session 2d45176e4d6c5e7b0737615eda21cb66 to remote] DEBUG org.asynchttpclient.netty.request.NettyRequestSender - Using pooled Channel '[id: 0xba6bfa6b, L:/127.0.0.1:58913 - R:localhost/127.0.0.1:17726]' for 'GET' to 'http://localhost:17726/session/2d45176e4d6c5e7b0737615eda21cb66/alert/text'
18:51:56.575 [Forwarding getAlertText on session 2d45176e4d6c5e7b0737615eda21cb66 to remote] DEBUG org.asynchttpclient.netty.request.NettyRequestSender - Using open Channel [id: 0xba6bfa6b, L:/127.0.0.1:58913 - R:localhost/127.0.0.1:17726] for GET '/session/2d45176e4d6c5e7b0737615eda21cb66/alert/text'
18:51:56.577 [AsyncHttpClient-1-17] DEBUG org.asynchttpclient.netty.handler.HttpHandler - 

Request DefaultFullHttpRequest(decodeResult: success, version: HTTP/1.1, content: EmptyByteBufBE)
GET /session/2d45176e4d6c5e7b0737615eda21cb66/alert/text HTTP/1.1
User-Agent: selenium/4.8.1 (java windows)
Cache-Control: no-cache
Content-Type: application/json; charset=utf-8
host: localhost:17726
accept: */*

Response DefaultHttpResponse(decodeResult: success, version: HTTP/1.1)
HTTP/1.1 404 Not Found
Content-Length: 809
Content-Type: application/json; charset=utf-8
cache-control: no-cache

18:51:56.577 [AsyncHttpClient-1-17] DEBUG org.asynchttpclient.netty.channel.ChannelManager - Adding key: http://localhost:17726 for channel [id: 0xba6bfa6b, L:/127.0.0.1:58913 - R:localhost/127.0.0.1:17726]
18:51:56.578 [Forwarding getCurrentUrl on session 2d45176e4d6c5e7b0737615eda21cb66 to remote] DEBUG org.asynchttpclient.netty.request.NettyRequestSender - Using pooled Channel '[id: 0xba6bfa6b, L:/127.0.0.1:58913 - R:localhost/127.0.0.1:17726]' for 'GET' to 'http://localhost:17726/session/2d45176e4d6c5e7b0737615eda21cb66/url'
18:51:56.578 [Forwarding getCurrentUrl on session 2d45176e4d6c5e7b0737615eda21cb66 to remote] DEBUG org.asynchttpclient.netty.request.NettyRequestSender - Using open Channel [id: 0xba6bfa6b, L:/127.0.0.1:58913 - R:localhost/127.0.0.1:17726] for GET '/session/2d45176e4d6c5e7b0737615eda21cb66/url'
18:51:56.582 [AsyncHttpClient-1-17] DEBUG org.asynchttpclient.netty.handler.HttpHandler - 

Request DefaultFullHttpRequest(decodeResult: success, version: HTTP/1.1, content: EmptyByteBufBE)
GET /session/2d45176e4d6c5e7b0737615eda21cb66/url HTTP/1.1
User-Agent: selenium/4.8.1 (java windows)
Cache-Control: no-cache
Content-Type: application/json; charset=utf-8
host: localhost:17726
accept: */*

Response DefaultHttpResponse(decodeResult: success, version: HTTP/1.1)
HTTP/1.1 200 OK
Content-Length: 51
Content-Type: application/json; charset=utf-8
cache-control: no-cache

18:51:56.582 [AsyncHttpClient-1-17] DEBUG org.asynchttpclient.netty.channel.ChannelManager - Adding key: http://localhost:17726 for channel [id: 0xba6bfa6b, L:/127.0.0.1:58913 - R:localhost/127.0.0.1:17726]
18:51:56.583 [Forwarding screenshot on session 2d45176e4d6c5e7b0737615eda21cb66 to remote] DEBUG org.asynchttpclient.netty.request.NettyRequestSender - Using pooled Channel '[id: 0xba6bfa6b, L:/127.0.0.1:58913 - R:localhost/127.0.0.1:17726]' for 'GET' to 'http://localhost:17726/session/2d45176e4d6c5e7b0737615eda21cb66/screenshot'
18:51:56.583 [Forwarding screenshot on session 2d45176e4d6c5e7b0737615eda21cb66 to remote] DEBUG org.asynchttpclient.netty.request.NettyRequestSender - Using open Channel [id: 0xba6bfa6b, L:/127.0.0.1:58913 - R:localhost/127.0.0.1:17726] for GET '/session/2d45176e4d6c5e7b0737615eda21cb66/screenshot'
18:51:56.764 [AsyncHttpClient-1-17] DEBUG org.asynchttpclient.netty.handler.HttpHandler - 

Request DefaultFullHttpRequest(decodeResult: success, version: HTTP/1.1, content: EmptyByteBufBE)
GET /session/2d45176e4d6c5e7b0737615eda21cb66/screenshot HTTP/1.1
User-Agent: selenium/4.8.1 (java windows)
Cache-Control: no-cache
Content-Type: application/json; charset=utf-8
host: localhost:17726
accept: */*

Response DefaultHttpResponse(decodeResult: success, version: HTTP/1.1)
HTTP/1.1 200 OK
Content-Length: 37716
Content-Type: application/json; charset=utf-8
cache-control: no-cache

18:51:56.764 [AsyncHttpClient-1-17] DEBUG org.asynchttpclient.netty.channel.ChannelManager - Adding key: http://localhost:17726 for channel [id: 0xba6bfa6b, L:/127.0.0.1:58913 - R:localhost/127.0.0.1:17726]
18:51:56.767 [main] DEBUG net.serenitybdd.core.photography.Darkroom - Send negative for processing for target\site\serenity\33332457f5fcf49f454ccd10d3fe1f87607ab26fa20055fdbcc9b0598dc64b75.png
18:51:56.770 [Forwarding getPageSource on session 2d45176e4d6c5e7b0737615eda21cb66 to remote] DEBUG org.asynchttpclient.netty.request.NettyRequestSender - Using pooled Channel '[id: 0xba6bfa6b, L:/127.0.0.1:58913 - R:localhost/127.0.0.1:17726]' for 'POST' to 'http://localhost:17726/session/2d45176e4d6c5e7b0737615eda21cb66/execute/sync'
18:51:56.770 [Forwarding getPageSource on session 2d45176e4d6c5e7b0737615eda21cb66 to remote] DEBUG org.asynchttpclient.netty.request.NettyRequestSender - Using open Channel [id: 0xba6bfa6b, L:/127.0.0.1:58913 - R:localhost/127.0.0.1:17726] for POST '/session/2d45176e4d6c5e7b0737615eda21cb66/execute/sync'
18:51:56.777 [AsyncHttpClient-1-17] DEBUG org.asynchttpclient.netty.handler.HttpHandler - 

Request DefaultHttpRequest(decodeResult: success, version: HTTP/1.1)
POST /session/2d45176e4d6c5e7b0737615eda21cb66/execute/sync HTTP/1.1
User-Agent: selenium/4.8.1 (java windows)
Content-Length: 176
Content-Type: application/json; charset=utf-8
host: localhost:17726
accept: */*

Response DefaultHttpResponse(decodeResult: success, version: HTTP/1.1)
HTTP/1.1 200 OK
Content-Length: 21659
Content-Type: application/json; charset=utf-8
cache-control: no-cache

18:51:56.777 [AsyncHttpClient-1-17] DEBUG org.asynchttpclient.netty.channel.ChannelManager - Adding key: http://localhost:17726 for channel [id: 0xba6bfa6b, L:/127.0.0.1:58913 - R:localhost/127.0.0.1:17726]
18:51:56.782 [Forwarding getCurrentUrl on session 2d45176e4d6c5e7b0737615eda21cb66 to remote] DEBUG org.asynchttpclient.netty.request.NettyRequestSender - Using pooled Channel '[id: 0xba6bfa6b, L:/127.0.0.1:58913 - R:localhost/127.0.0.1:17726]' for 'GET' to 'http://localhost:17726/session/2d45176e4d6c5e7b0737615eda21cb66/url'
18:51:56.782 [Forwarding getCurrentUrl on session 2d45176e4d6c5e7b0737615eda21cb66 to remote] DEBUG org.asynchttpclient.netty.request.NettyRequestSender - Using open Channel [id: 0xba6bfa6b, L:/127.0.0.1:58913 - R:localhost/127.0.0.1:17726] for GET '/session/2d45176e4d6c5e7b0737615eda21cb66/url'
18:51:56.787 [AsyncHttpClient-1-17] DEBUG org.asynchttpclient.netty.handler.HttpHandler - 

Request DefaultFullHttpRequest(decodeResult: success, version: HTTP/1.1, content: EmptyByteBufBE)
GET /session/2d45176e4d6c5e7b0737615eda21cb66/url HTTP/1.1
User-Agent: selenium/4.8.1 (java windows)
Cache-Control: no-cache
Content-Type: application/json; charset=utf-8
host: localhost:17726
accept: */*

Response DefaultHttpResponse(decodeResult: success, version: HTTP/1.1)
HTTP/1.1 200 OK
Content-Length: 51
Content-Type: application/json; charset=utf-8
cache-control: no-cache

18:51:56.787 [AsyncHttpClient-1-17] DEBUG org.asynchttpclient.netty.channel.ChannelManager - Adding key: http://localhost:17726 for channel [id: 0xba6bfa6b, L:/127.0.0.1:58913 - R:localhost/127.0.0.1:17726]
18:51:56.793 [main] DEBUG net.thucydides.core.steps.StepInterceptor - STARTING STEP: LoginSteps.enterEmailOnLogin - inputEmail
18:51:56.801 [Forwarding findElement on session 2d45176e4d6c5e7b0737615eda21cb66 to remote] DEBUG org.asynchttpclient.netty.request.NettyRequestSender - Using pooled Channel '[id: 0xba6bfa6b, L:/127.0.0.1:58913 - R:localhost/127.0.0.1:17726]' for 'POST' to 'http://localhost:17726/session/2d45176e4d6c5e7b0737615eda21cb66/element'
18:51:56.801 [Forwarding findElement on session 2d45176e4d6c5e7b0737615eda21cb66 to remote] DEBUG org.asynchttpclient.netty.request.NettyRequestSender - Using open Channel [id: 0xba6bfa6b, L:/127.0.0.1:58913 - R:localhost/127.0.0.1:17726] for POST '/session/2d45176e4d6c5e7b0737615eda21cb66/element'
18:51:56.821 [AsyncHttpClient-1-17] DEBUG org.asynchttpclient.netty.handler.HttpHandler - 

Request DefaultHttpRequest(decodeResult: success, version: HTTP/1.1)
POST /session/2d45176e4d6c5e7b0737615eda21cb66/element HTTP/1.1
User-Agent: selenium/4.8.1 (java windows)
Content-Length: 70
Content-Type: application/json; charset=utf-8
host: localhost:17726
accept: */*

Response DefaultHttpResponse(decodeResult: success, version: HTTP/1.1)
HTTP/1.1 200 OK
Content-Length: 88
Content-Type: application/json; charset=utf-8
cache-control: no-cache

18:51:56.821 [AsyncHttpClient-1-17] DEBUG org.asynchttpclient.netty.channel.ChannelManager - Adding key: http://localhost:17726 for channel [id: 0xba6bfa6b, L:/127.0.0.1:58913 - R:localhost/127.0.0.1:17726]
18:51:56.823 [Forwarding clearElement on session 2d45176e4d6c5e7b0737615eda21cb66 to remote] DEBUG org.asynchttpclient.netty.request.NettyRequestSender - Using pooled Channel '[id: 0xba6bfa6b, L:/127.0.0.1:58913 - R:localhost/127.0.0.1:17726]' for 'POST' to 'http://localhost:17726/session/2d45176e4d6c5e7b0737615eda21cb66/element/77df7522-4f31-4f41-bb99-ad1b12abbdf2/clear'
18:51:56.823 [Forwarding clearElement on session 2d45176e4d6c5e7b0737615eda21cb66 to remote] DEBUG org.asynchttpclient.netty.request.NettyRequestSender - Using open Channel [id: 0xba6bfa6b, L:/127.0.0.1:58913 - R:localhost/127.0.0.1:17726] for POST '/session/2d45176e4d6c5e7b0737615eda21cb66/element/77df7522-4f31-4f41-bb99-ad1b12abbdf2/clear'
18:51:56.891 [AsyncHttpClient-1-17] DEBUG org.asynchttpclient.netty.handler.HttpHandler - 

Request DefaultHttpRequest(decodeResult: success, version: HTTP/1.1)
POST /session/2d45176e4d6c5e7b0737615eda21cb66/element/77df7522-4f31-4f41-bb99-ad1b12abbdf2/clear HTTP/1.1
User-Agent: selenium/4.8.1 (java windows)
Content-Length: 50
Content-Type: application/json; charset=utf-8
host: localhost:17726
accept: */*

Response DefaultHttpResponse(decodeResult: success, version: HTTP/1.1)
HTTP/1.1 200 OK
Content-Length: 14
Content-Type: application/json; charset=utf-8
cache-control: no-cache

18:51:56.892 [AsyncHttpClient-1-17] DEBUG org.asynchttpclient.netty.channel.ChannelManager - Adding key: http://localhost:17726 for channel [id: 0xba6bfa6b, L:/127.0.0.1:58913 - R:localhost/127.0.0.1:17726]
18:51:56.896 [Forwarding sendKeysToElement on session 2d45176e4d6c5e7b0737615eda21cb66 to remote] DEBUG org.asynchttpclient.netty.request.NettyRequestSender - Using pooled Channel '[id: 0xba6bfa6b, L:/127.0.0.1:58913 - R:localhost/127.0.0.1:17726]' for 'POST' to 'http://localhost:17726/session/2d45176e4d6c5e7b0737615eda21cb66/element/77df7522-4f31-4f41-bb99-ad1b12abbdf2/value'
18:51:56.896 [Forwarding sendKeysToElement on session 2d45176e4d6c5e7b0737615eda21cb66 to remote] DEBUG org.asynchttpclient.netty.request.NettyRequestSender - Using open Channel [id: 0xba6bfa6b, L:/127.0.0.1:58913 - R:localhost/127.0.0.1:17726] for POST '/session/2d45176e4d6c5e7b0737615eda21cb66/element/77df7522-4f31-4f41-bb99-ad1b12abbdf2/value'
18:51:57.342 [AsyncHttpClient-1-17] DEBUG org.asynchttpclient.netty.handler.HttpHandler - 

Request DefaultHttpRequest(decodeResult: success, version: HTTP/1.1)
POST /session/2d45176e4d6c5e7b0737615eda21cb66/element/77df7522-4f31-4f41-bb99-ad1b12abbdf2/value HTTP/1.1
User-Agent: selenium/4.8.1 (java windows)
Content-Length: 321
Content-Type: application/json; charset=utf-8
host: localhost:17726
accept: */*

Response DefaultHttpResponse(decodeResult: success, version: HTTP/1.1)
HTTP/1.1 200 OK
Content-Length: 14
Content-Type: application/json; charset=utf-8
cache-control: no-cache

18:51:57.342 [AsyncHttpClient-1-17] DEBUG org.asynchttpclient.netty.channel.ChannelManager - Adding key: http://localhost:17726 for channel [id: 0xba6bfa6b, L:/127.0.0.1:58913 - R:localhost/127.0.0.1:17726]
18:51:57.361 [Forwarding getAlertText on session 2d45176e4d6c5e7b0737615eda21cb66 to remote] DEBUG org.asynchttpclient.netty.request.NettyRequestSender - Using pooled Channel '[id: 0xba6bfa6b, L:/127.0.0.1:58913 - R:localhost/127.0.0.1:17726]' for 'GET' to 'http://localhost:17726/session/2d45176e4d6c5e7b0737615eda21cb66/alert/text'
18:51:57.361 [Forwarding getAlertText on session 2d45176e4d6c5e7b0737615eda21cb66 to remote] DEBUG org.asynchttpclient.netty.request.NettyRequestSender - Using open Channel [id: 0xba6bfa6b, L:/127.0.0.1:58913 - R:localhost/127.0.0.1:17726] for GET '/session/2d45176e4d6c5e7b0737615eda21cb66/alert/text'
18:51:57.363 [AsyncHttpClient-1-17] DEBUG org.asynchttpclient.netty.handler.HttpHandler - 

Request DefaultFullHttpRequest(decodeResult: success, version: HTTP/1.1, content: EmptyByteBufBE)
GET /session/2d45176e4d6c5e7b0737615eda21cb66/alert/text HTTP/1.1
User-Agent: selenium/4.8.1 (java windows)
Cache-Control: no-cache
Content-Type: application/json; charset=utf-8
host: localhost:17726
accept: */*

Response DefaultHttpResponse(decodeResult: success, version: HTTP/1.1)
HTTP/1.1 404 Not Found
Content-Length: 809
Content-Type: application/json; charset=utf-8
cache-control: no-cache

18:51:57.364 [AsyncHttpClient-1-17] DEBUG org.asynchttpclient.netty.channel.ChannelManager - Adding key: http://localhost:17726 for channel [id: 0xba6bfa6b, L:/127.0.0.1:58913 - R:localhost/127.0.0.1:17726]
18:51:57.366 [Forwarding getCurrentUrl on session 2d45176e4d6c5e7b0737615eda21cb66 to remote] DEBUG org.asynchttpclient.netty.request.NettyRequestSender - Using pooled Channel '[id: 0xba6bfa6b, L:/127.0.0.1:58913 - R:localhost/127.0.0.1:17726]' for 'GET' to 'http://localhost:17726/session/2d45176e4d6c5e7b0737615eda21cb66/url'
18:51:57.366 [Forwarding getCurrentUrl on session 2d45176e4d6c5e7b0737615eda21cb66 to remote] DEBUG org.asynchttpclient.netty.request.NettyRequestSender - Using open Channel [id: 0xba6bfa6b, L:/127.0.0.1:58913 - R:localhost/127.0.0.1:17726] for GET '/session/2d45176e4d6c5e7b0737615eda21cb66/url'
18:51:57.380 [AsyncHttpClient-1-17] DEBUG org.asynchttpclient.netty.handler.HttpHandler - 

Request DefaultFullHttpRequest(decodeResult: success, version: HTTP/1.1, content: EmptyByteBufBE)
GET /session/2d45176e4d6c5e7b0737615eda21cb66/url HTTP/1.1
User-Agent: selenium/4.8.1 (java windows)
Cache-Control: no-cache
Content-Type: application/json; charset=utf-8
host: localhost:17726
accept: */*

Response DefaultHttpResponse(decodeResult: success, version: HTTP/1.1)
HTTP/1.1 200 OK
Content-Length: 51
Content-Type: application/json; charset=utf-8
cache-control: no-cache

18:51:57.381 [AsyncHttpClient-1-17] DEBUG org.asynchttpclient.netty.channel.ChannelManager - Adding key: http://localhost:17726 for channel [id: 0xba6bfa6b, L:/127.0.0.1:58913 - R:localhost/127.0.0.1:17726]
18:51:57.382 [Forwarding screenshot on session 2d45176e4d6c5e7b0737615eda21cb66 to remote] DEBUG org.asynchttpclient.netty.request.NettyRequestSender - Using pooled Channel '[id: 0xba6bfa6b, L:/127.0.0.1:58913 - R:localhost/127.0.0.1:17726]' for 'GET' to 'http://localhost:17726/session/2d45176e4d6c5e7b0737615eda21cb66/screenshot'
18:51:57.382 [Forwarding screenshot on session 2d45176e4d6c5e7b0737615eda21cb66 to remote] DEBUG org.asynchttpclient.netty.request.NettyRequestSender - Using open Channel [id: 0xba6bfa6b, L:/127.0.0.1:58913 - R:localhost/127.0.0.1:17726] for GET '/session/2d45176e4d6c5e7b0737615eda21cb66/screenshot'
18:51:57.465 [AsyncHttpClient-1-1] DEBUG org.asynchttpclient.netty.channel.DefaultChannelPool - Entry count for : http://localhost:58914 : 1
18:51:57.611 [AsyncHttpClient-1-17] DEBUG org.asynchttpclient.netty.handler.HttpHandler - 

Request DefaultFullHttpRequest(decodeResult: success, version: HTTP/1.1, content: EmptyByteBufBE)
GET /session/2d45176e4d6c5e7b0737615eda21cb66/screenshot HTTP/1.1
User-Agent: selenium/4.8.1 (java windows)
Cache-Control: no-cache
Content-Type: application/json; charset=utf-8
host: localhost:17726
accept: */*

Response DefaultHttpResponse(decodeResult: success, version: HTTP/1.1)
HTTP/1.1 200 OK
Content-Length: 47492
Content-Type: application/json; charset=utf-8
cache-control: no-cache

18:51:57.611 [AsyncHttpClient-1-17] DEBUG org.asynchttpclient.netty.channel.ChannelManager - Adding key: http://localhost:17726 for channel [id: 0xba6bfa6b, L:/127.0.0.1:58913 - R:localhost/127.0.0.1:17726]
18:51:57.615 [main] DEBUG net.serenitybdd.core.photography.Darkroom - Send negative for processing for target\site\serenity\05ffee893e7a794103b79588c2078082b7c0359e0754ef96ed31c426825c864a.png
18:51:57.616 [main] DEBUG net.thucydides.core.steps.StepInterceptor - STEP DONE: inputEmail
18:51:57.616 [Darkroom Processing Line] DEBUG net.serenitybdd.core.photography.DarkroomProcessingLine - Processing screenshot image in /var/screenshots/screenshot-17158195532547146995
18:51:57.616 [Darkroom Processing Line] DEBUG net.serenitybdd.core.photography.DarkroomProcessingLine - Saving screenshot to target\site\serenity\05ffee893e7a794103b79588c2078082b7c0359e0754ef96ed31c426825c864a.png
  &amp#27;[32mWhen &amp#27;[0m&amp#27;[32mI enter email &amp#27;[0m&amp#27;[32m&amp#27;[1m"basmaronanta28@gmail.com"&amp#27;[0m                        &amp#27;[90m# starter.stepdefinitions.LoginSteps.enterEmailOnLogin(java.lang.String)&amp#27;[0m
18:51:57.634 [Forwarding getPageSource on session 2d45176e4d6c5e7b0737615eda21cb66 to remote] DEBUG org.asynchttpclient.netty.request.NettyRequestSender - Using pooled Channel '[id: 0xba6bfa6b, L:/127.0.0.1:58913 - R:localhost/127.0.0.1:17726]' for 'POST' to 'http://localhost:17726/session/2d45176e4d6c5e7b0737615eda21cb66/execute/sync'
18:51:57.634 [Forwarding getPageSource on session 2d45176e4d6c5e7b0737615eda21cb66 to remote] DEBUG org.asynchttpclient.netty.request.NettyRequestSender - Using open Channel [id: 0xba6bfa6b, L:/127.0.0.1:58913 - R:localhost/127.0.0.1:17726] for POST '/session/2d45176e4d6c5e7b0737615eda21cb66/execute/sync'
18:51:57.648 [AsyncHttpClient-1-17] DEBUG org.asynchttpclient.netty.handler.HttpHandler - 

Request DefaultHttpRequest(decodeResult: success, version: HTTP/1.1)
POST /session/2d45176e4d6c5e7b0737615eda21cb66/execute/sync HTTP/1.1
User-Agent: selenium/4.8.1 (java windows)
Content-Length: 176
Content-Type: application/json; charset=utf-8
host: localhost:17726
accept: */*

Response DefaultHttpResponse(decodeResult: success, version: HTTP/1.1)
HTTP/1.1 200 OK
Content-Length: 21780
Content-Type: application/json; charset=utf-8
cache-control: no-cache

18:51:57.648 [AsyncHttpClient-1-17] DEBUG org.asynchttpclient.netty.channel.ChannelManager - Adding key: http://localhost:17726 for channel [id: 0xba6bfa6b, L:/127.0.0.1:58913 - R:localhost/127.0.0.1:17726]
18:51:57.651 [Forwarding getCurrentUrl on session 2d45176e4d6c5e7b0737615eda21cb66 to remote] DEBUG org.asynchttpclient.netty.request.NettyRequestSender - Using pooled Channel '[id: 0xba6bfa6b, L:/127.0.0.1:58913 - R:localhost/127.0.0.1:17726]' for 'GET' to 'http://localhost:17726/session/2d45176e4d6c5e7b0737615eda21cb66/url'
18:51:57.651 [Forwarding getCurrentUrl on session 2d45176e4d6c5e7b0737615eda21cb66 to remote] DEBUG org.asynchttpclient.netty.request.NettyRequestSender - Using open Channel [id: 0xba6bfa6b, L:/127.0.0.1:58913 - R:localhost/127.0.0.1:17726] for GET '/session/2d45176e4d6c5e7b0737615eda21cb66/url'
18:51:57.657 [AsyncHttpClient-1-17] DEBUG org.asynchttpclient.netty.handler.HttpHandler - 

Request DefaultFullHttpRequest(decodeResult: success, version: HTTP/1.1, content: EmptyByteBufBE)
GET /session/2d45176e4d6c5e7b0737615eda21cb66/url HTTP/1.1
User-Agent: selenium/4.8.1 (java windows)
Cache-Control: no-cache
Content-Type: application/json; charset=utf-8
host: localhost:17726
accept: */*

Response DefaultHttpResponse(decodeResult: success, version: HTTP/1.1)
HTTP/1.1 200 OK
Content-Length: 51
Content-Type: application/json; charset=utf-8
cache-control: no-cache

18:51:57.657 [AsyncHttpClient-1-17] DEBUG org.asynchttpclient.netty.channel.ChannelManager - Adding key: http://localhost:17726 for channel [id: 0xba6bfa6b, L:/127.0.0.1:58913 - R:localhost/127.0.0.1:17726]
18:51:57.672 [Forwarding getAlertText on session 2d45176e4d6c5e7b0737615eda21cb66 to remote] DEBUG org.asynchttpclient.netty.request.NettyRequestSender - Using pooled Channel '[id: 0xba6bfa6b, L:/127.0.0.1:58913 - R:localhost/127.0.0.1:17726]' for 'GET' to 'http://localhost:17726/session/2d45176e4d6c5e7b0737615eda21cb66/alert/text'
18:51:57.672 [Forwarding getAlertText on session 2d45176e4d6c5e7b0737615eda21cb66 to remote] DEBUG org.asynchttpclient.netty.request.NettyRequestSender - Using open Channel [id: 0xba6bfa6b, L:/127.0.0.1:58913 - R:localhost/127.0.0.1:17726] for GET '/session/2d45176e4d6c5e7b0737615eda21cb66/alert/text'
18:51:57.675 [AsyncHttpClient-1-17] DEBUG org.asynchttpclient.netty.handler.HttpHandler - 

Request DefaultFullHttpRequest(decodeResult: success, version: HTTP/1.1, content: EmptyByteBufBE)
GET /session/2d45176e4d6c5e7b0737615eda21cb66/alert/text HTTP/1.1
User-Agent: selenium/4.8.1 (java windows)
Cache-Control: no-cache
Content-Type: application/json; charset=utf-8
host: localhost:17726
accept: */*

Response DefaultHttpResponse(decodeResult: success, version: HTTP/1.1)
HTTP/1.1 404 Not Found
Content-Length: 809
Content-Type: application/json; charset=utf-8
cache-control: no-cache

18:51:57.675 [AsyncHttpClient-1-17] DEBUG org.asynchttpclient.netty.channel.ChannelManager - Adding key: http://localhost:17726 for channel [id: 0xba6bfa6b, L:/127.0.0.1:58913 - R:localhost/127.0.0.1:17726]
18:51:57.678 [Forwarding getCurrentUrl on session 2d45176e4d6c5e7b0737615eda21cb66 to remote] DEBUG org.asynchttpclient.netty.request.NettyRequestSender - Using pooled Channel '[id: 0xba6bfa6b, L:/127.0.0.1:58913 - R:localhost/127.0.0.1:17726]' for 'GET' to 'http://localhost:17726/session/2d45176e4d6c5e7b0737615eda21cb66/url'
18:51:57.678 [Forwarding getCurrentUrl on session 2d45176e4d6c5e7b0737615eda21cb66 to remote] DEBUG org.asynchttpclient.netty.request.NettyRequestSender - Using open Channel [id: 0xba6bfa6b, L:/127.0.0.1:58913 - R:localhost/127.0.0.1:17726] for GET '/session/2d45176e4d6c5e7b0737615eda21cb66/url'
18:51:57.683 [AsyncHttpClient-1-17] DEBUG org.asynchttpclient.netty.handler.HttpHandler - 

Request DefaultFullHttpRequest(decodeResult: success, version: HTTP/1.1, content: EmptyByteBufBE)
GET /session/2d45176e4d6c5e7b0737615eda21cb66/url HTTP/1.1
User-Agent: selenium/4.8.1 (java windows)
Cache-Control: no-cache
Content-Type: application/json; charset=utf-8
host: localhost:17726
accept: */*

Response DefaultHttpResponse(decodeResult: success, version: HTTP/1.1)
HTTP/1.1 200 OK
Content-Length: 51
Content-Type: application/json; charset=utf-8
cache-control: no-cache

18:51:57.683 [AsyncHttpClient-1-17] DEBUG org.asynchttpclient.netty.channel.ChannelManager - Adding key: http://localhost:17726 for channel [id: 0xba6bfa6b, L:/127.0.0.1:58913 - R:localhost/127.0.0.1:17726]
18:51:57.685 [Forwarding screenshot on session 2d45176e4d6c5e7b0737615eda21cb66 to remote] DEBUG org.asynchttpclient.netty.request.NettyRequestSender - Using pooled Channel '[id: 0xba6bfa6b, L:/127.0.0.1:58913 - R:localhost/127.0.0.1:17726]' for 'GET' to 'http://localhost:17726/session/2d45176e4d6c5e7b0737615eda21cb66/screenshot'
18:51:57.685 [Forwarding screenshot on session 2d45176e4d6c5e7b0737615eda21cb66 to remote] DEBUG org.asynchttpclient.netty.request.NettyRequestSender - Using open Channel [id: 0xba6bfa6b, L:/127.0.0.1:58913 - R:localhost/127.0.0.1:17726] for GET '/session/2d45176e4d6c5e7b0737615eda21cb66/screenshot'
18:51:57.861 [AsyncHttpClient-1-17] DEBUG org.asynchttpclient.netty.handler.HttpHandler - 

Request DefaultFullHttpRequest(decodeResult: success, version: HTTP/1.1, content: EmptyByteBufBE)
GET /session/2d45176e4d6c5e7b0737615eda21cb66/screenshot HTTP/1.1
User-Agent: selenium/4.8.1 (java windows)
Cache-Control: no-cache
Content-Type: application/json; charset=utf-8
host: localhost:17726
accept: */*

Response DefaultHttpResponse(decodeResult: success, version: HTTP/1.1)
HTTP/1.1 200 OK
Content-Length: 47492
Content-Type: application/json; charset=utf-8
cache-control: no-cache

18:51:57.865 [AsyncHttpClient-1-17] DEBUG org.asynchttpclient.netty.channel.ChannelManager - Adding key: http://localhost:17726 for channel [id: 0xba6bfa6b, L:/127.0.0.1:58913 - R:localhost/127.0.0.1:17726]
18:51:57.871 [main] DEBUG net.serenitybdd.core.photography.Darkroom - Send negative for processing for target\site\serenity\5b1f6487b7a742ece36e299d06da6a0093efab06bbf24fc8e778f79fbb559085.png
18:51:57.872 [Darkroom Processing Line] DEBUG net.serenitybdd.core.photography.DarkroomProcessingLine - Processing screenshot image in /var/screenshots/screenshot-8188384916581239681
18:51:57.872 [Darkroom Processing Line] DEBUG net.serenitybdd.core.photography.DarkroomProcessingLine - Saving screenshot to target\site\serenity\5b1f6487b7a742ece36e299d06da6a0093efab06bbf24fc8e778f79fbb559085.png
18:51:57.874 [Forwarding getPageSource on session 2d45176e4d6c5e7b0737615eda21cb66 to remote] DEBUG org.asynchttpclient.netty.request.NettyRequestSender - Using pooled Channel '[id: 0xba6bfa6b, L:/127.0.0.1:58913 - R:localhost/127.0.0.1:17726]' for 'POST' to 'http://localhost:17726/session/2d45176e4d6c5e7b0737615eda21cb66/execute/sync'
18:51:57.875 [Forwarding getPageSource on session 2d45176e4d6c5e7b0737615eda21cb66 to remote] DEBUG org.asynchttpclient.netty.request.NettyRequestSender - Using open Channel [id: 0xba6bfa6b, L:/127.0.0.1:58913 - R:localhost/127.0.0.1:17726] for POST '/session/2d45176e4d6c5e7b0737615eda21cb66/execute/sync'
18:51:57.888 [AsyncHttpClient-1-17] DEBUG org.asynchttpclient.netty.handler.HttpHandler - 

Request DefaultHttpRequest(decodeResult: success, version: HTTP/1.1)
POST /session/2d45176e4d6c5e7b0737615eda21cb66/execute/sync HTTP/1.1
User-Agent: selenium/4.8.1 (java windows)
Content-Length: 176
Content-Type: application/json; charset=utf-8
host: localhost:17726
accept: */*

Response DefaultHttpResponse(decodeResult: success, version: HTTP/1.1)
HTTP/1.1 200 OK
Content-Length: 21780
Content-Type: application/json; charset=utf-8
cache-control: no-cache

18:51:57.888 [AsyncHttpClient-1-17] DEBUG org.asynchttpclient.netty.channel.ChannelManager - Adding key: http://localhost:17726 for channel [id: 0xba6bfa6b, L:/127.0.0.1:58913 - R:localhost/127.0.0.1:17726]
18:51:57.891 [Forwarding getCurrentUrl on session 2d45176e4d6c5e7b0737615eda21cb66 to remote] DEBUG org.asynchttpclient.netty.request.NettyRequestSender - Using pooled Channel '[id: 0xba6bfa6b, L:/127.0.0.1:58913 - R:localhost/127.0.0.1:17726]' for 'GET' to 'http://localhost:17726/session/2d45176e4d6c5e7b0737615eda21cb66/url'
18:51:57.891 [Forwarding getCurrentUrl on session 2d45176e4d6c5e7b0737615eda21cb66 to remote] DEBUG org.asynchttpclient.netty.request.NettyRequestSender - Using open Channel [id: 0xba6bfa6b, L:/127.0.0.1:58913 - R:localhost/127.0.0.1:17726] for GET '/session/2d45176e4d6c5e7b0737615eda21cb66/url'
18:51:57.896 [AsyncHttpClient-1-17] DEBUG org.asynchttpclient.netty.handler.HttpHandler - 

Request DefaultFullHttpRequest(decodeResult: success, version: HTTP/1.1, content: EmptyByteBufBE)
GET /session/2d45176e4d6c5e7b0737615eda21cb66/url HTTP/1.1
User-Agent: selenium/4.8.1 (java windows)
Cache-Control: no-cache
Content-Type: application/json; charset=utf-8
host: localhost:17726
accept: */*

Response DefaultHttpResponse(decodeResult: success, version: HTTP/1.1)
HTTP/1.1 200 OK
Content-Length: 51
Content-Type: application/json; charset=utf-8
cache-control: no-cache

18:51:57.896 [AsyncHttpClient-1-17] DEBUG org.asynchttpclient.netty.channel.ChannelManager - Adding key: http://localhost:17726 for channel [id: 0xba6bfa6b, L:/127.0.0.1:58913 - R:localhost/127.0.0.1:17726]
18:51:57.899 [main] DEBUG net.thucydides.core.steps.StepInterceptor - STARTING STEP: LoginSteps.enterPasswordOnLogin - inputPassword
18:51:57.903 [Forwarding findElement on session 2d45176e4d6c5e7b0737615eda21cb66 to remote] DEBUG org.asynchttpclient.netty.request.NettyRequestSender - Using pooled Channel '[id: 0xba6bfa6b, L:/127.0.0.1:58913 - R:localhost/127.0.0.1:17726]' for 'POST' to 'http://localhost:17726/session/2d45176e4d6c5e7b0737615eda21cb66/element'
18:51:57.903 [Forwarding findElement on session 2d45176e4d6c5e7b0737615eda21cb66 to remote] DEBUG org.asynchttpclient.netty.request.NettyRequestSender - Using open Channel [id: 0xba6bfa6b, L:/127.0.0.1:58913 - R:localhost/127.0.0.1:17726] for POST '/session/2d45176e4d6c5e7b0737615eda21cb66/element'
18:51:57.921 [AsyncHttpClient-1-17] DEBUG org.asynchttpclient.netty.handler.HttpHandler - 

Request DefaultHttpRequest(decodeResult: success, version: HTTP/1.1)
POST /session/2d45176e4d6c5e7b0737615eda21cb66/element HTTP/1.1
User-Agent: selenium/4.8.1 (java windows)
Content-Length: 70
Content-Type: application/json; charset=utf-8
host: localhost:17726
accept: */*

Response DefaultHttpResponse(decodeResult: success, version: HTTP/1.1)
HTTP/1.1 200 OK
Content-Length: 88
Content-Type: application/json; charset=utf-8
cache-control: no-cache

18:51:57.921 [AsyncHttpClient-1-17] DEBUG org.asynchttpclient.netty.channel.ChannelManager - Adding key: http://localhost:17726 for channel [id: 0xba6bfa6b, L:/127.0.0.1:58913 - R:localhost/127.0.0.1:17726]
18:51:57.923 [Forwarding clearElement on session 2d45176e4d6c5e7b0737615eda21cb66 to remote] DEBUG org.asynchttpclient.netty.request.NettyRequestSender - Using pooled Channel '[id: 0xba6bfa6b, L:/127.0.0.1:58913 - R:localhost/127.0.0.1:17726]' for 'POST' to 'http://localhost:17726/session/2d45176e4d6c5e7b0737615eda21cb66/element/ad207ead-10ac-4a19-aa8f-4372299a3eaa/clear'
18:51:57.923 [Forwarding clearElement on session 2d45176e4d6c5e7b0737615eda21cb66 to remote] DEBUG org.asynchttpclient.netty.request.NettyRequestSender - Using open Channel [id: 0xba6bfa6b, L:/127.0.0.1:58913 - R:localhost/127.0.0.1:17726] for POST '/session/2d45176e4d6c5e7b0737615eda21cb66/element/ad207ead-10ac-4a19-aa8f-4372299a3eaa/clear'
18:51:57.978 [AsyncHttpClient-1-17] DEBUG org.asynchttpclient.netty.handler.HttpHandler - 

Request DefaultHttpRequest(decodeResult: success, version: HTTP/1.1)
POST /session/2d45176e4d6c5e7b0737615eda21cb66/element/ad207ead-10ac-4a19-aa8f-4372299a3eaa/clear HTTP/1.1
User-Agent: selenium/4.8.1 (java windows)
Content-Length: 50
Content-Type: application/json; charset=utf-8
host: localhost:17726
accept: */*

Response DefaultHttpResponse(decodeResult: success, version: HTTP/1.1)
HTTP/1.1 200 OK
Content-Length: 14
Content-Type: application/json; charset=utf-8
cache-control: no-cache

18:51:57.978 [AsyncHttpClient-1-17] DEBUG org.asynchttpclient.netty.channel.ChannelManager - Adding key: http://localhost:17726 for channel [id: 0xba6bfa6b, L:/127.0.0.1:58913 - R:localhost/127.0.0.1:17726]
18:51:57.981 [Forwarding sendKeysToElement on session 2d45176e4d6c5e7b0737615eda21cb66 to remote] DEBUG org.asynchttpclient.netty.request.NettyRequestSender - Using pooled Channel '[id: 0xba6bfa6b, L:/127.0.0.1:58913 - R:localhost/127.0.0.1:17726]' for 'POST' to 'http://localhost:17726/session/2d45176e4d6c5e7b0737615eda21cb66/element/ad207ead-10ac-4a19-aa8f-4372299a3eaa/value'
18:51:57.981 [Forwarding sendKeysToElement on session 2d45176e4d6c5e7b0737615eda21cb66 to remote] DEBUG org.asynchttpclient.netty.request.NettyRequestSender - Using open Channel [id: 0xba6bfa6b, L:/127.0.0.1:58913 - R:localhost/127.0.0.1:17726] for POST '/session/2d45176e4d6c5e7b0737615eda21cb66/element/ad207ead-10ac-4a19-aa8f-4372299a3eaa/value'
18:51:58.144 [AsyncHttpClient-1-17] DEBUG org.asynchttpclient.netty.handler.HttpHandler - 

Request DefaultHttpRequest(decodeResult: success, version: HTTP/1.1)
POST /session/2d45176e4d6c5e7b0737615eda21cb66/element/ad207ead-10ac-4a19-aa8f-4372299a3eaa/value HTTP/1.1
User-Agent: selenium/4.8.1 (java windows)
Content-Length: 171
Content-Type: application/json; charset=utf-8
host: localhost:17726
accept: */*

Response DefaultHttpResponse(decodeResult: success, version: HTTP/1.1)
HTTP/1.1 200 OK
Content-Length: 14
Content-Type: application/json; charset=utf-8
cache-control: no-cache

18:51:58.144 [AsyncHttpClient-1-17] DEBUG org.asynchttpclient.netty.channel.ChannelManager - Adding key: http://localhost:17726 for channel [id: 0xba6bfa6b, L:/127.0.0.1:58913 - R:localhost/127.0.0.1:17726]
18:51:58.157 [Forwarding getAlertText on session 2d45176e4d6c5e7b0737615eda21cb66 to remote] DEBUG org.asynchttpclient.netty.request.NettyRequestSender - Using pooled Channel '[id: 0xba6bfa6b, L:/127.0.0.1:58913 - R:localhost/127.0.0.1:17726]' for 'GET' to 'http://localhost:17726/session/2d45176e4d6c5e7b0737615eda21cb66/alert/text'
18:51:58.157 [Forwarding getAlertText on session 2d45176e4d6c5e7b0737615eda21cb66 to remote] DEBUG org.asynchttpclient.netty.request.NettyRequestSender - Using open Channel [id: 0xba6bfa6b, L:/127.0.0.1:58913 - R:localhost/127.0.0.1:17726] for GET '/session/2d45176e4d6c5e7b0737615eda21cb66/alert/text'
18:51:58.162 [AsyncHttpClient-1-17] DEBUG org.asynchttpclient.netty.handler.HttpHandler - 

Request DefaultFullHttpRequest(decodeResult: success, version: HTTP/1.1, content: EmptyByteBufBE)
GET /session/2d45176e4d6c5e7b0737615eda21cb66/alert/text HTTP/1.1
User-Agent: selenium/4.8.1 (java windows)
Cache-Control: no-cache
Content-Type: application/json; charset=utf-8
host: localhost:17726
accept: */*

Response DefaultHttpResponse(decodeResult: success, version: HTTP/1.1)
HTTP/1.1 404 Not Found
Content-Length: 809
Content-Type: application/json; charset=utf-8
cache-control: no-cache

18:51:58.162 [AsyncHttpClient-1-17] DEBUG org.asynchttpclient.netty.channel.ChannelManager - Adding key: http://localhost:17726 for channel [id: 0xba6bfa6b, L:/127.0.0.1:58913 - R:localhost/127.0.0.1:17726]
18:51:58.163 [Forwarding getCurrentUrl on session 2d45176e4d6c5e7b0737615eda21cb66 to remote] DEBUG org.asynchttpclient.netty.request.NettyRequestSender - Using pooled Channel '[id: 0xba6bfa6b, L:/127.0.0.1:58913 - R:localhost/127.0.0.1:17726]' for 'GET' to 'http://localhost:17726/session/2d45176e4d6c5e7b0737615eda21cb66/url'
18:51:58.164 [Forwarding getCurrentUrl on session 2d45176e4d6c5e7b0737615eda21cb66 to remote] DEBUG org.asynchttpclient.netty.request.NettyRequestSender - Using open Channel [id: 0xba6bfa6b, L:/127.0.0.1:58913 - R:localhost/127.0.0.1:17726] for GET '/session/2d45176e4d6c5e7b0737615eda21cb66/url'
18:51:58.178 [AsyncHttpClient-1-17] DEBUG org.asynchttpclient.netty.handler.HttpHandler - 

Request DefaultFullHttpRequest(decodeResult: success, version: HTTP/1.1, content: EmptyByteBufBE)
GET /session/2d45176e4d6c5e7b0737615eda21cb66/url HTTP/1.1
User-Agent: selenium/4.8.1 (java windows)
Cache-Control: no-cache
Content-Type: application/json; charset=utf-8
host: localhost:17726
accept: */*

Response DefaultHttpResponse(decodeResult: success, version: HTTP/1.1)
HTTP/1.1 200 OK
Content-Length: 51
Content-Type: application/json; charset=utf-8
cache-control: no-cache

18:51:58.178 [AsyncHttpClient-1-17] DEBUG org.asynchttpclient.netty.channel.ChannelManager - Adding key: http://localhost:17726 for channel [id: 0xba6bfa6b, L:/127.0.0.1:58913 - R:localhost/127.0.0.1:17726]
18:51:58.179 [Forwarding screenshot on session 2d45176e4d6c5e7b0737615eda21cb66 to remote] DEBUG org.asynchttpclient.netty.request.NettyRequestSender - Using pooled Channel '[id: 0xba6bfa6b, L:/127.0.0.1:58913 - R:localhost/127.0.0.1:17726]' for 'GET' to 'http://localhost:17726/session/2d45176e4d6c5e7b0737615eda21cb66/screenshot'
18:51:58.179 [Forwarding screenshot on session 2d45176e4d6c5e7b0737615eda21cb66 to remote] DEBUG org.asynchttpclient.netty.request.NettyRequestSender - Using open Channel [id: 0xba6bfa6b, L:/127.0.0.1:58913 - R:localhost/127.0.0.1:17726] for GET '/session/2d45176e4d6c5e7b0737615eda21cb66/screenshot'
18:51:58.411 [AsyncHttpClient-1-17] DEBUG org.asynchttpclient.netty.handler.HttpHandler - 

Request DefaultFullHttpRequest(decodeResult: success, version: HTTP/1.1, content: EmptyByteBufBE)
GET /session/2d45176e4d6c5e7b0737615eda21cb66/screenshot HTTP/1.1
User-Agent: selenium/4.8.1 (java windows)
Cache-Control: no-cache
Content-Type: application/json; charset=utf-8
host: localhost:17726
accept: */*

Response DefaultHttpResponse(decodeResult: success, version: HTTP/1.1)
HTTP/1.1 200 OK
Content-Length: 50432
Content-Type: application/json; charset=utf-8
cache-control: no-cache

18:51:58.412 [AsyncHttpClient-1-17] DEBUG org.asynchttpclient.netty.channel.ChannelManager - Adding key: http://localhost:17726 for channel [id: 0xba6bfa6b, L:/127.0.0.1:58913 - R:localhost/127.0.0.1:17726]
18:51:58.417 [main] DEBUG net.serenitybdd.core.photography.Darkroom - Send negative for processing for target\site\serenity\d705ede280cddf10e877e315a1cdf58723b097005207140b67870c0f48785fa7.png
18:51:58.418 [main] DEBUG net.thucydides.core.steps.StepInterceptor - STEP DONE: inputPassword
18:51:58.418 [Darkroom Processing Line] DEBUG net.serenitybdd.core.photography.DarkroomProcessingLine - Processing screenshot image in /var/screenshots/screenshot-5803636512560087394
18:51:58.418 [Darkroom Processing Line] DEBUG net.serenitybdd.core.photography.DarkroomProcessingLine - Saving screenshot to target\site\serenity\d705ede280cddf10e877e315a1cdf58723b097005207140b67870c0f48785fa7.png
  &amp#27;[32mAnd &amp#27;[0m&amp#27;[32mI enter password &amp#27;[0m&amp#27;[32m&amp#27;[1m"mylove111"&amp#27;[0m                                     &amp#27;[90m# starter.stepdefinitions.LoginSteps.enterPasswordOnLogin(java.lang.String)&amp#27;[0m
18:51:58.441 [Forwarding getPageSource on session 2d45176e4d6c5e7b0737615eda21cb66 to remote] DEBUG org.asynchttpclient.netty.request.NettyRequestSender - Using pooled Channel '[id: 0xba6bfa6b, L:/127.0.0.1:58913 - R:localhost/127.0.0.1:17726]' for 'POST' to 'http://localhost:17726/session/2d45176e4d6c5e7b0737615eda21cb66/execute/sync'
18:51:58.441 [Forwarding getPageSource on session 2d45176e4d6c5e7b0737615eda21cb66 to remote] DEBUG org.asynchttpclient.netty.request.NettyRequestSender - Using open Channel [id: 0xba6bfa6b, L:/127.0.0.1:58913 - R:localhost/127.0.0.1:17726] for POST '/session/2d45176e4d6c5e7b0737615eda21cb66/execute/sync'
18:51:58.447 [AsyncHttpClient-1-17] DEBUG org.asynchttpclient.netty.handler.HttpHandler - 

Request DefaultHttpRequest(decodeResult: success, version: HTTP/1.1)
POST /session/2d45176e4d6c5e7b0737615eda21cb66/execute/sync HTTP/1.1
User-Agent: selenium/4.8.1 (java windows)
Content-Length: 176
Content-Type: application/json; charset=utf-8
host: localhost:17726
accept: */*

Response DefaultHttpResponse(decodeResult: success, version: HTTP/1.1)
HTTP/1.1 200 OK
Content-Length: 21839
Content-Type: application/json; charset=utf-8
cache-control: no-cache

18:51:58.447 [AsyncHttpClient-1-17] DEBUG org.asynchttpclient.netty.channel.ChannelManager - Adding key: http://localhost:17726 for channel [id: 0xba6bfa6b, L:/127.0.0.1:58913 - R:localhost/127.0.0.1:17726]
18:51:58.454 [Forwarding getCurrentUrl on session 2d45176e4d6c5e7b0737615eda21cb66 to remote] DEBUG org.asynchttpclient.netty.request.NettyRequestSender - Using pooled Channel '[id: 0xba6bfa6b, L:/127.0.0.1:58913 - R:localhost/127.0.0.1:17726]' for 'GET' to 'http://localhost:17726/session/2d45176e4d6c5e7b0737615eda21cb66/url'
18:51:58.455 [Forwarding getCurrentUrl on session 2d45176e4d6c5e7b0737615eda21cb66 to remote] DEBUG org.asynchttpclient.netty.request.NettyRequestSender - Using open Channel [id: 0xba6bfa6b, L:/127.0.0.1:58913 - R:localhost/127.0.0.1:17726] for GET '/session/2d45176e4d6c5e7b0737615eda21cb66/url'
18:51:58.462 [AsyncHttpClient-1-17] DEBUG org.asynchttpclient.netty.handler.HttpHandler - 

Request DefaultFullHttpRequest(decodeResult: success, version: HTTP/1.1, content: EmptyByteBufBE)
GET /session/2d45176e4d6c5e7b0737615eda21cb66/url HTTP/1.1
User-Agent: selenium/4.8.1 (java windows)
Cache-Control: no-cache
Content-Type: application/json; charset=utf-8
host: localhost:17726
accept: */*

Response DefaultHttpResponse(decodeResult: success, version: HTTP/1.1)
HTTP/1.1 200 OK
Content-Length: 51
Content-Type: application/json; charset=utf-8
cache-control: no-cache

18:51:58.463 [AsyncHttpClient-1-17] DEBUG org.asynchttpclient.netty.channel.ChannelManager - Adding key: http://localhost:17726 for channel [id: 0xba6bfa6b, L:/127.0.0.1:58913 - R:localhost/127.0.0.1:17726]
18:51:58.480 [Forwarding getAlertText on session 2d45176e4d6c5e7b0737615eda21cb66 to remote] DEBUG org.asynchttpclient.netty.request.NettyRequestSender - Using pooled Channel '[id: 0xba6bfa6b, L:/127.0.0.1:58913 - R:localhost/127.0.0.1:17726]' for 'GET' to 'http://localhost:17726/session/2d45176e4d6c5e7b0737615eda21cb66/alert/text'
18:51:58.480 [Forwarding getAlertText on session 2d45176e4d6c5e7b0737615eda21cb66 to remote] DEBUG org.asynchttpclient.netty.request.NettyRequestSender - Using open Channel [id: 0xba6bfa6b, L:/127.0.0.1:58913 - R:localhost/127.0.0.1:17726] for GET '/session/2d45176e4d6c5e7b0737615eda21cb66/alert/text'
18:51:58.482 [AsyncHttpClient-1-17] DEBUG org.asynchttpclient.netty.handler.HttpHandler - 

Request DefaultFullHttpRequest(decodeResult: success, version: HTTP/1.1, content: EmptyByteBufBE)
GET /session/2d45176e4d6c5e7b0737615eda21cb66/alert/text HTTP/1.1
User-Agent: selenium/4.8.1 (java windows)
Cache-Control: no-cache
Content-Type: application/json; charset=utf-8
host: localhost:17726
accept: */*

Response DefaultHttpResponse(decodeResult: success, version: HTTP/1.1)
HTTP/1.1 404 Not Found
Content-Length: 809
Content-Type: application/json; charset=utf-8
cache-control: no-cache

18:51:58.482 [AsyncHttpClient-1-17] DEBUG org.asynchttpclient.netty.channel.ChannelManager - Adding key: http://localhost:17726 for channel [id: 0xba6bfa6b, L:/127.0.0.1:58913 - R:localhost/127.0.0.1:17726]
18:51:58.489 [Forwarding getCurrentUrl on session 2d45176e4d6c5e7b0737615eda21cb66 to remote] DEBUG org.asynchttpclient.netty.request.NettyRequestSender - Using pooled Channel '[id: 0xba6bfa6b, L:/127.0.0.1:58913 - R:localhost/127.0.0.1:17726]' for 'GET' to 'http://localhost:17726/session/2d45176e4d6c5e7b0737615eda21cb66/url'
18:51:58.489 [Forwarding getCurrentUrl on session 2d45176e4d6c5e7b0737615eda21cb66 to remote] DEBUG org.asynchttpclient.netty.request.NettyRequestSender - Using open Channel [id: 0xba6bfa6b, L:/127.0.0.1:58913 - R:localhost/127.0.0.1:17726] for GET '/session/2d45176e4d6c5e7b0737615eda21cb66/url'
18:51:58.496 [AsyncHttpClient-1-17] DEBUG org.asynchttpclient.netty.handler.HttpHandler - 

Request DefaultFullHttpRequest(decodeResult: success, version: HTTP/1.1, content: EmptyByteBufBE)
GET /session/2d45176e4d6c5e7b0737615eda21cb66/url HTTP/1.1
User-Agent: selenium/4.8.1 (java windows)
Cache-Control: no-cache
Content-Type: application/json; charset=utf-8
host: localhost:17726
accept: */*

Response DefaultHttpResponse(decodeResult: success, version: HTTP/1.1)
HTTP/1.1 200 OK
Content-Length: 51
Content-Type: application/json; charset=utf-8
cache-control: no-cache

18:51:58.497 [AsyncHttpClient-1-17] DEBUG org.asynchttpclient.netty.channel.ChannelManager - Adding key: http://localhost:17726 for channel [id: 0xba6bfa6b, L:/127.0.0.1:58913 - R:localhost/127.0.0.1:17726]
18:51:58.498 [Forwarding screenshot on session 2d45176e4d6c5e7b0737615eda21cb66 to remote] DEBUG org.asynchttpclient.netty.request.NettyRequestSender - Using pooled Channel '[id: 0xba6bfa6b, L:/127.0.0.1:58913 - R:localhost/127.0.0.1:17726]' for 'GET' to 'http://localhost:17726/session/2d45176e4d6c5e7b0737615eda21cb66/screenshot'
18:51:58.498 [Forwarding screenshot on session 2d45176e4d6c5e7b0737615eda21cb66 to remote] DEBUG org.asynchttpclient.netty.request.NettyRequestSender - Using open Channel [id: 0xba6bfa6b, L:/127.0.0.1:58913 - R:localhost/127.0.0.1:17726] for GET '/session/2d45176e4d6c5e7b0737615eda21cb66/screenshot'
18:51:58.562 [AsyncHttpClient-1-1] DEBUG org.asynchttpclient.netty.channel.DefaultChannelPool - Entry count for : http://localhost:58914 : 1
18:51:58.750 [AsyncHttpClient-1-17] DEBUG org.asynchttpclient.netty.handler.HttpHandler - 

Request DefaultFullHttpRequest(decodeResult: success, version: HTTP/1.1, content: EmptyByteBufBE)
GET /session/2d45176e4d6c5e7b0737615eda21cb66/screenshot HTTP/1.1
User-Agent: selenium/4.8.1 (java windows)
Cache-Control: no-cache
Content-Type: application/json; charset=utf-8
host: localhost:17726
accept: */*

Response DefaultHttpResponse(decodeResult: success, version: HTTP/1.1)
HTTP/1.1 200 OK
Content-Length: 49652
Content-Type: application/json; charset=utf-8
cache-control: no-cache

18:51:58.751 [AsyncHttpClient-1-17] DEBUG org.asynchttpclient.netty.channel.ChannelManager - Adding key: http://localhost:17726 for channel [id: 0xba6bfa6b, L:/127.0.0.1:58913 - R:localhost/127.0.0.1:17726]
18:51:58.755 [main] DEBUG net.serenitybdd.core.photography.Darkroom - Send negative for processing for target\site\serenity\34815b38d09de46fddd46066d3bc77b02af59c5d27082af4747e51913650763f.png
18:51:58.756 [Darkroom Processing Line] DEBUG net.serenitybdd.core.photography.DarkroomProcessingLine - Processing screenshot image in /var/screenshots/screenshot-1110964713648464225
18:51:58.756 [Darkroom Processing Line] DEBUG net.serenitybdd.core.photography.DarkroomProcessingLine - Saving screenshot to target\site\serenity\34815b38d09de46fddd46066d3bc77b02af59c5d27082af4747e51913650763f.png
18:51:58.758 [Forwarding getPageSource on session 2d45176e4d6c5e7b0737615eda21cb66 to remote] DEBUG org.asynchttpclient.netty.request.NettyRequestSender - Using pooled Channel '[id: 0xba6bfa6b, L:/127.0.0.1:58913 - R:localhost/127.0.0.1:17726]' for 'POST' to 'http://localhost:17726/session/2d45176e4d6c5e7b0737615eda21cb66/execute/sync'
18:51:58.758 [Forwarding getPageSource on session 2d45176e4d6c5e7b0737615eda21cb66 to remote] DEBUG org.asynchttpclient.netty.request.NettyRequestSender - Using open Channel [id: 0xba6bfa6b, L:/127.0.0.1:58913 - R:localhost/127.0.0.1:17726] for POST '/session/2d45176e4d6c5e7b0737615eda21cb66/execute/sync'
18:51:58.766 [AsyncHttpClient-1-17] DEBUG org.asynchttpclient.netty.handler.HttpHandler - 

Request DefaultHttpRequest(decodeResult: success, version: HTTP/1.1)
POST /session/2d45176e4d6c5e7b0737615eda21cb66/execute/sync HTTP/1.1
User-Agent: selenium/4.8.1 (java windows)
Content-Length: 176
Content-Type: application/json; charset=utf-8
host: localhost:17726
accept: */*

Response DefaultHttpResponse(decodeResult: success, version: HTTP/1.1)
HTTP/1.1 200 OK
Content-Length: 21839
Content-Type: application/json; charset=utf-8
cache-control: no-cache

18:51:58.766 [AsyncHttpClient-1-17] DEBUG org.asynchttpclient.netty.channel.ChannelManager - Adding key: http://localhost:17726 for channel [id: 0xba6bfa6b, L:/127.0.0.1:58913 - R:localhost/127.0.0.1:17726]
18:51:58.770 [Forwarding getCurrentUrl on session 2d45176e4d6c5e7b0737615eda21cb66 to remote] DEBUG org.asynchttpclient.netty.request.NettyRequestSender - Using pooled Channel '[id: 0xba6bfa6b, L:/127.0.0.1:58913 - R:localhost/127.0.0.1:17726]' for 'GET' to 'http://localhost:17726/session/2d45176e4d6c5e7b0737615eda21cb66/url'
18:51:58.770 [Forwarding getCurrentUrl on session 2d45176e4d6c5e7b0737615eda21cb66 to remote] DEBUG org.asynchttpclient.netty.request.NettyRequestSender - Using open Channel [id: 0xba6bfa6b, L:/127.0.0.1:58913 - R:localhost/127.0.0.1:17726] for GET '/session/2d45176e4d6c5e7b0737615eda21cb66/url'
18:51:58.775 [AsyncHttpClient-1-17] DEBUG org.asynchttpclient.netty.handler.HttpHandler - 

Request DefaultFullHttpRequest(decodeResult: success, version: HTTP/1.1, content: EmptyByteBufBE)
GET /session/2d45176e4d6c5e7b0737615eda21cb66/url HTTP/1.1
User-Agent: selenium/4.8.1 (java windows)
Cache-Control: no-cache
Content-Type: application/json; charset=utf-8
host: localhost:17726
accept: */*

Response DefaultHttpResponse(decodeResult: success, version: HTTP/1.1)
HTTP/1.1 200 OK
Content-Length: 51
Content-Type: application/json; charset=utf-8
cache-control: no-cache

18:51:58.775 [AsyncHttpClient-1-17] DEBUG org.asynchttpclient.netty.channel.ChannelManager - Adding key: http://localhost:17726 for channel [id: 0xba6bfa6b, L:/127.0.0.1:58913 - R:localhost/127.0.0.1:17726]
18:51:58.778 [main] DEBUG net.thucydides.core.steps.StepInterceptor - STARTING STEP: LoginSteps.clickLoginButton - ClickLoginButton
18:51:58.783 [Forwarding findElement on session 2d45176e4d6c5e7b0737615eda21cb66 to remote] DEBUG org.asynchttpclient.netty.request.NettyRequestSender - Using pooled Channel '[id: 0xba6bfa6b, L:/127.0.0.1:58913 - R:localhost/127.0.0.1:17726]' for 'POST' to 'http://localhost:17726/session/2d45176e4d6c5e7b0737615eda21cb66/element'
18:51:58.783 [Forwarding findElement on session 2d45176e4d6c5e7b0737615eda21cb66 to remote] DEBUG org.asynchttpclient.netty.request.NettyRequestSender - Using open Channel [id: 0xba6bfa6b, L:/127.0.0.1:58913 - R:localhost/127.0.0.1:17726] for POST '/session/2d45176e4d6c5e7b0737615eda21cb66/element'
18:51:58.796 [AsyncHttpClient-1-17] DEBUG org.asynchttpclient.netty.handler.HttpHandler - 

Request DefaultHttpRequest(decodeResult: success, version: HTTP/1.1)
POST /session/2d45176e4d6c5e7b0737615eda21cb66/element HTTP/1.1
User-Agent: selenium/4.8.1 (java windows)
Content-Length: 141
Content-Type: application/json; charset=utf-8
host: localhost:17726
accept: */*

Response DefaultHttpResponse(decodeResult: success, version: HTTP/1.1)
HTTP/1.1 200 OK
Content-Length: 88
Content-Type: application/json; charset=utf-8
cache-control: no-cache

18:51:58.796 [AsyncHttpClient-1-17] DEBUG org.asynchttpclient.netty.channel.ChannelManager - Adding key: http://localhost:17726 for channel [id: 0xba6bfa6b, L:/127.0.0.1:58913 - R:localhost/127.0.0.1:17726]
18:51:58.798 [Forwarding getElementTagName on session 2d45176e4d6c5e7b0737615eda21cb66 to remote] DEBUG org.asynchttpclient.netty.request.NettyRequestSender - Using pooled Channel '[id: 0xba6bfa6b, L:/127.0.0.1:58913 - R:localhost/127.0.0.1:17726]' for 'GET' to 'http://localhost:17726/session/2d45176e4d6c5e7b0737615eda21cb66/element/af5ccb73-d6b6-4810-9865-b9a4e2d01c1f/name'
18:51:58.798 [Forwarding getElementTagName on session 2d45176e4d6c5e7b0737615eda21cb66 to remote] DEBUG org.asynchttpclient.netty.request.NettyRequestSender - Using open Channel [id: 0xba6bfa6b, L:/127.0.0.1:58913 - R:localhost/127.0.0.1:17726] for GET '/session/2d45176e4d6c5e7b0737615eda21cb66/element/af5ccb73-d6b6-4810-9865-b9a4e2d01c1f/name'
18:51:58.806 [AsyncHttpClient-1-17] DEBUG org.asynchttpclient.netty.handler.HttpHandler - 

Request DefaultFullHttpRequest(decodeResult: success, version: HTTP/1.1, content: EmptyByteBufBE)
GET /session/2d45176e4d6c5e7b0737615eda21cb66/element/af5ccb73-d6b6-4810-9865-b9a4e2d01c1f/name HTTP/1.1
User-Agent: selenium/4.8.1 (java windows)
Cache-Control: no-cache
Content-Type: application/json; charset=utf-8
host: localhost:17726
accept: */*

Response DefaultHttpResponse(decodeResult: success, version: HTTP/1.1)
HTTP/1.1 200 OK
Content-Length: 18
Content-Type: application/json; charset=utf-8
cache-control: no-cache

18:51:58.806 [AsyncHttpClient-1-17] DEBUG org.asynchttpclient.netty.channel.ChannelManager - Adding key: http://localhost:17726 for channel [id: 0xba6bfa6b, L:/127.0.0.1:58913 - R:localhost/127.0.0.1:17726]
18:51:58.808 [Forwarding getElementTagName on session 2d45176e4d6c5e7b0737615eda21cb66 to remote] DEBUG org.asynchttpclient.netty.request.NettyRequestSender - Using pooled Channel '[id: 0xba6bfa6b, L:/127.0.0.1:58913 - R:localhost/127.0.0.1:17726]' for 'GET' to 'http://localhost:17726/session/2d45176e4d6c5e7b0737615eda21cb66/element/af5ccb73-d6b6-4810-9865-b9a4e2d01c1f/name'
18:51:58.808 [Forwarding getElementTagName on session 2d45176e4d6c5e7b0737615eda21cb66 to remote] DEBUG org.asynchttpclient.netty.request.NettyRequestSender - Using open Channel [id: 0xba6bfa6b, L:/127.0.0.1:58913 - R:localhost/127.0.0.1:17726] for GET '/session/2d45176e4d6c5e7b0737615eda21cb66/element/af5ccb73-d6b6-4810-9865-b9a4e2d01c1f/name'
18:51:58.825 [AsyncHttpClient-1-17] DEBUG org.asynchttpclient.netty.handler.HttpHandler - 

Request DefaultFullHttpRequest(decodeResult: success, version: HTTP/1.1, content: EmptyByteBufBE)
GET /session/2d45176e4d6c5e7b0737615eda21cb66/element/af5ccb73-d6b6-4810-9865-b9a4e2d01c1f/name HTTP/1.1
User-Agent: selenium/4.8.1 (java windows)
Cache-Control: no-cache
Content-Type: application/json; charset=utf-8
host: localhost:17726
accept: */*

Response DefaultHttpResponse(decodeResult: success, version: HTTP/1.1)
HTTP/1.1 200 OK
Content-Length: 18
Content-Type: application/json; charset=utf-8
cache-control: no-cache

18:51:58.825 [AsyncHttpClient-1-17] DEBUG org.asynchttpclient.netty.channel.ChannelManager - Adding key: http://localhost:17726 for channel [id: 0xba6bfa6b, L:/127.0.0.1:58913 - R:localhost/127.0.0.1:17726]
18:51:58.830 [Forwarding isElementEnabled on session 2d45176e4d6c5e7b0737615eda21cb66 to remote] DEBUG org.asynchttpclient.netty.request.NettyRequestSender - Using pooled Channel '[id: 0xba6bfa6b, L:/127.0.0.1:58913 - R:localhost/127.0.0.1:17726]' for 'GET' to 'http://localhost:17726/session/2d45176e4d6c5e7b0737615eda21cb66/element/af5ccb73-d6b6-4810-9865-b9a4e2d01c1f/enabled'
18:51:58.830 [Forwarding isElementEnabled on session 2d45176e4d6c5e7b0737615eda21cb66 to remote] DEBUG org.asynchttpclient.netty.request.NettyRequestSender - Using open Channel [id: 0xba6bfa6b, L:/127.0.0.1:58913 - R:localhost/127.0.0.1:17726] for GET '/session/2d45176e4d6c5e7b0737615eda21cb66/element/af5ccb73-d6b6-4810-9865-b9a4e2d01c1f/enabled'
18:51:58.856 [AsyncHttpClient-1-17] DEBUG org.asynchttpclient.netty.handler.HttpHandler - 

Request DefaultFullHttpRequest(decodeResult: success, version: HTTP/1.1, content: EmptyByteBufBE)
GET /session/2d45176e4d6c5e7b0737615eda21cb66/element/af5ccb73-d6b6-4810-9865-b9a4e2d01c1f/enabled HTTP/1.1
User-Agent: selenium/4.8.1 (java windows)
Cache-Control: no-cache
Content-Type: application/json; charset=utf-8
host: localhost:17726
accept: */*

Response DefaultHttpResponse(decodeResult: success, version: HTTP/1.1)
HTTP/1.1 200 OK
Content-Length: 14
Content-Type: application/json; charset=utf-8
cache-control: no-cache

18:51:58.856 [AsyncHttpClient-1-17] DEBUG org.asynchttpclient.netty.channel.ChannelManager - Adding key: http://localhost:17726 for channel [id: 0xba6bfa6b, L:/127.0.0.1:58913 - R:localhost/127.0.0.1:17726]
18:51:58.858 [Forwarding isElementEnabled on session 2d45176e4d6c5e7b0737615eda21cb66 to remote] DEBUG org.asynchttpclient.netty.request.NettyRequestSender - Using pooled Channel '[id: 0xba6bfa6b, L:/127.0.0.1:58913 - R:localhost/127.0.0.1:17726]' for 'GET' to 'http://localhost:17726/session/2d45176e4d6c5e7b0737615eda21cb66/element/af5ccb73-d6b6-4810-9865-b9a4e2d01c1f/enabled'
18:51:58.858 [Forwarding isElementEnabled on session 2d45176e4d6c5e7b0737615eda21cb66 to remote] DEBUG org.asynchttpclient.netty.request.NettyRequestSender - Using open Channel [id: 0xba6bfa6b, L:/127.0.0.1:58913 - R:localhost/127.0.0.1:17726] for GET '/session/2d45176e4d6c5e7b0737615eda21cb66/element/af5ccb73-d6b6-4810-9865-b9a4e2d01c1f/enabled'
18:51:58.865 [AsyncHttpClient-1-17] DEBUG org.asynchttpclient.netty.handler.HttpHandler - 

Request DefaultFullHttpRequest(decodeResult: success, version: HTTP/1.1, content: EmptyByteBufBE)
GET /session/2d45176e4d6c5e7b0737615eda21cb66/element/af5ccb73-d6b6-4810-9865-b9a4e2d01c1f/enabled HTTP/1.1
User-Agent: selenium/4.8.1 (java windows)
Cache-Control: no-cache
Content-Type: application/json; charset=utf-8
host: localhost:17726
accept: */*

Response DefaultHttpResponse(decodeResult: success, version: HTTP/1.1)
HTTP/1.1 200 OK
Content-Length: 14
Content-Type: application/json; charset=utf-8
cache-control: no-cache

18:51:58.865 [AsyncHttpClient-1-17] DEBUG org.asynchttpclient.netty.channel.ChannelManager - Adding key: http://localhost:17726 for channel [id: 0xba6bfa6b, L:/127.0.0.1:58913 - R:localhost/127.0.0.1:17726]
18:51:58.868 [Forwarding findElement on session 2d45176e4d6c5e7b0737615eda21cb66 to remote] DEBUG org.asynchttpclient.netty.request.NettyRequestSender - Using pooled Channel '[id: 0xba6bfa6b, L:/127.0.0.1:58913 - R:localhost/127.0.0.1:17726]' for 'POST' to 'http://localhost:17726/session/2d45176e4d6c5e7b0737615eda21cb66/element'
18:51:58.868 [Forwarding findElement on session 2d45176e4d6c5e7b0737615eda21cb66 to remote] DEBUG org.asynchttpclient.netty.request.NettyRequestSender - Using open Channel [id: 0xba6bfa6b, L:/127.0.0.1:58913 - R:localhost/127.0.0.1:17726] for POST '/session/2d45176e4d6c5e7b0737615eda21cb66/element'
18:51:58.879 [AsyncHttpClient-1-17] DEBUG org.asynchttpclient.netty.handler.HttpHandler - 

Request DefaultHttpRequest(decodeResult: success, version: HTTP/1.1)
POST /session/2d45176e4d6c5e7b0737615eda21cb66/element HTTP/1.1
User-Agent: selenium/4.8.1 (java windows)
Content-Length: 141
Content-Type: application/json; charset=utf-8
host: localhost:17726
accept: */*

Response DefaultHttpResponse(decodeResult: success, version: HTTP/1.1)
HTTP/1.1 200 OK
Content-Length: 88
Content-Type: application/json; charset=utf-8
cache-control: no-cache

18:51:58.879 [AsyncHttpClient-1-17] DEBUG org.asynchttpclient.netty.channel.ChannelManager - Adding key: http://localhost:17726 for channel [id: 0xba6bfa6b, L:/127.0.0.1:58913 - R:localhost/127.0.0.1:17726]
18:51:58.881 [Forwarding clickElement on session 2d45176e4d6c5e7b0737615eda21cb66 to remote] DEBUG org.asynchttpclient.netty.request.NettyRequestSender - Using pooled Channel '[id: 0xba6bfa6b, L:/127.0.0.1:58913 - R:localhost/127.0.0.1:17726]' for 'POST' to 'http://localhost:17726/session/2d45176e4d6c5e7b0737615eda21cb66/element/af5ccb73-d6b6-4810-9865-b9a4e2d01c1f/click'
18:51:58.881 [Forwarding clickElement on session 2d45176e4d6c5e7b0737615eda21cb66 to remote] DEBUG org.asynchttpclient.netty.request.NettyRequestSender - Using open Channel [id: 0xba6bfa6b, L:/127.0.0.1:58913 - R:localhost/127.0.0.1:17726] for POST '/session/2d45176e4d6c5e7b0737615eda21cb66/element/af5ccb73-d6b6-4810-9865-b9a4e2d01c1f/click'
18:51:58.972 [AsyncHttpClient-1-17] DEBUG org.asynchttpclient.netty.handler.HttpHandler - 

Request DefaultHttpRequest(decodeResult: success, version: HTTP/1.1)
POST /session/2d45176e4d6c5e7b0737615eda21cb66/element/af5ccb73-d6b6-4810-9865-b9a4e2d01c1f/click HTTP/1.1
User-Agent: selenium/4.8.1 (java windows)
Content-Length: 50
Content-Type: application/json; charset=utf-8
host: localhost:17726
accept: */*

Response DefaultHttpResponse(decodeResult: success, version: HTTP/1.1)
HTTP/1.1 200 OK
Content-Length: 14
Content-Type: application/json; charset=utf-8
cache-control: no-cache

18:51:58.973 [AsyncHttpClient-1-17] DEBUG org.asynchttpclient.netty.channel.ChannelManager - Adding key: http://localhost:17726 for channel [id: 0xba6bfa6b, L:/127.0.0.1:58913 - R:localhost/127.0.0.1:17726]
18:51:58.984 [Forwarding getAlertText on session 2d45176e4d6c5e7b0737615eda21cb66 to remote] DEBUG org.asynchttpclient.netty.request.NettyRequestSender - Using pooled Channel '[id: 0xba6bfa6b, L:/127.0.0.1:58913 - R:localhost/127.0.0.1:17726]' for 'GET' to 'http://localhost:17726/session/2d45176e4d6c5e7b0737615eda21cb66/alert/text'
18:51:58.985 [Forwarding getAlertText on session 2d45176e4d6c5e7b0737615eda21cb66 to remote] DEBUG org.asynchttpclient.netty.request.NettyRequestSender - Using open Channel [id: 0xba6bfa6b, L:/127.0.0.1:58913 - R:localhost/127.0.0.1:17726] for GET '/session/2d45176e4d6c5e7b0737615eda21cb66/alert/text'
18:51:58.999 [AsyncHttpClient-1-17] DEBUG org.asynchttpclient.netty.handler.HttpHandler - 

Request DefaultFullHttpRequest(decodeResult: success, version: HTTP/1.1, content: EmptyByteBufBE)
GET /session/2d45176e4d6c5e7b0737615eda21cb66/alert/text HTTP/1.1
User-Agent: selenium/4.8.1 (java windows)
Cache-Control: no-cache
Content-Type: application/json; charset=utf-8
host: localhost:17726
accept: */*

Response DefaultHttpResponse(decodeResult: success, version: HTTP/1.1)
HTTP/1.1 404 Not Found
Content-Length: 809
Content-Type: application/json; charset=utf-8
cache-control: no-cache

18:51:58.999 [AsyncHttpClient-1-17] DEBUG org.asynchttpclient.netty.channel.ChannelManager - Adding key: http://localhost:17726 for channel [id: 0xba6bfa6b, L:/127.0.0.1:58913 - R:localhost/127.0.0.1:17726]
18:51:59.005 [Forwarding getCurrentUrl on session 2d45176e4d6c5e7b0737615eda21cb66 to remote] DEBUG org.asynchttpclient.netty.request.NettyRequestSender - Using pooled Channel '[id: 0xba6bfa6b, L:/127.0.0.1:58913 - R:localhost/127.0.0.1:17726]' for 'GET' to 'http://localhost:17726/session/2d45176e4d6c5e7b0737615eda21cb66/url'
18:51:59.005 [Forwarding getCurrentUrl on session 2d45176e4d6c5e7b0737615eda21cb66 to remote] DEBUG org.asynchttpclient.netty.request.NettyRequestSender - Using open Channel [id: 0xba6bfa6b, L:/127.0.0.1:58913 - R:localhost/127.0.0.1:17726] for GET '/session/2d45176e4d6c5e7b0737615eda21cb66/url'
18:51:59.026 [AsyncHttpClient-1-17] DEBUG org.asynchttpclient.netty.handler.HttpHandler - 

Request DefaultFullHttpRequest(decodeResult: success, version: HTTP/1.1, content: EmptyByteBufBE)
GET /session/2d45176e4d6c5e7b0737615eda21cb66/url HTTP/1.1
User-Agent: selenium/4.8.1 (java windows)
Cache-Control: no-cache
Content-Type: application/json; charset=utf-8
host: localhost:17726
accept: */*

Response DefaultHttpResponse(decodeResult: success, version: HTTP/1.1)
HTTP/1.1 200 OK
Content-Length: 51
Content-Type: application/json; charset=utf-8
cache-control: no-cache

18:51:59.027 [AsyncHttpClient-1-17] DEBUG org.asynchttpclient.netty.channel.ChannelManager - Adding key: http://localhost:17726 for channel [id: 0xba6bfa6b, L:/127.0.0.1:58913 - R:localhost/127.0.0.1:17726]
18:51:59.030 [Forwarding screenshot on session 2d45176e4d6c5e7b0737615eda21cb66 to remote] DEBUG org.asynchttpclient.netty.request.NettyRequestSender - Using pooled Channel '[id: 0xba6bfa6b, L:/127.0.0.1:58913 - R:localhost/127.0.0.1:17726]' for 'GET' to 'http://localhost:17726/session/2d45176e4d6c5e7b0737615eda21cb66/screenshot'
18:51:59.031 [Forwarding screenshot on session 2d45176e4d6c5e7b0737615eda21cb66 to remote] DEBUG org.asynchttpclient.netty.request.NettyRequestSender - Using open Channel [id: 0xba6bfa6b, L:/127.0.0.1:58913 - R:localhost/127.0.0.1:17726] for GET '/session/2d45176e4d6c5e7b0737615eda21cb66/screenshot'
18:51:59.543 [AsyncHttpClient-1-17] DEBUG org.asynchttpclient.netty.handler.HttpHandler - 

Request DefaultFullHttpRequest(decodeResult: success, version: HTTP/1.1, content: EmptyByteBufBE)
GET /session/2d45176e4d6c5e7b0737615eda21cb66/screenshot HTTP/1.1
User-Agent: selenium/4.8.1 (java windows)
Cache-Control: no-cache
Content-Type: application/json; charset=utf-8
host: localhost:17726
accept: */*

Response DefaultHttpResponse(decodeResult: success, version: HTTP/1.1)
HTTP/1.1 200 OK
Content-Length: 59024
Content-Type: application/json; charset=utf-8
cache-control: no-cache

18:51:59.544 [AsyncHttpClient-1-17] DEBUG org.asynchttpclient.netty.channel.ChannelManager - Adding key: http://localhost:17726 for channel [id: 0xba6bfa6b, L:/127.0.0.1:58913 - R:localhost/127.0.0.1:17726]
18:51:59.547 [main] DEBUG net.serenitybdd.core.photography.Darkroom - Send negative for processing for target\site\serenity\8c71a069b08ac7fcf4f36e882c6d18fd96faa58c3dbcd790fa83e3b960c8075c.png
18:51:59.548 [main] DEBUG net.thucydides.core.steps.StepInterceptor - STEP DONE: ClickLoginButton
18:51:59.548 [Darkroom Processing Line] DEBUG net.serenitybdd.core.photography.DarkroomProcessingLine - Processing screenshot image in /var/screenshots/screenshot-13274908448968245312
18:51:59.548 [Darkroom Processing Line] DEBUG net.serenitybdd.core.photography.DarkroomProcessingLine - Saving screenshot to target\site\serenity\8c71a069b08ac7fcf4f36e882c6d18fd96faa58c3dbcd790fa83e3b960c8075c.png
  &amp#27;[32mAnd &amp#27;[0m&amp#27;[32mI click login button&amp#27;[0m                                             &amp#27;[90m# starter.stepdefinitions.LoginSteps.clickLoginButton()&amp#27;[0m
18:51:59.562 [Forwarding getPageSource on session 2d45176e4d6c5e7b0737615eda21cb66 to remote] DEBUG org.asynchttpclient.netty.request.NettyRequestSender - Using pooled Channel '[id: 0xba6bfa6b, L:/127.0.0.1:58913 - R:localhost/127.0.0.1:17726]' for 'POST' to 'http://localhost:17726/session/2d45176e4d6c5e7b0737615eda21cb66/execute/sync'
18:51:59.562 [Forwarding getPageSource on session 2d45176e4d6c5e7b0737615eda21cb66 to remote] DEBUG org.asynchttpclient.netty.request.NettyRequestSender - Using open Channel [id: 0xba6bfa6b, L:/127.0.0.1:58913 - R:localhost/127.0.0.1:17726] for POST '/session/2d45176e4d6c5e7b0737615eda21cb66/execute/sync'
18:51:59.569 [AsyncHttpClient-1-17] DEBUG org.asynchttpclient.netty.handler.HttpHandler - 

Request DefaultHttpRequest(decodeResult: success, version: HTTP/1.1)
POST /session/2d45176e4d6c5e7b0737615eda21cb66/execute/sync HTTP/1.1
User-Agent: selenium/4.8.1 (java windows)
Content-Length: 176
Content-Type: application/json; charset=utf-8
host: localhost:17726
accept: */*

Response DefaultHttpResponse(decodeResult: success, version: HTTP/1.1)
HTTP/1.1 200 OK
Content-Length: 22249
Content-Type: application/json; charset=utf-8
cache-control: no-cache

18:51:59.571 [AsyncHttpClient-1-17] DEBUG org.asynchttpclient.netty.channel.ChannelManager - Adding key: http://localhost:17726 for channel [id: 0xba6bfa6b, L:/127.0.0.1:58913 - R:localhost/127.0.0.1:17726]
18:51:59.575 [Forwarding getCurrentUrl on session 2d45176e4d6c5e7b0737615eda21cb66 to remote] DEBUG org.asynchttpclient.netty.request.NettyRequestSender - Using pooled Channel '[id: 0xba6bfa6b, L:/127.0.0.1:58913 - R:localhost/127.0.0.1:17726]' for 'GET' to 'http://localhost:17726/session/2d45176e4d6c5e7b0737615eda21cb66/url'
18:51:59.576 [Forwarding getCurrentUrl on session 2d45176e4d6c5e7b0737615eda21cb66 to remote] DEBUG org.asynchttpclient.netty.request.NettyRequestSender - Using open Channel [id: 0xba6bfa6b, L:/127.0.0.1:58913 - R:localhost/127.0.0.1:17726] for GET '/session/2d45176e4d6c5e7b0737615eda21cb66/url'
18:51:59.580 [AsyncHttpClient-1-17] DEBUG org.asynchttpclient.netty.handler.HttpHandler - 

Request DefaultFullHttpRequest(decodeResult: success, version: HTTP/1.1, content: EmptyByteBufBE)
GET /session/2d45176e4d6c5e7b0737615eda21cb66/url HTTP/1.1
User-Agent: selenium/4.8.1 (java windows)
Cache-Control: no-cache
Content-Type: application/json; charset=utf-8
host: localhost:17726
accept: */*

Response DefaultHttpResponse(decodeResult: success, version: HTTP/1.1)
HTTP/1.1 200 OK
Content-Length: 51
Content-Type: application/json; charset=utf-8
cache-control: no-cache

18:51:59.580 [AsyncHttpClient-1-17] DEBUG org.asynchttpclient.netty.channel.ChannelManager - Adding key: http://localhost:17726 for channel [id: 0xba6bfa6b, L:/127.0.0.1:58913 - R:localhost/127.0.0.1:17726]
18:51:59.593 [Forwarding getPageSource on session 2d45176e4d6c5e7b0737615eda21cb66 to remote] DEBUG org.asynchttpclient.netty.request.NettyRequestSender - Using pooled Channel '[id: 0xba6bfa6b, L:/127.0.0.1:58913 - R:localhost/127.0.0.1:17726]' for 'POST' to 'http://localhost:17726/session/2d45176e4d6c5e7b0737615eda21cb66/execute/sync'
18:51:59.593 [Forwarding getPageSource on session 2d45176e4d6c5e7b0737615eda21cb66 to remote] DEBUG org.asynchttpclient.netty.request.NettyRequestSender - Using open Channel [id: 0xba6bfa6b, L:/127.0.0.1:58913 - R:localhost/127.0.0.1:17726] for POST '/session/2d45176e4d6c5e7b0737615eda21cb66/execute/sync'
18:51:59.601 [AsyncHttpClient-1-17] DEBUG org.asynchttpclient.netty.handler.HttpHandler - 

Request DefaultHttpRequest(decodeResult: success, version: HTTP/1.1)
POST /session/2d45176e4d6c5e7b0737615eda21cb66/execute/sync HTTP/1.1
User-Agent: selenium/4.8.1 (java windows)
Content-Length: 176
Content-Type: application/json; charset=utf-8
host: localhost:17726
accept: */*

Response DefaultHttpResponse(decodeResult: success, version: HTTP/1.1)
HTTP/1.1 200 OK
Content-Length: 22249
Content-Type: application/json; charset=utf-8
cache-control: no-cache

18:51:59.601 [AsyncHttpClient-1-17] DEBUG org.asynchttpclient.netty.channel.ChannelManager - Adding key: http://localhost:17726 for channel [id: 0xba6bfa6b, L:/127.0.0.1:58913 - R:localhost/127.0.0.1:17726]
18:51:59.605 [Forwarding getCurrentUrl on session 2d45176e4d6c5e7b0737615eda21cb66 to remote] DEBUG org.asynchttpclient.netty.request.NettyRequestSender - Using pooled Channel '[id: 0xba6bfa6b, L:/127.0.0.1:58913 - R:localhost/127.0.0.1:17726]' for 'GET' to 'http://localhost:17726/session/2d45176e4d6c5e7b0737615eda21cb66/url'
18:51:59.605 [Forwarding getCurrentUrl on session 2d45176e4d6c5e7b0737615eda21cb66 to remote] DEBUG org.asynchttpclient.netty.request.NettyRequestSender - Using open Channel [id: 0xba6bfa6b, L:/127.0.0.1:58913 - R:localhost/127.0.0.1:17726] for GET '/session/2d45176e4d6c5e7b0737615eda21cb66/url'
18:51:59.610 [AsyncHttpClient-1-17] DEBUG org.asynchttpclient.netty.handler.HttpHandler - 

Request DefaultFullHttpRequest(decodeResult: success, version: HTTP/1.1, content: EmptyByteBufBE)
GET /session/2d45176e4d6c5e7b0737615eda21cb66/url HTTP/1.1
User-Agent: selenium/4.8.1 (java windows)
Cache-Control: no-cache
Content-Type: application/json; charset=utf-8
host: localhost:17726
accept: */*

Response DefaultHttpResponse(decodeResult: success, version: HTTP/1.1)
HTTP/1.1 200 OK
Content-Length: 51
Content-Type: application/json; charset=utf-8
cache-control: no-cache

18:51:59.610 [AsyncHttpClient-1-17] DEBUG org.asynchttpclient.netty.channel.ChannelManager - Adding key: http://localhost:17726 for channel [id: 0xba6bfa6b, L:/127.0.0.1:58913 - R:localhost/127.0.0.1:17726]
18:51:59.613 [main] DEBUG net.thucydides.core.steps.StepInterceptor - STARTING STEP: LoginSteps.iCanSeeErrorMessage - validateErrorMessageDisplayed
18:51:59.615 [Forwarding findElement on session 2d45176e4d6c5e7b0737615eda21cb66 to remote] DEBUG org.asynchttpclient.netty.request.NettyRequestSender - Using pooled Channel '[id: 0xba6bfa6b, L:/127.0.0.1:58913 - R:localhost/127.0.0.1:17726]' for 'POST' to 'http://localhost:17726/session/2d45176e4d6c5e7b0737615eda21cb66/element'
18:51:59.615 [Forwarding findElement on session 2d45176e4d6c5e7b0737615eda21cb66 to remote] DEBUG org.asynchttpclient.netty.request.NettyRequestSender - Using open Channel [id: 0xba6bfa6b, L:/127.0.0.1:58913 - R:localhost/127.0.0.1:17726] for POST '/session/2d45176e4d6c5e7b0737615eda21cb66/element'
18:51:59.634 [AsyncHttpClient-1-17] DEBUG org.asynchttpclient.netty.handler.HttpHandler - 

Request DefaultHttpRequest(decodeResult: success, version: HTTP/1.1)
POST /session/2d45176e4d6c5e7b0737615eda21cb66/element HTTP/1.1
User-Agent: selenium/4.8.1 (java windows)
Content-Length: 139
Content-Type: application/json; charset=utf-8
host: localhost:17726
accept: */*

Response DefaultHttpResponse(decodeResult: success, version: HTTP/1.1)
HTTP/1.1 200 OK
Content-Length: 88
Content-Type: application/json; charset=utf-8
cache-control: no-cache

18:51:59.634 [AsyncHttpClient-1-17] DEBUG org.asynchttpclient.netty.channel.ChannelManager - Adding key: http://localhost:17726 for channel [id: 0xba6bfa6b, L:/127.0.0.1:58913 - R:localhost/127.0.0.1:17726]
18:51:59.639 [Forwarding isElementDisplayed on session 2d45176e4d6c5e7b0737615eda21cb66 to remote] DEBUG org.asynchttpclient.netty.request.NettyRequestSender - Using pooled Channel '[id: 0xba6bfa6b, L:/127.0.0.1:58913 - R:localhost/127.0.0.1:17726]' for 'POST' to 'http://localhost:17726/session/2d45176e4d6c5e7b0737615eda21cb66/execute/sync'
18:51:59.639 [Forwarding isElementDisplayed on session 2d45176e4d6c5e7b0737615eda21cb66 to remote] DEBUG org.asynchttpclient.netty.request.NettyRequestSender - Using open Channel [id: 0xba6bfa6b, L:/127.0.0.1:58913 - R:localhost/127.0.0.1:17726] for POST '/session/2d45176e4d6c5e7b0737615eda21cb66/execute/sync'
18:51:59.661 [AsyncHttpClient-1-17] DEBUG org.asynchttpclient.netty.handler.HttpHandler - 

Request DefaultHttpRequest(decodeResult: success, version: HTTP/1.1)
POST /session/2d45176e4d6c5e7b0737615eda21cb66/execute/sync HTTP/1.1
User-Agent: selenium/4.8.1 (java windows)
Content-Length: 48807
Content-Type: application/json; charset=utf-8
host: localhost:17726
accept: */*

Response DefaultHttpResponse(decodeResult: success, version: HTTP/1.1)
HTTP/1.1 200 OK
Content-Length: 14
Content-Type: application/json; charset=utf-8
cache-control: no-cache

18:51:59.662 [AsyncHttpClient-1-17] DEBUG org.asynchttpclient.netty.channel.ChannelManager - Adding key: http://localhost:17726 for channel [id: 0xba6bfa6b, L:/127.0.0.1:58913 - R:localhost/127.0.0.1:17726]
18:51:59.663 [AsyncHttpClient-1-1] DEBUG org.asynchttpclient.netty.channel.DefaultChannelPool - Entry count for : http://localhost:17726 : 1
18:51:59.663 [AsyncHttpClient-1-1] DEBUG org.asynchttpclient.netty.channel.DefaultChannelPool - Entry count for : http://localhost:58914 : 1
18:51:59.670 [Forwarding getAlertText on session 2d45176e4d6c5e7b0737615eda21cb66 to remote] DEBUG org.asynchttpclient.netty.request.NettyRequestSender - Using pooled Channel '[id: 0xba6bfa6b, L:/127.0.0.1:58913 - R:localhost/127.0.0.1:17726]' for 'GET' to 'http://localhost:17726/session/2d45176e4d6c5e7b0737615eda21cb66/alert/text'
18:51:59.670 [Forwarding getAlertText on session 2d45176e4d6c5e7b0737615eda21cb66 to remote] DEBUG org.asynchttpclient.netty.request.NettyRequestSender - Using open Channel [id: 0xba6bfa6b, L:/127.0.0.1:58913 - R:localhost/127.0.0.1:17726] for GET '/session/2d45176e4d6c5e7b0737615eda21cb66/alert/text'
18:51:59.672 [AsyncHttpClient-1-17] DEBUG org.asynchttpclient.netty.handler.HttpHandler - 

Request DefaultFullHttpRequest(decodeResult: success, version: HTTP/1.1, content: EmptyByteBufBE)
GET /session/2d45176e4d6c5e7b0737615eda21cb66/alert/text HTTP/1.1
User-Agent: selenium/4.8.1 (java windows)
Cache-Control: no-cache
Content-Type: application/json; charset=utf-8
host: localhost:17726
accept: */*

Response DefaultHttpResponse(decodeResult: success, version: HTTP/1.1)
HTTP/1.1 404 Not Found
Content-Length: 809
Content-Type: application/json; charset=utf-8
cache-control: no-cache

18:51:59.672 [AsyncHttpClient-1-17] DEBUG org.asynchttpclient.netty.channel.ChannelManager - Adding key: http://localhost:17726 for channel [id: 0xba6bfa6b, L:/127.0.0.1:58913 - R:localhost/127.0.0.1:17726]
18:51:59.674 [Forwarding getCurrentUrl on session 2d45176e4d6c5e7b0737615eda21cb66 to remote] DEBUG org.asynchttpclient.netty.request.NettyRequestSender - Using pooled Channel '[id: 0xba6bfa6b, L:/127.0.0.1:58913 - R:localhost/127.0.0.1:17726]' for 'GET' to 'http://localhost:17726/session/2d45176e4d6c5e7b0737615eda21cb66/url'
18:51:59.674 [Forwarding getCurrentUrl on session 2d45176e4d6c5e7b0737615eda21cb66 to remote] DEBUG org.asynchttpclient.netty.request.NettyRequestSender - Using open Channel [id: 0xba6bfa6b, L:/127.0.0.1:58913 - R:localhost/127.0.0.1:17726] for GET '/session/2d45176e4d6c5e7b0737615eda21cb66/url'
18:51:59.680 [AsyncHttpClient-1-17] DEBUG org.asynchttpclient.netty.handler.HttpHandler - 

Request DefaultFullHttpRequest(decodeResult: success, version: HTTP/1.1, content: EmptyByteBufBE)
GET /session/2d45176e4d6c5e7b0737615eda21cb66/url HTTP/1.1
User-Agent: selenium/4.8.1 (java windows)
Cache-Control: no-cache
Content-Type: application/json; charset=utf-8
host: localhost:17726
accept: */*

Response DefaultHttpResponse(decodeResult: success, version: HTTP/1.1)
HTTP/1.1 200 OK
Content-Length: 51
Content-Type: application/json; charset=utf-8
cache-control: no-cache

18:51:59.680 [AsyncHttpClient-1-17] DEBUG org.asynchttpclient.netty.channel.ChannelManager - Adding key: http://localhost:17726 for channel [id: 0xba6bfa6b, L:/127.0.0.1:58913 - R:localhost/127.0.0.1:17726]
18:51:59.681 [Forwarding screenshot on session 2d45176e4d6c5e7b0737615eda21cb66 to remote] DEBUG org.asynchttpclient.netty.request.NettyRequestSender - Using pooled Channel '[id: 0xba6bfa6b, L:/127.0.0.1:58913 - R:localhost/127.0.0.1:17726]' for 'GET' to 'http://localhost:17726/session/2d45176e4d6c5e7b0737615eda21cb66/screenshot'
18:51:59.681 [Forwarding screenshot on session 2d45176e4d6c5e7b0737615eda21cb66 to remote] DEBUG org.asynchttpclient.netty.request.NettyRequestSender - Using open Channel [id: 0xba6bfa6b, L:/127.0.0.1:58913 - R:localhost/127.0.0.1:17726] for GET '/session/2d45176e4d6c5e7b0737615eda21cb66/screenshot'
18:51:59.865 [AsyncHttpClient-1-17] DEBUG org.asynchttpclient.netty.handler.HttpHandler - 

Request DefaultFullHttpRequest(decodeResult: success, version: HTTP/1.1, content: EmptyByteBufBE)
GET /session/2d45176e4d6c5e7b0737615eda21cb66/screenshot HTTP/1.1
User-Agent: selenium/4.8.1 (java windows)
Cache-Control: no-cache
Content-Type: application/json; charset=utf-8
host: localhost:17726
accept: */*

Response DefaultHttpResponse(decodeResult: success, version: HTTP/1.1)
HTTP/1.1 200 OK
Content-Length: 59760
Content-Type: application/json; charset=utf-8
cache-control: no-cache

18:51:59.866 [AsyncHttpClient-1-17] DEBUG org.asynchttpclient.netty.channel.ChannelManager - Adding key: http://localhost:17726 for channel [id: 0xba6bfa6b, L:/127.0.0.1:58913 - R:localhost/127.0.0.1:17726]
18:51:59.873 [main] DEBUG net.serenitybdd.core.photography.Darkroom - Send negative for processing for target\site\serenity\020dd82052e8134d65dd8bd588340dc686eb32443965e42d660469a2d2a8a630.png
18:51:59.873 [main] DEBUG net.thucydides.core.steps.StepInterceptor - STEP DONE: validateErrorMessageDisplayed
18:51:59.873 [Darkroom Processing Line] DEBUG net.serenitybdd.core.photography.DarkroomProcessingLine - Processing screenshot image in /var/screenshots/screenshot-9000123873829486722
18:51:59.874 [Darkroom Processing Line] DEBUG net.serenitybdd.core.photography.DarkroomProcessingLine - Saving screenshot to target\site\serenity\020dd82052e8134d65dd8bd588340dc686eb32443965e42d660469a2d2a8a630.png
18:51:59.890 [Forwarding getPageSource on session 2d45176e4d6c5e7b0737615eda21cb66 to remote] DEBUG org.asynchttpclient.netty.request.NettyRequestSender - Using pooled Channel '[id: 0xba6bfa6b, L:/127.0.0.1:58913 - R:localhost/127.0.0.1:17726]' for 'POST' to 'http://localhost:17726/session/2d45176e4d6c5e7b0737615eda21cb66/execute/sync'
18:51:59.890 [Forwarding getPageSource on session 2d45176e4d6c5e7b0737615eda21cb66 to remote] DEBUG org.asynchttpclient.netty.request.NettyRequestSender - Using open Channel [id: 0xba6bfa6b, L:/127.0.0.1:58913 - R:localhost/127.0.0.1:17726] for POST '/session/2d45176e4d6c5e7b0737615eda21cb66/execute/sync'
18:51:59.902 [AsyncHttpClient-1-17] DEBUG org.asynchttpclient.netty.handler.HttpHandler - 

Request DefaultHttpRequest(decodeResult: success, version: HTTP/1.1)
POST /session/2d45176e4d6c5e7b0737615eda21cb66/execute/sync HTTP/1.1
User-Agent: selenium/4.8.1 (java windows)
Content-Length: 176
Content-Type: application/json; charset=utf-8
host: localhost:17726
accept: */*

Response DefaultHttpResponse(decodeResult: success, version: HTTP/1.1)
HTTP/1.1 200 OK
Content-Length: 22249
Content-Type: application/json; charset=utf-8
cache-control: no-cache

18:51:59.902 [AsyncHttpClient-1-17] DEBUG org.asynchttpclient.netty.channel.ChannelManager - Adding key: http://localhost:17726 for channel [id: 0xba6bfa6b, L:/127.0.0.1:58913 - R:localhost/127.0.0.1:17726]
18:51:59.914 [Forwarding getCurrentUrl on session 2d45176e4d6c5e7b0737615eda21cb66 to remote] DEBUG org.asynchttpclient.netty.request.NettyRequestSender - Using pooled Channel '[id: 0xba6bfa6b, L:/127.0.0.1:58913 - R:localhost/127.0.0.1:17726]' for 'GET' to 'http://localhost:17726/session/2d45176e4d6c5e7b0737615eda21cb66/url'
18:51:59.914 [Forwarding getCurrentUrl on session 2d45176e4d6c5e7b0737615eda21cb66 to remote] DEBUG org.asynchttpclient.netty.request.NettyRequestSender - Using open Channel [id: 0xba6bfa6b, L:/127.0.0.1:58913 - R:localhost/127.0.0.1:17726] for GET '/session/2d45176e4d6c5e7b0737615eda21cb66/url'
18:51:59.920 [AsyncHttpClient-1-17] DEBUG org.asynchttpclient.netty.handler.HttpHandler - 

Request DefaultFullHttpRequest(decodeResult: success, version: HTTP/1.1, content: EmptyByteBufBE)
GET /session/2d45176e4d6c5e7b0737615eda21cb66/url HTTP/1.1
User-Agent: selenium/4.8.1 (java windows)
Cache-Control: no-cache
Content-Type: application/json; charset=utf-8
host: localhost:17726
accept: */*

Response DefaultHttpResponse(decodeResult: success, version: HTTP/1.1)
HTTP/1.1 200 OK
Content-Length: 51
Content-Type: application/json; charset=utf-8
cache-control: no-cache

18:51:59.920 [AsyncHttpClient-1-17] DEBUG org.asynchttpclient.netty.channel.ChannelManager - Adding key: http://localhost:17726 for channel [id: 0xba6bfa6b, L:/127.0.0.1:58913 - R:localhost/127.0.0.1:17726]
18:51:59.923 [main] DEBUG net.thucydides.core.steps.StepInterceptor - STARTING STEP: LoginSteps.iCanSeeErrorMessage - validateEqualErrorMessage
18:51:59.938 [Forwarding findElement on session 2d45176e4d6c5e7b0737615eda21cb66 to remote] DEBUG org.asynchttpclient.netty.request.NettyRequestSender - Using pooled Channel '[id: 0xba6bfa6b, L:/127.0.0.1:58913 - R:localhost/127.0.0.1:17726]' for 'POST' to 'http://localhost:17726/session/2d45176e4d6c5e7b0737615eda21cb66/element'
18:51:59.939 [Forwarding findElement on session 2d45176e4d6c5e7b0737615eda21cb66 to remote] DEBUG org.asynchttpclient.netty.request.NettyRequestSender - Using open Channel [id: 0xba6bfa6b, L:/127.0.0.1:58913 - R:localhost/127.0.0.1:17726] for POST '/session/2d45176e4d6c5e7b0737615eda21cb66/element'
18:51:59.949 [AsyncHttpClient-1-17] DEBUG org.asynchttpclient.netty.handler.HttpHandler - 

Request DefaultHttpRequest(decodeResult: success, version: HTTP/1.1)
POST /session/2d45176e4d6c5e7b0737615eda21cb66/element HTTP/1.1
User-Agent: selenium/4.8.1 (java windows)
Content-Length: 139
Content-Type: application/json; charset=utf-8
host: localhost:17726
accept: */*

Response DefaultHttpResponse(decodeResult: success, version: HTTP/1.1)
HTTP/1.1 200 OK
Content-Length: 88
Content-Type: application/json; charset=utf-8
cache-control: no-cache

18:51:59.949 [AsyncHttpClient-1-17] DEBUG org.asynchttpclient.netty.channel.ChannelManager - Adding key: http://localhost:17726 for channel [id: 0xba6bfa6b, L:/127.0.0.1:58913 - R:localhost/127.0.0.1:17726]
18:51:59.950 [Forwarding getElementText on session 2d45176e4d6c5e7b0737615eda21cb66 to remote] DEBUG org.asynchttpclient.netty.request.NettyRequestSender - Using pooled Channel '[id: 0xba6bfa6b, L:/127.0.0.1:58913 - R:localhost/127.0.0.1:17726]' for 'GET' to 'http://localhost:17726/session/2d45176e4d6c5e7b0737615eda21cb66/element/efe3369e-0706-4310-8a37-b91c67d70797/text'
18:51:59.950 [Forwarding getElementText on session 2d45176e4d6c5e7b0737615eda21cb66 to remote] DEBUG org.asynchttpclient.netty.request.NettyRequestSender - Using open Channel [id: 0xba6bfa6b, L:/127.0.0.1:58913 - R:localhost/127.0.0.1:17726] for GET '/session/2d45176e4d6c5e7b0737615eda21cb66/element/efe3369e-0706-4310-8a37-b91c67d70797/text'
18:51:59.974 [AsyncHttpClient-1-17] DEBUG org.asynchttpclient.netty.handler.HttpHandler - 

Request DefaultFullHttpRequest(decodeResult: success, version: HTTP/1.1, content: EmptyByteBufBE)
GET /session/2d45176e4d6c5e7b0737615eda21cb66/element/efe3369e-0706-4310-8a37-b91c67d70797/text HTTP/1.1
User-Agent: selenium/4.8.1 (java windows)
Cache-Control: no-cache
Content-Type: application/json; charset=utf-8
host: localhost:17726
accept: */*

Response DefaultHttpResponse(decodeResult: success, version: HTTP/1.1)
HTTP/1.1 200 OK
Content-Length: 40
Content-Type: application/json; charset=utf-8
cache-control: no-cache

18:51:59.975 [AsyncHttpClient-1-17] DEBUG org.asynchttpclient.netty.channel.ChannelManager - Adding key: http://localhost:17726 for channel [id: 0xba6bfa6b, L:/127.0.0.1:58913 - R:localhost/127.0.0.1:17726]
18:51:59.991 [Forwarding getAlertText on session 2d45176e4d6c5e7b0737615eda21cb66 to remote] DEBUG org.asynchttpclient.netty.request.NettyRequestSender - Using pooled Channel '[id: 0xba6bfa6b, L:/127.0.0.1:58913 - R:localhost/127.0.0.1:17726]' for 'GET' to 'http://localhost:17726/session/2d45176e4d6c5e7b0737615eda21cb66/alert/text'
18:51:59.992 [Forwarding getAlertText on session 2d45176e4d6c5e7b0737615eda21cb66 to remote] DEBUG org.asynchttpclient.netty.request.NettyRequestSender - Using open Channel [id: 0xba6bfa6b, L:/127.0.0.1:58913 - R:localhost/127.0.0.1:17726] for GET '/session/2d45176e4d6c5e7b0737615eda21cb66/alert/text'
18:51:59.994 [AsyncHttpClient-1-17] DEBUG org.asynchttpclient.netty.handler.HttpHandler - 

Request DefaultFullHttpRequest(decodeResult: success, version: HTTP/1.1, content: EmptyByteBufBE)
GET /session/2d45176e4d6c5e7b0737615eda21cb66/alert/text HTTP/1.1
User-Agent: selenium/4.8.1 (java windows)
Cache-Control: no-cache
Content-Type: application/json; charset=utf-8
host: localhost:17726
accept: */*

Response DefaultHttpResponse(decodeResult: success, version: HTTP/1.1)
HTTP/1.1 404 Not Found
Content-Length: 809
Content-Type: application/json; charset=utf-8
cache-control: no-cache

18:51:59.994 [AsyncHttpClient-1-17] DEBUG org.asynchttpclient.netty.channel.ChannelManager - Adding key: http://localhost:17726 for channel [id: 0xba6bfa6b, L:/127.0.0.1:58913 - R:localhost/127.0.0.1:17726]
18:51:59.996 [Forwarding getCurrentUrl on session 2d45176e4d6c5e7b0737615eda21cb66 to remote] DEBUG org.asynchttpclient.netty.request.NettyRequestSender - Using pooled Channel '[id: 0xba6bfa6b, L:/127.0.0.1:58913 - R:localhost/127.0.0.1:17726]' for 'GET' to 'http://localhost:17726/session/2d45176e4d6c5e7b0737615eda21cb66/url'
18:51:59.996 [Forwarding getCurrentUrl on session 2d45176e4d6c5e7b0737615eda21cb66 to remote] DEBUG org.asynchttpclient.netty.request.NettyRequestSender - Using open Channel [id: 0xba6bfa6b, L:/127.0.0.1:58913 - R:localhost/127.0.0.1:17726] for GET '/session/2d45176e4d6c5e7b0737615eda21cb66/url'
18:51:59.999 [AsyncHttpClient-1-17] DEBUG org.asynchttpclient.netty.handler.HttpHandler - 

Request DefaultFullHttpRequest(decodeResult: success, version: HTTP/1.1, content: EmptyByteBufBE)
GET /session/2d45176e4d6c5e7b0737615eda21cb66/url HTTP/1.1
User-Agent: selenium/4.8.1 (java windows)
Cache-Control: no-cache
Content-Type: application/json; charset=utf-8
host: localhost:17726
accept: */*

Response DefaultHttpResponse(decodeResult: success, version: HTTP/1.1)
HTTP/1.1 200 OK
Content-Length: 51
Content-Type: application/json; charset=utf-8
cache-control: no-cache

18:52:00.000 [AsyncHttpClient-1-17] DEBUG org.asynchttpclient.netty.channel.ChannelManager - Adding key: http://localhost:17726 for channel [id: 0xba6bfa6b, L:/127.0.0.1:58913 - R:localhost/127.0.0.1:17726]
18:52:00.001 [Forwarding screenshot on session 2d45176e4d6c5e7b0737615eda21cb66 to remote] DEBUG org.asynchttpclient.netty.request.NettyRequestSender - Using pooled Channel '[id: 0xba6bfa6b, L:/127.0.0.1:58913 - R:localhost/127.0.0.1:17726]' for 'GET' to 'http://localhost:17726/session/2d45176e4d6c5e7b0737615eda21cb66/screenshot'
18:52:00.001 [Forwarding screenshot on session 2d45176e4d6c5e7b0737615eda21cb66 to remote] DEBUG org.asynchttpclient.netty.request.NettyRequestSender - Using open Channel [id: 0xba6bfa6b, L:/127.0.0.1:58913 - R:localhost/127.0.0.1:17726] for GET '/session/2d45176e4d6c5e7b0737615eda21cb66/screenshot'
18:52:00.191 [AsyncHttpClient-1-17] DEBUG org.asynchttpclient.netty.handler.HttpHandler - 

Request DefaultFullHttpRequest(decodeResult: success, version: HTTP/1.1, content: EmptyByteBufBE)
GET /session/2d45176e4d6c5e7b0737615eda21cb66/screenshot HTTP/1.1
User-Agent: selenium/4.8.1 (java windows)
Cache-Control: no-cache
Content-Type: application/json; charset=utf-8
host: localhost:17726
accept: */*

Response DefaultHttpResponse(decodeResult: success, version: HTTP/1.1)
HTTP/1.1 200 OK
Content-Length: 59760
Content-Type: application/json; charset=utf-8
cache-control: no-cache

18:52:00.195 [AsyncHttpClient-1-17] DEBUG org.asynchttpclient.netty.channel.ChannelManager - Adding key: http://localhost:17726 for channel [id: 0xba6bfa6b, L:/127.0.0.1:58913 - R:localhost/127.0.0.1:17726]
18:52:00.205 [main] DEBUG net.serenitybdd.core.photography.Darkroom - Send negative for processing for target\site\serenity\020dd82052e8134d65dd8bd588340dc686eb32443965e42d660469a2d2a8a630.png
18:52:00.205 [main] DEBUG net.thucydides.core.steps.StepInterceptor - STEP DONE: validateEqualErrorMessage
  &amp#27;[32mThen &amp#27;[0m&amp#27;[32mI can see error message &amp#27;[0m&amp#27;[32m&amp#27;[1m"email or password is invalid"&amp#27;[0m          &amp#27;[90m# starter.stepdefinitions.LoginSteps.iCanSeeErrorMessage(java.lang.String)&amp#27;[0m
18:52:00.221 [main] INFO  - 
  _____   ___   ___   _____     ___     _     ___   ___   ___   ___  
 |_   _| | __| / __| |_   _|   | _ \   /_\   / __| / __| | __| |   \ 
   | |   | _|  \__ \   | |     |  _/  / _ \  \__ \ \__ \ | _|  | |) |
   |_|   |___| |___/   |_|     |_|   /_/ \_\ |___/ |___/ |___| |___/ 

As user i have be able to failed login with invalid password
----------------------------------------------------------------------
18:52:00.223 [AsyncHttpClient-1-3] DEBUG org.asynchttpclient.netty.handler.WebSocketHandler - Channel Closed: [id: 0xc16a2ea4, L:/127.0.0.1:58920 ! R:localhost/127.0.0.1:58914] with attribute NettyResponseFuture{currentRetry=0,
	isDone=1,
	isCancelled=0,
	asyncHandler=org.asynchttpclient.ws.WebSocketUpgradeHandler@19eb2cf,
	nettyRequest=org.asynchttpclient.netty.request.NettyRequest@1a1e5b51,
	future=java.util.concurrent.CompletableFuture@739edc45[Completed normally],
	uri=ws://localhost:58914/devtools/browser/907cbf43-ba92-4a63-a80d-705dc36ee0d6,
	keepAlive=true,
	redirectCount=0,
	timeoutsHolder=null,
	inAuth=0,
	touch=1683546713233}
18:52:00.223 [AsyncHttpClient-1-3] DEBUG org.asynchttpclient.netty.channel.ChannelManager - Closing Channel [id: 0xc16a2ea4, L:/127.0.0.1:58920 ! R:localhost/127.0.0.1:58914] 
18:52:00.224 [Driver Command Executor] DEBUG org.asynchttpclient.netty.request.NettyRequestSender - Using pooled Channel '[id: 0xba6bfa6b, L:/127.0.0.1:58913 - R:localhost/127.0.0.1:17726]' for 'DELETE' to 'http://localhost:17726/session/2d45176e4d6c5e7b0737615eda21cb66'
18:52:00.224 [Driver Command Executor] DEBUG org.asynchttpclient.netty.request.NettyRequestSender - Using open Channel [id: 0xba6bfa6b, L:/127.0.0.1:58913 - R:localhost/127.0.0.1:17726] for DELETE '/session/2d45176e4d6c5e7b0737615eda21cb66'
18:52:00.762 [AsyncHttpClient-1-1] DEBUG org.asynchttpclient.netty.channel.DefaultChannelPool - Entry count for : http://localhost:58914 : 1
18:52:00.903 [AsyncHttpClient-1-2] DEBUG org.asynchttpclient.netty.handler.HttpHandler - Unexpected I/O exception on channel [id: 0x6ae50632, L:/127.0.0.1:58919 - R:localhost/127.0.0.1:58914]
java.net.SocketException: Connection reset
	at java.base/sun.nio.ch.SocketChannelImpl.throwConnectionReset(SocketChannelImpl.java:394)
	at java.base/sun.nio.ch.SocketChannelImpl.read(SocketChannelImpl.java:426)
	at io.netty.buffer.PooledByteBuf.setBytes(PooledByteBuf.java:259)
	at io.netty.buffer.AbstractByteBuf.writeBytes(AbstractByteBuf.java:1132)
	at io.netty.channel.socket.nio.NioSocketChannel.doReadBytes(NioSocketChannel.java:357)
	at io.netty.channel.nio.AbstractNioByteChannel$NioByteUnsafe.read(AbstractNioByteChannel.java:151)
	at io.netty.channel.nio.NioEventLoop.processSelectedKey(NioEventLoop.java:788)
	at io.netty.channel.nio.NioEventLoop.processSelectedKeysOptimized(NioEventLoop.java:724)
	at io.netty.channel.nio.NioEventLoop.processSelectedKeys(NioEventLoop.java:650)
	at io.netty.channel.nio.NioEventLoop.run(NioEventLoop.java:562)
	at io.netty.util.concurrent.SingleThreadEventExecutor$4.run(SingleThreadEventExecutor.java:997)
	at io.netty.util.internal.ThreadExecutorMap$2.run(ThreadExecutorMap.java:74)
	at io.netty.util.concurrent.FastThreadLocalRunnable.run(FastThreadLocalRunnable.java:30)
	at java.base/java.lang.Thread.run(Thread.java:833)
18:52:00.903 [AsyncHttpClient-1-2] DEBUG org.asynchttpclient.netty.channel.ChannelManager - Closing Channel [id: 0x6ae50632, L:/127.0.0.1:58919 - R:localhost/127.0.0.1:58914] 
18:52:00.904 [AsyncHttpClient-1-2] DEBUG org.asynchttpclient.netty.handler.HttpHandler - Channel Closed: [id: 0x6ae50632, L:/127.0.0.1:58919 ! R:localhost/127.0.0.1:58914] with attribute DISCARD
18:52:00.984 [AsyncHttpClient-1-17] DEBUG org.asynchttpclient.netty.handler.HttpHandler - 

Request DefaultFullHttpRequest(decodeResult: success, version: HTTP/1.1, content: EmptyByteBufBE)
DELETE /session/2d45176e4d6c5e7b0737615eda21cb66 HTTP/1.1
User-Agent: selenium/4.8.1 (java windows)
Content-Type: application/json; charset=utf-8
host: localhost:17726
accept: */*

Response DefaultHttpResponse(decodeResult: success, version: HTTP/1.1)
HTTP/1.1 200 OK
Content-Length: 14
Content-Type: application/json; charset=utf-8
cache-control: no-cache

18:52:00.985 [AsyncHttpClient-1-17] DEBUG org.asynchttpclient.netty.channel.ChannelManager - Adding key: http://localhost:17726 for channel [id: 0xba6bfa6b, L:/127.0.0.1:58913 - R:localhost/127.0.0.1:17726]
18:52:01.149 [AsyncHttpClient-1-17] DEBUG org.asynchttpclient.netty.handler.HttpHandler - Channel Closed: [id: 0xba6bfa6b, L:/127.0.0.1:58913 ! R:localhost/127.0.0.1:17726] with attribute DISCARD
]]></system-out>
    <system-err><![CDATA[Starting ChromeDriver 111.0.5563.64 (c710e93d5b63b7095afe8c2c17df34408078439d-refs/branch-heads/5563@{#995}) on port 17726
Only local connections are allowed.
Please see https://chromedriver.chromium.org/security-considerations for suggestions on keeping ChromeDriver safe.
ChromeDriver was started successfully.
[1683546712.958][WARNING]: This version of ChromeDriver has not been tested with Chrome version 112.
May 08, 2023 6:51:53 PM org.openqa.selenium.devtools.CdpVersionFinder findNearestMatch
WARNING: Unable to find an exact match for CDP version 112, so returning the closest version found: 110
]]></system-err>
  </testcase>
  <testcase name="As user i have be able to failed login with password not filled" classname="Login" time="10.669">
    <system-out><![CDATA[
Scenario: As user i have be able to failed login with password not filled &amp#27;[90m# src/test/resources/features/login.feature:28&amp#27;[0m
18:52:01.250 [main] DEBUG io.cucumber.core.plugin.SerenityReporter - Running feature from file:///D:/alta/MiniProject/src/test/resources/features/login.feature
18:52:01.258 [main] INFO  - 
  _____   ___   ___   _____     ___   _____     _     ___   _____   ___   ___  
 |_   _| | __| / __| |_   _|   / __| |_   _|   /_\   | _ \ |_   _| | __| |   \ 
   | |   | _|  \__ \   | |     \__ \   | |    / _ \  |   /   | |   | _|  | |) |
   |_|   |___| |___/   |_|     |___/   |_|   /_/ \_\ |_|_\   |_|   |___| |___/ 

As user i have be able to failed login with password not filled(login;as-user-i-have-be-able-to-failed-login-with-password-not-filled)
--------------------------------------------------------------------------------
18:52:01.514 [main] INFO net.serenitybdd.core.webdriver.driverproviders.ChromeDriverProvider - Starting Chrome driver instance with capabilities:
18:52:01.515 [main] INFO net.serenitybdd.core.webdriver.driverproviders.ChromeDriverProvider - Capabilities {acceptInsecureCerts: false, browserName: chrome, goog:chromeOptions: {args: [remote-allow-origins=*], extensions: []}}
18:52:01.689 [AsyncHttpClient-1-4] DEBUG org.asynchttpclient.netty.channel.NettyConnectListener - Using new Channel '[id: 0xaf3e77cf, L:/127.0.0.1:58940 - R:localhost/127.0.0.1:13838]' for 'POST' to '/session'
18:52:01.869 [AsyncHttpClient-1-1] DEBUG org.asynchttpclient.netty.channel.DefaultChannelPool - Entry count for : http://localhost:17726 : 1
18:52:01.869 [AsyncHttpClient-1-1] DEBUG org.asynchttpclient.netty.channel.DefaultChannelPool - Entry count for : http://localhost:58914 : 1
18:52:01.869 [AsyncHttpClient-1-1] DEBUG org.asynchttpclient.netty.channel.DefaultChannelPool - Adding Candidate expired Channel [id: 0xba6bfa6b, L:/127.0.0.1:58913 ! R:localhost/127.0.0.1:17726] isIdleTimeoutExpired=false isRemotelyClosed=true isTtlExpired=false
18:52:01.870 [AsyncHttpClient-1-1] DEBUG org.asynchttpclient.netty.channel.DefaultChannelPool - Closing Idle Channel [id: 0xba6bfa6b, L:/127.0.0.1:58913 ! R:localhost/127.0.0.1:17726]
18:52:01.870 [AsyncHttpClient-1-1] DEBUG org.asynchttpclient.netty.channel.DefaultChannelPool - Adding Candidate expired Channel [id: 0x6ae50632, L:/127.0.0.1:58919 ! R:localhost/127.0.0.1:58914] isIdleTimeoutExpired=false isRemotelyClosed=true isTtlExpired=false
18:52:01.870 [AsyncHttpClient-1-1] DEBUG org.asynchttpclient.netty.channel.DefaultChannelPool - Closing Idle Channel [id: 0x6ae50632, L:/127.0.0.1:58919 ! R:localhost/127.0.0.1:58914]
18:52:01.870 [AsyncHttpClient-1-1] DEBUG org.asynchttpclient.netty.channel.DefaultChannelPool - Closed 2 connections out of 2 in 1 ms
18:52:03.666 [AsyncHttpClient-1-4] DEBUG org.asynchttpclient.netty.handler.HttpHandler - 

Request DefaultHttpRequest(decodeResult: success, version: HTTP/1.1)
POST /session HTTP/1.1
User-Agent: selenium/4.8.1 (java windows)
Content-Length: 507
Content-Type: application/json; charset=utf-8
host: localhost:13838
accept: */*

Response DefaultHttpResponse(decodeResult: success, version: HTTP/1.1)
HTTP/1.1 200 OK
Content-Length: 861
Content-Type: application/json; charset=utf-8
cache-control: no-cache

18:52:03.667 [AsyncHttpClient-1-4] DEBUG org.asynchttpclient.netty.channel.ChannelManager - Adding key: http://localhost:13838 for channel [id: 0xaf3e77cf, L:/127.0.0.1:58940 - R:localhost/127.0.0.1:13838]
18:52:03.685 [AsyncHttpClient-1-5] DEBUG org.asynchttpclient.netty.channel.NettyConnectListener - Using new Channel '[id: 0xf8ada28c, L:/127.0.0.1:58949 - R:localhost/127.0.0.1:58941]' for 'GET' to '/json/version'
18:52:03.688 [AsyncHttpClient-1-5] DEBUG org.asynchttpclient.netty.handler.HttpHandler - 

Request DefaultFullHttpRequest(decodeResult: success, version: HTTP/1.1, content: EmptyByteBufBE)
GET /json/version HTTP/1.1
User-Agent: selenium/4.8.1 (java windows)
host: localhost:58941
accept: */*

Response DefaultHttpResponse(decodeResult: success, version: HTTP/1.1)
HTTP/1.1 200 OK
Content-Security-Policy: frame-ancestors 'none'
Content-Length: 424
Content-Type: application/json; charset=UTF-8

18:52:03.688 [AsyncHttpClient-1-5] DEBUG org.asynchttpclient.netty.channel.ChannelManager - Adding key: http://localhost:58941 for channel [id: 0xf8ada28c, L:/127.0.0.1:58949 - R:localhost/127.0.0.1:58941]
18:52:03.692 [AsyncHttpClient-1-6] DEBUG org.asynchttpclient.netty.channel.NettyConnectListener - Using new Channel '[id: 0xb32080fc, L:/127.0.0.1:58950 - R:localhost/127.0.0.1:58941]' for 'GET' to '/devtools/browser/c3ddcf1d-1910-49d5-9085-fa30245f60dc'
18:52:03.695 [AsyncHttpClient-1-6] DEBUG org.asynchttpclient.netty.handler.WebSocketHandler - 

Request DefaultFullHttpRequest(decodeResult: success, version: HTTP/1.1, content: EmptyByteBufBE)
GET /devtools/browser/c3ddcf1d-1910-49d5-9085-fa30245f60dc HTTP/1.1
upgrade: websocket
connection: upgrade
sec-websocket-key: s0HRc+i2gl47/boyRcgriw==
sec-websocket-version: 13
origin: http://localhost:58941
host: localhost:58941
accept: */*
user-agent: AHC/2.1

Response DefaultHttpResponse(decodeResult: success, version: HTTP/1.1)
HTTP/1.1 101 WebSocket Protocol Handshake
Upgrade: WebSocket
Connection: Upgrade
Sec-WebSocket-Accept: 7CsYXLLhgEjZ261oysNUd/p+ySI=

18:52:03.709 [Forwarding get on session 26d131f60b631b2f52aa9846d84a60f7 to remote] DEBUG org.asynchttpclient.netty.request.NettyRequestSender - Using pooled Channel '[id: 0xaf3e77cf, L:/127.0.0.1:58940 - R:localhost/127.0.0.1:13838]' for 'POST' to 'http://localhost:13838/session/26d131f60b631b2f52aa9846d84a60f7/url'
18:52:03.709 [Forwarding get on session 26d131f60b631b2f52aa9846d84a60f7 to remote] DEBUG org.asynchttpclient.netty.request.NettyRequestSender - Using open Channel [id: 0xaf3e77cf, L:/127.0.0.1:58940 - R:localhost/127.0.0.1:13838] for POST '/session/26d131f60b631b2f52aa9846d84a60f7/url'
18:52:04.075 [AsyncHttpClient-1-1] DEBUG org.asynchttpclient.netty.channel.DefaultChannelPool - Entry count for : http://localhost:58941 : 1
18:52:05.162 [AsyncHttpClient-1-1] DEBUG org.asynchttpclient.netty.channel.DefaultChannelPool - Entry count for : http://localhost:58941 : 1
18:52:05.580 [AsyncHttpClient-1-4] DEBUG org.asynchttpclient.netty.handler.HttpHandler - 

Request DefaultHttpRequest(decodeResult: success, version: HTTP/1.1)
POST /session/26d131f60b631b2f52aa9846d84a60f7/url HTTP/1.1
User-Agent: selenium/4.8.1 (java windows)
Content-Length: 74
Content-Type: application/json; charset=utf-8
host: localhost:13838
accept: */*

Response DefaultHttpResponse(decodeResult: success, version: HTTP/1.1)
HTTP/1.1 200 OK
Content-Length: 14
Content-Type: application/json; charset=utf-8
cache-control: no-cache

18:52:05.581 [AsyncHttpClient-1-4] DEBUG org.asynchttpclient.netty.channel.ChannelManager - Adding key: http://localhost:13838 for channel [id: 0xaf3e77cf, L:/127.0.0.1:58940 - R:localhost/127.0.0.1:13838]
18:52:05.587 [Forwarding setTimeout on session 26d131f60b631b2f52aa9846d84a60f7 to remote] DEBUG org.asynchttpclient.netty.request.NettyRequestSender - Using pooled Channel '[id: 0xaf3e77cf, L:/127.0.0.1:58940 - R:localhost/127.0.0.1:13838]' for 'POST' to 'http://localhost:13838/session/26d131f60b631b2f52aa9846d84a60f7/timeouts'
18:52:05.587 [Forwarding setTimeout on session 26d131f60b631b2f52aa9846d84a60f7 to remote] DEBUG org.asynchttpclient.netty.request.NettyRequestSender - Using open Channel [id: 0xaf3e77cf, L:/127.0.0.1:58940 - R:localhost/127.0.0.1:13838] for POST '/session/26d131f60b631b2f52aa9846d84a60f7/timeouts'
18:52:05.593 [AsyncHttpClient-1-4] DEBUG org.asynchttpclient.netty.handler.HttpHandler - 

Request DefaultHttpRequest(decodeResult: success, version: HTTP/1.1)
POST /session/26d131f60b631b2f52aa9846d84a60f7/timeouts HTTP/1.1
User-Agent: selenium/4.8.1 (java windows)
Content-Length: 22
Content-Type: application/json; charset=utf-8
host: localhost:13838
accept: */*

Response DefaultHttpResponse(decodeResult: success, version: HTTP/1.1)
HTTP/1.1 200 OK
Content-Length: 14
Content-Type: application/json; charset=utf-8
cache-control: no-cache

18:52:05.593 [AsyncHttpClient-1-4] DEBUG org.asynchttpclient.netty.channel.ChannelManager - Adding key: http://localhost:13838 for channel [id: 0xaf3e77cf, L:/127.0.0.1:58940 - R:localhost/127.0.0.1:13838]
18:52:05.665 [Forwarding getAlertText on session 26d131f60b631b2f52aa9846d84a60f7 to remote] DEBUG org.asynchttpclient.netty.request.NettyRequestSender - Using pooled Channel '[id: 0xaf3e77cf, L:/127.0.0.1:58940 - R:localhost/127.0.0.1:13838]' for 'GET' to 'http://localhost:13838/session/26d131f60b631b2f52aa9846d84a60f7/alert/text'
18:52:05.665 [Forwarding getAlertText on session 26d131f60b631b2f52aa9846d84a60f7 to remote] DEBUG org.asynchttpclient.netty.request.NettyRequestSender - Using open Channel [id: 0xaf3e77cf, L:/127.0.0.1:58940 - R:localhost/127.0.0.1:13838] for GET '/session/26d131f60b631b2f52aa9846d84a60f7/alert/text'
18:52:05.672 [AsyncHttpClient-1-4] DEBUG org.asynchttpclient.netty.handler.HttpHandler - 

Request DefaultFullHttpRequest(decodeResult: success, version: HTTP/1.1, content: EmptyByteBufBE)
GET /session/26d131f60b631b2f52aa9846d84a60f7/alert/text HTTP/1.1
User-Agent: selenium/4.8.1 (java windows)
Cache-Control: no-cache
Content-Type: application/json; charset=utf-8
host: localhost:13838
accept: */*

Response DefaultHttpResponse(decodeResult: success, version: HTTP/1.1)
HTTP/1.1 404 Not Found
Content-Length: 809
Content-Type: application/json; charset=utf-8
cache-control: no-cache

18:52:05.672 [AsyncHttpClient-1-4] DEBUG org.asynchttpclient.netty.channel.ChannelManager - Adding key: http://localhost:13838 for channel [id: 0xaf3e77cf, L:/127.0.0.1:58940 - R:localhost/127.0.0.1:13838]
18:52:05.693 [Forwarding getCurrentUrl on session 26d131f60b631b2f52aa9846d84a60f7 to remote] DEBUG org.asynchttpclient.netty.request.NettyRequestSender - Using pooled Channel '[id: 0xaf3e77cf, L:/127.0.0.1:58940 - R:localhost/127.0.0.1:13838]' for 'GET' to 'http://localhost:13838/session/26d131f60b631b2f52aa9846d84a60f7/url'
18:52:05.694 [Forwarding getCurrentUrl on session 26d131f60b631b2f52aa9846d84a60f7 to remote] DEBUG org.asynchttpclient.netty.request.NettyRequestSender - Using open Channel [id: 0xaf3e77cf, L:/127.0.0.1:58940 - R:localhost/127.0.0.1:13838] for GET '/session/26d131f60b631b2f52aa9846d84a60f7/url'
18:52:05.710 [AsyncHttpClient-1-4] DEBUG org.asynchttpclient.netty.handler.HttpHandler - 

Request DefaultFullHttpRequest(decodeResult: success, version: HTTP/1.1, content: EmptyByteBufBE)
GET /session/26d131f60b631b2f52aa9846d84a60f7/url HTTP/1.1
User-Agent: selenium/4.8.1 (java windows)
Cache-Control: no-cache
Content-Type: application/json; charset=utf-8
host: localhost:13838
accept: */*

Response DefaultHttpResponse(decodeResult: success, version: HTTP/1.1)
HTTP/1.1 200 OK
Content-Length: 51
Content-Type: application/json; charset=utf-8
cache-control: no-cache

18:52:05.710 [AsyncHttpClient-1-4] DEBUG org.asynchttpclient.netty.channel.ChannelManager - Adding key: http://localhost:13838 for channel [id: 0xaf3e77cf, L:/127.0.0.1:58940 - R:localhost/127.0.0.1:13838]
18:52:05.714 [Forwarding screenshot on session 26d131f60b631b2f52aa9846d84a60f7 to remote] DEBUG org.asynchttpclient.netty.request.NettyRequestSender - Using pooled Channel '[id: 0xaf3e77cf, L:/127.0.0.1:58940 - R:localhost/127.0.0.1:13838]' for 'GET' to 'http://localhost:13838/session/26d131f60b631b2f52aa9846d84a60f7/screenshot'
18:52:05.715 [Forwarding screenshot on session 26d131f60b631b2f52aa9846d84a60f7 to remote] DEBUG org.asynchttpclient.netty.request.NettyRequestSender - Using open Channel [id: 0xaf3e77cf, L:/127.0.0.1:58940 - R:localhost/127.0.0.1:13838] for GET '/session/26d131f60b631b2f52aa9846d84a60f7/screenshot'
18:52:06.072 [AsyncHttpClient-1-4] DEBUG org.asynchttpclient.netty.handler.HttpHandler - 

Request DefaultFullHttpRequest(decodeResult: success, version: HTTP/1.1, content: EmptyByteBufBE)
GET /session/26d131f60b631b2f52aa9846d84a60f7/screenshot HTTP/1.1
User-Agent: selenium/4.8.1 (java windows)
Cache-Control: no-cache
Content-Type: application/json; charset=utf-8
host: localhost:13838
accept: */*

Response DefaultHttpResponse(decodeResult: success, version: HTTP/1.1)
HTTP/1.1 200 OK
Content-Length: 37620
Content-Type: application/json; charset=utf-8
cache-control: no-cache

18:52:06.074 [AsyncHttpClient-1-4] DEBUG org.asynchttpclient.netty.channel.ChannelManager - Adding key: http://localhost:13838 for channel [id: 0xaf3e77cf, L:/127.0.0.1:58940 - R:localhost/127.0.0.1:13838]
18:52:06.081 [main] DEBUG net.serenitybdd.core.photography.Darkroom - Send negative for processing for target\site\serenity\7f90e531fd1d866eda603bff94ca78f911e8e93865991d343813bf4f3d87dcdd.png
18:52:06.083 [Darkroom Processing Line] DEBUG net.serenitybdd.core.photography.DarkroomProcessingLine - Processing screenshot image in /var/screenshots/screenshot-1409871810345046523
18:52:06.083 [Darkroom Processing Line] DEBUG net.serenitybdd.core.photography.DarkroomProcessingLine - Saving screenshot to target\site\serenity\7f90e531fd1d866eda603bff94ca78f911e8e93865991d343813bf4f3d87dcdd.png
18:52:06.085 [Forwarding getPageSource on session 26d131f60b631b2f52aa9846d84a60f7 to remote] DEBUG org.asynchttpclient.netty.request.NettyRequestSender - Using pooled Channel '[id: 0xaf3e77cf, L:/127.0.0.1:58940 - R:localhost/127.0.0.1:13838]' for 'POST' to 'http://localhost:13838/session/26d131f60b631b2f52aa9846d84a60f7/execute/sync'
18:52:06.085 [Forwarding getPageSource on session 26d131f60b631b2f52aa9846d84a60f7 to remote] DEBUG org.asynchttpclient.netty.request.NettyRequestSender - Using open Channel [id: 0xaf3e77cf, L:/127.0.0.1:58940 - R:localhost/127.0.0.1:13838] for POST '/session/26d131f60b631b2f52aa9846d84a60f7/execute/sync'
18:52:06.102 [AsyncHttpClient-1-4] DEBUG org.asynchttpclient.netty.handler.HttpHandler - 

Request DefaultHttpRequest(decodeResult: success, version: HTTP/1.1)
POST /session/26d131f60b631b2f52aa9846d84a60f7/execute/sync HTTP/1.1
User-Agent: selenium/4.8.1 (java windows)
Content-Length: 176
Content-Type: application/json; charset=utf-8
host: localhost:13838
accept: */*

Response DefaultHttpResponse(decodeResult: success, version: HTTP/1.1)
HTTP/1.1 200 OK
Content-Length: 21659
Content-Type: application/json; charset=utf-8
cache-control: no-cache

18:52:06.102 [AsyncHttpClient-1-4] DEBUG org.asynchttpclient.netty.channel.ChannelManager - Adding key: http://localhost:13838 for channel [id: 0xaf3e77cf, L:/127.0.0.1:58940 - R:localhost/127.0.0.1:13838]
18:52:06.113 [Forwarding getCurrentUrl on session 26d131f60b631b2f52aa9846d84a60f7 to remote] DEBUG org.asynchttpclient.netty.request.NettyRequestSender - Using pooled Channel '[id: 0xaf3e77cf, L:/127.0.0.1:58940 - R:localhost/127.0.0.1:13838]' for 'GET' to 'http://localhost:13838/session/26d131f60b631b2f52aa9846d84a60f7/url'
18:52:06.113 [Forwarding getCurrentUrl on session 26d131f60b631b2f52aa9846d84a60f7 to remote] DEBUG org.asynchttpclient.netty.request.NettyRequestSender - Using open Channel [id: 0xaf3e77cf, L:/127.0.0.1:58940 - R:localhost/127.0.0.1:13838] for GET '/session/26d131f60b631b2f52aa9846d84a60f7/url'
18:52:06.119 [AsyncHttpClient-1-4] DEBUG org.asynchttpclient.netty.handler.HttpHandler - 

Request DefaultFullHttpRequest(decodeResult: success, version: HTTP/1.1, content: EmptyByteBufBE)
GET /session/26d131f60b631b2f52aa9846d84a60f7/url HTTP/1.1
User-Agent: selenium/4.8.1 (java windows)
Cache-Control: no-cache
Content-Type: application/json; charset=utf-8
host: localhost:13838
accept: */*

Response DefaultHttpResponse(decodeResult: success, version: HTTP/1.1)
HTTP/1.1 200 OK
Content-Length: 51
Content-Type: application/json; charset=utf-8
cache-control: no-cache

18:52:06.120 [AsyncHttpClient-1-4] DEBUG org.asynchttpclient.netty.channel.ChannelManager - Adding key: http://localhost:13838 for channel [id: 0xaf3e77cf, L:/127.0.0.1:58940 - R:localhost/127.0.0.1:13838]
18:52:06.124 [main] DEBUG net.thucydides.core.steps.StepInterceptor - STARTING STEP: LoginSteps.onLoginPage - validateOnLoginPage
18:52:06.132 [Forwarding findElement on session 26d131f60b631b2f52aa9846d84a60f7 to remote] DEBUG org.asynchttpclient.netty.request.NettyRequestSender - Using pooled Channel '[id: 0xaf3e77cf, L:/127.0.0.1:58940 - R:localhost/127.0.0.1:13838]' for 'POST' to 'http://localhost:13838/session/26d131f60b631b2f52aa9846d84a60f7/element'
18:52:06.133 [Forwarding findElement on session 26d131f60b631b2f52aa9846d84a60f7 to remote] DEBUG org.asynchttpclient.netty.request.NettyRequestSender - Using open Channel [id: 0xaf3e77cf, L:/127.0.0.1:58940 - R:localhost/127.0.0.1:13838] for POST '/session/26d131f60b631b2f52aa9846d84a60f7/element'
18:52:06.163 [AsyncHttpClient-1-4] DEBUG org.asynchttpclient.netty.handler.HttpHandler - 

Request DefaultHttpRequest(decodeResult: success, version: HTTP/1.1)
POST /session/26d131f60b631b2f52aa9846d84a60f7/element HTTP/1.1
User-Agent: selenium/4.8.1 (java windows)
Content-Length: 141
Content-Type: application/json; charset=utf-8
host: localhost:13838
accept: */*

Response DefaultHttpResponse(decodeResult: success, version: HTTP/1.1)
HTTP/1.1 200 OK
Content-Length: 88
Content-Type: application/json; charset=utf-8
cache-control: no-cache

18:52:06.164 [AsyncHttpClient-1-4] DEBUG org.asynchttpclient.netty.channel.ChannelManager - Adding key: http://localhost:13838 for channel [id: 0xaf3e77cf, L:/127.0.0.1:58940 - R:localhost/127.0.0.1:13838]
18:52:06.174 [Forwarding isElementDisplayed on session 26d131f60b631b2f52aa9846d84a60f7 to remote] DEBUG org.asynchttpclient.netty.request.NettyRequestSender - Using pooled Channel '[id: 0xaf3e77cf, L:/127.0.0.1:58940 - R:localhost/127.0.0.1:13838]' for 'POST' to 'http://localhost:13838/session/26d131f60b631b2f52aa9846d84a60f7/execute/sync'
18:52:06.175 [Forwarding isElementDisplayed on session 26d131f60b631b2f52aa9846d84a60f7 to remote] DEBUG org.asynchttpclient.netty.request.NettyRequestSender - Using open Channel [id: 0xaf3e77cf, L:/127.0.0.1:58940 - R:localhost/127.0.0.1:13838] for POST '/session/26d131f60b631b2f52aa9846d84a60f7/execute/sync'
18:52:06.210 [AsyncHttpClient-1-4] DEBUG org.asynchttpclient.netty.handler.HttpHandler - 

Request DefaultHttpRequest(decodeResult: success, version: HTTP/1.1)
POST /session/26d131f60b631b2f52aa9846d84a60f7/execute/sync HTTP/1.1
User-Agent: selenium/4.8.1 (java windows)
Content-Length: 48807
Content-Type: application/json; charset=utf-8
host: localhost:13838
accept: */*

Response DefaultHttpResponse(decodeResult: success, version: HTTP/1.1)
HTTP/1.1 200 OK
Content-Length: 14
Content-Type: application/json; charset=utf-8
cache-control: no-cache

18:52:06.211 [AsyncHttpClient-1-4] DEBUG org.asynchttpclient.netty.channel.ChannelManager - Adding key: http://localhost:13838 for channel [id: 0xaf3e77cf, L:/127.0.0.1:58940 - R:localhost/127.0.0.1:13838]
18:52:06.226 [Forwarding getAlertText on session 26d131f60b631b2f52aa9846d84a60f7 to remote] DEBUG org.asynchttpclient.netty.request.NettyRequestSender - Using pooled Channel '[id: 0xaf3e77cf, L:/127.0.0.1:58940 - R:localhost/127.0.0.1:13838]' for 'GET' to 'http://localhost:13838/session/26d131f60b631b2f52aa9846d84a60f7/alert/text'
18:52:06.226 [Forwarding getAlertText on session 26d131f60b631b2f52aa9846d84a60f7 to remote] DEBUG org.asynchttpclient.netty.request.NettyRequestSender - Using open Channel [id: 0xaf3e77cf, L:/127.0.0.1:58940 - R:localhost/127.0.0.1:13838] for GET '/session/26d131f60b631b2f52aa9846d84a60f7/alert/text'
18:52:06.233 [AsyncHttpClient-1-4] DEBUG org.asynchttpclient.netty.handler.HttpHandler - 

Request DefaultFullHttpRequest(decodeResult: success, version: HTTP/1.1, content: EmptyByteBufBE)
GET /session/26d131f60b631b2f52aa9846d84a60f7/alert/text HTTP/1.1
User-Agent: selenium/4.8.1 (java windows)
Cache-Control: no-cache
Content-Type: application/json; charset=utf-8
host: localhost:13838
accept: */*

Response DefaultHttpResponse(decodeResult: success, version: HTTP/1.1)
HTTP/1.1 404 Not Found
Content-Length: 809
Content-Type: application/json; charset=utf-8
cache-control: no-cache

18:52:06.233 [AsyncHttpClient-1-4] DEBUG org.asynchttpclient.netty.channel.ChannelManager - Adding key: http://localhost:13838 for channel [id: 0xaf3e77cf, L:/127.0.0.1:58940 - R:localhost/127.0.0.1:13838]
18:52:06.238 [Forwarding getCurrentUrl on session 26d131f60b631b2f52aa9846d84a60f7 to remote] DEBUG org.asynchttpclient.netty.request.NettyRequestSender - Using pooled Channel '[id: 0xaf3e77cf, L:/127.0.0.1:58940 - R:localhost/127.0.0.1:13838]' for 'GET' to 'http://localhost:13838/session/26d131f60b631b2f52aa9846d84a60f7/url'
18:52:06.239 [Forwarding getCurrentUrl on session 26d131f60b631b2f52aa9846d84a60f7 to remote] DEBUG org.asynchttpclient.netty.request.NettyRequestSender - Using open Channel [id: 0xaf3e77cf, L:/127.0.0.1:58940 - R:localhost/127.0.0.1:13838] for GET '/session/26d131f60b631b2f52aa9846d84a60f7/url'
18:52:06.248 [AsyncHttpClient-1-4] DEBUG org.asynchttpclient.netty.handler.HttpHandler - 

Request DefaultFullHttpRequest(decodeResult: success, version: HTTP/1.1, content: EmptyByteBufBE)
GET /session/26d131f60b631b2f52aa9846d84a60f7/url HTTP/1.1
User-Agent: selenium/4.8.1 (java windows)
Cache-Control: no-cache
Content-Type: application/json; charset=utf-8
host: localhost:13838
accept: */*

Response DefaultHttpResponse(decodeResult: success, version: HTTP/1.1)
HTTP/1.1 200 OK
Content-Length: 51
Content-Type: application/json; charset=utf-8
cache-control: no-cache

18:52:06.249 [AsyncHttpClient-1-4] DEBUG org.asynchttpclient.netty.channel.ChannelManager - Adding key: http://localhost:13838 for channel [id: 0xaf3e77cf, L:/127.0.0.1:58940 - R:localhost/127.0.0.1:13838]
18:52:06.251 [Forwarding screenshot on session 26d131f60b631b2f52aa9846d84a60f7 to remote] DEBUG org.asynchttpclient.netty.request.NettyRequestSender - Using pooled Channel '[id: 0xaf3e77cf, L:/127.0.0.1:58940 - R:localhost/127.0.0.1:13838]' for 'GET' to 'http://localhost:13838/session/26d131f60b631b2f52aa9846d84a60f7/screenshot'
18:52:06.251 [Forwarding screenshot on session 26d131f60b631b2f52aa9846d84a60f7 to remote] DEBUG org.asynchttpclient.netty.request.NettyRequestSender - Using open Channel [id: 0xaf3e77cf, L:/127.0.0.1:58940 - R:localhost/127.0.0.1:13838] for GET '/session/26d131f60b631b2f52aa9846d84a60f7/screenshot'
18:52:06.289 [AsyncHttpClient-1-1] DEBUG org.asynchttpclient.netty.channel.DefaultChannelPool - Entry count for : http://localhost:58941 : 1
18:52:06.549 [AsyncHttpClient-1-4] DEBUG org.asynchttpclient.netty.handler.HttpHandler - 

Request DefaultFullHttpRequest(decodeResult: success, version: HTTP/1.1, content: EmptyByteBufBE)
GET /session/26d131f60b631b2f52aa9846d84a60f7/screenshot HTTP/1.1
User-Agent: selenium/4.8.1 (java windows)
Cache-Control: no-cache
Content-Type: application/json; charset=utf-8
host: localhost:13838
accept: */*

Response DefaultHttpResponse(decodeResult: success, version: HTTP/1.1)
HTTP/1.1 200 OK
Content-Length: 37620
Content-Type: application/json; charset=utf-8
cache-control: no-cache

18:52:06.550 [AsyncHttpClient-1-4] DEBUG org.asynchttpclient.netty.channel.ChannelManager - Adding key: http://localhost:13838 for channel [id: 0xaf3e77cf, L:/127.0.0.1:58940 - R:localhost/127.0.0.1:13838]
18:52:06.553 [main] DEBUG net.serenitybdd.core.photography.Darkroom - Send negative for processing for target\site\serenity\7f90e531fd1d866eda603bff94ca78f911e8e93865991d343813bf4f3d87dcdd.png
18:52:06.554 [main] DEBUG net.thucydides.core.steps.StepInterceptor - STEP DONE: validateOnLoginPage
  &amp#27;[32mGiven &amp#27;[0m&amp#27;[32mI am on the login page&amp#27;[0m                                            &amp#27;[90m# starter.stepdefinitions.LoginSteps.onLoginPage()&amp#27;[0m
18:52:06.572 [Forwarding getPageSource on session 26d131f60b631b2f52aa9846d84a60f7 to remote] DEBUG org.asynchttpclient.netty.request.NettyRequestSender - Using pooled Channel '[id: 0xaf3e77cf, L:/127.0.0.1:58940 - R:localhost/127.0.0.1:13838]' for 'POST' to 'http://localhost:13838/session/26d131f60b631b2f52aa9846d84a60f7/execute/sync'
18:52:06.572 [Forwarding getPageSource on session 26d131f60b631b2f52aa9846d84a60f7 to remote] DEBUG org.asynchttpclient.netty.request.NettyRequestSender - Using open Channel [id: 0xaf3e77cf, L:/127.0.0.1:58940 - R:localhost/127.0.0.1:13838] for POST '/session/26d131f60b631b2f52aa9846d84a60f7/execute/sync'
18:52:06.584 [AsyncHttpClient-1-4] DEBUG org.asynchttpclient.netty.handler.HttpHandler - 

Request DefaultHttpRequest(decodeResult: success, version: HTTP/1.1)
POST /session/26d131f60b631b2f52aa9846d84a60f7/execute/sync HTTP/1.1
User-Agent: selenium/4.8.1 (java windows)
Content-Length: 176
Content-Type: application/json; charset=utf-8
host: localhost:13838
accept: */*

Response DefaultHttpResponse(decodeResult: success, version: HTTP/1.1)
HTTP/1.1 200 OK
Content-Length: 21659
Content-Type: application/json; charset=utf-8
cache-control: no-cache

18:52:06.584 [AsyncHttpClient-1-4] DEBUG org.asynchttpclient.netty.channel.ChannelManager - Adding key: http://localhost:13838 for channel [id: 0xaf3e77cf, L:/127.0.0.1:58940 - R:localhost/127.0.0.1:13838]
18:52:06.588 [Forwarding getCurrentUrl on session 26d131f60b631b2f52aa9846d84a60f7 to remote] DEBUG org.asynchttpclient.netty.request.NettyRequestSender - Using pooled Channel '[id: 0xaf3e77cf, L:/127.0.0.1:58940 - R:localhost/127.0.0.1:13838]' for 'GET' to 'http://localhost:13838/session/26d131f60b631b2f52aa9846d84a60f7/url'
18:52:06.588 [Forwarding getCurrentUrl on session 26d131f60b631b2f52aa9846d84a60f7 to remote] DEBUG org.asynchttpclient.netty.request.NettyRequestSender - Using open Channel [id: 0xaf3e77cf, L:/127.0.0.1:58940 - R:localhost/127.0.0.1:13838] for GET '/session/26d131f60b631b2f52aa9846d84a60f7/url'
18:52:06.594 [AsyncHttpClient-1-4] DEBUG org.asynchttpclient.netty.handler.HttpHandler - 

Request DefaultFullHttpRequest(decodeResult: success, version: HTTP/1.1, content: EmptyByteBufBE)
GET /session/26d131f60b631b2f52aa9846d84a60f7/url HTTP/1.1
User-Agent: selenium/4.8.1 (java windows)
Cache-Control: no-cache
Content-Type: application/json; charset=utf-8
host: localhost:13838
accept: */*

Response DefaultHttpResponse(decodeResult: success, version: HTTP/1.1)
HTTP/1.1 200 OK
Content-Length: 51
Content-Type: application/json; charset=utf-8
cache-control: no-cache

18:52:06.595 [AsyncHttpClient-1-4] DEBUG org.asynchttpclient.netty.channel.ChannelManager - Adding key: http://localhost:13838 for channel [id: 0xaf3e77cf, L:/127.0.0.1:58940 - R:localhost/127.0.0.1:13838]
18:52:06.630 [Forwarding getAlertText on session 26d131f60b631b2f52aa9846d84a60f7 to remote] DEBUG org.asynchttpclient.netty.request.NettyRequestSender - Using pooled Channel '[id: 0xaf3e77cf, L:/127.0.0.1:58940 - R:localhost/127.0.0.1:13838]' for 'GET' to 'http://localhost:13838/session/26d131f60b631b2f52aa9846d84a60f7/alert/text'
18:52:06.630 [Forwarding getAlertText on session 26d131f60b631b2f52aa9846d84a60f7 to remote] DEBUG org.asynchttpclient.netty.request.NettyRequestSender - Using open Channel [id: 0xaf3e77cf, L:/127.0.0.1:58940 - R:localhost/127.0.0.1:13838] for GET '/session/26d131f60b631b2f52aa9846d84a60f7/alert/text'
18:52:06.633 [AsyncHttpClient-1-4] DEBUG org.asynchttpclient.netty.handler.HttpHandler - 

Request DefaultFullHttpRequest(decodeResult: success, version: HTTP/1.1, content: EmptyByteBufBE)
GET /session/26d131f60b631b2f52aa9846d84a60f7/alert/text HTTP/1.1
User-Agent: selenium/4.8.1 (java windows)
Cache-Control: no-cache
Content-Type: application/json; charset=utf-8
host: localhost:13838
accept: */*

Response DefaultHttpResponse(decodeResult: success, version: HTTP/1.1)
HTTP/1.1 404 Not Found
Content-Length: 809
Content-Type: application/json; charset=utf-8
cache-control: no-cache

18:52:06.633 [AsyncHttpClient-1-4] DEBUG org.asynchttpclient.netty.channel.ChannelManager - Adding key: http://localhost:13838 for channel [id: 0xaf3e77cf, L:/127.0.0.1:58940 - R:localhost/127.0.0.1:13838]
18:52:06.636 [Forwarding getCurrentUrl on session 26d131f60b631b2f52aa9846d84a60f7 to remote] DEBUG org.asynchttpclient.netty.request.NettyRequestSender - Using pooled Channel '[id: 0xaf3e77cf, L:/127.0.0.1:58940 - R:localhost/127.0.0.1:13838]' for 'GET' to 'http://localhost:13838/session/26d131f60b631b2f52aa9846d84a60f7/url'
18:52:06.636 [Forwarding getCurrentUrl on session 26d131f60b631b2f52aa9846d84a60f7 to remote] DEBUG org.asynchttpclient.netty.request.NettyRequestSender - Using open Channel [id: 0xaf3e77cf, L:/127.0.0.1:58940 - R:localhost/127.0.0.1:13838] for GET '/session/26d131f60b631b2f52aa9846d84a60f7/url'
18:52:06.650 [AsyncHttpClient-1-4] DEBUG org.asynchttpclient.netty.handler.HttpHandler - 

Request DefaultFullHttpRequest(decodeResult: success, version: HTTP/1.1, content: EmptyByteBufBE)
GET /session/26d131f60b631b2f52aa9846d84a60f7/url HTTP/1.1
User-Agent: selenium/4.8.1 (java windows)
Cache-Control: no-cache
Content-Type: application/json; charset=utf-8
host: localhost:13838
accept: */*

Response DefaultHttpResponse(decodeResult: success, version: HTTP/1.1)
HTTP/1.1 200 OK
Content-Length: 51
Content-Type: application/json; charset=utf-8
cache-control: no-cache

18:52:06.650 [AsyncHttpClient-1-4] DEBUG org.asynchttpclient.netty.channel.ChannelManager - Adding key: http://localhost:13838 for channel [id: 0xaf3e77cf, L:/127.0.0.1:58940 - R:localhost/127.0.0.1:13838]
18:52:06.652 [Forwarding screenshot on session 26d131f60b631b2f52aa9846d84a60f7 to remote] DEBUG org.asynchttpclient.netty.request.NettyRequestSender - Using pooled Channel '[id: 0xaf3e77cf, L:/127.0.0.1:58940 - R:localhost/127.0.0.1:13838]' for 'GET' to 'http://localhost:13838/session/26d131f60b631b2f52aa9846d84a60f7/screenshot'
18:52:06.652 [Forwarding screenshot on session 26d131f60b631b2f52aa9846d84a60f7 to remote] DEBUG org.asynchttpclient.netty.request.NettyRequestSender - Using open Channel [id: 0xaf3e77cf, L:/127.0.0.1:58940 - R:localhost/127.0.0.1:13838] for GET '/session/26d131f60b631b2f52aa9846d84a60f7/screenshot'
18:52:06.983 [AsyncHttpClient-1-4] DEBUG org.asynchttpclient.netty.handler.HttpHandler - 

Request DefaultFullHttpRequest(decodeResult: success, version: HTTP/1.1, content: EmptyByteBufBE)
GET /session/26d131f60b631b2f52aa9846d84a60f7/screenshot HTTP/1.1
User-Agent: selenium/4.8.1 (java windows)
Cache-Control: no-cache
Content-Type: application/json; charset=utf-8
host: localhost:13838
accept: */*

Response DefaultHttpResponse(decodeResult: success, version: HTTP/1.1)
HTTP/1.1 200 OK
Content-Length: 37620
Content-Type: application/json; charset=utf-8
cache-control: no-cache

18:52:06.985 [AsyncHttpClient-1-4] DEBUG org.asynchttpclient.netty.channel.ChannelManager - Adding key: http://localhost:13838 for channel [id: 0xaf3e77cf, L:/127.0.0.1:58940 - R:localhost/127.0.0.1:13838]
18:52:07.000 [main] DEBUG net.serenitybdd.core.photography.Darkroom - Send negative for processing for target\site\serenity\7f90e531fd1d866eda603bff94ca78f911e8e93865991d343813bf4f3d87dcdd.png
18:52:07.012 [Forwarding getPageSource on session 26d131f60b631b2f52aa9846d84a60f7 to remote] DEBUG org.asynchttpclient.netty.request.NettyRequestSender - Using pooled Channel '[id: 0xaf3e77cf, L:/127.0.0.1:58940 - R:localhost/127.0.0.1:13838]' for 'POST' to 'http://localhost:13838/session/26d131f60b631b2f52aa9846d84a60f7/execute/sync'
18:52:07.012 [Forwarding getPageSource on session 26d131f60b631b2f52aa9846d84a60f7 to remote] DEBUG org.asynchttpclient.netty.request.NettyRequestSender - Using open Channel [id: 0xaf3e77cf, L:/127.0.0.1:58940 - R:localhost/127.0.0.1:13838] for POST '/session/26d131f60b631b2f52aa9846d84a60f7/execute/sync'
18:52:07.026 [AsyncHttpClient-1-4] DEBUG org.asynchttpclient.netty.handler.HttpHandler - 

Request DefaultHttpRequest(decodeResult: success, version: HTTP/1.1)
POST /session/26d131f60b631b2f52aa9846d84a60f7/execute/sync HTTP/1.1
User-Agent: selenium/4.8.1 (java windows)
Content-Length: 176
Content-Type: application/json; charset=utf-8
host: localhost:13838
accept: */*

Response DefaultHttpResponse(decodeResult: success, version: HTTP/1.1)
HTTP/1.1 200 OK
Content-Length: 21659
Content-Type: application/json; charset=utf-8
cache-control: no-cache

18:52:07.027 [AsyncHttpClient-1-4] DEBUG org.asynchttpclient.netty.channel.ChannelManager - Adding key: http://localhost:13838 for channel [id: 0xaf3e77cf, L:/127.0.0.1:58940 - R:localhost/127.0.0.1:13838]
18:52:07.044 [Forwarding getCurrentUrl on session 26d131f60b631b2f52aa9846d84a60f7 to remote] DEBUG org.asynchttpclient.netty.request.NettyRequestSender - Using pooled Channel '[id: 0xaf3e77cf, L:/127.0.0.1:58940 - R:localhost/127.0.0.1:13838]' for 'GET' to 'http://localhost:13838/session/26d131f60b631b2f52aa9846d84a60f7/url'
18:52:07.045 [Forwarding getCurrentUrl on session 26d131f60b631b2f52aa9846d84a60f7 to remote] DEBUG org.asynchttpclient.netty.request.NettyRequestSender - Using open Channel [id: 0xaf3e77cf, L:/127.0.0.1:58940 - R:localhost/127.0.0.1:13838] for GET '/session/26d131f60b631b2f52aa9846d84a60f7/url'
18:52:07.054 [AsyncHttpClient-1-4] DEBUG org.asynchttpclient.netty.handler.HttpHandler - 

Request DefaultFullHttpRequest(decodeResult: success, version: HTTP/1.1, content: EmptyByteBufBE)
GET /session/26d131f60b631b2f52aa9846d84a60f7/url HTTP/1.1
User-Agent: selenium/4.8.1 (java windows)
Cache-Control: no-cache
Content-Type: application/json; charset=utf-8
host: localhost:13838
accept: */*

Response DefaultHttpResponse(decodeResult: success, version: HTTP/1.1)
HTTP/1.1 200 OK
Content-Length: 51
Content-Type: application/json; charset=utf-8
cache-control: no-cache

18:52:07.055 [AsyncHttpClient-1-4] DEBUG org.asynchttpclient.netty.channel.ChannelManager - Adding key: http://localhost:13838 for channel [id: 0xaf3e77cf, L:/127.0.0.1:58940 - R:localhost/127.0.0.1:13838]
18:52:07.059 [main] DEBUG net.thucydides.core.steps.StepInterceptor - STARTING STEP: LoginSteps.enterEmailOnLogin - inputEmail
18:52:07.082 [Forwarding findElement on session 26d131f60b631b2f52aa9846d84a60f7 to remote] DEBUG org.asynchttpclient.netty.request.NettyRequestSender - Using pooled Channel '[id: 0xaf3e77cf, L:/127.0.0.1:58940 - R:localhost/127.0.0.1:13838]' for 'POST' to 'http://localhost:13838/session/26d131f60b631b2f52aa9846d84a60f7/element'
18:52:07.083 [Forwarding findElement on session 26d131f60b631b2f52aa9846d84a60f7 to remote] DEBUG org.asynchttpclient.netty.request.NettyRequestSender - Using open Channel [id: 0xaf3e77cf, L:/127.0.0.1:58940 - R:localhost/127.0.0.1:13838] for POST '/session/26d131f60b631b2f52aa9846d84a60f7/element'
18:52:07.119 [AsyncHttpClient-1-4] DEBUG org.asynchttpclient.netty.handler.HttpHandler - 

Request DefaultHttpRequest(decodeResult: success, version: HTTP/1.1)
POST /session/26d131f60b631b2f52aa9846d84a60f7/element HTTP/1.1
User-Agent: selenium/4.8.1 (java windows)
Content-Length: 70
Content-Type: application/json; charset=utf-8
host: localhost:13838
accept: */*

Response DefaultHttpResponse(decodeResult: success, version: HTTP/1.1)
HTTP/1.1 200 OK
Content-Length: 88
Content-Type: application/json; charset=utf-8
cache-control: no-cache

18:52:07.120 [AsyncHttpClient-1-4] DEBUG org.asynchttpclient.netty.channel.ChannelManager - Adding key: http://localhost:13838 for channel [id: 0xaf3e77cf, L:/127.0.0.1:58940 - R:localhost/127.0.0.1:13838]
18:52:07.123 [Forwarding clearElement on session 26d131f60b631b2f52aa9846d84a60f7 to remote] DEBUG org.asynchttpclient.netty.request.NettyRequestSender - Using pooled Channel '[id: 0xaf3e77cf, L:/127.0.0.1:58940 - R:localhost/127.0.0.1:13838]' for 'POST' to 'http://localhost:13838/session/26d131f60b631b2f52aa9846d84a60f7/element/f132fb91-7354-446f-98ad-fae435a285d5/clear'
18:52:07.123 [Forwarding clearElement on session 26d131f60b631b2f52aa9846d84a60f7 to remote] DEBUG org.asynchttpclient.netty.request.NettyRequestSender - Using open Channel [id: 0xaf3e77cf, L:/127.0.0.1:58940 - R:localhost/127.0.0.1:13838] for POST '/session/26d131f60b631b2f52aa9846d84a60f7/element/f132fb91-7354-446f-98ad-fae435a285d5/clear'
18:52:07.199 [AsyncHttpClient-1-4] DEBUG org.asynchttpclient.netty.handler.HttpHandler - 

Request DefaultHttpRequest(decodeResult: success, version: HTTP/1.1)
POST /session/26d131f60b631b2f52aa9846d84a60f7/element/f132fb91-7354-446f-98ad-fae435a285d5/clear HTTP/1.1
User-Agent: selenium/4.8.1 (java windows)
Content-Length: 50
Content-Type: application/json; charset=utf-8
host: localhost:13838
accept: */*

Response DefaultHttpResponse(decodeResult: success, version: HTTP/1.1)
HTTP/1.1 200 OK
Content-Length: 14
Content-Type: application/json; charset=utf-8
cache-control: no-cache

18:52:07.200 [AsyncHttpClient-1-4] DEBUG org.asynchttpclient.netty.channel.ChannelManager - Adding key: http://localhost:13838 for channel [id: 0xaf3e77cf, L:/127.0.0.1:58940 - R:localhost/127.0.0.1:13838]
18:52:07.207 [Forwarding sendKeysToElement on session 26d131f60b631b2f52aa9846d84a60f7 to remote] DEBUG org.asynchttpclient.netty.request.NettyRequestSender - Using pooled Channel '[id: 0xaf3e77cf, L:/127.0.0.1:58940 - R:localhost/127.0.0.1:13838]' for 'POST' to 'http://localhost:13838/session/26d131f60b631b2f52aa9846d84a60f7/element/f132fb91-7354-446f-98ad-fae435a285d5/value'
18:52:07.207 [Forwarding sendKeysToElement on session 26d131f60b631b2f52aa9846d84a60f7 to remote] DEBUG org.asynchttpclient.netty.request.NettyRequestSender - Using open Channel [id: 0xaf3e77cf, L:/127.0.0.1:58940 - R:localhost/127.0.0.1:13838] for POST '/session/26d131f60b631b2f52aa9846d84a60f7/element/f132fb91-7354-446f-98ad-fae435a285d5/value'
18:52:07.364 [AsyncHttpClient-1-1] DEBUG org.asynchttpclient.netty.channel.DefaultChannelPool - Entry count for : http://localhost:58941 : 1
18:52:07.585 [AsyncHttpClient-1-4] DEBUG org.asynchttpclient.netty.handler.HttpHandler - 

Request DefaultHttpRequest(decodeResult: success, version: HTTP/1.1)
POST /session/26d131f60b631b2f52aa9846d84a60f7/element/f132fb91-7354-446f-98ad-fae435a285d5/value HTTP/1.1
User-Agent: selenium/4.8.1 (java windows)
Content-Length: 321
Content-Type: application/json; charset=utf-8
host: localhost:13838
accept: */*

Response DefaultHttpResponse(decodeResult: success, version: HTTP/1.1)
HTTP/1.1 200 OK
Content-Length: 14
Content-Type: application/json; charset=utf-8
cache-control: no-cache

18:52:07.587 [AsyncHttpClient-1-4] DEBUG org.asynchttpclient.netty.channel.ChannelManager - Adding key: http://localhost:13838 for channel [id: 0xaf3e77cf, L:/127.0.0.1:58940 - R:localhost/127.0.0.1:13838]
18:52:07.644 [Forwarding getAlertText on session 26d131f60b631b2f52aa9846d84a60f7 to remote] DEBUG org.asynchttpclient.netty.request.NettyRequestSender - Using pooled Channel '[id: 0xaf3e77cf, L:/127.0.0.1:58940 - R:localhost/127.0.0.1:13838]' for 'GET' to 'http://localhost:13838/session/26d131f60b631b2f52aa9846d84a60f7/alert/text'
18:52:07.644 [Forwarding getAlertText on session 26d131f60b631b2f52aa9846d84a60f7 to remote] DEBUG org.asynchttpclient.netty.request.NettyRequestSender - Using open Channel [id: 0xaf3e77cf, L:/127.0.0.1:58940 - R:localhost/127.0.0.1:13838] for GET '/session/26d131f60b631b2f52aa9846d84a60f7/alert/text'
18:52:07.648 [AsyncHttpClient-1-4] DEBUG org.asynchttpclient.netty.handler.HttpHandler - 

Request DefaultFullHttpRequest(decodeResult: success, version: HTTP/1.1, content: EmptyByteBufBE)
GET /session/26d131f60b631b2f52aa9846d84a60f7/alert/text HTTP/1.1
User-Agent: selenium/4.8.1 (java windows)
Cache-Control: no-cache
Content-Type: application/json; charset=utf-8
host: localhost:13838
accept: */*

Response DefaultHttpResponse(decodeResult: success, version: HTTP/1.1)
HTTP/1.1 404 Not Found
Content-Length: 809
Content-Type: application/json; charset=utf-8
cache-control: no-cache

18:52:07.649 [AsyncHttpClient-1-4] DEBUG org.asynchttpclient.netty.channel.ChannelManager - Adding key: http://localhost:13838 for channel [id: 0xaf3e77cf, L:/127.0.0.1:58940 - R:localhost/127.0.0.1:13838]
18:52:07.662 [Forwarding getCurrentUrl on session 26d131f60b631b2f52aa9846d84a60f7 to remote] DEBUG org.asynchttpclient.netty.request.NettyRequestSender - Using pooled Channel '[id: 0xaf3e77cf, L:/127.0.0.1:58940 - R:localhost/127.0.0.1:13838]' for 'GET' to 'http://localhost:13838/session/26d131f60b631b2f52aa9846d84a60f7/url'
18:52:07.662 [Forwarding getCurrentUrl on session 26d131f60b631b2f52aa9846d84a60f7 to remote] DEBUG org.asynchttpclient.netty.request.NettyRequestSender - Using open Channel [id: 0xaf3e77cf, L:/127.0.0.1:58940 - R:localhost/127.0.0.1:13838] for GET '/session/26d131f60b631b2f52aa9846d84a60f7/url'
18:52:07.675 [AsyncHttpClient-1-4] DEBUG org.asynchttpclient.netty.handler.HttpHandler - 

Request DefaultFullHttpRequest(decodeResult: success, version: HTTP/1.1, content: EmptyByteBufBE)
GET /session/26d131f60b631b2f52aa9846d84a60f7/url HTTP/1.1
User-Agent: selenium/4.8.1 (java windows)
Cache-Control: no-cache
Content-Type: application/json; charset=utf-8
host: localhost:13838
accept: */*

Response DefaultHttpResponse(decodeResult: success, version: HTTP/1.1)
HTTP/1.1 200 OK
Content-Length: 51
Content-Type: application/json; charset=utf-8
cache-control: no-cache

18:52:07.675 [AsyncHttpClient-1-4] DEBUG org.asynchttpclient.netty.channel.ChannelManager - Adding key: http://localhost:13838 for channel [id: 0xaf3e77cf, L:/127.0.0.1:58940 - R:localhost/127.0.0.1:13838]
18:52:07.678 [Forwarding screenshot on session 26d131f60b631b2f52aa9846d84a60f7 to remote] DEBUG org.asynchttpclient.netty.request.NettyRequestSender - Using pooled Channel '[id: 0xaf3e77cf, L:/127.0.0.1:58940 - R:localhost/127.0.0.1:13838]' for 'GET' to 'http://localhost:13838/session/26d131f60b631b2f52aa9846d84a60f7/screenshot'
18:52:07.679 [Forwarding screenshot on session 26d131f60b631b2f52aa9846d84a60f7 to remote] DEBUG org.asynchttpclient.netty.request.NettyRequestSender - Using open Channel [id: 0xaf3e77cf, L:/127.0.0.1:58940 - R:localhost/127.0.0.1:13838] for GET '/session/26d131f60b631b2f52aa9846d84a60f7/screenshot'
18:52:08.015 [AsyncHttpClient-1-4] DEBUG org.asynchttpclient.netty.handler.HttpHandler - 

Request DefaultFullHttpRequest(decodeResult: success, version: HTTP/1.1, content: EmptyByteBufBE)
GET /session/26d131f60b631b2f52aa9846d84a60f7/screenshot HTTP/1.1
User-Agent: selenium/4.8.1 (java windows)
Cache-Control: no-cache
Content-Type: application/json; charset=utf-8
host: localhost:13838
accept: */*

Response DefaultHttpResponse(decodeResult: success, version: HTTP/1.1)
HTTP/1.1 200 OK
Content-Length: 47536
Content-Type: application/json; charset=utf-8
cache-control: no-cache

18:52:08.019 [AsyncHttpClient-1-4] DEBUG org.asynchttpclient.netty.channel.ChannelManager - Adding key: http://localhost:13838 for channel [id: 0xaf3e77cf, L:/127.0.0.1:58940 - R:localhost/127.0.0.1:13838]
18:52:08.026 [main] DEBUG net.serenitybdd.core.photography.Darkroom - Send negative for processing for target\site\serenity\1cbef9caf93604113eeebf66849d3f6ff98e153b4eaaf1c96dd9aed74d9c6ecb.png
18:52:08.028 [Darkroom Processing Line] DEBUG net.serenitybdd.core.photography.DarkroomProcessingLine - Processing screenshot image in /var/screenshots/screenshot-10614111632880511892
18:52:08.029 [Darkroom Processing Line] DEBUG net.serenitybdd.core.photography.DarkroomProcessingLine - Saving screenshot to target\site\serenity\1cbef9caf93604113eeebf66849d3f6ff98e153b4eaaf1c96dd9aed74d9c6ecb.png
18:52:08.033 [main] DEBUG net.thucydides.core.steps.StepInterceptor - STEP DONE: inputEmail
  &amp#27;[32mWhen &amp#27;[0m&amp#27;[32mI enter email &amp#27;[0m&amp#27;[32m&amp#27;[1m"basmaronanta28@gmail.com"&amp#27;[0m                           &amp#27;[90m# starter.stepdefinitions.LoginSteps.enterEmailOnLogin(java.lang.String)&amp#27;[0m
18:52:08.066 [Forwarding getPageSource on session 26d131f60b631b2f52aa9846d84a60f7 to remote] DEBUG org.asynchttpclient.netty.request.NettyRequestSender - Using pooled Channel '[id: 0xaf3e77cf, L:/127.0.0.1:58940 - R:localhost/127.0.0.1:13838]' for 'POST' to 'http://localhost:13838/session/26d131f60b631b2f52aa9846d84a60f7/execute/sync'
18:52:08.067 [Forwarding getPageSource on session 26d131f60b631b2f52aa9846d84a60f7 to remote] DEBUG org.asynchttpclient.netty.request.NettyRequestSender - Using open Channel [id: 0xaf3e77cf, L:/127.0.0.1:58940 - R:localhost/127.0.0.1:13838] for POST '/session/26d131f60b631b2f52aa9846d84a60f7/execute/sync'
18:52:08.078 [AsyncHttpClient-1-4] DEBUG org.asynchttpclient.netty.handler.HttpHandler - 

Request DefaultHttpRequest(decodeResult: success, version: HTTP/1.1)
POST /session/26d131f60b631b2f52aa9846d84a60f7/execute/sync HTTP/1.1
User-Agent: selenium/4.8.1 (java windows)
Content-Length: 176
Content-Type: application/json; charset=utf-8
host: localhost:13838
accept: */*

Response DefaultHttpResponse(decodeResult: success, version: HTTP/1.1)
HTTP/1.1 200 OK
Content-Length: 21780
Content-Type: application/json; charset=utf-8
cache-control: no-cache

18:52:08.082 [AsyncHttpClient-1-4] DEBUG org.asynchttpclient.netty.channel.ChannelManager - Adding key: http://localhost:13838 for channel [id: 0xaf3e77cf, L:/127.0.0.1:58940 - R:localhost/127.0.0.1:13838]
18:52:08.098 [Forwarding getCurrentUrl on session 26d131f60b631b2f52aa9846d84a60f7 to remote] DEBUG org.asynchttpclient.netty.request.NettyRequestSender - Using pooled Channel '[id: 0xaf3e77cf, L:/127.0.0.1:58940 - R:localhost/127.0.0.1:13838]' for 'GET' to 'http://localhost:13838/session/26d131f60b631b2f52aa9846d84a60f7/url'
18:52:08.098 [Forwarding getCurrentUrl on session 26d131f60b631b2f52aa9846d84a60f7 to remote] DEBUG org.asynchttpclient.netty.request.NettyRequestSender - Using open Channel [id: 0xaf3e77cf, L:/127.0.0.1:58940 - R:localhost/127.0.0.1:13838] for GET '/session/26d131f60b631b2f52aa9846d84a60f7/url'
18:52:08.104 [AsyncHttpClient-1-4] DEBUG org.asynchttpclient.netty.handler.HttpHandler - 

Request DefaultFullHttpRequest(decodeResult: success, version: HTTP/1.1, content: EmptyByteBufBE)
GET /session/26d131f60b631b2f52aa9846d84a60f7/url HTTP/1.1
User-Agent: selenium/4.8.1 (java windows)
Cache-Control: no-cache
Content-Type: application/json; charset=utf-8
host: localhost:13838
accept: */*

Response DefaultHttpResponse(decodeResult: success, version: HTTP/1.1)
HTTP/1.1 200 OK
Content-Length: 51
Content-Type: application/json; charset=utf-8
cache-control: no-cache

18:52:08.106 [AsyncHttpClient-1-4] DEBUG org.asynchttpclient.netty.channel.ChannelManager - Adding key: http://localhost:13838 for channel [id: 0xaf3e77cf, L:/127.0.0.1:58940 - R:localhost/127.0.0.1:13838]
18:52:08.130 [Forwarding getAlertText on session 26d131f60b631b2f52aa9846d84a60f7 to remote] DEBUG org.asynchttpclient.netty.request.NettyRequestSender - Using pooled Channel '[id: 0xaf3e77cf, L:/127.0.0.1:58940 - R:localhost/127.0.0.1:13838]' for 'GET' to 'http://localhost:13838/session/26d131f60b631b2f52aa9846d84a60f7/alert/text'
18:52:08.130 [Forwarding getAlertText on session 26d131f60b631b2f52aa9846d84a60f7 to remote] DEBUG org.asynchttpclient.netty.request.NettyRequestSender - Using open Channel [id: 0xaf3e77cf, L:/127.0.0.1:58940 - R:localhost/127.0.0.1:13838] for GET '/session/26d131f60b631b2f52aa9846d84a60f7/alert/text'
18:52:08.132 [AsyncHttpClient-1-4] DEBUG org.asynchttpclient.netty.handler.HttpHandler - 

Request DefaultFullHttpRequest(decodeResult: success, version: HTTP/1.1, content: EmptyByteBufBE)
GET /session/26d131f60b631b2f52aa9846d84a60f7/alert/text HTTP/1.1
User-Agent: selenium/4.8.1 (java windows)
Cache-Control: no-cache
Content-Type: application/json; charset=utf-8
host: localhost:13838
accept: */*

Response DefaultHttpResponse(decodeResult: success, version: HTTP/1.1)
HTTP/1.1 404 Not Found
Content-Length: 809
Content-Type: application/json; charset=utf-8
cache-control: no-cache

18:52:08.133 [AsyncHttpClient-1-4] DEBUG org.asynchttpclient.netty.channel.ChannelManager - Adding key: http://localhost:13838 for channel [id: 0xaf3e77cf, L:/127.0.0.1:58940 - R:localhost/127.0.0.1:13838]
18:52:08.139 [Forwarding getCurrentUrl on session 26d131f60b631b2f52aa9846d84a60f7 to remote] DEBUG org.asynchttpclient.netty.request.NettyRequestSender - Using pooled Channel '[id: 0xaf3e77cf, L:/127.0.0.1:58940 - R:localhost/127.0.0.1:13838]' for 'GET' to 'http://localhost:13838/session/26d131f60b631b2f52aa9846d84a60f7/url'
18:52:08.139 [Forwarding getCurrentUrl on session 26d131f60b631b2f52aa9846d84a60f7 to remote] DEBUG org.asynchttpclient.netty.request.NettyRequestSender - Using open Channel [id: 0xaf3e77cf, L:/127.0.0.1:58940 - R:localhost/127.0.0.1:13838] for GET '/session/26d131f60b631b2f52aa9846d84a60f7/url'
18:52:08.144 [AsyncHttpClient-1-4] DEBUG org.asynchttpclient.netty.handler.HttpHandler - 

Request DefaultFullHttpRequest(decodeResult: success, version: HTTP/1.1, content: EmptyByteBufBE)
GET /session/26d131f60b631b2f52aa9846d84a60f7/url HTTP/1.1
User-Agent: selenium/4.8.1 (java windows)
Cache-Control: no-cache
Content-Type: application/json; charset=utf-8
host: localhost:13838
accept: */*

Response DefaultHttpResponse(decodeResult: success, version: HTTP/1.1)
HTTP/1.1 200 OK
Content-Length: 51
Content-Type: application/json; charset=utf-8
cache-control: no-cache

18:52:08.144 [AsyncHttpClient-1-4] DEBUG org.asynchttpclient.netty.channel.ChannelManager - Adding key: http://localhost:13838 for channel [id: 0xaf3e77cf, L:/127.0.0.1:58940 - R:localhost/127.0.0.1:13838]
18:52:08.146 [Forwarding screenshot on session 26d131f60b631b2f52aa9846d84a60f7 to remote] DEBUG org.asynchttpclient.netty.request.NettyRequestSender - Using pooled Channel '[id: 0xaf3e77cf, L:/127.0.0.1:58940 - R:localhost/127.0.0.1:13838]' for 'GET' to 'http://localhost:13838/session/26d131f60b631b2f52aa9846d84a60f7/screenshot'
18:52:08.146 [Forwarding screenshot on session 26d131f60b631b2f52aa9846d84a60f7 to remote] DEBUG org.asynchttpclient.netty.request.NettyRequestSender - Using open Channel [id: 0xaf3e77cf, L:/127.0.0.1:58940 - R:localhost/127.0.0.1:13838] for GET '/session/26d131f60b631b2f52aa9846d84a60f7/screenshot'
18:52:08.348 [AsyncHttpClient-1-4] DEBUG org.asynchttpclient.netty.handler.HttpHandler - 

Request DefaultFullHttpRequest(decodeResult: success, version: HTTP/1.1, content: EmptyByteBufBE)
GET /session/26d131f60b631b2f52aa9846d84a60f7/screenshot HTTP/1.1
User-Agent: selenium/4.8.1 (java windows)
Cache-Control: no-cache
Content-Type: application/json; charset=utf-8
host: localhost:13838
accept: */*

Response DefaultHttpResponse(decodeResult: success, version: HTTP/1.1)
HTTP/1.1 200 OK
Content-Length: 47468
Content-Type: application/json; charset=utf-8
cache-control: no-cache

18:52:08.349 [AsyncHttpClient-1-4] DEBUG org.asynchttpclient.netty.channel.ChannelManager - Adding key: http://localhost:13838 for channel [id: 0xaf3e77cf, L:/127.0.0.1:58940 - R:localhost/127.0.0.1:13838]
18:52:08.353 [main] DEBUG net.serenitybdd.core.photography.Darkroom - Send negative for processing for target\site\serenity\29985a3992a41d5435e38336f40f3581be1a5fc71d53e29379565c39b9573411.png
18:52:08.354 [Darkroom Processing Line] DEBUG net.serenitybdd.core.photography.DarkroomProcessingLine - Processing screenshot image in /var/screenshots/screenshot-14035030929108966826
18:52:08.354 [Darkroom Processing Line] DEBUG net.serenitybdd.core.photography.DarkroomProcessingLine - Saving screenshot to target\site\serenity\29985a3992a41d5435e38336f40f3581be1a5fc71d53e29379565c39b9573411.png
18:52:08.359 [Forwarding getPageSource on session 26d131f60b631b2f52aa9846d84a60f7 to remote] DEBUG org.asynchttpclient.netty.request.NettyRequestSender - Using pooled Channel '[id: 0xaf3e77cf, L:/127.0.0.1:58940 - R:localhost/127.0.0.1:13838]' for 'POST' to 'http://localhost:13838/session/26d131f60b631b2f52aa9846d84a60f7/execute/sync'
18:52:08.359 [Forwarding getPageSource on session 26d131f60b631b2f52aa9846d84a60f7 to remote] DEBUG org.asynchttpclient.netty.request.NettyRequestSender - Using open Channel [id: 0xaf3e77cf, L:/127.0.0.1:58940 - R:localhost/127.0.0.1:13838] for POST '/session/26d131f60b631b2f52aa9846d84a60f7/execute/sync'
18:52:08.367 [AsyncHttpClient-1-4] DEBUG org.asynchttpclient.netty.handler.HttpHandler - 

Request DefaultHttpRequest(decodeResult: success, version: HTTP/1.1)
POST /session/26d131f60b631b2f52aa9846d84a60f7/execute/sync HTTP/1.1
User-Agent: selenium/4.8.1 (java windows)
Content-Length: 176
Content-Type: application/json; charset=utf-8
host: localhost:13838
accept: */*

Response DefaultHttpResponse(decodeResult: success, version: HTTP/1.1)
HTTP/1.1 200 OK
Content-Length: 21780
Content-Type: application/json; charset=utf-8
cache-control: no-cache

18:52:08.367 [AsyncHttpClient-1-4] DEBUG org.asynchttpclient.netty.channel.ChannelManager - Adding key: http://localhost:13838 for channel [id: 0xaf3e77cf, L:/127.0.0.1:58940 - R:localhost/127.0.0.1:13838]
18:52:08.382 [Forwarding getCurrentUrl on session 26d131f60b631b2f52aa9846d84a60f7 to remote] DEBUG org.asynchttpclient.netty.request.NettyRequestSender - Using pooled Channel '[id: 0xaf3e77cf, L:/127.0.0.1:58940 - R:localhost/127.0.0.1:13838]' for 'GET' to 'http://localhost:13838/session/26d131f60b631b2f52aa9846d84a60f7/url'
18:52:08.383 [Forwarding getCurrentUrl on session 26d131f60b631b2f52aa9846d84a60f7 to remote] DEBUG org.asynchttpclient.netty.request.NettyRequestSender - Using open Channel [id: 0xaf3e77cf, L:/127.0.0.1:58940 - R:localhost/127.0.0.1:13838] for GET '/session/26d131f60b631b2f52aa9846d84a60f7/url'
18:52:08.397 [AsyncHttpClient-1-4] DEBUG org.asynchttpclient.netty.handler.HttpHandler - 

Request DefaultFullHttpRequest(decodeResult: success, version: HTTP/1.1, content: EmptyByteBufBE)
GET /session/26d131f60b631b2f52aa9846d84a60f7/url HTTP/1.1
User-Agent: selenium/4.8.1 (java windows)
Cache-Control: no-cache
Content-Type: application/json; charset=utf-8
host: localhost:13838
accept: */*

Response DefaultHttpResponse(decodeResult: success, version: HTTP/1.1)
HTTP/1.1 200 OK
Content-Length: 51
Content-Type: application/json; charset=utf-8
cache-control: no-cache

18:52:08.397 [AsyncHttpClient-1-4] DEBUG org.asynchttpclient.netty.channel.ChannelManager - Adding key: http://localhost:13838 for channel [id: 0xaf3e77cf, L:/127.0.0.1:58940 - R:localhost/127.0.0.1:13838]
18:52:08.404 [main] DEBUG net.thucydides.core.steps.StepInterceptor - STARTING STEP: LoginSteps.enterPasswordOnLogin - inputPassword
18:52:08.419 [Forwarding findElement on session 26d131f60b631b2f52aa9846d84a60f7 to remote] DEBUG org.asynchttpclient.netty.request.NettyRequestSender - Using pooled Channel '[id: 0xaf3e77cf, L:/127.0.0.1:58940 - R:localhost/127.0.0.1:13838]' for 'POST' to 'http://localhost:13838/session/26d131f60b631b2f52aa9846d84a60f7/element'
18:52:08.419 [Forwarding findElement on session 26d131f60b631b2f52aa9846d84a60f7 to remote] DEBUG org.asynchttpclient.netty.request.NettyRequestSender - Using open Channel [id: 0xaf3e77cf, L:/127.0.0.1:58940 - R:localhost/127.0.0.1:13838] for POST '/session/26d131f60b631b2f52aa9846d84a60f7/element'
18:52:08.448 [AsyncHttpClient-1-4] DEBUG org.asynchttpclient.netty.handler.HttpHandler - 

Request DefaultHttpRequest(decodeResult: success, version: HTTP/1.1)
POST /session/26d131f60b631b2f52aa9846d84a60f7/element HTTP/1.1
User-Agent: selenium/4.8.1 (java windows)
Content-Length: 70
Content-Type: application/json; charset=utf-8
host: localhost:13838
accept: */*

Response DefaultHttpResponse(decodeResult: success, version: HTTP/1.1)
HTTP/1.1 200 OK
Content-Length: 88
Content-Type: application/json; charset=utf-8
cache-control: no-cache

18:52:08.449 [AsyncHttpClient-1-4] DEBUG org.asynchttpclient.netty.channel.ChannelManager - Adding key: http://localhost:13838 for channel [id: 0xaf3e77cf, L:/127.0.0.1:58940 - R:localhost/127.0.0.1:13838]
18:52:08.457 [Forwarding clearElement on session 26d131f60b631b2f52aa9846d84a60f7 to remote] DEBUG org.asynchttpclient.netty.request.NettyRequestSender - Using pooled Channel '[id: 0xaf3e77cf, L:/127.0.0.1:58940 - R:localhost/127.0.0.1:13838]' for 'POST' to 'http://localhost:13838/session/26d131f60b631b2f52aa9846d84a60f7/element/5b4724a7-c2f7-49c0-ada0-4648f788a0b6/clear'
18:52:08.457 [Forwarding clearElement on session 26d131f60b631b2f52aa9846d84a60f7 to remote] DEBUG org.asynchttpclient.netty.request.NettyRequestSender - Using open Channel [id: 0xaf3e77cf, L:/127.0.0.1:58940 - R:localhost/127.0.0.1:13838] for POST '/session/26d131f60b631b2f52aa9846d84a60f7/element/5b4724a7-c2f7-49c0-ada0-4648f788a0b6/clear'
18:52:08.468 [AsyncHttpClient-1-1] DEBUG org.asynchttpclient.netty.channel.DefaultChannelPool - Entry count for : http://localhost:58941 : 1
18:52:08.512 [AsyncHttpClient-1-4] DEBUG org.asynchttpclient.netty.handler.HttpHandler - 

Request DefaultHttpRequest(decodeResult: success, version: HTTP/1.1)
POST /session/26d131f60b631b2f52aa9846d84a60f7/element/5b4724a7-c2f7-49c0-ada0-4648f788a0b6/clear HTTP/1.1
User-Agent: selenium/4.8.1 (java windows)
Content-Length: 50
Content-Type: application/json; charset=utf-8
host: localhost:13838
accept: */*

Response DefaultHttpResponse(decodeResult: success, version: HTTP/1.1)
HTTP/1.1 200 OK
Content-Length: 14
Content-Type: application/json; charset=utf-8
cache-control: no-cache

18:52:08.512 [AsyncHttpClient-1-4] DEBUG org.asynchttpclient.netty.channel.ChannelManager - Adding key: http://localhost:13838 for channel [id: 0xaf3e77cf, L:/127.0.0.1:58940 - R:localhost/127.0.0.1:13838]
18:52:08.519 [Forwarding sendKeysToElement on session 26d131f60b631b2f52aa9846d84a60f7 to remote] DEBUG org.asynchttpclient.netty.request.NettyRequestSender - Using pooled Channel '[id: 0xaf3e77cf, L:/127.0.0.1:58940 - R:localhost/127.0.0.1:13838]' for 'POST' to 'http://localhost:13838/session/26d131f60b631b2f52aa9846d84a60f7/element/5b4724a7-c2f7-49c0-ada0-4648f788a0b6/value'
18:52:08.519 [Forwarding sendKeysToElement on session 26d131f60b631b2f52aa9846d84a60f7 to remote] DEBUG org.asynchttpclient.netty.request.NettyRequestSender - Using open Channel [id: 0xaf3e77cf, L:/127.0.0.1:58940 - R:localhost/127.0.0.1:13838] for POST '/session/26d131f60b631b2f52aa9846d84a60f7/element/5b4724a7-c2f7-49c0-ada0-4648f788a0b6/value'
18:52:08.602 [AsyncHttpClient-1-4] DEBUG org.asynchttpclient.netty.handler.HttpHandler - 

Request DefaultHttpRequest(decodeResult: success, version: HTTP/1.1)
POST /session/26d131f60b631b2f52aa9846d84a60f7/element/5b4724a7-c2f7-49c0-ada0-4648f788a0b6/value HTTP/1.1
User-Agent: selenium/4.8.1 (java windows)
Content-Length: 82
Content-Type: application/json; charset=utf-8
host: localhost:13838
accept: */*

Response DefaultHttpResponse(decodeResult: success, version: HTTP/1.1)
HTTP/1.1 200 OK
Content-Length: 14
Content-Type: application/json; charset=utf-8
cache-control: no-cache

18:52:08.602 [AsyncHttpClient-1-4] DEBUG org.asynchttpclient.netty.channel.ChannelManager - Adding key: http://localhost:13838 for channel [id: 0xaf3e77cf, L:/127.0.0.1:58940 - R:localhost/127.0.0.1:13838]
18:52:08.634 [Forwarding getAlertText on session 26d131f60b631b2f52aa9846d84a60f7 to remote] DEBUG org.asynchttpclient.netty.request.NettyRequestSender - Using pooled Channel '[id: 0xaf3e77cf, L:/127.0.0.1:58940 - R:localhost/127.0.0.1:13838]' for 'GET' to 'http://localhost:13838/session/26d131f60b631b2f52aa9846d84a60f7/alert/text'
18:52:08.635 [Forwarding getAlertText on session 26d131f60b631b2f52aa9846d84a60f7 to remote] DEBUG org.asynchttpclient.netty.request.NettyRequestSender - Using open Channel [id: 0xaf3e77cf, L:/127.0.0.1:58940 - R:localhost/127.0.0.1:13838] for GET '/session/26d131f60b631b2f52aa9846d84a60f7/alert/text'
18:52:08.637 [AsyncHttpClient-1-4] DEBUG org.asynchttpclient.netty.handler.HttpHandler - 

Request DefaultFullHttpRequest(decodeResult: success, version: HTTP/1.1, content: EmptyByteBufBE)
GET /session/26d131f60b631b2f52aa9846d84a60f7/alert/text HTTP/1.1
User-Agent: selenium/4.8.1 (java windows)
Cache-Control: no-cache
Content-Type: application/json; charset=utf-8
host: localhost:13838
accept: */*

Response DefaultHttpResponse(decodeResult: success, version: HTTP/1.1)
HTTP/1.1 404 Not Found
Content-Length: 809
Content-Type: application/json; charset=utf-8
cache-control: no-cache

18:52:08.638 [AsyncHttpClient-1-4] DEBUG org.asynchttpclient.netty.channel.ChannelManager - Adding key: http://localhost:13838 for channel [id: 0xaf3e77cf, L:/127.0.0.1:58940 - R:localhost/127.0.0.1:13838]
18:52:08.644 [Forwarding getCurrentUrl on session 26d131f60b631b2f52aa9846d84a60f7 to remote] DEBUG org.asynchttpclient.netty.request.NettyRequestSender - Using pooled Channel '[id: 0xaf3e77cf, L:/127.0.0.1:58940 - R:localhost/127.0.0.1:13838]' for 'GET' to 'http://localhost:13838/session/26d131f60b631b2f52aa9846d84a60f7/url'
18:52:08.644 [Forwarding getCurrentUrl on session 26d131f60b631b2f52aa9846d84a60f7 to remote] DEBUG org.asynchttpclient.netty.request.NettyRequestSender - Using open Channel [id: 0xaf3e77cf, L:/127.0.0.1:58940 - R:localhost/127.0.0.1:13838] for GET '/session/26d131f60b631b2f52aa9846d84a60f7/url'
18:52:08.649 [AsyncHttpClient-1-4] DEBUG org.asynchttpclient.netty.handler.HttpHandler - 

Request DefaultFullHttpRequest(decodeResult: success, version: HTTP/1.1, content: EmptyByteBufBE)
GET /session/26d131f60b631b2f52aa9846d84a60f7/url HTTP/1.1
User-Agent: selenium/4.8.1 (java windows)
Cache-Control: no-cache
Content-Type: application/json; charset=utf-8
host: localhost:13838
accept: */*

Response DefaultHttpResponse(decodeResult: success, version: HTTP/1.1)
HTTP/1.1 200 OK
Content-Length: 51
Content-Type: application/json; charset=utf-8
cache-control: no-cache

18:52:08.649 [AsyncHttpClient-1-4] DEBUG org.asynchttpclient.netty.channel.ChannelManager - Adding key: http://localhost:13838 for channel [id: 0xaf3e77cf, L:/127.0.0.1:58940 - R:localhost/127.0.0.1:13838]
18:52:08.651 [Forwarding screenshot on session 26d131f60b631b2f52aa9846d84a60f7 to remote] DEBUG org.asynchttpclient.netty.request.NettyRequestSender - Using pooled Channel '[id: 0xaf3e77cf, L:/127.0.0.1:58940 - R:localhost/127.0.0.1:13838]' for 'GET' to 'http://localhost:13838/session/26d131f60b631b2f52aa9846d84a60f7/screenshot'
18:52:08.651 [Forwarding screenshot on session 26d131f60b631b2f52aa9846d84a60f7 to remote] DEBUG org.asynchttpclient.netty.request.NettyRequestSender - Using open Channel [id: 0xaf3e77cf, L:/127.0.0.1:58940 - R:localhost/127.0.0.1:13838] for GET '/session/26d131f60b631b2f52aa9846d84a60f7/screenshot'
18:52:08.885 [AsyncHttpClient-1-4] DEBUG org.asynchttpclient.netty.handler.HttpHandler - 

Request DefaultFullHttpRequest(decodeResult: success, version: HTTP/1.1, content: EmptyByteBufBE)
GET /session/26d131f60b631b2f52aa9846d84a60f7/screenshot HTTP/1.1
User-Agent: selenium/4.8.1 (java windows)
Cache-Control: no-cache
Content-Type: application/json; charset=utf-8
host: localhost:13838
accept: */*

Response DefaultHttpResponse(decodeResult: success, version: HTTP/1.1)
HTTP/1.1 200 OK
Content-Length: 47864
Content-Type: application/json; charset=utf-8
cache-control: no-cache

18:52:08.886 [AsyncHttpClient-1-4] DEBUG org.asynchttpclient.netty.channel.ChannelManager - Adding key: http://localhost:13838 for channel [id: 0xaf3e77cf, L:/127.0.0.1:58940 - R:localhost/127.0.0.1:13838]
18:52:08.899 [main] DEBUG net.serenitybdd.core.photography.Darkroom - Send negative for processing for target\site\serenity\0a90a3c7140cca50ed0fd0736ef2c56599963332e1467870a7fda99a8cb2ccf8.png
18:52:08.899 [main] DEBUG net.thucydides.core.steps.StepInterceptor - STEP DONE: inputPassword
18:52:08.899 [Darkroom Processing Line] DEBUG net.serenitybdd.core.photography.DarkroomProcessingLine - Processing screenshot image in /var/screenshots/screenshot-6845857225396741068
18:52:08.899 [Darkroom Processing Line] DEBUG net.serenitybdd.core.photography.DarkroomProcessingLine - Saving screenshot to target\site\serenity\0a90a3c7140cca50ed0fd0736ef2c56599963332e1467870a7fda99a8cb2ccf8.png
  &amp#27;[32mAnd &amp#27;[0m&amp#27;[32mI enter password &amp#27;[0m&amp#27;[32m&amp#27;[1m""&amp#27;[0m                                                 &amp#27;[90m# starter.stepdefinitions.LoginSteps.enterPasswordOnLogin(java.lang.String)&amp#27;[0m
18:52:08.934 [Forwarding getPageSource on session 26d131f60b631b2f52aa9846d84a60f7 to remote] DEBUG org.asynchttpclient.netty.request.NettyRequestSender - Using pooled Channel '[id: 0xaf3e77cf, L:/127.0.0.1:58940 - R:localhost/127.0.0.1:13838]' for 'POST' to 'http://localhost:13838/session/26d131f60b631b2f52aa9846d84a60f7/execute/sync'
18:52:08.934 [Forwarding getPageSource on session 26d131f60b631b2f52aa9846d84a60f7 to remote] DEBUG org.asynchttpclient.netty.request.NettyRequestSender - Using open Channel [id: 0xaf3e77cf, L:/127.0.0.1:58940 - R:localhost/127.0.0.1:13838] for POST '/session/26d131f60b631b2f52aa9846d84a60f7/execute/sync'
18:52:08.949 [AsyncHttpClient-1-4] DEBUG org.asynchttpclient.netty.handler.HttpHandler - 

Request DefaultHttpRequest(decodeResult: success, version: HTTP/1.1)
POST /session/26d131f60b631b2f52aa9846d84a60f7/execute/sync HTTP/1.1
User-Agent: selenium/4.8.1 (java windows)
Content-Length: 176
Content-Type: application/json; charset=utf-8
host: localhost:13838
accept: */*

Response DefaultHttpResponse(decodeResult: success, version: HTTP/1.1)
HTTP/1.1 200 OK
Content-Length: 21796
Content-Type: application/json; charset=utf-8
cache-control: no-cache

18:52:08.950 [AsyncHttpClient-1-4] DEBUG org.asynchttpclient.netty.channel.ChannelManager - Adding key: http://localhost:13838 for channel [id: 0xaf3e77cf, L:/127.0.0.1:58940 - R:localhost/127.0.0.1:13838]
18:52:08.962 [Forwarding getCurrentUrl on session 26d131f60b631b2f52aa9846d84a60f7 to remote] DEBUG org.asynchttpclient.netty.request.NettyRequestSender - Using pooled Channel '[id: 0xaf3e77cf, L:/127.0.0.1:58940 - R:localhost/127.0.0.1:13838]' for 'GET' to 'http://localhost:13838/session/26d131f60b631b2f52aa9846d84a60f7/url'
18:52:08.963 [Forwarding getCurrentUrl on session 26d131f60b631b2f52aa9846d84a60f7 to remote] DEBUG org.asynchttpclient.netty.request.NettyRequestSender - Using open Channel [id: 0xaf3e77cf, L:/127.0.0.1:58940 - R:localhost/127.0.0.1:13838] for GET '/session/26d131f60b631b2f52aa9846d84a60f7/url'
18:52:08.968 [AsyncHttpClient-1-4] DEBUG org.asynchttpclient.netty.handler.HttpHandler - 

Request DefaultFullHttpRequest(decodeResult: success, version: HTTP/1.1, content: EmptyByteBufBE)
GET /session/26d131f60b631b2f52aa9846d84a60f7/url HTTP/1.1
User-Agent: selenium/4.8.1 (java windows)
Cache-Control: no-cache
Content-Type: application/json; charset=utf-8
host: localhost:13838
accept: */*

Response DefaultHttpResponse(decodeResult: success, version: HTTP/1.1)
HTTP/1.1 200 OK
Content-Length: 51
Content-Type: application/json; charset=utf-8
cache-control: no-cache

18:52:08.968 [AsyncHttpClient-1-4] DEBUG org.asynchttpclient.netty.channel.ChannelManager - Adding key: http://localhost:13838 for channel [id: 0xaf3e77cf, L:/127.0.0.1:58940 - R:localhost/127.0.0.1:13838]
18:52:09.017 [Forwarding getAlertText on session 26d131f60b631b2f52aa9846d84a60f7 to remote] DEBUG org.asynchttpclient.netty.request.NettyRequestSender - Using pooled Channel '[id: 0xaf3e77cf, L:/127.0.0.1:58940 - R:localhost/127.0.0.1:13838]' for 'GET' to 'http://localhost:13838/session/26d131f60b631b2f52aa9846d84a60f7/alert/text'
18:52:09.017 [Forwarding getAlertText on session 26d131f60b631b2f52aa9846d84a60f7 to remote] DEBUG org.asynchttpclient.netty.request.NettyRequestSender - Using open Channel [id: 0xaf3e77cf, L:/127.0.0.1:58940 - R:localhost/127.0.0.1:13838] for GET '/session/26d131f60b631b2f52aa9846d84a60f7/alert/text'
18:52:09.021 [AsyncHttpClient-1-4] DEBUG org.asynchttpclient.netty.handler.HttpHandler - 

Request DefaultFullHttpRequest(decodeResult: success, version: HTTP/1.1, content: EmptyByteBufBE)
GET /session/26d131f60b631b2f52aa9846d84a60f7/alert/text HTTP/1.1
User-Agent: selenium/4.8.1 (java windows)
Cache-Control: no-cache
Content-Type: application/json; charset=utf-8
host: localhost:13838
accept: */*

Response DefaultHttpResponse(decodeResult: success, version: HTTP/1.1)
HTTP/1.1 404 Not Found
Content-Length: 809
Content-Type: application/json; charset=utf-8
cache-control: no-cache

18:52:09.022 [AsyncHttpClient-1-4] DEBUG org.asynchttpclient.netty.channel.ChannelManager - Adding key: http://localhost:13838 for channel [id: 0xaf3e77cf, L:/127.0.0.1:58940 - R:localhost/127.0.0.1:13838]
18:52:09.031 [Forwarding getCurrentUrl on session 26d131f60b631b2f52aa9846d84a60f7 to remote] DEBUG org.asynchttpclient.netty.request.NettyRequestSender - Using pooled Channel '[id: 0xaf3e77cf, L:/127.0.0.1:58940 - R:localhost/127.0.0.1:13838]' for 'GET' to 'http://localhost:13838/session/26d131f60b631b2f52aa9846d84a60f7/url'
18:52:09.031 [Forwarding getCurrentUrl on session 26d131f60b631b2f52aa9846d84a60f7 to remote] DEBUG org.asynchttpclient.netty.request.NettyRequestSender - Using open Channel [id: 0xaf3e77cf, L:/127.0.0.1:58940 - R:localhost/127.0.0.1:13838] for GET '/session/26d131f60b631b2f52aa9846d84a60f7/url'
18:52:09.045 [AsyncHttpClient-1-4] DEBUG org.asynchttpclient.netty.handler.HttpHandler - 

Request DefaultFullHttpRequest(decodeResult: success, version: HTTP/1.1, content: EmptyByteBufBE)
GET /session/26d131f60b631b2f52aa9846d84a60f7/url HTTP/1.1
User-Agent: selenium/4.8.1 (java windows)
Cache-Control: no-cache
Content-Type: application/json; charset=utf-8
host: localhost:13838
accept: */*

Response DefaultHttpResponse(decodeResult: success, version: HTTP/1.1)
HTTP/1.1 200 OK
Content-Length: 51
Content-Type: application/json; charset=utf-8
cache-control: no-cache

18:52:09.045 [AsyncHttpClient-1-4] DEBUG org.asynchttpclient.netty.channel.ChannelManager - Adding key: http://localhost:13838 for channel [id: 0xaf3e77cf, L:/127.0.0.1:58940 - R:localhost/127.0.0.1:13838]
18:52:09.047 [Forwarding screenshot on session 26d131f60b631b2f52aa9846d84a60f7 to remote] DEBUG org.asynchttpclient.netty.request.NettyRequestSender - Using pooled Channel '[id: 0xaf3e77cf, L:/127.0.0.1:58940 - R:localhost/127.0.0.1:13838]' for 'GET' to 'http://localhost:13838/session/26d131f60b631b2f52aa9846d84a60f7/screenshot'
18:52:09.047 [Forwarding screenshot on session 26d131f60b631b2f52aa9846d84a60f7 to remote] DEBUG org.asynchttpclient.netty.request.NettyRequestSender - Using open Channel [id: 0xaf3e77cf, L:/127.0.0.1:58940 - R:localhost/127.0.0.1:13838] for GET '/session/26d131f60b631b2f52aa9846d84a60f7/screenshot'
18:52:09.354 [AsyncHttpClient-1-4] DEBUG org.asynchttpclient.netty.handler.HttpHandler - 

Request DefaultFullHttpRequest(decodeResult: success, version: HTTP/1.1, content: EmptyByteBufBE)
GET /session/26d131f60b631b2f52aa9846d84a60f7/screenshot HTTP/1.1
User-Agent: selenium/4.8.1 (java windows)
Cache-Control: no-cache
Content-Type: application/json; charset=utf-8
host: localhost:13838
accept: */*

Response DefaultHttpResponse(decodeResult: success, version: HTTP/1.1)
HTTP/1.1 200 OK
Content-Length: 46372
Content-Type: application/json; charset=utf-8
cache-control: no-cache

18:52:09.354 [AsyncHttpClient-1-4] DEBUG org.asynchttpclient.netty.channel.ChannelManager - Adding key: http://localhost:13838 for channel [id: 0xaf3e77cf, L:/127.0.0.1:58940 - R:localhost/127.0.0.1:13838]
18:52:09.370 [main] DEBUG net.serenitybdd.core.photography.Darkroom - Send negative for processing for target\site\serenity\6b720d79358251b96442d80cf75aa1cd15727a5aca66704d712c68ce71acd84a.png
18:52:09.371 [Darkroom Processing Line] DEBUG net.serenitybdd.core.photography.DarkroomProcessingLine - Processing screenshot image in /var/screenshots/screenshot-8024280648991284174
18:52:09.371 [Darkroom Processing Line] DEBUG net.serenitybdd.core.photography.DarkroomProcessingLine - Saving screenshot to target\site\serenity\6b720d79358251b96442d80cf75aa1cd15727a5aca66704d712c68ce71acd84a.png
18:52:09.384 [Forwarding getPageSource on session 26d131f60b631b2f52aa9846d84a60f7 to remote] DEBUG org.asynchttpclient.netty.request.NettyRequestSender - Using pooled Channel '[id: 0xaf3e77cf, L:/127.0.0.1:58940 - R:localhost/127.0.0.1:13838]' for 'POST' to 'http://localhost:13838/session/26d131f60b631b2f52aa9846d84a60f7/execute/sync'
18:52:09.384 [Forwarding getPageSource on session 26d131f60b631b2f52aa9846d84a60f7 to remote] DEBUG org.asynchttpclient.netty.request.NettyRequestSender - Using open Channel [id: 0xaf3e77cf, L:/127.0.0.1:58940 - R:localhost/127.0.0.1:13838] for POST '/session/26d131f60b631b2f52aa9846d84a60f7/execute/sync'
18:52:09.392 [AsyncHttpClient-1-4] DEBUG org.asynchttpclient.netty.handler.HttpHandler - 

Request DefaultHttpRequest(decodeResult: success, version: HTTP/1.1)
POST /session/26d131f60b631b2f52aa9846d84a60f7/execute/sync HTTP/1.1
User-Agent: selenium/4.8.1 (java windows)
Content-Length: 176
Content-Type: application/json; charset=utf-8
host: localhost:13838
accept: */*

Response DefaultHttpResponse(decodeResult: success, version: HTTP/1.1)
HTTP/1.1 200 OK
Content-Length: 21796
Content-Type: application/json; charset=utf-8
cache-control: no-cache

18:52:09.392 [AsyncHttpClient-1-4] DEBUG org.asynchttpclient.netty.channel.ChannelManager - Adding key: http://localhost:13838 for channel [id: 0xaf3e77cf, L:/127.0.0.1:58940 - R:localhost/127.0.0.1:13838]
18:52:09.402 [Forwarding getCurrentUrl on session 26d131f60b631b2f52aa9846d84a60f7 to remote] DEBUG org.asynchttpclient.netty.request.NettyRequestSender - Using pooled Channel '[id: 0xaf3e77cf, L:/127.0.0.1:58940 - R:localhost/127.0.0.1:13838]' for 'GET' to 'http://localhost:13838/session/26d131f60b631b2f52aa9846d84a60f7/url'
18:52:09.403 [Forwarding getCurrentUrl on session 26d131f60b631b2f52aa9846d84a60f7 to remote] DEBUG org.asynchttpclient.netty.request.NettyRequestSender - Using open Channel [id: 0xaf3e77cf, L:/127.0.0.1:58940 - R:localhost/127.0.0.1:13838] for GET '/session/26d131f60b631b2f52aa9846d84a60f7/url'
18:52:09.411 [AsyncHttpClient-1-4] DEBUG org.asynchttpclient.netty.handler.HttpHandler - 

Request DefaultFullHttpRequest(decodeResult: success, version: HTTP/1.1, content: EmptyByteBufBE)
GET /session/26d131f60b631b2f52aa9846d84a60f7/url HTTP/1.1
User-Agent: selenium/4.8.1 (java windows)
Cache-Control: no-cache
Content-Type: application/json; charset=utf-8
host: localhost:13838
accept: */*

Response DefaultHttpResponse(decodeResult: success, version: HTTP/1.1)
HTTP/1.1 200 OK
Content-Length: 51
Content-Type: application/json; charset=utf-8
cache-control: no-cache

18:52:09.413 [AsyncHttpClient-1-4] DEBUG org.asynchttpclient.netty.channel.ChannelManager - Adding key: http://localhost:13838 for channel [id: 0xaf3e77cf, L:/127.0.0.1:58940 - R:localhost/127.0.0.1:13838]
18:52:09.417 [main] DEBUG net.thucydides.core.steps.StepInterceptor - STARTING STEP: LoginSteps.clickLoginButton - ClickLoginButton
18:52:09.434 [Forwarding findElement on session 26d131f60b631b2f52aa9846d84a60f7 to remote] DEBUG org.asynchttpclient.netty.request.NettyRequestSender - Using pooled Channel '[id: 0xaf3e77cf, L:/127.0.0.1:58940 - R:localhost/127.0.0.1:13838]' for 'POST' to 'http://localhost:13838/session/26d131f60b631b2f52aa9846d84a60f7/element'
18:52:09.434 [Forwarding findElement on session 26d131f60b631b2f52aa9846d84a60f7 to remote] DEBUG org.asynchttpclient.netty.request.NettyRequestSender - Using open Channel [id: 0xaf3e77cf, L:/127.0.0.1:58940 - R:localhost/127.0.0.1:13838] for POST '/session/26d131f60b631b2f52aa9846d84a60f7/element'
18:52:09.445 [AsyncHttpClient-1-4] DEBUG org.asynchttpclient.netty.handler.HttpHandler - 

Request DefaultHttpRequest(decodeResult: success, version: HTTP/1.1)
POST /session/26d131f60b631b2f52aa9846d84a60f7/element HTTP/1.1
User-Agent: selenium/4.8.1 (java windows)
Content-Length: 141
Content-Type: application/json; charset=utf-8
host: localhost:13838
accept: */*

Response DefaultHttpResponse(decodeResult: success, version: HTTP/1.1)
HTTP/1.1 200 OK
Content-Length: 88
Content-Type: application/json; charset=utf-8
cache-control: no-cache

18:52:09.445 [AsyncHttpClient-1-4] DEBUG org.asynchttpclient.netty.channel.ChannelManager - Adding key: http://localhost:13838 for channel [id: 0xaf3e77cf, L:/127.0.0.1:58940 - R:localhost/127.0.0.1:13838]
18:52:09.449 [Forwarding getElementTagName on session 26d131f60b631b2f52aa9846d84a60f7 to remote] DEBUG org.asynchttpclient.netty.request.NettyRequestSender - Using pooled Channel '[id: 0xaf3e77cf, L:/127.0.0.1:58940 - R:localhost/127.0.0.1:13838]' for 'GET' to 'http://localhost:13838/session/26d131f60b631b2f52aa9846d84a60f7/element/27bdb54e-a640-46d5-82be-05ed41191fba/name'
18:52:09.449 [Forwarding getElementTagName on session 26d131f60b631b2f52aa9846d84a60f7 to remote] DEBUG org.asynchttpclient.netty.request.NettyRequestSender - Using open Channel [id: 0xaf3e77cf, L:/127.0.0.1:58940 - R:localhost/127.0.0.1:13838] for GET '/session/26d131f60b631b2f52aa9846d84a60f7/element/27bdb54e-a640-46d5-82be-05ed41191fba/name'
18:52:09.454 [AsyncHttpClient-1-4] DEBUG org.asynchttpclient.netty.handler.HttpHandler - 

Request DefaultFullHttpRequest(decodeResult: success, version: HTTP/1.1, content: EmptyByteBufBE)
GET /session/26d131f60b631b2f52aa9846d84a60f7/element/27bdb54e-a640-46d5-82be-05ed41191fba/name HTTP/1.1
User-Agent: selenium/4.8.1 (java windows)
Cache-Control: no-cache
Content-Type: application/json; charset=utf-8
host: localhost:13838
accept: */*

Response DefaultHttpResponse(decodeResult: success, version: HTTP/1.1)
HTTP/1.1 200 OK
Content-Length: 18
Content-Type: application/json; charset=utf-8
cache-control: no-cache

18:52:09.455 [AsyncHttpClient-1-4] DEBUG org.asynchttpclient.netty.channel.ChannelManager - Adding key: http://localhost:13838 for channel [id: 0xaf3e77cf, L:/127.0.0.1:58940 - R:localhost/127.0.0.1:13838]
18:52:09.458 [Forwarding getElementTagName on session 26d131f60b631b2f52aa9846d84a60f7 to remote] DEBUG org.asynchttpclient.netty.request.NettyRequestSender - Using pooled Channel '[id: 0xaf3e77cf, L:/127.0.0.1:58940 - R:localhost/127.0.0.1:13838]' for 'GET' to 'http://localhost:13838/session/26d131f60b631b2f52aa9846d84a60f7/element/27bdb54e-a640-46d5-82be-05ed41191fba/name'
18:52:09.459 [Forwarding getElementTagName on session 26d131f60b631b2f52aa9846d84a60f7 to remote] DEBUG org.asynchttpclient.netty.request.NettyRequestSender - Using open Channel [id: 0xaf3e77cf, L:/127.0.0.1:58940 - R:localhost/127.0.0.1:13838] for GET '/session/26d131f60b631b2f52aa9846d84a60f7/element/27bdb54e-a640-46d5-82be-05ed41191fba/name'
18:52:09.464 [AsyncHttpClient-1-4] DEBUG org.asynchttpclient.netty.handler.HttpHandler - 

Request DefaultFullHttpRequest(decodeResult: success, version: HTTP/1.1, content: EmptyByteBufBE)
GET /session/26d131f60b631b2f52aa9846d84a60f7/element/27bdb54e-a640-46d5-82be-05ed41191fba/name HTTP/1.1
User-Agent: selenium/4.8.1 (java windows)
Cache-Control: no-cache
Content-Type: application/json; charset=utf-8
host: localhost:13838
accept: */*

Response DefaultHttpResponse(decodeResult: success, version: HTTP/1.1)
HTTP/1.1 200 OK
Content-Length: 18
Content-Type: application/json; charset=utf-8
cache-control: no-cache

18:52:09.465 [AsyncHttpClient-1-4] DEBUG org.asynchttpclient.netty.channel.ChannelManager - Adding key: http://localhost:13838 for channel [id: 0xaf3e77cf, L:/127.0.0.1:58940 - R:localhost/127.0.0.1:13838]
18:52:09.472 [Forwarding isElementEnabled on session 26d131f60b631b2f52aa9846d84a60f7 to remote] DEBUG org.asynchttpclient.netty.request.NettyRequestSender - Using pooled Channel '[id: 0xaf3e77cf, L:/127.0.0.1:58940 - R:localhost/127.0.0.1:13838]' for 'GET' to 'http://localhost:13838/session/26d131f60b631b2f52aa9846d84a60f7/element/27bdb54e-a640-46d5-82be-05ed41191fba/enabled'
18:52:09.472 [Forwarding isElementEnabled on session 26d131f60b631b2f52aa9846d84a60f7 to remote] DEBUG org.asynchttpclient.netty.request.NettyRequestSender - Using open Channel [id: 0xaf3e77cf, L:/127.0.0.1:58940 - R:localhost/127.0.0.1:13838] for GET '/session/26d131f60b631b2f52aa9846d84a60f7/element/27bdb54e-a640-46d5-82be-05ed41191fba/enabled'
18:52:09.484 [AsyncHttpClient-1-4] DEBUG org.asynchttpclient.netty.handler.HttpHandler - 

Request DefaultFullHttpRequest(decodeResult: success, version: HTTP/1.1, content: EmptyByteBufBE)
GET /session/26d131f60b631b2f52aa9846d84a60f7/element/27bdb54e-a640-46d5-82be-05ed41191fba/enabled HTTP/1.1
User-Agent: selenium/4.8.1 (java windows)
Cache-Control: no-cache
Content-Type: application/json; charset=utf-8
host: localhost:13838
accept: */*

Response DefaultHttpResponse(decodeResult: success, version: HTTP/1.1)
HTTP/1.1 200 OK
Content-Length: 14
Content-Type: application/json; charset=utf-8
cache-control: no-cache

18:52:09.484 [AsyncHttpClient-1-4] DEBUG org.asynchttpclient.netty.channel.ChannelManager - Adding key: http://localhost:13838 for channel [id: 0xaf3e77cf, L:/127.0.0.1:58940 - R:localhost/127.0.0.1:13838]
18:52:09.488 [Forwarding isElementEnabled on session 26d131f60b631b2f52aa9846d84a60f7 to remote] DEBUG org.asynchttpclient.netty.request.NettyRequestSender - Using pooled Channel '[id: 0xaf3e77cf, L:/127.0.0.1:58940 - R:localhost/127.0.0.1:13838]' for 'GET' to 'http://localhost:13838/session/26d131f60b631b2f52aa9846d84a60f7/element/27bdb54e-a640-46d5-82be-05ed41191fba/enabled'
18:52:09.488 [Forwarding isElementEnabled on session 26d131f60b631b2f52aa9846d84a60f7 to remote] DEBUG org.asynchttpclient.netty.request.NettyRequestSender - Using open Channel [id: 0xaf3e77cf, L:/127.0.0.1:58940 - R:localhost/127.0.0.1:13838] for GET '/session/26d131f60b631b2f52aa9846d84a60f7/element/27bdb54e-a640-46d5-82be-05ed41191fba/enabled'
18:52:09.496 [AsyncHttpClient-1-4] DEBUG org.asynchttpclient.netty.handler.HttpHandler - 

Request DefaultFullHttpRequest(decodeResult: success, version: HTTP/1.1, content: EmptyByteBufBE)
GET /session/26d131f60b631b2f52aa9846d84a60f7/element/27bdb54e-a640-46d5-82be-05ed41191fba/enabled HTTP/1.1
User-Agent: selenium/4.8.1 (java windows)
Cache-Control: no-cache
Content-Type: application/json; charset=utf-8
host: localhost:13838
accept: */*

Response DefaultHttpResponse(decodeResult: success, version: HTTP/1.1)
HTTP/1.1 200 OK
Content-Length: 14
Content-Type: application/json; charset=utf-8
cache-control: no-cache

18:52:09.497 [AsyncHttpClient-1-4] DEBUG org.asynchttpclient.netty.channel.ChannelManager - Adding key: http://localhost:13838 for channel [id: 0xaf3e77cf, L:/127.0.0.1:58940 - R:localhost/127.0.0.1:13838]
18:52:09.501 [Forwarding findElement on session 26d131f60b631b2f52aa9846d84a60f7 to remote] DEBUG org.asynchttpclient.netty.request.NettyRequestSender - Using pooled Channel '[id: 0xaf3e77cf, L:/127.0.0.1:58940 - R:localhost/127.0.0.1:13838]' for 'POST' to 'http://localhost:13838/session/26d131f60b631b2f52aa9846d84a60f7/element'
18:52:09.501 [Forwarding findElement on session 26d131f60b631b2f52aa9846d84a60f7 to remote] DEBUG org.asynchttpclient.netty.request.NettyRequestSender - Using open Channel [id: 0xaf3e77cf, L:/127.0.0.1:58940 - R:localhost/127.0.0.1:13838] for POST '/session/26d131f60b631b2f52aa9846d84a60f7/element'
18:52:09.512 [AsyncHttpClient-1-4] DEBUG org.asynchttpclient.netty.handler.HttpHandler - 

Request DefaultHttpRequest(decodeResult: success, version: HTTP/1.1)
POST /session/26d131f60b631b2f52aa9846d84a60f7/element HTTP/1.1
User-Agent: selenium/4.8.1 (java windows)
Content-Length: 141
Content-Type: application/json; charset=utf-8
host: localhost:13838
accept: */*

Response DefaultHttpResponse(decodeResult: success, version: HTTP/1.1)
HTTP/1.1 200 OK
Content-Length: 88
Content-Type: application/json; charset=utf-8
cache-control: no-cache

18:52:09.513 [AsyncHttpClient-1-4] DEBUG org.asynchttpclient.netty.channel.ChannelManager - Adding key: http://localhost:13838 for channel [id: 0xaf3e77cf, L:/127.0.0.1:58940 - R:localhost/127.0.0.1:13838]
18:52:09.516 [Forwarding clickElement on session 26d131f60b631b2f52aa9846d84a60f7 to remote] DEBUG org.asynchttpclient.netty.request.NettyRequestSender - Using pooled Channel '[id: 0xaf3e77cf, L:/127.0.0.1:58940 - R:localhost/127.0.0.1:13838]' for 'POST' to 'http://localhost:13838/session/26d131f60b631b2f52aa9846d84a60f7/element/27bdb54e-a640-46d5-82be-05ed41191fba/click'
18:52:09.517 [Forwarding clickElement on session 26d131f60b631b2f52aa9846d84a60f7 to remote] DEBUG org.asynchttpclient.netty.request.NettyRequestSender - Using open Channel [id: 0xaf3e77cf, L:/127.0.0.1:58940 - R:localhost/127.0.0.1:13838] for POST '/session/26d131f60b631b2f52aa9846d84a60f7/element/27bdb54e-a640-46d5-82be-05ed41191fba/click'
18:52:09.569 [AsyncHttpClient-1-1] DEBUG org.asynchttpclient.netty.channel.DefaultChannelPool - Entry count for : http://localhost:58941 : 1
18:52:09.602 [AsyncHttpClient-1-4] DEBUG org.asynchttpclient.netty.handler.HttpHandler - 

Request DefaultHttpRequest(decodeResult: success, version: HTTP/1.1)
POST /session/26d131f60b631b2f52aa9846d84a60f7/element/27bdb54e-a640-46d5-82be-05ed41191fba/click HTTP/1.1
User-Agent: selenium/4.8.1 (java windows)
Content-Length: 50
Content-Type: application/json; charset=utf-8
host: localhost:13838
accept: */*

Response DefaultHttpResponse(decodeResult: success, version: HTTP/1.1)
HTTP/1.1 200 OK
Content-Length: 14
Content-Type: application/json; charset=utf-8
cache-control: no-cache

18:52:09.602 [AsyncHttpClient-1-4] DEBUG org.asynchttpclient.netty.channel.ChannelManager - Adding key: http://localhost:13838 for channel [id: 0xaf3e77cf, L:/127.0.0.1:58940 - R:localhost/127.0.0.1:13838]
18:52:09.633 [Forwarding getAlertText on session 26d131f60b631b2f52aa9846d84a60f7 to remote] DEBUG org.asynchttpclient.netty.request.NettyRequestSender - Using pooled Channel '[id: 0xaf3e77cf, L:/127.0.0.1:58940 - R:localhost/127.0.0.1:13838]' for 'GET' to 'http://localhost:13838/session/26d131f60b631b2f52aa9846d84a60f7/alert/text'
18:52:09.633 [Forwarding getAlertText on session 26d131f60b631b2f52aa9846d84a60f7 to remote] DEBUG org.asynchttpclient.netty.request.NettyRequestSender - Using open Channel [id: 0xaf3e77cf, L:/127.0.0.1:58940 - R:localhost/127.0.0.1:13838] for GET '/session/26d131f60b631b2f52aa9846d84a60f7/alert/text'
18:52:09.636 [AsyncHttpClient-1-4] DEBUG org.asynchttpclient.netty.handler.HttpHandler - 

Request DefaultFullHttpRequest(decodeResult: success, version: HTTP/1.1, content: EmptyByteBufBE)
GET /session/26d131f60b631b2f52aa9846d84a60f7/alert/text HTTP/1.1
User-Agent: selenium/4.8.1 (java windows)
Cache-Control: no-cache
Content-Type: application/json; charset=utf-8
host: localhost:13838
accept: */*

Response DefaultHttpResponse(decodeResult: success, version: HTTP/1.1)
HTTP/1.1 404 Not Found
Content-Length: 809
Content-Type: application/json; charset=utf-8
cache-control: no-cache

18:52:09.636 [AsyncHttpClient-1-4] DEBUG org.asynchttpclient.netty.channel.ChannelManager - Adding key: http://localhost:13838 for channel [id: 0xaf3e77cf, L:/127.0.0.1:58940 - R:localhost/127.0.0.1:13838]
18:52:09.639 [Forwarding getCurrentUrl on session 26d131f60b631b2f52aa9846d84a60f7 to remote] DEBUG org.asynchttpclient.netty.request.NettyRequestSender - Using pooled Channel '[id: 0xaf3e77cf, L:/127.0.0.1:58940 - R:localhost/127.0.0.1:13838]' for 'GET' to 'http://localhost:13838/session/26d131f60b631b2f52aa9846d84a60f7/url'
18:52:09.639 [Forwarding getCurrentUrl on session 26d131f60b631b2f52aa9846d84a60f7 to remote] DEBUG org.asynchttpclient.netty.request.NettyRequestSender - Using open Channel [id: 0xaf3e77cf, L:/127.0.0.1:58940 - R:localhost/127.0.0.1:13838] for GET '/session/26d131f60b631b2f52aa9846d84a60f7/url'
18:52:09.645 [AsyncHttpClient-1-4] DEBUG org.asynchttpclient.netty.handler.HttpHandler - 

Request DefaultFullHttpRequest(decodeResult: success, version: HTTP/1.1, content: EmptyByteBufBE)
GET /session/26d131f60b631b2f52aa9846d84a60f7/url HTTP/1.1
User-Agent: selenium/4.8.1 (java windows)
Cache-Control: no-cache
Content-Type: application/json; charset=utf-8
host: localhost:13838
accept: */*

Response DefaultHttpResponse(decodeResult: success, version: HTTP/1.1)
HTTP/1.1 200 OK
Content-Length: 51
Content-Type: application/json; charset=utf-8
cache-control: no-cache

18:52:09.648 [AsyncHttpClient-1-4] DEBUG org.asynchttpclient.netty.channel.ChannelManager - Adding key: http://localhost:13838 for channel [id: 0xaf3e77cf, L:/127.0.0.1:58940 - R:localhost/127.0.0.1:13838]
18:52:09.650 [Forwarding screenshot on session 26d131f60b631b2f52aa9846d84a60f7 to remote] DEBUG org.asynchttpclient.netty.request.NettyRequestSender - Using pooled Channel '[id: 0xaf3e77cf, L:/127.0.0.1:58940 - R:localhost/127.0.0.1:13838]' for 'GET' to 'http://localhost:13838/session/26d131f60b631b2f52aa9846d84a60f7/screenshot'
18:52:09.650 [Forwarding screenshot on session 26d131f60b631b2f52aa9846d84a60f7 to remote] DEBUG org.asynchttpclient.netty.request.NettyRequestSender - Using open Channel [id: 0xaf3e77cf, L:/127.0.0.1:58940 - R:localhost/127.0.0.1:13838] for GET '/session/26d131f60b631b2f52aa9846d84a60f7/screenshot'
18:52:10.077 [AsyncHttpClient-1-4] DEBUG org.asynchttpclient.netty.handler.HttpHandler - 

Request DefaultFullHttpRequest(decodeResult: success, version: HTTP/1.1, content: EmptyByteBufBE)
GET /session/26d131f60b631b2f52aa9846d84a60f7/screenshot HTTP/1.1
User-Agent: selenium/4.8.1 (java windows)
Cache-Control: no-cache
Content-Type: application/json; charset=utf-8
host: localhost:13838
accept: */*

Response DefaultHttpResponse(decodeResult: success, version: HTTP/1.1)
HTTP/1.1 200 OK
Content-Length: 48804
Content-Type: application/json; charset=utf-8
cache-control: no-cache

18:52:10.080 [AsyncHttpClient-1-4] DEBUG org.asynchttpclient.netty.channel.ChannelManager - Adding key: http://localhost:13838 for channel [id: 0xaf3e77cf, L:/127.0.0.1:58940 - R:localhost/127.0.0.1:13838]
18:52:10.088 [main] DEBUG net.serenitybdd.core.photography.Darkroom - Send negative for processing for target\site\serenity\0f1a8006cbd7485c5a1f86ee6887f1fcd29e98d77a7f57489d5e651b43c7ba1f.png
18:52:10.094 [Darkroom Processing Line] DEBUG net.serenitybdd.core.photography.DarkroomProcessingLine - Processing screenshot image in /var/screenshots/screenshot-55626142585484688
18:52:10.094 [Darkroom Processing Line] DEBUG net.serenitybdd.core.photography.DarkroomProcessingLine - Saving screenshot to target\site\serenity\0f1a8006cbd7485c5a1f86ee6887f1fcd29e98d77a7f57489d5e651b43c7ba1f.png
18:52:10.096 [main] DEBUG net.thucydides.core.steps.StepInterceptor - STEP DONE: ClickLoginButton
  &amp#27;[32mAnd &amp#27;[0m&amp#27;[32mI click login button&amp#27;[0m                                                &amp#27;[90m# starter.stepdefinitions.LoginSteps.clickLoginButton()&amp#27;[0m
18:52:10.131 [Forwarding getPageSource on session 26d131f60b631b2f52aa9846d84a60f7 to remote] DEBUG org.asynchttpclient.netty.request.NettyRequestSender - Using pooled Channel '[id: 0xaf3e77cf, L:/127.0.0.1:58940 - R:localhost/127.0.0.1:13838]' for 'POST' to 'http://localhost:13838/session/26d131f60b631b2f52aa9846d84a60f7/execute/sync'
18:52:10.131 [Forwarding getPageSource on session 26d131f60b631b2f52aa9846d84a60f7 to remote] DEBUG org.asynchttpclient.netty.request.NettyRequestSender - Using open Channel [id: 0xaf3e77cf, L:/127.0.0.1:58940 - R:localhost/127.0.0.1:13838] for POST '/session/26d131f60b631b2f52aa9846d84a60f7/execute/sync'
18:52:10.147 [AsyncHttpClient-1-4] DEBUG org.asynchttpclient.netty.handler.HttpHandler - 

Request DefaultHttpRequest(decodeResult: success, version: HTTP/1.1)
POST /session/26d131f60b631b2f52aa9846d84a60f7/execute/sync HTTP/1.1
User-Agent: selenium/4.8.1 (java windows)
Content-Length: 176
Content-Type: application/json; charset=utf-8
host: localhost:13838
accept: */*

Response DefaultHttpResponse(decodeResult: success, version: HTTP/1.1)
HTTP/1.1 200 OK
Content-Length: 22510
Content-Type: application/json; charset=utf-8
cache-control: no-cache

18:52:10.148 [AsyncHttpClient-1-4] DEBUG org.asynchttpclient.netty.channel.ChannelManager - Adding key: http://localhost:13838 for channel [id: 0xaf3e77cf, L:/127.0.0.1:58940 - R:localhost/127.0.0.1:13838]
18:52:10.162 [Forwarding getCurrentUrl on session 26d131f60b631b2f52aa9846d84a60f7 to remote] DEBUG org.asynchttpclient.netty.request.NettyRequestSender - Using pooled Channel '[id: 0xaf3e77cf, L:/127.0.0.1:58940 - R:localhost/127.0.0.1:13838]' for 'GET' to 'http://localhost:13838/session/26d131f60b631b2f52aa9846d84a60f7/url'
18:52:10.163 [Forwarding getCurrentUrl on session 26d131f60b631b2f52aa9846d84a60f7 to remote] DEBUG org.asynchttpclient.netty.request.NettyRequestSender - Using open Channel [id: 0xaf3e77cf, L:/127.0.0.1:58940 - R:localhost/127.0.0.1:13838] for GET '/session/26d131f60b631b2f52aa9846d84a60f7/url'
18:52:10.169 [AsyncHttpClient-1-4] DEBUG org.asynchttpclient.netty.handler.HttpHandler - 

Request DefaultFullHttpRequest(decodeResult: success, version: HTTP/1.1, content: EmptyByteBufBE)
GET /session/26d131f60b631b2f52aa9846d84a60f7/url HTTP/1.1
User-Agent: selenium/4.8.1 (java windows)
Cache-Control: no-cache
Content-Type: application/json; charset=utf-8
host: localhost:13838
accept: */*

Response DefaultHttpResponse(decodeResult: success, version: HTTP/1.1)
HTTP/1.1 200 OK
Content-Length: 51
Content-Type: application/json; charset=utf-8
cache-control: no-cache

18:52:10.170 [AsyncHttpClient-1-4] DEBUG org.asynchttpclient.netty.channel.ChannelManager - Adding key: http://localhost:13838 for channel [id: 0xaf3e77cf, L:/127.0.0.1:58940 - R:localhost/127.0.0.1:13838]
18:52:10.205 [Forwarding getAlertText on session 26d131f60b631b2f52aa9846d84a60f7 to remote] DEBUG org.asynchttpclient.netty.request.NettyRequestSender - Using pooled Channel '[id: 0xaf3e77cf, L:/127.0.0.1:58940 - R:localhost/127.0.0.1:13838]' for 'GET' to 'http://localhost:13838/session/26d131f60b631b2f52aa9846d84a60f7/alert/text'
18:52:10.205 [Forwarding getAlertText on session 26d131f60b631b2f52aa9846d84a60f7 to remote] DEBUG org.asynchttpclient.netty.request.NettyRequestSender - Using open Channel [id: 0xaf3e77cf, L:/127.0.0.1:58940 - R:localhost/127.0.0.1:13838] for GET '/session/26d131f60b631b2f52aa9846d84a60f7/alert/text'
18:52:10.211 [AsyncHttpClient-1-4] DEBUG org.asynchttpclient.netty.handler.HttpHandler - 

Request DefaultFullHttpRequest(decodeResult: success, version: HTTP/1.1, content: EmptyByteBufBE)
GET /session/26d131f60b631b2f52aa9846d84a60f7/alert/text HTTP/1.1
User-Agent: selenium/4.8.1 (java windows)
Cache-Control: no-cache
Content-Type: application/json; charset=utf-8
host: localhost:13838
accept: */*

Response DefaultHttpResponse(decodeResult: success, version: HTTP/1.1)
HTTP/1.1 404 Not Found
Content-Length: 809
Content-Type: application/json; charset=utf-8
cache-control: no-cache

18:52:10.211 [AsyncHttpClient-1-4] DEBUG org.asynchttpclient.netty.channel.ChannelManager - Adding key: http://localhost:13838 for channel [id: 0xaf3e77cf, L:/127.0.0.1:58940 - R:localhost/127.0.0.1:13838]
18:52:10.219 [Forwarding getCurrentUrl on session 26d131f60b631b2f52aa9846d84a60f7 to remote] DEBUG org.asynchttpclient.netty.request.NettyRequestSender - Using pooled Channel '[id: 0xaf3e77cf, L:/127.0.0.1:58940 - R:localhost/127.0.0.1:13838]' for 'GET' to 'http://localhost:13838/session/26d131f60b631b2f52aa9846d84a60f7/url'
18:52:10.219 [Forwarding getCurrentUrl on session 26d131f60b631b2f52aa9846d84a60f7 to remote] DEBUG org.asynchttpclient.netty.request.NettyRequestSender - Using open Channel [id: 0xaf3e77cf, L:/127.0.0.1:58940 - R:localhost/127.0.0.1:13838] for GET '/session/26d131f60b631b2f52aa9846d84a60f7/url'
18:52:10.228 [AsyncHttpClient-1-4] DEBUG org.asynchttpclient.netty.handler.HttpHandler - 

Request DefaultFullHttpRequest(decodeResult: success, version: HTTP/1.1, content: EmptyByteBufBE)
GET /session/26d131f60b631b2f52aa9846d84a60f7/url HTTP/1.1
User-Agent: selenium/4.8.1 (java windows)
Cache-Control: no-cache
Content-Type: application/json; charset=utf-8
host: localhost:13838
accept: */*

Response DefaultHttpResponse(decodeResult: success, version: HTTP/1.1)
HTTP/1.1 200 OK
Content-Length: 51
Content-Type: application/json; charset=utf-8
cache-control: no-cache

18:52:10.228 [AsyncHttpClient-1-4] DEBUG org.asynchttpclient.netty.channel.ChannelManager - Adding key: http://localhost:13838 for channel [id: 0xaf3e77cf, L:/127.0.0.1:58940 - R:localhost/127.0.0.1:13838]
18:52:10.232 [Forwarding screenshot on session 26d131f60b631b2f52aa9846d84a60f7 to remote] DEBUG org.asynchttpclient.netty.request.NettyRequestSender - Using pooled Channel '[id: 0xaf3e77cf, L:/127.0.0.1:58940 - R:localhost/127.0.0.1:13838]' for 'GET' to 'http://localhost:13838/session/26d131f60b631b2f52aa9846d84a60f7/screenshot'
18:52:10.234 [Forwarding screenshot on session 26d131f60b631b2f52aa9846d84a60f7 to remote] DEBUG org.asynchttpclient.netty.request.NettyRequestSender - Using open Channel [id: 0xaf3e77cf, L:/127.0.0.1:58940 - R:localhost/127.0.0.1:13838] for GET '/session/26d131f60b631b2f52aa9846d84a60f7/screenshot'
18:52:10.438 [AsyncHttpClient-1-4] DEBUG org.asynchttpclient.netty.handler.HttpHandler - 

Request DefaultFullHttpRequest(decodeResult: success, version: HTTP/1.1, content: EmptyByteBufBE)
GET /session/26d131f60b631b2f52aa9846d84a60f7/screenshot HTTP/1.1
User-Agent: selenium/4.8.1 (java windows)
Cache-Control: no-cache
Content-Type: application/json; charset=utf-8
host: localhost:13838
accept: */*

Response DefaultHttpResponse(decodeResult: success, version: HTTP/1.1)
HTTP/1.1 200 OK
Content-Length: 56776
Content-Type: application/json; charset=utf-8
cache-control: no-cache

18:52:10.440 [AsyncHttpClient-1-4] DEBUG org.asynchttpclient.netty.channel.ChannelManager - Adding key: http://localhost:13838 for channel [id: 0xaf3e77cf, L:/127.0.0.1:58940 - R:localhost/127.0.0.1:13838]
18:52:10.454 [main] DEBUG net.serenitybdd.core.photography.Darkroom - Send negative for processing for target\site\serenity\d15d1f747a02f12cc092f9a42c31b47f6a3696cffc8367058913c7306a909714.png
18:52:10.457 [Darkroom Processing Line] DEBUG net.serenitybdd.core.photography.DarkroomProcessingLine - Processing screenshot image in /var/screenshots/screenshot-16827683097007604636
18:52:10.457 [Darkroom Processing Line] DEBUG net.serenitybdd.core.photography.DarkroomProcessingLine - Saving screenshot to target\site\serenity\d15d1f747a02f12cc092f9a42c31b47f6a3696cffc8367058913c7306a909714.png
18:52:10.460 [Forwarding getPageSource on session 26d131f60b631b2f52aa9846d84a60f7 to remote] DEBUG org.asynchttpclient.netty.request.NettyRequestSender - Using pooled Channel '[id: 0xaf3e77cf, L:/127.0.0.1:58940 - R:localhost/127.0.0.1:13838]' for 'POST' to 'http://localhost:13838/session/26d131f60b631b2f52aa9846d84a60f7/execute/sync'
18:52:10.460 [Forwarding getPageSource on session 26d131f60b631b2f52aa9846d84a60f7 to remote] DEBUG org.asynchttpclient.netty.request.NettyRequestSender - Using open Channel [id: 0xaf3e77cf, L:/127.0.0.1:58940 - R:localhost/127.0.0.1:13838] for POST '/session/26d131f60b631b2f52aa9846d84a60f7/execute/sync'
18:52:10.466 [AsyncHttpClient-1-4] DEBUG org.asynchttpclient.netty.handler.HttpHandler - 

Request DefaultHttpRequest(decodeResult: success, version: HTTP/1.1)
POST /session/26d131f60b631b2f52aa9846d84a60f7/execute/sync HTTP/1.1
User-Agent: selenium/4.8.1 (java windows)
Content-Length: 176
Content-Type: application/json; charset=utf-8
host: localhost:13838
accept: */*

Response DefaultHttpResponse(decodeResult: success, version: HTTP/1.1)
HTTP/1.1 200 OK
Content-Length: 22182
Content-Type: application/json; charset=utf-8
cache-control: no-cache

18:52:10.466 [AsyncHttpClient-1-4] DEBUG org.asynchttpclient.netty.channel.ChannelManager - Adding key: http://localhost:13838 for channel [id: 0xaf3e77cf, L:/127.0.0.1:58940 - R:localhost/127.0.0.1:13838]
18:52:10.477 [Forwarding getCurrentUrl on session 26d131f60b631b2f52aa9846d84a60f7 to remote] DEBUG org.asynchttpclient.netty.request.NettyRequestSender - Using pooled Channel '[id: 0xaf3e77cf, L:/127.0.0.1:58940 - R:localhost/127.0.0.1:13838]' for 'GET' to 'http://localhost:13838/session/26d131f60b631b2f52aa9846d84a60f7/url'
18:52:10.477 [Forwarding getCurrentUrl on session 26d131f60b631b2f52aa9846d84a60f7 to remote] DEBUG org.asynchttpclient.netty.request.NettyRequestSender - Using open Channel [id: 0xaf3e77cf, L:/127.0.0.1:58940 - R:localhost/127.0.0.1:13838] for GET '/session/26d131f60b631b2f52aa9846d84a60f7/url'
18:52:10.481 [AsyncHttpClient-1-4] DEBUG org.asynchttpclient.netty.handler.HttpHandler - 

Request DefaultFullHttpRequest(decodeResult: success, version: HTTP/1.1, content: EmptyByteBufBE)
GET /session/26d131f60b631b2f52aa9846d84a60f7/url HTTP/1.1
User-Agent: selenium/4.8.1 (java windows)
Cache-Control: no-cache
Content-Type: application/json; charset=utf-8
host: localhost:13838
accept: */*

Response DefaultHttpResponse(decodeResult: success, version: HTTP/1.1)
HTTP/1.1 200 OK
Content-Length: 51
Content-Type: application/json; charset=utf-8
cache-control: no-cache

18:52:10.482 [AsyncHttpClient-1-4] DEBUG org.asynchttpclient.netty.channel.ChannelManager - Adding key: http://localhost:13838 for channel [id: 0xaf3e77cf, L:/127.0.0.1:58940 - R:localhost/127.0.0.1:13838]
18:52:10.486 [main] DEBUG net.thucydides.core.steps.StepInterceptor - STARTING STEP: LoginSteps.iCanSeeErrorMessage - validateErrorMessageDisplayed
18:52:10.493 [Forwarding findElement on session 26d131f60b631b2f52aa9846d84a60f7 to remote] DEBUG org.asynchttpclient.netty.request.NettyRequestSender - Using pooled Channel '[id: 0xaf3e77cf, L:/127.0.0.1:58940 - R:localhost/127.0.0.1:13838]' for 'POST' to 'http://localhost:13838/session/26d131f60b631b2f52aa9846d84a60f7/element'
18:52:10.493 [Forwarding findElement on session 26d131f60b631b2f52aa9846d84a60f7 to remote] DEBUG org.asynchttpclient.netty.request.NettyRequestSender - Using open Channel [id: 0xaf3e77cf, L:/127.0.0.1:58940 - R:localhost/127.0.0.1:13838] for POST '/session/26d131f60b631b2f52aa9846d84a60f7/element'
18:52:10.507 [AsyncHttpClient-1-4] DEBUG org.asynchttpclient.netty.handler.HttpHandler - 

Request DefaultHttpRequest(decodeResult: success, version: HTTP/1.1)
POST /session/26d131f60b631b2f52aa9846d84a60f7/element HTTP/1.1
User-Agent: selenium/4.8.1 (java windows)
Content-Length: 139
Content-Type: application/json; charset=utf-8
host: localhost:13838
accept: */*

Response DefaultHttpResponse(decodeResult: success, version: HTTP/1.1)
HTTP/1.1 200 OK
Content-Length: 88
Content-Type: application/json; charset=utf-8
cache-control: no-cache

18:52:10.507 [AsyncHttpClient-1-4] DEBUG org.asynchttpclient.netty.channel.ChannelManager - Adding key: http://localhost:13838 for channel [id: 0xaf3e77cf, L:/127.0.0.1:58940 - R:localhost/127.0.0.1:13838]
18:52:10.516 [Forwarding isElementDisplayed on session 26d131f60b631b2f52aa9846d84a60f7 to remote] DEBUG org.asynchttpclient.netty.request.NettyRequestSender - Using pooled Channel '[id: 0xaf3e77cf, L:/127.0.0.1:58940 - R:localhost/127.0.0.1:13838]' for 'POST' to 'http://localhost:13838/session/26d131f60b631b2f52aa9846d84a60f7/execute/sync'
18:52:10.516 [Forwarding isElementDisplayed on session 26d131f60b631b2f52aa9846d84a60f7 to remote] DEBUG org.asynchttpclient.netty.request.NettyRequestSender - Using open Channel [id: 0xaf3e77cf, L:/127.0.0.1:58940 - R:localhost/127.0.0.1:13838] for POST '/session/26d131f60b631b2f52aa9846d84a60f7/execute/sync'
18:52:10.551 [AsyncHttpClient-1-4] DEBUG org.asynchttpclient.netty.handler.HttpHandler - 

Request DefaultHttpRequest(decodeResult: success, version: HTTP/1.1)
POST /session/26d131f60b631b2f52aa9846d84a60f7/execute/sync HTTP/1.1
User-Agent: selenium/4.8.1 (java windows)
Content-Length: 48807
Content-Type: application/json; charset=utf-8
host: localhost:13838
accept: */*

Response DefaultHttpResponse(decodeResult: success, version: HTTP/1.1)
HTTP/1.1 200 OK
Content-Length: 14
Content-Type: application/json; charset=utf-8
cache-control: no-cache

18:52:10.551 [AsyncHttpClient-1-4] DEBUG org.asynchttpclient.netty.channel.ChannelManager - Adding key: http://localhost:13838 for channel [id: 0xaf3e77cf, L:/127.0.0.1:58940 - R:localhost/127.0.0.1:13838]
18:52:10.565 [Forwarding getAlertText on session 26d131f60b631b2f52aa9846d84a60f7 to remote] DEBUG org.asynchttpclient.netty.request.NettyRequestSender - Using pooled Channel '[id: 0xaf3e77cf, L:/127.0.0.1:58940 - R:localhost/127.0.0.1:13838]' for 'GET' to 'http://localhost:13838/session/26d131f60b631b2f52aa9846d84a60f7/alert/text'
18:52:10.565 [Forwarding getAlertText on session 26d131f60b631b2f52aa9846d84a60f7 to remote] DEBUG org.asynchttpclient.netty.request.NettyRequestSender - Using open Channel [id: 0xaf3e77cf, L:/127.0.0.1:58940 - R:localhost/127.0.0.1:13838] for GET '/session/26d131f60b631b2f52aa9846d84a60f7/alert/text'
18:52:10.603 [AsyncHttpClient-1-4] DEBUG org.asynchttpclient.netty.handler.HttpHandler - 

Request DefaultFullHttpRequest(decodeResult: success, version: HTTP/1.1, content: EmptyByteBufBE)
GET /session/26d131f60b631b2f52aa9846d84a60f7/alert/text HTTP/1.1
User-Agent: selenium/4.8.1 (java windows)
Cache-Control: no-cache
Content-Type: application/json; charset=utf-8
host: localhost:13838
accept: */*

Response DefaultHttpResponse(decodeResult: success, version: HTTP/1.1)
HTTP/1.1 404 Not Found
Content-Length: 809
Content-Type: application/json; charset=utf-8
cache-control: no-cache

18:52:10.605 [AsyncHttpClient-1-4] DEBUG org.asynchttpclient.netty.channel.ChannelManager - Adding key: http://localhost:13838 for channel [id: 0xaf3e77cf, L:/127.0.0.1:58940 - R:localhost/127.0.0.1:13838]
18:52:10.608 [Forwarding getCurrentUrl on session 26d131f60b631b2f52aa9846d84a60f7 to remote] DEBUG org.asynchttpclient.netty.request.NettyRequestSender - Using pooled Channel '[id: 0xaf3e77cf, L:/127.0.0.1:58940 - R:localhost/127.0.0.1:13838]' for 'GET' to 'http://localhost:13838/session/26d131f60b631b2f52aa9846d84a60f7/url'
18:52:10.608 [Forwarding getCurrentUrl on session 26d131f60b631b2f52aa9846d84a60f7 to remote] DEBUG org.asynchttpclient.netty.request.NettyRequestSender - Using open Channel [id: 0xaf3e77cf, L:/127.0.0.1:58940 - R:localhost/127.0.0.1:13838] for GET '/session/26d131f60b631b2f52aa9846d84a60f7/url'
18:52:10.618 [AsyncHttpClient-1-4] DEBUG org.asynchttpclient.netty.handler.HttpHandler - 

Request DefaultFullHttpRequest(decodeResult: success, version: HTTP/1.1, content: EmptyByteBufBE)
GET /session/26d131f60b631b2f52aa9846d84a60f7/url HTTP/1.1
User-Agent: selenium/4.8.1 (java windows)
Cache-Control: no-cache
Content-Type: application/json; charset=utf-8
host: localhost:13838
accept: */*

Response DefaultHttpResponse(decodeResult: success, version: HTTP/1.1)
HTTP/1.1 200 OK
Content-Length: 51
Content-Type: application/json; charset=utf-8
cache-control: no-cache

18:52:10.619 [AsyncHttpClient-1-4] DEBUG org.asynchttpclient.netty.channel.ChannelManager - Adding key: http://localhost:13838 for channel [id: 0xaf3e77cf, L:/127.0.0.1:58940 - R:localhost/127.0.0.1:13838]
18:52:10.620 [Forwarding screenshot on session 26d131f60b631b2f52aa9846d84a60f7 to remote] DEBUG org.asynchttpclient.netty.request.NettyRequestSender - Using pooled Channel '[id: 0xaf3e77cf, L:/127.0.0.1:58940 - R:localhost/127.0.0.1:13838]' for 'GET' to 'http://localhost:13838/session/26d131f60b631b2f52aa9846d84a60f7/screenshot'
18:52:10.620 [Forwarding screenshot on session 26d131f60b631b2f52aa9846d84a60f7 to remote] DEBUG org.asynchttpclient.netty.request.NettyRequestSender - Using open Channel [id: 0xaf3e77cf, L:/127.0.0.1:58940 - R:localhost/127.0.0.1:13838] for GET '/session/26d131f60b631b2f52aa9846d84a60f7/screenshot'
18:52:10.671 [AsyncHttpClient-1-1] DEBUG org.asynchttpclient.netty.channel.DefaultChannelPool - Entry count for : http://localhost:58941 : 1
18:52:10.807 [AsyncHttpClient-1-4] DEBUG org.asynchttpclient.netty.handler.HttpHandler - 

Request DefaultFullHttpRequest(decodeResult: success, version: HTTP/1.1, content: EmptyByteBufBE)
GET /session/26d131f60b631b2f52aa9846d84a60f7/screenshot HTTP/1.1
User-Agent: selenium/4.8.1 (java windows)
Cache-Control: no-cache
Content-Type: application/json; charset=utf-8
host: localhost:13838
accept: */*

Response DefaultHttpResponse(decodeResult: success, version: HTTP/1.1)
HTTP/1.1 200 OK
Content-Length: 56776
Content-Type: application/json; charset=utf-8
cache-control: no-cache

18:52:10.808 [AsyncHttpClient-1-4] DEBUG org.asynchttpclient.netty.channel.ChannelManager - Adding key: http://localhost:13838 for channel [id: 0xaf3e77cf, L:/127.0.0.1:58940 - R:localhost/127.0.0.1:13838]
18:52:10.812 [main] DEBUG net.serenitybdd.core.photography.Darkroom - Send negative for processing for target\site\serenity\d15d1f747a02f12cc092f9a42c31b47f6a3696cffc8367058913c7306a909714.png
18:52:10.812 [main] DEBUG net.thucydides.core.steps.StepInterceptor - STEP DONE: validateErrorMessageDisplayed
18:52:10.822 [Forwarding getPageSource on session 26d131f60b631b2f52aa9846d84a60f7 to remote] DEBUG org.asynchttpclient.netty.request.NettyRequestSender - Using pooled Channel '[id: 0xaf3e77cf, L:/127.0.0.1:58940 - R:localhost/127.0.0.1:13838]' for 'POST' to 'http://localhost:13838/session/26d131f60b631b2f52aa9846d84a60f7/execute/sync'
18:52:10.822 [Forwarding getPageSource on session 26d131f60b631b2f52aa9846d84a60f7 to remote] DEBUG org.asynchttpclient.netty.request.NettyRequestSender - Using open Channel [id: 0xaf3e77cf, L:/127.0.0.1:58940 - R:localhost/127.0.0.1:13838] for POST '/session/26d131f60b631b2f52aa9846d84a60f7/execute/sync'
18:52:10.827 [AsyncHttpClient-1-4] DEBUG org.asynchttpclient.netty.handler.HttpHandler - 

Request DefaultHttpRequest(decodeResult: success, version: HTTP/1.1)
POST /session/26d131f60b631b2f52aa9846d84a60f7/execute/sync HTTP/1.1
User-Agent: selenium/4.8.1 (java windows)
Content-Length: 176
Content-Type: application/json; charset=utf-8
host: localhost:13838
accept: */*

Response DefaultHttpResponse(decodeResult: success, version: HTTP/1.1)
HTTP/1.1 200 OK
Content-Length: 22182
Content-Type: application/json; charset=utf-8
cache-control: no-cache

18:52:10.828 [AsyncHttpClient-1-4] DEBUG org.asynchttpclient.netty.channel.ChannelManager - Adding key: http://localhost:13838 for channel [id: 0xaf3e77cf, L:/127.0.0.1:58940 - R:localhost/127.0.0.1:13838]
18:52:10.833 [Forwarding getCurrentUrl on session 26d131f60b631b2f52aa9846d84a60f7 to remote] DEBUG org.asynchttpclient.netty.request.NettyRequestSender - Using pooled Channel '[id: 0xaf3e77cf, L:/127.0.0.1:58940 - R:localhost/127.0.0.1:13838]' for 'GET' to 'http://localhost:13838/session/26d131f60b631b2f52aa9846d84a60f7/url'
18:52:10.833 [Forwarding getCurrentUrl on session 26d131f60b631b2f52aa9846d84a60f7 to remote] DEBUG org.asynchttpclient.netty.request.NettyRequestSender - Using open Channel [id: 0xaf3e77cf, L:/127.0.0.1:58940 - R:localhost/127.0.0.1:13838] for GET '/session/26d131f60b631b2f52aa9846d84a60f7/url'
18:52:10.837 [AsyncHttpClient-1-4] DEBUG org.asynchttpclient.netty.handler.HttpHandler - 

Request DefaultFullHttpRequest(decodeResult: success, version: HTTP/1.1, content: EmptyByteBufBE)
GET /session/26d131f60b631b2f52aa9846d84a60f7/url HTTP/1.1
User-Agent: selenium/4.8.1 (java windows)
Cache-Control: no-cache
Content-Type: application/json; charset=utf-8
host: localhost:13838
accept: */*

Response DefaultHttpResponse(decodeResult: success, version: HTTP/1.1)
HTTP/1.1 200 OK
Content-Length: 51
Content-Type: application/json; charset=utf-8
cache-control: no-cache

18:52:10.838 [AsyncHttpClient-1-4] DEBUG org.asynchttpclient.netty.channel.ChannelManager - Adding key: http://localhost:13838 for channel [id: 0xaf3e77cf, L:/127.0.0.1:58940 - R:localhost/127.0.0.1:13838]
18:52:10.840 [main] DEBUG net.thucydides.core.steps.StepInterceptor - STARTING STEP: LoginSteps.iCanSeeErrorMessage - validateEqualErrorMessage
18:52:10.843 [Forwarding findElement on session 26d131f60b631b2f52aa9846d84a60f7 to remote] DEBUG org.asynchttpclient.netty.request.NettyRequestSender - Using pooled Channel '[id: 0xaf3e77cf, L:/127.0.0.1:58940 - R:localhost/127.0.0.1:13838]' for 'POST' to 'http://localhost:13838/session/26d131f60b631b2f52aa9846d84a60f7/element'
18:52:10.843 [Forwarding findElement on session 26d131f60b631b2f52aa9846d84a60f7 to remote] DEBUG org.asynchttpclient.netty.request.NettyRequestSender - Using open Channel [id: 0xaf3e77cf, L:/127.0.0.1:58940 - R:localhost/127.0.0.1:13838] for POST '/session/26d131f60b631b2f52aa9846d84a60f7/element'
18:52:10.853 [AsyncHttpClient-1-4] DEBUG org.asynchttpclient.netty.handler.HttpHandler - 

Request DefaultHttpRequest(decodeResult: success, version: HTTP/1.1)
POST /session/26d131f60b631b2f52aa9846d84a60f7/element HTTP/1.1
User-Agent: selenium/4.8.1 (java windows)
Content-Length: 139
Content-Type: application/json; charset=utf-8
host: localhost:13838
accept: */*

Response DefaultHttpResponse(decodeResult: success, version: HTTP/1.1)
HTTP/1.1 200 OK
Content-Length: 88
Content-Type: application/json; charset=utf-8
cache-control: no-cache

18:52:10.853 [AsyncHttpClient-1-4] DEBUG org.asynchttpclient.netty.channel.ChannelManager - Adding key: http://localhost:13838 for channel [id: 0xaf3e77cf, L:/127.0.0.1:58940 - R:localhost/127.0.0.1:13838]
18:52:10.854 [Forwarding getElementText on session 26d131f60b631b2f52aa9846d84a60f7 to remote] DEBUG org.asynchttpclient.netty.request.NettyRequestSender - Using pooled Channel '[id: 0xaf3e77cf, L:/127.0.0.1:58940 - R:localhost/127.0.0.1:13838]' for 'GET' to 'http://localhost:13838/session/26d131f60b631b2f52aa9846d84a60f7/element/31e67582-d16e-42c2-b99e-00ffc6a049b0/text'
18:52:10.854 [Forwarding getElementText on session 26d131f60b631b2f52aa9846d84a60f7 to remote] DEBUG org.asynchttpclient.netty.request.NettyRequestSender - Using open Channel [id: 0xaf3e77cf, L:/127.0.0.1:58940 - R:localhost/127.0.0.1:13838] for GET '/session/26d131f60b631b2f52aa9846d84a60f7/element/31e67582-d16e-42c2-b99e-00ffc6a049b0/text'
18:52:10.887 [AsyncHttpClient-1-4] DEBUG org.asynchttpclient.netty.handler.HttpHandler - 

Request DefaultFullHttpRequest(decodeResult: success, version: HTTP/1.1, content: EmptyByteBufBE)
GET /session/26d131f60b631b2f52aa9846d84a60f7/element/31e67582-d16e-42c2-b99e-00ffc6a049b0/text HTTP/1.1
User-Agent: selenium/4.8.1 (java windows)
Cache-Control: no-cache
Content-Type: application/json; charset=utf-8
host: localhost:13838
accept: */*

Response DefaultHttpResponse(decodeResult: success, version: HTTP/1.1)
HTTP/1.1 200 OK
Content-Length: 32
Content-Type: application/json; charset=utf-8
cache-control: no-cache

18:52:10.887 [AsyncHttpClient-1-4] DEBUG org.asynchttpclient.netty.channel.ChannelManager - Adding key: http://localhost:13838 for channel [id: 0xaf3e77cf, L:/127.0.0.1:58940 - R:localhost/127.0.0.1:13838]
18:52:10.895 [Forwarding getAlertText on session 26d131f60b631b2f52aa9846d84a60f7 to remote] DEBUG org.asynchttpclient.netty.request.NettyRequestSender - Using pooled Channel '[id: 0xaf3e77cf, L:/127.0.0.1:58940 - R:localhost/127.0.0.1:13838]' for 'GET' to 'http://localhost:13838/session/26d131f60b631b2f52aa9846d84a60f7/alert/text'
18:52:10.895 [Forwarding getAlertText on session 26d131f60b631b2f52aa9846d84a60f7 to remote] DEBUG org.asynchttpclient.netty.request.NettyRequestSender - Using open Channel [id: 0xaf3e77cf, L:/127.0.0.1:58940 - R:localhost/127.0.0.1:13838] for GET '/session/26d131f60b631b2f52aa9846d84a60f7/alert/text'
18:52:10.897 [AsyncHttpClient-1-4] DEBUG org.asynchttpclient.netty.handler.HttpHandler - 

Request DefaultFullHttpRequest(decodeResult: success, version: HTTP/1.1, content: EmptyByteBufBE)
GET /session/26d131f60b631b2f52aa9846d84a60f7/alert/text HTTP/1.1
User-Agent: selenium/4.8.1 (java windows)
Cache-Control: no-cache
Content-Type: application/json; charset=utf-8
host: localhost:13838
accept: */*

Response DefaultHttpResponse(decodeResult: success, version: HTTP/1.1)
HTTP/1.1 404 Not Found
Content-Length: 809
Content-Type: application/json; charset=utf-8
cache-control: no-cache

18:52:10.898 [AsyncHttpClient-1-4] DEBUG org.asynchttpclient.netty.channel.ChannelManager - Adding key: http://localhost:13838 for channel [id: 0xaf3e77cf, L:/127.0.0.1:58940 - R:localhost/127.0.0.1:13838]
18:52:10.899 [Forwarding getCurrentUrl on session 26d131f60b631b2f52aa9846d84a60f7 to remote] DEBUG org.asynchttpclient.netty.request.NettyRequestSender - Using pooled Channel '[id: 0xaf3e77cf, L:/127.0.0.1:58940 - R:localhost/127.0.0.1:13838]' for 'GET' to 'http://localhost:13838/session/26d131f60b631b2f52aa9846d84a60f7/url'
18:52:10.899 [Forwarding getCurrentUrl on session 26d131f60b631b2f52aa9846d84a60f7 to remote] DEBUG org.asynchttpclient.netty.request.NettyRequestSender - Using open Channel [id: 0xaf3e77cf, L:/127.0.0.1:58940 - R:localhost/127.0.0.1:13838] for GET '/session/26d131f60b631b2f52aa9846d84a60f7/url'
18:52:10.904 [AsyncHttpClient-1-4] DEBUG org.asynchttpclient.netty.handler.HttpHandler - 

Request DefaultFullHttpRequest(decodeResult: success, version: HTTP/1.1, content: EmptyByteBufBE)
GET /session/26d131f60b631b2f52aa9846d84a60f7/url HTTP/1.1
User-Agent: selenium/4.8.1 (java windows)
Cache-Control: no-cache
Content-Type: application/json; charset=utf-8
host: localhost:13838
accept: */*

Response DefaultHttpResponse(decodeResult: success, version: HTTP/1.1)
HTTP/1.1 200 OK
Content-Length: 51
Content-Type: application/json; charset=utf-8
cache-control: no-cache

18:52:10.904 [AsyncHttpClient-1-4] DEBUG org.asynchttpclient.netty.channel.ChannelManager - Adding key: http://localhost:13838 for channel [id: 0xaf3e77cf, L:/127.0.0.1:58940 - R:localhost/127.0.0.1:13838]
18:52:10.905 [Forwarding screenshot on session 26d131f60b631b2f52aa9846d84a60f7 to remote] DEBUG org.asynchttpclient.netty.request.NettyRequestSender - Using pooled Channel '[id: 0xaf3e77cf, L:/127.0.0.1:58940 - R:localhost/127.0.0.1:13838]' for 'GET' to 'http://localhost:13838/session/26d131f60b631b2f52aa9846d84a60f7/screenshot'
18:52:10.905 [Forwarding screenshot on session 26d131f60b631b2f52aa9846d84a60f7 to remote] DEBUG org.asynchttpclient.netty.request.NettyRequestSender - Using open Channel [id: 0xaf3e77cf, L:/127.0.0.1:58940 - R:localhost/127.0.0.1:13838] for GET '/session/26d131f60b631b2f52aa9846d84a60f7/screenshot'
18:52:11.084 [AsyncHttpClient-1-4] DEBUG org.asynchttpclient.netty.handler.HttpHandler - 

Request DefaultFullHttpRequest(decodeResult: success, version: HTTP/1.1, content: EmptyByteBufBE)
GET /session/26d131f60b631b2f52aa9846d84a60f7/screenshot HTTP/1.1
User-Agent: selenium/4.8.1 (java windows)
Cache-Control: no-cache
Content-Type: application/json; charset=utf-8
host: localhost:13838
accept: */*

Response DefaultHttpResponse(decodeResult: success, version: HTTP/1.1)
HTTP/1.1 200 OK
Content-Length: 56776
Content-Type: application/json; charset=utf-8
cache-control: no-cache

18:52:11.084 [AsyncHttpClient-1-4] DEBUG org.asynchttpclient.netty.channel.ChannelManager - Adding key: http://localhost:13838 for channel [id: 0xaf3e77cf, L:/127.0.0.1:58940 - R:localhost/127.0.0.1:13838]
18:52:11.090 [main] DEBUG net.serenitybdd.core.photography.Darkroom - Send negative for processing for target\site\serenity\d15d1f747a02f12cc092f9a42c31b47f6a3696cffc8367058913c7306a909714.png
18:52:11.090 [main] DEBUG net.thucydides.core.steps.StepInterceptor - STEP DONE: validateEqualErrorMessage
  &amp#27;[32mThen &amp#27;[0m&amp#27;[32mI can see error message &amp#27;[0m&amp#27;[32m&amp#27;[1m"password is required"&amp#27;[0m                     &amp#27;[90m# starter.stepdefinitions.LoginSteps.iCanSeeErrorMessage(java.lang.String)&amp#27;[0m
18:52:11.100 [main] INFO  - 
  _____   ___   ___   _____     ___     _     ___   ___   ___   ___  
 |_   _| | __| / __| |_   _|   | _ \   /_\   / __| / __| | __| |   \ 
   | |   | _|  \__ \   | |     |  _/  / _ \  \__ \ \__ \ | _|  | |) |
   |_|   |___| |___/   |_|     |_|   /_/ \_\ |___/ |___/ |___| |___/ 

As user i have be able to failed login with password not filled
----------------------------------------------------------------------
18:52:11.102 [AsyncHttpClient-1-6] DEBUG org.asynchttpclient.netty.handler.WebSocketHandler - Channel Closed: [id: 0xb32080fc, L:/127.0.0.1:58950 ! R:localhost/127.0.0.1:58941] with attribute NettyResponseFuture{currentRetry=0,
	isDone=1,
	isCancelled=0,
	asyncHandler=org.asynchttpclient.ws.WebSocketUpgradeHandler@1fea3244,
	nettyRequest=org.asynchttpclient.netty.request.NettyRequest@3b10d17c,
	future=java.util.concurrent.CompletableFuture@67c041cb[Completed normally],
	uri=ws://localhost:58941/devtools/browser/c3ddcf1d-1910-49d5-9085-fa30245f60dc,
	keepAlive=true,
	redirectCount=0,
	timeoutsHolder=null,
	inAuth=0,
	touch=1683546723696}
18:52:11.102 [AsyncHttpClient-1-6] DEBUG org.asynchttpclient.netty.channel.ChannelManager - Closing Channel [id: 0xb32080fc, L:/127.0.0.1:58950 ! R:localhost/127.0.0.1:58941] 
18:52:11.103 [Driver Command Executor] DEBUG org.asynchttpclient.netty.request.NettyRequestSender - Using pooled Channel '[id: 0xaf3e77cf, L:/127.0.0.1:58940 - R:localhost/127.0.0.1:13838]' for 'DELETE' to 'http://localhost:13838/session/26d131f60b631b2f52aa9846d84a60f7'
18:52:11.103 [Driver Command Executor] DEBUG org.asynchttpclient.netty.request.NettyRequestSender - Using open Channel [id: 0xaf3e77cf, L:/127.0.0.1:58940 - R:localhost/127.0.0.1:13838] for DELETE '/session/26d131f60b631b2f52aa9846d84a60f7'
18:52:11.630 [AsyncHttpClient-1-5] DEBUG org.asynchttpclient.netty.handler.HttpHandler - Unexpected I/O exception on channel [id: 0xf8ada28c, L:/127.0.0.1:58949 - R:localhost/127.0.0.1:58941]
java.net.SocketException: Connection reset
	at java.base/sun.nio.ch.SocketChannelImpl.throwConnectionReset(SocketChannelImpl.java:394)
	at java.base/sun.nio.ch.SocketChannelImpl.read(SocketChannelImpl.java:426)
	at io.netty.buffer.PooledByteBuf.setBytes(PooledByteBuf.java:259)
	at io.netty.buffer.AbstractByteBuf.writeBytes(AbstractByteBuf.java:1132)
	at io.netty.channel.socket.nio.NioSocketChannel.doReadBytes(NioSocketChannel.java:357)
	at io.netty.channel.nio.AbstractNioByteChannel$NioByteUnsafe.read(AbstractNioByteChannel.java:151)
	at io.netty.channel.nio.NioEventLoop.processSelectedKey(NioEventLoop.java:788)
	at io.netty.channel.nio.NioEventLoop.processSelectedKeysOptimized(NioEventLoop.java:724)
	at io.netty.channel.nio.NioEventLoop.processSelectedKeys(NioEventLoop.java:650)
	at io.netty.channel.nio.NioEventLoop.run(NioEventLoop.java:562)
	at io.netty.util.concurrent.SingleThreadEventExecutor$4.run(SingleThreadEventExecutor.java:997)
	at io.netty.util.internal.ThreadExecutorMap$2.run(ThreadExecutorMap.java:74)
	at io.netty.util.concurrent.FastThreadLocalRunnable.run(FastThreadLocalRunnable.java:30)
	at java.base/java.lang.Thread.run(Thread.java:833)
18:52:11.630 [AsyncHttpClient-1-5] DEBUG org.asynchttpclient.netty.channel.ChannelManager - Closing Channel [id: 0xf8ada28c, L:/127.0.0.1:58949 - R:localhost/127.0.0.1:58941] 
18:52:11.631 [AsyncHttpClient-1-5] DEBUG org.asynchttpclient.netty.handler.HttpHandler - Channel Closed: [id: 0xf8ada28c, L:/127.0.0.1:58949 ! R:localhost/127.0.0.1:58941] with attribute DISCARD
18:52:11.730 [AsyncHttpClient-1-4] DEBUG org.asynchttpclient.netty.handler.HttpHandler - 

Request DefaultFullHttpRequest(decodeResult: success, version: HTTP/1.1, content: EmptyByteBufBE)
DELETE /session/26d131f60b631b2f52aa9846d84a60f7 HTTP/1.1
User-Agent: selenium/4.8.1 (java windows)
Content-Type: application/json; charset=utf-8
host: localhost:13838
accept: */*

Response DefaultHttpResponse(decodeResult: success, version: HTTP/1.1)
HTTP/1.1 200 OK
Content-Length: 14
Content-Type: application/json; charset=utf-8
cache-control: no-cache

18:52:11.731 [AsyncHttpClient-1-4] DEBUG org.asynchttpclient.netty.channel.ChannelManager - Adding key: http://localhost:13838 for channel [id: 0xaf3e77cf, L:/127.0.0.1:58940 - R:localhost/127.0.0.1:13838]
18:52:11.770 [AsyncHttpClient-1-1] DEBUG org.asynchttpclient.netty.channel.DefaultChannelPool - Entry count for : http://localhost:58941 : 1
18:52:11.770 [AsyncHttpClient-1-1] DEBUG org.asynchttpclient.netty.channel.DefaultChannelPool - Entry count for : http://localhost:13838 : 1
18:52:11.770 [AsyncHttpClient-1-1] DEBUG org.asynchttpclient.netty.channel.DefaultChannelPool - Adding Candidate expired Channel [id: 0xf8ada28c, L:/127.0.0.1:58949 ! R:localhost/127.0.0.1:58941] isIdleTimeoutExpired=false isRemotelyClosed=true isTtlExpired=false
18:52:11.770 [AsyncHttpClient-1-1] DEBUG org.asynchttpclient.netty.channel.DefaultChannelPool - Closing Idle Channel [id: 0xf8ada28c, L:/127.0.0.1:58949 ! R:localhost/127.0.0.1:58941]
18:52:11.770 [AsyncHttpClient-1-1] DEBUG org.asynchttpclient.netty.channel.DefaultChannelPool - Closed 1 connections out of 2 in 0 ms
18:52:11.814 [AsyncHttpClient-1-4] DEBUG org.asynchttpclient.netty.handler.HttpHandler - Channel Closed: [id: 0xaf3e77cf, L:/127.0.0.1:58940 ! R:localhost/127.0.0.1:13838] with attribute DISCARD
]]></system-out>
    <system-err><![CDATA[Starting ChromeDriver 111.0.5563.64 (c710e93d5b63b7095afe8c2c17df34408078439d-refs/branch-heads/5563@{#995}) on port 13838
Only local connections are allowed.
Please see https://chromedriver.chromium.org/security-considerations for suggestions on keeping ChromeDriver safe.
ChromeDriver was started successfully.
[1683546722.954][WARNING]: This version of ChromeDriver has not been tested with Chrome version 112.
May 08, 2023 6:52:03 PM org.openqa.selenium.devtools.CdpVersionFinder findNearestMatch
WARNING: Unable to find an exact match for CDP version 112, so returning the closest version found: 110
]]></system-err>
  </testcase>
  <testcase name="As user i have be able to failed login with email not filled" classname="Login" time="7.003">
    <system-out><![CDATA[
Scenario: As user i have be able to failed login with email not filled &amp#27;[90m# src/test/resources/features/login.feature:35&amp#27;[0m
18:52:11.907 [main] DEBUG io.cucumber.core.plugin.SerenityReporter - Running feature from file:///D:/alta/MiniProject/src/test/resources/features/login.feature
18:52:11.909 [main] INFO  - 
  _____   ___   ___   _____     ___   _____     _     ___   _____   ___   ___  
 |_   _| | __| / __| |_   _|   / __| |_   _|   /_\   | _ \ |_   _| | __| |   \ 
   | |   | _|  \__ \   | |     \__ \   | |    / _ \  |   /   | |   | _|  | |) |
   |_|   |___| |___/   |_|     |___/   |_|   /_/ \_\ |_|_\   |_|   |___| |___/ 

As user i have be able to failed login with email not filled(login;as-user-i-have-be-able-to-failed-login-with-email-not-filled)
--------------------------------------------------------------------------------
18:52:11.996 [main] INFO net.serenitybdd.core.webdriver.driverproviders.ChromeDriverProvider - Starting Chrome driver instance with capabilities:
18:52:11.996 [main] INFO net.serenitybdd.core.webdriver.driverproviders.ChromeDriverProvider - Capabilities {acceptInsecureCerts: false, browserName: chrome, goog:chromeOptions: {args: [remote-allow-origins=*], extensions: []}}
18:52:12.128 [AsyncHttpClient-1-7] DEBUG org.asynchttpclient.netty.channel.NettyConnectListener - Using new Channel '[id: 0x091f835d, L:/127.0.0.1:58971 - R:localhost/127.0.0.1:25125]' for 'POST' to '/session'
18:52:12.876 [AsyncHttpClient-1-1] DEBUG org.asynchttpclient.netty.channel.DefaultChannelPool - Entry count for : http://localhost:13838 : 1
18:52:12.876 [AsyncHttpClient-1-1] DEBUG org.asynchttpclient.netty.channel.DefaultChannelPool - Adding Candidate expired Channel [id: 0xaf3e77cf, L:/127.0.0.1:58940 ! R:localhost/127.0.0.1:13838] isIdleTimeoutExpired=false isRemotelyClosed=true isTtlExpired=false
18:52:12.876 [AsyncHttpClient-1-1] DEBUG org.asynchttpclient.netty.channel.DefaultChannelPool - Closing Idle Channel [id: 0xaf3e77cf, L:/127.0.0.1:58940 ! R:localhost/127.0.0.1:13838]
18:52:12.876 [AsyncHttpClient-1-1] DEBUG org.asynchttpclient.netty.channel.DefaultChannelPool - Closed 1 connections out of 1 in 0 ms
18:52:13.271 [AsyncHttpClient-1-7] DEBUG org.asynchttpclient.netty.handler.HttpHandler - 

Request DefaultHttpRequest(decodeResult: success, version: HTTP/1.1)
POST /session HTTP/1.1
User-Agent: selenium/4.8.1 (java windows)
Content-Length: 507
Content-Type: application/json; charset=utf-8
host: localhost:25125
accept: */*

Response DefaultHttpResponse(decodeResult: success, version: HTTP/1.1)
HTTP/1.1 200 OK
Content-Length: 861
Content-Type: application/json; charset=utf-8
cache-control: no-cache

18:52:13.272 [AsyncHttpClient-1-7] DEBUG org.asynchttpclient.netty.channel.ChannelManager - Adding key: http://localhost:25125 for channel [id: 0x091f835d, L:/127.0.0.1:58971 - R:localhost/127.0.0.1:25125]
18:52:13.288 [AsyncHttpClient-1-8] DEBUG org.asynchttpclient.netty.channel.NettyConnectListener - Using new Channel '[id: 0x9788c727, L:/127.0.0.1:58980 - R:localhost/127.0.0.1:58972]' for 'GET' to '/json/version'
18:52:13.295 [AsyncHttpClient-1-8] DEBUG org.asynchttpclient.netty.handler.HttpHandler - 

Request DefaultFullHttpRequest(decodeResult: success, version: HTTP/1.1, content: EmptyByteBufBE)
GET /json/version HTTP/1.1
User-Agent: selenium/4.8.1 (java windows)
host: localhost:58972
accept: */*

Response DefaultHttpResponse(decodeResult: success, version: HTTP/1.1)
HTTP/1.1 200 OK
Content-Security-Policy: frame-ancestors 'none'
Content-Length: 424
Content-Type: application/json; charset=UTF-8

18:52:13.295 [AsyncHttpClient-1-8] DEBUG org.asynchttpclient.netty.channel.ChannelManager - Adding key: http://localhost:58972 for channel [id: 0x9788c727, L:/127.0.0.1:58980 - R:localhost/127.0.0.1:58972]
18:52:13.300 [AsyncHttpClient-1-9] DEBUG org.asynchttpclient.netty.channel.NettyConnectListener - Using new Channel '[id: 0xc8c47a8f, L:/127.0.0.1:58981 - R:localhost/127.0.0.1:58972]' for 'GET' to '/devtools/browser/de691f83-1b72-4126-b64a-631b6a5bf54c'
18:52:13.302 [AsyncHttpClient-1-9] DEBUG org.asynchttpclient.netty.handler.WebSocketHandler - 

Request DefaultFullHttpRequest(decodeResult: success, version: HTTP/1.1, content: EmptyByteBufBE)
GET /devtools/browser/de691f83-1b72-4126-b64a-631b6a5bf54c HTTP/1.1
upgrade: websocket
connection: upgrade
sec-websocket-key: Qkx+46vf0qbklBKZqP8BfA==
sec-websocket-version: 13
origin: http://localhost:58972
host: localhost:58972
accept: */*
user-agent: AHC/2.1

Response DefaultHttpResponse(decodeResult: success, version: HTTP/1.1)
HTTP/1.1 101 WebSocket Protocol Handshake
Upgrade: WebSocket
Connection: Upgrade
Sec-WebSocket-Accept: ALH8bPnQgAndusHBGBN5x2kCahE=

18:52:13.309 [Forwarding get on session 42c93e1d070f6881d5e3eb09a34f0518 to remote] DEBUG org.asynchttpclient.netty.request.NettyRequestSender - Using pooled Channel '[id: 0x091f835d, L:/127.0.0.1:58971 - R:localhost/127.0.0.1:25125]' for 'POST' to 'http://localhost:25125/session/42c93e1d070f6881d5e3eb09a34f0518/url'
18:52:13.310 [Forwarding get on session 42c93e1d070f6881d5e3eb09a34f0518 to remote] DEBUG org.asynchttpclient.netty.request.NettyRequestSender - Using open Channel [id: 0x091f835d, L:/127.0.0.1:58971 - R:localhost/127.0.0.1:25125] for POST '/session/42c93e1d070f6881d5e3eb09a34f0518/url'
18:52:13.963 [AsyncHttpClient-1-1] DEBUG org.asynchttpclient.netty.channel.DefaultChannelPool - Entry count for : http://localhost:58972 : 1
18:52:14.619 [AsyncHttpClient-1-7] DEBUG org.asynchttpclient.netty.handler.HttpHandler - 

Request DefaultHttpRequest(decodeResult: success, version: HTTP/1.1)
POST /session/42c93e1d070f6881d5e3eb09a34f0518/url HTTP/1.1
User-Agent: selenium/4.8.1 (java windows)
Content-Length: 74
Content-Type: application/json; charset=utf-8
host: localhost:25125
accept: */*

Response DefaultHttpResponse(decodeResult: success, version: HTTP/1.1)
HTTP/1.1 200 OK
Content-Length: 14
Content-Type: application/json; charset=utf-8
cache-control: no-cache

18:52:14.620 [AsyncHttpClient-1-7] DEBUG org.asynchttpclient.netty.channel.ChannelManager - Adding key: http://localhost:25125 for channel [id: 0x091f835d, L:/127.0.0.1:58971 - R:localhost/127.0.0.1:25125]
18:52:14.624 [Forwarding setTimeout on session 42c93e1d070f6881d5e3eb09a34f0518 to remote] DEBUG org.asynchttpclient.netty.request.NettyRequestSender - Using pooled Channel '[id: 0x091f835d, L:/127.0.0.1:58971 - R:localhost/127.0.0.1:25125]' for 'POST' to 'http://localhost:25125/session/42c93e1d070f6881d5e3eb09a34f0518/timeouts'
18:52:14.624 [Forwarding setTimeout on session 42c93e1d070f6881d5e3eb09a34f0518 to remote] DEBUG org.asynchttpclient.netty.request.NettyRequestSender - Using open Channel [id: 0x091f835d, L:/127.0.0.1:58971 - R:localhost/127.0.0.1:25125] for POST '/session/42c93e1d070f6881d5e3eb09a34f0518/timeouts'
18:52:14.626 [AsyncHttpClient-1-7] DEBUG org.asynchttpclient.netty.handler.HttpHandler - 

Request DefaultHttpRequest(decodeResult: success, version: HTTP/1.1)
POST /session/42c93e1d070f6881d5e3eb09a34f0518/timeouts HTTP/1.1
User-Agent: selenium/4.8.1 (java windows)
Content-Length: 22
Content-Type: application/json; charset=utf-8
host: localhost:25125
accept: */*

Response DefaultHttpResponse(decodeResult: success, version: HTTP/1.1)
HTTP/1.1 200 OK
Content-Length: 14
Content-Type: application/json; charset=utf-8
cache-control: no-cache

18:52:14.626 [AsyncHttpClient-1-7] DEBUG org.asynchttpclient.netty.channel.ChannelManager - Adding key: http://localhost:25125 for channel [id: 0x091f835d, L:/127.0.0.1:58971 - R:localhost/127.0.0.1:25125]
18:52:14.695 [Forwarding getAlertText on session 42c93e1d070f6881d5e3eb09a34f0518 to remote] DEBUG org.asynchttpclient.netty.request.NettyRequestSender - Using pooled Channel '[id: 0x091f835d, L:/127.0.0.1:58971 - R:localhost/127.0.0.1:25125]' for 'GET' to 'http://localhost:25125/session/42c93e1d070f6881d5e3eb09a34f0518/alert/text'
18:52:14.696 [Forwarding getAlertText on session 42c93e1d070f6881d5e3eb09a34f0518 to remote] DEBUG org.asynchttpclient.netty.request.NettyRequestSender - Using open Channel [id: 0x091f835d, L:/127.0.0.1:58971 - R:localhost/127.0.0.1:25125] for GET '/session/42c93e1d070f6881d5e3eb09a34f0518/alert/text'
18:52:14.698 [AsyncHttpClient-1-7] DEBUG org.asynchttpclient.netty.handler.HttpHandler - 

Request DefaultFullHttpRequest(decodeResult: success, version: HTTP/1.1, content: EmptyByteBufBE)
GET /session/42c93e1d070f6881d5e3eb09a34f0518/alert/text HTTP/1.1
User-Agent: selenium/4.8.1 (java windows)
Cache-Control: no-cache
Content-Type: application/json; charset=utf-8
host: localhost:25125
accept: */*

Response DefaultHttpResponse(decodeResult: success, version: HTTP/1.1)
HTTP/1.1 404 Not Found
Content-Length: 809
Content-Type: application/json; charset=utf-8
cache-control: no-cache

18:52:14.698 [AsyncHttpClient-1-7] DEBUG org.asynchttpclient.netty.channel.ChannelManager - Adding key: http://localhost:25125 for channel [id: 0x091f835d, L:/127.0.0.1:58971 - R:localhost/127.0.0.1:25125]
18:52:14.700 [Forwarding getCurrentUrl on session 42c93e1d070f6881d5e3eb09a34f0518 to remote] DEBUG org.asynchttpclient.netty.request.NettyRequestSender - Using pooled Channel '[id: 0x091f835d, L:/127.0.0.1:58971 - R:localhost/127.0.0.1:25125]' for 'GET' to 'http://localhost:25125/session/42c93e1d070f6881d5e3eb09a34f0518/url'
18:52:14.700 [Forwarding getCurrentUrl on session 42c93e1d070f6881d5e3eb09a34f0518 to remote] DEBUG org.asynchttpclient.netty.request.NettyRequestSender - Using open Channel [id: 0x091f835d, L:/127.0.0.1:58971 - R:localhost/127.0.0.1:25125] for GET '/session/42c93e1d070f6881d5e3eb09a34f0518/url'
18:52:14.706 [AsyncHttpClient-1-7] DEBUG org.asynchttpclient.netty.handler.HttpHandler - 

Request DefaultFullHttpRequest(decodeResult: success, version: HTTP/1.1, content: EmptyByteBufBE)
GET /session/42c93e1d070f6881d5e3eb09a34f0518/url HTTP/1.1
User-Agent: selenium/4.8.1 (java windows)
Cache-Control: no-cache
Content-Type: application/json; charset=utf-8
host: localhost:25125
accept: */*

Response DefaultHttpResponse(decodeResult: success, version: HTTP/1.1)
HTTP/1.1 200 OK
Content-Length: 51
Content-Type: application/json; charset=utf-8
cache-control: no-cache

18:52:14.707 [AsyncHttpClient-1-7] DEBUG org.asynchttpclient.netty.channel.ChannelManager - Adding key: http://localhost:25125 for channel [id: 0x091f835d, L:/127.0.0.1:58971 - R:localhost/127.0.0.1:25125]
18:52:14.709 [Forwarding screenshot on session 42c93e1d070f6881d5e3eb09a34f0518 to remote] DEBUG org.asynchttpclient.netty.request.NettyRequestSender - Using pooled Channel '[id: 0x091f835d, L:/127.0.0.1:58971 - R:localhost/127.0.0.1:25125]' for 'GET' to 'http://localhost:25125/session/42c93e1d070f6881d5e3eb09a34f0518/screenshot'
18:52:14.709 [Forwarding screenshot on session 42c93e1d070f6881d5e3eb09a34f0518 to remote] DEBUG org.asynchttpclient.netty.request.NettyRequestSender - Using open Channel [id: 0x091f835d, L:/127.0.0.1:58971 - R:localhost/127.0.0.1:25125] for GET '/session/42c93e1d070f6881d5e3eb09a34f0518/screenshot'
18:52:14.935 [AsyncHttpClient-1-7] DEBUG org.asynchttpclient.netty.handler.HttpHandler - 

Request DefaultFullHttpRequest(decodeResult: success, version: HTTP/1.1, content: EmptyByteBufBE)
GET /session/42c93e1d070f6881d5e3eb09a34f0518/screenshot HTTP/1.1
User-Agent: selenium/4.8.1 (java windows)
Cache-Control: no-cache
Content-Type: application/json; charset=utf-8
host: localhost:25125
accept: */*

Response DefaultHttpResponse(decodeResult: success, version: HTTP/1.1)
HTTP/1.1 200 OK
Content-Length: 37716
Content-Type: application/json; charset=utf-8
cache-control: no-cache

18:52:14.937 [AsyncHttpClient-1-7] DEBUG org.asynchttpclient.netty.channel.ChannelManager - Adding key: http://localhost:25125 for channel [id: 0x091f835d, L:/127.0.0.1:58971 - R:localhost/127.0.0.1:25125]
18:52:14.948 [main] DEBUG net.serenitybdd.core.photography.Darkroom - Send negative for processing for target\site\serenity\33332457f5fcf49f454ccd10d3fe1f87607ab26fa20055fdbcc9b0598dc64b75.png
18:52:14.950 [Forwarding getPageSource on session 42c93e1d070f6881d5e3eb09a34f0518 to remote] DEBUG org.asynchttpclient.netty.request.NettyRequestSender - Using pooled Channel '[id: 0x091f835d, L:/127.0.0.1:58971 - R:localhost/127.0.0.1:25125]' for 'POST' to 'http://localhost:25125/session/42c93e1d070f6881d5e3eb09a34f0518/execute/sync'
18:52:14.950 [Forwarding getPageSource on session 42c93e1d070f6881d5e3eb09a34f0518 to remote] DEBUG org.asynchttpclient.netty.request.NettyRequestSender - Using open Channel [id: 0x091f835d, L:/127.0.0.1:58971 - R:localhost/127.0.0.1:25125] for POST '/session/42c93e1d070f6881d5e3eb09a34f0518/execute/sync'
18:52:14.960 [AsyncHttpClient-1-7] DEBUG org.asynchttpclient.netty.handler.HttpHandler - 

Request DefaultHttpRequest(decodeResult: success, version: HTTP/1.1)
POST /session/42c93e1d070f6881d5e3eb09a34f0518/execute/sync HTTP/1.1
User-Agent: selenium/4.8.1 (java windows)
Content-Length: 176
Content-Type: application/json; charset=utf-8
host: localhost:25125
accept: */*

Response DefaultHttpResponse(decodeResult: success, version: HTTP/1.1)
HTTP/1.1 200 OK
Content-Length: 21659
Content-Type: application/json; charset=utf-8
cache-control: no-cache

18:52:14.960 [AsyncHttpClient-1-7] DEBUG org.asynchttpclient.netty.channel.ChannelManager - Adding key: http://localhost:25125 for channel [id: 0x091f835d, L:/127.0.0.1:58971 - R:localhost/127.0.0.1:25125]
18:52:14.967 [Forwarding getCurrentUrl on session 42c93e1d070f6881d5e3eb09a34f0518 to remote] DEBUG org.asynchttpclient.netty.request.NettyRequestSender - Using pooled Channel '[id: 0x091f835d, L:/127.0.0.1:58971 - R:localhost/127.0.0.1:25125]' for 'GET' to 'http://localhost:25125/session/42c93e1d070f6881d5e3eb09a34f0518/url'
18:52:14.967 [Forwarding getCurrentUrl on session 42c93e1d070f6881d5e3eb09a34f0518 to remote] DEBUG org.asynchttpclient.netty.request.NettyRequestSender - Using open Channel [id: 0x091f835d, L:/127.0.0.1:58971 - R:localhost/127.0.0.1:25125] for GET '/session/42c93e1d070f6881d5e3eb09a34f0518/url'
18:52:14.972 [AsyncHttpClient-1-7] DEBUG org.asynchttpclient.netty.handler.HttpHandler - 

Request DefaultFullHttpRequest(decodeResult: success, version: HTTP/1.1, content: EmptyByteBufBE)
GET /session/42c93e1d070f6881d5e3eb09a34f0518/url HTTP/1.1
User-Agent: selenium/4.8.1 (java windows)
Cache-Control: no-cache
Content-Type: application/json; charset=utf-8
host: localhost:25125
accept: */*

Response DefaultHttpResponse(decodeResult: success, version: HTTP/1.1)
HTTP/1.1 200 OK
Content-Length: 51
Content-Type: application/json; charset=utf-8
cache-control: no-cache

18:52:14.972 [AsyncHttpClient-1-7] DEBUG org.asynchttpclient.netty.channel.ChannelManager - Adding key: http://localhost:25125 for channel [id: 0x091f835d, L:/127.0.0.1:58971 - R:localhost/127.0.0.1:25125]
18:52:14.976 [main] DEBUG net.thucydides.core.steps.StepInterceptor - STARTING STEP: LoginSteps.onLoginPage - validateOnLoginPage
18:52:14.985 [Forwarding findElement on session 42c93e1d070f6881d5e3eb09a34f0518 to remote] DEBUG org.asynchttpclient.netty.request.NettyRequestSender - Using pooled Channel '[id: 0x091f835d, L:/127.0.0.1:58971 - R:localhost/127.0.0.1:25125]' for 'POST' to 'http://localhost:25125/session/42c93e1d070f6881d5e3eb09a34f0518/element'
18:52:14.985 [Forwarding findElement on session 42c93e1d070f6881d5e3eb09a34f0518 to remote] DEBUG org.asynchttpclient.netty.request.NettyRequestSender - Using open Channel [id: 0x091f835d, L:/127.0.0.1:58971 - R:localhost/127.0.0.1:25125] for POST '/session/42c93e1d070f6881d5e3eb09a34f0518/element'
18:52:15.005 [AsyncHttpClient-1-7] DEBUG org.asynchttpclient.netty.handler.HttpHandler - 

Request DefaultHttpRequest(decodeResult: success, version: HTTP/1.1)
POST /session/42c93e1d070f6881d5e3eb09a34f0518/element HTTP/1.1
User-Agent: selenium/4.8.1 (java windows)
Content-Length: 141
Content-Type: application/json; charset=utf-8
host: localhost:25125
accept: */*

Response DefaultHttpResponse(decodeResult: success, version: HTTP/1.1)
HTTP/1.1 200 OK
Content-Length: 88
Content-Type: application/json; charset=utf-8
cache-control: no-cache

18:52:15.005 [AsyncHttpClient-1-7] DEBUG org.asynchttpclient.netty.channel.ChannelManager - Adding key: http://localhost:25125 for channel [id: 0x091f835d, L:/127.0.0.1:58971 - R:localhost/127.0.0.1:25125]
18:52:15.017 [Forwarding isElementDisplayed on session 42c93e1d070f6881d5e3eb09a34f0518 to remote] DEBUG org.asynchttpclient.netty.request.NettyRequestSender - Using pooled Channel '[id: 0x091f835d, L:/127.0.0.1:58971 - R:localhost/127.0.0.1:25125]' for 'POST' to 'http://localhost:25125/session/42c93e1d070f6881d5e3eb09a34f0518/execute/sync'
18:52:15.017 [Forwarding isElementDisplayed on session 42c93e1d070f6881d5e3eb09a34f0518 to remote] DEBUG org.asynchttpclient.netty.request.NettyRequestSender - Using open Channel [id: 0x091f835d, L:/127.0.0.1:58971 - R:localhost/127.0.0.1:25125] for POST '/session/42c93e1d070f6881d5e3eb09a34f0518/execute/sync'
18:52:15.040 [AsyncHttpClient-1-7] DEBUG org.asynchttpclient.netty.handler.HttpHandler - 

Request DefaultHttpRequest(decodeResult: success, version: HTTP/1.1)
POST /session/42c93e1d070f6881d5e3eb09a34f0518/execute/sync HTTP/1.1
User-Agent: selenium/4.8.1 (java windows)
Content-Length: 48807
Content-Type: application/json; charset=utf-8
host: localhost:25125
accept: */*

Response DefaultHttpResponse(decodeResult: success, version: HTTP/1.1)
HTTP/1.1 200 OK
Content-Length: 14
Content-Type: application/json; charset=utf-8
cache-control: no-cache

18:52:15.041 [AsyncHttpClient-1-7] DEBUG org.asynchttpclient.netty.channel.ChannelManager - Adding key: http://localhost:25125 for channel [id: 0x091f835d, L:/127.0.0.1:58971 - R:localhost/127.0.0.1:25125]
18:52:15.061 [Forwarding getAlertText on session 42c93e1d070f6881d5e3eb09a34f0518 to remote] DEBUG org.asynchttpclient.netty.request.NettyRequestSender - Using pooled Channel '[id: 0x091f835d, L:/127.0.0.1:58971 - R:localhost/127.0.0.1:25125]' for 'GET' to 'http://localhost:25125/session/42c93e1d070f6881d5e3eb09a34f0518/alert/text'
18:52:15.061 [Forwarding getAlertText on session 42c93e1d070f6881d5e3eb09a34f0518 to remote] DEBUG org.asynchttpclient.netty.request.NettyRequestSender - Using open Channel [id: 0x091f835d, L:/127.0.0.1:58971 - R:localhost/127.0.0.1:25125] for GET '/session/42c93e1d070f6881d5e3eb09a34f0518/alert/text'
18:52:15.063 [AsyncHttpClient-1-1] DEBUG org.asynchttpclient.netty.channel.DefaultChannelPool - Entry count for : http://localhost:58972 : 1
18:52:15.063 [AsyncHttpClient-1-7] DEBUG org.asynchttpclient.netty.handler.HttpHandler - 

Request DefaultFullHttpRequest(decodeResult: success, version: HTTP/1.1, content: EmptyByteBufBE)
GET /session/42c93e1d070f6881d5e3eb09a34f0518/alert/text HTTP/1.1
User-Agent: selenium/4.8.1 (java windows)
Cache-Control: no-cache
Content-Type: application/json; charset=utf-8
host: localhost:25125
accept: */*

Response DefaultHttpResponse(decodeResult: success, version: HTTP/1.1)
HTTP/1.1 404 Not Found
Content-Length: 809
Content-Type: application/json; charset=utf-8
cache-control: no-cache

18:52:15.064 [AsyncHttpClient-1-7] DEBUG org.asynchttpclient.netty.channel.ChannelManager - Adding key: http://localhost:25125 for channel [id: 0x091f835d, L:/127.0.0.1:58971 - R:localhost/127.0.0.1:25125]
18:52:15.066 [Forwarding getCurrentUrl on session 42c93e1d070f6881d5e3eb09a34f0518 to remote] DEBUG org.asynchttpclient.netty.request.NettyRequestSender - Using pooled Channel '[id: 0x091f835d, L:/127.0.0.1:58971 - R:localhost/127.0.0.1:25125]' for 'GET' to 'http://localhost:25125/session/42c93e1d070f6881d5e3eb09a34f0518/url'
18:52:15.066 [Forwarding getCurrentUrl on session 42c93e1d070f6881d5e3eb09a34f0518 to remote] DEBUG org.asynchttpclient.netty.request.NettyRequestSender - Using open Channel [id: 0x091f835d, L:/127.0.0.1:58971 - R:localhost/127.0.0.1:25125] for GET '/session/42c93e1d070f6881d5e3eb09a34f0518/url'
18:52:15.071 [AsyncHttpClient-1-7] DEBUG org.asynchttpclient.netty.handler.HttpHandler - 

Request DefaultFullHttpRequest(decodeResult: success, version: HTTP/1.1, content: EmptyByteBufBE)
GET /session/42c93e1d070f6881d5e3eb09a34f0518/url HTTP/1.1
User-Agent: selenium/4.8.1 (java windows)
Cache-Control: no-cache
Content-Type: application/json; charset=utf-8
host: localhost:25125
accept: */*

Response DefaultHttpResponse(decodeResult: success, version: HTTP/1.1)
HTTP/1.1 200 OK
Content-Length: 51
Content-Type: application/json; charset=utf-8
cache-control: no-cache

18:52:15.071 [AsyncHttpClient-1-7] DEBUG org.asynchttpclient.netty.channel.ChannelManager - Adding key: http://localhost:25125 for channel [id: 0x091f835d, L:/127.0.0.1:58971 - R:localhost/127.0.0.1:25125]
18:52:15.077 [Forwarding screenshot on session 42c93e1d070f6881d5e3eb09a34f0518 to remote] DEBUG org.asynchttpclient.netty.request.NettyRequestSender - Using pooled Channel '[id: 0x091f835d, L:/127.0.0.1:58971 - R:localhost/127.0.0.1:25125]' for 'GET' to 'http://localhost:25125/session/42c93e1d070f6881d5e3eb09a34f0518/screenshot'
18:52:15.077 [Forwarding screenshot on session 42c93e1d070f6881d5e3eb09a34f0518 to remote] DEBUG org.asynchttpclient.netty.request.NettyRequestSender - Using open Channel [id: 0x091f835d, L:/127.0.0.1:58971 - R:localhost/127.0.0.1:25125] for GET '/session/42c93e1d070f6881d5e3eb09a34f0518/screenshot'
18:52:15.243 [AsyncHttpClient-1-7] DEBUG org.asynchttpclient.netty.handler.HttpHandler - 

Request DefaultFullHttpRequest(decodeResult: success, version: HTTP/1.1, content: EmptyByteBufBE)
GET /session/42c93e1d070f6881d5e3eb09a34f0518/screenshot HTTP/1.1
User-Agent: selenium/4.8.1 (java windows)
Cache-Control: no-cache
Content-Type: application/json; charset=utf-8
host: localhost:25125
accept: */*

Response DefaultHttpResponse(decodeResult: success, version: HTTP/1.1)
HTTP/1.1 200 OK
Content-Length: 37716
Content-Type: application/json; charset=utf-8
cache-control: no-cache

18:52:15.243 [AsyncHttpClient-1-7] DEBUG org.asynchttpclient.netty.channel.ChannelManager - Adding key: http://localhost:25125 for channel [id: 0x091f835d, L:/127.0.0.1:58971 - R:localhost/127.0.0.1:25125]
18:52:15.249 [main] DEBUG net.serenitybdd.core.photography.Darkroom - Send negative for processing for target\site\serenity\33332457f5fcf49f454ccd10d3fe1f87607ab26fa20055fdbcc9b0598dc64b75.png
18:52:15.250 [main] DEBUG net.thucydides.core.steps.StepInterceptor - STEP DONE: validateOnLoginPage
  &amp#27;[32mGiven &amp#27;[0m&amp#27;[32mI am on the login page&amp#27;[0m                                         &amp#27;[90m# starter.stepdefinitions.LoginSteps.onLoginPage()&amp#27;[0m
18:52:15.276 [Forwarding getPageSource on session 42c93e1d070f6881d5e3eb09a34f0518 to remote] DEBUG org.asynchttpclient.netty.request.NettyRequestSender - Using pooled Channel '[id: 0x091f835d, L:/127.0.0.1:58971 - R:localhost/127.0.0.1:25125]' for 'POST' to 'http://localhost:25125/session/42c93e1d070f6881d5e3eb09a34f0518/execute/sync'
18:52:15.277 [Forwarding getPageSource on session 42c93e1d070f6881d5e3eb09a34f0518 to remote] DEBUG org.asynchttpclient.netty.request.NettyRequestSender - Using open Channel [id: 0x091f835d, L:/127.0.0.1:58971 - R:localhost/127.0.0.1:25125] for POST '/session/42c93e1d070f6881d5e3eb09a34f0518/execute/sync'
18:52:15.283 [AsyncHttpClient-1-7] DEBUG org.asynchttpclient.netty.handler.HttpHandler - 

Request DefaultHttpRequest(decodeResult: success, version: HTTP/1.1)
POST /session/42c93e1d070f6881d5e3eb09a34f0518/execute/sync HTTP/1.1
User-Agent: selenium/4.8.1 (java windows)
Content-Length: 176
Content-Type: application/json; charset=utf-8
host: localhost:25125
accept: */*

Response DefaultHttpResponse(decodeResult: success, version: HTTP/1.1)
HTTP/1.1 200 OK
Content-Length: 21659
Content-Type: application/json; charset=utf-8
cache-control: no-cache

18:52:15.284 [AsyncHttpClient-1-7] DEBUG org.asynchttpclient.netty.channel.ChannelManager - Adding key: http://localhost:25125 for channel [id: 0x091f835d, L:/127.0.0.1:58971 - R:localhost/127.0.0.1:25125]
18:52:15.290 [Forwarding getCurrentUrl on session 42c93e1d070f6881d5e3eb09a34f0518 to remote] DEBUG org.asynchttpclient.netty.request.NettyRequestSender - Using pooled Channel '[id: 0x091f835d, L:/127.0.0.1:58971 - R:localhost/127.0.0.1:25125]' for 'GET' to 'http://localhost:25125/session/42c93e1d070f6881d5e3eb09a34f0518/url'
18:52:15.290 [Forwarding getCurrentUrl on session 42c93e1d070f6881d5e3eb09a34f0518 to remote] DEBUG org.asynchttpclient.netty.request.NettyRequestSender - Using open Channel [id: 0x091f835d, L:/127.0.0.1:58971 - R:localhost/127.0.0.1:25125] for GET '/session/42c93e1d070f6881d5e3eb09a34f0518/url'
18:52:15.295 [AsyncHttpClient-1-7] DEBUG org.asynchttpclient.netty.handler.HttpHandler - 

Request DefaultFullHttpRequest(decodeResult: success, version: HTTP/1.1, content: EmptyByteBufBE)
GET /session/42c93e1d070f6881d5e3eb09a34f0518/url HTTP/1.1
User-Agent: selenium/4.8.1 (java windows)
Cache-Control: no-cache
Content-Type: application/json; charset=utf-8
host: localhost:25125
accept: */*

Response DefaultHttpResponse(decodeResult: success, version: HTTP/1.1)
HTTP/1.1 200 OK
Content-Length: 51
Content-Type: application/json; charset=utf-8
cache-control: no-cache

18:52:15.295 [AsyncHttpClient-1-7] DEBUG org.asynchttpclient.netty.channel.ChannelManager - Adding key: http://localhost:25125 for channel [id: 0x091f835d, L:/127.0.0.1:58971 - R:localhost/127.0.0.1:25125]
18:52:15.318 [Forwarding getAlertText on session 42c93e1d070f6881d5e3eb09a34f0518 to remote] DEBUG org.asynchttpclient.netty.request.NettyRequestSender - Using pooled Channel '[id: 0x091f835d, L:/127.0.0.1:58971 - R:localhost/127.0.0.1:25125]' for 'GET' to 'http://localhost:25125/session/42c93e1d070f6881d5e3eb09a34f0518/alert/text'
18:52:15.318 [Forwarding getAlertText on session 42c93e1d070f6881d5e3eb09a34f0518 to remote] DEBUG org.asynchttpclient.netty.request.NettyRequestSender - Using open Channel [id: 0x091f835d, L:/127.0.0.1:58971 - R:localhost/127.0.0.1:25125] for GET '/session/42c93e1d070f6881d5e3eb09a34f0518/alert/text'
18:52:15.320 [AsyncHttpClient-1-7] DEBUG org.asynchttpclient.netty.handler.HttpHandler - 

Request DefaultFullHttpRequest(decodeResult: success, version: HTTP/1.1, content: EmptyByteBufBE)
GET /session/42c93e1d070f6881d5e3eb09a34f0518/alert/text HTTP/1.1
User-Agent: selenium/4.8.1 (java windows)
Cache-Control: no-cache
Content-Type: application/json; charset=utf-8
host: localhost:25125
accept: */*

Response DefaultHttpResponse(decodeResult: success, version: HTTP/1.1)
HTTP/1.1 404 Not Found
Content-Length: 809
Content-Type: application/json; charset=utf-8
cache-control: no-cache

18:52:15.321 [AsyncHttpClient-1-7] DEBUG org.asynchttpclient.netty.channel.ChannelManager - Adding key: http://localhost:25125 for channel [id: 0x091f835d, L:/127.0.0.1:58971 - R:localhost/127.0.0.1:25125]
18:52:15.322 [Forwarding getCurrentUrl on session 42c93e1d070f6881d5e3eb09a34f0518 to remote] DEBUG org.asynchttpclient.netty.request.NettyRequestSender - Using pooled Channel '[id: 0x091f835d, L:/127.0.0.1:58971 - R:localhost/127.0.0.1:25125]' for 'GET' to 'http://localhost:25125/session/42c93e1d070f6881d5e3eb09a34f0518/url'
18:52:15.322 [Forwarding getCurrentUrl on session 42c93e1d070f6881d5e3eb09a34f0518 to remote] DEBUG org.asynchttpclient.netty.request.NettyRequestSender - Using open Channel [id: 0x091f835d, L:/127.0.0.1:58971 - R:localhost/127.0.0.1:25125] for GET '/session/42c93e1d070f6881d5e3eb09a34f0518/url'
18:52:15.328 [AsyncHttpClient-1-7] DEBUG org.asynchttpclient.netty.handler.HttpHandler - 

Request DefaultFullHttpRequest(decodeResult: success, version: HTTP/1.1, content: EmptyByteBufBE)
GET /session/42c93e1d070f6881d5e3eb09a34f0518/url HTTP/1.1
User-Agent: selenium/4.8.1 (java windows)
Cache-Control: no-cache
Content-Type: application/json; charset=utf-8
host: localhost:25125
accept: */*

Response DefaultHttpResponse(decodeResult: success, version: HTTP/1.1)
HTTP/1.1 200 OK
Content-Length: 51
Content-Type: application/json; charset=utf-8
cache-control: no-cache

18:52:15.328 [AsyncHttpClient-1-7] DEBUG org.asynchttpclient.netty.channel.ChannelManager - Adding key: http://localhost:25125 for channel [id: 0x091f835d, L:/127.0.0.1:58971 - R:localhost/127.0.0.1:25125]
18:52:15.329 [Forwarding screenshot on session 42c93e1d070f6881d5e3eb09a34f0518 to remote] DEBUG org.asynchttpclient.netty.request.NettyRequestSender - Using pooled Channel '[id: 0x091f835d, L:/127.0.0.1:58971 - R:localhost/127.0.0.1:25125]' for 'GET' to 'http://localhost:25125/session/42c93e1d070f6881d5e3eb09a34f0518/screenshot'
18:52:15.329 [Forwarding screenshot on session 42c93e1d070f6881d5e3eb09a34f0518 to remote] DEBUG org.asynchttpclient.netty.request.NettyRequestSender - Using open Channel [id: 0x091f835d, L:/127.0.0.1:58971 - R:localhost/127.0.0.1:25125] for GET '/session/42c93e1d070f6881d5e3eb09a34f0518/screenshot'
18:52:15.545 [AsyncHttpClient-1-7] DEBUG org.asynchttpclient.netty.handler.HttpHandler - 

Request DefaultFullHttpRequest(decodeResult: success, version: HTTP/1.1, content: EmptyByteBufBE)
GET /session/42c93e1d070f6881d5e3eb09a34f0518/screenshot HTTP/1.1
User-Agent: selenium/4.8.1 (java windows)
Cache-Control: no-cache
Content-Type: application/json; charset=utf-8
host: localhost:25125
accept: */*

Response DefaultHttpResponse(decodeResult: success, version: HTTP/1.1)
HTTP/1.1 200 OK
Content-Length: 37716
Content-Type: application/json; charset=utf-8
cache-control: no-cache

18:52:15.563 [AsyncHttpClient-1-7] DEBUG org.asynchttpclient.netty.channel.ChannelManager - Adding key: http://localhost:25125 for channel [id: 0x091f835d, L:/127.0.0.1:58971 - R:localhost/127.0.0.1:25125]
18:52:15.568 [main] DEBUG net.serenitybdd.core.photography.Darkroom - Send negative for processing for target\site\serenity\33332457f5fcf49f454ccd10d3fe1f87607ab26fa20055fdbcc9b0598dc64b75.png
18:52:15.576 [Forwarding getPageSource on session 42c93e1d070f6881d5e3eb09a34f0518 to remote] DEBUG org.asynchttpclient.netty.request.NettyRequestSender - Using pooled Channel '[id: 0x091f835d, L:/127.0.0.1:58971 - R:localhost/127.0.0.1:25125]' for 'POST' to 'http://localhost:25125/session/42c93e1d070f6881d5e3eb09a34f0518/execute/sync'
18:52:15.576 [Forwarding getPageSource on session 42c93e1d070f6881d5e3eb09a34f0518 to remote] DEBUG org.asynchttpclient.netty.request.NettyRequestSender - Using open Channel [id: 0x091f835d, L:/127.0.0.1:58971 - R:localhost/127.0.0.1:25125] for POST '/session/42c93e1d070f6881d5e3eb09a34f0518/execute/sync'
18:52:15.584 [AsyncHttpClient-1-7] DEBUG org.asynchttpclient.netty.handler.HttpHandler - 

Request DefaultHttpRequest(decodeResult: success, version: HTTP/1.1)
POST /session/42c93e1d070f6881d5e3eb09a34f0518/execute/sync HTTP/1.1
User-Agent: selenium/4.8.1 (java windows)
Content-Length: 176
Content-Type: application/json; charset=utf-8
host: localhost:25125
accept: */*

Response DefaultHttpResponse(decodeResult: success, version: HTTP/1.1)
HTTP/1.1 200 OK
Content-Length: 21659
Content-Type: application/json; charset=utf-8
cache-control: no-cache

18:52:15.584 [AsyncHttpClient-1-7] DEBUG org.asynchttpclient.netty.channel.ChannelManager - Adding key: http://localhost:25125 for channel [id: 0x091f835d, L:/127.0.0.1:58971 - R:localhost/127.0.0.1:25125]
18:52:15.600 [Forwarding getCurrentUrl on session 42c93e1d070f6881d5e3eb09a34f0518 to remote] DEBUG org.asynchttpclient.netty.request.NettyRequestSender - Using pooled Channel '[id: 0x091f835d, L:/127.0.0.1:58971 - R:localhost/127.0.0.1:25125]' for 'GET' to 'http://localhost:25125/session/42c93e1d070f6881d5e3eb09a34f0518/url'
18:52:15.600 [Forwarding getCurrentUrl on session 42c93e1d070f6881d5e3eb09a34f0518 to remote] DEBUG org.asynchttpclient.netty.request.NettyRequestSender - Using open Channel [id: 0x091f835d, L:/127.0.0.1:58971 - R:localhost/127.0.0.1:25125] for GET '/session/42c93e1d070f6881d5e3eb09a34f0518/url'
18:52:15.617 [AsyncHttpClient-1-7] DEBUG org.asynchttpclient.netty.handler.HttpHandler - 

Request DefaultFullHttpRequest(decodeResult: success, version: HTTP/1.1, content: EmptyByteBufBE)
GET /session/42c93e1d070f6881d5e3eb09a34f0518/url HTTP/1.1
User-Agent: selenium/4.8.1 (java windows)
Cache-Control: no-cache
Content-Type: application/json; charset=utf-8
host: localhost:25125
accept: */*

Response DefaultHttpResponse(decodeResult: success, version: HTTP/1.1)
HTTP/1.1 200 OK
Content-Length: 51
Content-Type: application/json; charset=utf-8
cache-control: no-cache

18:52:15.620 [AsyncHttpClient-1-7] DEBUG org.asynchttpclient.netty.channel.ChannelManager - Adding key: http://localhost:25125 for channel [id: 0x091f835d, L:/127.0.0.1:58971 - R:localhost/127.0.0.1:25125]
18:52:15.627 [main] DEBUG net.thucydides.core.steps.StepInterceptor - STARTING STEP: LoginSteps.enterEmailOnLogin - inputEmail
18:52:15.637 [Forwarding findElement on session 42c93e1d070f6881d5e3eb09a34f0518 to remote] DEBUG org.asynchttpclient.netty.request.NettyRequestSender - Using pooled Channel '[id: 0x091f835d, L:/127.0.0.1:58971 - R:localhost/127.0.0.1:25125]' for 'POST' to 'http://localhost:25125/session/42c93e1d070f6881d5e3eb09a34f0518/element'
18:52:15.637 [Forwarding findElement on session 42c93e1d070f6881d5e3eb09a34f0518 to remote] DEBUG org.asynchttpclient.netty.request.NettyRequestSender - Using open Channel [id: 0x091f835d, L:/127.0.0.1:58971 - R:localhost/127.0.0.1:25125] for POST '/session/42c93e1d070f6881d5e3eb09a34f0518/element'
18:52:15.663 [AsyncHttpClient-1-7] DEBUG org.asynchttpclient.netty.handler.HttpHandler - 

Request DefaultHttpRequest(decodeResult: success, version: HTTP/1.1)
POST /session/42c93e1d070f6881d5e3eb09a34f0518/element HTTP/1.1
User-Agent: selenium/4.8.1 (java windows)
Content-Length: 70
Content-Type: application/json; charset=utf-8
host: localhost:25125
accept: */*

Response DefaultHttpResponse(decodeResult: success, version: HTTP/1.1)
HTTP/1.1 200 OK
Content-Length: 88
Content-Type: application/json; charset=utf-8
cache-control: no-cache

18:52:15.664 [AsyncHttpClient-1-7] DEBUG org.asynchttpclient.netty.channel.ChannelManager - Adding key: http://localhost:25125 for channel [id: 0x091f835d, L:/127.0.0.1:58971 - R:localhost/127.0.0.1:25125]
18:52:15.668 [Forwarding clearElement on session 42c93e1d070f6881d5e3eb09a34f0518 to remote] DEBUG org.asynchttpclient.netty.request.NettyRequestSender - Using pooled Channel '[id: 0x091f835d, L:/127.0.0.1:58971 - R:localhost/127.0.0.1:25125]' for 'POST' to 'http://localhost:25125/session/42c93e1d070f6881d5e3eb09a34f0518/element/628c346e-eede-4a40-8532-934db4f16eb1/clear'
18:52:15.668 [Forwarding clearElement on session 42c93e1d070f6881d5e3eb09a34f0518 to remote] DEBUG org.asynchttpclient.netty.request.NettyRequestSender - Using open Channel [id: 0x091f835d, L:/127.0.0.1:58971 - R:localhost/127.0.0.1:25125] for POST '/session/42c93e1d070f6881d5e3eb09a34f0518/element/628c346e-eede-4a40-8532-934db4f16eb1/clear'
18:52:15.755 [AsyncHttpClient-1-7] DEBUG org.asynchttpclient.netty.handler.HttpHandler - 

Request DefaultHttpRequest(decodeResult: success, version: HTTP/1.1)
POST /session/42c93e1d070f6881d5e3eb09a34f0518/element/628c346e-eede-4a40-8532-934db4f16eb1/clear HTTP/1.1
User-Agent: selenium/4.8.1 (java windows)
Content-Length: 50
Content-Type: application/json; charset=utf-8
host: localhost:25125
accept: */*

Response DefaultHttpResponse(decodeResult: success, version: HTTP/1.1)
HTTP/1.1 200 OK
Content-Length: 14
Content-Type: application/json; charset=utf-8
cache-control: no-cache

18:52:15.756 [AsyncHttpClient-1-7] DEBUG org.asynchttpclient.netty.channel.ChannelManager - Adding key: http://localhost:25125 for channel [id: 0x091f835d, L:/127.0.0.1:58971 - R:localhost/127.0.0.1:25125]
18:52:15.763 [Forwarding sendKeysToElement on session 42c93e1d070f6881d5e3eb09a34f0518 to remote] DEBUG org.asynchttpclient.netty.request.NettyRequestSender - Using pooled Channel '[id: 0x091f835d, L:/127.0.0.1:58971 - R:localhost/127.0.0.1:25125]' for 'POST' to 'http://localhost:25125/session/42c93e1d070f6881d5e3eb09a34f0518/element/628c346e-eede-4a40-8532-934db4f16eb1/value'
18:52:15.763 [Forwarding sendKeysToElement on session 42c93e1d070f6881d5e3eb09a34f0518 to remote] DEBUG org.asynchttpclient.netty.request.NettyRequestSender - Using open Channel [id: 0x091f835d, L:/127.0.0.1:58971 - R:localhost/127.0.0.1:25125] for POST '/session/42c93e1d070f6881d5e3eb09a34f0518/element/628c346e-eede-4a40-8532-934db4f16eb1/value'
18:52:15.852 [AsyncHttpClient-1-7] DEBUG org.asynchttpclient.netty.handler.HttpHandler - 

Request DefaultHttpRequest(decodeResult: success, version: HTTP/1.1)
POST /session/42c93e1d070f6881d5e3eb09a34f0518/element/628c346e-eede-4a40-8532-934db4f16eb1/value HTTP/1.1
User-Agent: selenium/4.8.1 (java windows)
Content-Length: 82
Content-Type: application/json; charset=utf-8
host: localhost:25125
accept: */*

Response DefaultHttpResponse(decodeResult: success, version: HTTP/1.1)
HTTP/1.1 200 OK
Content-Length: 14
Content-Type: application/json; charset=utf-8
cache-control: no-cache

18:52:15.853 [AsyncHttpClient-1-7] DEBUG org.asynchttpclient.netty.channel.ChannelManager - Adding key: http://localhost:25125 for channel [id: 0x091f835d, L:/127.0.0.1:58971 - R:localhost/127.0.0.1:25125]
18:52:15.876 [Forwarding getAlertText on session 42c93e1d070f6881d5e3eb09a34f0518 to remote] DEBUG org.asynchttpclient.netty.request.NettyRequestSender - Using pooled Channel '[id: 0x091f835d, L:/127.0.0.1:58971 - R:localhost/127.0.0.1:25125]' for 'GET' to 'http://localhost:25125/session/42c93e1d070f6881d5e3eb09a34f0518/alert/text'
18:52:15.876 [Forwarding getAlertText on session 42c93e1d070f6881d5e3eb09a34f0518 to remote] DEBUG org.asynchttpclient.netty.request.NettyRequestSender - Using open Channel [id: 0x091f835d, L:/127.0.0.1:58971 - R:localhost/127.0.0.1:25125] for GET '/session/42c93e1d070f6881d5e3eb09a34f0518/alert/text'
18:52:15.881 [AsyncHttpClient-1-7] DEBUG org.asynchttpclient.netty.handler.HttpHandler - 

Request DefaultFullHttpRequest(decodeResult: success, version: HTTP/1.1, content: EmptyByteBufBE)
GET /session/42c93e1d070f6881d5e3eb09a34f0518/alert/text HTTP/1.1
User-Agent: selenium/4.8.1 (java windows)
Cache-Control: no-cache
Content-Type: application/json; charset=utf-8
host: localhost:25125
accept: */*

Response DefaultHttpResponse(decodeResult: success, version: HTTP/1.1)
HTTP/1.1 404 Not Found
Content-Length: 809
Content-Type: application/json; charset=utf-8
cache-control: no-cache

18:52:15.881 [AsyncHttpClient-1-7] DEBUG org.asynchttpclient.netty.channel.ChannelManager - Adding key: http://localhost:25125 for channel [id: 0x091f835d, L:/127.0.0.1:58971 - R:localhost/127.0.0.1:25125]
18:52:15.885 [Forwarding getCurrentUrl on session 42c93e1d070f6881d5e3eb09a34f0518 to remote] DEBUG org.asynchttpclient.netty.request.NettyRequestSender - Using pooled Channel '[id: 0x091f835d, L:/127.0.0.1:58971 - R:localhost/127.0.0.1:25125]' for 'GET' to 'http://localhost:25125/session/42c93e1d070f6881d5e3eb09a34f0518/url'
18:52:15.885 [Forwarding getCurrentUrl on session 42c93e1d070f6881d5e3eb09a34f0518 to remote] DEBUG org.asynchttpclient.netty.request.NettyRequestSender - Using open Channel [id: 0x091f835d, L:/127.0.0.1:58971 - R:localhost/127.0.0.1:25125] for GET '/session/42c93e1d070f6881d5e3eb09a34f0518/url'
18:52:15.890 [AsyncHttpClient-1-7] DEBUG org.asynchttpclient.netty.handler.HttpHandler - 

Request DefaultFullHttpRequest(decodeResult: success, version: HTTP/1.1, content: EmptyByteBufBE)
GET /session/42c93e1d070f6881d5e3eb09a34f0518/url HTTP/1.1
User-Agent: selenium/4.8.1 (java windows)
Cache-Control: no-cache
Content-Type: application/json; charset=utf-8
host: localhost:25125
accept: */*

Response DefaultHttpResponse(decodeResult: success, version: HTTP/1.1)
HTTP/1.1 200 OK
Content-Length: 51
Content-Type: application/json; charset=utf-8
cache-control: no-cache

18:52:15.890 [AsyncHttpClient-1-7] DEBUG org.asynchttpclient.netty.channel.ChannelManager - Adding key: http://localhost:25125 for channel [id: 0x091f835d, L:/127.0.0.1:58971 - R:localhost/127.0.0.1:25125]
18:52:15.891 [Forwarding screenshot on session 42c93e1d070f6881d5e3eb09a34f0518 to remote] DEBUG org.asynchttpclient.netty.request.NettyRequestSender - Using pooled Channel '[id: 0x091f835d, L:/127.0.0.1:58971 - R:localhost/127.0.0.1:25125]' for 'GET' to 'http://localhost:25125/session/42c93e1d070f6881d5e3eb09a34f0518/screenshot'
18:52:15.892 [Forwarding screenshot on session 42c93e1d070f6881d5e3eb09a34f0518 to remote] DEBUG org.asynchttpclient.netty.request.NettyRequestSender - Using open Channel [id: 0x091f835d, L:/127.0.0.1:58971 - R:localhost/127.0.0.1:25125] for GET '/session/42c93e1d070f6881d5e3eb09a34f0518/screenshot'
18:52:16.161 [AsyncHttpClient-1-1] DEBUG org.asynchttpclient.netty.channel.DefaultChannelPool - Entry count for : http://localhost:58972 : 1
18:52:16.168 [AsyncHttpClient-1-7] DEBUG org.asynchttpclient.netty.handler.HttpHandler - 

Request DefaultFullHttpRequest(decodeResult: success, version: HTTP/1.1, content: EmptyByteBufBE)
GET /session/42c93e1d070f6881d5e3eb09a34f0518/screenshot HTTP/1.1
User-Agent: selenium/4.8.1 (java windows)
Cache-Control: no-cache
Content-Type: application/json; charset=utf-8
host: localhost:25125
accept: */*

Response DefaultHttpResponse(decodeResult: success, version: HTTP/1.1)
HTTP/1.1 200 OK
Content-Length: 37936
Content-Type: application/json; charset=utf-8
cache-control: no-cache

18:52:16.169 [AsyncHttpClient-1-7] DEBUG org.asynchttpclient.netty.channel.ChannelManager - Adding key: http://localhost:25125 for channel [id: 0x091f835d, L:/127.0.0.1:58971 - R:localhost/127.0.0.1:25125]
18:52:16.179 [main] DEBUG net.serenitybdd.core.photography.Darkroom - Send negative for processing for target\site\serenity\1a8099566452191ed31a6704a43816f9d9b93859ee0378141efbb6ba25313c50.png
18:52:16.180 [main] DEBUG net.thucydides.core.steps.StepInterceptor - STEP DONE: inputEmail
  &amp#27;[32mWhen &amp#27;[0m&amp#27;[32mI enter email &amp#27;[0m&amp#27;[32m&amp#27;[1m""&amp#27;[0m                                                &amp#27;[90m# starter.stepdefinitions.LoginSteps.enterEmailOnLogin(java.lang.String)&amp#27;[0m
18:52:16.182 [Darkroom Processing Line] DEBUG net.serenitybdd.core.photography.DarkroomProcessingLine - Processing screenshot image in /var/screenshots/screenshot-10063523151976642884
18:52:16.182 [Darkroom Processing Line] DEBUG net.serenitybdd.core.photography.DarkroomProcessingLine - Saving screenshot to target\site\serenity\1a8099566452191ed31a6704a43816f9d9b93859ee0378141efbb6ba25313c50.png
18:52:16.205 [Forwarding getPageSource on session 42c93e1d070f6881d5e3eb09a34f0518 to remote] DEBUG org.asynchttpclient.netty.request.NettyRequestSender - Using pooled Channel '[id: 0x091f835d, L:/127.0.0.1:58971 - R:localhost/127.0.0.1:25125]' for 'POST' to 'http://localhost:25125/session/42c93e1d070f6881d5e3eb09a34f0518/execute/sync'
18:52:16.205 [Forwarding getPageSource on session 42c93e1d070f6881d5e3eb09a34f0518 to remote] DEBUG org.asynchttpclient.netty.request.NettyRequestSender - Using open Channel [id: 0x091f835d, L:/127.0.0.1:58971 - R:localhost/127.0.0.1:25125] for POST '/session/42c93e1d070f6881d5e3eb09a34f0518/execute/sync'
18:52:16.216 [AsyncHttpClient-1-7] DEBUG org.asynchttpclient.netty.handler.HttpHandler - 

Request DefaultHttpRequest(decodeResult: success, version: HTTP/1.1)
POST /session/42c93e1d070f6881d5e3eb09a34f0518/execute/sync HTTP/1.1
User-Agent: selenium/4.8.1 (java windows)
Content-Length: 176
Content-Type: application/json; charset=utf-8
host: localhost:25125
accept: */*

Response DefaultHttpResponse(decodeResult: success, version: HTTP/1.1)
HTTP/1.1 200 OK
Content-Length: 21737
Content-Type: application/json; charset=utf-8
cache-control: no-cache

18:52:16.216 [AsyncHttpClient-1-7] DEBUG org.asynchttpclient.netty.channel.ChannelManager - Adding key: http://localhost:25125 for channel [id: 0x091f835d, L:/127.0.0.1:58971 - R:localhost/127.0.0.1:25125]
18:52:16.224 [Forwarding getCurrentUrl on session 42c93e1d070f6881d5e3eb09a34f0518 to remote] DEBUG org.asynchttpclient.netty.request.NettyRequestSender - Using pooled Channel '[id: 0x091f835d, L:/127.0.0.1:58971 - R:localhost/127.0.0.1:25125]' for 'GET' to 'http://localhost:25125/session/42c93e1d070f6881d5e3eb09a34f0518/url'
18:52:16.225 [Forwarding getCurrentUrl on session 42c93e1d070f6881d5e3eb09a34f0518 to remote] DEBUG org.asynchttpclient.netty.request.NettyRequestSender - Using open Channel [id: 0x091f835d, L:/127.0.0.1:58971 - R:localhost/127.0.0.1:25125] for GET '/session/42c93e1d070f6881d5e3eb09a34f0518/url'
18:52:16.231 [AsyncHttpClient-1-7] DEBUG org.asynchttpclient.netty.handler.HttpHandler - 

Request DefaultFullHttpRequest(decodeResult: success, version: HTTP/1.1, content: EmptyByteBufBE)
GET /session/42c93e1d070f6881d5e3eb09a34f0518/url HTTP/1.1
User-Agent: selenium/4.8.1 (java windows)
Cache-Control: no-cache
Content-Type: application/json; charset=utf-8
host: localhost:25125
accept: */*

Response DefaultHttpResponse(decodeResult: success, version: HTTP/1.1)
HTTP/1.1 200 OK
Content-Length: 51
Content-Type: application/json; charset=utf-8
cache-control: no-cache

18:52:16.231 [AsyncHttpClient-1-7] DEBUG org.asynchttpclient.netty.channel.ChannelManager - Adding key: http://localhost:25125 for channel [id: 0x091f835d, L:/127.0.0.1:58971 - R:localhost/127.0.0.1:25125]
18:52:16.268 [Forwarding getAlertText on session 42c93e1d070f6881d5e3eb09a34f0518 to remote] DEBUG org.asynchttpclient.netty.request.NettyRequestSender - Using pooled Channel '[id: 0x091f835d, L:/127.0.0.1:58971 - R:localhost/127.0.0.1:25125]' for 'GET' to 'http://localhost:25125/session/42c93e1d070f6881d5e3eb09a34f0518/alert/text'
18:52:16.269 [Forwarding getAlertText on session 42c93e1d070f6881d5e3eb09a34f0518 to remote] DEBUG org.asynchttpclient.netty.request.NettyRequestSender - Using open Channel [id: 0x091f835d, L:/127.0.0.1:58971 - R:localhost/127.0.0.1:25125] for GET '/session/42c93e1d070f6881d5e3eb09a34f0518/alert/text'
18:52:16.271 [AsyncHttpClient-1-7] DEBUG org.asynchttpclient.netty.handler.HttpHandler - 

Request DefaultFullHttpRequest(decodeResult: success, version: HTTP/1.1, content: EmptyByteBufBE)
GET /session/42c93e1d070f6881d5e3eb09a34f0518/alert/text HTTP/1.1
User-Agent: selenium/4.8.1 (java windows)
Cache-Control: no-cache
Content-Type: application/json; charset=utf-8
host: localhost:25125
accept: */*

Response DefaultHttpResponse(decodeResult: success, version: HTTP/1.1)
HTTP/1.1 404 Not Found
Content-Length: 809
Content-Type: application/json; charset=utf-8
cache-control: no-cache

18:52:16.271 [AsyncHttpClient-1-7] DEBUG org.asynchttpclient.netty.channel.ChannelManager - Adding key: http://localhost:25125 for channel [id: 0x091f835d, L:/127.0.0.1:58971 - R:localhost/127.0.0.1:25125]
18:52:16.274 [Forwarding getCurrentUrl on session 42c93e1d070f6881d5e3eb09a34f0518 to remote] DEBUG org.asynchttpclient.netty.request.NettyRequestSender - Using pooled Channel '[id: 0x091f835d, L:/127.0.0.1:58971 - R:localhost/127.0.0.1:25125]' for 'GET' to 'http://localhost:25125/session/42c93e1d070f6881d5e3eb09a34f0518/url'
18:52:16.274 [Forwarding getCurrentUrl on session 42c93e1d070f6881d5e3eb09a34f0518 to remote] DEBUG org.asynchttpclient.netty.request.NettyRequestSender - Using open Channel [id: 0x091f835d, L:/127.0.0.1:58971 - R:localhost/127.0.0.1:25125] for GET '/session/42c93e1d070f6881d5e3eb09a34f0518/url'
18:52:16.281 [AsyncHttpClient-1-7] DEBUG org.asynchttpclient.netty.handler.HttpHandler - 

Request DefaultFullHttpRequest(decodeResult: success, version: HTTP/1.1, content: EmptyByteBufBE)
GET /session/42c93e1d070f6881d5e3eb09a34f0518/url HTTP/1.1
User-Agent: selenium/4.8.1 (java windows)
Cache-Control: no-cache
Content-Type: application/json; charset=utf-8
host: localhost:25125
accept: */*

Response DefaultHttpResponse(decodeResult: success, version: HTTP/1.1)
HTTP/1.1 200 OK
Content-Length: 51
Content-Type: application/json; charset=utf-8
cache-control: no-cache

18:52:16.281 [AsyncHttpClient-1-7] DEBUG org.asynchttpclient.netty.channel.ChannelManager - Adding key: http://localhost:25125 for channel [id: 0x091f835d, L:/127.0.0.1:58971 - R:localhost/127.0.0.1:25125]
18:52:16.282 [Forwarding screenshot on session 42c93e1d070f6881d5e3eb09a34f0518 to remote] DEBUG org.asynchttpclient.netty.request.NettyRequestSender - Using pooled Channel '[id: 0x091f835d, L:/127.0.0.1:58971 - R:localhost/127.0.0.1:25125]' for 'GET' to 'http://localhost:25125/session/42c93e1d070f6881d5e3eb09a34f0518/screenshot'
18:52:16.282 [Forwarding screenshot on session 42c93e1d070f6881d5e3eb09a34f0518 to remote] DEBUG org.asynchttpclient.netty.request.NettyRequestSender - Using open Channel [id: 0x091f835d, L:/127.0.0.1:58971 - R:localhost/127.0.0.1:25125] for GET '/session/42c93e1d070f6881d5e3eb09a34f0518/screenshot'
18:52:16.550 [AsyncHttpClient-1-7] DEBUG org.asynchttpclient.netty.handler.HttpHandler - 

Request DefaultFullHttpRequest(decodeResult: success, version: HTTP/1.1, content: EmptyByteBufBE)
GET /session/42c93e1d070f6881d5e3eb09a34f0518/screenshot HTTP/1.1
User-Agent: selenium/4.8.1 (java windows)
Cache-Control: no-cache
Content-Type: application/json; charset=utf-8
host: localhost:25125
accept: */*

Response DefaultHttpResponse(decodeResult: success, version: HTTP/1.1)
HTTP/1.1 200 OK
Content-Length: 37340
Content-Type: application/json; charset=utf-8
cache-control: no-cache

18:52:16.550 [AsyncHttpClient-1-7] DEBUG org.asynchttpclient.netty.channel.ChannelManager - Adding key: http://localhost:25125 for channel [id: 0x091f835d, L:/127.0.0.1:58971 - R:localhost/127.0.0.1:25125]
18:52:16.560 [main] DEBUG net.serenitybdd.core.photography.Darkroom - Send negative for processing for target\site\serenity\08f3436e5c633387121b6b2b151f5259549876eba2bc33a80f4a885f7f10d8ce.png
18:52:16.560 [Darkroom Processing Line] DEBUG net.serenitybdd.core.photography.DarkroomProcessingLine - Processing screenshot image in /var/screenshots/screenshot-8026694602354876606
18:52:16.561 [Darkroom Processing Line] DEBUG net.serenitybdd.core.photography.DarkroomProcessingLine - Saving screenshot to target\site\serenity\08f3436e5c633387121b6b2b151f5259549876eba2bc33a80f4a885f7f10d8ce.png
18:52:16.562 [Forwarding getPageSource on session 42c93e1d070f6881d5e3eb09a34f0518 to remote] DEBUG org.asynchttpclient.netty.request.NettyRequestSender - Using pooled Channel '[id: 0x091f835d, L:/127.0.0.1:58971 - R:localhost/127.0.0.1:25125]' for 'POST' to 'http://localhost:25125/session/42c93e1d070f6881d5e3eb09a34f0518/execute/sync'
18:52:16.562 [Forwarding getPageSource on session 42c93e1d070f6881d5e3eb09a34f0518 to remote] DEBUG org.asynchttpclient.netty.request.NettyRequestSender - Using open Channel [id: 0x091f835d, L:/127.0.0.1:58971 - R:localhost/127.0.0.1:25125] for POST '/session/42c93e1d070f6881d5e3eb09a34f0518/execute/sync'
18:52:16.569 [AsyncHttpClient-1-7] DEBUG org.asynchttpclient.netty.handler.HttpHandler - 

Request DefaultHttpRequest(decodeResult: success, version: HTTP/1.1)
POST /session/42c93e1d070f6881d5e3eb09a34f0518/execute/sync HTTP/1.1
User-Agent: selenium/4.8.1 (java windows)
Content-Length: 176
Content-Type: application/json; charset=utf-8
host: localhost:25125
accept: */*

Response DefaultHttpResponse(decodeResult: success, version: HTTP/1.1)
HTTP/1.1 200 OK
Content-Length: 21737
Content-Type: application/json; charset=utf-8
cache-control: no-cache

18:52:16.569 [AsyncHttpClient-1-7] DEBUG org.asynchttpclient.netty.channel.ChannelManager - Adding key: http://localhost:25125 for channel [id: 0x091f835d, L:/127.0.0.1:58971 - R:localhost/127.0.0.1:25125]
18:52:16.571 [Forwarding getCurrentUrl on session 42c93e1d070f6881d5e3eb09a34f0518 to remote] DEBUG org.asynchttpclient.netty.request.NettyRequestSender - Using pooled Channel '[id: 0x091f835d, L:/127.0.0.1:58971 - R:localhost/127.0.0.1:25125]' for 'GET' to 'http://localhost:25125/session/42c93e1d070f6881d5e3eb09a34f0518/url'
18:52:16.571 [Forwarding getCurrentUrl on session 42c93e1d070f6881d5e3eb09a34f0518 to remote] DEBUG org.asynchttpclient.netty.request.NettyRequestSender - Using open Channel [id: 0x091f835d, L:/127.0.0.1:58971 - R:localhost/127.0.0.1:25125] for GET '/session/42c93e1d070f6881d5e3eb09a34f0518/url'
18:52:16.575 [AsyncHttpClient-1-7] DEBUG org.asynchttpclient.netty.handler.HttpHandler - 

Request DefaultFullHttpRequest(decodeResult: success, version: HTTP/1.1, content: EmptyByteBufBE)
GET /session/42c93e1d070f6881d5e3eb09a34f0518/url HTTP/1.1
User-Agent: selenium/4.8.1 (java windows)
Cache-Control: no-cache
Content-Type: application/json; charset=utf-8
host: localhost:25125
accept: */*

Response DefaultHttpResponse(decodeResult: success, version: HTTP/1.1)
HTTP/1.1 200 OK
Content-Length: 51
Content-Type: application/json; charset=utf-8
cache-control: no-cache

18:52:16.575 [AsyncHttpClient-1-7] DEBUG org.asynchttpclient.netty.channel.ChannelManager - Adding key: http://localhost:25125 for channel [id: 0x091f835d, L:/127.0.0.1:58971 - R:localhost/127.0.0.1:25125]
18:52:16.577 [main] DEBUG net.thucydides.core.steps.StepInterceptor - STARTING STEP: LoginSteps.enterPasswordOnLogin - inputPassword
18:52:16.580 [Forwarding findElement on session 42c93e1d070f6881d5e3eb09a34f0518 to remote] DEBUG org.asynchttpclient.netty.request.NettyRequestSender - Using pooled Channel '[id: 0x091f835d, L:/127.0.0.1:58971 - R:localhost/127.0.0.1:25125]' for 'POST' to 'http://localhost:25125/session/42c93e1d070f6881d5e3eb09a34f0518/element'
18:52:16.580 [Forwarding findElement on session 42c93e1d070f6881d5e3eb09a34f0518 to remote] DEBUG org.asynchttpclient.netty.request.NettyRequestSender - Using open Channel [id: 0x091f835d, L:/127.0.0.1:58971 - R:localhost/127.0.0.1:25125] for POST '/session/42c93e1d070f6881d5e3eb09a34f0518/element'
18:52:16.592 [AsyncHttpClient-1-7] DEBUG org.asynchttpclient.netty.handler.HttpHandler - 

Request DefaultHttpRequest(decodeResult: success, version: HTTP/1.1)
POST /session/42c93e1d070f6881d5e3eb09a34f0518/element HTTP/1.1
User-Agent: selenium/4.8.1 (java windows)
Content-Length: 70
Content-Type: application/json; charset=utf-8
host: localhost:25125
accept: */*

Response DefaultHttpResponse(decodeResult: success, version: HTTP/1.1)
HTTP/1.1 200 OK
Content-Length: 88
Content-Type: application/json; charset=utf-8
cache-control: no-cache

18:52:16.593 [AsyncHttpClient-1-7] DEBUG org.asynchttpclient.netty.channel.ChannelManager - Adding key: http://localhost:25125 for channel [id: 0x091f835d, L:/127.0.0.1:58971 - R:localhost/127.0.0.1:25125]
18:52:16.594 [Forwarding clearElement on session 42c93e1d070f6881d5e3eb09a34f0518 to remote] DEBUG org.asynchttpclient.netty.request.NettyRequestSender - Using pooled Channel '[id: 0x091f835d, L:/127.0.0.1:58971 - R:localhost/127.0.0.1:25125]' for 'POST' to 'http://localhost:25125/session/42c93e1d070f6881d5e3eb09a34f0518/element/0628f079-225c-43d4-a74f-151004f1b583/clear'
18:52:16.594 [Forwarding clearElement on session 42c93e1d070f6881d5e3eb09a34f0518 to remote] DEBUG org.asynchttpclient.netty.request.NettyRequestSender - Using open Channel [id: 0x091f835d, L:/127.0.0.1:58971 - R:localhost/127.0.0.1:25125] for POST '/session/42c93e1d070f6881d5e3eb09a34f0518/element/0628f079-225c-43d4-a74f-151004f1b583/clear'
18:52:16.630 [AsyncHttpClient-1-7] DEBUG org.asynchttpclient.netty.handler.HttpHandler - 

Request DefaultHttpRequest(decodeResult: success, version: HTTP/1.1)
POST /session/42c93e1d070f6881d5e3eb09a34f0518/element/0628f079-225c-43d4-a74f-151004f1b583/clear HTTP/1.1
User-Agent: selenium/4.8.1 (java windows)
Content-Length: 50
Content-Type: application/json; charset=utf-8
host: localhost:25125
accept: */*

Response DefaultHttpResponse(decodeResult: success, version: HTTP/1.1)
HTTP/1.1 200 OK
Content-Length: 14
Content-Type: application/json; charset=utf-8
cache-control: no-cache

18:52:16.631 [AsyncHttpClient-1-7] DEBUG org.asynchttpclient.netty.channel.ChannelManager - Adding key: http://localhost:25125 for channel [id: 0x091f835d, L:/127.0.0.1:58971 - R:localhost/127.0.0.1:25125]
18:52:16.632 [Forwarding sendKeysToElement on session 42c93e1d070f6881d5e3eb09a34f0518 to remote] DEBUG org.asynchttpclient.netty.request.NettyRequestSender - Using pooled Channel '[id: 0x091f835d, L:/127.0.0.1:58971 - R:localhost/127.0.0.1:25125]' for 'POST' to 'http://localhost:25125/session/42c93e1d070f6881d5e3eb09a34f0518/element/0628f079-225c-43d4-a74f-151004f1b583/value'
18:52:16.632 [Forwarding sendKeysToElement on session 42c93e1d070f6881d5e3eb09a34f0518 to remote] DEBUG org.asynchttpclient.netty.request.NettyRequestSender - Using open Channel [id: 0x091f835d, L:/127.0.0.1:58971 - R:localhost/127.0.0.1:25125] for POST '/session/42c93e1d070f6881d5e3eb09a34f0518/element/0628f079-225c-43d4-a74f-151004f1b583/value'
18:52:16.715 [AsyncHttpClient-1-7] DEBUG org.asynchttpclient.netty.handler.HttpHandler - 

Request DefaultHttpRequest(decodeResult: success, version: HTTP/1.1)
POST /session/42c93e1d070f6881d5e3eb09a34f0518/element/0628f079-225c-43d4-a74f-151004f1b583/value HTTP/1.1
User-Agent: selenium/4.8.1 (java windows)
Content-Length: 171
Content-Type: application/json; charset=utf-8
host: localhost:25125
accept: */*

Response DefaultHttpResponse(decodeResult: success, version: HTTP/1.1)
HTTP/1.1 200 OK
Content-Length: 14
Content-Type: application/json; charset=utf-8
cache-control: no-cache

18:52:16.716 [AsyncHttpClient-1-7] DEBUG org.asynchttpclient.netty.channel.ChannelManager - Adding key: http://localhost:25125 for channel [id: 0x091f835d, L:/127.0.0.1:58971 - R:localhost/127.0.0.1:25125]
18:52:16.727 [Forwarding getAlertText on session 42c93e1d070f6881d5e3eb09a34f0518 to remote] DEBUG org.asynchttpclient.netty.request.NettyRequestSender - Using pooled Channel '[id: 0x091f835d, L:/127.0.0.1:58971 - R:localhost/127.0.0.1:25125]' for 'GET' to 'http://localhost:25125/session/42c93e1d070f6881d5e3eb09a34f0518/alert/text'
18:52:16.727 [Forwarding getAlertText on session 42c93e1d070f6881d5e3eb09a34f0518 to remote] DEBUG org.asynchttpclient.netty.request.NettyRequestSender - Using open Channel [id: 0x091f835d, L:/127.0.0.1:58971 - R:localhost/127.0.0.1:25125] for GET '/session/42c93e1d070f6881d5e3eb09a34f0518/alert/text'
18:52:16.731 [AsyncHttpClient-1-7] DEBUG org.asynchttpclient.netty.handler.HttpHandler - 

Request DefaultFullHttpRequest(decodeResult: success, version: HTTP/1.1, content: EmptyByteBufBE)
GET /session/42c93e1d070f6881d5e3eb09a34f0518/alert/text HTTP/1.1
User-Agent: selenium/4.8.1 (java windows)
Cache-Control: no-cache
Content-Type: application/json; charset=utf-8
host: localhost:25125
accept: */*

Response DefaultHttpResponse(decodeResult: success, version: HTTP/1.1)
HTTP/1.1 404 Not Found
Content-Length: 809
Content-Type: application/json; charset=utf-8
cache-control: no-cache

18:52:16.732 [AsyncHttpClient-1-7] DEBUG org.asynchttpclient.netty.channel.ChannelManager - Adding key: http://localhost:25125 for channel [id: 0x091f835d, L:/127.0.0.1:58971 - R:localhost/127.0.0.1:25125]
18:52:16.735 [Forwarding getCurrentUrl on session 42c93e1d070f6881d5e3eb09a34f0518 to remote] DEBUG org.asynchttpclient.netty.request.NettyRequestSender - Using pooled Channel '[id: 0x091f835d, L:/127.0.0.1:58971 - R:localhost/127.0.0.1:25125]' for 'GET' to 'http://localhost:25125/session/42c93e1d070f6881d5e3eb09a34f0518/url'
18:52:16.735 [Forwarding getCurrentUrl on session 42c93e1d070f6881d5e3eb09a34f0518 to remote] DEBUG org.asynchttpclient.netty.request.NettyRequestSender - Using open Channel [id: 0x091f835d, L:/127.0.0.1:58971 - R:localhost/127.0.0.1:25125] for GET '/session/42c93e1d070f6881d5e3eb09a34f0518/url'
18:52:16.739 [AsyncHttpClient-1-7] DEBUG org.asynchttpclient.netty.handler.HttpHandler - 

Request DefaultFullHttpRequest(decodeResult: success, version: HTTP/1.1, content: EmptyByteBufBE)
GET /session/42c93e1d070f6881d5e3eb09a34f0518/url HTTP/1.1
User-Agent: selenium/4.8.1 (java windows)
Cache-Control: no-cache
Content-Type: application/json; charset=utf-8
host: localhost:25125
accept: */*

Response DefaultHttpResponse(decodeResult: success, version: HTTP/1.1)
HTTP/1.1 200 OK
Content-Length: 51
Content-Type: application/json; charset=utf-8
cache-control: no-cache

18:52:16.739 [AsyncHttpClient-1-7] DEBUG org.asynchttpclient.netty.channel.ChannelManager - Adding key: http://localhost:25125 for channel [id: 0x091f835d, L:/127.0.0.1:58971 - R:localhost/127.0.0.1:25125]
18:52:16.739 [Forwarding screenshot on session 42c93e1d070f6881d5e3eb09a34f0518 to remote] DEBUG org.asynchttpclient.netty.request.NettyRequestSender - Using pooled Channel '[id: 0x091f835d, L:/127.0.0.1:58971 - R:localhost/127.0.0.1:25125]' for 'GET' to 'http://localhost:25125/session/42c93e1d070f6881d5e3eb09a34f0518/screenshot'
18:52:16.739 [Forwarding screenshot on session 42c93e1d070f6881d5e3eb09a34f0518 to remote] DEBUG org.asynchttpclient.netty.request.NettyRequestSender - Using open Channel [id: 0x091f835d, L:/127.0.0.1:58971 - R:localhost/127.0.0.1:25125] for GET '/session/42c93e1d070f6881d5e3eb09a34f0518/screenshot'
18:52:16.986 [AsyncHttpClient-1-7] DEBUG org.asynchttpclient.netty.handler.HttpHandler - 

Request DefaultFullHttpRequest(decodeResult: success, version: HTTP/1.1, content: EmptyByteBufBE)
GET /session/42c93e1d070f6881d5e3eb09a34f0518/screenshot HTTP/1.1
User-Agent: selenium/4.8.1 (java windows)
Cache-Control: no-cache
Content-Type: application/json; charset=utf-8
host: localhost:25125
accept: */*

Response DefaultHttpResponse(decodeResult: success, version: HTTP/1.1)
HTTP/1.1 200 OK
Content-Length: 42832
Content-Type: application/json; charset=utf-8
cache-control: no-cache

18:52:16.987 [AsyncHttpClient-1-7] DEBUG org.asynchttpclient.netty.channel.ChannelManager - Adding key: http://localhost:25125 for channel [id: 0x091f835d, L:/127.0.0.1:58971 - R:localhost/127.0.0.1:25125]
18:52:16.990 [main] DEBUG net.serenitybdd.core.photography.Darkroom - Send negative for processing for target\site\serenity\29d579a4ab06032757ee170c7d5a0153f0ec054719c558e9fce5c7ac5a9b5dc5.png
18:52:16.990 [main] DEBUG net.thucydides.core.steps.StepInterceptor - STEP DONE: inputPassword
18:52:16.990 [Darkroom Processing Line] DEBUG net.serenitybdd.core.photography.DarkroomProcessingLine - Processing screenshot image in /var/screenshots/screenshot-12634909674527546856
18:52:16.990 [Darkroom Processing Line] DEBUG net.serenitybdd.core.photography.DarkroomProcessingLine - Saving screenshot to target\site\serenity\29d579a4ab06032757ee170c7d5a0153f0ec054719c558e9fce5c7ac5a9b5dc5.png
  &amp#27;[32mAnd &amp#27;[0m&amp#27;[32mI enter password &amp#27;[0m&amp#27;[32m&amp#27;[1m"mylove366"&amp#27;[0m                                     &amp#27;[90m# starter.stepdefinitions.LoginSteps.enterPasswordOnLogin(java.lang.String)&amp#27;[0m
18:52:17.007 [Forwarding getPageSource on session 42c93e1d070f6881d5e3eb09a34f0518 to remote] DEBUG org.asynchttpclient.netty.request.NettyRequestSender - Using pooled Channel '[id: 0x091f835d, L:/127.0.0.1:58971 - R:localhost/127.0.0.1:25125]' for 'POST' to 'http://localhost:25125/session/42c93e1d070f6881d5e3eb09a34f0518/execute/sync'
18:52:17.007 [Forwarding getPageSource on session 42c93e1d070f6881d5e3eb09a34f0518 to remote] DEBUG org.asynchttpclient.netty.request.NettyRequestSender - Using open Channel [id: 0x091f835d, L:/127.0.0.1:58971 - R:localhost/127.0.0.1:25125] for POST '/session/42c93e1d070f6881d5e3eb09a34f0518/execute/sync'
18:52:17.018 [AsyncHttpClient-1-7] DEBUG org.asynchttpclient.netty.handler.HttpHandler - 

Request DefaultHttpRequest(decodeResult: success, version: HTTP/1.1)
POST /session/42c93e1d070f6881d5e3eb09a34f0518/execute/sync HTTP/1.1
User-Agent: selenium/4.8.1 (java windows)
Content-Length: 176
Content-Type: application/json; charset=utf-8
host: localhost:25125
accept: */*

Response DefaultHttpResponse(decodeResult: success, version: HTTP/1.1)
HTTP/1.1 200 OK
Content-Length: 21780
Content-Type: application/json; charset=utf-8
cache-control: no-cache

18:52:17.018 [AsyncHttpClient-1-7] DEBUG org.asynchttpclient.netty.channel.ChannelManager - Adding key: http://localhost:25125 for channel [id: 0x091f835d, L:/127.0.0.1:58971 - R:localhost/127.0.0.1:25125]
18:52:17.022 [Forwarding getCurrentUrl on session 42c93e1d070f6881d5e3eb09a34f0518 to remote] DEBUG org.asynchttpclient.netty.request.NettyRequestSender - Using pooled Channel '[id: 0x091f835d, L:/127.0.0.1:58971 - R:localhost/127.0.0.1:25125]' for 'GET' to 'http://localhost:25125/session/42c93e1d070f6881d5e3eb09a34f0518/url'
18:52:17.023 [Forwarding getCurrentUrl on session 42c93e1d070f6881d5e3eb09a34f0518 to remote] DEBUG org.asynchttpclient.netty.request.NettyRequestSender - Using open Channel [id: 0x091f835d, L:/127.0.0.1:58971 - R:localhost/127.0.0.1:25125] for GET '/session/42c93e1d070f6881d5e3eb09a34f0518/url'
18:52:17.031 [AsyncHttpClient-1-7] DEBUG org.asynchttpclient.netty.handler.HttpHandler - 

Request DefaultFullHttpRequest(decodeResult: success, version: HTTP/1.1, content: EmptyByteBufBE)
GET /session/42c93e1d070f6881d5e3eb09a34f0518/url HTTP/1.1
User-Agent: selenium/4.8.1 (java windows)
Cache-Control: no-cache
Content-Type: application/json; charset=utf-8
host: localhost:25125
accept: */*

Response DefaultHttpResponse(decodeResult: success, version: HTTP/1.1)
HTTP/1.1 200 OK
Content-Length: 51
Content-Type: application/json; charset=utf-8
cache-control: no-cache

18:52:17.031 [AsyncHttpClient-1-7] DEBUG org.asynchttpclient.netty.channel.ChannelManager - Adding key: http://localhost:25125 for channel [id: 0x091f835d, L:/127.0.0.1:58971 - R:localhost/127.0.0.1:25125]
18:52:17.049 [Forwarding getAlertText on session 42c93e1d070f6881d5e3eb09a34f0518 to remote] DEBUG org.asynchttpclient.netty.request.NettyRequestSender - Using pooled Channel '[id: 0x091f835d, L:/127.0.0.1:58971 - R:localhost/127.0.0.1:25125]' for 'GET' to 'http://localhost:25125/session/42c93e1d070f6881d5e3eb09a34f0518/alert/text'
18:52:17.049 [Forwarding getAlertText on session 42c93e1d070f6881d5e3eb09a34f0518 to remote] DEBUG org.asynchttpclient.netty.request.NettyRequestSender - Using open Channel [id: 0x091f835d, L:/127.0.0.1:58971 - R:localhost/127.0.0.1:25125] for GET '/session/42c93e1d070f6881d5e3eb09a34f0518/alert/text'
18:52:17.051 [AsyncHttpClient-1-7] DEBUG org.asynchttpclient.netty.handler.HttpHandler - 

Request DefaultFullHttpRequest(decodeResult: success, version: HTTP/1.1, content: EmptyByteBufBE)
GET /session/42c93e1d070f6881d5e3eb09a34f0518/alert/text HTTP/1.1
User-Agent: selenium/4.8.1 (java windows)
Cache-Control: no-cache
Content-Type: application/json; charset=utf-8
host: localhost:25125
accept: */*

Response DefaultHttpResponse(decodeResult: success, version: HTTP/1.1)
HTTP/1.1 404 Not Found
Content-Length: 809
Content-Type: application/json; charset=utf-8
cache-control: no-cache

18:52:17.051 [AsyncHttpClient-1-7] DEBUG org.asynchttpclient.netty.channel.ChannelManager - Adding key: http://localhost:25125 for channel [id: 0x091f835d, L:/127.0.0.1:58971 - R:localhost/127.0.0.1:25125]
18:52:17.052 [Forwarding getCurrentUrl on session 42c93e1d070f6881d5e3eb09a34f0518 to remote] DEBUG org.asynchttpclient.netty.request.NettyRequestSender - Using pooled Channel '[id: 0x091f835d, L:/127.0.0.1:58971 - R:localhost/127.0.0.1:25125]' for 'GET' to 'http://localhost:25125/session/42c93e1d070f6881d5e3eb09a34f0518/url'
18:52:17.052 [Forwarding getCurrentUrl on session 42c93e1d070f6881d5e3eb09a34f0518 to remote] DEBUG org.asynchttpclient.netty.request.NettyRequestSender - Using open Channel [id: 0x091f835d, L:/127.0.0.1:58971 - R:localhost/127.0.0.1:25125] for GET '/session/42c93e1d070f6881d5e3eb09a34f0518/url'
18:52:17.056 [AsyncHttpClient-1-7] DEBUG org.asynchttpclient.netty.handler.HttpHandler - 

Request DefaultFullHttpRequest(decodeResult: success, version: HTTP/1.1, content: EmptyByteBufBE)
GET /session/42c93e1d070f6881d5e3eb09a34f0518/url HTTP/1.1
User-Agent: selenium/4.8.1 (java windows)
Cache-Control: no-cache
Content-Type: application/json; charset=utf-8
host: localhost:25125
accept: */*

Response DefaultHttpResponse(decodeResult: success, version: HTTP/1.1)
HTTP/1.1 200 OK
Content-Length: 51
Content-Type: application/json; charset=utf-8
cache-control: no-cache

18:52:17.056 [AsyncHttpClient-1-7] DEBUG org.asynchttpclient.netty.channel.ChannelManager - Adding key: http://localhost:25125 for channel [id: 0x091f835d, L:/127.0.0.1:58971 - R:localhost/127.0.0.1:25125]
18:52:17.057 [Forwarding screenshot on session 42c93e1d070f6881d5e3eb09a34f0518 to remote] DEBUG org.asynchttpclient.netty.request.NettyRequestSender - Using pooled Channel '[id: 0x091f835d, L:/127.0.0.1:58971 - R:localhost/127.0.0.1:25125]' for 'GET' to 'http://localhost:25125/session/42c93e1d070f6881d5e3eb09a34f0518/screenshot'
18:52:17.057 [Forwarding screenshot on session 42c93e1d070f6881d5e3eb09a34f0518 to remote] DEBUG org.asynchttpclient.netty.request.NettyRequestSender - Using open Channel [id: 0x091f835d, L:/127.0.0.1:58971 - R:localhost/127.0.0.1:25125] for GET '/session/42c93e1d070f6881d5e3eb09a34f0518/screenshot'
18:52:17.245 [AsyncHttpClient-1-7] DEBUG org.asynchttpclient.netty.handler.HttpHandler - 

Request DefaultFullHttpRequest(decodeResult: success, version: HTTP/1.1, content: EmptyByteBufBE)
GET /session/42c93e1d070f6881d5e3eb09a34f0518/screenshot HTTP/1.1
User-Agent: selenium/4.8.1 (java windows)
Cache-Control: no-cache
Content-Type: application/json; charset=utf-8
host: localhost:25125
accept: */*

Response DefaultHttpResponse(decodeResult: success, version: HTTP/1.1)
HTTP/1.1 200 OK
Content-Length: 41180
Content-Type: application/json; charset=utf-8
cache-control: no-cache

18:52:17.246 [AsyncHttpClient-1-7] DEBUG org.asynchttpclient.netty.channel.ChannelManager - Adding key: http://localhost:25125 for channel [id: 0x091f835d, L:/127.0.0.1:58971 - R:localhost/127.0.0.1:25125]
18:52:17.250 [main] DEBUG net.serenitybdd.core.photography.Darkroom - Send negative for processing for target\site\serenity\707474ed257732582579e3d7bd8dd44862fddbde88398cb49878b88c3f3fe9fe.png
18:52:17.251 [Darkroom Processing Line] DEBUG net.serenitybdd.core.photography.DarkroomProcessingLine - Processing screenshot image in /var/screenshots/screenshot-3235189623420229885
18:52:17.251 [Darkroom Processing Line] DEBUG net.serenitybdd.core.photography.DarkroomProcessingLine - Saving screenshot to target\site\serenity\707474ed257732582579e3d7bd8dd44862fddbde88398cb49878b88c3f3fe9fe.png
18:52:17.253 [Forwarding getPageSource on session 42c93e1d070f6881d5e3eb09a34f0518 to remote] DEBUG org.asynchttpclient.netty.request.NettyRequestSender - Using pooled Channel '[id: 0x091f835d, L:/127.0.0.1:58971 - R:localhost/127.0.0.1:25125]' for 'POST' to 'http://localhost:25125/session/42c93e1d070f6881d5e3eb09a34f0518/execute/sync'
18:52:17.253 [Forwarding getPageSource on session 42c93e1d070f6881d5e3eb09a34f0518 to remote] DEBUG org.asynchttpclient.netty.request.NettyRequestSender - Using open Channel [id: 0x091f835d, L:/127.0.0.1:58971 - R:localhost/127.0.0.1:25125] for POST '/session/42c93e1d070f6881d5e3eb09a34f0518/execute/sync'
18:52:17.259 [AsyncHttpClient-1-7] DEBUG org.asynchttpclient.netty.handler.HttpHandler - 

Request DefaultHttpRequest(decodeResult: success, version: HTTP/1.1)
POST /session/42c93e1d070f6881d5e3eb09a34f0518/execute/sync HTTP/1.1
User-Agent: selenium/4.8.1 (java windows)
Content-Length: 176
Content-Type: application/json; charset=utf-8
host: localhost:25125
accept: */*

Response DefaultHttpResponse(decodeResult: success, version: HTTP/1.1)
HTTP/1.1 200 OK
Content-Length: 21780
Content-Type: application/json; charset=utf-8
cache-control: no-cache

18:52:17.261 [AsyncHttpClient-1-7] DEBUG org.asynchttpclient.netty.channel.ChannelManager - Adding key: http://localhost:25125 for channel [id: 0x091f835d, L:/127.0.0.1:58971 - R:localhost/127.0.0.1:25125]
18:52:17.264 [AsyncHttpClient-1-1] DEBUG org.asynchttpclient.netty.channel.DefaultChannelPool - Entry count for : http://localhost:58972 : 1
18:52:17.265 [AsyncHttpClient-1-1] DEBUG org.asynchttpclient.netty.channel.DefaultChannelPool - Entry count for : http://localhost:25125 : 1
18:52:17.265 [Forwarding getCurrentUrl on session 42c93e1d070f6881d5e3eb09a34f0518 to remote] DEBUG org.asynchttpclient.netty.request.NettyRequestSender - Using pooled Channel '[id: 0x091f835d, L:/127.0.0.1:58971 - R:localhost/127.0.0.1:25125]' for 'GET' to 'http://localhost:25125/session/42c93e1d070f6881d5e3eb09a34f0518/url'
18:52:17.265 [Forwarding getCurrentUrl on session 42c93e1d070f6881d5e3eb09a34f0518 to remote] DEBUG org.asynchttpclient.netty.request.NettyRequestSender - Using open Channel [id: 0x091f835d, L:/127.0.0.1:58971 - R:localhost/127.0.0.1:25125] for GET '/session/42c93e1d070f6881d5e3eb09a34f0518/url'
18:52:17.268 [AsyncHttpClient-1-7] DEBUG org.asynchttpclient.netty.handler.HttpHandler - 

Request DefaultFullHttpRequest(decodeResult: success, version: HTTP/1.1, content: EmptyByteBufBE)
GET /session/42c93e1d070f6881d5e3eb09a34f0518/url HTTP/1.1
User-Agent: selenium/4.8.1 (java windows)
Cache-Control: no-cache
Content-Type: application/json; charset=utf-8
host: localhost:25125
accept: */*

Response DefaultHttpResponse(decodeResult: success, version: HTTP/1.1)
HTTP/1.1 200 OK
Content-Length: 51
Content-Type: application/json; charset=utf-8
cache-control: no-cache

18:52:17.269 [AsyncHttpClient-1-7] DEBUG org.asynchttpclient.netty.channel.ChannelManager - Adding key: http://localhost:25125 for channel [id: 0x091f835d, L:/127.0.0.1:58971 - R:localhost/127.0.0.1:25125]
18:52:17.271 [main] DEBUG net.thucydides.core.steps.StepInterceptor - STARTING STEP: LoginSteps.clickLoginButton - ClickLoginButton
18:52:17.275 [Forwarding findElement on session 42c93e1d070f6881d5e3eb09a34f0518 to remote] DEBUG org.asynchttpclient.netty.request.NettyRequestSender - Using pooled Channel '[id: 0x091f835d, L:/127.0.0.1:58971 - R:localhost/127.0.0.1:25125]' for 'POST' to 'http://localhost:25125/session/42c93e1d070f6881d5e3eb09a34f0518/element'
18:52:17.275 [Forwarding findElement on session 42c93e1d070f6881d5e3eb09a34f0518 to remote] DEBUG org.asynchttpclient.netty.request.NettyRequestSender - Using open Channel [id: 0x091f835d, L:/127.0.0.1:58971 - R:localhost/127.0.0.1:25125] for POST '/session/42c93e1d070f6881d5e3eb09a34f0518/element'
18:52:17.283 [AsyncHttpClient-1-7] DEBUG org.asynchttpclient.netty.handler.HttpHandler - 

Request DefaultHttpRequest(decodeResult: success, version: HTTP/1.1)
POST /session/42c93e1d070f6881d5e3eb09a34f0518/element HTTP/1.1
User-Agent: selenium/4.8.1 (java windows)
Content-Length: 141
Content-Type: application/json; charset=utf-8
host: localhost:25125
accept: */*

Response DefaultHttpResponse(decodeResult: success, version: HTTP/1.1)
HTTP/1.1 200 OK
Content-Length: 88
Content-Type: application/json; charset=utf-8
cache-control: no-cache

18:52:17.283 [AsyncHttpClient-1-7] DEBUG org.asynchttpclient.netty.channel.ChannelManager - Adding key: http://localhost:25125 for channel [id: 0x091f835d, L:/127.0.0.1:58971 - R:localhost/127.0.0.1:25125]
18:52:17.285 [Forwarding getElementTagName on session 42c93e1d070f6881d5e3eb09a34f0518 to remote] DEBUG org.asynchttpclient.netty.request.NettyRequestSender - Using pooled Channel '[id: 0x091f835d, L:/127.0.0.1:58971 - R:localhost/127.0.0.1:25125]' for 'GET' to 'http://localhost:25125/session/42c93e1d070f6881d5e3eb09a34f0518/element/6df61e4d-071a-4c32-876a-67b061d5ad03/name'
18:52:17.285 [Forwarding getElementTagName on session 42c93e1d070f6881d5e3eb09a34f0518 to remote] DEBUG org.asynchttpclient.netty.request.NettyRequestSender - Using open Channel [id: 0x091f835d, L:/127.0.0.1:58971 - R:localhost/127.0.0.1:25125] for GET '/session/42c93e1d070f6881d5e3eb09a34f0518/element/6df61e4d-071a-4c32-876a-67b061d5ad03/name'
18:52:17.289 [AsyncHttpClient-1-7] DEBUG org.asynchttpclient.netty.handler.HttpHandler - 

Request DefaultFullHttpRequest(decodeResult: success, version: HTTP/1.1, content: EmptyByteBufBE)
GET /session/42c93e1d070f6881d5e3eb09a34f0518/element/6df61e4d-071a-4c32-876a-67b061d5ad03/name HTTP/1.1
User-Agent: selenium/4.8.1 (java windows)
Cache-Control: no-cache
Content-Type: application/json; charset=utf-8
host: localhost:25125
accept: */*

Response DefaultHttpResponse(decodeResult: success, version: HTTP/1.1)
HTTP/1.1 200 OK
Content-Length: 18
Content-Type: application/json; charset=utf-8
cache-control: no-cache

18:52:17.289 [AsyncHttpClient-1-7] DEBUG org.asynchttpclient.netty.channel.ChannelManager - Adding key: http://localhost:25125 for channel [id: 0x091f835d, L:/127.0.0.1:58971 - R:localhost/127.0.0.1:25125]
18:52:17.290 [Forwarding getElementTagName on session 42c93e1d070f6881d5e3eb09a34f0518 to remote] DEBUG org.asynchttpclient.netty.request.NettyRequestSender - Using pooled Channel '[id: 0x091f835d, L:/127.0.0.1:58971 - R:localhost/127.0.0.1:25125]' for 'GET' to 'http://localhost:25125/session/42c93e1d070f6881d5e3eb09a34f0518/element/6df61e4d-071a-4c32-876a-67b061d5ad03/name'
18:52:17.290 [Forwarding getElementTagName on session 42c93e1d070f6881d5e3eb09a34f0518 to remote] DEBUG org.asynchttpclient.netty.request.NettyRequestSender - Using open Channel [id: 0x091f835d, L:/127.0.0.1:58971 - R:localhost/127.0.0.1:25125] for GET '/session/42c93e1d070f6881d5e3eb09a34f0518/element/6df61e4d-071a-4c32-876a-67b061d5ad03/name'
18:52:17.294 [AsyncHttpClient-1-7] DEBUG org.asynchttpclient.netty.handler.HttpHandler - 

Request DefaultFullHttpRequest(decodeResult: success, version: HTTP/1.1, content: EmptyByteBufBE)
GET /session/42c93e1d070f6881d5e3eb09a34f0518/element/6df61e4d-071a-4c32-876a-67b061d5ad03/name HTTP/1.1
User-Agent: selenium/4.8.1 (java windows)
Cache-Control: no-cache
Content-Type: application/json; charset=utf-8
host: localhost:25125
accept: */*

Response DefaultHttpResponse(decodeResult: success, version: HTTP/1.1)
HTTP/1.1 200 OK
Content-Length: 18
Content-Type: application/json; charset=utf-8
cache-control: no-cache

18:52:17.294 [AsyncHttpClient-1-7] DEBUG org.asynchttpclient.netty.channel.ChannelManager - Adding key: http://localhost:25125 for channel [id: 0x091f835d, L:/127.0.0.1:58971 - R:localhost/127.0.0.1:25125]
18:52:17.298 [Forwarding isElementEnabled on session 42c93e1d070f6881d5e3eb09a34f0518 to remote] DEBUG org.asynchttpclient.netty.request.NettyRequestSender - Using pooled Channel '[id: 0x091f835d, L:/127.0.0.1:58971 - R:localhost/127.0.0.1:25125]' for 'GET' to 'http://localhost:25125/session/42c93e1d070f6881d5e3eb09a34f0518/element/6df61e4d-071a-4c32-876a-67b061d5ad03/enabled'
18:52:17.298 [Forwarding isElementEnabled on session 42c93e1d070f6881d5e3eb09a34f0518 to remote] DEBUG org.asynchttpclient.netty.request.NettyRequestSender - Using open Channel [id: 0x091f835d, L:/127.0.0.1:58971 - R:localhost/127.0.0.1:25125] for GET '/session/42c93e1d070f6881d5e3eb09a34f0518/element/6df61e4d-071a-4c32-876a-67b061d5ad03/enabled'
18:52:17.308 [AsyncHttpClient-1-7] DEBUG org.asynchttpclient.netty.handler.HttpHandler - 

Request DefaultFullHttpRequest(decodeResult: success, version: HTTP/1.1, content: EmptyByteBufBE)
GET /session/42c93e1d070f6881d5e3eb09a34f0518/element/6df61e4d-071a-4c32-876a-67b061d5ad03/enabled HTTP/1.1
User-Agent: selenium/4.8.1 (java windows)
Cache-Control: no-cache
Content-Type: application/json; charset=utf-8
host: localhost:25125
accept: */*

Response DefaultHttpResponse(decodeResult: success, version: HTTP/1.1)
HTTP/1.1 200 OK
Content-Length: 14
Content-Type: application/json; charset=utf-8
cache-control: no-cache

18:52:17.308 [AsyncHttpClient-1-7] DEBUG org.asynchttpclient.netty.channel.ChannelManager - Adding key: http://localhost:25125 for channel [id: 0x091f835d, L:/127.0.0.1:58971 - R:localhost/127.0.0.1:25125]
18:52:17.311 [Forwarding isElementEnabled on session 42c93e1d070f6881d5e3eb09a34f0518 to remote] DEBUG org.asynchttpclient.netty.request.NettyRequestSender - Using pooled Channel '[id: 0x091f835d, L:/127.0.0.1:58971 - R:localhost/127.0.0.1:25125]' for 'GET' to 'http://localhost:25125/session/42c93e1d070f6881d5e3eb09a34f0518/element/6df61e4d-071a-4c32-876a-67b061d5ad03/enabled'
18:52:17.311 [Forwarding isElementEnabled on session 42c93e1d070f6881d5e3eb09a34f0518 to remote] DEBUG org.asynchttpclient.netty.request.NettyRequestSender - Using open Channel [id: 0x091f835d, L:/127.0.0.1:58971 - R:localhost/127.0.0.1:25125] for GET '/session/42c93e1d070f6881d5e3eb09a34f0518/element/6df61e4d-071a-4c32-876a-67b061d5ad03/enabled'
18:52:17.317 [AsyncHttpClient-1-7] DEBUG org.asynchttpclient.netty.handler.HttpHandler - 

Request DefaultFullHttpRequest(decodeResult: success, version: HTTP/1.1, content: EmptyByteBufBE)
GET /session/42c93e1d070f6881d5e3eb09a34f0518/element/6df61e4d-071a-4c32-876a-67b061d5ad03/enabled HTTP/1.1
User-Agent: selenium/4.8.1 (java windows)
Cache-Control: no-cache
Content-Type: application/json; charset=utf-8
host: localhost:25125
accept: */*

Response DefaultHttpResponse(decodeResult: success, version: HTTP/1.1)
HTTP/1.1 200 OK
Content-Length: 14
Content-Type: application/json; charset=utf-8
cache-control: no-cache

18:52:17.317 [AsyncHttpClient-1-7] DEBUG org.asynchttpclient.netty.channel.ChannelManager - Adding key: http://localhost:25125 for channel [id: 0x091f835d, L:/127.0.0.1:58971 - R:localhost/127.0.0.1:25125]
18:52:17.319 [Forwarding findElement on session 42c93e1d070f6881d5e3eb09a34f0518 to remote] DEBUG org.asynchttpclient.netty.request.NettyRequestSender - Using pooled Channel '[id: 0x091f835d, L:/127.0.0.1:58971 - R:localhost/127.0.0.1:25125]' for 'POST' to 'http://localhost:25125/session/42c93e1d070f6881d5e3eb09a34f0518/element'
18:52:17.319 [Forwarding findElement on session 42c93e1d070f6881d5e3eb09a34f0518 to remote] DEBUG org.asynchttpclient.netty.request.NettyRequestSender - Using open Channel [id: 0x091f835d, L:/127.0.0.1:58971 - R:localhost/127.0.0.1:25125] for POST '/session/42c93e1d070f6881d5e3eb09a34f0518/element'
18:52:17.328 [AsyncHttpClient-1-7] DEBUG org.asynchttpclient.netty.handler.HttpHandler - 

Request DefaultHttpRequest(decodeResult: success, version: HTTP/1.1)
POST /session/42c93e1d070f6881d5e3eb09a34f0518/element HTTP/1.1
User-Agent: selenium/4.8.1 (java windows)
Content-Length: 141
Content-Type: application/json; charset=utf-8
host: localhost:25125
accept: */*

Response DefaultHttpResponse(decodeResult: success, version: HTTP/1.1)
HTTP/1.1 200 OK
Content-Length: 88
Content-Type: application/json; charset=utf-8
cache-control: no-cache

18:52:17.328 [AsyncHttpClient-1-7] DEBUG org.asynchttpclient.netty.channel.ChannelManager - Adding key: http://localhost:25125 for channel [id: 0x091f835d, L:/127.0.0.1:58971 - R:localhost/127.0.0.1:25125]
18:52:17.329 [Forwarding clickElement on session 42c93e1d070f6881d5e3eb09a34f0518 to remote] DEBUG org.asynchttpclient.netty.request.NettyRequestSender - Using pooled Channel '[id: 0x091f835d, L:/127.0.0.1:58971 - R:localhost/127.0.0.1:25125]' for 'POST' to 'http://localhost:25125/session/42c93e1d070f6881d5e3eb09a34f0518/element/6df61e4d-071a-4c32-876a-67b061d5ad03/click'
18:52:17.329 [Forwarding clickElement on session 42c93e1d070f6881d5e3eb09a34f0518 to remote] DEBUG org.asynchttpclient.netty.request.NettyRequestSender - Using open Channel [id: 0x091f835d, L:/127.0.0.1:58971 - R:localhost/127.0.0.1:25125] for POST '/session/42c93e1d070f6881d5e3eb09a34f0518/element/6df61e4d-071a-4c32-876a-67b061d5ad03/click'
18:52:17.384 [AsyncHttpClient-1-7] DEBUG org.asynchttpclient.netty.handler.HttpHandler - 

Request DefaultHttpRequest(decodeResult: success, version: HTTP/1.1)
POST /session/42c93e1d070f6881d5e3eb09a34f0518/element/6df61e4d-071a-4c32-876a-67b061d5ad03/click HTTP/1.1
User-Agent: selenium/4.8.1 (java windows)
Content-Length: 50
Content-Type: application/json; charset=utf-8
host: localhost:25125
accept: */*

Response DefaultHttpResponse(decodeResult: success, version: HTTP/1.1)
HTTP/1.1 200 OK
Content-Length: 14
Content-Type: application/json; charset=utf-8
cache-control: no-cache

18:52:17.384 [AsyncHttpClient-1-7] DEBUG org.asynchttpclient.netty.channel.ChannelManager - Adding key: http://localhost:25125 for channel [id: 0x091f835d, L:/127.0.0.1:58971 - R:localhost/127.0.0.1:25125]
18:52:17.396 [Forwarding getAlertText on session 42c93e1d070f6881d5e3eb09a34f0518 to remote] DEBUG org.asynchttpclient.netty.request.NettyRequestSender - Using pooled Channel '[id: 0x091f835d, L:/127.0.0.1:58971 - R:localhost/127.0.0.1:25125]' for 'GET' to 'http://localhost:25125/session/42c93e1d070f6881d5e3eb09a34f0518/alert/text'
18:52:17.396 [Forwarding getAlertText on session 42c93e1d070f6881d5e3eb09a34f0518 to remote] DEBUG org.asynchttpclient.netty.request.NettyRequestSender - Using open Channel [id: 0x091f835d, L:/127.0.0.1:58971 - R:localhost/127.0.0.1:25125] for GET '/session/42c93e1d070f6881d5e3eb09a34f0518/alert/text'
18:52:17.398 [AsyncHttpClient-1-7] DEBUG org.asynchttpclient.netty.handler.HttpHandler - 

Request DefaultFullHttpRequest(decodeResult: success, version: HTTP/1.1, content: EmptyByteBufBE)
GET /session/42c93e1d070f6881d5e3eb09a34f0518/alert/text HTTP/1.1
User-Agent: selenium/4.8.1 (java windows)
Cache-Control: no-cache
Content-Type: application/json; charset=utf-8
host: localhost:25125
accept: */*

Response DefaultHttpResponse(decodeResult: success, version: HTTP/1.1)
HTTP/1.1 404 Not Found
Content-Length: 809
Content-Type: application/json; charset=utf-8
cache-control: no-cache

18:52:17.398 [AsyncHttpClient-1-7] DEBUG org.asynchttpclient.netty.channel.ChannelManager - Adding key: http://localhost:25125 for channel [id: 0x091f835d, L:/127.0.0.1:58971 - R:localhost/127.0.0.1:25125]
18:52:17.399 [Forwarding getCurrentUrl on session 42c93e1d070f6881d5e3eb09a34f0518 to remote] DEBUG org.asynchttpclient.netty.request.NettyRequestSender - Using pooled Channel '[id: 0x091f835d, L:/127.0.0.1:58971 - R:localhost/127.0.0.1:25125]' for 'GET' to 'http://localhost:25125/session/42c93e1d070f6881d5e3eb09a34f0518/url'
18:52:17.399 [Forwarding getCurrentUrl on session 42c93e1d070f6881d5e3eb09a34f0518 to remote] DEBUG org.asynchttpclient.netty.request.NettyRequestSender - Using open Channel [id: 0x091f835d, L:/127.0.0.1:58971 - R:localhost/127.0.0.1:25125] for GET '/session/42c93e1d070f6881d5e3eb09a34f0518/url'
18:52:17.403 [AsyncHttpClient-1-7] DEBUG org.asynchttpclient.netty.handler.HttpHandler - 

Request DefaultFullHttpRequest(decodeResult: success, version: HTTP/1.1, content: EmptyByteBufBE)
GET /session/42c93e1d070f6881d5e3eb09a34f0518/url HTTP/1.1
User-Agent: selenium/4.8.1 (java windows)
Cache-Control: no-cache
Content-Type: application/json; charset=utf-8
host: localhost:25125
accept: */*

Response DefaultHttpResponse(decodeResult: success, version: HTTP/1.1)
HTTP/1.1 200 OK
Content-Length: 51
Content-Type: application/json; charset=utf-8
cache-control: no-cache

18:52:17.403 [AsyncHttpClient-1-7] DEBUG org.asynchttpclient.netty.channel.ChannelManager - Adding key: http://localhost:25125 for channel [id: 0x091f835d, L:/127.0.0.1:58971 - R:localhost/127.0.0.1:25125]
18:52:17.404 [Forwarding screenshot on session 42c93e1d070f6881d5e3eb09a34f0518 to remote] DEBUG org.asynchttpclient.netty.request.NettyRequestSender - Using pooled Channel '[id: 0x091f835d, L:/127.0.0.1:58971 - R:localhost/127.0.0.1:25125]' for 'GET' to 'http://localhost:25125/session/42c93e1d070f6881d5e3eb09a34f0518/screenshot'
18:52:17.404 [Forwarding screenshot on session 42c93e1d070f6881d5e3eb09a34f0518 to remote] DEBUG org.asynchttpclient.netty.request.NettyRequestSender - Using open Channel [id: 0x091f835d, L:/127.0.0.1:58971 - R:localhost/127.0.0.1:25125] for GET '/session/42c93e1d070f6881d5e3eb09a34f0518/screenshot'
18:52:17.694 [AsyncHttpClient-1-7] DEBUG org.asynchttpclient.netty.handler.HttpHandler - 

Request DefaultFullHttpRequest(decodeResult: success, version: HTTP/1.1, content: EmptyByteBufBE)
GET /session/42c93e1d070f6881d5e3eb09a34f0518/screenshot HTTP/1.1
User-Agent: selenium/4.8.1 (java windows)
Cache-Control: no-cache
Content-Type: application/json; charset=utf-8
host: localhost:25125
accept: */*

Response DefaultHttpResponse(decodeResult: success, version: HTTP/1.1)
HTTP/1.1 200 OK
Content-Length: 41148
Content-Type: application/json; charset=utf-8
cache-control: no-cache

18:52:17.695 [AsyncHttpClient-1-7] DEBUG org.asynchttpclient.netty.channel.ChannelManager - Adding key: http://localhost:25125 for channel [id: 0x091f835d, L:/127.0.0.1:58971 - R:localhost/127.0.0.1:25125]
18:52:17.697 [main] DEBUG net.serenitybdd.core.photography.Darkroom - Send negative for processing for target\site\serenity\d0b016c60cf265d5ed616ed4693b20017cecc539b90ec78e7fdd780b0770cdd9.png
18:52:17.698 [main] DEBUG net.thucydides.core.steps.StepInterceptor - STEP DONE: ClickLoginButton
18:52:17.698 [Darkroom Processing Line] DEBUG net.serenitybdd.core.photography.DarkroomProcessingLine - Processing screenshot image in /var/screenshots/screenshot-8968431547403395637
  &amp#27;[32mAnd &amp#27;[0m&amp#27;[32mI click login button&amp#27;[0m                                             &amp#27;[90m# starter.stepdefinitions.LoginSteps.clickLoginButton()&amp#27;[0m
18:52:17.698 [Darkroom Processing Line] DEBUG net.serenitybdd.core.photography.DarkroomProcessingLine - Saving screenshot to target\site\serenity\d0b016c60cf265d5ed616ed4693b20017cecc539b90ec78e7fdd780b0770cdd9.png
18:52:17.712 [Forwarding getPageSource on session 42c93e1d070f6881d5e3eb09a34f0518 to remote] DEBUG org.asynchttpclient.netty.request.NettyRequestSender - Using pooled Channel '[id: 0x091f835d, L:/127.0.0.1:58971 - R:localhost/127.0.0.1:25125]' for 'POST' to 'http://localhost:25125/session/42c93e1d070f6881d5e3eb09a34f0518/execute/sync'
18:52:17.712 [Forwarding getPageSource on session 42c93e1d070f6881d5e3eb09a34f0518 to remote] DEBUG org.asynchttpclient.netty.request.NettyRequestSender - Using open Channel [id: 0x091f835d, L:/127.0.0.1:58971 - R:localhost/127.0.0.1:25125] for POST '/session/42c93e1d070f6881d5e3eb09a34f0518/execute/sync'
18:52:17.717 [AsyncHttpClient-1-7] DEBUG org.asynchttpclient.netty.handler.HttpHandler - 

Request DefaultHttpRequest(decodeResult: success, version: HTTP/1.1)
POST /session/42c93e1d070f6881d5e3eb09a34f0518/execute/sync HTTP/1.1
User-Agent: selenium/4.8.1 (java windows)
Content-Length: 176
Content-Type: application/json; charset=utf-8
host: localhost:25125
accept: */*

Response DefaultHttpResponse(decodeResult: success, version: HTTP/1.1)
HTTP/1.1 200 OK
Content-Length: 22511
Content-Type: application/json; charset=utf-8
cache-control: no-cache

18:52:17.717 [AsyncHttpClient-1-7] DEBUG org.asynchttpclient.netty.channel.ChannelManager - Adding key: http://localhost:25125 for channel [id: 0x091f835d, L:/127.0.0.1:58971 - R:localhost/127.0.0.1:25125]
18:52:17.721 [Forwarding getCurrentUrl on session 42c93e1d070f6881d5e3eb09a34f0518 to remote] DEBUG org.asynchttpclient.netty.request.NettyRequestSender - Using pooled Channel '[id: 0x091f835d, L:/127.0.0.1:58971 - R:localhost/127.0.0.1:25125]' for 'GET' to 'http://localhost:25125/session/42c93e1d070f6881d5e3eb09a34f0518/url'
18:52:17.721 [Forwarding getCurrentUrl on session 42c93e1d070f6881d5e3eb09a34f0518 to remote] DEBUG org.asynchttpclient.netty.request.NettyRequestSender - Using open Channel [id: 0x091f835d, L:/127.0.0.1:58971 - R:localhost/127.0.0.1:25125] for GET '/session/42c93e1d070f6881d5e3eb09a34f0518/url'
18:52:17.726 [AsyncHttpClient-1-7] DEBUG org.asynchttpclient.netty.handler.HttpHandler - 

Request DefaultFullHttpRequest(decodeResult: success, version: HTTP/1.1, content: EmptyByteBufBE)
GET /session/42c93e1d070f6881d5e3eb09a34f0518/url HTTP/1.1
User-Agent: selenium/4.8.1 (java windows)
Cache-Control: no-cache
Content-Type: application/json; charset=utf-8
host: localhost:25125
accept: */*

Response DefaultHttpResponse(decodeResult: success, version: HTTP/1.1)
HTTP/1.1 200 OK
Content-Length: 51
Content-Type: application/json; charset=utf-8
cache-control: no-cache

18:52:17.727 [AsyncHttpClient-1-7] DEBUG org.asynchttpclient.netty.channel.ChannelManager - Adding key: http://localhost:25125 for channel [id: 0x091f835d, L:/127.0.0.1:58971 - R:localhost/127.0.0.1:25125]
18:52:17.738 [Forwarding getPageSource on session 42c93e1d070f6881d5e3eb09a34f0518 to remote] DEBUG org.asynchttpclient.netty.request.NettyRequestSender - Using pooled Channel '[id: 0x091f835d, L:/127.0.0.1:58971 - R:localhost/127.0.0.1:25125]' for 'POST' to 'http://localhost:25125/session/42c93e1d070f6881d5e3eb09a34f0518/execute/sync'
18:52:17.738 [Forwarding getPageSource on session 42c93e1d070f6881d5e3eb09a34f0518 to remote] DEBUG org.asynchttpclient.netty.request.NettyRequestSender - Using open Channel [id: 0x091f835d, L:/127.0.0.1:58971 - R:localhost/127.0.0.1:25125] for POST '/session/42c93e1d070f6881d5e3eb09a34f0518/execute/sync'
18:52:17.746 [AsyncHttpClient-1-7] DEBUG org.asynchttpclient.netty.handler.HttpHandler - 

Request DefaultHttpRequest(decodeResult: success, version: HTTP/1.1)
POST /session/42c93e1d070f6881d5e3eb09a34f0518/execute/sync HTTP/1.1
User-Agent: selenium/4.8.1 (java windows)
Content-Length: 176
Content-Type: application/json; charset=utf-8
host: localhost:25125
accept: */*

Response DefaultHttpResponse(decodeResult: success, version: HTTP/1.1)
HTTP/1.1 200 OK
Content-Length: 22511
Content-Type: application/json; charset=utf-8
cache-control: no-cache

18:52:17.746 [AsyncHttpClient-1-7] DEBUG org.asynchttpclient.netty.channel.ChannelManager - Adding key: http://localhost:25125 for channel [id: 0x091f835d, L:/127.0.0.1:58971 - R:localhost/127.0.0.1:25125]
18:52:17.749 [Forwarding getCurrentUrl on session 42c93e1d070f6881d5e3eb09a34f0518 to remote] DEBUG org.asynchttpclient.netty.request.NettyRequestSender - Using pooled Channel '[id: 0x091f835d, L:/127.0.0.1:58971 - R:localhost/127.0.0.1:25125]' for 'GET' to 'http://localhost:25125/session/42c93e1d070f6881d5e3eb09a34f0518/url'
18:52:17.749 [Forwarding getCurrentUrl on session 42c93e1d070f6881d5e3eb09a34f0518 to remote] DEBUG org.asynchttpclient.netty.request.NettyRequestSender - Using open Channel [id: 0x091f835d, L:/127.0.0.1:58971 - R:localhost/127.0.0.1:25125] for GET '/session/42c93e1d070f6881d5e3eb09a34f0518/url'
18:52:17.754 [AsyncHttpClient-1-7] DEBUG org.asynchttpclient.netty.handler.HttpHandler - 

Request DefaultFullHttpRequest(decodeResult: success, version: HTTP/1.1, content: EmptyByteBufBE)
GET /session/42c93e1d070f6881d5e3eb09a34f0518/url HTTP/1.1
User-Agent: selenium/4.8.1 (java windows)
Cache-Control: no-cache
Content-Type: application/json; charset=utf-8
host: localhost:25125
accept: */*

Response DefaultHttpResponse(decodeResult: success, version: HTTP/1.1)
HTTP/1.1 200 OK
Content-Length: 51
Content-Type: application/json; charset=utf-8
cache-control: no-cache

18:52:17.755 [AsyncHttpClient-1-7] DEBUG org.asynchttpclient.netty.channel.ChannelManager - Adding key: http://localhost:25125 for channel [id: 0x091f835d, L:/127.0.0.1:58971 - R:localhost/127.0.0.1:25125]
18:52:17.756 [main] DEBUG net.thucydides.core.steps.StepInterceptor - STARTING STEP: LoginSteps.iCanSeeErrorMessage - validateErrorMessageDisplayed
18:52:17.761 [Forwarding findElement on session 42c93e1d070f6881d5e3eb09a34f0518 to remote] DEBUG org.asynchttpclient.netty.request.NettyRequestSender - Using pooled Channel '[id: 0x091f835d, L:/127.0.0.1:58971 - R:localhost/127.0.0.1:25125]' for 'POST' to 'http://localhost:25125/session/42c93e1d070f6881d5e3eb09a34f0518/element'
18:52:17.761 [Forwarding findElement on session 42c93e1d070f6881d5e3eb09a34f0518 to remote] DEBUG org.asynchttpclient.netty.request.NettyRequestSender - Using open Channel [id: 0x091f835d, L:/127.0.0.1:58971 - R:localhost/127.0.0.1:25125] for POST '/session/42c93e1d070f6881d5e3eb09a34f0518/element'
18:52:17.773 [AsyncHttpClient-1-7] DEBUG org.asynchttpclient.netty.handler.HttpHandler - 

Request DefaultHttpRequest(decodeResult: success, version: HTTP/1.1)
POST /session/42c93e1d070f6881d5e3eb09a34f0518/element HTTP/1.1
User-Agent: selenium/4.8.1 (java windows)
Content-Length: 139
Content-Type: application/json; charset=utf-8
host: localhost:25125
accept: */*

Response DefaultHttpResponse(decodeResult: success, version: HTTP/1.1)
HTTP/1.1 200 OK
Content-Length: 88
Content-Type: application/json; charset=utf-8
cache-control: no-cache

18:52:17.773 [AsyncHttpClient-1-7] DEBUG org.asynchttpclient.netty.channel.ChannelManager - Adding key: http://localhost:25125 for channel [id: 0x091f835d, L:/127.0.0.1:58971 - R:localhost/127.0.0.1:25125]
18:52:17.780 [Forwarding isElementDisplayed on session 42c93e1d070f6881d5e3eb09a34f0518 to remote] DEBUG org.asynchttpclient.netty.request.NettyRequestSender - Using pooled Channel '[id: 0x091f835d, L:/127.0.0.1:58971 - R:localhost/127.0.0.1:25125]' for 'POST' to 'http://localhost:25125/session/42c93e1d070f6881d5e3eb09a34f0518/execute/sync'
18:52:17.780 [Forwarding isElementDisplayed on session 42c93e1d070f6881d5e3eb09a34f0518 to remote] DEBUG org.asynchttpclient.netty.request.NettyRequestSender - Using open Channel [id: 0x091f835d, L:/127.0.0.1:58971 - R:localhost/127.0.0.1:25125] for POST '/session/42c93e1d070f6881d5e3eb09a34f0518/execute/sync'
18:52:17.800 [AsyncHttpClient-1-7] DEBUG org.asynchttpclient.netty.handler.HttpHandler - 

Request DefaultHttpRequest(decodeResult: success, version: HTTP/1.1)
POST /session/42c93e1d070f6881d5e3eb09a34f0518/execute/sync HTTP/1.1
User-Agent: selenium/4.8.1 (java windows)
Content-Length: 48807
Content-Type: application/json; charset=utf-8
host: localhost:25125
accept: */*

Response DefaultHttpResponse(decodeResult: success, version: HTTP/1.1)
HTTP/1.1 200 OK
Content-Length: 14
Content-Type: application/json; charset=utf-8
cache-control: no-cache

18:52:17.800 [AsyncHttpClient-1-7] DEBUG org.asynchttpclient.netty.channel.ChannelManager - Adding key: http://localhost:25125 for channel [id: 0x091f835d, L:/127.0.0.1:58971 - R:localhost/127.0.0.1:25125]
18:52:17.807 [Forwarding getAlertText on session 42c93e1d070f6881d5e3eb09a34f0518 to remote] DEBUG org.asynchttpclient.netty.request.NettyRequestSender - Using pooled Channel '[id: 0x091f835d, L:/127.0.0.1:58971 - R:localhost/127.0.0.1:25125]' for 'GET' to 'http://localhost:25125/session/42c93e1d070f6881d5e3eb09a34f0518/alert/text'
18:52:17.807 [Forwarding getAlertText on session 42c93e1d070f6881d5e3eb09a34f0518 to remote] DEBUG org.asynchttpclient.netty.request.NettyRequestSender - Using open Channel [id: 0x091f835d, L:/127.0.0.1:58971 - R:localhost/127.0.0.1:25125] for GET '/session/42c93e1d070f6881d5e3eb09a34f0518/alert/text'
18:52:17.810 [AsyncHttpClient-1-7] DEBUG org.asynchttpclient.netty.handler.HttpHandler - 

Request DefaultFullHttpRequest(decodeResult: success, version: HTTP/1.1, content: EmptyByteBufBE)
GET /session/42c93e1d070f6881d5e3eb09a34f0518/alert/text HTTP/1.1
User-Agent: selenium/4.8.1 (java windows)
Cache-Control: no-cache
Content-Type: application/json; charset=utf-8
host: localhost:25125
accept: */*

Response DefaultHttpResponse(decodeResult: success, version: HTTP/1.1)
HTTP/1.1 404 Not Found
Content-Length: 809
Content-Type: application/json; charset=utf-8
cache-control: no-cache

18:52:17.811 [AsyncHttpClient-1-7] DEBUG org.asynchttpclient.netty.channel.ChannelManager - Adding key: http://localhost:25125 for channel [id: 0x091f835d, L:/127.0.0.1:58971 - R:localhost/127.0.0.1:25125]
18:52:17.813 [Forwarding getCurrentUrl on session 42c93e1d070f6881d5e3eb09a34f0518 to remote] DEBUG org.asynchttpclient.netty.request.NettyRequestSender - Using pooled Channel '[id: 0x091f835d, L:/127.0.0.1:58971 - R:localhost/127.0.0.1:25125]' for 'GET' to 'http://localhost:25125/session/42c93e1d070f6881d5e3eb09a34f0518/url'
18:52:17.813 [Forwarding getCurrentUrl on session 42c93e1d070f6881d5e3eb09a34f0518 to remote] DEBUG org.asynchttpclient.netty.request.NettyRequestSender - Using open Channel [id: 0x091f835d, L:/127.0.0.1:58971 - R:localhost/127.0.0.1:25125] for GET '/session/42c93e1d070f6881d5e3eb09a34f0518/url'
18:52:17.818 [AsyncHttpClient-1-7] DEBUG org.asynchttpclient.netty.handler.HttpHandler - 

Request DefaultFullHttpRequest(decodeResult: success, version: HTTP/1.1, content: EmptyByteBufBE)
GET /session/42c93e1d070f6881d5e3eb09a34f0518/url HTTP/1.1
User-Agent: selenium/4.8.1 (java windows)
Cache-Control: no-cache
Content-Type: application/json; charset=utf-8
host: localhost:25125
accept: */*

Response DefaultHttpResponse(decodeResult: success, version: HTTP/1.1)
HTTP/1.1 200 OK
Content-Length: 51
Content-Type: application/json; charset=utf-8
cache-control: no-cache

18:52:17.818 [AsyncHttpClient-1-7] DEBUG org.asynchttpclient.netty.channel.ChannelManager - Adding key: http://localhost:25125 for channel [id: 0x091f835d, L:/127.0.0.1:58971 - R:localhost/127.0.0.1:25125]
18:52:17.819 [Forwarding screenshot on session 42c93e1d070f6881d5e3eb09a34f0518 to remote] DEBUG org.asynchttpclient.netty.request.NettyRequestSender - Using pooled Channel '[id: 0x091f835d, L:/127.0.0.1:58971 - R:localhost/127.0.0.1:25125]' for 'GET' to 'http://localhost:25125/session/42c93e1d070f6881d5e3eb09a34f0518/screenshot'
18:52:17.819 [Forwarding screenshot on session 42c93e1d070f6881d5e3eb09a34f0518 to remote] DEBUG org.asynchttpclient.netty.request.NettyRequestSender - Using open Channel [id: 0x091f835d, L:/127.0.0.1:58971 - R:localhost/127.0.0.1:25125] for GET '/session/42c93e1d070f6881d5e3eb09a34f0518/screenshot'
18:52:18.057 [AsyncHttpClient-1-7] DEBUG org.asynchttpclient.netty.handler.HttpHandler - 

Request DefaultFullHttpRequest(decodeResult: success, version: HTTP/1.1, content: EmptyByteBufBE)
GET /session/42c93e1d070f6881d5e3eb09a34f0518/screenshot HTTP/1.1
User-Agent: selenium/4.8.1 (java windows)
Cache-Control: no-cache
Content-Type: application/json; charset=utf-8
host: localhost:25125
accept: */*

Response DefaultHttpResponse(decodeResult: success, version: HTTP/1.1)
HTTP/1.1 200 OK
Content-Length: 48112
Content-Type: application/json; charset=utf-8
cache-control: no-cache

18:52:18.058 [AsyncHttpClient-1-7] DEBUG org.asynchttpclient.netty.channel.ChannelManager - Adding key: http://localhost:25125 for channel [id: 0x091f835d, L:/127.0.0.1:58971 - R:localhost/127.0.0.1:25125]
18:52:18.062 [main] DEBUG net.serenitybdd.core.photography.Darkroom - Send negative for processing for target\site\serenity\9cb2f82cf9e86ff4632ff2ecdb767c5b85cecfb14669266607923036e3689881.png
18:52:18.063 [Darkroom Processing Line] DEBUG net.serenitybdd.core.photography.DarkroomProcessingLine - Processing screenshot image in /var/screenshots/screenshot-1281164230493066455
18:52:18.063 [main] DEBUG net.thucydides.core.steps.StepInterceptor - STEP DONE: validateErrorMessageDisplayed
18:52:18.063 [Darkroom Processing Line] DEBUG net.serenitybdd.core.photography.DarkroomProcessingLine - Saving screenshot to target\site\serenity\9cb2f82cf9e86ff4632ff2ecdb767c5b85cecfb14669266607923036e3689881.png
18:52:18.078 [Forwarding getPageSource on session 42c93e1d070f6881d5e3eb09a34f0518 to remote] DEBUG org.asynchttpclient.netty.request.NettyRequestSender - Using pooled Channel '[id: 0x091f835d, L:/127.0.0.1:58971 - R:localhost/127.0.0.1:25125]' for 'POST' to 'http://localhost:25125/session/42c93e1d070f6881d5e3eb09a34f0518/execute/sync'
18:52:18.078 [Forwarding getPageSource on session 42c93e1d070f6881d5e3eb09a34f0518 to remote] DEBUG org.asynchttpclient.netty.request.NettyRequestSender - Using open Channel [id: 0x091f835d, L:/127.0.0.1:58971 - R:localhost/127.0.0.1:25125] for POST '/session/42c93e1d070f6881d5e3eb09a34f0518/execute/sync'
18:52:18.088 [AsyncHttpClient-1-7] DEBUG org.asynchttpclient.netty.handler.HttpHandler - 

Request DefaultHttpRequest(decodeResult: success, version: HTTP/1.1)
POST /session/42c93e1d070f6881d5e3eb09a34f0518/execute/sync HTTP/1.1
User-Agent: selenium/4.8.1 (java windows)
Content-Length: 176
Content-Type: application/json; charset=utf-8
host: localhost:25125
accept: */*

Response DefaultHttpResponse(decodeResult: success, version: HTTP/1.1)
HTTP/1.1 200 OK
Content-Length: 22179
Content-Type: application/json; charset=utf-8
cache-control: no-cache

18:52:18.089 [AsyncHttpClient-1-7] DEBUG org.asynchttpclient.netty.channel.ChannelManager - Adding key: http://localhost:25125 for channel [id: 0x091f835d, L:/127.0.0.1:58971 - R:localhost/127.0.0.1:25125]
18:52:18.092 [Forwarding getCurrentUrl on session 42c93e1d070f6881d5e3eb09a34f0518 to remote] DEBUG org.asynchttpclient.netty.request.NettyRequestSender - Using pooled Channel '[id: 0x091f835d, L:/127.0.0.1:58971 - R:localhost/127.0.0.1:25125]' for 'GET' to 'http://localhost:25125/session/42c93e1d070f6881d5e3eb09a34f0518/url'
18:52:18.092 [Forwarding getCurrentUrl on session 42c93e1d070f6881d5e3eb09a34f0518 to remote] DEBUG org.asynchttpclient.netty.request.NettyRequestSender - Using open Channel [id: 0x091f835d, L:/127.0.0.1:58971 - R:localhost/127.0.0.1:25125] for GET '/session/42c93e1d070f6881d5e3eb09a34f0518/url'
18:52:18.099 [AsyncHttpClient-1-7] DEBUG org.asynchttpclient.netty.handler.HttpHandler - 

Request DefaultFullHttpRequest(decodeResult: success, version: HTTP/1.1, content: EmptyByteBufBE)
GET /session/42c93e1d070f6881d5e3eb09a34f0518/url HTTP/1.1
User-Agent: selenium/4.8.1 (java windows)
Cache-Control: no-cache
Content-Type: application/json; charset=utf-8
host: localhost:25125
accept: */*

Response DefaultHttpResponse(decodeResult: success, version: HTTP/1.1)
HTTP/1.1 200 OK
Content-Length: 51
Content-Type: application/json; charset=utf-8
cache-control: no-cache

18:52:18.099 [AsyncHttpClient-1-7] DEBUG org.asynchttpclient.netty.channel.ChannelManager - Adding key: http://localhost:25125 for channel [id: 0x091f835d, L:/127.0.0.1:58971 - R:localhost/127.0.0.1:25125]
18:52:18.102 [main] DEBUG net.thucydides.core.steps.StepInterceptor - STARTING STEP: LoginSteps.iCanSeeErrorMessage - validateEqualErrorMessage
18:52:18.104 [Forwarding findElement on session 42c93e1d070f6881d5e3eb09a34f0518 to remote] DEBUG org.asynchttpclient.netty.request.NettyRequestSender - Using pooled Channel '[id: 0x091f835d, L:/127.0.0.1:58971 - R:localhost/127.0.0.1:25125]' for 'POST' to 'http://localhost:25125/session/42c93e1d070f6881d5e3eb09a34f0518/element'
18:52:18.104 [Forwarding findElement on session 42c93e1d070f6881d5e3eb09a34f0518 to remote] DEBUG org.asynchttpclient.netty.request.NettyRequestSender - Using open Channel [id: 0x091f835d, L:/127.0.0.1:58971 - R:localhost/127.0.0.1:25125] for POST '/session/42c93e1d070f6881d5e3eb09a34f0518/element'
18:52:18.113 [AsyncHttpClient-1-7] DEBUG org.asynchttpclient.netty.handler.HttpHandler - 

Request DefaultHttpRequest(decodeResult: success, version: HTTP/1.1)
POST /session/42c93e1d070f6881d5e3eb09a34f0518/element HTTP/1.1
User-Agent: selenium/4.8.1 (java windows)
Content-Length: 139
Content-Type: application/json; charset=utf-8
host: localhost:25125
accept: */*

Response DefaultHttpResponse(decodeResult: success, version: HTTP/1.1)
HTTP/1.1 200 OK
Content-Length: 88
Content-Type: application/json; charset=utf-8
cache-control: no-cache

18:52:18.113 [AsyncHttpClient-1-7] DEBUG org.asynchttpclient.netty.channel.ChannelManager - Adding key: http://localhost:25125 for channel [id: 0x091f835d, L:/127.0.0.1:58971 - R:localhost/127.0.0.1:25125]
18:52:18.115 [Forwarding getElementText on session 42c93e1d070f6881d5e3eb09a34f0518 to remote] DEBUG org.asynchttpclient.netty.request.NettyRequestSender - Using pooled Channel '[id: 0x091f835d, L:/127.0.0.1:58971 - R:localhost/127.0.0.1:25125]' for 'GET' to 'http://localhost:25125/session/42c93e1d070f6881d5e3eb09a34f0518/element/fa7cad6c-849c-46b4-acf3-f75a69996658/text'
18:52:18.115 [Forwarding getElementText on session 42c93e1d070f6881d5e3eb09a34f0518 to remote] DEBUG org.asynchttpclient.netty.request.NettyRequestSender - Using open Channel [id: 0x091f835d, L:/127.0.0.1:58971 - R:localhost/127.0.0.1:25125] for GET '/session/42c93e1d070f6881d5e3eb09a34f0518/element/fa7cad6c-849c-46b4-acf3-f75a69996658/text'
18:52:18.162 [AsyncHttpClient-1-7] DEBUG org.asynchttpclient.netty.handler.HttpHandler - 

Request DefaultFullHttpRequest(decodeResult: success, version: HTTP/1.1, content: EmptyByteBufBE)
GET /session/42c93e1d070f6881d5e3eb09a34f0518/element/fa7cad6c-849c-46b4-acf3-f75a69996658/text HTTP/1.1
User-Agent: selenium/4.8.1 (java windows)
Cache-Control: no-cache
Content-Type: application/json; charset=utf-8
host: localhost:25125
accept: */*

Response DefaultHttpResponse(decodeResult: success, version: HTTP/1.1)
HTTP/1.1 200 OK
Content-Length: 29
Content-Type: application/json; charset=utf-8
cache-control: no-cache

18:52:18.162 [AsyncHttpClient-1-7] DEBUG org.asynchttpclient.netty.channel.ChannelManager - Adding key: http://localhost:25125 for channel [id: 0x091f835d, L:/127.0.0.1:58971 - R:localhost/127.0.0.1:25125]
18:52:18.171 [Forwarding getAlertText on session 42c93e1d070f6881d5e3eb09a34f0518 to remote] DEBUG org.asynchttpclient.netty.request.NettyRequestSender - Using pooled Channel '[id: 0x091f835d, L:/127.0.0.1:58971 - R:localhost/127.0.0.1:25125]' for 'GET' to 'http://localhost:25125/session/42c93e1d070f6881d5e3eb09a34f0518/alert/text'
18:52:18.171 [Forwarding getAlertText on session 42c93e1d070f6881d5e3eb09a34f0518 to remote] DEBUG org.asynchttpclient.netty.request.NettyRequestSender - Using open Channel [id: 0x091f835d, L:/127.0.0.1:58971 - R:localhost/127.0.0.1:25125] for GET '/session/42c93e1d070f6881d5e3eb09a34f0518/alert/text'
18:52:18.173 [AsyncHttpClient-1-7] DEBUG org.asynchttpclient.netty.handler.HttpHandler - 

Request DefaultFullHttpRequest(decodeResult: success, version: HTTP/1.1, content: EmptyByteBufBE)
GET /session/42c93e1d070f6881d5e3eb09a34f0518/alert/text HTTP/1.1
User-Agent: selenium/4.8.1 (java windows)
Cache-Control: no-cache
Content-Type: application/json; charset=utf-8
host: localhost:25125
accept: */*

Response DefaultHttpResponse(decodeResult: success, version: HTTP/1.1)
HTTP/1.1 404 Not Found
Content-Length: 809
Content-Type: application/json; charset=utf-8
cache-control: no-cache

18:52:18.173 [AsyncHttpClient-1-7] DEBUG org.asynchttpclient.netty.channel.ChannelManager - Adding key: http://localhost:25125 for channel [id: 0x091f835d, L:/127.0.0.1:58971 - R:localhost/127.0.0.1:25125]
18:52:18.174 [Forwarding getCurrentUrl on session 42c93e1d070f6881d5e3eb09a34f0518 to remote] DEBUG org.asynchttpclient.netty.request.NettyRequestSender - Using pooled Channel '[id: 0x091f835d, L:/127.0.0.1:58971 - R:localhost/127.0.0.1:25125]' for 'GET' to 'http://localhost:25125/session/42c93e1d070f6881d5e3eb09a34f0518/url'
18:52:18.174 [Forwarding getCurrentUrl on session 42c93e1d070f6881d5e3eb09a34f0518 to remote] DEBUG org.asynchttpclient.netty.request.NettyRequestSender - Using open Channel [id: 0x091f835d, L:/127.0.0.1:58971 - R:localhost/127.0.0.1:25125] for GET '/session/42c93e1d070f6881d5e3eb09a34f0518/url'
18:52:18.179 [AsyncHttpClient-1-7] DEBUG org.asynchttpclient.netty.handler.HttpHandler - 

Request DefaultFullHttpRequest(decodeResult: success, version: HTTP/1.1, content: EmptyByteBufBE)
GET /session/42c93e1d070f6881d5e3eb09a34f0518/url HTTP/1.1
User-Agent: selenium/4.8.1 (java windows)
Cache-Control: no-cache
Content-Type: application/json; charset=utf-8
host: localhost:25125
accept: */*

Response DefaultHttpResponse(decodeResult: success, version: HTTP/1.1)
HTTP/1.1 200 OK
Content-Length: 51
Content-Type: application/json; charset=utf-8
cache-control: no-cache

18:52:18.179 [AsyncHttpClient-1-7] DEBUG org.asynchttpclient.netty.channel.ChannelManager - Adding key: http://localhost:25125 for channel [id: 0x091f835d, L:/127.0.0.1:58971 - R:localhost/127.0.0.1:25125]
18:52:18.180 [Forwarding screenshot on session 42c93e1d070f6881d5e3eb09a34f0518 to remote] DEBUG org.asynchttpclient.netty.request.NettyRequestSender - Using pooled Channel '[id: 0x091f835d, L:/127.0.0.1:58971 - R:localhost/127.0.0.1:25125]' for 'GET' to 'http://localhost:25125/session/42c93e1d070f6881d5e3eb09a34f0518/screenshot'
18:52:18.180 [Forwarding screenshot on session 42c93e1d070f6881d5e3eb09a34f0518 to remote] DEBUG org.asynchttpclient.netty.request.NettyRequestSender - Using open Channel [id: 0x091f835d, L:/127.0.0.1:58971 - R:localhost/127.0.0.1:25125] for GET '/session/42c93e1d070f6881d5e3eb09a34f0518/screenshot'
18:52:18.322 [AsyncHttpClient-1-7] DEBUG org.asynchttpclient.netty.handler.HttpHandler - 

Request DefaultFullHttpRequest(decodeResult: success, version: HTTP/1.1, content: EmptyByteBufBE)
GET /session/42c93e1d070f6881d5e3eb09a34f0518/screenshot HTTP/1.1
User-Agent: selenium/4.8.1 (java windows)
Cache-Control: no-cache
Content-Type: application/json; charset=utf-8
host: localhost:25125
accept: */*

Response DefaultHttpResponse(decodeResult: success, version: HTTP/1.1)
HTTP/1.1 200 OK
Content-Length: 48120
Content-Type: application/json; charset=utf-8
cache-control: no-cache

18:52:18.322 [AsyncHttpClient-1-7] DEBUG org.asynchttpclient.netty.channel.ChannelManager - Adding key: http://localhost:25125 for channel [id: 0x091f835d, L:/127.0.0.1:58971 - R:localhost/127.0.0.1:25125]
18:52:18.329 [main] DEBUG net.serenitybdd.core.photography.Darkroom - Send negative for processing for target\site\serenity\45d99fff6a8b32dc8c82b3b0e04afdedbf78c68858a2d375ab2685afd3c2dc82.png
18:52:18.329 [main] DEBUG net.thucydides.core.steps.StepInterceptor - STEP DONE: validateEqualErrorMessage
18:52:18.329 [Darkroom Processing Line] DEBUG net.serenitybdd.core.photography.DarkroomProcessingLine - Processing screenshot image in /var/screenshots/screenshot-16950032239519289672
  &amp#27;[32mThen &amp#27;[0m&amp#27;[32mI can see error message &amp#27;[0m&amp#27;[32m&amp#27;[1m"email is required"&amp#27;[0m                     &amp#27;[90m# starter.stepdefinitions.LoginSteps.iCanSeeErrorMessage(java.lang.String)&amp#27;[0m
18:52:18.329 [Darkroom Processing Line] DEBUG net.serenitybdd.core.photography.DarkroomProcessingLine - Saving screenshot to target\site\serenity\45d99fff6a8b32dc8c82b3b0e04afdedbf78c68858a2d375ab2685afd3c2dc82.png
18:52:18.347 [main] INFO  - 
  _____   ___   ___   _____     ___     _     ___   ___   ___   ___  
 |_   _| | __| / __| |_   _|   | _ \   /_\   / __| / __| | __| |   \ 
   | |   | _|  \__ \   | |     |  _/  / _ \  \__ \ \__ \ | _|  | |) |
   |_|   |___| |___/   |_|     |_|   /_/ \_\ |___/ |___/ |___| |___/ 

As user i have be able to failed login with email not filled
----------------------------------------------------------------------
18:52:18.351 [AsyncHttpClient-1-9] DEBUG org.asynchttpclient.netty.handler.WebSocketHandler - Channel Closed: [id: 0xc8c47a8f, L:/127.0.0.1:58981 ! R:localhost/127.0.0.1:58972] with attribute NettyResponseFuture{currentRetry=0,
	isDone=1,
	isCancelled=0,
	asyncHandler=org.asynchttpclient.ws.WebSocketUpgradeHandler@3bfb9969,
	nettyRequest=org.asynchttpclient.netty.request.NettyRequest@612e692d,
	future=java.util.concurrent.CompletableFuture@438bd404[Completed normally],
	uri=ws://localhost:58972/devtools/browser/de691f83-1b72-4126-b64a-631b6a5bf54c,
	keepAlive=true,
	redirectCount=0,
	timeoutsHolder=null,
	inAuth=0,
	touch=1683546733302}
18:52:18.351 [AsyncHttpClient-1-9] DEBUG org.asynchttpclient.netty.channel.ChannelManager - Closing Channel [id: 0xc8c47a8f, L:/127.0.0.1:58981 ! R:localhost/127.0.0.1:58972] 
18:52:18.352 [Driver Command Executor] DEBUG org.asynchttpclient.netty.request.NettyRequestSender - Using pooled Channel '[id: 0x091f835d, L:/127.0.0.1:58971 - R:localhost/127.0.0.1:25125]' for 'DELETE' to 'http://localhost:25125/session/42c93e1d070f6881d5e3eb09a34f0518'
18:52:18.352 [Driver Command Executor] DEBUG org.asynchttpclient.netty.request.NettyRequestSender - Using open Channel [id: 0x091f835d, L:/127.0.0.1:58971 - R:localhost/127.0.0.1:25125] for DELETE '/session/42c93e1d070f6881d5e3eb09a34f0518'
18:52:18.364 [AsyncHttpClient-1-1] DEBUG org.asynchttpclient.netty.channel.DefaultChannelPool - Entry count for : http://localhost:58972 : 1
18:52:18.613 [AsyncHttpClient-1-8] DEBUG org.asynchttpclient.netty.handler.HttpHandler - Unexpected I/O exception on channel [id: 0x9788c727, L:/127.0.0.1:58980 - R:localhost/127.0.0.1:58972]
java.net.SocketException: Connection reset
	at java.base/sun.nio.ch.SocketChannelImpl.throwConnectionReset(SocketChannelImpl.java:394)
	at java.base/sun.nio.ch.SocketChannelImpl.read(SocketChannelImpl.java:426)
	at io.netty.buffer.PooledByteBuf.setBytes(PooledByteBuf.java:259)
	at io.netty.buffer.AbstractByteBuf.writeBytes(AbstractByteBuf.java:1132)
	at io.netty.channel.socket.nio.NioSocketChannel.doReadBytes(NioSocketChannel.java:357)
	at io.netty.channel.nio.AbstractNioByteChannel$NioByteUnsafe.read(AbstractNioByteChannel.java:151)
	at io.netty.channel.nio.NioEventLoop.processSelectedKey(NioEventLoop.java:788)
	at io.netty.channel.nio.NioEventLoop.processSelectedKeysOptimized(NioEventLoop.java:724)
	at io.netty.channel.nio.NioEventLoop.processSelectedKeys(NioEventLoop.java:650)
	at io.netty.channel.nio.NioEventLoop.run(NioEventLoop.java:562)
	at io.netty.util.concurrent.SingleThreadEventExecutor$4.run(SingleThreadEventExecutor.java:997)
	at io.netty.util.internal.ThreadExecutorMap$2.run(ThreadExecutorMap.java:74)
	at io.netty.util.concurrent.FastThreadLocalRunnable.run(FastThreadLocalRunnable.java:30)
	at java.base/java.lang.Thread.run(Thread.java:833)
18:52:18.614 [AsyncHttpClient-1-8] DEBUG org.asynchttpclient.netty.channel.ChannelManager - Closing Channel [id: 0x9788c727, L:/127.0.0.1:58980 - R:localhost/127.0.0.1:58972] 
18:52:18.614 [AsyncHttpClient-1-8] DEBUG org.asynchttpclient.netty.handler.HttpHandler - Channel Closed: [id: 0x9788c727, L:/127.0.0.1:58980 ! R:localhost/127.0.0.1:58972] with attribute DISCARD
18:52:18.673 [AsyncHttpClient-1-7] DEBUG org.asynchttpclient.netty.handler.HttpHandler - 

Request DefaultFullHttpRequest(decodeResult: success, version: HTTP/1.1, content: EmptyByteBufBE)
DELETE /session/42c93e1d070f6881d5e3eb09a34f0518 HTTP/1.1
User-Agent: selenium/4.8.1 (java windows)
Content-Type: application/json; charset=utf-8
host: localhost:25125
accept: */*

Response DefaultHttpResponse(decodeResult: success, version: HTTP/1.1)
HTTP/1.1 200 OK
Content-Length: 14
Content-Type: application/json; charset=utf-8
cache-control: no-cache

18:52:18.674 [AsyncHttpClient-1-7] DEBUG org.asynchttpclient.netty.channel.ChannelManager - Adding key: http://localhost:25125 for channel [id: 0x091f835d, L:/127.0.0.1:58971 - R:localhost/127.0.0.1:25125]
18:52:18.819 [AsyncHttpClient-1-7] DEBUG org.asynchttpclient.netty.handler.HttpHandler - Channel Closed: [id: 0x091f835d, L:/127.0.0.1:58971 ! R:localhost/127.0.0.1:25125] with attribute DISCARD
]]></system-out>
    <system-err><![CDATA[Starting ChromeDriver 111.0.5563.64 (c710e93d5b63b7095afe8c2c17df34408078439d-refs/branch-heads/5563@{#995}) on port 25125
Only local connections are allowed.
Please see https://chromedriver.chromium.org/security-considerations for suggestions on keeping ChromeDriver safe.
ChromeDriver was started successfully.
[1683546732.900][WARNING]: This version of ChromeDriver has not been tested with Chrome version 112.
May 08, 2023 6:52:13 PM org.openqa.selenium.devtools.CdpVersionFinder findNearestMatch
WARNING: Unable to find an exact match for CDP version 112, so returning the closest version found: 110
]]></system-err>
  </testcase>
  <testcase name="As user i have be able to failed login with email and password not filled" classname="Login" time="4.938">
    <system-out><![CDATA[
Scenario: As user i have be able to failed login with email and password not filled &amp#27;[90m# src/test/resources/features/login.feature:42&amp#27;[0m
18:52:18.911 [main] DEBUG io.cucumber.core.plugin.SerenityReporter - Running feature from file:///D:/alta/MiniProject/src/test/resources/features/login.feature
18:52:18.914 [main] INFO  - 
  _____   ___   ___   _____     ___   _____     _     ___   _____   ___   ___  
 |_   _| | __| / __| |_   _|   / __| |_   _|   /_\   | _ \ |_   _| | __| |   \ 
   | |   | _|  \__ \   | |     \__ \   | |    / _ \  |   /   | |   | _|  | |) |
   |_|   |___| |___/   |_|     |___/   |_|   /_/ \_\ |_|_\   |_|   |___| |___/ 

As user i have be able to failed login with email and password not filled(login;as-user-i-have-be-able-to-failed-login-with-email-and-password-not-filled)
--------------------------------------------------------------------------------
18:52:19.047 [main] INFO net.serenitybdd.core.webdriver.driverproviders.ChromeDriverProvider - Starting Chrome driver instance with capabilities:
18:52:19.048 [main] INFO net.serenitybdd.core.webdriver.driverproviders.ChromeDriverProvider - Capabilities {acceptInsecureCerts: false, browserName: chrome, goog:chromeOptions: {args: [remote-allow-origins=*], extensions: []}}
18:52:19.207 [AsyncHttpClient-1-10] DEBUG org.asynchttpclient.netty.channel.NettyConnectListener - Using new Channel '[id: 0x7f9c20de, L:/127.0.0.1:58998 - R:localhost/127.0.0.1:1949]' for 'POST' to '/session'
18:52:19.468 [AsyncHttpClient-1-1] DEBUG org.asynchttpclient.netty.channel.DefaultChannelPool - Entry count for : http://localhost:58972 : 1
18:52:19.468 [AsyncHttpClient-1-1] DEBUG org.asynchttpclient.netty.channel.DefaultChannelPool - Entry count for : http://localhost:25125 : 1
18:52:19.468 [AsyncHttpClient-1-1] DEBUG org.asynchttpclient.netty.channel.DefaultChannelPool - Adding Candidate expired Channel [id: 0x9788c727, L:/127.0.0.1:58980 ! R:localhost/127.0.0.1:58972] isIdleTimeoutExpired=false isRemotelyClosed=true isTtlExpired=false
18:52:19.468 [AsyncHttpClient-1-1] DEBUG org.asynchttpclient.netty.channel.DefaultChannelPool - Closing Idle Channel [id: 0x9788c727, L:/127.0.0.1:58980 ! R:localhost/127.0.0.1:58972]
18:52:19.468 [AsyncHttpClient-1-1] DEBUG org.asynchttpclient.netty.channel.DefaultChannelPool - Adding Candidate expired Channel [id: 0x091f835d, L:/127.0.0.1:58971 ! R:localhost/127.0.0.1:25125] isIdleTimeoutExpired=false isRemotelyClosed=true isTtlExpired=false
18:52:19.468 [AsyncHttpClient-1-1] DEBUG org.asynchttpclient.netty.channel.DefaultChannelPool - Closing Idle Channel [id: 0x091f835d, L:/127.0.0.1:58971 ! R:localhost/127.0.0.1:25125]
18:52:19.468 [AsyncHttpClient-1-1] DEBUG org.asynchttpclient.netty.channel.DefaultChannelPool - Closed 2 connections out of 2 in 0 ms
18:52:20.166 [AsyncHttpClient-1-10] DEBUG org.asynchttpclient.netty.handler.HttpHandler - 

Request DefaultHttpRequest(decodeResult: success, version: HTTP/1.1)
POST /session HTTP/1.1
User-Agent: selenium/4.8.1 (java windows)
Content-Length: 507
Content-Type: application/json; charset=utf-8
host: localhost:1949
accept: */*

Response DefaultHttpResponse(decodeResult: success, version: HTTP/1.1)
HTTP/1.1 200 OK
Content-Length: 862
Content-Type: application/json; charset=utf-8
cache-control: no-cache

18:52:20.167 [AsyncHttpClient-1-10] DEBUG org.asynchttpclient.netty.channel.ChannelManager - Adding key: http://localhost:1949 for channel [id: 0x7f9c20de, L:/127.0.0.1:58998 - R:localhost/127.0.0.1:1949]
18:52:20.183 [AsyncHttpClient-1-11] DEBUG org.asynchttpclient.netty.channel.NettyConnectListener - Using new Channel '[id: 0x632d3064, L:/127.0.0.1:59005 - R:localhost/127.0.0.1:58999]' for 'GET' to '/json/version'
18:52:20.184 [AsyncHttpClient-1-11] DEBUG org.asynchttpclient.netty.handler.HttpHandler - 

Request DefaultFullHttpRequest(decodeResult: success, version: HTTP/1.1, content: EmptyByteBufBE)
GET /json/version HTTP/1.1
User-Agent: selenium/4.8.1 (java windows)
host: localhost:58999
accept: */*

Response DefaultHttpResponse(decodeResult: success, version: HTTP/1.1)
HTTP/1.1 200 OK
Content-Security-Policy: frame-ancestors 'none'
Content-Length: 424
Content-Type: application/json; charset=UTF-8

18:52:20.184 [AsyncHttpClient-1-11] DEBUG org.asynchttpclient.netty.channel.ChannelManager - Adding key: http://localhost:58999 for channel [id: 0x632d3064, L:/127.0.0.1:59005 - R:localhost/127.0.0.1:58999]
18:52:20.191 [AsyncHttpClient-1-12] DEBUG org.asynchttpclient.netty.channel.NettyConnectListener - Using new Channel '[id: 0xea69b965, L:/127.0.0.1:59006 - R:localhost/127.0.0.1:58999]' for 'GET' to '/devtools/browser/12096710-168e-4753-a6ec-6d29e8c4f948'
18:52:20.198 [AsyncHttpClient-1-12] DEBUG org.asynchttpclient.netty.handler.WebSocketHandler - 

Request DefaultFullHttpRequest(decodeResult: success, version: HTTP/1.1, content: EmptyByteBufBE)
GET /devtools/browser/12096710-168e-4753-a6ec-6d29e8c4f948 HTTP/1.1
upgrade: websocket
connection: upgrade
sec-websocket-key: QMRyyyv1KUGrRIMzKKwlJA==
sec-websocket-version: 13
origin: http://localhost:58999
host: localhost:58999
accept: */*
user-agent: AHC/2.1

Response DefaultHttpResponse(decodeResult: success, version: HTTP/1.1)
HTTP/1.1 101 WebSocket Protocol Handshake
Upgrade: WebSocket
Connection: Upgrade
Sec-WebSocket-Accept: o1iQJe5DjtHIrlK3XsEiXHZWDyM=

18:52:20.208 [Forwarding get on session 980c2c70534a0cd9a7c097870c82de85 to remote] DEBUG org.asynchttpclient.netty.request.NettyRequestSender - Using pooled Channel '[id: 0x7f9c20de, L:/127.0.0.1:58998 - R:localhost/127.0.0.1:1949]' for 'POST' to 'http://localhost:1949/session/980c2c70534a0cd9a7c097870c82de85/url'
18:52:20.208 [Forwarding get on session 980c2c70534a0cd9a7c097870c82de85 to remote] DEBUG org.asynchttpclient.netty.request.NettyRequestSender - Using open Channel [id: 0x7f9c20de, L:/127.0.0.1:58998 - R:localhost/127.0.0.1:1949] for POST '/session/980c2c70534a0cd9a7c097870c82de85/url'
18:52:20.571 [AsyncHttpClient-1-1] DEBUG org.asynchttpclient.netty.channel.DefaultChannelPool - Entry count for : http://localhost:58999 : 1
18:52:21.219 [AsyncHttpClient-1-10] DEBUG org.asynchttpclient.netty.handler.HttpHandler - 

Request DefaultHttpRequest(decodeResult: success, version: HTTP/1.1)
POST /session/980c2c70534a0cd9a7c097870c82de85/url HTTP/1.1
User-Agent: selenium/4.8.1 (java windows)
Content-Length: 74
Content-Type: application/json; charset=utf-8
host: localhost:1949
accept: */*

Response DefaultHttpResponse(decodeResult: success, version: HTTP/1.1)
HTTP/1.1 200 OK
Content-Length: 14
Content-Type: application/json; charset=utf-8
cache-control: no-cache

18:52:21.219 [AsyncHttpClient-1-10] DEBUG org.asynchttpclient.netty.channel.ChannelManager - Adding key: http://localhost:1949 for channel [id: 0x7f9c20de, L:/127.0.0.1:58998 - R:localhost/127.0.0.1:1949]
18:52:21.222 [Forwarding setTimeout on session 980c2c70534a0cd9a7c097870c82de85 to remote] DEBUG org.asynchttpclient.netty.request.NettyRequestSender - Using pooled Channel '[id: 0x7f9c20de, L:/127.0.0.1:58998 - R:localhost/127.0.0.1:1949]' for 'POST' to 'http://localhost:1949/session/980c2c70534a0cd9a7c097870c82de85/timeouts'
18:52:21.222 [Forwarding setTimeout on session 980c2c70534a0cd9a7c097870c82de85 to remote] DEBUG org.asynchttpclient.netty.request.NettyRequestSender - Using open Channel [id: 0x7f9c20de, L:/127.0.0.1:58998 - R:localhost/127.0.0.1:1949] for POST '/session/980c2c70534a0cd9a7c097870c82de85/timeouts'
18:52:21.223 [AsyncHttpClient-1-10] DEBUG org.asynchttpclient.netty.handler.HttpHandler - 

Request DefaultHttpRequest(decodeResult: success, version: HTTP/1.1)
POST /session/980c2c70534a0cd9a7c097870c82de85/timeouts HTTP/1.1
User-Agent: selenium/4.8.1 (java windows)
Content-Length: 22
Content-Type: application/json; charset=utf-8
host: localhost:1949
accept: */*

Response DefaultHttpResponse(decodeResult: success, version: HTTP/1.1)
HTTP/1.1 200 OK
Content-Length: 14
Content-Type: application/json; charset=utf-8
cache-control: no-cache

18:52:21.223 [AsyncHttpClient-1-10] DEBUG org.asynchttpclient.netty.channel.ChannelManager - Adding key: http://localhost:1949 for channel [id: 0x7f9c20de, L:/127.0.0.1:58998 - R:localhost/127.0.0.1:1949]
18:52:21.233 [Forwarding getAlertText on session 980c2c70534a0cd9a7c097870c82de85 to remote] DEBUG org.asynchttpclient.netty.request.NettyRequestSender - Using pooled Channel '[id: 0x7f9c20de, L:/127.0.0.1:58998 - R:localhost/127.0.0.1:1949]' for 'GET' to 'http://localhost:1949/session/980c2c70534a0cd9a7c097870c82de85/alert/text'
18:52:21.233 [Forwarding getAlertText on session 980c2c70534a0cd9a7c097870c82de85 to remote] DEBUG org.asynchttpclient.netty.request.NettyRequestSender - Using open Channel [id: 0x7f9c20de, L:/127.0.0.1:58998 - R:localhost/127.0.0.1:1949] for GET '/session/980c2c70534a0cd9a7c097870c82de85/alert/text'
18:52:21.235 [AsyncHttpClient-1-10] DEBUG org.asynchttpclient.netty.handler.HttpHandler - 

Request DefaultFullHttpRequest(decodeResult: success, version: HTTP/1.1, content: EmptyByteBufBE)
GET /session/980c2c70534a0cd9a7c097870c82de85/alert/text HTTP/1.1
User-Agent: selenium/4.8.1 (java windows)
Cache-Control: no-cache
Content-Type: application/json; charset=utf-8
host: localhost:1949
accept: */*

Response DefaultHttpResponse(decodeResult: success, version: HTTP/1.1)
HTTP/1.1 404 Not Found
Content-Length: 809
Content-Type: application/json; charset=utf-8
cache-control: no-cache

18:52:21.235 [AsyncHttpClient-1-10] DEBUG org.asynchttpclient.netty.channel.ChannelManager - Adding key: http://localhost:1949 for channel [id: 0x7f9c20de, L:/127.0.0.1:58998 - R:localhost/127.0.0.1:1949]
18:52:21.237 [Forwarding getCurrentUrl on session 980c2c70534a0cd9a7c097870c82de85 to remote] DEBUG org.asynchttpclient.netty.request.NettyRequestSender - Using pooled Channel '[id: 0x7f9c20de, L:/127.0.0.1:58998 - R:localhost/127.0.0.1:1949]' for 'GET' to 'http://localhost:1949/session/980c2c70534a0cd9a7c097870c82de85/url'
18:52:21.237 [Forwarding getCurrentUrl on session 980c2c70534a0cd9a7c097870c82de85 to remote] DEBUG org.asynchttpclient.netty.request.NettyRequestSender - Using open Channel [id: 0x7f9c20de, L:/127.0.0.1:58998 - R:localhost/127.0.0.1:1949] for GET '/session/980c2c70534a0cd9a7c097870c82de85/url'
18:52:21.241 [AsyncHttpClient-1-10] DEBUG org.asynchttpclient.netty.handler.HttpHandler - 

Request DefaultFullHttpRequest(decodeResult: success, version: HTTP/1.1, content: EmptyByteBufBE)
GET /session/980c2c70534a0cd9a7c097870c82de85/url HTTP/1.1
User-Agent: selenium/4.8.1 (java windows)
Cache-Control: no-cache
Content-Type: application/json; charset=utf-8
host: localhost:1949
accept: */*

Response DefaultHttpResponse(decodeResult: success, version: HTTP/1.1)
HTTP/1.1 200 OK
Content-Length: 51
Content-Type: application/json; charset=utf-8
cache-control: no-cache

18:52:21.242 [AsyncHttpClient-1-10] DEBUG org.asynchttpclient.netty.channel.ChannelManager - Adding key: http://localhost:1949 for channel [id: 0x7f9c20de, L:/127.0.0.1:58998 - R:localhost/127.0.0.1:1949]
18:52:21.242 [Forwarding screenshot on session 980c2c70534a0cd9a7c097870c82de85 to remote] DEBUG org.asynchttpclient.netty.request.NettyRequestSender - Using pooled Channel '[id: 0x7f9c20de, L:/127.0.0.1:58998 - R:localhost/127.0.0.1:1949]' for 'GET' to 'http://localhost:1949/session/980c2c70534a0cd9a7c097870c82de85/screenshot'
18:52:21.242 [Forwarding screenshot on session 980c2c70534a0cd9a7c097870c82de85 to remote] DEBUG org.asynchttpclient.netty.request.NettyRequestSender - Using open Channel [id: 0x7f9c20de, L:/127.0.0.1:58998 - R:localhost/127.0.0.1:1949] for GET '/session/980c2c70534a0cd9a7c097870c82de85/screenshot'
18:52:21.447 [AsyncHttpClient-1-10] DEBUG org.asynchttpclient.netty.handler.HttpHandler - 

Request DefaultFullHttpRequest(decodeResult: success, version: HTTP/1.1, content: EmptyByteBufBE)
GET /session/980c2c70534a0cd9a7c097870c82de85/screenshot HTTP/1.1
User-Agent: selenium/4.8.1 (java windows)
Cache-Control: no-cache
Content-Type: application/json; charset=utf-8
host: localhost:1949
accept: */*

Response DefaultHttpResponse(decodeResult: success, version: HTTP/1.1)
HTTP/1.1 200 OK
Content-Length: 37716
Content-Type: application/json; charset=utf-8
cache-control: no-cache

18:52:21.447 [AsyncHttpClient-1-10] DEBUG org.asynchttpclient.netty.channel.ChannelManager - Adding key: http://localhost:1949 for channel [id: 0x7f9c20de, L:/127.0.0.1:58998 - R:localhost/127.0.0.1:1949]
18:52:21.452 [main] DEBUG net.serenitybdd.core.photography.Darkroom - Send negative for processing for target\site\serenity\33332457f5fcf49f454ccd10d3fe1f87607ab26fa20055fdbcc9b0598dc64b75.png
18:52:21.453 [Forwarding getPageSource on session 980c2c70534a0cd9a7c097870c82de85 to remote] DEBUG org.asynchttpclient.netty.request.NettyRequestSender - Using pooled Channel '[id: 0x7f9c20de, L:/127.0.0.1:58998 - R:localhost/127.0.0.1:1949]' for 'POST' to 'http://localhost:1949/session/980c2c70534a0cd9a7c097870c82de85/execute/sync'
18:52:21.453 [Forwarding getPageSource on session 980c2c70534a0cd9a7c097870c82de85 to remote] DEBUG org.asynchttpclient.netty.request.NettyRequestSender - Using open Channel [id: 0x7f9c20de, L:/127.0.0.1:58998 - R:localhost/127.0.0.1:1949] for POST '/session/980c2c70534a0cd9a7c097870c82de85/execute/sync'
18:52:21.460 [AsyncHttpClient-1-10] DEBUG org.asynchttpclient.netty.handler.HttpHandler - 

Request DefaultHttpRequest(decodeResult: success, version: HTTP/1.1)
POST /session/980c2c70534a0cd9a7c097870c82de85/execute/sync HTTP/1.1
User-Agent: selenium/4.8.1 (java windows)
Content-Length: 176
Content-Type: application/json; charset=utf-8
host: localhost:1949
accept: */*

Response DefaultHttpResponse(decodeResult: success, version: HTTP/1.1)
HTTP/1.1 200 OK
Content-Length: 21659
Content-Type: application/json; charset=utf-8
cache-control: no-cache

18:52:21.460 [AsyncHttpClient-1-10] DEBUG org.asynchttpclient.netty.channel.ChannelManager - Adding key: http://localhost:1949 for channel [id: 0x7f9c20de, L:/127.0.0.1:58998 - R:localhost/127.0.0.1:1949]
18:52:21.463 [Forwarding getCurrentUrl on session 980c2c70534a0cd9a7c097870c82de85 to remote] DEBUG org.asynchttpclient.netty.request.NettyRequestSender - Using pooled Channel '[id: 0x7f9c20de, L:/127.0.0.1:58998 - R:localhost/127.0.0.1:1949]' for 'GET' to 'http://localhost:1949/session/980c2c70534a0cd9a7c097870c82de85/url'
18:52:21.463 [Forwarding getCurrentUrl on session 980c2c70534a0cd9a7c097870c82de85 to remote] DEBUG org.asynchttpclient.netty.request.NettyRequestSender - Using open Channel [id: 0x7f9c20de, L:/127.0.0.1:58998 - R:localhost/127.0.0.1:1949] for GET '/session/980c2c70534a0cd9a7c097870c82de85/url'
18:52:21.475 [AsyncHttpClient-1-10] DEBUG org.asynchttpclient.netty.handler.HttpHandler - 

Request DefaultFullHttpRequest(decodeResult: success, version: HTTP/1.1, content: EmptyByteBufBE)
GET /session/980c2c70534a0cd9a7c097870c82de85/url HTTP/1.1
User-Agent: selenium/4.8.1 (java windows)
Cache-Control: no-cache
Content-Type: application/json; charset=utf-8
host: localhost:1949
accept: */*

Response DefaultHttpResponse(decodeResult: success, version: HTTP/1.1)
HTTP/1.1 200 OK
Content-Length: 51
Content-Type: application/json; charset=utf-8
cache-control: no-cache

18:52:21.475 [AsyncHttpClient-1-10] DEBUG org.asynchttpclient.netty.channel.ChannelManager - Adding key: http://localhost:1949 for channel [id: 0x7f9c20de, L:/127.0.0.1:58998 - R:localhost/127.0.0.1:1949]
18:52:21.483 [main] DEBUG net.thucydides.core.steps.StepInterceptor - STARTING STEP: LoginSteps.onLoginPage - validateOnLoginPage
18:52:21.488 [Forwarding findElement on session 980c2c70534a0cd9a7c097870c82de85 to remote] DEBUG org.asynchttpclient.netty.request.NettyRequestSender - Using pooled Channel '[id: 0x7f9c20de, L:/127.0.0.1:58998 - R:localhost/127.0.0.1:1949]' for 'POST' to 'http://localhost:1949/session/980c2c70534a0cd9a7c097870c82de85/element'
18:52:21.489 [Forwarding findElement on session 980c2c70534a0cd9a7c097870c82de85 to remote] DEBUG org.asynchttpclient.netty.request.NettyRequestSender - Using open Channel [id: 0x7f9c20de, L:/127.0.0.1:58998 - R:localhost/127.0.0.1:1949] for POST '/session/980c2c70534a0cd9a7c097870c82de85/element'
18:52:21.510 [AsyncHttpClient-1-10] DEBUG org.asynchttpclient.netty.handler.HttpHandler - 

Request DefaultHttpRequest(decodeResult: success, version: HTTP/1.1)
POST /session/980c2c70534a0cd9a7c097870c82de85/element HTTP/1.1
User-Agent: selenium/4.8.1 (java windows)
Content-Length: 141
Content-Type: application/json; charset=utf-8
host: localhost:1949
accept: */*

Response DefaultHttpResponse(decodeResult: success, version: HTTP/1.1)
HTTP/1.1 200 OK
Content-Length: 88
Content-Type: application/json; charset=utf-8
cache-control: no-cache

18:52:21.510 [AsyncHttpClient-1-10] DEBUG org.asynchttpclient.netty.channel.ChannelManager - Adding key: http://localhost:1949 for channel [id: 0x7f9c20de, L:/127.0.0.1:58998 - R:localhost/127.0.0.1:1949]
18:52:21.515 [Forwarding isElementDisplayed on session 980c2c70534a0cd9a7c097870c82de85 to remote] DEBUG org.asynchttpclient.netty.request.NettyRequestSender - Using pooled Channel '[id: 0x7f9c20de, L:/127.0.0.1:58998 - R:localhost/127.0.0.1:1949]' for 'POST' to 'http://localhost:1949/session/980c2c70534a0cd9a7c097870c82de85/execute/sync'
18:52:21.515 [Forwarding isElementDisplayed on session 980c2c70534a0cd9a7c097870c82de85 to remote] DEBUG org.asynchttpclient.netty.request.NettyRequestSender - Using open Channel [id: 0x7f9c20de, L:/127.0.0.1:58998 - R:localhost/127.0.0.1:1949] for POST '/session/980c2c70534a0cd9a7c097870c82de85/execute/sync'
18:52:21.532 [AsyncHttpClient-1-10] DEBUG org.asynchttpclient.netty.handler.HttpHandler - 

Request DefaultHttpRequest(decodeResult: success, version: HTTP/1.1)
POST /session/980c2c70534a0cd9a7c097870c82de85/execute/sync HTTP/1.1
User-Agent: selenium/4.8.1 (java windows)
Content-Length: 48807
Content-Type: application/json; charset=utf-8
host: localhost:1949
accept: */*

Response DefaultHttpResponse(decodeResult: success, version: HTTP/1.1)
HTTP/1.1 200 OK
Content-Length: 14
Content-Type: application/json; charset=utf-8
cache-control: no-cache

18:52:21.532 [AsyncHttpClient-1-10] DEBUG org.asynchttpclient.netty.channel.ChannelManager - Adding key: http://localhost:1949 for channel [id: 0x7f9c20de, L:/127.0.0.1:58998 - R:localhost/127.0.0.1:1949]
18:52:21.538 [Forwarding getAlertText on session 980c2c70534a0cd9a7c097870c82de85 to remote] DEBUG org.asynchttpclient.netty.request.NettyRequestSender - Using pooled Channel '[id: 0x7f9c20de, L:/127.0.0.1:58998 - R:localhost/127.0.0.1:1949]' for 'GET' to 'http://localhost:1949/session/980c2c70534a0cd9a7c097870c82de85/alert/text'
18:52:21.538 [Forwarding getAlertText on session 980c2c70534a0cd9a7c097870c82de85 to remote] DEBUG org.asynchttpclient.netty.request.NettyRequestSender - Using open Channel [id: 0x7f9c20de, L:/127.0.0.1:58998 - R:localhost/127.0.0.1:1949] for GET '/session/980c2c70534a0cd9a7c097870c82de85/alert/text'
18:52:21.540 [AsyncHttpClient-1-10] DEBUG org.asynchttpclient.netty.handler.HttpHandler - 

Request DefaultFullHttpRequest(decodeResult: success, version: HTTP/1.1, content: EmptyByteBufBE)
GET /session/980c2c70534a0cd9a7c097870c82de85/alert/text HTTP/1.1
User-Agent: selenium/4.8.1 (java windows)
Cache-Control: no-cache
Content-Type: application/json; charset=utf-8
host: localhost:1949
accept: */*

Response DefaultHttpResponse(decodeResult: success, version: HTTP/1.1)
HTTP/1.1 404 Not Found
Content-Length: 809
Content-Type: application/json; charset=utf-8
cache-control: no-cache

18:52:21.540 [AsyncHttpClient-1-10] DEBUG org.asynchttpclient.netty.channel.ChannelManager - Adding key: http://localhost:1949 for channel [id: 0x7f9c20de, L:/127.0.0.1:58998 - R:localhost/127.0.0.1:1949]
18:52:21.541 [Forwarding getCurrentUrl on session 980c2c70534a0cd9a7c097870c82de85 to remote] DEBUG org.asynchttpclient.netty.request.NettyRequestSender - Using pooled Channel '[id: 0x7f9c20de, L:/127.0.0.1:58998 - R:localhost/127.0.0.1:1949]' for 'GET' to 'http://localhost:1949/session/980c2c70534a0cd9a7c097870c82de85/url'
18:52:21.541 [Forwarding getCurrentUrl on session 980c2c70534a0cd9a7c097870c82de85 to remote] DEBUG org.asynchttpclient.netty.request.NettyRequestSender - Using open Channel [id: 0x7f9c20de, L:/127.0.0.1:58998 - R:localhost/127.0.0.1:1949] for GET '/session/980c2c70534a0cd9a7c097870c82de85/url'
18:52:21.546 [AsyncHttpClient-1-10] DEBUG org.asynchttpclient.netty.handler.HttpHandler - 

Request DefaultFullHttpRequest(decodeResult: success, version: HTTP/1.1, content: EmptyByteBufBE)
GET /session/980c2c70534a0cd9a7c097870c82de85/url HTTP/1.1
User-Agent: selenium/4.8.1 (java windows)
Cache-Control: no-cache
Content-Type: application/json; charset=utf-8
host: localhost:1949
accept: */*

Response DefaultHttpResponse(decodeResult: success, version: HTTP/1.1)
HTTP/1.1 200 OK
Content-Length: 51
Content-Type: application/json; charset=utf-8
cache-control: no-cache

18:52:21.546 [AsyncHttpClient-1-10] DEBUG org.asynchttpclient.netty.channel.ChannelManager - Adding key: http://localhost:1949 for channel [id: 0x7f9c20de, L:/127.0.0.1:58998 - R:localhost/127.0.0.1:1949]
18:52:21.548 [Forwarding screenshot on session 980c2c70534a0cd9a7c097870c82de85 to remote] DEBUG org.asynchttpclient.netty.request.NettyRequestSender - Using pooled Channel '[id: 0x7f9c20de, L:/127.0.0.1:58998 - R:localhost/127.0.0.1:1949]' for 'GET' to 'http://localhost:1949/session/980c2c70534a0cd9a7c097870c82de85/screenshot'
18:52:21.548 [Forwarding screenshot on session 980c2c70534a0cd9a7c097870c82de85 to remote] DEBUG org.asynchttpclient.netty.request.NettyRequestSender - Using open Channel [id: 0x7f9c20de, L:/127.0.0.1:58998 - R:localhost/127.0.0.1:1949] for GET '/session/980c2c70534a0cd9a7c097870c82de85/screenshot'
18:52:21.668 [AsyncHttpClient-1-1] DEBUG org.asynchttpclient.netty.channel.DefaultChannelPool - Entry count for : http://localhost:58999 : 1
18:52:21.723 [AsyncHttpClient-1-10] DEBUG org.asynchttpclient.netty.handler.HttpHandler - 

Request DefaultFullHttpRequest(decodeResult: success, version: HTTP/1.1, content: EmptyByteBufBE)
GET /session/980c2c70534a0cd9a7c097870c82de85/screenshot HTTP/1.1
User-Agent: selenium/4.8.1 (java windows)
Cache-Control: no-cache
Content-Type: application/json; charset=utf-8
host: localhost:1949
accept: */*

Response DefaultHttpResponse(decodeResult: success, version: HTTP/1.1)
HTTP/1.1 200 OK
Content-Length: 37716
Content-Type: application/json; charset=utf-8
cache-control: no-cache

18:52:21.723 [AsyncHttpClient-1-10] DEBUG org.asynchttpclient.netty.channel.ChannelManager - Adding key: http://localhost:1949 for channel [id: 0x7f9c20de, L:/127.0.0.1:58998 - R:localhost/127.0.0.1:1949]
18:52:21.725 [main] DEBUG net.serenitybdd.core.photography.Darkroom - Send negative for processing for target\site\serenity\33332457f5fcf49f454ccd10d3fe1f87607ab26fa20055fdbcc9b0598dc64b75.png
18:52:21.726 [main] DEBUG net.thucydides.core.steps.StepInterceptor - STEP DONE: validateOnLoginPage
  &amp#27;[32mGiven &amp#27;[0m&amp#27;[32mI am on the login page&amp#27;[0m                                                      &amp#27;[90m# starter.stepdefinitions.LoginSteps.onLoginPage()&amp#27;[0m
18:52:21.737 [Forwarding getPageSource on session 980c2c70534a0cd9a7c097870c82de85 to remote] DEBUG org.asynchttpclient.netty.request.NettyRequestSender - Using pooled Channel '[id: 0x7f9c20de, L:/127.0.0.1:58998 - R:localhost/127.0.0.1:1949]' for 'POST' to 'http://localhost:1949/session/980c2c70534a0cd9a7c097870c82de85/execute/sync'
18:52:21.737 [Forwarding getPageSource on session 980c2c70534a0cd9a7c097870c82de85 to remote] DEBUG org.asynchttpclient.netty.request.NettyRequestSender - Using open Channel [id: 0x7f9c20de, L:/127.0.0.1:58998 - R:localhost/127.0.0.1:1949] for POST '/session/980c2c70534a0cd9a7c097870c82de85/execute/sync'
18:52:21.742 [AsyncHttpClient-1-10] DEBUG org.asynchttpclient.netty.handler.HttpHandler - 

Request DefaultHttpRequest(decodeResult: success, version: HTTP/1.1)
POST /session/980c2c70534a0cd9a7c097870c82de85/execute/sync HTTP/1.1
User-Agent: selenium/4.8.1 (java windows)
Content-Length: 176
Content-Type: application/json; charset=utf-8
host: localhost:1949
accept: */*

Response DefaultHttpResponse(decodeResult: success, version: HTTP/1.1)
HTTP/1.1 200 OK
Content-Length: 21659
Content-Type: application/json; charset=utf-8
cache-control: no-cache

18:52:21.742 [AsyncHttpClient-1-10] DEBUG org.asynchttpclient.netty.channel.ChannelManager - Adding key: http://localhost:1949 for channel [id: 0x7f9c20de, L:/127.0.0.1:58998 - R:localhost/127.0.0.1:1949]
18:52:21.745 [Forwarding getCurrentUrl on session 980c2c70534a0cd9a7c097870c82de85 to remote] DEBUG org.asynchttpclient.netty.request.NettyRequestSender - Using pooled Channel '[id: 0x7f9c20de, L:/127.0.0.1:58998 - R:localhost/127.0.0.1:1949]' for 'GET' to 'http://localhost:1949/session/980c2c70534a0cd9a7c097870c82de85/url'
18:52:21.745 [Forwarding getCurrentUrl on session 980c2c70534a0cd9a7c097870c82de85 to remote] DEBUG org.asynchttpclient.netty.request.NettyRequestSender - Using open Channel [id: 0x7f9c20de, L:/127.0.0.1:58998 - R:localhost/127.0.0.1:1949] for GET '/session/980c2c70534a0cd9a7c097870c82de85/url'
18:52:21.751 [AsyncHttpClient-1-10] DEBUG org.asynchttpclient.netty.handler.HttpHandler - 

Request DefaultFullHttpRequest(decodeResult: success, version: HTTP/1.1, content: EmptyByteBufBE)
GET /session/980c2c70534a0cd9a7c097870c82de85/url HTTP/1.1
User-Agent: selenium/4.8.1 (java windows)
Cache-Control: no-cache
Content-Type: application/json; charset=utf-8
host: localhost:1949
accept: */*

Response DefaultHttpResponse(decodeResult: success, version: HTTP/1.1)
HTTP/1.1 200 OK
Content-Length: 51
Content-Type: application/json; charset=utf-8
cache-control: no-cache

18:52:21.751 [AsyncHttpClient-1-10] DEBUG org.asynchttpclient.netty.channel.ChannelManager - Adding key: http://localhost:1949 for channel [id: 0x7f9c20de, L:/127.0.0.1:58998 - R:localhost/127.0.0.1:1949]
18:52:21.757 [Forwarding getPageSource on session 980c2c70534a0cd9a7c097870c82de85 to remote] DEBUG org.asynchttpclient.netty.request.NettyRequestSender - Using pooled Channel '[id: 0x7f9c20de, L:/127.0.0.1:58998 - R:localhost/127.0.0.1:1949]' for 'POST' to 'http://localhost:1949/session/980c2c70534a0cd9a7c097870c82de85/execute/sync'
18:52:21.757 [Forwarding getPageSource on session 980c2c70534a0cd9a7c097870c82de85 to remote] DEBUG org.asynchttpclient.netty.request.NettyRequestSender - Using open Channel [id: 0x7f9c20de, L:/127.0.0.1:58998 - R:localhost/127.0.0.1:1949] for POST '/session/980c2c70534a0cd9a7c097870c82de85/execute/sync'
18:52:21.769 [AsyncHttpClient-1-10] DEBUG org.asynchttpclient.netty.handler.HttpHandler - 

Request DefaultHttpRequest(decodeResult: success, version: HTTP/1.1)
POST /session/980c2c70534a0cd9a7c097870c82de85/execute/sync HTTP/1.1
User-Agent: selenium/4.8.1 (java windows)
Content-Length: 176
Content-Type: application/json; charset=utf-8
host: localhost:1949
accept: */*

Response DefaultHttpResponse(decodeResult: success, version: HTTP/1.1)
HTTP/1.1 200 OK
Content-Length: 21659
Content-Type: application/json; charset=utf-8
cache-control: no-cache

18:52:21.769 [AsyncHttpClient-1-10] DEBUG org.asynchttpclient.netty.channel.ChannelManager - Adding key: http://localhost:1949 for channel [id: 0x7f9c20de, L:/127.0.0.1:58998 - R:localhost/127.0.0.1:1949]
18:52:21.771 [Forwarding getCurrentUrl on session 980c2c70534a0cd9a7c097870c82de85 to remote] DEBUG org.asynchttpclient.netty.request.NettyRequestSender - Using pooled Channel '[id: 0x7f9c20de, L:/127.0.0.1:58998 - R:localhost/127.0.0.1:1949]' for 'GET' to 'http://localhost:1949/session/980c2c70534a0cd9a7c097870c82de85/url'
18:52:21.771 [Forwarding getCurrentUrl on session 980c2c70534a0cd9a7c097870c82de85 to remote] DEBUG org.asynchttpclient.netty.request.NettyRequestSender - Using open Channel [id: 0x7f9c20de, L:/127.0.0.1:58998 - R:localhost/127.0.0.1:1949] for GET '/session/980c2c70534a0cd9a7c097870c82de85/url'
18:52:21.776 [AsyncHttpClient-1-10] DEBUG org.asynchttpclient.netty.handler.HttpHandler - 

Request DefaultFullHttpRequest(decodeResult: success, version: HTTP/1.1, content: EmptyByteBufBE)
GET /session/980c2c70534a0cd9a7c097870c82de85/url HTTP/1.1
User-Agent: selenium/4.8.1 (java windows)
Cache-Control: no-cache
Content-Type: application/json; charset=utf-8
host: localhost:1949
accept: */*

Response DefaultHttpResponse(decodeResult: success, version: HTTP/1.1)
HTTP/1.1 200 OK
Content-Length: 51
Content-Type: application/json; charset=utf-8
cache-control: no-cache

18:52:21.776 [AsyncHttpClient-1-10] DEBUG org.asynchttpclient.netty.channel.ChannelManager - Adding key: http://localhost:1949 for channel [id: 0x7f9c20de, L:/127.0.0.1:58998 - R:localhost/127.0.0.1:1949]
18:52:21.781 [main] DEBUG net.thucydides.core.steps.StepInterceptor - STARTING STEP: LoginSteps.enterEmailOnLogin - inputEmail
18:52:21.783 [Forwarding findElement on session 980c2c70534a0cd9a7c097870c82de85 to remote] DEBUG org.asynchttpclient.netty.request.NettyRequestSender - Using pooled Channel '[id: 0x7f9c20de, L:/127.0.0.1:58998 - R:localhost/127.0.0.1:1949]' for 'POST' to 'http://localhost:1949/session/980c2c70534a0cd9a7c097870c82de85/element'
18:52:21.783 [Forwarding findElement on session 980c2c70534a0cd9a7c097870c82de85 to remote] DEBUG org.asynchttpclient.netty.request.NettyRequestSender - Using open Channel [id: 0x7f9c20de, L:/127.0.0.1:58998 - R:localhost/127.0.0.1:1949] for POST '/session/980c2c70534a0cd9a7c097870c82de85/element'
18:52:21.805 [AsyncHttpClient-1-10] DEBUG org.asynchttpclient.netty.handler.HttpHandler - 

Request DefaultHttpRequest(decodeResult: success, version: HTTP/1.1)
POST /session/980c2c70534a0cd9a7c097870c82de85/element HTTP/1.1
User-Agent: selenium/4.8.1 (java windows)
Content-Length: 70
Content-Type: application/json; charset=utf-8
host: localhost:1949
accept: */*

Response DefaultHttpResponse(decodeResult: success, version: HTTP/1.1)
HTTP/1.1 200 OK
Content-Length: 88
Content-Type: application/json; charset=utf-8
cache-control: no-cache

18:52:21.805 [AsyncHttpClient-1-10] DEBUG org.asynchttpclient.netty.channel.ChannelManager - Adding key: http://localhost:1949 for channel [id: 0x7f9c20de, L:/127.0.0.1:58998 - R:localhost/127.0.0.1:1949]
18:52:21.806 [Forwarding clearElement on session 980c2c70534a0cd9a7c097870c82de85 to remote] DEBUG org.asynchttpclient.netty.request.NettyRequestSender - Using pooled Channel '[id: 0x7f9c20de, L:/127.0.0.1:58998 - R:localhost/127.0.0.1:1949]' for 'POST' to 'http://localhost:1949/session/980c2c70534a0cd9a7c097870c82de85/element/a6d9e7af-9a32-4ba9-9f9a-27fb33060c08/clear'
18:52:21.806 [Forwarding clearElement on session 980c2c70534a0cd9a7c097870c82de85 to remote] DEBUG org.asynchttpclient.netty.request.NettyRequestSender - Using open Channel [id: 0x7f9c20de, L:/127.0.0.1:58998 - R:localhost/127.0.0.1:1949] for POST '/session/980c2c70534a0cd9a7c097870c82de85/element/a6d9e7af-9a32-4ba9-9f9a-27fb33060c08/clear'
18:52:21.854 [AsyncHttpClient-1-10] DEBUG org.asynchttpclient.netty.handler.HttpHandler - 

Request DefaultHttpRequest(decodeResult: success, version: HTTP/1.1)
POST /session/980c2c70534a0cd9a7c097870c82de85/element/a6d9e7af-9a32-4ba9-9f9a-27fb33060c08/clear HTTP/1.1
User-Agent: selenium/4.8.1 (java windows)
Content-Length: 50
Content-Type: application/json; charset=utf-8
host: localhost:1949
accept: */*

Response DefaultHttpResponse(decodeResult: success, version: HTTP/1.1)
HTTP/1.1 200 OK
Content-Length: 14
Content-Type: application/json; charset=utf-8
cache-control: no-cache

18:52:21.855 [AsyncHttpClient-1-10] DEBUG org.asynchttpclient.netty.channel.ChannelManager - Adding key: http://localhost:1949 for channel [id: 0x7f9c20de, L:/127.0.0.1:58998 - R:localhost/127.0.0.1:1949]
18:52:21.857 [Forwarding sendKeysToElement on session 980c2c70534a0cd9a7c097870c82de85 to remote] DEBUG org.asynchttpclient.netty.request.NettyRequestSender - Using pooled Channel '[id: 0x7f9c20de, L:/127.0.0.1:58998 - R:localhost/127.0.0.1:1949]' for 'POST' to 'http://localhost:1949/session/980c2c70534a0cd9a7c097870c82de85/element/a6d9e7af-9a32-4ba9-9f9a-27fb33060c08/value'
18:52:21.857 [Forwarding sendKeysToElement on session 980c2c70534a0cd9a7c097870c82de85 to remote] DEBUG org.asynchttpclient.netty.request.NettyRequestSender - Using open Channel [id: 0x7f9c20de, L:/127.0.0.1:58998 - R:localhost/127.0.0.1:1949] for POST '/session/980c2c70534a0cd9a7c097870c82de85/element/a6d9e7af-9a32-4ba9-9f9a-27fb33060c08/value'
18:52:21.901 [AsyncHttpClient-1-10] DEBUG org.asynchttpclient.netty.handler.HttpHandler - 

Request DefaultHttpRequest(decodeResult: success, version: HTTP/1.1)
POST /session/980c2c70534a0cd9a7c097870c82de85/element/a6d9e7af-9a32-4ba9-9f9a-27fb33060c08/value HTTP/1.1
User-Agent: selenium/4.8.1 (java windows)
Content-Length: 82
Content-Type: application/json; charset=utf-8
host: localhost:1949
accept: */*

Response DefaultHttpResponse(decodeResult: success, version: HTTP/1.1)
HTTP/1.1 200 OK
Content-Length: 14
Content-Type: application/json; charset=utf-8
cache-control: no-cache

18:52:21.902 [AsyncHttpClient-1-10] DEBUG org.asynchttpclient.netty.channel.ChannelManager - Adding key: http://localhost:1949 for channel [id: 0x7f9c20de, L:/127.0.0.1:58998 - R:localhost/127.0.0.1:1949]
18:52:21.913 [Forwarding getAlertText on session 980c2c70534a0cd9a7c097870c82de85 to remote] DEBUG org.asynchttpclient.netty.request.NettyRequestSender - Using pooled Channel '[id: 0x7f9c20de, L:/127.0.0.1:58998 - R:localhost/127.0.0.1:1949]' for 'GET' to 'http://localhost:1949/session/980c2c70534a0cd9a7c097870c82de85/alert/text'
18:52:21.914 [Forwarding getAlertText on session 980c2c70534a0cd9a7c097870c82de85 to remote] DEBUG org.asynchttpclient.netty.request.NettyRequestSender - Using open Channel [id: 0x7f9c20de, L:/127.0.0.1:58998 - R:localhost/127.0.0.1:1949] for GET '/session/980c2c70534a0cd9a7c097870c82de85/alert/text'
18:52:21.915 [AsyncHttpClient-1-10] DEBUG org.asynchttpclient.netty.handler.HttpHandler - 

Request DefaultFullHttpRequest(decodeResult: success, version: HTTP/1.1, content: EmptyByteBufBE)
GET /session/980c2c70534a0cd9a7c097870c82de85/alert/text HTTP/1.1
User-Agent: selenium/4.8.1 (java windows)
Cache-Control: no-cache
Content-Type: application/json; charset=utf-8
host: localhost:1949
accept: */*

Response DefaultHttpResponse(decodeResult: success, version: HTTP/1.1)
HTTP/1.1 404 Not Found
Content-Length: 809
Content-Type: application/json; charset=utf-8
cache-control: no-cache

18:52:21.916 [AsyncHttpClient-1-10] DEBUG org.asynchttpclient.netty.channel.ChannelManager - Adding key: http://localhost:1949 for channel [id: 0x7f9c20de, L:/127.0.0.1:58998 - R:localhost/127.0.0.1:1949]
18:52:21.917 [Forwarding getCurrentUrl on session 980c2c70534a0cd9a7c097870c82de85 to remote] DEBUG org.asynchttpclient.netty.request.NettyRequestSender - Using pooled Channel '[id: 0x7f9c20de, L:/127.0.0.1:58998 - R:localhost/127.0.0.1:1949]' for 'GET' to 'http://localhost:1949/session/980c2c70534a0cd9a7c097870c82de85/url'
18:52:21.917 [Forwarding getCurrentUrl on session 980c2c70534a0cd9a7c097870c82de85 to remote] DEBUG org.asynchttpclient.netty.request.NettyRequestSender - Using open Channel [id: 0x7f9c20de, L:/127.0.0.1:58998 - R:localhost/127.0.0.1:1949] for GET '/session/980c2c70534a0cd9a7c097870c82de85/url'
18:52:21.922 [AsyncHttpClient-1-10] DEBUG org.asynchttpclient.netty.handler.HttpHandler - 

Request DefaultFullHttpRequest(decodeResult: success, version: HTTP/1.1, content: EmptyByteBufBE)
GET /session/980c2c70534a0cd9a7c097870c82de85/url HTTP/1.1
User-Agent: selenium/4.8.1 (java windows)
Cache-Control: no-cache
Content-Type: application/json; charset=utf-8
host: localhost:1949
accept: */*

Response DefaultHttpResponse(decodeResult: success, version: HTTP/1.1)
HTTP/1.1 200 OK
Content-Length: 51
Content-Type: application/json; charset=utf-8
cache-control: no-cache

18:52:21.922 [AsyncHttpClient-1-10] DEBUG org.asynchttpclient.netty.channel.ChannelManager - Adding key: http://localhost:1949 for channel [id: 0x7f9c20de, L:/127.0.0.1:58998 - R:localhost/127.0.0.1:1949]
18:52:21.923 [Forwarding screenshot on session 980c2c70534a0cd9a7c097870c82de85 to remote] DEBUG org.asynchttpclient.netty.request.NettyRequestSender - Using pooled Channel '[id: 0x7f9c20de, L:/127.0.0.1:58998 - R:localhost/127.0.0.1:1949]' for 'GET' to 'http://localhost:1949/session/980c2c70534a0cd9a7c097870c82de85/screenshot'
18:52:21.923 [Forwarding screenshot on session 980c2c70534a0cd9a7c097870c82de85 to remote] DEBUG org.asynchttpclient.netty.request.NettyRequestSender - Using open Channel [id: 0x7f9c20de, L:/127.0.0.1:58998 - R:localhost/127.0.0.1:1949] for GET '/session/980c2c70534a0cd9a7c097870c82de85/screenshot'
18:52:22.101 [AsyncHttpClient-1-10] DEBUG org.asynchttpclient.netty.handler.HttpHandler - 

Request DefaultFullHttpRequest(decodeResult: success, version: HTTP/1.1, content: EmptyByteBufBE)
GET /session/980c2c70534a0cd9a7c097870c82de85/screenshot HTTP/1.1
User-Agent: selenium/4.8.1 (java windows)
Cache-Control: no-cache
Content-Type: application/json; charset=utf-8
host: localhost:1949
accept: */*

Response DefaultHttpResponse(decodeResult: success, version: HTTP/1.1)
HTTP/1.1 200 OK
Content-Length: 37908
Content-Type: application/json; charset=utf-8
cache-control: no-cache

18:52:22.101 [AsyncHttpClient-1-10] DEBUG org.asynchttpclient.netty.channel.ChannelManager - Adding key: http://localhost:1949 for channel [id: 0x7f9c20de, L:/127.0.0.1:58998 - R:localhost/127.0.0.1:1949]
18:52:22.103 [main] DEBUG net.serenitybdd.core.photography.Darkroom - Send negative for processing for target\site\serenity\0516da809e0d5de7e4a042a1ee4f7cf42f908448894a9b6a1b767efa8b871e4a.png
18:52:22.103 [main] DEBUG net.thucydides.core.steps.StepInterceptor - STEP DONE: inputEmail
18:52:22.103 [Darkroom Processing Line] DEBUG net.serenitybdd.core.photography.DarkroomProcessingLine - Processing screenshot image in /var/screenshots/screenshot-2197121538045760429
18:52:22.103 [Darkroom Processing Line] DEBUG net.serenitybdd.core.photography.DarkroomProcessingLine - Saving screenshot to target\site\serenity\0516da809e0d5de7e4a042a1ee4f7cf42f908448894a9b6a1b767efa8b871e4a.png
  &amp#27;[32mWhen &amp#27;[0m&amp#27;[32mI enter email &amp#27;[0m&amp#27;[32m&amp#27;[1m""&amp#27;[0m                                                             &amp#27;[90m# starter.stepdefinitions.LoginSteps.enterEmailOnLogin(java.lang.String)&amp#27;[0m
18:52:22.111 [Forwarding getPageSource on session 980c2c70534a0cd9a7c097870c82de85 to remote] DEBUG org.asynchttpclient.netty.request.NettyRequestSender - Using pooled Channel '[id: 0x7f9c20de, L:/127.0.0.1:58998 - R:localhost/127.0.0.1:1949]' for 'POST' to 'http://localhost:1949/session/980c2c70534a0cd9a7c097870c82de85/execute/sync'
18:52:22.111 [Forwarding getPageSource on session 980c2c70534a0cd9a7c097870c82de85 to remote] DEBUG org.asynchttpclient.netty.request.NettyRequestSender - Using open Channel [id: 0x7f9c20de, L:/127.0.0.1:58998 - R:localhost/127.0.0.1:1949] for POST '/session/980c2c70534a0cd9a7c097870c82de85/execute/sync'
18:52:22.118 [AsyncHttpClient-1-10] DEBUG org.asynchttpclient.netty.handler.HttpHandler - 

Request DefaultHttpRequest(decodeResult: success, version: HTTP/1.1)
POST /session/980c2c70534a0cd9a7c097870c82de85/execute/sync HTTP/1.1
User-Agent: selenium/4.8.1 (java windows)
Content-Length: 176
Content-Type: application/json; charset=utf-8
host: localhost:1949
accept: */*

Response DefaultHttpResponse(decodeResult: success, version: HTTP/1.1)
HTTP/1.1 200 OK
Content-Length: 21737
Content-Type: application/json; charset=utf-8
cache-control: no-cache

18:52:22.118 [AsyncHttpClient-1-10] DEBUG org.asynchttpclient.netty.channel.ChannelManager - Adding key: http://localhost:1949 for channel [id: 0x7f9c20de, L:/127.0.0.1:58998 - R:localhost/127.0.0.1:1949]
18:52:22.120 [Forwarding getCurrentUrl on session 980c2c70534a0cd9a7c097870c82de85 to remote] DEBUG org.asynchttpclient.netty.request.NettyRequestSender - Using pooled Channel '[id: 0x7f9c20de, L:/127.0.0.1:58998 - R:localhost/127.0.0.1:1949]' for 'GET' to 'http://localhost:1949/session/980c2c70534a0cd9a7c097870c82de85/url'
18:52:22.120 [Forwarding getCurrentUrl on session 980c2c70534a0cd9a7c097870c82de85 to remote] DEBUG org.asynchttpclient.netty.request.NettyRequestSender - Using open Channel [id: 0x7f9c20de, L:/127.0.0.1:58998 - R:localhost/127.0.0.1:1949] for GET '/session/980c2c70534a0cd9a7c097870c82de85/url'
18:52:22.123 [AsyncHttpClient-1-10] DEBUG org.asynchttpclient.netty.handler.HttpHandler - 

Request DefaultFullHttpRequest(decodeResult: success, version: HTTP/1.1, content: EmptyByteBufBE)
GET /session/980c2c70534a0cd9a7c097870c82de85/url HTTP/1.1
User-Agent: selenium/4.8.1 (java windows)
Cache-Control: no-cache
Content-Type: application/json; charset=utf-8
host: localhost:1949
accept: */*

Response DefaultHttpResponse(decodeResult: success, version: HTTP/1.1)
HTTP/1.1 200 OK
Content-Length: 51
Content-Type: application/json; charset=utf-8
cache-control: no-cache

18:52:22.123 [AsyncHttpClient-1-10] DEBUG org.asynchttpclient.netty.channel.ChannelManager - Adding key: http://localhost:1949 for channel [id: 0x7f9c20de, L:/127.0.0.1:58998 - R:localhost/127.0.0.1:1949]
18:52:22.135 [Forwarding getPageSource on session 980c2c70534a0cd9a7c097870c82de85 to remote] DEBUG org.asynchttpclient.netty.request.NettyRequestSender - Using pooled Channel '[id: 0x7f9c20de, L:/127.0.0.1:58998 - R:localhost/127.0.0.1:1949]' for 'POST' to 'http://localhost:1949/session/980c2c70534a0cd9a7c097870c82de85/execute/sync'
18:52:22.135 [Forwarding getPageSource on session 980c2c70534a0cd9a7c097870c82de85 to remote] DEBUG org.asynchttpclient.netty.request.NettyRequestSender - Using open Channel [id: 0x7f9c20de, L:/127.0.0.1:58998 - R:localhost/127.0.0.1:1949] for POST '/session/980c2c70534a0cd9a7c097870c82de85/execute/sync'
18:52:22.140 [AsyncHttpClient-1-10] DEBUG org.asynchttpclient.netty.handler.HttpHandler - 

Request DefaultHttpRequest(decodeResult: success, version: HTTP/1.1)
POST /session/980c2c70534a0cd9a7c097870c82de85/execute/sync HTTP/1.1
User-Agent: selenium/4.8.1 (java windows)
Content-Length: 176
Content-Type: application/json; charset=utf-8
host: localhost:1949
accept: */*

Response DefaultHttpResponse(decodeResult: success, version: HTTP/1.1)
HTTP/1.1 200 OK
Content-Length: 21737
Content-Type: application/json; charset=utf-8
cache-control: no-cache

18:52:22.140 [AsyncHttpClient-1-10] DEBUG org.asynchttpclient.netty.channel.ChannelManager - Adding key: http://localhost:1949 for channel [id: 0x7f9c20de, L:/127.0.0.1:58998 - R:localhost/127.0.0.1:1949]
18:52:22.141 [Forwarding getCurrentUrl on session 980c2c70534a0cd9a7c097870c82de85 to remote] DEBUG org.asynchttpclient.netty.request.NettyRequestSender - Using pooled Channel '[id: 0x7f9c20de, L:/127.0.0.1:58998 - R:localhost/127.0.0.1:1949]' for 'GET' to 'http://localhost:1949/session/980c2c70534a0cd9a7c097870c82de85/url'
18:52:22.141 [Forwarding getCurrentUrl on session 980c2c70534a0cd9a7c097870c82de85 to remote] DEBUG org.asynchttpclient.netty.request.NettyRequestSender - Using open Channel [id: 0x7f9c20de, L:/127.0.0.1:58998 - R:localhost/127.0.0.1:1949] for GET '/session/980c2c70534a0cd9a7c097870c82de85/url'
18:52:22.150 [AsyncHttpClient-1-10] DEBUG org.asynchttpclient.netty.handler.HttpHandler - 

Request DefaultFullHttpRequest(decodeResult: success, version: HTTP/1.1, content: EmptyByteBufBE)
GET /session/980c2c70534a0cd9a7c097870c82de85/url HTTP/1.1
User-Agent: selenium/4.8.1 (java windows)
Cache-Control: no-cache
Content-Type: application/json; charset=utf-8
host: localhost:1949
accept: */*

Response DefaultHttpResponse(decodeResult: success, version: HTTP/1.1)
HTTP/1.1 200 OK
Content-Length: 51
Content-Type: application/json; charset=utf-8
cache-control: no-cache

18:52:22.150 [AsyncHttpClient-1-10] DEBUG org.asynchttpclient.netty.channel.ChannelManager - Adding key: http://localhost:1949 for channel [id: 0x7f9c20de, L:/127.0.0.1:58998 - R:localhost/127.0.0.1:1949]
18:52:22.152 [main] DEBUG net.thucydides.core.steps.StepInterceptor - STARTING STEP: LoginSteps.enterPasswordOnLogin - inputPassword
18:52:22.153 [Forwarding findElement on session 980c2c70534a0cd9a7c097870c82de85 to remote] DEBUG org.asynchttpclient.netty.request.NettyRequestSender - Using pooled Channel '[id: 0x7f9c20de, L:/127.0.0.1:58998 - R:localhost/127.0.0.1:1949]' for 'POST' to 'http://localhost:1949/session/980c2c70534a0cd9a7c097870c82de85/element'
18:52:22.153 [Forwarding findElement on session 980c2c70534a0cd9a7c097870c82de85 to remote] DEBUG org.asynchttpclient.netty.request.NettyRequestSender - Using open Channel [id: 0x7f9c20de, L:/127.0.0.1:58998 - R:localhost/127.0.0.1:1949] for POST '/session/980c2c70534a0cd9a7c097870c82de85/element'
18:52:22.167 [AsyncHttpClient-1-10] DEBUG org.asynchttpclient.netty.handler.HttpHandler - 

Request DefaultHttpRequest(decodeResult: success, version: HTTP/1.1)
POST /session/980c2c70534a0cd9a7c097870c82de85/element HTTP/1.1
User-Agent: selenium/4.8.1 (java windows)
Content-Length: 70
Content-Type: application/json; charset=utf-8
host: localhost:1949
accept: */*

Response DefaultHttpResponse(decodeResult: success, version: HTTP/1.1)
HTTP/1.1 200 OK
Content-Length: 88
Content-Type: application/json; charset=utf-8
cache-control: no-cache

18:52:22.168 [AsyncHttpClient-1-10] DEBUG org.asynchttpclient.netty.channel.ChannelManager - Adding key: http://localhost:1949 for channel [id: 0x7f9c20de, L:/127.0.0.1:58998 - R:localhost/127.0.0.1:1949]
18:52:22.170 [Forwarding clearElement on session 980c2c70534a0cd9a7c097870c82de85 to remote] DEBUG org.asynchttpclient.netty.request.NettyRequestSender - Using pooled Channel '[id: 0x7f9c20de, L:/127.0.0.1:58998 - R:localhost/127.0.0.1:1949]' for 'POST' to 'http://localhost:1949/session/980c2c70534a0cd9a7c097870c82de85/element/8d47ebe7-80a4-4972-a0a2-13dc2255ab2a/clear'
18:52:22.170 [Forwarding clearElement on session 980c2c70534a0cd9a7c097870c82de85 to remote] DEBUG org.asynchttpclient.netty.request.NettyRequestSender - Using open Channel [id: 0x7f9c20de, L:/127.0.0.1:58998 - R:localhost/127.0.0.1:1949] for POST '/session/980c2c70534a0cd9a7c097870c82de85/element/8d47ebe7-80a4-4972-a0a2-13dc2255ab2a/clear'
18:52:22.204 [AsyncHttpClient-1-10] DEBUG org.asynchttpclient.netty.handler.HttpHandler - 

Request DefaultHttpRequest(decodeResult: success, version: HTTP/1.1)
POST /session/980c2c70534a0cd9a7c097870c82de85/element/8d47ebe7-80a4-4972-a0a2-13dc2255ab2a/clear HTTP/1.1
User-Agent: selenium/4.8.1 (java windows)
Content-Length: 50
Content-Type: application/json; charset=utf-8
host: localhost:1949
accept: */*

Response DefaultHttpResponse(decodeResult: success, version: HTTP/1.1)
HTTP/1.1 200 OK
Content-Length: 14
Content-Type: application/json; charset=utf-8
cache-control: no-cache

18:52:22.204 [AsyncHttpClient-1-10] DEBUG org.asynchttpclient.netty.channel.ChannelManager - Adding key: http://localhost:1949 for channel [id: 0x7f9c20de, L:/127.0.0.1:58998 - R:localhost/127.0.0.1:1949]
18:52:22.206 [Forwarding sendKeysToElement on session 980c2c70534a0cd9a7c097870c82de85 to remote] DEBUG org.asynchttpclient.netty.request.NettyRequestSender - Using pooled Channel '[id: 0x7f9c20de, L:/127.0.0.1:58998 - R:localhost/127.0.0.1:1949]' for 'POST' to 'http://localhost:1949/session/980c2c70534a0cd9a7c097870c82de85/element/8d47ebe7-80a4-4972-a0a2-13dc2255ab2a/value'
18:52:22.206 [Forwarding sendKeysToElement on session 980c2c70534a0cd9a7c097870c82de85 to remote] DEBUG org.asynchttpclient.netty.request.NettyRequestSender - Using open Channel [id: 0x7f9c20de, L:/127.0.0.1:58998 - R:localhost/127.0.0.1:1949] for POST '/session/980c2c70534a0cd9a7c097870c82de85/element/8d47ebe7-80a4-4972-a0a2-13dc2255ab2a/value'
18:52:22.248 [AsyncHttpClient-1-10] DEBUG org.asynchttpclient.netty.handler.HttpHandler - 

Request DefaultHttpRequest(decodeResult: success, version: HTTP/1.1)
POST /session/980c2c70534a0cd9a7c097870c82de85/element/8d47ebe7-80a4-4972-a0a2-13dc2255ab2a/value HTTP/1.1
User-Agent: selenium/4.8.1 (java windows)
Content-Length: 82
Content-Type: application/json; charset=utf-8
host: localhost:1949
accept: */*

Response DefaultHttpResponse(decodeResult: success, version: HTTP/1.1)
HTTP/1.1 200 OK
Content-Length: 14
Content-Type: application/json; charset=utf-8
cache-control: no-cache

18:52:22.248 [AsyncHttpClient-1-10] DEBUG org.asynchttpclient.netty.channel.ChannelManager - Adding key: http://localhost:1949 for channel [id: 0x7f9c20de, L:/127.0.0.1:58998 - R:localhost/127.0.0.1:1949]
18:52:22.254 [Forwarding getAlertText on session 980c2c70534a0cd9a7c097870c82de85 to remote] DEBUG org.asynchttpclient.netty.request.NettyRequestSender - Using pooled Channel '[id: 0x7f9c20de, L:/127.0.0.1:58998 - R:localhost/127.0.0.1:1949]' for 'GET' to 'http://localhost:1949/session/980c2c70534a0cd9a7c097870c82de85/alert/text'
18:52:22.254 [Forwarding getAlertText on session 980c2c70534a0cd9a7c097870c82de85 to remote] DEBUG org.asynchttpclient.netty.request.NettyRequestSender - Using open Channel [id: 0x7f9c20de, L:/127.0.0.1:58998 - R:localhost/127.0.0.1:1949] for GET '/session/980c2c70534a0cd9a7c097870c82de85/alert/text'
18:52:22.256 [AsyncHttpClient-1-10] DEBUG org.asynchttpclient.netty.handler.HttpHandler - 

Request DefaultFullHttpRequest(decodeResult: success, version: HTTP/1.1, content: EmptyByteBufBE)
GET /session/980c2c70534a0cd9a7c097870c82de85/alert/text HTTP/1.1
User-Agent: selenium/4.8.1 (java windows)
Cache-Control: no-cache
Content-Type: application/json; charset=utf-8
host: localhost:1949
accept: */*

Response DefaultHttpResponse(decodeResult: success, version: HTTP/1.1)
HTTP/1.1 404 Not Found
Content-Length: 809
Content-Type: application/json; charset=utf-8
cache-control: no-cache

18:52:22.256 [AsyncHttpClient-1-10] DEBUG org.asynchttpclient.netty.channel.ChannelManager - Adding key: http://localhost:1949 for channel [id: 0x7f9c20de, L:/127.0.0.1:58998 - R:localhost/127.0.0.1:1949]
18:52:22.256 [Forwarding getCurrentUrl on session 980c2c70534a0cd9a7c097870c82de85 to remote] DEBUG org.asynchttpclient.netty.request.NettyRequestSender - Using pooled Channel '[id: 0x7f9c20de, L:/127.0.0.1:58998 - R:localhost/127.0.0.1:1949]' for 'GET' to 'http://localhost:1949/session/980c2c70534a0cd9a7c097870c82de85/url'
18:52:22.256 [Forwarding getCurrentUrl on session 980c2c70534a0cd9a7c097870c82de85 to remote] DEBUG org.asynchttpclient.netty.request.NettyRequestSender - Using open Channel [id: 0x7f9c20de, L:/127.0.0.1:58998 - R:localhost/127.0.0.1:1949] for GET '/session/980c2c70534a0cd9a7c097870c82de85/url'
18:52:22.262 [AsyncHttpClient-1-10] DEBUG org.asynchttpclient.netty.handler.HttpHandler - 

Request DefaultFullHttpRequest(decodeResult: success, version: HTTP/1.1, content: EmptyByteBufBE)
GET /session/980c2c70534a0cd9a7c097870c82de85/url HTTP/1.1
User-Agent: selenium/4.8.1 (java windows)
Cache-Control: no-cache
Content-Type: application/json; charset=utf-8
host: localhost:1949
accept: */*

Response DefaultHttpResponse(decodeResult: success, version: HTTP/1.1)
HTTP/1.1 200 OK
Content-Length: 51
Content-Type: application/json; charset=utf-8
cache-control: no-cache

18:52:22.262 [AsyncHttpClient-1-10] DEBUG org.asynchttpclient.netty.channel.ChannelManager - Adding key: http://localhost:1949 for channel [id: 0x7f9c20de, L:/127.0.0.1:58998 - R:localhost/127.0.0.1:1949]
18:52:22.263 [Forwarding screenshot on session 980c2c70534a0cd9a7c097870c82de85 to remote] DEBUG org.asynchttpclient.netty.request.NettyRequestSender - Using pooled Channel '[id: 0x7f9c20de, L:/127.0.0.1:58998 - R:localhost/127.0.0.1:1949]' for 'GET' to 'http://localhost:1949/session/980c2c70534a0cd9a7c097870c82de85/screenshot'
18:52:22.263 [Forwarding screenshot on session 980c2c70534a0cd9a7c097870c82de85 to remote] DEBUG org.asynchttpclient.netty.request.NettyRequestSender - Using open Channel [id: 0x7f9c20de, L:/127.0.0.1:58998 - R:localhost/127.0.0.1:1949] for GET '/session/980c2c70534a0cd9a7c097870c82de85/screenshot'
18:52:22.422 [AsyncHttpClient-1-10] DEBUG org.asynchttpclient.netty.handler.HttpHandler - 

Request DefaultFullHttpRequest(decodeResult: success, version: HTTP/1.1, content: EmptyByteBufBE)
GET /session/980c2c70534a0cd9a7c097870c82de85/screenshot HTTP/1.1
User-Agent: selenium/4.8.1 (java windows)
Cache-Control: no-cache
Content-Type: application/json; charset=utf-8
host: localhost:1949
accept: */*

Response DefaultHttpResponse(decodeResult: success, version: HTTP/1.1)
HTTP/1.1 200 OK
Content-Length: 38396
Content-Type: application/json; charset=utf-8
cache-control: no-cache

18:52:22.422 [AsyncHttpClient-1-10] DEBUG org.asynchttpclient.netty.channel.ChannelManager - Adding key: http://localhost:1949 for channel [id: 0x7f9c20de, L:/127.0.0.1:58998 - R:localhost/127.0.0.1:1949]
18:52:22.424 [main] DEBUG net.serenitybdd.core.photography.Darkroom - Send negative for processing for target\site\serenity\99bad9a137c25462194d8bb26a68189b54ed90f469b20d6df7e88ca89a5e462b.png
18:52:22.424 [main] DEBUG net.thucydides.core.steps.StepInterceptor - STEP DONE: inputPassword
  &amp#27;[32mAnd &amp#27;[0m&amp#27;[32mI enter password &amp#27;[0m&amp#27;[32m&amp#27;[1m""&amp#27;[0m                                                           &amp#27;[90m# starter.stepdefinitions.LoginSteps.enterPasswordOnLogin(java.lang.String)&amp#27;[0m
18:52:22.424 [Darkroom Processing Line] DEBUG net.serenitybdd.core.photography.DarkroomProcessingLine - Processing screenshot image in /var/screenshots/screenshot-1597695854393223509
18:52:22.424 [Darkroom Processing Line] DEBUG net.serenitybdd.core.photography.DarkroomProcessingLine - Saving screenshot to target\site\serenity\99bad9a137c25462194d8bb26a68189b54ed90f469b20d6df7e88ca89a5e462b.png
18:52:22.436 [Forwarding getPageSource on session 980c2c70534a0cd9a7c097870c82de85 to remote] DEBUG org.asynchttpclient.netty.request.NettyRequestSender - Using pooled Channel '[id: 0x7f9c20de, L:/127.0.0.1:58998 - R:localhost/127.0.0.1:1949]' for 'POST' to 'http://localhost:1949/session/980c2c70534a0cd9a7c097870c82de85/execute/sync'
18:52:22.436 [Forwarding getPageSource on session 980c2c70534a0cd9a7c097870c82de85 to remote] DEBUG org.asynchttpclient.netty.request.NettyRequestSender - Using open Channel [id: 0x7f9c20de, L:/127.0.0.1:58998 - R:localhost/127.0.0.1:1949] for POST '/session/980c2c70534a0cd9a7c097870c82de85/execute/sync'
18:52:22.443 [AsyncHttpClient-1-10] DEBUG org.asynchttpclient.netty.handler.HttpHandler - 

Request DefaultHttpRequest(decodeResult: success, version: HTTP/1.1)
POST /session/980c2c70534a0cd9a7c097870c82de85/execute/sync HTTP/1.1
User-Agent: selenium/4.8.1 (java windows)
Content-Length: 176
Content-Type: application/json; charset=utf-8
host: localhost:1949
accept: */*

Response DefaultHttpResponse(decodeResult: success, version: HTTP/1.1)
HTTP/1.1 200 OK
Content-Length: 21737
Content-Type: application/json; charset=utf-8
cache-control: no-cache

18:52:22.443 [AsyncHttpClient-1-10] DEBUG org.asynchttpclient.netty.channel.ChannelManager - Adding key: http://localhost:1949 for channel [id: 0x7f9c20de, L:/127.0.0.1:58998 - R:localhost/127.0.0.1:1949]
18:52:22.446 [Forwarding getCurrentUrl on session 980c2c70534a0cd9a7c097870c82de85 to remote] DEBUG org.asynchttpclient.netty.request.NettyRequestSender - Using pooled Channel '[id: 0x7f9c20de, L:/127.0.0.1:58998 - R:localhost/127.0.0.1:1949]' for 'GET' to 'http://localhost:1949/session/980c2c70534a0cd9a7c097870c82de85/url'
18:52:22.446 [Forwarding getCurrentUrl on session 980c2c70534a0cd9a7c097870c82de85 to remote] DEBUG org.asynchttpclient.netty.request.NettyRequestSender - Using open Channel [id: 0x7f9c20de, L:/127.0.0.1:58998 - R:localhost/127.0.0.1:1949] for GET '/session/980c2c70534a0cd9a7c097870c82de85/url'
18:52:22.451 [AsyncHttpClient-1-10] DEBUG org.asynchttpclient.netty.handler.HttpHandler - 

Request DefaultFullHttpRequest(decodeResult: success, version: HTTP/1.1, content: EmptyByteBufBE)
GET /session/980c2c70534a0cd9a7c097870c82de85/url HTTP/1.1
User-Agent: selenium/4.8.1 (java windows)
Cache-Control: no-cache
Content-Type: application/json; charset=utf-8
host: localhost:1949
accept: */*

Response DefaultHttpResponse(decodeResult: success, version: HTTP/1.1)
HTTP/1.1 200 OK
Content-Length: 51
Content-Type: application/json; charset=utf-8
cache-control: no-cache

18:52:22.451 [AsyncHttpClient-1-10] DEBUG org.asynchttpclient.netty.channel.ChannelManager - Adding key: http://localhost:1949 for channel [id: 0x7f9c20de, L:/127.0.0.1:58998 - R:localhost/127.0.0.1:1949]
18:52:22.458 [Forwarding getPageSource on session 980c2c70534a0cd9a7c097870c82de85 to remote] DEBUG org.asynchttpclient.netty.request.NettyRequestSender - Using pooled Channel '[id: 0x7f9c20de, L:/127.0.0.1:58998 - R:localhost/127.0.0.1:1949]' for 'POST' to 'http://localhost:1949/session/980c2c70534a0cd9a7c097870c82de85/execute/sync'
18:52:22.458 [Forwarding getPageSource on session 980c2c70534a0cd9a7c097870c82de85 to remote] DEBUG org.asynchttpclient.netty.request.NettyRequestSender - Using open Channel [id: 0x7f9c20de, L:/127.0.0.1:58998 - R:localhost/127.0.0.1:1949] for POST '/session/980c2c70534a0cd9a7c097870c82de85/execute/sync'
18:52:22.467 [AsyncHttpClient-1-10] DEBUG org.asynchttpclient.netty.handler.HttpHandler - 

Request DefaultHttpRequest(decodeResult: success, version: HTTP/1.1)
POST /session/980c2c70534a0cd9a7c097870c82de85/execute/sync HTTP/1.1
User-Agent: selenium/4.8.1 (java windows)
Content-Length: 176
Content-Type: application/json; charset=utf-8
host: localhost:1949
accept: */*

Response DefaultHttpResponse(decodeResult: success, version: HTTP/1.1)
HTTP/1.1 200 OK
Content-Length: 21737
Content-Type: application/json; charset=utf-8
cache-control: no-cache

18:52:22.467 [AsyncHttpClient-1-10] DEBUG org.asynchttpclient.netty.channel.ChannelManager - Adding key: http://localhost:1949 for channel [id: 0x7f9c20de, L:/127.0.0.1:58998 - R:localhost/127.0.0.1:1949]
18:52:22.469 [Forwarding getCurrentUrl on session 980c2c70534a0cd9a7c097870c82de85 to remote] DEBUG org.asynchttpclient.netty.request.NettyRequestSender - Using pooled Channel '[id: 0x7f9c20de, L:/127.0.0.1:58998 - R:localhost/127.0.0.1:1949]' for 'GET' to 'http://localhost:1949/session/980c2c70534a0cd9a7c097870c82de85/url'
18:52:22.469 [Forwarding getCurrentUrl on session 980c2c70534a0cd9a7c097870c82de85 to remote] DEBUG org.asynchttpclient.netty.request.NettyRequestSender - Using open Channel [id: 0x7f9c20de, L:/127.0.0.1:58998 - R:localhost/127.0.0.1:1949] for GET '/session/980c2c70534a0cd9a7c097870c82de85/url'
18:52:22.473 [AsyncHttpClient-1-10] DEBUG org.asynchttpclient.netty.handler.HttpHandler - 

Request DefaultFullHttpRequest(decodeResult: success, version: HTTP/1.1, content: EmptyByteBufBE)
GET /session/980c2c70534a0cd9a7c097870c82de85/url HTTP/1.1
User-Agent: selenium/4.8.1 (java windows)
Cache-Control: no-cache
Content-Type: application/json; charset=utf-8
host: localhost:1949
accept: */*

Response DefaultHttpResponse(decodeResult: success, version: HTTP/1.1)
HTTP/1.1 200 OK
Content-Length: 51
Content-Type: application/json; charset=utf-8
cache-control: no-cache

18:52:22.473 [AsyncHttpClient-1-10] DEBUG org.asynchttpclient.netty.channel.ChannelManager - Adding key: http://localhost:1949 for channel [id: 0x7f9c20de, L:/127.0.0.1:58998 - R:localhost/127.0.0.1:1949]
18:52:22.475 [main] DEBUG net.thucydides.core.steps.StepInterceptor - STARTING STEP: LoginSteps.clickLoginButton - ClickLoginButton
18:52:22.478 [Forwarding findElement on session 980c2c70534a0cd9a7c097870c82de85 to remote] DEBUG org.asynchttpclient.netty.request.NettyRequestSender - Using pooled Channel '[id: 0x7f9c20de, L:/127.0.0.1:58998 - R:localhost/127.0.0.1:1949]' for 'POST' to 'http://localhost:1949/session/980c2c70534a0cd9a7c097870c82de85/element'
18:52:22.478 [Forwarding findElement on session 980c2c70534a0cd9a7c097870c82de85 to remote] DEBUG org.asynchttpclient.netty.request.NettyRequestSender - Using open Channel [id: 0x7f9c20de, L:/127.0.0.1:58998 - R:localhost/127.0.0.1:1949] for POST '/session/980c2c70534a0cd9a7c097870c82de85/element'
18:52:22.486 [AsyncHttpClient-1-10] DEBUG org.asynchttpclient.netty.handler.HttpHandler - 

Request DefaultHttpRequest(decodeResult: success, version: HTTP/1.1)
POST /session/980c2c70534a0cd9a7c097870c82de85/element HTTP/1.1
User-Agent: selenium/4.8.1 (java windows)
Content-Length: 141
Content-Type: application/json; charset=utf-8
host: localhost:1949
accept: */*

Response DefaultHttpResponse(decodeResult: success, version: HTTP/1.1)
HTTP/1.1 200 OK
Content-Length: 88
Content-Type: application/json; charset=utf-8
cache-control: no-cache

18:52:22.486 [AsyncHttpClient-1-10] DEBUG org.asynchttpclient.netty.channel.ChannelManager - Adding key: http://localhost:1949 for channel [id: 0x7f9c20de, L:/127.0.0.1:58998 - R:localhost/127.0.0.1:1949]
18:52:22.487 [Forwarding getElementTagName on session 980c2c70534a0cd9a7c097870c82de85 to remote] DEBUG org.asynchttpclient.netty.request.NettyRequestSender - Using pooled Channel '[id: 0x7f9c20de, L:/127.0.0.1:58998 - R:localhost/127.0.0.1:1949]' for 'GET' to 'http://localhost:1949/session/980c2c70534a0cd9a7c097870c82de85/element/9617fe1b-ceff-4d0a-9729-a69bc0276c93/name'
18:52:22.487 [Forwarding getElementTagName on session 980c2c70534a0cd9a7c097870c82de85 to remote] DEBUG org.asynchttpclient.netty.request.NettyRequestSender - Using open Channel [id: 0x7f9c20de, L:/127.0.0.1:58998 - R:localhost/127.0.0.1:1949] for GET '/session/980c2c70534a0cd9a7c097870c82de85/element/9617fe1b-ceff-4d0a-9729-a69bc0276c93/name'
18:52:22.492 [AsyncHttpClient-1-10] DEBUG org.asynchttpclient.netty.handler.HttpHandler - 

Request DefaultFullHttpRequest(decodeResult: success, version: HTTP/1.1, content: EmptyByteBufBE)
GET /session/980c2c70534a0cd9a7c097870c82de85/element/9617fe1b-ceff-4d0a-9729-a69bc0276c93/name HTTP/1.1
User-Agent: selenium/4.8.1 (java windows)
Cache-Control: no-cache
Content-Type: application/json; charset=utf-8
host: localhost:1949
accept: */*

Response DefaultHttpResponse(decodeResult: success, version: HTTP/1.1)
HTTP/1.1 200 OK
Content-Length: 18
Content-Type: application/json; charset=utf-8
cache-control: no-cache

18:52:22.492 [AsyncHttpClient-1-10] DEBUG org.asynchttpclient.netty.channel.ChannelManager - Adding key: http://localhost:1949 for channel [id: 0x7f9c20de, L:/127.0.0.1:58998 - R:localhost/127.0.0.1:1949]
18:52:22.493 [Forwarding getElementTagName on session 980c2c70534a0cd9a7c097870c82de85 to remote] DEBUG org.asynchttpclient.netty.request.NettyRequestSender - Using pooled Channel '[id: 0x7f9c20de, L:/127.0.0.1:58998 - R:localhost/127.0.0.1:1949]' for 'GET' to 'http://localhost:1949/session/980c2c70534a0cd9a7c097870c82de85/element/9617fe1b-ceff-4d0a-9729-a69bc0276c93/name'
18:52:22.494 [Forwarding getElementTagName on session 980c2c70534a0cd9a7c097870c82de85 to remote] DEBUG org.asynchttpclient.netty.request.NettyRequestSender - Using open Channel [id: 0x7f9c20de, L:/127.0.0.1:58998 - R:localhost/127.0.0.1:1949] for GET '/session/980c2c70534a0cd9a7c097870c82de85/element/9617fe1b-ceff-4d0a-9729-a69bc0276c93/name'
18:52:22.500 [AsyncHttpClient-1-10] DEBUG org.asynchttpclient.netty.handler.HttpHandler - 

Request DefaultFullHttpRequest(decodeResult: success, version: HTTP/1.1, content: EmptyByteBufBE)
GET /session/980c2c70534a0cd9a7c097870c82de85/element/9617fe1b-ceff-4d0a-9729-a69bc0276c93/name HTTP/1.1
User-Agent: selenium/4.8.1 (java windows)
Cache-Control: no-cache
Content-Type: application/json; charset=utf-8
host: localhost:1949
accept: */*

Response DefaultHttpResponse(decodeResult: success, version: HTTP/1.1)
HTTP/1.1 200 OK
Content-Length: 18
Content-Type: application/json; charset=utf-8
cache-control: no-cache

18:52:22.500 [AsyncHttpClient-1-10] DEBUG org.asynchttpclient.netty.channel.ChannelManager - Adding key: http://localhost:1949 for channel [id: 0x7f9c20de, L:/127.0.0.1:58998 - R:localhost/127.0.0.1:1949]
18:52:22.501 [Forwarding isElementEnabled on session 980c2c70534a0cd9a7c097870c82de85 to remote] DEBUG org.asynchttpclient.netty.request.NettyRequestSender - Using pooled Channel '[id: 0x7f9c20de, L:/127.0.0.1:58998 - R:localhost/127.0.0.1:1949]' for 'GET' to 'http://localhost:1949/session/980c2c70534a0cd9a7c097870c82de85/element/9617fe1b-ceff-4d0a-9729-a69bc0276c93/enabled'
18:52:22.501 [Forwarding isElementEnabled on session 980c2c70534a0cd9a7c097870c82de85 to remote] DEBUG org.asynchttpclient.netty.request.NettyRequestSender - Using open Channel [id: 0x7f9c20de, L:/127.0.0.1:58998 - R:localhost/127.0.0.1:1949] for GET '/session/980c2c70534a0cd9a7c097870c82de85/element/9617fe1b-ceff-4d0a-9729-a69bc0276c93/enabled'
18:52:22.513 [AsyncHttpClient-1-10] DEBUG org.asynchttpclient.netty.handler.HttpHandler - 

Request DefaultFullHttpRequest(decodeResult: success, version: HTTP/1.1, content: EmptyByteBufBE)
GET /session/980c2c70534a0cd9a7c097870c82de85/element/9617fe1b-ceff-4d0a-9729-a69bc0276c93/enabled HTTP/1.1
User-Agent: selenium/4.8.1 (java windows)
Cache-Control: no-cache
Content-Type: application/json; charset=utf-8
host: localhost:1949
accept: */*

Response DefaultHttpResponse(decodeResult: success, version: HTTP/1.1)
HTTP/1.1 200 OK
Content-Length: 14
Content-Type: application/json; charset=utf-8
cache-control: no-cache

18:52:22.513 [AsyncHttpClient-1-10] DEBUG org.asynchttpclient.netty.channel.ChannelManager - Adding key: http://localhost:1949 for channel [id: 0x7f9c20de, L:/127.0.0.1:58998 - R:localhost/127.0.0.1:1949]
18:52:22.515 [Forwarding isElementEnabled on session 980c2c70534a0cd9a7c097870c82de85 to remote] DEBUG org.asynchttpclient.netty.request.NettyRequestSender - Using pooled Channel '[id: 0x7f9c20de, L:/127.0.0.1:58998 - R:localhost/127.0.0.1:1949]' for 'GET' to 'http://localhost:1949/session/980c2c70534a0cd9a7c097870c82de85/element/9617fe1b-ceff-4d0a-9729-a69bc0276c93/enabled'
18:52:22.515 [Forwarding isElementEnabled on session 980c2c70534a0cd9a7c097870c82de85 to remote] DEBUG org.asynchttpclient.netty.request.NettyRequestSender - Using open Channel [id: 0x7f9c20de, L:/127.0.0.1:58998 - R:localhost/127.0.0.1:1949] for GET '/session/980c2c70534a0cd9a7c097870c82de85/element/9617fe1b-ceff-4d0a-9729-a69bc0276c93/enabled'
18:52:22.523 [AsyncHttpClient-1-10] DEBUG org.asynchttpclient.netty.handler.HttpHandler - 

Request DefaultFullHttpRequest(decodeResult: success, version: HTTP/1.1, content: EmptyByteBufBE)
GET /session/980c2c70534a0cd9a7c097870c82de85/element/9617fe1b-ceff-4d0a-9729-a69bc0276c93/enabled HTTP/1.1
User-Agent: selenium/4.8.1 (java windows)
Cache-Control: no-cache
Content-Type: application/json; charset=utf-8
host: localhost:1949
accept: */*

Response DefaultHttpResponse(decodeResult: success, version: HTTP/1.1)
HTTP/1.1 200 OK
Content-Length: 14
Content-Type: application/json; charset=utf-8
cache-control: no-cache

18:52:22.523 [AsyncHttpClient-1-10] DEBUG org.asynchttpclient.netty.channel.ChannelManager - Adding key: http://localhost:1949 for channel [id: 0x7f9c20de, L:/127.0.0.1:58998 - R:localhost/127.0.0.1:1949]
18:52:22.524 [Forwarding findElement on session 980c2c70534a0cd9a7c097870c82de85 to remote] DEBUG org.asynchttpclient.netty.request.NettyRequestSender - Using pooled Channel '[id: 0x7f9c20de, L:/127.0.0.1:58998 - R:localhost/127.0.0.1:1949]' for 'POST' to 'http://localhost:1949/session/980c2c70534a0cd9a7c097870c82de85/element'
18:52:22.524 [Forwarding findElement on session 980c2c70534a0cd9a7c097870c82de85 to remote] DEBUG org.asynchttpclient.netty.request.NettyRequestSender - Using open Channel [id: 0x7f9c20de, L:/127.0.0.1:58998 - R:localhost/127.0.0.1:1949] for POST '/session/980c2c70534a0cd9a7c097870c82de85/element'
18:52:22.533 [AsyncHttpClient-1-10] DEBUG org.asynchttpclient.netty.handler.HttpHandler - 

Request DefaultHttpRequest(decodeResult: success, version: HTTP/1.1)
POST /session/980c2c70534a0cd9a7c097870c82de85/element HTTP/1.1
User-Agent: selenium/4.8.1 (java windows)
Content-Length: 141
Content-Type: application/json; charset=utf-8
host: localhost:1949
accept: */*

Response DefaultHttpResponse(decodeResult: success, version: HTTP/1.1)
HTTP/1.1 200 OK
Content-Length: 88
Content-Type: application/json; charset=utf-8
cache-control: no-cache

18:52:22.533 [AsyncHttpClient-1-10] DEBUG org.asynchttpclient.netty.channel.ChannelManager - Adding key: http://localhost:1949 for channel [id: 0x7f9c20de, L:/127.0.0.1:58998 - R:localhost/127.0.0.1:1949]
18:52:22.535 [Forwarding clickElement on session 980c2c70534a0cd9a7c097870c82de85 to remote] DEBUG org.asynchttpclient.netty.request.NettyRequestSender - Using pooled Channel '[id: 0x7f9c20de, L:/127.0.0.1:58998 - R:localhost/127.0.0.1:1949]' for 'POST' to 'http://localhost:1949/session/980c2c70534a0cd9a7c097870c82de85/element/9617fe1b-ceff-4d0a-9729-a69bc0276c93/click'
18:52:22.535 [Forwarding clickElement on session 980c2c70534a0cd9a7c097870c82de85 to remote] DEBUG org.asynchttpclient.netty.request.NettyRequestSender - Using open Channel [id: 0x7f9c20de, L:/127.0.0.1:58998 - R:localhost/127.0.0.1:1949] for POST '/session/980c2c70534a0cd9a7c097870c82de85/element/9617fe1b-ceff-4d0a-9729-a69bc0276c93/click'
18:52:22.580 [AsyncHttpClient-1-10] DEBUG org.asynchttpclient.netty.handler.HttpHandler - 

Request DefaultHttpRequest(decodeResult: success, version: HTTP/1.1)
POST /session/980c2c70534a0cd9a7c097870c82de85/element/9617fe1b-ceff-4d0a-9729-a69bc0276c93/click HTTP/1.1
User-Agent: selenium/4.8.1 (java windows)
Content-Length: 50
Content-Type: application/json; charset=utf-8
host: localhost:1949
accept: */*

Response DefaultHttpResponse(decodeResult: success, version: HTTP/1.1)
HTTP/1.1 200 OK
Content-Length: 14
Content-Type: application/json; charset=utf-8
cache-control: no-cache

18:52:22.580 [AsyncHttpClient-1-10] DEBUG org.asynchttpclient.netty.channel.ChannelManager - Adding key: http://localhost:1949 for channel [id: 0x7f9c20de, L:/127.0.0.1:58998 - R:localhost/127.0.0.1:1949]
18:52:22.588 [Forwarding getAlertText on session 980c2c70534a0cd9a7c097870c82de85 to remote] DEBUG org.asynchttpclient.netty.request.NettyRequestSender - Using pooled Channel '[id: 0x7f9c20de, L:/127.0.0.1:58998 - R:localhost/127.0.0.1:1949]' for 'GET' to 'http://localhost:1949/session/980c2c70534a0cd9a7c097870c82de85/alert/text'
18:52:22.588 [Forwarding getAlertText on session 980c2c70534a0cd9a7c097870c82de85 to remote] DEBUG org.asynchttpclient.netty.request.NettyRequestSender - Using open Channel [id: 0x7f9c20de, L:/127.0.0.1:58998 - R:localhost/127.0.0.1:1949] for GET '/session/980c2c70534a0cd9a7c097870c82de85/alert/text'
18:52:22.590 [AsyncHttpClient-1-10] DEBUG org.asynchttpclient.netty.handler.HttpHandler - 

Request DefaultFullHttpRequest(decodeResult: success, version: HTTP/1.1, content: EmptyByteBufBE)
GET /session/980c2c70534a0cd9a7c097870c82de85/alert/text HTTP/1.1
User-Agent: selenium/4.8.1 (java windows)
Cache-Control: no-cache
Content-Type: application/json; charset=utf-8
host: localhost:1949
accept: */*

Response DefaultHttpResponse(decodeResult: success, version: HTTP/1.1)
HTTP/1.1 404 Not Found
Content-Length: 809
Content-Type: application/json; charset=utf-8
cache-control: no-cache

18:52:22.590 [AsyncHttpClient-1-10] DEBUG org.asynchttpclient.netty.channel.ChannelManager - Adding key: http://localhost:1949 for channel [id: 0x7f9c20de, L:/127.0.0.1:58998 - R:localhost/127.0.0.1:1949]
18:52:22.591 [Forwarding getCurrentUrl on session 980c2c70534a0cd9a7c097870c82de85 to remote] DEBUG org.asynchttpclient.netty.request.NettyRequestSender - Using pooled Channel '[id: 0x7f9c20de, L:/127.0.0.1:58998 - R:localhost/127.0.0.1:1949]' for 'GET' to 'http://localhost:1949/session/980c2c70534a0cd9a7c097870c82de85/url'
18:52:22.591 [Forwarding getCurrentUrl on session 980c2c70534a0cd9a7c097870c82de85 to remote] DEBUG org.asynchttpclient.netty.request.NettyRequestSender - Using open Channel [id: 0x7f9c20de, L:/127.0.0.1:58998 - R:localhost/127.0.0.1:1949] for GET '/session/980c2c70534a0cd9a7c097870c82de85/url'
18:52:22.597 [AsyncHttpClient-1-10] DEBUG org.asynchttpclient.netty.handler.HttpHandler - 

Request DefaultFullHttpRequest(decodeResult: success, version: HTTP/1.1, content: EmptyByteBufBE)
GET /session/980c2c70534a0cd9a7c097870c82de85/url HTTP/1.1
User-Agent: selenium/4.8.1 (java windows)
Cache-Control: no-cache
Content-Type: application/json; charset=utf-8
host: localhost:1949
accept: */*

Response DefaultHttpResponse(decodeResult: success, version: HTTP/1.1)
HTTP/1.1 200 OK
Content-Length: 51
Content-Type: application/json; charset=utf-8
cache-control: no-cache

18:52:22.598 [AsyncHttpClient-1-10] DEBUG org.asynchttpclient.netty.channel.ChannelManager - Adding key: http://localhost:1949 for channel [id: 0x7f9c20de, L:/127.0.0.1:58998 - R:localhost/127.0.0.1:1949]
18:52:22.599 [Forwarding screenshot on session 980c2c70534a0cd9a7c097870c82de85 to remote] DEBUG org.asynchttpclient.netty.request.NettyRequestSender - Using pooled Channel '[id: 0x7f9c20de, L:/127.0.0.1:58998 - R:localhost/127.0.0.1:1949]' for 'GET' to 'http://localhost:1949/session/980c2c70534a0cd9a7c097870c82de85/screenshot'
18:52:22.599 [Forwarding screenshot on session 980c2c70534a0cd9a7c097870c82de85 to remote] DEBUG org.asynchttpclient.netty.request.NettyRequestSender - Using open Channel [id: 0x7f9c20de, L:/127.0.0.1:58998 - R:localhost/127.0.0.1:1949] for GET '/session/980c2c70534a0cd9a7c097870c82de85/screenshot'
18:52:22.767 [AsyncHttpClient-1-1] DEBUG org.asynchttpclient.netty.channel.DefaultChannelPool - Entry count for : http://localhost:58999 : 1
18:52:22.899 [AsyncHttpClient-1-10] DEBUG org.asynchttpclient.netty.handler.HttpHandler - 

Request DefaultFullHttpRequest(decodeResult: success, version: HTTP/1.1, content: EmptyByteBufBE)
GET /session/980c2c70534a0cd9a7c097870c82de85/screenshot HTTP/1.1
User-Agent: selenium/4.8.1 (java windows)
Cache-Control: no-cache
Content-Type: application/json; charset=utf-8
host: localhost:1949
accept: */*

Response DefaultHttpResponse(decodeResult: success, version: HTTP/1.1)
HTTP/1.1 200 OK
Content-Length: 38460
Content-Type: application/json; charset=utf-8
cache-control: no-cache

18:52:22.900 [AsyncHttpClient-1-10] DEBUG org.asynchttpclient.netty.channel.ChannelManager - Adding key: http://localhost:1949 for channel [id: 0x7f9c20de, L:/127.0.0.1:58998 - R:localhost/127.0.0.1:1949]
18:52:22.903 [main] DEBUG net.serenitybdd.core.photography.Darkroom - Send negative for processing for target\site\serenity\b0f2e845f4dad6c75d73927317c17098e206a7990169bdfcc763ec1e4f0429bc.png
18:52:22.903 [main] DEBUG net.thucydides.core.steps.StepInterceptor - STEP DONE: ClickLoginButton
18:52:22.904 [Darkroom Processing Line] DEBUG net.serenitybdd.core.photography.DarkroomProcessingLine - Processing screenshot image in /var/screenshots/screenshot-1370915705200426474
18:52:22.904 [Darkroom Processing Line] DEBUG net.serenitybdd.core.photography.DarkroomProcessingLine - Saving screenshot to target\site\serenity\b0f2e845f4dad6c75d73927317c17098e206a7990169bdfcc763ec1e4f0429bc.png
  &amp#27;[32mAnd &amp#27;[0m&amp#27;[32mI click login button&amp#27;[0m                                                          &amp#27;[90m# starter.stepdefinitions.LoginSteps.clickLoginButton()&amp#27;[0m
18:52:22.917 [Forwarding getPageSource on session 980c2c70534a0cd9a7c097870c82de85 to remote] DEBUG org.asynchttpclient.netty.request.NettyRequestSender - Using pooled Channel '[id: 0x7f9c20de, L:/127.0.0.1:58998 - R:localhost/127.0.0.1:1949]' for 'POST' to 'http://localhost:1949/session/980c2c70534a0cd9a7c097870c82de85/execute/sync'
18:52:22.917 [Forwarding getPageSource on session 980c2c70534a0cd9a7c097870c82de85 to remote] DEBUG org.asynchttpclient.netty.request.NettyRequestSender - Using open Channel [id: 0x7f9c20de, L:/127.0.0.1:58998 - R:localhost/127.0.0.1:1949] for POST '/session/980c2c70534a0cd9a7c097870c82de85/execute/sync'
18:52:22.922 [AsyncHttpClient-1-10] DEBUG org.asynchttpclient.netty.handler.HttpHandler - 

Request DefaultHttpRequest(decodeResult: success, version: HTTP/1.1)
POST /session/980c2c70534a0cd9a7c097870c82de85/execute/sync HTTP/1.1
User-Agent: selenium/4.8.1 (java windows)
Content-Length: 176
Content-Type: application/json; charset=utf-8
host: localhost:1949
accept: */*

Response DefaultHttpResponse(decodeResult: success, version: HTTP/1.1)
HTTP/1.1 200 OK
Content-Length: 22440
Content-Type: application/json; charset=utf-8
cache-control: no-cache

18:52:22.922 [AsyncHttpClient-1-10] DEBUG org.asynchttpclient.netty.channel.ChannelManager - Adding key: http://localhost:1949 for channel [id: 0x7f9c20de, L:/127.0.0.1:58998 - R:localhost/127.0.0.1:1949]
18:52:22.924 [Forwarding getCurrentUrl on session 980c2c70534a0cd9a7c097870c82de85 to remote] DEBUG org.asynchttpclient.netty.request.NettyRequestSender - Using pooled Channel '[id: 0x7f9c20de, L:/127.0.0.1:58998 - R:localhost/127.0.0.1:1949]' for 'GET' to 'http://localhost:1949/session/980c2c70534a0cd9a7c097870c82de85/url'
18:52:22.924 [Forwarding getCurrentUrl on session 980c2c70534a0cd9a7c097870c82de85 to remote] DEBUG org.asynchttpclient.netty.request.NettyRequestSender - Using open Channel [id: 0x7f9c20de, L:/127.0.0.1:58998 - R:localhost/127.0.0.1:1949] for GET '/session/980c2c70534a0cd9a7c097870c82de85/url'
18:52:22.932 [AsyncHttpClient-1-10] DEBUG org.asynchttpclient.netty.handler.HttpHandler - 

Request DefaultFullHttpRequest(decodeResult: success, version: HTTP/1.1, content: EmptyByteBufBE)
GET /session/980c2c70534a0cd9a7c097870c82de85/url HTTP/1.1
User-Agent: selenium/4.8.1 (java windows)
Cache-Control: no-cache
Content-Type: application/json; charset=utf-8
host: localhost:1949
accept: */*

Response DefaultHttpResponse(decodeResult: success, version: HTTP/1.1)
HTTP/1.1 200 OK
Content-Length: 51
Content-Type: application/json; charset=utf-8
cache-control: no-cache

18:52:22.932 [AsyncHttpClient-1-10] DEBUG org.asynchttpclient.netty.channel.ChannelManager - Adding key: http://localhost:1949 for channel [id: 0x7f9c20de, L:/127.0.0.1:58998 - R:localhost/127.0.0.1:1949]
18:52:22.946 [Forwarding getPageSource on session 980c2c70534a0cd9a7c097870c82de85 to remote] DEBUG org.asynchttpclient.netty.request.NettyRequestSender - Using pooled Channel '[id: 0x7f9c20de, L:/127.0.0.1:58998 - R:localhost/127.0.0.1:1949]' for 'POST' to 'http://localhost:1949/session/980c2c70534a0cd9a7c097870c82de85/execute/sync'
18:52:22.946 [Forwarding getPageSource on session 980c2c70534a0cd9a7c097870c82de85 to remote] DEBUG org.asynchttpclient.netty.request.NettyRequestSender - Using open Channel [id: 0x7f9c20de, L:/127.0.0.1:58998 - R:localhost/127.0.0.1:1949] for POST '/session/980c2c70534a0cd9a7c097870c82de85/execute/sync'
18:52:22.952 [AsyncHttpClient-1-10] DEBUG org.asynchttpclient.netty.handler.HttpHandler - 

Request DefaultHttpRequest(decodeResult: success, version: HTTP/1.1)
POST /session/980c2c70534a0cd9a7c097870c82de85/execute/sync HTTP/1.1
User-Agent: selenium/4.8.1 (java windows)
Content-Length: 176
Content-Type: application/json; charset=utf-8
host: localhost:1949
accept: */*

Response DefaultHttpResponse(decodeResult: success, version: HTTP/1.1)
HTTP/1.1 200 OK
Content-Length: 22440
Content-Type: application/json; charset=utf-8
cache-control: no-cache

18:52:22.952 [AsyncHttpClient-1-10] DEBUG org.asynchttpclient.netty.channel.ChannelManager - Adding key: http://localhost:1949 for channel [id: 0x7f9c20de, L:/127.0.0.1:58998 - R:localhost/127.0.0.1:1949]
18:52:22.955 [Forwarding getCurrentUrl on session 980c2c70534a0cd9a7c097870c82de85 to remote] DEBUG org.asynchttpclient.netty.request.NettyRequestSender - Using pooled Channel '[id: 0x7f9c20de, L:/127.0.0.1:58998 - R:localhost/127.0.0.1:1949]' for 'GET' to 'http://localhost:1949/session/980c2c70534a0cd9a7c097870c82de85/url'
18:52:22.955 [Forwarding getCurrentUrl on session 980c2c70534a0cd9a7c097870c82de85 to remote] DEBUG org.asynchttpclient.netty.request.NettyRequestSender - Using open Channel [id: 0x7f9c20de, L:/127.0.0.1:58998 - R:localhost/127.0.0.1:1949] for GET '/session/980c2c70534a0cd9a7c097870c82de85/url'
18:52:22.961 [AsyncHttpClient-1-10] DEBUG org.asynchttpclient.netty.handler.HttpHandler - 

Request DefaultFullHttpRequest(decodeResult: success, version: HTTP/1.1, content: EmptyByteBufBE)
GET /session/980c2c70534a0cd9a7c097870c82de85/url HTTP/1.1
User-Agent: selenium/4.8.1 (java windows)
Cache-Control: no-cache
Content-Type: application/json; charset=utf-8
host: localhost:1949
accept: */*

Response DefaultHttpResponse(decodeResult: success, version: HTTP/1.1)
HTTP/1.1 200 OK
Content-Length: 51
Content-Type: application/json; charset=utf-8
cache-control: no-cache

18:52:22.962 [AsyncHttpClient-1-10] DEBUG org.asynchttpclient.netty.channel.ChannelManager - Adding key: http://localhost:1949 for channel [id: 0x7f9c20de, L:/127.0.0.1:58998 - R:localhost/127.0.0.1:1949]
18:52:22.965 [main] DEBUG net.thucydides.core.steps.StepInterceptor - STARTING STEP: LoginSteps.iCanSeeErrorMessage - validateErrorMessageDisplayed
18:52:22.967 [Forwarding findElement on session 980c2c70534a0cd9a7c097870c82de85 to remote] DEBUG org.asynchttpclient.netty.request.NettyRequestSender - Using pooled Channel '[id: 0x7f9c20de, L:/127.0.0.1:58998 - R:localhost/127.0.0.1:1949]' for 'POST' to 'http://localhost:1949/session/980c2c70534a0cd9a7c097870c82de85/element'
18:52:22.967 [Forwarding findElement on session 980c2c70534a0cd9a7c097870c82de85 to remote] DEBUG org.asynchttpclient.netty.request.NettyRequestSender - Using open Channel [id: 0x7f9c20de, L:/127.0.0.1:58998 - R:localhost/127.0.0.1:1949] for POST '/session/980c2c70534a0cd9a7c097870c82de85/element'
18:52:22.984 [AsyncHttpClient-1-10] DEBUG org.asynchttpclient.netty.handler.HttpHandler - 

Request DefaultHttpRequest(decodeResult: success, version: HTTP/1.1)
POST /session/980c2c70534a0cd9a7c097870c82de85/element HTTP/1.1
User-Agent: selenium/4.8.1 (java windows)
Content-Length: 139
Content-Type: application/json; charset=utf-8
host: localhost:1949
accept: */*

Response DefaultHttpResponse(decodeResult: success, version: HTTP/1.1)
HTTP/1.1 200 OK
Content-Length: 88
Content-Type: application/json; charset=utf-8
cache-control: no-cache

18:52:22.984 [AsyncHttpClient-1-10] DEBUG org.asynchttpclient.netty.channel.ChannelManager - Adding key: http://localhost:1949 for channel [id: 0x7f9c20de, L:/127.0.0.1:58998 - R:localhost/127.0.0.1:1949]
18:52:22.986 [Forwarding isElementDisplayed on session 980c2c70534a0cd9a7c097870c82de85 to remote] DEBUG org.asynchttpclient.netty.request.NettyRequestSender - Using pooled Channel '[id: 0x7f9c20de, L:/127.0.0.1:58998 - R:localhost/127.0.0.1:1949]' for 'POST' to 'http://localhost:1949/session/980c2c70534a0cd9a7c097870c82de85/execute/sync'
18:52:22.987 [Forwarding isElementDisplayed on session 980c2c70534a0cd9a7c097870c82de85 to remote] DEBUG org.asynchttpclient.netty.request.NettyRequestSender - Using open Channel [id: 0x7f9c20de, L:/127.0.0.1:58998 - R:localhost/127.0.0.1:1949] for POST '/session/980c2c70534a0cd9a7c097870c82de85/execute/sync'
18:52:23.004 [AsyncHttpClient-1-10] DEBUG org.asynchttpclient.netty.handler.HttpHandler - 

Request DefaultHttpRequest(decodeResult: success, version: HTTP/1.1)
POST /session/980c2c70534a0cd9a7c097870c82de85/execute/sync HTTP/1.1
User-Agent: selenium/4.8.1 (java windows)
Content-Length: 48807
Content-Type: application/json; charset=utf-8
host: localhost:1949
accept: */*

Response DefaultHttpResponse(decodeResult: success, version: HTTP/1.1)
HTTP/1.1 200 OK
Content-Length: 14
Content-Type: application/json; charset=utf-8
cache-control: no-cache

18:52:23.004 [AsyncHttpClient-1-10] DEBUG org.asynchttpclient.netty.channel.ChannelManager - Adding key: http://localhost:1949 for channel [id: 0x7f9c20de, L:/127.0.0.1:58998 - R:localhost/127.0.0.1:1949]
18:52:23.008 [Forwarding getAlertText on session 980c2c70534a0cd9a7c097870c82de85 to remote] DEBUG org.asynchttpclient.netty.request.NettyRequestSender - Using pooled Channel '[id: 0x7f9c20de, L:/127.0.0.1:58998 - R:localhost/127.0.0.1:1949]' for 'GET' to 'http://localhost:1949/session/980c2c70534a0cd9a7c097870c82de85/alert/text'
18:52:23.008 [Forwarding getAlertText on session 980c2c70534a0cd9a7c097870c82de85 to remote] DEBUG org.asynchttpclient.netty.request.NettyRequestSender - Using open Channel [id: 0x7f9c20de, L:/127.0.0.1:58998 - R:localhost/127.0.0.1:1949] for GET '/session/980c2c70534a0cd9a7c097870c82de85/alert/text'
18:52:23.013 [AsyncHttpClient-1-10] DEBUG org.asynchttpclient.netty.handler.HttpHandler - 

Request DefaultFullHttpRequest(decodeResult: success, version: HTTP/1.1, content: EmptyByteBufBE)
GET /session/980c2c70534a0cd9a7c097870c82de85/alert/text HTTP/1.1
User-Agent: selenium/4.8.1 (java windows)
Cache-Control: no-cache
Content-Type: application/json; charset=utf-8
host: localhost:1949
accept: */*

Response DefaultHttpResponse(decodeResult: success, version: HTTP/1.1)
HTTP/1.1 404 Not Found
Content-Length: 809
Content-Type: application/json; charset=utf-8
cache-control: no-cache

18:52:23.013 [AsyncHttpClient-1-10] DEBUG org.asynchttpclient.netty.channel.ChannelManager - Adding key: http://localhost:1949 for channel [id: 0x7f9c20de, L:/127.0.0.1:58998 - R:localhost/127.0.0.1:1949]
18:52:23.014 [Forwarding getCurrentUrl on session 980c2c70534a0cd9a7c097870c82de85 to remote] DEBUG org.asynchttpclient.netty.request.NettyRequestSender - Using pooled Channel '[id: 0x7f9c20de, L:/127.0.0.1:58998 - R:localhost/127.0.0.1:1949]' for 'GET' to 'http://localhost:1949/session/980c2c70534a0cd9a7c097870c82de85/url'
18:52:23.014 [Forwarding getCurrentUrl on session 980c2c70534a0cd9a7c097870c82de85 to remote] DEBUG org.asynchttpclient.netty.request.NettyRequestSender - Using open Channel [id: 0x7f9c20de, L:/127.0.0.1:58998 - R:localhost/127.0.0.1:1949] for GET '/session/980c2c70534a0cd9a7c097870c82de85/url'
18:52:23.018 [AsyncHttpClient-1-10] DEBUG org.asynchttpclient.netty.handler.HttpHandler - 

Request DefaultFullHttpRequest(decodeResult: success, version: HTTP/1.1, content: EmptyByteBufBE)
GET /session/980c2c70534a0cd9a7c097870c82de85/url HTTP/1.1
User-Agent: selenium/4.8.1 (java windows)
Cache-Control: no-cache
Content-Type: application/json; charset=utf-8
host: localhost:1949
accept: */*

Response DefaultHttpResponse(decodeResult: success, version: HTTP/1.1)
HTTP/1.1 200 OK
Content-Length: 51
Content-Type: application/json; charset=utf-8
cache-control: no-cache

18:52:23.018 [AsyncHttpClient-1-10] DEBUG org.asynchttpclient.netty.channel.ChannelManager - Adding key: http://localhost:1949 for channel [id: 0x7f9c20de, L:/127.0.0.1:58998 - R:localhost/127.0.0.1:1949]
18:52:23.018 [Forwarding screenshot on session 980c2c70534a0cd9a7c097870c82de85 to remote] DEBUG org.asynchttpclient.netty.request.NettyRequestSender - Using pooled Channel '[id: 0x7f9c20de, L:/127.0.0.1:58998 - R:localhost/127.0.0.1:1949]' for 'GET' to 'http://localhost:1949/session/980c2c70534a0cd9a7c097870c82de85/screenshot'
18:52:23.018 [Forwarding screenshot on session 980c2c70534a0cd9a7c097870c82de85 to remote] DEBUG org.asynchttpclient.netty.request.NettyRequestSender - Using open Channel [id: 0x7f9c20de, L:/127.0.0.1:58998 - R:localhost/127.0.0.1:1949] for GET '/session/980c2c70534a0cd9a7c097870c82de85/screenshot'
18:52:23.269 [AsyncHttpClient-1-10] DEBUG org.asynchttpclient.netty.handler.HttpHandler - 

Request DefaultFullHttpRequest(decodeResult: success, version: HTTP/1.1, content: EmptyByteBufBE)
GET /session/980c2c70534a0cd9a7c097870c82de85/screenshot HTTP/1.1
User-Agent: selenium/4.8.1 (java windows)
Cache-Control: no-cache
Content-Type: application/json; charset=utf-8
host: localhost:1949
accept: */*

Response DefaultHttpResponse(decodeResult: success, version: HTTP/1.1)
HTTP/1.1 200 OK
Content-Length: 44200
Content-Type: application/json; charset=utf-8
cache-control: no-cache

18:52:23.269 [AsyncHttpClient-1-10] DEBUG org.asynchttpclient.netty.channel.ChannelManager - Adding key: http://localhost:1949 for channel [id: 0x7f9c20de, L:/127.0.0.1:58998 - R:localhost/127.0.0.1:1949]
18:52:23.271 [main] DEBUG net.serenitybdd.core.photography.Darkroom - Send negative for processing for target\site\serenity\928b889069a776527674060656b88737b235e37c0886a7899a97748e9b45ff14.png
18:52:23.271 [main] DEBUG net.thucydides.core.steps.StepInterceptor - STEP DONE: validateErrorMessageDisplayed
18:52:23.271 [Darkroom Processing Line] DEBUG net.serenitybdd.core.photography.DarkroomProcessingLine - Processing screenshot image in /var/screenshots/screenshot-7350793937417930371
18:52:23.271 [Darkroom Processing Line] DEBUG net.serenitybdd.core.photography.DarkroomProcessingLine - Saving screenshot to target\site\serenity\928b889069a776527674060656b88737b235e37c0886a7899a97748e9b45ff14.png
18:52:23.277 [Forwarding getPageSource on session 980c2c70534a0cd9a7c097870c82de85 to remote] DEBUG org.asynchttpclient.netty.request.NettyRequestSender - Using pooled Channel '[id: 0x7f9c20de, L:/127.0.0.1:58998 - R:localhost/127.0.0.1:1949]' for 'POST' to 'http://localhost:1949/session/980c2c70534a0cd9a7c097870c82de85/execute/sync'
18:52:23.277 [Forwarding getPageSource on session 980c2c70534a0cd9a7c097870c82de85 to remote] DEBUG org.asynchttpclient.netty.request.NettyRequestSender - Using open Channel [id: 0x7f9c20de, L:/127.0.0.1:58998 - R:localhost/127.0.0.1:1949] for POST '/session/980c2c70534a0cd9a7c097870c82de85/execute/sync'
18:52:23.283 [AsyncHttpClient-1-10] DEBUG org.asynchttpclient.netty.handler.HttpHandler - 

Request DefaultHttpRequest(decodeResult: success, version: HTTP/1.1)
POST /session/980c2c70534a0cd9a7c097870c82de85/execute/sync HTTP/1.1
User-Agent: selenium/4.8.1 (java windows)
Content-Length: 176
Content-Type: application/json; charset=utf-8
host: localhost:1949
accept: */*

Response DefaultHttpResponse(decodeResult: success, version: HTTP/1.1)
HTTP/1.1 200 OK
Content-Length: 22120
Content-Type: application/json; charset=utf-8
cache-control: no-cache

18:52:23.283 [AsyncHttpClient-1-10] DEBUG org.asynchttpclient.netty.channel.ChannelManager - Adding key: http://localhost:1949 for channel [id: 0x7f9c20de, L:/127.0.0.1:58998 - R:localhost/127.0.0.1:1949]
18:52:23.285 [Forwarding getCurrentUrl on session 980c2c70534a0cd9a7c097870c82de85 to remote] DEBUG org.asynchttpclient.netty.request.NettyRequestSender - Using pooled Channel '[id: 0x7f9c20de, L:/127.0.0.1:58998 - R:localhost/127.0.0.1:1949]' for 'GET' to 'http://localhost:1949/session/980c2c70534a0cd9a7c097870c82de85/url'
18:52:23.285 [Forwarding getCurrentUrl on session 980c2c70534a0cd9a7c097870c82de85 to remote] DEBUG org.asynchttpclient.netty.request.NettyRequestSender - Using open Channel [id: 0x7f9c20de, L:/127.0.0.1:58998 - R:localhost/127.0.0.1:1949] for GET '/session/980c2c70534a0cd9a7c097870c82de85/url'
18:52:23.288 [AsyncHttpClient-1-10] DEBUG org.asynchttpclient.netty.handler.HttpHandler - 

Request DefaultFullHttpRequest(decodeResult: success, version: HTTP/1.1, content: EmptyByteBufBE)
GET /session/980c2c70534a0cd9a7c097870c82de85/url HTTP/1.1
User-Agent: selenium/4.8.1 (java windows)
Cache-Control: no-cache
Content-Type: application/json; charset=utf-8
host: localhost:1949
accept: */*

Response DefaultHttpResponse(decodeResult: success, version: HTTP/1.1)
HTTP/1.1 200 OK
Content-Length: 51
Content-Type: application/json; charset=utf-8
cache-control: no-cache

18:52:23.288 [AsyncHttpClient-1-10] DEBUG org.asynchttpclient.netty.channel.ChannelManager - Adding key: http://localhost:1949 for channel [id: 0x7f9c20de, L:/127.0.0.1:58998 - R:localhost/127.0.0.1:1949]
18:52:23.290 [main] DEBUG net.thucydides.core.steps.StepInterceptor - STARTING STEP: LoginSteps.iCanSeeErrorMessage - validateEqualErrorMessage
18:52:23.292 [Forwarding findElement on session 980c2c70534a0cd9a7c097870c82de85 to remote] DEBUG org.asynchttpclient.netty.request.NettyRequestSender - Using pooled Channel '[id: 0x7f9c20de, L:/127.0.0.1:58998 - R:localhost/127.0.0.1:1949]' for 'POST' to 'http://localhost:1949/session/980c2c70534a0cd9a7c097870c82de85/element'
18:52:23.292 [Forwarding findElement on session 980c2c70534a0cd9a7c097870c82de85 to remote] DEBUG org.asynchttpclient.netty.request.NettyRequestSender - Using open Channel [id: 0x7f9c20de, L:/127.0.0.1:58998 - R:localhost/127.0.0.1:1949] for POST '/session/980c2c70534a0cd9a7c097870c82de85/element'
18:52:23.300 [AsyncHttpClient-1-10] DEBUG org.asynchttpclient.netty.handler.HttpHandler - 

Request DefaultHttpRequest(decodeResult: success, version: HTTP/1.1)
POST /session/980c2c70534a0cd9a7c097870c82de85/element HTTP/1.1
User-Agent: selenium/4.8.1 (java windows)
Content-Length: 139
Content-Type: application/json; charset=utf-8
host: localhost:1949
accept: */*

Response DefaultHttpResponse(decodeResult: success, version: HTTP/1.1)
HTTP/1.1 200 OK
Content-Length: 88
Content-Type: application/json; charset=utf-8
cache-control: no-cache

18:52:23.300 [AsyncHttpClient-1-10] DEBUG org.asynchttpclient.netty.channel.ChannelManager - Adding key: http://localhost:1949 for channel [id: 0x7f9c20de, L:/127.0.0.1:58998 - R:localhost/127.0.0.1:1949]
18:52:23.300 [Forwarding getElementText on session 980c2c70534a0cd9a7c097870c82de85 to remote] DEBUG org.asynchttpclient.netty.request.NettyRequestSender - Using pooled Channel '[id: 0x7f9c20de, L:/127.0.0.1:58998 - R:localhost/127.0.0.1:1949]' for 'GET' to 'http://localhost:1949/session/980c2c70534a0cd9a7c097870c82de85/element/c1467698-36cd-4f77-97e2-7b27fa7fd961/text'
18:52:23.300 [Forwarding getElementText on session 980c2c70534a0cd9a7c097870c82de85 to remote] DEBUG org.asynchttpclient.netty.request.NettyRequestSender - Using open Channel [id: 0x7f9c20de, L:/127.0.0.1:58998 - R:localhost/127.0.0.1:1949] for GET '/session/980c2c70534a0cd9a7c097870c82de85/element/c1467698-36cd-4f77-97e2-7b27fa7fd961/text'
18:52:23.315 [AsyncHttpClient-1-10] DEBUG org.asynchttpclient.netty.handler.HttpHandler - 

Request DefaultFullHttpRequest(decodeResult: success, version: HTTP/1.1, content: EmptyByteBufBE)
GET /session/980c2c70534a0cd9a7c097870c82de85/element/c1467698-36cd-4f77-97e2-7b27fa7fd961/text HTTP/1.1
User-Agent: selenium/4.8.1 (java windows)
Cache-Control: no-cache
Content-Type: application/json; charset=utf-8
host: localhost:1949
accept: */*

Response DefaultHttpResponse(decodeResult: success, version: HTTP/1.1)
HTTP/1.1 200 OK
Content-Length: 29
Content-Type: application/json; charset=utf-8
cache-control: no-cache

18:52:23.315 [AsyncHttpClient-1-10] DEBUG org.asynchttpclient.netty.channel.ChannelManager - Adding key: http://localhost:1949 for channel [id: 0x7f9c20de, L:/127.0.0.1:58998 - R:localhost/127.0.0.1:1949]
18:52:23.318 [main] DEBUG net.thucydides.core.steps.StepInterceptor - STEP DONE: validateEqualErrorMessage
  &amp#27;[32mThen &amp#27;[0m&amp#27;[32mI can see error message &amp#27;[0m&amp#27;[32m&amp#27;[1m"email is required"&amp#27;[0m                                  &amp#27;[90m# starter.stepdefinitions.LoginSteps.iCanSeeErrorMessage(java.lang.String)&amp#27;[0m
18:52:23.322 [Forwarding getAlertText on session 980c2c70534a0cd9a7c097870c82de85 to remote] DEBUG org.asynchttpclient.netty.request.NettyRequestSender - Using pooled Channel '[id: 0x7f9c20de, L:/127.0.0.1:58998 - R:localhost/127.0.0.1:1949]' for 'GET' to 'http://localhost:1949/session/980c2c70534a0cd9a7c097870c82de85/alert/text'
18:52:23.322 [Forwarding getAlertText on session 980c2c70534a0cd9a7c097870c82de85 to remote] DEBUG org.asynchttpclient.netty.request.NettyRequestSender - Using open Channel [id: 0x7f9c20de, L:/127.0.0.1:58998 - R:localhost/127.0.0.1:1949] for GET '/session/980c2c70534a0cd9a7c097870c82de85/alert/text'
18:52:23.324 [AsyncHttpClient-1-10] DEBUG org.asynchttpclient.netty.handler.HttpHandler - 

Request DefaultFullHttpRequest(decodeResult: success, version: HTTP/1.1, content: EmptyByteBufBE)
GET /session/980c2c70534a0cd9a7c097870c82de85/alert/text HTTP/1.1
User-Agent: selenium/4.8.1 (java windows)
Cache-Control: no-cache
Content-Type: application/json; charset=utf-8
host: localhost:1949
accept: */*

Response DefaultHttpResponse(decodeResult: success, version: HTTP/1.1)
HTTP/1.1 404 Not Found
Content-Length: 809
Content-Type: application/json; charset=utf-8
cache-control: no-cache

18:52:23.324 [AsyncHttpClient-1-10] DEBUG org.asynchttpclient.netty.channel.ChannelManager - Adding key: http://localhost:1949 for channel [id: 0x7f9c20de, L:/127.0.0.1:58998 - R:localhost/127.0.0.1:1949]
18:52:23.325 [Forwarding getCurrentUrl on session 980c2c70534a0cd9a7c097870c82de85 to remote] DEBUG org.asynchttpclient.netty.request.NettyRequestSender - Using pooled Channel '[id: 0x7f9c20de, L:/127.0.0.1:58998 - R:localhost/127.0.0.1:1949]' for 'GET' to 'http://localhost:1949/session/980c2c70534a0cd9a7c097870c82de85/url'
18:52:23.325 [Forwarding getCurrentUrl on session 980c2c70534a0cd9a7c097870c82de85 to remote] DEBUG org.asynchttpclient.netty.request.NettyRequestSender - Using open Channel [id: 0x7f9c20de, L:/127.0.0.1:58998 - R:localhost/127.0.0.1:1949] for GET '/session/980c2c70534a0cd9a7c097870c82de85/url'
18:52:23.331 [AsyncHttpClient-1-10] DEBUG org.asynchttpclient.netty.handler.HttpHandler - 

Request DefaultFullHttpRequest(decodeResult: success, version: HTTP/1.1, content: EmptyByteBufBE)
GET /session/980c2c70534a0cd9a7c097870c82de85/url HTTP/1.1
User-Agent: selenium/4.8.1 (java windows)
Cache-Control: no-cache
Content-Type: application/json; charset=utf-8
host: localhost:1949
accept: */*

Response DefaultHttpResponse(decodeResult: success, version: HTTP/1.1)
HTTP/1.1 200 OK
Content-Length: 51
Content-Type: application/json; charset=utf-8
cache-control: no-cache

18:52:23.331 [AsyncHttpClient-1-10] DEBUG org.asynchttpclient.netty.channel.ChannelManager - Adding key: http://localhost:1949 for channel [id: 0x7f9c20de, L:/127.0.0.1:58998 - R:localhost/127.0.0.1:1949]
18:52:23.331 [Forwarding screenshot on session 980c2c70534a0cd9a7c097870c82de85 to remote] DEBUG org.asynchttpclient.netty.request.NettyRequestSender - Using pooled Channel '[id: 0x7f9c20de, L:/127.0.0.1:58998 - R:localhost/127.0.0.1:1949]' for 'GET' to 'http://localhost:1949/session/980c2c70534a0cd9a7c097870c82de85/screenshot'
18:52:23.331 [Forwarding screenshot on session 980c2c70534a0cd9a7c097870c82de85 to remote] DEBUG org.asynchttpclient.netty.request.NettyRequestSender - Using open Channel [id: 0x7f9c20de, L:/127.0.0.1:58998 - R:localhost/127.0.0.1:1949] for GET '/session/980c2c70534a0cd9a7c097870c82de85/screenshot'
18:52:23.470 [AsyncHttpClient-1-10] DEBUG org.asynchttpclient.netty.handler.HttpHandler - 

Request DefaultFullHttpRequest(decodeResult: success, version: HTTP/1.1, content: EmptyByteBufBE)
GET /session/980c2c70534a0cd9a7c097870c82de85/screenshot HTTP/1.1
User-Agent: selenium/4.8.1 (java windows)
Cache-Control: no-cache
Content-Type: application/json; charset=utf-8
host: localhost:1949
accept: */*

Response DefaultHttpResponse(decodeResult: success, version: HTTP/1.1)
HTTP/1.1 200 OK
Content-Length: 44200
Content-Type: application/json; charset=utf-8
cache-control: no-cache

18:52:23.470 [AsyncHttpClient-1-10] DEBUG org.asynchttpclient.netty.channel.ChannelManager - Adding key: http://localhost:1949 for channel [id: 0x7f9c20de, L:/127.0.0.1:58998 - R:localhost/127.0.0.1:1949]
18:52:23.472 [main] DEBUG net.serenitybdd.core.photography.Darkroom - Send negative for processing for target\site\serenity\928b889069a776527674060656b88737b235e37c0886a7899a97748e9b45ff14.png
18:52:23.474 [main] INFO  - 
  _____   ___   ___   _____     ___     _     ___   ___   ___   ___  
 |_   _| | __| / __| |_   _|   | _ \   /_\   / __| / __| | __| |   \ 
   | |   | _|  \__ \   | |     |  _/  / _ \  \__ \ \__ \ | _|  | |) |
   |_|   |___| |___/   |_|     |_|   /_/ \_\ |___/ |___/ |___| |___/ 

As user i have be able to failed login with email and password not filled
----------------------------------------------------------------------
18:52:23.476 [AsyncHttpClient-1-12] DEBUG org.asynchttpclient.netty.handler.WebSocketHandler - Channel Closed: [id: 0xea69b965, L:/127.0.0.1:59006 ! R:localhost/127.0.0.1:58999] with attribute NettyResponseFuture{currentRetry=0,
	isDone=1,
	isCancelled=0,
	asyncHandler=org.asynchttpclient.ws.WebSocketUpgradeHandler@73db1da5,
	nettyRequest=org.asynchttpclient.netty.request.NettyRequest@2c0a485c,
	future=java.util.concurrent.CompletableFuture@be67ca4[Completed normally],
	uri=ws://localhost:58999/devtools/browser/12096710-168e-4753-a6ec-6d29e8c4f948,
	keepAlive=true,
	redirectCount=0,
	timeoutsHolder=null,
	inAuth=0,
	touch=1683546740199}
18:52:23.476 [AsyncHttpClient-1-12] DEBUG org.asynchttpclient.netty.channel.ChannelManager - Closing Channel [id: 0xea69b965, L:/127.0.0.1:59006 ! R:localhost/127.0.0.1:58999] 
18:52:23.476 [Driver Command Executor] DEBUG org.asynchttpclient.netty.request.NettyRequestSender - Using pooled Channel '[id: 0x7f9c20de, L:/127.0.0.1:58998 - R:localhost/127.0.0.1:1949]' for 'DELETE' to 'http://localhost:1949/session/980c2c70534a0cd9a7c097870c82de85'
18:52:23.476 [Driver Command Executor] DEBUG org.asynchttpclient.netty.request.NettyRequestSender - Using open Channel [id: 0x7f9c20de, L:/127.0.0.1:58998 - R:localhost/127.0.0.1:1949] for DELETE '/session/980c2c70534a0cd9a7c097870c82de85'
18:52:23.656 [AsyncHttpClient-1-11] DEBUG org.asynchttpclient.netty.handler.HttpHandler - Unexpected I/O exception on channel [id: 0x632d3064, L:/127.0.0.1:59005 - R:localhost/127.0.0.1:58999]
java.net.SocketException: Connection reset
	at java.base/sun.nio.ch.SocketChannelImpl.throwConnectionReset(SocketChannelImpl.java:394)
	at java.base/sun.nio.ch.SocketChannelImpl.read(SocketChannelImpl.java:426)
	at io.netty.buffer.PooledByteBuf.setBytes(PooledByteBuf.java:259)
	at io.netty.buffer.AbstractByteBuf.writeBytes(AbstractByteBuf.java:1132)
	at io.netty.channel.socket.nio.NioSocketChannel.doReadBytes(NioSocketChannel.java:357)
	at io.netty.channel.nio.AbstractNioByteChannel$NioByteUnsafe.read(AbstractNioByteChannel.java:151)
	at io.netty.channel.nio.NioEventLoop.processSelectedKey(NioEventLoop.java:788)
	at io.netty.channel.nio.NioEventLoop.processSelectedKeysOptimized(NioEventLoop.java:724)
	at io.netty.channel.nio.NioEventLoop.processSelectedKeys(NioEventLoop.java:650)
	at io.netty.channel.nio.NioEventLoop.run(NioEventLoop.java:562)
	at io.netty.util.concurrent.SingleThreadEventExecutor$4.run(SingleThreadEventExecutor.java:997)
	at io.netty.util.internal.ThreadExecutorMap$2.run(ThreadExecutorMap.java:74)
	at io.netty.util.concurrent.FastThreadLocalRunnable.run(FastThreadLocalRunnable.java:30)
	at java.base/java.lang.Thread.run(Thread.java:833)
18:52:23.657 [AsyncHttpClient-1-11] DEBUG org.asynchttpclient.netty.channel.ChannelManager - Closing Channel [id: 0x632d3064, L:/127.0.0.1:59005 - R:localhost/127.0.0.1:58999] 
18:52:23.657 [AsyncHttpClient-1-11] DEBUG org.asynchttpclient.netty.handler.HttpHandler - Channel Closed: [id: 0x632d3064, L:/127.0.0.1:59005 ! R:localhost/127.0.0.1:58999] with attribute DISCARD
18:52:23.698 [AsyncHttpClient-1-10] DEBUG org.asynchttpclient.netty.handler.HttpHandler - 

Request DefaultFullHttpRequest(decodeResult: success, version: HTTP/1.1, content: EmptyByteBufBE)
DELETE /session/980c2c70534a0cd9a7c097870c82de85 HTTP/1.1
User-Agent: selenium/4.8.1 (java windows)
Content-Type: application/json; charset=utf-8
host: localhost:1949
accept: */*

Response DefaultHttpResponse(decodeResult: success, version: HTTP/1.1)
HTTP/1.1 200 OK
Content-Length: 14
Content-Type: application/json; charset=utf-8
cache-control: no-cache

18:52:23.698 [AsyncHttpClient-1-10] DEBUG org.asynchttpclient.netty.channel.ChannelManager - Adding key: http://localhost:1949 for channel [id: 0x7f9c20de, L:/127.0.0.1:58998 - R:localhost/127.0.0.1:1949]
18:52:23.762 [AsyncHttpClient-1-10] DEBUG org.asynchttpclient.netty.handler.HttpHandler - Channel Closed: [id: 0x7f9c20de, L:/127.0.0.1:58998 ! R:localhost/127.0.0.1:1949] with attribute DISCARD
]]></system-out>
    <system-err><![CDATA[Starting ChromeDriver 111.0.5563.64 (c710e93d5b63b7095afe8c2c17df34408078439d-refs/branch-heads/5563@{#995}) on port 1949
Only local connections are allowed.
Please see https://chromedriver.chromium.org/security-considerations for suggestions on keeping ChromeDriver safe.
ChromeDriver was started successfully.
[1683546739.928][WARNING]: This version of ChromeDriver has not been tested with Chrome version 112.
May 08, 2023 6:52:20 PM org.openqa.selenium.devtools.CdpVersionFinder findNearestMatch
WARNING: Unable to find an exact match for CDP version 112, so returning the closest version found: 110
]]></system-err>
  </testcase>
  <testcase name="As a user I have successfully registered" classname="Register" time="5.645">
    <system-out><![CDATA[18:52:23.843 [main] DEBUG io.cucumber.core.plugin.SerenityReporter - Running feature from file:///D:/alta/MiniProject/src/test/resources/features/register.feature
18:52:23.850 [main] DEBUG net.thucydides.core.steps.StepEventBus - Test suite started for story net.thucydides.core.model.Story@63230c68
18:52:23.851 [main] INFO  - Test Suite Started: Register

@register
Scenario: As a user I have successfully registered &amp#27;[90m# src/test/resources/features/register.feature:7&amp#27;[0m
18:52:23.857 [main] DEBUG io.cucumber.core.plugin.SerenityReporter - Running feature from file:///D:/alta/MiniProject/src/test/resources/features/register.feature
18:52:23.859 [main] INFO  - 
  _____   ___   ___   _____     ___   _____     _     ___   _____   ___   ___  
 |_   _| | __| / __| |_   _|   / __| |_   _|   /_\   | _ \ |_   _| | __| |   \ 
   | |   | _|  \__ \   | |     \__ \   | |    / _ \  |   /   | |   | _|  | |) |
   |_|   |___| |___/   |_|     |___/   |_|   /_/ \_\ |_|_\   |_|   |___| |___/ 

As a user I have successfully registered(register;as-a-user-i-have-successfully-registered)
--------------------------------------------------------------------------------
18:52:23.862 [AsyncHttpClient-1-1] DEBUG org.asynchttpclient.netty.channel.DefaultChannelPool - Entry count for : http://localhost:58999 : 1
18:52:23.862 [AsyncHttpClient-1-1] DEBUG org.asynchttpclient.netty.channel.DefaultChannelPool - Entry count for : http://localhost:1949 : 1
18:52:23.862 [AsyncHttpClient-1-1] DEBUG org.asynchttpclient.netty.channel.DefaultChannelPool - Adding Candidate expired Channel [id: 0x632d3064, L:/127.0.0.1:59005 ! R:localhost/127.0.0.1:58999] isIdleTimeoutExpired=false isRemotelyClosed=true isTtlExpired=false
18:52:23.862 [AsyncHttpClient-1-1] DEBUG org.asynchttpclient.netty.channel.DefaultChannelPool - Closing Idle Channel [id: 0x632d3064, L:/127.0.0.1:59005 ! R:localhost/127.0.0.1:58999]
18:52:23.862 [AsyncHttpClient-1-1] DEBUG org.asynchttpclient.netty.channel.DefaultChannelPool - Adding Candidate expired Channel [id: 0x7f9c20de, L:/127.0.0.1:58998 ! R:localhost/127.0.0.1:1949] isIdleTimeoutExpired=false isRemotelyClosed=true isTtlExpired=false
18:52:23.862 [AsyncHttpClient-1-1] DEBUG org.asynchttpclient.netty.channel.DefaultChannelPool - Closing Idle Channel [id: 0x7f9c20de, L:/127.0.0.1:58998 ! R:localhost/127.0.0.1:1949]
18:52:23.862 [AsyncHttpClient-1-1] DEBUG org.asynchttpclient.netty.channel.DefaultChannelPool - Closed 2 connections out of 2 in 0 ms
18:52:24.141 [main] INFO net.serenitybdd.core.webdriver.driverproviders.ChromeDriverProvider - Starting Chrome driver instance with capabilities:
18:52:24.141 [main] INFO net.serenitybdd.core.webdriver.driverproviders.ChromeDriverProvider - Capabilities {acceptInsecureCerts: false, browserName: chrome, goog:chromeOptions: {args: [remote-allow-origins=*], extensions: []}}
18:52:24.257 [AsyncHttpClient-1-13] DEBUG org.asynchttpclient.netty.channel.NettyConnectListener - Using new Channel '[id: 0xadf43e45, L:/127.0.0.1:59022 - R:localhost/127.0.0.1:18640]' for 'POST' to '/session'
18:52:25.143 [AsyncHttpClient-1-13] DEBUG org.asynchttpclient.netty.handler.HttpHandler - 

Request DefaultHttpRequest(decodeResult: success, version: HTTP/1.1)
POST /session HTTP/1.1
User-Agent: selenium/4.8.1 (java windows)
Content-Length: 507
Content-Type: application/json; charset=utf-8
host: localhost:18640
accept: */*

Response DefaultHttpResponse(decodeResult: success, version: HTTP/1.1)
HTTP/1.1 200 OK
Content-Length: 862
Content-Type: application/json; charset=utf-8
cache-control: no-cache

18:52:25.143 [AsyncHttpClient-1-13] DEBUG org.asynchttpclient.netty.channel.ChannelManager - Adding key: http://localhost:18640 for channel [id: 0xadf43e45, L:/127.0.0.1:59022 - R:localhost/127.0.0.1:18640]
18:52:25.154 [AsyncHttpClient-1-14] DEBUG org.asynchttpclient.netty.channel.NettyConnectListener - Using new Channel '[id: 0xfa7038e3, L:/127.0.0.1:59028 - R:localhost/127.0.0.1:59023]' for 'GET' to '/json/version'
18:52:25.156 [AsyncHttpClient-1-14] DEBUG org.asynchttpclient.netty.handler.HttpHandler - 

Request DefaultFullHttpRequest(decodeResult: success, version: HTTP/1.1, content: EmptyByteBufBE)
GET /json/version HTTP/1.1
User-Agent: selenium/4.8.1 (java windows)
host: localhost:59023
accept: */*

Response DefaultHttpResponse(decodeResult: success, version: HTTP/1.1)
HTTP/1.1 200 OK
Content-Security-Policy: frame-ancestors 'none'
Content-Length: 424
Content-Type: application/json; charset=UTF-8

18:52:25.156 [AsyncHttpClient-1-14] DEBUG org.asynchttpclient.netty.channel.ChannelManager - Adding key: http://localhost:59023 for channel [id: 0xfa7038e3, L:/127.0.0.1:59028 - R:localhost/127.0.0.1:59023]
18:52:25.163 [AsyncHttpClient-1-15] DEBUG org.asynchttpclient.netty.channel.NettyConnectListener - Using new Channel '[id: 0xa4b1cbbd, L:/127.0.0.1:59029 - R:localhost/127.0.0.1:59023]' for 'GET' to '/devtools/browser/f1a52929-1b64-4fe0-b3fe-39730f10ff44'
18:52:25.165 [AsyncHttpClient-1-15] DEBUG org.asynchttpclient.netty.handler.WebSocketHandler - 

Request DefaultFullHttpRequest(decodeResult: success, version: HTTP/1.1, content: EmptyByteBufBE)
GET /devtools/browser/f1a52929-1b64-4fe0-b3fe-39730f10ff44 HTTP/1.1
upgrade: websocket
connection: upgrade
sec-websocket-key: HSsrm6cwGzvJqBa9XIchdA==
sec-websocket-version: 13
origin: http://localhost:59023
host: localhost:59023
accept: */*
user-agent: AHC/2.1

Response DefaultHttpResponse(decodeResult: success, version: HTTP/1.1)
HTTP/1.1 101 WebSocket Protocol Handshake
Upgrade: WebSocket
Connection: Upgrade
Sec-WebSocket-Accept: lLKLPwHjmJToX8qG4P9Hfcgko9w=

18:52:25.171 [Forwarding get on session f9015329bb3233efbcfd19995e1e11a4 to remote] DEBUG org.asynchttpclient.netty.request.NettyRequestSender - Using pooled Channel '[id: 0xadf43e45, L:/127.0.0.1:59022 - R:localhost/127.0.0.1:18640]' for 'POST' to 'http://localhost:18640/session/f9015329bb3233efbcfd19995e1e11a4/url'
18:52:25.171 [Forwarding get on session f9015329bb3233efbcfd19995e1e11a4 to remote] DEBUG org.asynchttpclient.netty.request.NettyRequestSender - Using open Channel [id: 0xadf43e45, L:/127.0.0.1:59022 - R:localhost/127.0.0.1:18640] for POST '/session/f9015329bb3233efbcfd19995e1e11a4/url'
18:52:26.063 [AsyncHttpClient-1-1] DEBUG org.asynchttpclient.netty.channel.DefaultChannelPool - Entry count for : http://localhost:59023 : 1
18:52:26.238 [AsyncHttpClient-1-13] DEBUG org.asynchttpclient.netty.handler.HttpHandler - 

Request DefaultHttpRequest(decodeResult: success, version: HTTP/1.1)
POST /session/f9015329bb3233efbcfd19995e1e11a4/url HTTP/1.1
User-Agent: selenium/4.8.1 (java windows)
Content-Length: 77
Content-Type: application/json; charset=utf-8
host: localhost:18640
accept: */*

Response DefaultHttpResponse(decodeResult: success, version: HTTP/1.1)
HTTP/1.1 200 OK
Content-Length: 14
Content-Type: application/json; charset=utf-8
cache-control: no-cache

18:52:26.238 [AsyncHttpClient-1-13] DEBUG org.asynchttpclient.netty.channel.ChannelManager - Adding key: http://localhost:18640 for channel [id: 0xadf43e45, L:/127.0.0.1:59022 - R:localhost/127.0.0.1:18640]
18:52:26.241 [Forwarding setTimeout on session f9015329bb3233efbcfd19995e1e11a4 to remote] DEBUG org.asynchttpclient.netty.request.NettyRequestSender - Using pooled Channel '[id: 0xadf43e45, L:/127.0.0.1:59022 - R:localhost/127.0.0.1:18640]' for 'POST' to 'http://localhost:18640/session/f9015329bb3233efbcfd19995e1e11a4/timeouts'
18:52:26.241 [Forwarding setTimeout on session f9015329bb3233efbcfd19995e1e11a4 to remote] DEBUG org.asynchttpclient.netty.request.NettyRequestSender - Using open Channel [id: 0xadf43e45, L:/127.0.0.1:59022 - R:localhost/127.0.0.1:18640] for POST '/session/f9015329bb3233efbcfd19995e1e11a4/timeouts'
18:52:26.242 [AsyncHttpClient-1-13] DEBUG org.asynchttpclient.netty.handler.HttpHandler - 

Request DefaultHttpRequest(decodeResult: success, version: HTTP/1.1)
POST /session/f9015329bb3233efbcfd19995e1e11a4/timeouts HTTP/1.1
User-Agent: selenium/4.8.1 (java windows)
Content-Length: 22
Content-Type: application/json; charset=utf-8
host: localhost:18640
accept: */*

Response DefaultHttpResponse(decodeResult: success, version: HTTP/1.1)
HTTP/1.1 200 OK
Content-Length: 14
Content-Type: application/json; charset=utf-8
cache-control: no-cache

18:52:26.242 [AsyncHttpClient-1-13] DEBUG org.asynchttpclient.netty.channel.ChannelManager - Adding key: http://localhost:18640 for channel [id: 0xadf43e45, L:/127.0.0.1:59022 - R:localhost/127.0.0.1:18640]
18:52:26.260 [main] DEBUG net.serenitybdd.core.photography.Darkroom - Opening darkroom
18:52:26.260 [Darkroom Processing Line] DEBUG net.serenitybdd.core.photography.DarkroomProcessingLine - Darkroom processing line starting up
18:52:26.261 [Forwarding getAlertText on session f9015329bb3233efbcfd19995e1e11a4 to remote] DEBUG org.asynchttpclient.netty.request.NettyRequestSender - Using pooled Channel '[id: 0xadf43e45, L:/127.0.0.1:59022 - R:localhost/127.0.0.1:18640]' for 'GET' to 'http://localhost:18640/session/f9015329bb3233efbcfd19995e1e11a4/alert/text'
18:52:26.262 [Forwarding getAlertText on session f9015329bb3233efbcfd19995e1e11a4 to remote] DEBUG org.asynchttpclient.netty.request.NettyRequestSender - Using open Channel [id: 0xadf43e45, L:/127.0.0.1:59022 - R:localhost/127.0.0.1:18640] for GET '/session/f9015329bb3233efbcfd19995e1e11a4/alert/text'
18:52:26.264 [AsyncHttpClient-1-13] DEBUG org.asynchttpclient.netty.handler.HttpHandler - 

Request DefaultFullHttpRequest(decodeResult: success, version: HTTP/1.1, content: EmptyByteBufBE)
GET /session/f9015329bb3233efbcfd19995e1e11a4/alert/text HTTP/1.1
User-Agent: selenium/4.8.1 (java windows)
Cache-Control: no-cache
Content-Type: application/json; charset=utf-8
host: localhost:18640
accept: */*

Response DefaultHttpResponse(decodeResult: success, version: HTTP/1.1)
HTTP/1.1 404 Not Found
Content-Length: 809
Content-Type: application/json; charset=utf-8
cache-control: no-cache

18:52:26.264 [AsyncHttpClient-1-13] DEBUG org.asynchttpclient.netty.channel.ChannelManager - Adding key: http://localhost:18640 for channel [id: 0xadf43e45, L:/127.0.0.1:59022 - R:localhost/127.0.0.1:18640]
18:52:26.265 [Forwarding getCurrentUrl on session f9015329bb3233efbcfd19995e1e11a4 to remote] DEBUG org.asynchttpclient.netty.request.NettyRequestSender - Using pooled Channel '[id: 0xadf43e45, L:/127.0.0.1:59022 - R:localhost/127.0.0.1:18640]' for 'GET' to 'http://localhost:18640/session/f9015329bb3233efbcfd19995e1e11a4/url'
18:52:26.265 [Forwarding getCurrentUrl on session f9015329bb3233efbcfd19995e1e11a4 to remote] DEBUG org.asynchttpclient.netty.request.NettyRequestSender - Using open Channel [id: 0xadf43e45, L:/127.0.0.1:59022 - R:localhost/127.0.0.1:18640] for GET '/session/f9015329bb3233efbcfd19995e1e11a4/url'
18:52:26.274 [AsyncHttpClient-1-13] DEBUG org.asynchttpclient.netty.handler.HttpHandler - 

Request DefaultFullHttpRequest(decodeResult: success, version: HTTP/1.1, content: EmptyByteBufBE)
GET /session/f9015329bb3233efbcfd19995e1e11a4/url HTTP/1.1
User-Agent: selenium/4.8.1 (java windows)
Cache-Control: no-cache
Content-Type: application/json; charset=utf-8
host: localhost:18640
accept: */*

Response DefaultHttpResponse(decodeResult: success, version: HTTP/1.1)
HTTP/1.1 200 OK
Content-Length: 54
Content-Type: application/json; charset=utf-8
cache-control: no-cache

18:52:26.274 [AsyncHttpClient-1-13] DEBUG org.asynchttpclient.netty.channel.ChannelManager - Adding key: http://localhost:18640 for channel [id: 0xadf43e45, L:/127.0.0.1:59022 - R:localhost/127.0.0.1:18640]
18:52:26.275 [Forwarding screenshot on session f9015329bb3233efbcfd19995e1e11a4 to remote] DEBUG org.asynchttpclient.netty.request.NettyRequestSender - Using pooled Channel '[id: 0xadf43e45, L:/127.0.0.1:59022 - R:localhost/127.0.0.1:18640]' for 'GET' to 'http://localhost:18640/session/f9015329bb3233efbcfd19995e1e11a4/screenshot'
18:52:26.275 [Forwarding screenshot on session f9015329bb3233efbcfd19995e1e11a4 to remote] DEBUG org.asynchttpclient.netty.request.NettyRequestSender - Using open Channel [id: 0xadf43e45, L:/127.0.0.1:59022 - R:localhost/127.0.0.1:18640] for GET '/session/f9015329bb3233efbcfd19995e1e11a4/screenshot'
18:52:26.413 [AsyncHttpClient-1-13] DEBUG org.asynchttpclient.netty.handler.HttpHandler - 

Request DefaultFullHttpRequest(decodeResult: success, version: HTTP/1.1, content: EmptyByteBufBE)
GET /session/f9015329bb3233efbcfd19995e1e11a4/screenshot HTTP/1.1
User-Agent: selenium/4.8.1 (java windows)
Cache-Control: no-cache
Content-Type: application/json; charset=utf-8
host: localhost:18640
accept: */*

Response DefaultHttpResponse(decodeResult: success, version: HTTP/1.1)
HTTP/1.1 200 OK
Content-Length: 44572
Content-Type: application/json; charset=utf-8
cache-control: no-cache

18:52:26.413 [AsyncHttpClient-1-13] DEBUG org.asynchttpclient.netty.channel.ChannelManager - Adding key: http://localhost:18640 for channel [id: 0xadf43e45, L:/127.0.0.1:59022 - R:localhost/127.0.0.1:18640]
18:52:26.416 [main] DEBUG net.serenitybdd.core.photography.Darkroom - Send negative for processing for target\site\serenity\e37f44578b6747e5849e9880e2d0150af21bc7f15554e13570275ec9a9567f73.png
18:52:26.416 [Darkroom Processing Line] DEBUG net.serenitybdd.core.photography.DarkroomProcessingLine - Processing screenshot image in /var/screenshots/screenshot-37922842172699962
18:52:26.416 [Darkroom Processing Line] DEBUG net.serenitybdd.core.photography.DarkroomProcessingLine - Saving screenshot to target\site\serenity\e37f44578b6747e5849e9880e2d0150af21bc7f15554e13570275ec9a9567f73.png
18:52:26.417 [Forwarding getPageSource on session f9015329bb3233efbcfd19995e1e11a4 to remote] DEBUG org.asynchttpclient.netty.request.NettyRequestSender - Using pooled Channel '[id: 0xadf43e45, L:/127.0.0.1:59022 - R:localhost/127.0.0.1:18640]' for 'POST' to 'http://localhost:18640/session/f9015329bb3233efbcfd19995e1e11a4/execute/sync'
18:52:26.417 [Forwarding getPageSource on session f9015329bb3233efbcfd19995e1e11a4 to remote] DEBUG org.asynchttpclient.netty.request.NettyRequestSender - Using open Channel [id: 0xadf43e45, L:/127.0.0.1:59022 - R:localhost/127.0.0.1:18640] for POST '/session/f9015329bb3233efbcfd19995e1e11a4/execute/sync'
18:52:26.425 [AsyncHttpClient-1-13] DEBUG org.asynchttpclient.netty.handler.HttpHandler - 

Request DefaultHttpRequest(decodeResult: success, version: HTTP/1.1)
POST /session/f9015329bb3233efbcfd19995e1e11a4/execute/sync HTTP/1.1
User-Agent: selenium/4.8.1 (java windows)
Content-Length: 176
Content-Type: application/json; charset=utf-8
host: localhost:18640
accept: */*

Response DefaultHttpResponse(decodeResult: success, version: HTTP/1.1)
HTTP/1.1 200 OK
Content-Length: 22234
Content-Type: application/json; charset=utf-8
cache-control: no-cache

18:52:26.425 [AsyncHttpClient-1-13] DEBUG org.asynchttpclient.netty.channel.ChannelManager - Adding key: http://localhost:18640 for channel [id: 0xadf43e45, L:/127.0.0.1:59022 - R:localhost/127.0.0.1:18640]
18:52:26.427 [Forwarding getCurrentUrl on session f9015329bb3233efbcfd19995e1e11a4 to remote] DEBUG org.asynchttpclient.netty.request.NettyRequestSender - Using pooled Channel '[id: 0xadf43e45, L:/127.0.0.1:59022 - R:localhost/127.0.0.1:18640]' for 'GET' to 'http://localhost:18640/session/f9015329bb3233efbcfd19995e1e11a4/url'
18:52:26.427 [Forwarding getCurrentUrl on session f9015329bb3233efbcfd19995e1e11a4 to remote] DEBUG org.asynchttpclient.netty.request.NettyRequestSender - Using open Channel [id: 0xadf43e45, L:/127.0.0.1:59022 - R:localhost/127.0.0.1:18640] for GET '/session/f9015329bb3233efbcfd19995e1e11a4/url'
18:52:26.432 [AsyncHttpClient-1-13] DEBUG org.asynchttpclient.netty.handler.HttpHandler - 

Request DefaultFullHttpRequest(decodeResult: success, version: HTTP/1.1, content: EmptyByteBufBE)
GET /session/f9015329bb3233efbcfd19995e1e11a4/url HTTP/1.1
User-Agent: selenium/4.8.1 (java windows)
Cache-Control: no-cache
Content-Type: application/json; charset=utf-8
host: localhost:18640
accept: */*

Response DefaultHttpResponse(decodeResult: success, version: HTTP/1.1)
HTTP/1.1 200 OK
Content-Length: 54
Content-Type: application/json; charset=utf-8
cache-control: no-cache

18:52:26.432 [AsyncHttpClient-1-13] DEBUG org.asynchttpclient.netty.channel.ChannelManager - Adding key: http://localhost:18640 for channel [id: 0xadf43e45, L:/127.0.0.1:59022 - R:localhost/127.0.0.1:18640]
18:52:26.433 [main] DEBUG net.thucydides.core.steps.StepInterceptor - STARTING STEP: RegisterSteps.onRegisterPage - validateOnRegisterPage
18:52:26.435 [Forwarding findElement on session f9015329bb3233efbcfd19995e1e11a4 to remote] DEBUG org.asynchttpclient.netty.request.NettyRequestSender - Using pooled Channel '[id: 0xadf43e45, L:/127.0.0.1:59022 - R:localhost/127.0.0.1:18640]' for 'POST' to 'http://localhost:18640/session/f9015329bb3233efbcfd19995e1e11a4/element'
18:52:26.435 [Forwarding findElement on session f9015329bb3233efbcfd19995e1e11a4 to remote] DEBUG org.asynchttpclient.netty.request.NettyRequestSender - Using open Channel [id: 0xadf43e45, L:/127.0.0.1:59022 - R:localhost/127.0.0.1:18640] for POST '/session/f9015329bb3233efbcfd19995e1e11a4/element'
18:52:26.451 [AsyncHttpClient-1-13] DEBUG org.asynchttpclient.netty.handler.HttpHandler - 

Request DefaultHttpRequest(decodeResult: success, version: HTTP/1.1)
POST /session/f9015329bb3233efbcfd19995e1e11a4/element HTTP/1.1
User-Agent: selenium/4.8.1 (java windows)
Content-Length: 142
Content-Type: application/json; charset=utf-8
host: localhost:18640
accept: */*

Response DefaultHttpResponse(decodeResult: success, version: HTTP/1.1)
HTTP/1.1 200 OK
Content-Length: 88
Content-Type: application/json; charset=utf-8
cache-control: no-cache

18:52:26.451 [AsyncHttpClient-1-13] DEBUG org.asynchttpclient.netty.channel.ChannelManager - Adding key: http://localhost:18640 for channel [id: 0xadf43e45, L:/127.0.0.1:59022 - R:localhost/127.0.0.1:18640]
18:52:26.454 [Forwarding isElementDisplayed on session f9015329bb3233efbcfd19995e1e11a4 to remote] DEBUG org.asynchttpclient.netty.request.NettyRequestSender - Using pooled Channel '[id: 0xadf43e45, L:/127.0.0.1:59022 - R:localhost/127.0.0.1:18640]' for 'POST' to 'http://localhost:18640/session/f9015329bb3233efbcfd19995e1e11a4/execute/sync'
18:52:26.454 [Forwarding isElementDisplayed on session f9015329bb3233efbcfd19995e1e11a4 to remote] DEBUG org.asynchttpclient.netty.request.NettyRequestSender - Using open Channel [id: 0xadf43e45, L:/127.0.0.1:59022 - R:localhost/127.0.0.1:18640] for POST '/session/f9015329bb3233efbcfd19995e1e11a4/execute/sync'
18:52:26.468 [AsyncHttpClient-1-13] DEBUG org.asynchttpclient.netty.handler.HttpHandler - 

Request DefaultHttpRequest(decodeResult: success, version: HTTP/1.1)
POST /session/f9015329bb3233efbcfd19995e1e11a4/execute/sync HTTP/1.1
User-Agent: selenium/4.8.1 (java windows)
Content-Length: 48807
Content-Type: application/json; charset=utf-8
host: localhost:18640
accept: */*

Response DefaultHttpResponse(decodeResult: success, version: HTTP/1.1)
HTTP/1.1 200 OK
Content-Length: 14
Content-Type: application/json; charset=utf-8
cache-control: no-cache

18:52:26.468 [AsyncHttpClient-1-13] DEBUG org.asynchttpclient.netty.channel.ChannelManager - Adding key: http://localhost:18640 for channel [id: 0xadf43e45, L:/127.0.0.1:59022 - R:localhost/127.0.0.1:18640]
18:52:26.471 [Forwarding getAlertText on session f9015329bb3233efbcfd19995e1e11a4 to remote] DEBUG org.asynchttpclient.netty.request.NettyRequestSender - Using pooled Channel '[id: 0xadf43e45, L:/127.0.0.1:59022 - R:localhost/127.0.0.1:18640]' for 'GET' to 'http://localhost:18640/session/f9015329bb3233efbcfd19995e1e11a4/alert/text'
18:52:26.471 [Forwarding getAlertText on session f9015329bb3233efbcfd19995e1e11a4 to remote] DEBUG org.asynchttpclient.netty.request.NettyRequestSender - Using open Channel [id: 0xadf43e45, L:/127.0.0.1:59022 - R:localhost/127.0.0.1:18640] for GET '/session/f9015329bb3233efbcfd19995e1e11a4/alert/text'
18:52:26.473 [AsyncHttpClient-1-13] DEBUG org.asynchttpclient.netty.handler.HttpHandler - 

Request DefaultFullHttpRequest(decodeResult: success, version: HTTP/1.1, content: EmptyByteBufBE)
GET /session/f9015329bb3233efbcfd19995e1e11a4/alert/text HTTP/1.1
User-Agent: selenium/4.8.1 (java windows)
Cache-Control: no-cache
Content-Type: application/json; charset=utf-8
host: localhost:18640
accept: */*

Response DefaultHttpResponse(decodeResult: success, version: HTTP/1.1)
HTTP/1.1 404 Not Found
Content-Length: 809
Content-Type: application/json; charset=utf-8
cache-control: no-cache

18:52:26.473 [AsyncHttpClient-1-13] DEBUG org.asynchttpclient.netty.channel.ChannelManager - Adding key: http://localhost:18640 for channel [id: 0xadf43e45, L:/127.0.0.1:59022 - R:localhost/127.0.0.1:18640]
18:52:26.474 [Forwarding getCurrentUrl on session f9015329bb3233efbcfd19995e1e11a4 to remote] DEBUG org.asynchttpclient.netty.request.NettyRequestSender - Using pooled Channel '[id: 0xadf43e45, L:/127.0.0.1:59022 - R:localhost/127.0.0.1:18640]' for 'GET' to 'http://localhost:18640/session/f9015329bb3233efbcfd19995e1e11a4/url'
18:52:26.474 [Forwarding getCurrentUrl on session f9015329bb3233efbcfd19995e1e11a4 to remote] DEBUG org.asynchttpclient.netty.request.NettyRequestSender - Using open Channel [id: 0xadf43e45, L:/127.0.0.1:59022 - R:localhost/127.0.0.1:18640] for GET '/session/f9015329bb3233efbcfd19995e1e11a4/url'
18:52:26.479 [AsyncHttpClient-1-13] DEBUG org.asynchttpclient.netty.handler.HttpHandler - 

Request DefaultFullHttpRequest(decodeResult: success, version: HTTP/1.1, content: EmptyByteBufBE)
GET /session/f9015329bb3233efbcfd19995e1e11a4/url HTTP/1.1
User-Agent: selenium/4.8.1 (java windows)
Cache-Control: no-cache
Content-Type: application/json; charset=utf-8
host: localhost:18640
accept: */*

Response DefaultHttpResponse(decodeResult: success, version: HTTP/1.1)
HTTP/1.1 200 OK
Content-Length: 54
Content-Type: application/json; charset=utf-8
cache-control: no-cache

18:52:26.479 [AsyncHttpClient-1-13] DEBUG org.asynchttpclient.netty.channel.ChannelManager - Adding key: http://localhost:18640 for channel [id: 0xadf43e45, L:/127.0.0.1:59022 - R:localhost/127.0.0.1:18640]
18:52:26.479 [Forwarding screenshot on session f9015329bb3233efbcfd19995e1e11a4 to remote] DEBUG org.asynchttpclient.netty.request.NettyRequestSender - Using pooled Channel '[id: 0xadf43e45, L:/127.0.0.1:59022 - R:localhost/127.0.0.1:18640]' for 'GET' to 'http://localhost:18640/session/f9015329bb3233efbcfd19995e1e11a4/screenshot'
18:52:26.479 [Forwarding screenshot on session f9015329bb3233efbcfd19995e1e11a4 to remote] DEBUG org.asynchttpclient.netty.request.NettyRequestSender - Using open Channel [id: 0xadf43e45, L:/127.0.0.1:59022 - R:localhost/127.0.0.1:18640] for GET '/session/f9015329bb3233efbcfd19995e1e11a4/screenshot'
18:52:26.633 [AsyncHttpClient-1-13] DEBUG org.asynchttpclient.netty.handler.HttpHandler - 

Request DefaultFullHttpRequest(decodeResult: success, version: HTTP/1.1, content: EmptyByteBufBE)
GET /session/f9015329bb3233efbcfd19995e1e11a4/screenshot HTTP/1.1
User-Agent: selenium/4.8.1 (java windows)
Cache-Control: no-cache
Content-Type: application/json; charset=utf-8
host: localhost:18640
accept: */*

Response DefaultHttpResponse(decodeResult: success, version: HTTP/1.1)
HTTP/1.1 200 OK
Content-Length: 44572
Content-Type: application/json; charset=utf-8
cache-control: no-cache

18:52:26.634 [AsyncHttpClient-1-13] DEBUG org.asynchttpclient.netty.channel.ChannelManager - Adding key: http://localhost:18640 for channel [id: 0xadf43e45, L:/127.0.0.1:59022 - R:localhost/127.0.0.1:18640]
18:52:26.636 [main] DEBUG net.serenitybdd.core.photography.Darkroom - Send negative for processing for target\site\serenity\e37f44578b6747e5849e9880e2d0150af21bc7f15554e13570275ec9a9567f73.png
18:52:26.636 [main] DEBUG net.thucydides.core.steps.StepInterceptor - STEP DONE: validateOnRegisterPage
  &amp#27;[32mGiven &amp#27;[0m&amp#27;[32mme on the register page&amp#27;[0m                    &amp#27;[90m# starter.stepdefinitions.RegisterSteps.onRegisterPage()&amp#27;[0m
18:52:26.642 [Forwarding getPageSource on session f9015329bb3233efbcfd19995e1e11a4 to remote] DEBUG org.asynchttpclient.netty.request.NettyRequestSender - Using pooled Channel '[id: 0xadf43e45, L:/127.0.0.1:59022 - R:localhost/127.0.0.1:18640]' for 'POST' to 'http://localhost:18640/session/f9015329bb3233efbcfd19995e1e11a4/execute/sync'
18:52:26.642 [Forwarding getPageSource on session f9015329bb3233efbcfd19995e1e11a4 to remote] DEBUG org.asynchttpclient.netty.request.NettyRequestSender - Using open Channel [id: 0xadf43e45, L:/127.0.0.1:59022 - R:localhost/127.0.0.1:18640] for POST '/session/f9015329bb3233efbcfd19995e1e11a4/execute/sync'
18:52:26.650 [AsyncHttpClient-1-13] DEBUG org.asynchttpclient.netty.handler.HttpHandler - 

Request DefaultHttpRequest(decodeResult: success, version: HTTP/1.1)
POST /session/f9015329bb3233efbcfd19995e1e11a4/execute/sync HTTP/1.1
User-Agent: selenium/4.8.1 (java windows)
Content-Length: 176
Content-Type: application/json; charset=utf-8
host: localhost:18640
accept: */*

Response DefaultHttpResponse(decodeResult: success, version: HTTP/1.1)
HTTP/1.1 200 OK
Content-Length: 22234
Content-Type: application/json; charset=utf-8
cache-control: no-cache

18:52:26.650 [AsyncHttpClient-1-13] DEBUG org.asynchttpclient.netty.channel.ChannelManager - Adding key: http://localhost:18640 for channel [id: 0xadf43e45, L:/127.0.0.1:59022 - R:localhost/127.0.0.1:18640]
18:52:26.652 [Forwarding getCurrentUrl on session f9015329bb3233efbcfd19995e1e11a4 to remote] DEBUG org.asynchttpclient.netty.request.NettyRequestSender - Using pooled Channel '[id: 0xadf43e45, L:/127.0.0.1:59022 - R:localhost/127.0.0.1:18640]' for 'GET' to 'http://localhost:18640/session/f9015329bb3233efbcfd19995e1e11a4/url'
18:52:26.652 [Forwarding getCurrentUrl on session f9015329bb3233efbcfd19995e1e11a4 to remote] DEBUG org.asynchttpclient.netty.request.NettyRequestSender - Using open Channel [id: 0xadf43e45, L:/127.0.0.1:59022 - R:localhost/127.0.0.1:18640] for GET '/session/f9015329bb3233efbcfd19995e1e11a4/url'
18:52:26.657 [AsyncHttpClient-1-13] DEBUG org.asynchttpclient.netty.handler.HttpHandler - 

Request DefaultFullHttpRequest(decodeResult: success, version: HTTP/1.1, content: EmptyByteBufBE)
GET /session/f9015329bb3233efbcfd19995e1e11a4/url HTTP/1.1
User-Agent: selenium/4.8.1 (java windows)
Cache-Control: no-cache
Content-Type: application/json; charset=utf-8
host: localhost:18640
accept: */*

Response DefaultHttpResponse(decodeResult: success, version: HTTP/1.1)
HTTP/1.1 200 OK
Content-Length: 54
Content-Type: application/json; charset=utf-8
cache-control: no-cache

18:52:26.657 [AsyncHttpClient-1-13] DEBUG org.asynchttpclient.netty.channel.ChannelManager - Adding key: http://localhost:18640 for channel [id: 0xadf43e45, L:/127.0.0.1:59022 - R:localhost/127.0.0.1:18640]
18:52:26.668 [Forwarding getPageSource on session f9015329bb3233efbcfd19995e1e11a4 to remote] DEBUG org.asynchttpclient.netty.request.NettyRequestSender - Using pooled Channel '[id: 0xadf43e45, L:/127.0.0.1:59022 - R:localhost/127.0.0.1:18640]' for 'POST' to 'http://localhost:18640/session/f9015329bb3233efbcfd19995e1e11a4/execute/sync'
18:52:26.668 [Forwarding getPageSource on session f9015329bb3233efbcfd19995e1e11a4 to remote] DEBUG org.asynchttpclient.netty.request.NettyRequestSender - Using open Channel [id: 0xadf43e45, L:/127.0.0.1:59022 - R:localhost/127.0.0.1:18640] for POST '/session/f9015329bb3233efbcfd19995e1e11a4/execute/sync'
18:52:26.673 [AsyncHttpClient-1-13] DEBUG org.asynchttpclient.netty.handler.HttpHandler - 

Request DefaultHttpRequest(decodeResult: success, version: HTTP/1.1)
POST /session/f9015329bb3233efbcfd19995e1e11a4/execute/sync HTTP/1.1
User-Agent: selenium/4.8.1 (java windows)
Content-Length: 176
Content-Type: application/json; charset=utf-8
host: localhost:18640
accept: */*

Response DefaultHttpResponse(decodeResult: success, version: HTTP/1.1)
HTTP/1.1 200 OK
Content-Length: 22234
Content-Type: application/json; charset=utf-8
cache-control: no-cache

18:52:26.673 [AsyncHttpClient-1-13] DEBUG org.asynchttpclient.netty.channel.ChannelManager - Adding key: http://localhost:18640 for channel [id: 0xadf43e45, L:/127.0.0.1:59022 - R:localhost/127.0.0.1:18640]
18:52:26.675 [Forwarding getCurrentUrl on session f9015329bb3233efbcfd19995e1e11a4 to remote] DEBUG org.asynchttpclient.netty.request.NettyRequestSender - Using pooled Channel '[id: 0xadf43e45, L:/127.0.0.1:59022 - R:localhost/127.0.0.1:18640]' for 'GET' to 'http://localhost:18640/session/f9015329bb3233efbcfd19995e1e11a4/url'
18:52:26.675 [Forwarding getCurrentUrl on session f9015329bb3233efbcfd19995e1e11a4 to remote] DEBUG org.asynchttpclient.netty.request.NettyRequestSender - Using open Channel [id: 0xadf43e45, L:/127.0.0.1:59022 - R:localhost/127.0.0.1:18640] for GET '/session/f9015329bb3233efbcfd19995e1e11a4/url'
18:52:26.680 [AsyncHttpClient-1-13] DEBUG org.asynchttpclient.netty.handler.HttpHandler - 

Request DefaultFullHttpRequest(decodeResult: success, version: HTTP/1.1, content: EmptyByteBufBE)
GET /session/f9015329bb3233efbcfd19995e1e11a4/url HTTP/1.1
User-Agent: selenium/4.8.1 (java windows)
Cache-Control: no-cache
Content-Type: application/json; charset=utf-8
host: localhost:18640
accept: */*

Response DefaultHttpResponse(decodeResult: success, version: HTTP/1.1)
HTTP/1.1 200 OK
Content-Length: 54
Content-Type: application/json; charset=utf-8
cache-control: no-cache

18:52:26.680 [AsyncHttpClient-1-13] DEBUG org.asynchttpclient.netty.channel.ChannelManager - Adding key: http://localhost:18640 for channel [id: 0xadf43e45, L:/127.0.0.1:59022 - R:localhost/127.0.0.1:18640]
18:52:26.683 [main] DEBUG net.thucydides.core.steps.StepInterceptor - STARTING STEP: RegisterSteps.enterFullname - inputFullName
18:52:26.686 [Forwarding findElement on session f9015329bb3233efbcfd19995e1e11a4 to remote] DEBUG org.asynchttpclient.netty.request.NettyRequestSender - Using pooled Channel '[id: 0xadf43e45, L:/127.0.0.1:59022 - R:localhost/127.0.0.1:18640]' for 'POST' to 'http://localhost:18640/session/f9015329bb3233efbcfd19995e1e11a4/element'
18:52:26.686 [Forwarding findElement on session f9015329bb3233efbcfd19995e1e11a4 to remote] DEBUG org.asynchttpclient.netty.request.NettyRequestSender - Using open Channel [id: 0xadf43e45, L:/127.0.0.1:59022 - R:localhost/127.0.0.1:18640] for POST '/session/f9015329bb3233efbcfd19995e1e11a4/element'
18:52:26.701 [AsyncHttpClient-1-13] DEBUG org.asynchttpclient.netty.handler.HttpHandler - 

Request DefaultHttpRequest(decodeResult: success, version: HTTP/1.1)
POST /session/f9015329bb3233efbcfd19995e1e11a4/element HTTP/1.1
User-Agent: selenium/4.8.1 (java windows)
Content-Length: 71
Content-Type: application/json; charset=utf-8
host: localhost:18640
accept: */*

Response DefaultHttpResponse(decodeResult: success, version: HTTP/1.1)
HTTP/1.1 200 OK
Content-Length: 88
Content-Type: application/json; charset=utf-8
cache-control: no-cache

18:52:26.701 [AsyncHttpClient-1-13] DEBUG org.asynchttpclient.netty.channel.ChannelManager - Adding key: http://localhost:18640 for channel [id: 0xadf43e45, L:/127.0.0.1:59022 - R:localhost/127.0.0.1:18640]
18:52:26.702 [Forwarding clearElement on session f9015329bb3233efbcfd19995e1e11a4 to remote] DEBUG org.asynchttpclient.netty.request.NettyRequestSender - Using pooled Channel '[id: 0xadf43e45, L:/127.0.0.1:59022 - R:localhost/127.0.0.1:18640]' for 'POST' to 'http://localhost:18640/session/f9015329bb3233efbcfd19995e1e11a4/element/a83601f8-3cc3-4952-aec3-09d402250aff/clear'
18:52:26.702 [Forwarding clearElement on session f9015329bb3233efbcfd19995e1e11a4 to remote] DEBUG org.asynchttpclient.netty.request.NettyRequestSender - Using open Channel [id: 0xadf43e45, L:/127.0.0.1:59022 - R:localhost/127.0.0.1:18640] for POST '/session/f9015329bb3233efbcfd19995e1e11a4/element/a83601f8-3cc3-4952-aec3-09d402250aff/clear'
18:52:26.742 [AsyncHttpClient-1-13] DEBUG org.asynchttpclient.netty.handler.HttpHandler - 

Request DefaultHttpRequest(decodeResult: success, version: HTTP/1.1)
POST /session/f9015329bb3233efbcfd19995e1e11a4/element/a83601f8-3cc3-4952-aec3-09d402250aff/clear HTTP/1.1
User-Agent: selenium/4.8.1 (java windows)
Content-Length: 50
Content-Type: application/json; charset=utf-8
host: localhost:18640
accept: */*

Response DefaultHttpResponse(decodeResult: success, version: HTTP/1.1)
HTTP/1.1 200 OK
Content-Length: 14
Content-Type: application/json; charset=utf-8
cache-control: no-cache

18:52:26.742 [AsyncHttpClient-1-13] DEBUG org.asynchttpclient.netty.channel.ChannelManager - Adding key: http://localhost:18640 for channel [id: 0xadf43e45, L:/127.0.0.1:59022 - R:localhost/127.0.0.1:18640]
18:52:26.744 [Forwarding sendKeysToElement on session f9015329bb3233efbcfd19995e1e11a4 to remote] DEBUG org.asynchttpclient.netty.request.NettyRequestSender - Using pooled Channel '[id: 0xadf43e45, L:/127.0.0.1:59022 - R:localhost/127.0.0.1:18640]' for 'POST' to 'http://localhost:18640/session/f9015329bb3233efbcfd19995e1e11a4/element/a83601f8-3cc3-4952-aec3-09d402250aff/value'
18:52:26.744 [Forwarding sendKeysToElement on session f9015329bb3233efbcfd19995e1e11a4 to remote] DEBUG org.asynchttpclient.netty.request.NettyRequestSender - Using open Channel [id: 0xadf43e45, L:/127.0.0.1:59022 - R:localhost/127.0.0.1:18640] for POST '/session/f9015329bb3233efbcfd19995e1e11a4/element/a83601f8-3cc3-4952-aec3-09d402250aff/value'
18:52:26.880 [AsyncHttpClient-1-13] DEBUG org.asynchttpclient.netty.handler.HttpHandler - 

Request DefaultHttpRequest(decodeResult: success, version: HTTP/1.1)
POST /session/f9015329bb3233efbcfd19995e1e11a4/element/a83601f8-3cc3-4952-aec3-09d402250aff/value HTTP/1.1
User-Agent: selenium/4.8.1 (java windows)
Content-Length: 211
Content-Type: application/json; charset=utf-8
host: localhost:18640
accept: */*

Response DefaultHttpResponse(decodeResult: success, version: HTTP/1.1)
HTTP/1.1 200 OK
Content-Length: 14
Content-Type: application/json; charset=utf-8
cache-control: no-cache

18:52:26.880 [AsyncHttpClient-1-13] DEBUG org.asynchttpclient.netty.channel.ChannelManager - Adding key: http://localhost:18640 for channel [id: 0xadf43e45, L:/127.0.0.1:59022 - R:localhost/127.0.0.1:18640]
18:52:26.886 [Forwarding getAlertText on session f9015329bb3233efbcfd19995e1e11a4 to remote] DEBUG org.asynchttpclient.netty.request.NettyRequestSender - Using pooled Channel '[id: 0xadf43e45, L:/127.0.0.1:59022 - R:localhost/127.0.0.1:18640]' for 'GET' to 'http://localhost:18640/session/f9015329bb3233efbcfd19995e1e11a4/alert/text'
18:52:26.886 [Forwarding getAlertText on session f9015329bb3233efbcfd19995e1e11a4 to remote] DEBUG org.asynchttpclient.netty.request.NettyRequestSender - Using open Channel [id: 0xadf43e45, L:/127.0.0.1:59022 - R:localhost/127.0.0.1:18640] for GET '/session/f9015329bb3233efbcfd19995e1e11a4/alert/text'
18:52:26.888 [AsyncHttpClient-1-13] DEBUG org.asynchttpclient.netty.handler.HttpHandler - 

Request DefaultFullHttpRequest(decodeResult: success, version: HTTP/1.1, content: EmptyByteBufBE)
GET /session/f9015329bb3233efbcfd19995e1e11a4/alert/text HTTP/1.1
User-Agent: selenium/4.8.1 (java windows)
Cache-Control: no-cache
Content-Type: application/json; charset=utf-8
host: localhost:18640
accept: */*

Response DefaultHttpResponse(decodeResult: success, version: HTTP/1.1)
HTTP/1.1 404 Not Found
Content-Length: 809
Content-Type: application/json; charset=utf-8
cache-control: no-cache

18:52:26.888 [AsyncHttpClient-1-13] DEBUG org.asynchttpclient.netty.channel.ChannelManager - Adding key: http://localhost:18640 for channel [id: 0xadf43e45, L:/127.0.0.1:59022 - R:localhost/127.0.0.1:18640]
18:52:26.889 [Forwarding getCurrentUrl on session f9015329bb3233efbcfd19995e1e11a4 to remote] DEBUG org.asynchttpclient.netty.request.NettyRequestSender - Using pooled Channel '[id: 0xadf43e45, L:/127.0.0.1:59022 - R:localhost/127.0.0.1:18640]' for 'GET' to 'http://localhost:18640/session/f9015329bb3233efbcfd19995e1e11a4/url'
18:52:26.889 [Forwarding getCurrentUrl on session f9015329bb3233efbcfd19995e1e11a4 to remote] DEBUG org.asynchttpclient.netty.request.NettyRequestSender - Using open Channel [id: 0xadf43e45, L:/127.0.0.1:59022 - R:localhost/127.0.0.1:18640] for GET '/session/f9015329bb3233efbcfd19995e1e11a4/url'
18:52:26.891 [AsyncHttpClient-1-13] DEBUG org.asynchttpclient.netty.handler.HttpHandler - 

Request DefaultFullHttpRequest(decodeResult: success, version: HTTP/1.1, content: EmptyByteBufBE)
GET /session/f9015329bb3233efbcfd19995e1e11a4/url HTTP/1.1
User-Agent: selenium/4.8.1 (java windows)
Cache-Control: no-cache
Content-Type: application/json; charset=utf-8
host: localhost:18640
accept: */*

Response DefaultHttpResponse(decodeResult: success, version: HTTP/1.1)
HTTP/1.1 200 OK
Content-Length: 54
Content-Type: application/json; charset=utf-8
cache-control: no-cache

18:52:26.892 [AsyncHttpClient-1-13] DEBUG org.asynchttpclient.netty.channel.ChannelManager - Adding key: http://localhost:18640 for channel [id: 0xadf43e45, L:/127.0.0.1:59022 - R:localhost/127.0.0.1:18640]
18:52:26.892 [Forwarding screenshot on session f9015329bb3233efbcfd19995e1e11a4 to remote] DEBUG org.asynchttpclient.netty.request.NettyRequestSender - Using pooled Channel '[id: 0xadf43e45, L:/127.0.0.1:59022 - R:localhost/127.0.0.1:18640]' for 'GET' to 'http://localhost:18640/session/f9015329bb3233efbcfd19995e1e11a4/screenshot'
18:52:26.892 [Forwarding screenshot on session f9015329bb3233efbcfd19995e1e11a4 to remote] DEBUG org.asynchttpclient.netty.request.NettyRequestSender - Using open Channel [id: 0xadf43e45, L:/127.0.0.1:59022 - R:localhost/127.0.0.1:18640] for GET '/session/f9015329bb3233efbcfd19995e1e11a4/screenshot'
18:52:27.101 [AsyncHttpClient-1-13] DEBUG org.asynchttpclient.netty.handler.HttpHandler - 

Request DefaultFullHttpRequest(decodeResult: success, version: HTTP/1.1, content: EmptyByteBufBE)
GET /session/f9015329bb3233efbcfd19995e1e11a4/screenshot HTTP/1.1
User-Agent: selenium/4.8.1 (java windows)
Cache-Control: no-cache
Content-Type: application/json; charset=utf-8
host: localhost:18640
accept: */*

Response DefaultHttpResponse(decodeResult: success, version: HTTP/1.1)
HTTP/1.1 200 OK
Content-Length: 49636
Content-Type: application/json; charset=utf-8
cache-control: no-cache

18:52:27.102 [AsyncHttpClient-1-13] DEBUG org.asynchttpclient.netty.channel.ChannelManager - Adding key: http://localhost:18640 for channel [id: 0xadf43e45, L:/127.0.0.1:59022 - R:localhost/127.0.0.1:18640]
18:52:27.104 [main] DEBUG net.serenitybdd.core.photography.Darkroom - Send negative for processing for target\site\serenity\fb4f3da8535803666e4e3b8c978635dcf96edbd08329130721f38fd9449a0499.png
18:52:27.105 [main] DEBUG net.thucydides.core.steps.StepInterceptor - STEP DONE: inputFullName
18:52:27.105 [Darkroom Processing Line] DEBUG net.serenitybdd.core.photography.DarkroomProcessingLine - Processing screenshot image in /var/screenshots/screenshot-1839750577239427988
18:52:27.105 [Darkroom Processing Line] DEBUG net.serenitybdd.core.photography.DarkroomProcessingLine - Saving screenshot to target\site\serenity\fb4f3da8535803666e4e3b8c978635dcf96edbd08329130721f38fd9449a0499.png
  &amp#27;[32mWhen &amp#27;[0m&amp#27;[32mI enter a full name &amp#27;[0m&amp#27;[32m&amp#27;[1m"Basma Ronanta"&amp#27;[0m         &amp#27;[90m# starter.stepdefinitions.RegisterSteps.enterFullname(java.lang.String)&amp#27;[0m
18:52:27.117 [Forwarding getPageSource on session f9015329bb3233efbcfd19995e1e11a4 to remote] DEBUG org.asynchttpclient.netty.request.NettyRequestSender - Using pooled Channel '[id: 0xadf43e45, L:/127.0.0.1:59022 - R:localhost/127.0.0.1:18640]' for 'POST' to 'http://localhost:18640/session/f9015329bb3233efbcfd19995e1e11a4/execute/sync'
18:52:27.117 [Forwarding getPageSource on session f9015329bb3233efbcfd19995e1e11a4 to remote] DEBUG org.asynchttpclient.netty.request.NettyRequestSender - Using open Channel [id: 0xadf43e45, L:/127.0.0.1:59022 - R:localhost/127.0.0.1:18640] for POST '/session/f9015329bb3233efbcfd19995e1e11a4/execute/sync'
18:52:27.123 [AsyncHttpClient-1-13] DEBUG org.asynchttpclient.netty.handler.HttpHandler - 

Request DefaultHttpRequest(decodeResult: success, version: HTTP/1.1)
POST /session/f9015329bb3233efbcfd19995e1e11a4/execute/sync HTTP/1.1
User-Agent: selenium/4.8.1 (java windows)
Content-Length: 176
Content-Type: application/json; charset=utf-8
host: localhost:18640
accept: */*

Response DefaultHttpResponse(decodeResult: success, version: HTTP/1.1)
HTTP/1.1 200 OK
Content-Length: 22355
Content-Type: application/json; charset=utf-8
cache-control: no-cache

18:52:27.123 [AsyncHttpClient-1-13] DEBUG org.asynchttpclient.netty.channel.ChannelManager - Adding key: http://localhost:18640 for channel [id: 0xadf43e45, L:/127.0.0.1:59022 - R:localhost/127.0.0.1:18640]
18:52:27.125 [Forwarding getCurrentUrl on session f9015329bb3233efbcfd19995e1e11a4 to remote] DEBUG org.asynchttpclient.netty.request.NettyRequestSender - Using pooled Channel '[id: 0xadf43e45, L:/127.0.0.1:59022 - R:localhost/127.0.0.1:18640]' for 'GET' to 'http://localhost:18640/session/f9015329bb3233efbcfd19995e1e11a4/url'
18:52:27.125 [Forwarding getCurrentUrl on session f9015329bb3233efbcfd19995e1e11a4 to remote] DEBUG org.asynchttpclient.netty.request.NettyRequestSender - Using open Channel [id: 0xadf43e45, L:/127.0.0.1:59022 - R:localhost/127.0.0.1:18640] for GET '/session/f9015329bb3233efbcfd19995e1e11a4/url'
18:52:27.133 [AsyncHttpClient-1-13] DEBUG org.asynchttpclient.netty.handler.HttpHandler - 

Request DefaultFullHttpRequest(decodeResult: success, version: HTTP/1.1, content: EmptyByteBufBE)
GET /session/f9015329bb3233efbcfd19995e1e11a4/url HTTP/1.1
User-Agent: selenium/4.8.1 (java windows)
Cache-Control: no-cache
Content-Type: application/json; charset=utf-8
host: localhost:18640
accept: */*

Response DefaultHttpResponse(decodeResult: success, version: HTTP/1.1)
HTTP/1.1 200 OK
Content-Length: 54
Content-Type: application/json; charset=utf-8
cache-control: no-cache

18:52:27.133 [AsyncHttpClient-1-13] DEBUG org.asynchttpclient.netty.channel.ChannelManager - Adding key: http://localhost:18640 for channel [id: 0xadf43e45, L:/127.0.0.1:59022 - R:localhost/127.0.0.1:18640]
18:52:27.141 [Forwarding getPageSource on session f9015329bb3233efbcfd19995e1e11a4 to remote] DEBUG org.asynchttpclient.netty.request.NettyRequestSender - Using pooled Channel '[id: 0xadf43e45, L:/127.0.0.1:59022 - R:localhost/127.0.0.1:18640]' for 'POST' to 'http://localhost:18640/session/f9015329bb3233efbcfd19995e1e11a4/execute/sync'
18:52:27.141 [Forwarding getPageSource on session f9015329bb3233efbcfd19995e1e11a4 to remote] DEBUG org.asynchttpclient.netty.request.NettyRequestSender - Using open Channel [id: 0xadf43e45, L:/127.0.0.1:59022 - R:localhost/127.0.0.1:18640] for POST '/session/f9015329bb3233efbcfd19995e1e11a4/execute/sync'
18:52:27.149 [AsyncHttpClient-1-13] DEBUG org.asynchttpclient.netty.handler.HttpHandler - 

Request DefaultHttpRequest(decodeResult: success, version: HTTP/1.1)
POST /session/f9015329bb3233efbcfd19995e1e11a4/execute/sync HTTP/1.1
User-Agent: selenium/4.8.1 (java windows)
Content-Length: 176
Content-Type: application/json; charset=utf-8
host: localhost:18640
accept: */*

Response DefaultHttpResponse(decodeResult: success, version: HTTP/1.1)
HTTP/1.1 200 OK
Content-Length: 22355
Content-Type: application/json; charset=utf-8
cache-control: no-cache

18:52:27.149 [AsyncHttpClient-1-13] DEBUG org.asynchttpclient.netty.channel.ChannelManager - Adding key: http://localhost:18640 for channel [id: 0xadf43e45, L:/127.0.0.1:59022 - R:localhost/127.0.0.1:18640]
18:52:27.153 [Forwarding getCurrentUrl on session f9015329bb3233efbcfd19995e1e11a4 to remote] DEBUG org.asynchttpclient.netty.request.NettyRequestSender - Using pooled Channel '[id: 0xadf43e45, L:/127.0.0.1:59022 - R:localhost/127.0.0.1:18640]' for 'GET' to 'http://localhost:18640/session/f9015329bb3233efbcfd19995e1e11a4/url'
18:52:27.153 [Forwarding getCurrentUrl on session f9015329bb3233efbcfd19995e1e11a4 to remote] DEBUG org.asynchttpclient.netty.request.NettyRequestSender - Using open Channel [id: 0xadf43e45, L:/127.0.0.1:59022 - R:localhost/127.0.0.1:18640] for GET '/session/f9015329bb3233efbcfd19995e1e11a4/url'
18:52:27.157 [AsyncHttpClient-1-13] DEBUG org.asynchttpclient.netty.handler.HttpHandler - 

Request DefaultFullHttpRequest(decodeResult: success, version: HTTP/1.1, content: EmptyByteBufBE)
GET /session/f9015329bb3233efbcfd19995e1e11a4/url HTTP/1.1
User-Agent: selenium/4.8.1 (java windows)
Cache-Control: no-cache
Content-Type: application/json; charset=utf-8
host: localhost:18640
accept: */*

Response DefaultHttpResponse(decodeResult: success, version: HTTP/1.1)
HTTP/1.1 200 OK
Content-Length: 54
Content-Type: application/json; charset=utf-8
cache-control: no-cache

18:52:27.157 [AsyncHttpClient-1-13] DEBUG org.asynchttpclient.netty.channel.ChannelManager - Adding key: http://localhost:18640 for channel [id: 0xadf43e45, L:/127.0.0.1:59022 - R:localhost/127.0.0.1:18640]
18:52:27.161 [main] DEBUG net.thucydides.core.steps.StepInterceptor - STARTING STEP: RegisterSteps.enterEmail - inputEmail
18:52:27.168 [Forwarding findElement on session f9015329bb3233efbcfd19995e1e11a4 to remote] DEBUG org.asynchttpclient.netty.request.NettyRequestSender - Using pooled Channel '[id: 0xadf43e45, L:/127.0.0.1:59022 - R:localhost/127.0.0.1:18640]' for 'POST' to 'http://localhost:18640/session/f9015329bb3233efbcfd19995e1e11a4/element'
18:52:27.168 [Forwarding findElement on session f9015329bb3233efbcfd19995e1e11a4 to remote] DEBUG org.asynchttpclient.netty.request.NettyRequestSender - Using open Channel [id: 0xadf43e45, L:/127.0.0.1:59022 - R:localhost/127.0.0.1:18640] for POST '/session/f9015329bb3233efbcfd19995e1e11a4/element'
18:52:27.170 [AsyncHttpClient-1-1] DEBUG org.asynchttpclient.netty.channel.DefaultChannelPool - Entry count for : http://localhost:59023 : 1
18:52:27.188 [AsyncHttpClient-1-13] DEBUG org.asynchttpclient.netty.handler.HttpHandler - 

Request DefaultHttpRequest(decodeResult: success, version: HTTP/1.1)
POST /session/f9015329bb3233efbcfd19995e1e11a4/element HTTP/1.1
User-Agent: selenium/4.8.1 (java windows)
Content-Length: 71
Content-Type: application/json; charset=utf-8
host: localhost:18640
accept: */*

Response DefaultHttpResponse(decodeResult: success, version: HTTP/1.1)
HTTP/1.1 200 OK
Content-Length: 88
Content-Type: application/json; charset=utf-8
cache-control: no-cache

18:52:27.188 [AsyncHttpClient-1-13] DEBUG org.asynchttpclient.netty.channel.ChannelManager - Adding key: http://localhost:18640 for channel [id: 0xadf43e45, L:/127.0.0.1:59022 - R:localhost/127.0.0.1:18640]
18:52:27.189 [Forwarding clearElement on session f9015329bb3233efbcfd19995e1e11a4 to remote] DEBUG org.asynchttpclient.netty.request.NettyRequestSender - Using pooled Channel '[id: 0xadf43e45, L:/127.0.0.1:59022 - R:localhost/127.0.0.1:18640]' for 'POST' to 'http://localhost:18640/session/f9015329bb3233efbcfd19995e1e11a4/element/0965bbcf-c369-4675-84ab-64e4b4b726da/clear'
18:52:27.189 [Forwarding clearElement on session f9015329bb3233efbcfd19995e1e11a4 to remote] DEBUG org.asynchttpclient.netty.request.NettyRequestSender - Using open Channel [id: 0xadf43e45, L:/127.0.0.1:59022 - R:localhost/127.0.0.1:18640] for POST '/session/f9015329bb3233efbcfd19995e1e11a4/element/0965bbcf-c369-4675-84ab-64e4b4b726da/clear'
18:52:27.239 [AsyncHttpClient-1-13] DEBUG org.asynchttpclient.netty.handler.HttpHandler - 

Request DefaultHttpRequest(decodeResult: success, version: HTTP/1.1)
POST /session/f9015329bb3233efbcfd19995e1e11a4/element/0965bbcf-c369-4675-84ab-64e4b4b726da/clear HTTP/1.1
User-Agent: selenium/4.8.1 (java windows)
Content-Length: 50
Content-Type: application/json; charset=utf-8
host: localhost:18640
accept: */*

Response DefaultHttpResponse(decodeResult: success, version: HTTP/1.1)
HTTP/1.1 200 OK
Content-Length: 14
Content-Type: application/json; charset=utf-8
cache-control: no-cache

18:52:27.240 [AsyncHttpClient-1-13] DEBUG org.asynchttpclient.netty.channel.ChannelManager - Adding key: http://localhost:18640 for channel [id: 0xadf43e45, L:/127.0.0.1:59022 - R:localhost/127.0.0.1:18640]
18:52:27.241 [Forwarding sendKeysToElement on session f9015329bb3233efbcfd19995e1e11a4 to remote] DEBUG org.asynchttpclient.netty.request.NettyRequestSender - Using pooled Channel '[id: 0xadf43e45, L:/127.0.0.1:59022 - R:localhost/127.0.0.1:18640]' for 'POST' to 'http://localhost:18640/session/f9015329bb3233efbcfd19995e1e11a4/element/0965bbcf-c369-4675-84ab-64e4b4b726da/value'
18:52:27.241 [Forwarding sendKeysToElement on session f9015329bb3233efbcfd19995e1e11a4 to remote] DEBUG org.asynchttpclient.netty.request.NettyRequestSender - Using open Channel [id: 0xadf43e45, L:/127.0.0.1:59022 - R:localhost/127.0.0.1:18640] for POST '/session/f9015329bb3233efbcfd19995e1e11a4/element/0965bbcf-c369-4675-84ab-64e4b4b726da/value'
18:52:27.461 [AsyncHttpClient-1-13] DEBUG org.asynchttpclient.netty.handler.HttpHandler - 

Request DefaultHttpRequest(decodeResult: success, version: HTTP/1.1)
POST /session/f9015329bb3233efbcfd19995e1e11a4/element/0965bbcf-c369-4675-84ab-64e4b4b726da/value HTTP/1.1
User-Agent: selenium/4.8.1 (java windows)
Content-Length: 321
Content-Type: application/json; charset=utf-8
host: localhost:18640
accept: */*

Response DefaultHttpResponse(decodeResult: success, version: HTTP/1.1)
HTTP/1.1 200 OK
Content-Length: 14
Content-Type: application/json; charset=utf-8
cache-control: no-cache

18:52:27.461 [AsyncHttpClient-1-13] DEBUG org.asynchttpclient.netty.channel.ChannelManager - Adding key: http://localhost:18640 for channel [id: 0xadf43e45, L:/127.0.0.1:59022 - R:localhost/127.0.0.1:18640]
18:52:27.475 [Forwarding getAlertText on session f9015329bb3233efbcfd19995e1e11a4 to remote] DEBUG org.asynchttpclient.netty.request.NettyRequestSender - Using pooled Channel '[id: 0xadf43e45, L:/127.0.0.1:59022 - R:localhost/127.0.0.1:18640]' for 'GET' to 'http://localhost:18640/session/f9015329bb3233efbcfd19995e1e11a4/alert/text'
18:52:27.475 [Forwarding getAlertText on session f9015329bb3233efbcfd19995e1e11a4 to remote] DEBUG org.asynchttpclient.netty.request.NettyRequestSender - Using open Channel [id: 0xadf43e45, L:/127.0.0.1:59022 - R:localhost/127.0.0.1:18640] for GET '/session/f9015329bb3233efbcfd19995e1e11a4/alert/text'
18:52:27.491 [AsyncHttpClient-1-13] DEBUG org.asynchttpclient.netty.handler.HttpHandler - 

Request DefaultFullHttpRequest(decodeResult: success, version: HTTP/1.1, content: EmptyByteBufBE)
GET /session/f9015329bb3233efbcfd19995e1e11a4/alert/text HTTP/1.1
User-Agent: selenium/4.8.1 (java windows)
Cache-Control: no-cache
Content-Type: application/json; charset=utf-8
host: localhost:18640
accept: */*

Response DefaultHttpResponse(decodeResult: success, version: HTTP/1.1)
HTTP/1.1 404 Not Found
Content-Length: 809
Content-Type: application/json; charset=utf-8
cache-control: no-cache

18:52:27.491 [AsyncHttpClient-1-13] DEBUG org.asynchttpclient.netty.channel.ChannelManager - Adding key: http://localhost:18640 for channel [id: 0xadf43e45, L:/127.0.0.1:59022 - R:localhost/127.0.0.1:18640]
18:52:27.492 [Forwarding getCurrentUrl on session f9015329bb3233efbcfd19995e1e11a4 to remote] DEBUG org.asynchttpclient.netty.request.NettyRequestSender - Using pooled Channel '[id: 0xadf43e45, L:/127.0.0.1:59022 - R:localhost/127.0.0.1:18640]' for 'GET' to 'http://localhost:18640/session/f9015329bb3233efbcfd19995e1e11a4/url'
18:52:27.492 [Forwarding getCurrentUrl on session f9015329bb3233efbcfd19995e1e11a4 to remote] DEBUG org.asynchttpclient.netty.request.NettyRequestSender - Using open Channel [id: 0xadf43e45, L:/127.0.0.1:59022 - R:localhost/127.0.0.1:18640] for GET '/session/f9015329bb3233efbcfd19995e1e11a4/url'
18:52:27.503 [AsyncHttpClient-1-13] DEBUG org.asynchttpclient.netty.handler.HttpHandler - 

Request DefaultFullHttpRequest(decodeResult: success, version: HTTP/1.1, content: EmptyByteBufBE)
GET /session/f9015329bb3233efbcfd19995e1e11a4/url HTTP/1.1
User-Agent: selenium/4.8.1 (java windows)
Cache-Control: no-cache
Content-Type: application/json; charset=utf-8
host: localhost:18640
accept: */*

Response DefaultHttpResponse(decodeResult: success, version: HTTP/1.1)
HTTP/1.1 200 OK
Content-Length: 54
Content-Type: application/json; charset=utf-8
cache-control: no-cache

18:52:27.503 [AsyncHttpClient-1-13] DEBUG org.asynchttpclient.netty.channel.ChannelManager - Adding key: http://localhost:18640 for channel [id: 0xadf43e45, L:/127.0.0.1:59022 - R:localhost/127.0.0.1:18640]
18:52:27.504 [Forwarding screenshot on session f9015329bb3233efbcfd19995e1e11a4 to remote] DEBUG org.asynchttpclient.netty.request.NettyRequestSender - Using pooled Channel '[id: 0xadf43e45, L:/127.0.0.1:59022 - R:localhost/127.0.0.1:18640]' for 'GET' to 'http://localhost:18640/session/f9015329bb3233efbcfd19995e1e11a4/screenshot'
18:52:27.504 [Forwarding screenshot on session f9015329bb3233efbcfd19995e1e11a4 to remote] DEBUG org.asynchttpclient.netty.request.NettyRequestSender - Using open Channel [id: 0xadf43e45, L:/127.0.0.1:59022 - R:localhost/127.0.0.1:18640] for GET '/session/f9015329bb3233efbcfd19995e1e11a4/screenshot'
18:52:27.753 [AsyncHttpClient-1-13] DEBUG org.asynchttpclient.netty.handler.HttpHandler - 

Request DefaultFullHttpRequest(decodeResult: success, version: HTTP/1.1, content: EmptyByteBufBE)
GET /session/f9015329bb3233efbcfd19995e1e11a4/screenshot HTTP/1.1
User-Agent: selenium/4.8.1 (java windows)
Cache-Control: no-cache
Content-Type: application/json; charset=utf-8
host: localhost:18640
accept: */*

Response DefaultHttpResponse(decodeResult: success, version: HTTP/1.1)
HTTP/1.1 200 OK
Content-Length: 58288
Content-Type: application/json; charset=utf-8
cache-control: no-cache

18:52:27.754 [AsyncHttpClient-1-13] DEBUG org.asynchttpclient.netty.channel.ChannelManager - Adding key: http://localhost:18640 for channel [id: 0xadf43e45, L:/127.0.0.1:59022 - R:localhost/127.0.0.1:18640]
18:52:27.755 [main] DEBUG net.serenitybdd.core.photography.Darkroom - Send negative for processing for target\site\serenity\e184bae8f1767ec3f7de93bced95943157eb9b45dd6f2188cee6606489133666.png
18:52:27.755 [main] DEBUG net.thucydides.core.steps.StepInterceptor - STEP DONE: inputEmail
  &amp#27;[32mAnd &amp#27;[0m&amp#27;[32mI entered a email &amp#27;[0m&amp#27;[32m&amp#27;[1m"basmaronanta28@gmail.com"&amp#27;[0m &amp#27;[90m# starter.stepdefinitions.RegisterSteps.enterEmail(java.lang.String)&amp#27;[0m
18:52:27.755 [Darkroom Processing Line] DEBUG net.serenitybdd.core.photography.DarkroomProcessingLine - Processing screenshot image in /var/screenshots/screenshot-15609039411394847414
18:52:27.757 [Darkroom Processing Line] DEBUG net.serenitybdd.core.photography.DarkroomProcessingLine - Saving screenshot to target\site\serenity\e184bae8f1767ec3f7de93bced95943157eb9b45dd6f2188cee6606489133666.png
18:52:27.766 [Forwarding getPageSource on session f9015329bb3233efbcfd19995e1e11a4 to remote] DEBUG org.asynchttpclient.netty.request.NettyRequestSender - Using pooled Channel '[id: 0xadf43e45, L:/127.0.0.1:59022 - R:localhost/127.0.0.1:18640]' for 'POST' to 'http://localhost:18640/session/f9015329bb3233efbcfd19995e1e11a4/execute/sync'
18:52:27.766 [Forwarding getPageSource on session f9015329bb3233efbcfd19995e1e11a4 to remote] DEBUG org.asynchttpclient.netty.request.NettyRequestSender - Using open Channel [id: 0xadf43e45, L:/127.0.0.1:59022 - R:localhost/127.0.0.1:18640] for POST '/session/f9015329bb3233efbcfd19995e1e11a4/execute/sync'
18:52:27.772 [AsyncHttpClient-1-13] DEBUG org.asynchttpclient.netty.handler.HttpHandler - 

Request DefaultHttpRequest(decodeResult: success, version: HTTP/1.1)
POST /session/f9015329bb3233efbcfd19995e1e11a4/execute/sync HTTP/1.1
User-Agent: selenium/4.8.1 (java windows)
Content-Length: 176
Content-Type: application/json; charset=utf-8
host: localhost:18640
accept: */*

Response DefaultHttpResponse(decodeResult: success, version: HTTP/1.1)
HTTP/1.1 200 OK
Content-Length: 22414
Content-Type: application/json; charset=utf-8
cache-control: no-cache

18:52:27.773 [AsyncHttpClient-1-13] DEBUG org.asynchttpclient.netty.channel.ChannelManager - Adding key: http://localhost:18640 for channel [id: 0xadf43e45, L:/127.0.0.1:59022 - R:localhost/127.0.0.1:18640]
18:52:27.774 [Forwarding getCurrentUrl on session f9015329bb3233efbcfd19995e1e11a4 to remote] DEBUG org.asynchttpclient.netty.request.NettyRequestSender - Using pooled Channel '[id: 0xadf43e45, L:/127.0.0.1:59022 - R:localhost/127.0.0.1:18640]' for 'GET' to 'http://localhost:18640/session/f9015329bb3233efbcfd19995e1e11a4/url'
18:52:27.774 [Forwarding getCurrentUrl on session f9015329bb3233efbcfd19995e1e11a4 to remote] DEBUG org.asynchttpclient.netty.request.NettyRequestSender - Using open Channel [id: 0xadf43e45, L:/127.0.0.1:59022 - R:localhost/127.0.0.1:18640] for GET '/session/f9015329bb3233efbcfd19995e1e11a4/url'
18:52:27.776 [AsyncHttpClient-1-13] DEBUG org.asynchttpclient.netty.handler.HttpHandler - 

Request DefaultFullHttpRequest(decodeResult: success, version: HTTP/1.1, content: EmptyByteBufBE)
GET /session/f9015329bb3233efbcfd19995e1e11a4/url HTTP/1.1
User-Agent: selenium/4.8.1 (java windows)
Cache-Control: no-cache
Content-Type: application/json; charset=utf-8
host: localhost:18640
accept: */*

Response DefaultHttpResponse(decodeResult: success, version: HTTP/1.1)
HTTP/1.1 200 OK
Content-Length: 54
Content-Type: application/json; charset=utf-8
cache-control: no-cache

18:52:27.777 [AsyncHttpClient-1-13] DEBUG org.asynchttpclient.netty.channel.ChannelManager - Adding key: http://localhost:18640 for channel [id: 0xadf43e45, L:/127.0.0.1:59022 - R:localhost/127.0.0.1:18640]
18:52:27.789 [Forwarding getPageSource on session f9015329bb3233efbcfd19995e1e11a4 to remote] DEBUG org.asynchttpclient.netty.request.NettyRequestSender - Using pooled Channel '[id: 0xadf43e45, L:/127.0.0.1:59022 - R:localhost/127.0.0.1:18640]' for 'POST' to 'http://localhost:18640/session/f9015329bb3233efbcfd19995e1e11a4/execute/sync'
18:52:27.789 [Forwarding getPageSource on session f9015329bb3233efbcfd19995e1e11a4 to remote] DEBUG org.asynchttpclient.netty.request.NettyRequestSender - Using open Channel [id: 0xadf43e45, L:/127.0.0.1:59022 - R:localhost/127.0.0.1:18640] for POST '/session/f9015329bb3233efbcfd19995e1e11a4/execute/sync'
18:52:27.793 [AsyncHttpClient-1-13] DEBUG org.asynchttpclient.netty.handler.HttpHandler - 

Request DefaultHttpRequest(decodeResult: success, version: HTTP/1.1)
POST /session/f9015329bb3233efbcfd19995e1e11a4/execute/sync HTTP/1.1
User-Agent: selenium/4.8.1 (java windows)
Content-Length: 176
Content-Type: application/json; charset=utf-8
host: localhost:18640
accept: */*

Response DefaultHttpResponse(decodeResult: success, version: HTTP/1.1)
HTTP/1.1 200 OK
Content-Length: 22414
Content-Type: application/json; charset=utf-8
cache-control: no-cache

18:52:27.793 [AsyncHttpClient-1-13] DEBUG org.asynchttpclient.netty.channel.ChannelManager - Adding key: http://localhost:18640 for channel [id: 0xadf43e45, L:/127.0.0.1:59022 - R:localhost/127.0.0.1:18640]
18:52:27.797 [Forwarding getCurrentUrl on session f9015329bb3233efbcfd19995e1e11a4 to remote] DEBUG org.asynchttpclient.netty.request.NettyRequestSender - Using pooled Channel '[id: 0xadf43e45, L:/127.0.0.1:59022 - R:localhost/127.0.0.1:18640]' for 'GET' to 'http://localhost:18640/session/f9015329bb3233efbcfd19995e1e11a4/url'
18:52:27.797 [Forwarding getCurrentUrl on session f9015329bb3233efbcfd19995e1e11a4 to remote] DEBUG org.asynchttpclient.netty.request.NettyRequestSender - Using open Channel [id: 0xadf43e45, L:/127.0.0.1:59022 - R:localhost/127.0.0.1:18640] for GET '/session/f9015329bb3233efbcfd19995e1e11a4/url'
18:52:27.803 [AsyncHttpClient-1-13] DEBUG org.asynchttpclient.netty.handler.HttpHandler - 

Request DefaultFullHttpRequest(decodeResult: success, version: HTTP/1.1, content: EmptyByteBufBE)
GET /session/f9015329bb3233efbcfd19995e1e11a4/url HTTP/1.1
User-Agent: selenium/4.8.1 (java windows)
Cache-Control: no-cache
Content-Type: application/json; charset=utf-8
host: localhost:18640
accept: */*

Response DefaultHttpResponse(decodeResult: success, version: HTTP/1.1)
HTTP/1.1 200 OK
Content-Length: 54
Content-Type: application/json; charset=utf-8
cache-control: no-cache

18:52:27.804 [AsyncHttpClient-1-13] DEBUG org.asynchttpclient.netty.channel.ChannelManager - Adding key: http://localhost:18640 for channel [id: 0xadf43e45, L:/127.0.0.1:59022 - R:localhost/127.0.0.1:18640]
18:52:27.806 [main] DEBUG net.thucydides.core.steps.StepInterceptor - STARTING STEP: RegisterSteps.enterPassword - inputPassword
18:52:27.807 [Forwarding findElement on session f9015329bb3233efbcfd19995e1e11a4 to remote] DEBUG org.asynchttpclient.netty.request.NettyRequestSender - Using pooled Channel '[id: 0xadf43e45, L:/127.0.0.1:59022 - R:localhost/127.0.0.1:18640]' for 'POST' to 'http://localhost:18640/session/f9015329bb3233efbcfd19995e1e11a4/element'
18:52:27.807 [Forwarding findElement on session f9015329bb3233efbcfd19995e1e11a4 to remote] DEBUG org.asynchttpclient.netty.request.NettyRequestSender - Using open Channel [id: 0xadf43e45, L:/127.0.0.1:59022 - R:localhost/127.0.0.1:18640] for POST '/session/f9015329bb3233efbcfd19995e1e11a4/element'
18:52:27.821 [AsyncHttpClient-1-13] DEBUG org.asynchttpclient.netty.handler.HttpHandler - 

Request DefaultHttpRequest(decodeResult: success, version: HTTP/1.1)
POST /session/f9015329bb3233efbcfd19995e1e11a4/element HTTP/1.1
User-Agent: selenium/4.8.1 (java windows)
Content-Length: 71
Content-Type: application/json; charset=utf-8
host: localhost:18640
accept: */*

Response DefaultHttpResponse(decodeResult: success, version: HTTP/1.1)
HTTP/1.1 200 OK
Content-Length: 88
Content-Type: application/json; charset=utf-8
cache-control: no-cache

18:52:27.821 [AsyncHttpClient-1-13] DEBUG org.asynchttpclient.netty.channel.ChannelManager - Adding key: http://localhost:18640 for channel [id: 0xadf43e45, L:/127.0.0.1:59022 - R:localhost/127.0.0.1:18640]
18:52:27.822 [Forwarding clearElement on session f9015329bb3233efbcfd19995e1e11a4 to remote] DEBUG org.asynchttpclient.netty.request.NettyRequestSender - Using pooled Channel '[id: 0xadf43e45, L:/127.0.0.1:59022 - R:localhost/127.0.0.1:18640]' for 'POST' to 'http://localhost:18640/session/f9015329bb3233efbcfd19995e1e11a4/element/19278861-3fd9-4061-8d86-6f1592bd59ec/clear'
18:52:27.822 [Forwarding clearElement on session f9015329bb3233efbcfd19995e1e11a4 to remote] DEBUG org.asynchttpclient.netty.request.NettyRequestSender - Using open Channel [id: 0xadf43e45, L:/127.0.0.1:59022 - R:localhost/127.0.0.1:18640] for POST '/session/f9015329bb3233efbcfd19995e1e11a4/element/19278861-3fd9-4061-8d86-6f1592bd59ec/clear'
18:52:27.855 [AsyncHttpClient-1-13] DEBUG org.asynchttpclient.netty.handler.HttpHandler - 

Request DefaultHttpRequest(decodeResult: success, version: HTTP/1.1)
POST /session/f9015329bb3233efbcfd19995e1e11a4/element/19278861-3fd9-4061-8d86-6f1592bd59ec/clear HTTP/1.1
User-Agent: selenium/4.8.1 (java windows)
Content-Length: 50
Content-Type: application/json; charset=utf-8
host: localhost:18640
accept: */*

Response DefaultHttpResponse(decodeResult: success, version: HTTP/1.1)
HTTP/1.1 200 OK
Content-Length: 14
Content-Type: application/json; charset=utf-8
cache-control: no-cache

18:52:27.856 [AsyncHttpClient-1-13] DEBUG org.asynchttpclient.netty.channel.ChannelManager - Adding key: http://localhost:18640 for channel [id: 0xadf43e45, L:/127.0.0.1:59022 - R:localhost/127.0.0.1:18640]
18:52:27.857 [Forwarding sendKeysToElement on session f9015329bb3233efbcfd19995e1e11a4 to remote] DEBUG org.asynchttpclient.netty.request.NettyRequestSender - Using pooled Channel '[id: 0xadf43e45, L:/127.0.0.1:59022 - R:localhost/127.0.0.1:18640]' for 'POST' to 'http://localhost:18640/session/f9015329bb3233efbcfd19995e1e11a4/element/19278861-3fd9-4061-8d86-6f1592bd59ec/value'
18:52:27.857 [Forwarding sendKeysToElement on session f9015329bb3233efbcfd19995e1e11a4 to remote] DEBUG org.asynchttpclient.netty.request.NettyRequestSender - Using open Channel [id: 0xadf43e45, L:/127.0.0.1:59022 - R:localhost/127.0.0.1:18640] for POST '/session/f9015329bb3233efbcfd19995e1e11a4/element/19278861-3fd9-4061-8d86-6f1592bd59ec/value'
18:52:27.940 [AsyncHttpClient-1-13] DEBUG org.asynchttpclient.netty.handler.HttpHandler - 

Request DefaultHttpRequest(decodeResult: success, version: HTTP/1.1)
POST /session/f9015329bb3233efbcfd19995e1e11a4/element/19278861-3fd9-4061-8d86-6f1592bd59ec/value HTTP/1.1
User-Agent: selenium/4.8.1 (java windows)
Content-Length: 171
Content-Type: application/json; charset=utf-8
host: localhost:18640
accept: */*

Response DefaultHttpResponse(decodeResult: success, version: HTTP/1.1)
HTTP/1.1 200 OK
Content-Length: 14
Content-Type: application/json; charset=utf-8
cache-control: no-cache

18:52:27.940 [AsyncHttpClient-1-13] DEBUG org.asynchttpclient.netty.channel.ChannelManager - Adding key: http://localhost:18640 for channel [id: 0xadf43e45, L:/127.0.0.1:59022 - R:localhost/127.0.0.1:18640]
18:52:27.951 [Forwarding getAlertText on session f9015329bb3233efbcfd19995e1e11a4 to remote] DEBUG org.asynchttpclient.netty.request.NettyRequestSender - Using pooled Channel '[id: 0xadf43e45, L:/127.0.0.1:59022 - R:localhost/127.0.0.1:18640]' for 'GET' to 'http://localhost:18640/session/f9015329bb3233efbcfd19995e1e11a4/alert/text'
18:52:27.952 [Forwarding getAlertText on session f9015329bb3233efbcfd19995e1e11a4 to remote] DEBUG org.asynchttpclient.netty.request.NettyRequestSender - Using open Channel [id: 0xadf43e45, L:/127.0.0.1:59022 - R:localhost/127.0.0.1:18640] for GET '/session/f9015329bb3233efbcfd19995e1e11a4/alert/text'
18:52:27.953 [AsyncHttpClient-1-13] DEBUG org.asynchttpclient.netty.handler.HttpHandler - 

Request DefaultFullHttpRequest(decodeResult: success, version: HTTP/1.1, content: EmptyByteBufBE)
GET /session/f9015329bb3233efbcfd19995e1e11a4/alert/text HTTP/1.1
User-Agent: selenium/4.8.1 (java windows)
Cache-Control: no-cache
Content-Type: application/json; charset=utf-8
host: localhost:18640
accept: */*

Response DefaultHttpResponse(decodeResult: success, version: HTTP/1.1)
HTTP/1.1 404 Not Found
Content-Length: 809
Content-Type: application/json; charset=utf-8
cache-control: no-cache

18:52:27.953 [AsyncHttpClient-1-13] DEBUG org.asynchttpclient.netty.channel.ChannelManager - Adding key: http://localhost:18640 for channel [id: 0xadf43e45, L:/127.0.0.1:59022 - R:localhost/127.0.0.1:18640]
18:52:27.954 [Forwarding getCurrentUrl on session f9015329bb3233efbcfd19995e1e11a4 to remote] DEBUG org.asynchttpclient.netty.request.NettyRequestSender - Using pooled Channel '[id: 0xadf43e45, L:/127.0.0.1:59022 - R:localhost/127.0.0.1:18640]' for 'GET' to 'http://localhost:18640/session/f9015329bb3233efbcfd19995e1e11a4/url'
18:52:27.954 [Forwarding getCurrentUrl on session f9015329bb3233efbcfd19995e1e11a4 to remote] DEBUG org.asynchttpclient.netty.request.NettyRequestSender - Using open Channel [id: 0xadf43e45, L:/127.0.0.1:59022 - R:localhost/127.0.0.1:18640] for GET '/session/f9015329bb3233efbcfd19995e1e11a4/url'
18:52:27.959 [AsyncHttpClient-1-13] DEBUG org.asynchttpclient.netty.handler.HttpHandler - 

Request DefaultFullHttpRequest(decodeResult: success, version: HTTP/1.1, content: EmptyByteBufBE)
GET /session/f9015329bb3233efbcfd19995e1e11a4/url HTTP/1.1
User-Agent: selenium/4.8.1 (java windows)
Cache-Control: no-cache
Content-Type: application/json; charset=utf-8
host: localhost:18640
accept: */*

Response DefaultHttpResponse(decodeResult: success, version: HTTP/1.1)
HTTP/1.1 200 OK
Content-Length: 54
Content-Type: application/json; charset=utf-8
cache-control: no-cache

18:52:27.959 [AsyncHttpClient-1-13] DEBUG org.asynchttpclient.netty.channel.ChannelManager - Adding key: http://localhost:18640 for channel [id: 0xadf43e45, L:/127.0.0.1:59022 - R:localhost/127.0.0.1:18640]
18:52:27.959 [Forwarding screenshot on session f9015329bb3233efbcfd19995e1e11a4 to remote] DEBUG org.asynchttpclient.netty.request.NettyRequestSender - Using pooled Channel '[id: 0xadf43e45, L:/127.0.0.1:59022 - R:localhost/127.0.0.1:18640]' for 'GET' to 'http://localhost:18640/session/f9015329bb3233efbcfd19995e1e11a4/screenshot'
18:52:27.959 [Forwarding screenshot on session f9015329bb3233efbcfd19995e1e11a4 to remote] DEBUG org.asynchttpclient.netty.request.NettyRequestSender - Using open Channel [id: 0xadf43e45, L:/127.0.0.1:59022 - R:localhost/127.0.0.1:18640] for GET '/session/f9015329bb3233efbcfd19995e1e11a4/screenshot'
18:52:28.188 [AsyncHttpClient-1-13] DEBUG org.asynchttpclient.netty.handler.HttpHandler - 

Request DefaultFullHttpRequest(decodeResult: success, version: HTTP/1.1, content: EmptyByteBufBE)
GET /session/f9015329bb3233efbcfd19995e1e11a4/screenshot HTTP/1.1
User-Agent: selenium/4.8.1 (java windows)
Cache-Control: no-cache
Content-Type: application/json; charset=utf-8
host: localhost:18640
accept: */*

Response DefaultHttpResponse(decodeResult: success, version: HTTP/1.1)
HTTP/1.1 200 OK
Content-Length: 62016
Content-Type: application/json; charset=utf-8
cache-control: no-cache

18:52:28.189 [AsyncHttpClient-1-13] DEBUG org.asynchttpclient.netty.channel.ChannelManager - Adding key: http://localhost:18640 for channel [id: 0xadf43e45, L:/127.0.0.1:59022 - R:localhost/127.0.0.1:18640]
18:52:28.191 [main] DEBUG net.serenitybdd.core.photography.Darkroom - Send negative for processing for target\site\serenity\211d39afedebca796976b3c7c0b938f3bd8ec1f49779e41bad9b33534165a986.png
18:52:28.191 [main] DEBUG net.thucydides.core.steps.StepInterceptor - STEP DONE: inputPassword
18:52:28.192 [Darkroom Processing Line] DEBUG net.serenitybdd.core.photography.DarkroomProcessingLine - Processing screenshot image in /var/screenshots/screenshot-16286383405833076126
18:52:28.192 [Darkroom Processing Line] DEBUG net.serenitybdd.core.photography.DarkroomProcessingLine - Saving screenshot to target\site\serenity\211d39afedebca796976b3c7c0b938f3bd8ec1f49779e41bad9b33534165a986.png
  &amp#27;[32mAnd &amp#27;[0m&amp#27;[32mI entered a password &amp#27;[0m&amp#27;[32m&amp#27;[1m"mylove366"&amp#27;[0m             &amp#27;[90m# starter.stepdefinitions.RegisterSteps.enterPassword(java.lang.String)&amp#27;[0m
18:52:28.209 [Forwarding getPageSource on session f9015329bb3233efbcfd19995e1e11a4 to remote] DEBUG org.asynchttpclient.netty.request.NettyRequestSender - Using pooled Channel '[id: 0xadf43e45, L:/127.0.0.1:59022 - R:localhost/127.0.0.1:18640]' for 'POST' to 'http://localhost:18640/session/f9015329bb3233efbcfd19995e1e11a4/execute/sync'
18:52:28.210 [Forwarding getPageSource on session f9015329bb3233efbcfd19995e1e11a4 to remote] DEBUG org.asynchttpclient.netty.request.NettyRequestSender - Using open Channel [id: 0xadf43e45, L:/127.0.0.1:59022 - R:localhost/127.0.0.1:18640] for POST '/session/f9015329bb3233efbcfd19995e1e11a4/execute/sync'
18:52:28.225 [AsyncHttpClient-1-13] DEBUG org.asynchttpclient.netty.handler.HttpHandler - 

Request DefaultHttpRequest(decodeResult: success, version: HTTP/1.1)
POST /session/f9015329bb3233efbcfd19995e1e11a4/execute/sync HTTP/1.1
User-Agent: selenium/4.8.1 (java windows)
Content-Length: 176
Content-Type: application/json; charset=utf-8
host: localhost:18640
accept: */*

Response DefaultHttpResponse(decodeResult: success, version: HTTP/1.1)
HTTP/1.1 200 OK
Content-Length: 22473
Content-Type: application/json; charset=utf-8
cache-control: no-cache

18:52:28.225 [AsyncHttpClient-1-13] DEBUG org.asynchttpclient.netty.channel.ChannelManager - Adding key: http://localhost:18640 for channel [id: 0xadf43e45, L:/127.0.0.1:59022 - R:localhost/127.0.0.1:18640]
18:52:28.228 [Forwarding getCurrentUrl on session f9015329bb3233efbcfd19995e1e11a4 to remote] DEBUG org.asynchttpclient.netty.request.NettyRequestSender - Using pooled Channel '[id: 0xadf43e45, L:/127.0.0.1:59022 - R:localhost/127.0.0.1:18640]' for 'GET' to 'http://localhost:18640/session/f9015329bb3233efbcfd19995e1e11a4/url'
18:52:28.228 [Forwarding getCurrentUrl on session f9015329bb3233efbcfd19995e1e11a4 to remote] DEBUG org.asynchttpclient.netty.request.NettyRequestSender - Using open Channel [id: 0xadf43e45, L:/127.0.0.1:59022 - R:localhost/127.0.0.1:18640] for GET '/session/f9015329bb3233efbcfd19995e1e11a4/url'
18:52:28.235 [AsyncHttpClient-1-13] DEBUG org.asynchttpclient.netty.handler.HttpHandler - 

Request DefaultFullHttpRequest(decodeResult: success, version: HTTP/1.1, content: EmptyByteBufBE)
GET /session/f9015329bb3233efbcfd19995e1e11a4/url HTTP/1.1
User-Agent: selenium/4.8.1 (java windows)
Cache-Control: no-cache
Content-Type: application/json; charset=utf-8
host: localhost:18640
accept: */*

Response DefaultHttpResponse(decodeResult: success, version: HTTP/1.1)
HTTP/1.1 200 OK
Content-Length: 54
Content-Type: application/json; charset=utf-8
cache-control: no-cache

18:52:28.235 [AsyncHttpClient-1-13] DEBUG org.asynchttpclient.netty.channel.ChannelManager - Adding key: http://localhost:18640 for channel [id: 0xadf43e45, L:/127.0.0.1:59022 - R:localhost/127.0.0.1:18640]
18:52:28.251 [Forwarding getAlertText on session f9015329bb3233efbcfd19995e1e11a4 to remote] DEBUG org.asynchttpclient.netty.request.NettyRequestSender - Using pooled Channel '[id: 0xadf43e45, L:/127.0.0.1:59022 - R:localhost/127.0.0.1:18640]' for 'GET' to 'http://localhost:18640/session/f9015329bb3233efbcfd19995e1e11a4/alert/text'
18:52:28.251 [Forwarding getAlertText on session f9015329bb3233efbcfd19995e1e11a4 to remote] DEBUG org.asynchttpclient.netty.request.NettyRequestSender - Using open Channel [id: 0xadf43e45, L:/127.0.0.1:59022 - R:localhost/127.0.0.1:18640] for GET '/session/f9015329bb3233efbcfd19995e1e11a4/alert/text'
18:52:28.253 [AsyncHttpClient-1-13] DEBUG org.asynchttpclient.netty.handler.HttpHandler - 

Request DefaultFullHttpRequest(decodeResult: success, version: HTTP/1.1, content: EmptyByteBufBE)
GET /session/f9015329bb3233efbcfd19995e1e11a4/alert/text HTTP/1.1
User-Agent: selenium/4.8.1 (java windows)
Cache-Control: no-cache
Content-Type: application/json; charset=utf-8
host: localhost:18640
accept: */*

Response DefaultHttpResponse(decodeResult: success, version: HTTP/1.1)
HTTP/1.1 404 Not Found
Content-Length: 809
Content-Type: application/json; charset=utf-8
cache-control: no-cache

18:52:28.266 [AsyncHttpClient-1-1] DEBUG org.asynchttpclient.netty.channel.DefaultChannelPool - Entry count for : http://localhost:59023 : 1
18:52:28.266 [AsyncHttpClient-1-13] DEBUG org.asynchttpclient.netty.channel.ChannelManager - Adding key: http://localhost:18640 for channel [id: 0xadf43e45, L:/127.0.0.1:59022 - R:localhost/127.0.0.1:18640]
18:52:28.268 [Forwarding getCurrentUrl on session f9015329bb3233efbcfd19995e1e11a4 to remote] DEBUG org.asynchttpclient.netty.request.NettyRequestSender - Using pooled Channel '[id: 0xadf43e45, L:/127.0.0.1:59022 - R:localhost/127.0.0.1:18640]' for 'GET' to 'http://localhost:18640/session/f9015329bb3233efbcfd19995e1e11a4/url'
18:52:28.268 [Forwarding getCurrentUrl on session f9015329bb3233efbcfd19995e1e11a4 to remote] DEBUG org.asynchttpclient.netty.request.NettyRequestSender - Using open Channel [id: 0xadf43e45, L:/127.0.0.1:59022 - R:localhost/127.0.0.1:18640] for GET '/session/f9015329bb3233efbcfd19995e1e11a4/url'
18:52:28.274 [AsyncHttpClient-1-13] DEBUG org.asynchttpclient.netty.handler.HttpHandler - 

Request DefaultFullHttpRequest(decodeResult: success, version: HTTP/1.1, content: EmptyByteBufBE)
GET /session/f9015329bb3233efbcfd19995e1e11a4/url HTTP/1.1
User-Agent: selenium/4.8.1 (java windows)
Cache-Control: no-cache
Content-Type: application/json; charset=utf-8
host: localhost:18640
accept: */*

Response DefaultHttpResponse(decodeResult: success, version: HTTP/1.1)
HTTP/1.1 200 OK
Content-Length: 54
Content-Type: application/json; charset=utf-8
cache-control: no-cache

18:52:28.274 [AsyncHttpClient-1-13] DEBUG org.asynchttpclient.netty.channel.ChannelManager - Adding key: http://localhost:18640 for channel [id: 0xadf43e45, L:/127.0.0.1:59022 - R:localhost/127.0.0.1:18640]
18:52:28.274 [Forwarding screenshot on session f9015329bb3233efbcfd19995e1e11a4 to remote] DEBUG org.asynchttpclient.netty.request.NettyRequestSender - Using pooled Channel '[id: 0xadf43e45, L:/127.0.0.1:59022 - R:localhost/127.0.0.1:18640]' for 'GET' to 'http://localhost:18640/session/f9015329bb3233efbcfd19995e1e11a4/screenshot'
18:52:28.274 [Forwarding screenshot on session f9015329bb3233efbcfd19995e1e11a4 to remote] DEBUG org.asynchttpclient.netty.request.NettyRequestSender - Using open Channel [id: 0xadf43e45, L:/127.0.0.1:59022 - R:localhost/127.0.0.1:18640] for GET '/session/f9015329bb3233efbcfd19995e1e11a4/screenshot'
18:52:28.485 [AsyncHttpClient-1-13] DEBUG org.asynchttpclient.netty.handler.HttpHandler - 

Request DefaultFullHttpRequest(decodeResult: success, version: HTTP/1.1, content: EmptyByteBufBE)
GET /session/f9015329bb3233efbcfd19995e1e11a4/screenshot HTTP/1.1
User-Agent: selenium/4.8.1 (java windows)
Cache-Control: no-cache
Content-Type: application/json; charset=utf-8
host: localhost:18640
accept: */*

Response DefaultHttpResponse(decodeResult: success, version: HTTP/1.1)
HTTP/1.1 200 OK
Content-Length: 61104
Content-Type: application/json; charset=utf-8
cache-control: no-cache

18:52:28.486 [AsyncHttpClient-1-13] DEBUG org.asynchttpclient.netty.channel.ChannelManager - Adding key: http://localhost:18640 for channel [id: 0xadf43e45, L:/127.0.0.1:59022 - R:localhost/127.0.0.1:18640]
18:52:28.488 [main] DEBUG net.serenitybdd.core.photography.Darkroom - Send negative for processing for target\site\serenity\8596d191ea825a53e6da32c62453086e07b2e6da2b1835aee88f7284e911240e.png
18:52:28.488 [Darkroom Processing Line] DEBUG net.serenitybdd.core.photography.DarkroomProcessingLine - Processing screenshot image in /var/screenshots/screenshot-7045629144475110898
18:52:28.488 [Darkroom Processing Line] DEBUG net.serenitybdd.core.photography.DarkroomProcessingLine - Saving screenshot to target\site\serenity\8596d191ea825a53e6da32c62453086e07b2e6da2b1835aee88f7284e911240e.png
18:52:28.489 [Forwarding getPageSource on session f9015329bb3233efbcfd19995e1e11a4 to remote] DEBUG org.asynchttpclient.netty.request.NettyRequestSender - Using pooled Channel '[id: 0xadf43e45, L:/127.0.0.1:59022 - R:localhost/127.0.0.1:18640]' for 'POST' to 'http://localhost:18640/session/f9015329bb3233efbcfd19995e1e11a4/execute/sync'
18:52:28.489 [Forwarding getPageSource on session f9015329bb3233efbcfd19995e1e11a4 to remote] DEBUG org.asynchttpclient.netty.request.NettyRequestSender - Using open Channel [id: 0xadf43e45, L:/127.0.0.1:59022 - R:localhost/127.0.0.1:18640] for POST '/session/f9015329bb3233efbcfd19995e1e11a4/execute/sync'
18:52:28.503 [AsyncHttpClient-1-13] DEBUG org.asynchttpclient.netty.handler.HttpHandler - 

Request DefaultHttpRequest(decodeResult: success, version: HTTP/1.1)
POST /session/f9015329bb3233efbcfd19995e1e11a4/execute/sync HTTP/1.1
User-Agent: selenium/4.8.1 (java windows)
Content-Length: 176
Content-Type: application/json; charset=utf-8
host: localhost:18640
accept: */*

Response DefaultHttpResponse(decodeResult: success, version: HTTP/1.1)
HTTP/1.1 200 OK
Content-Length: 22473
Content-Type: application/json; charset=utf-8
cache-control: no-cache

18:52:28.503 [AsyncHttpClient-1-13] DEBUG org.asynchttpclient.netty.channel.ChannelManager - Adding key: http://localhost:18640 for channel [id: 0xadf43e45, L:/127.0.0.1:59022 - R:localhost/127.0.0.1:18640]
18:52:28.504 [Forwarding getCurrentUrl on session f9015329bb3233efbcfd19995e1e11a4 to remote] DEBUG org.asynchttpclient.netty.request.NettyRequestSender - Using pooled Channel '[id: 0xadf43e45, L:/127.0.0.1:59022 - R:localhost/127.0.0.1:18640]' for 'GET' to 'http://localhost:18640/session/f9015329bb3233efbcfd19995e1e11a4/url'
18:52:28.504 [Forwarding getCurrentUrl on session f9015329bb3233efbcfd19995e1e11a4 to remote] DEBUG org.asynchttpclient.netty.request.NettyRequestSender - Using open Channel [id: 0xadf43e45, L:/127.0.0.1:59022 - R:localhost/127.0.0.1:18640] for GET '/session/f9015329bb3233efbcfd19995e1e11a4/url'
18:52:28.508 [AsyncHttpClient-1-13] DEBUG org.asynchttpclient.netty.handler.HttpHandler - 

Request DefaultFullHttpRequest(decodeResult: success, version: HTTP/1.1, content: EmptyByteBufBE)
GET /session/f9015329bb3233efbcfd19995e1e11a4/url HTTP/1.1
User-Agent: selenium/4.8.1 (java windows)
Cache-Control: no-cache
Content-Type: application/json; charset=utf-8
host: localhost:18640
accept: */*

Response DefaultHttpResponse(decodeResult: success, version: HTTP/1.1)
HTTP/1.1 200 OK
Content-Length: 54
Content-Type: application/json; charset=utf-8
cache-control: no-cache

18:52:28.508 [AsyncHttpClient-1-13] DEBUG org.asynchttpclient.netty.channel.ChannelManager - Adding key: http://localhost:18640 for channel [id: 0xadf43e45, L:/127.0.0.1:59022 - R:localhost/127.0.0.1:18640]
18:52:28.510 [main] DEBUG net.thucydides.core.steps.StepInterceptor - STARTING STEP: RegisterSteps.clickRegisterButton - ClickRegisterButton
18:52:28.515 [Forwarding findElement on session f9015329bb3233efbcfd19995e1e11a4 to remote] DEBUG org.asynchttpclient.netty.request.NettyRequestSender - Using pooled Channel '[id: 0xadf43e45, L:/127.0.0.1:59022 - R:localhost/127.0.0.1:18640]' for 'POST' to 'http://localhost:18640/session/f9015329bb3233efbcfd19995e1e11a4/element'
18:52:28.515 [Forwarding findElement on session f9015329bb3233efbcfd19995e1e11a4 to remote] DEBUG org.asynchttpclient.netty.request.NettyRequestSender - Using open Channel [id: 0xadf43e45, L:/127.0.0.1:59022 - R:localhost/127.0.0.1:18640] for POST '/session/f9015329bb3233efbcfd19995e1e11a4/element'
18:52:28.522 [AsyncHttpClient-1-13] DEBUG org.asynchttpclient.netty.handler.HttpHandler - 

Request DefaultHttpRequest(decodeResult: success, version: HTTP/1.1)
POST /session/f9015329bb3233efbcfd19995e1e11a4/element HTTP/1.1
User-Agent: selenium/4.8.1 (java windows)
Content-Length: 142
Content-Type: application/json; charset=utf-8
host: localhost:18640
accept: */*

Response DefaultHttpResponse(decodeResult: success, version: HTTP/1.1)
HTTP/1.1 200 OK
Content-Length: 88
Content-Type: application/json; charset=utf-8
cache-control: no-cache

18:52:28.522 [AsyncHttpClient-1-13] DEBUG org.asynchttpclient.netty.channel.ChannelManager - Adding key: http://localhost:18640 for channel [id: 0xadf43e45, L:/127.0.0.1:59022 - R:localhost/127.0.0.1:18640]
18:52:28.524 [Forwarding getElementTagName on session f9015329bb3233efbcfd19995e1e11a4 to remote] DEBUG org.asynchttpclient.netty.request.NettyRequestSender - Using pooled Channel '[id: 0xadf43e45, L:/127.0.0.1:59022 - R:localhost/127.0.0.1:18640]' for 'GET' to 'http://localhost:18640/session/f9015329bb3233efbcfd19995e1e11a4/element/9d6b1d36-79e7-4631-91f6-bf13cb35271d/name'
18:52:28.524 [Forwarding getElementTagName on session f9015329bb3233efbcfd19995e1e11a4 to remote] DEBUG org.asynchttpclient.netty.request.NettyRequestSender - Using open Channel [id: 0xadf43e45, L:/127.0.0.1:59022 - R:localhost/127.0.0.1:18640] for GET '/session/f9015329bb3233efbcfd19995e1e11a4/element/9d6b1d36-79e7-4631-91f6-bf13cb35271d/name'
18:52:28.530 [AsyncHttpClient-1-13] DEBUG org.asynchttpclient.netty.handler.HttpHandler - 

Request DefaultFullHttpRequest(decodeResult: success, version: HTTP/1.1, content: EmptyByteBufBE)
GET /session/f9015329bb3233efbcfd19995e1e11a4/element/9d6b1d36-79e7-4631-91f6-bf13cb35271d/name HTTP/1.1
User-Agent: selenium/4.8.1 (java windows)
Cache-Control: no-cache
Content-Type: application/json; charset=utf-8
host: localhost:18640
accept: */*

Response DefaultHttpResponse(decodeResult: success, version: HTTP/1.1)
HTTP/1.1 200 OK
Content-Length: 18
Content-Type: application/json; charset=utf-8
cache-control: no-cache

18:52:28.530 [AsyncHttpClient-1-13] DEBUG org.asynchttpclient.netty.channel.ChannelManager - Adding key: http://localhost:18640 for channel [id: 0xadf43e45, L:/127.0.0.1:59022 - R:localhost/127.0.0.1:18640]
18:52:28.532 [Forwarding getElementTagName on session f9015329bb3233efbcfd19995e1e11a4 to remote] DEBUG org.asynchttpclient.netty.request.NettyRequestSender - Using pooled Channel '[id: 0xadf43e45, L:/127.0.0.1:59022 - R:localhost/127.0.0.1:18640]' for 'GET' to 'http://localhost:18640/session/f9015329bb3233efbcfd19995e1e11a4/element/9d6b1d36-79e7-4631-91f6-bf13cb35271d/name'
18:52:28.532 [Forwarding getElementTagName on session f9015329bb3233efbcfd19995e1e11a4 to remote] DEBUG org.asynchttpclient.netty.request.NettyRequestSender - Using open Channel [id: 0xadf43e45, L:/127.0.0.1:59022 - R:localhost/127.0.0.1:18640] for GET '/session/f9015329bb3233efbcfd19995e1e11a4/element/9d6b1d36-79e7-4631-91f6-bf13cb35271d/name'
18:52:28.535 [AsyncHttpClient-1-13] DEBUG org.asynchttpclient.netty.handler.HttpHandler - 

Request DefaultFullHttpRequest(decodeResult: success, version: HTTP/1.1, content: EmptyByteBufBE)
GET /session/f9015329bb3233efbcfd19995e1e11a4/element/9d6b1d36-79e7-4631-91f6-bf13cb35271d/name HTTP/1.1
User-Agent: selenium/4.8.1 (java windows)
Cache-Control: no-cache
Content-Type: application/json; charset=utf-8
host: localhost:18640
accept: */*

Response DefaultHttpResponse(decodeResult: success, version: HTTP/1.1)
HTTP/1.1 200 OK
Content-Length: 18
Content-Type: application/json; charset=utf-8
cache-control: no-cache

18:52:28.535 [AsyncHttpClient-1-13] DEBUG org.asynchttpclient.netty.channel.ChannelManager - Adding key: http://localhost:18640 for channel [id: 0xadf43e45, L:/127.0.0.1:59022 - R:localhost/127.0.0.1:18640]
18:52:28.537 [Forwarding isElementEnabled on session f9015329bb3233efbcfd19995e1e11a4 to remote] DEBUG org.asynchttpclient.netty.request.NettyRequestSender - Using pooled Channel '[id: 0xadf43e45, L:/127.0.0.1:59022 - R:localhost/127.0.0.1:18640]' for 'GET' to 'http://localhost:18640/session/f9015329bb3233efbcfd19995e1e11a4/element/9d6b1d36-79e7-4631-91f6-bf13cb35271d/enabled'
18:52:28.537 [Forwarding isElementEnabled on session f9015329bb3233efbcfd19995e1e11a4 to remote] DEBUG org.asynchttpclient.netty.request.NettyRequestSender - Using open Channel [id: 0xadf43e45, L:/127.0.0.1:59022 - R:localhost/127.0.0.1:18640] for GET '/session/f9015329bb3233efbcfd19995e1e11a4/element/9d6b1d36-79e7-4631-91f6-bf13cb35271d/enabled'
18:52:28.547 [AsyncHttpClient-1-13] DEBUG org.asynchttpclient.netty.handler.HttpHandler - 

Request DefaultFullHttpRequest(decodeResult: success, version: HTTP/1.1, content: EmptyByteBufBE)
GET /session/f9015329bb3233efbcfd19995e1e11a4/element/9d6b1d36-79e7-4631-91f6-bf13cb35271d/enabled HTTP/1.1
User-Agent: selenium/4.8.1 (java windows)
Cache-Control: no-cache
Content-Type: application/json; charset=utf-8
host: localhost:18640
accept: */*

Response DefaultHttpResponse(decodeResult: success, version: HTTP/1.1)
HTTP/1.1 200 OK
Content-Length: 14
Content-Type: application/json; charset=utf-8
cache-control: no-cache

18:52:28.547 [AsyncHttpClient-1-13] DEBUG org.asynchttpclient.netty.channel.ChannelManager - Adding key: http://localhost:18640 for channel [id: 0xadf43e45, L:/127.0.0.1:59022 - R:localhost/127.0.0.1:18640]
18:52:28.549 [Forwarding isElementEnabled on session f9015329bb3233efbcfd19995e1e11a4 to remote] DEBUG org.asynchttpclient.netty.request.NettyRequestSender - Using pooled Channel '[id: 0xadf43e45, L:/127.0.0.1:59022 - R:localhost/127.0.0.1:18640]' for 'GET' to 'http://localhost:18640/session/f9015329bb3233efbcfd19995e1e11a4/element/9d6b1d36-79e7-4631-91f6-bf13cb35271d/enabled'
18:52:28.549 [Forwarding isElementEnabled on session f9015329bb3233efbcfd19995e1e11a4 to remote] DEBUG org.asynchttpclient.netty.request.NettyRequestSender - Using open Channel [id: 0xadf43e45, L:/127.0.0.1:59022 - R:localhost/127.0.0.1:18640] for GET '/session/f9015329bb3233efbcfd19995e1e11a4/element/9d6b1d36-79e7-4631-91f6-bf13cb35271d/enabled'
18:52:28.555 [AsyncHttpClient-1-13] DEBUG org.asynchttpclient.netty.handler.HttpHandler - 

Request DefaultFullHttpRequest(decodeResult: success, version: HTTP/1.1, content: EmptyByteBufBE)
GET /session/f9015329bb3233efbcfd19995e1e11a4/element/9d6b1d36-79e7-4631-91f6-bf13cb35271d/enabled HTTP/1.1
User-Agent: selenium/4.8.1 (java windows)
Cache-Control: no-cache
Content-Type: application/json; charset=utf-8
host: localhost:18640
accept: */*

Response DefaultHttpResponse(decodeResult: success, version: HTTP/1.1)
HTTP/1.1 200 OK
Content-Length: 14
Content-Type: application/json; charset=utf-8
cache-control: no-cache

18:52:28.555 [AsyncHttpClient-1-13] DEBUG org.asynchttpclient.netty.channel.ChannelManager - Adding key: http://localhost:18640 for channel [id: 0xadf43e45, L:/127.0.0.1:59022 - R:localhost/127.0.0.1:18640]
18:52:28.556 [Forwarding findElement on session f9015329bb3233efbcfd19995e1e11a4 to remote] DEBUG org.asynchttpclient.netty.request.NettyRequestSender - Using pooled Channel '[id: 0xadf43e45, L:/127.0.0.1:59022 - R:localhost/127.0.0.1:18640]' for 'POST' to 'http://localhost:18640/session/f9015329bb3233efbcfd19995e1e11a4/element'
18:52:28.556 [Forwarding findElement on session f9015329bb3233efbcfd19995e1e11a4 to remote] DEBUG org.asynchttpclient.netty.request.NettyRequestSender - Using open Channel [id: 0xadf43e45, L:/127.0.0.1:59022 - R:localhost/127.0.0.1:18640] for POST '/session/f9015329bb3233efbcfd19995e1e11a4/element'
18:52:28.563 [AsyncHttpClient-1-13] DEBUG org.asynchttpclient.netty.handler.HttpHandler - 

Request DefaultHttpRequest(decodeResult: success, version: HTTP/1.1)
POST /session/f9015329bb3233efbcfd19995e1e11a4/element HTTP/1.1
User-Agent: selenium/4.8.1 (java windows)
Content-Length: 142
Content-Type: application/json; charset=utf-8
host: localhost:18640
accept: */*

Response DefaultHttpResponse(decodeResult: success, version: HTTP/1.1)
HTTP/1.1 200 OK
Content-Length: 88
Content-Type: application/json; charset=utf-8
cache-control: no-cache

18:52:28.563 [AsyncHttpClient-1-13] DEBUG org.asynchttpclient.netty.channel.ChannelManager - Adding key: http://localhost:18640 for channel [id: 0xadf43e45, L:/127.0.0.1:59022 - R:localhost/127.0.0.1:18640]
18:52:28.564 [Forwarding clickElement on session f9015329bb3233efbcfd19995e1e11a4 to remote] DEBUG org.asynchttpclient.netty.request.NettyRequestSender - Using pooled Channel '[id: 0xadf43e45, L:/127.0.0.1:59022 - R:localhost/127.0.0.1:18640]' for 'POST' to 'http://localhost:18640/session/f9015329bb3233efbcfd19995e1e11a4/element/9d6b1d36-79e7-4631-91f6-bf13cb35271d/click'
18:52:28.564 [Forwarding clickElement on session f9015329bb3233efbcfd19995e1e11a4 to remote] DEBUG org.asynchttpclient.netty.request.NettyRequestSender - Using open Channel [id: 0xadf43e45, L:/127.0.0.1:59022 - R:localhost/127.0.0.1:18640] for POST '/session/f9015329bb3233efbcfd19995e1e11a4/element/9d6b1d36-79e7-4631-91f6-bf13cb35271d/click'
18:52:28.607 [AsyncHttpClient-1-13] DEBUG org.asynchttpclient.netty.handler.HttpHandler - 

Request DefaultHttpRequest(decodeResult: success, version: HTTP/1.1)
POST /session/f9015329bb3233efbcfd19995e1e11a4/element/9d6b1d36-79e7-4631-91f6-bf13cb35271d/click HTTP/1.1
User-Agent: selenium/4.8.1 (java windows)
Content-Length: 50
Content-Type: application/json; charset=utf-8
host: localhost:18640
accept: */*

Response DefaultHttpResponse(decodeResult: success, version: HTTP/1.1)
HTTP/1.1 200 OK
Content-Length: 14
Content-Type: application/json; charset=utf-8
cache-control: no-cache

18:52:28.607 [AsyncHttpClient-1-13] DEBUG org.asynchttpclient.netty.channel.ChannelManager - Adding key: http://localhost:18640 for channel [id: 0xadf43e45, L:/127.0.0.1:59022 - R:localhost/127.0.0.1:18640]
18:52:28.614 [Forwarding getAlertText on session f9015329bb3233efbcfd19995e1e11a4 to remote] DEBUG org.asynchttpclient.netty.request.NettyRequestSender - Using pooled Channel '[id: 0xadf43e45, L:/127.0.0.1:59022 - R:localhost/127.0.0.1:18640]' for 'GET' to 'http://localhost:18640/session/f9015329bb3233efbcfd19995e1e11a4/alert/text'
18:52:28.614 [Forwarding getAlertText on session f9015329bb3233efbcfd19995e1e11a4 to remote] DEBUG org.asynchttpclient.netty.request.NettyRequestSender - Using open Channel [id: 0xadf43e45, L:/127.0.0.1:59022 - R:localhost/127.0.0.1:18640] for GET '/session/f9015329bb3233efbcfd19995e1e11a4/alert/text'
18:52:28.617 [AsyncHttpClient-1-13] DEBUG org.asynchttpclient.netty.handler.HttpHandler - 

Request DefaultFullHttpRequest(decodeResult: success, version: HTTP/1.1, content: EmptyByteBufBE)
GET /session/f9015329bb3233efbcfd19995e1e11a4/alert/text HTTP/1.1
User-Agent: selenium/4.8.1 (java windows)
Cache-Control: no-cache
Content-Type: application/json; charset=utf-8
host: localhost:18640
accept: */*

Response DefaultHttpResponse(decodeResult: success, version: HTTP/1.1)
HTTP/1.1 404 Not Found
Content-Length: 809
Content-Type: application/json; charset=utf-8
cache-control: no-cache

18:52:28.617 [AsyncHttpClient-1-13] DEBUG org.asynchttpclient.netty.channel.ChannelManager - Adding key: http://localhost:18640 for channel [id: 0xadf43e45, L:/127.0.0.1:59022 - R:localhost/127.0.0.1:18640]
18:52:28.618 [Forwarding getCurrentUrl on session f9015329bb3233efbcfd19995e1e11a4 to remote] DEBUG org.asynchttpclient.netty.request.NettyRequestSender - Using pooled Channel '[id: 0xadf43e45, L:/127.0.0.1:59022 - R:localhost/127.0.0.1:18640]' for 'GET' to 'http://localhost:18640/session/f9015329bb3233efbcfd19995e1e11a4/url'
18:52:28.618 [Forwarding getCurrentUrl on session f9015329bb3233efbcfd19995e1e11a4 to remote] DEBUG org.asynchttpclient.netty.request.NettyRequestSender - Using open Channel [id: 0xadf43e45, L:/127.0.0.1:59022 - R:localhost/127.0.0.1:18640] for GET '/session/f9015329bb3233efbcfd19995e1e11a4/url'
18:52:28.623 [AsyncHttpClient-1-13] DEBUG org.asynchttpclient.netty.handler.HttpHandler - 

Request DefaultFullHttpRequest(decodeResult: success, version: HTTP/1.1, content: EmptyByteBufBE)
GET /session/f9015329bb3233efbcfd19995e1e11a4/url HTTP/1.1
User-Agent: selenium/4.8.1 (java windows)
Cache-Control: no-cache
Content-Type: application/json; charset=utf-8
host: localhost:18640
accept: */*

Response DefaultHttpResponse(decodeResult: success, version: HTTP/1.1)
HTTP/1.1 200 OK
Content-Length: 54
Content-Type: application/json; charset=utf-8
cache-control: no-cache

18:52:28.623 [AsyncHttpClient-1-13] DEBUG org.asynchttpclient.netty.channel.ChannelManager - Adding key: http://localhost:18640 for channel [id: 0xadf43e45, L:/127.0.0.1:59022 - R:localhost/127.0.0.1:18640]
18:52:28.623 [Forwarding screenshot on session f9015329bb3233efbcfd19995e1e11a4 to remote] DEBUG org.asynchttpclient.netty.request.NettyRequestSender - Using pooled Channel '[id: 0xadf43e45, L:/127.0.0.1:59022 - R:localhost/127.0.0.1:18640]' for 'GET' to 'http://localhost:18640/session/f9015329bb3233efbcfd19995e1e11a4/screenshot'
18:52:28.623 [Forwarding screenshot on session f9015329bb3233efbcfd19995e1e11a4 to remote] DEBUG org.asynchttpclient.netty.request.NettyRequestSender - Using open Channel [id: 0xadf43e45, L:/127.0.0.1:59022 - R:localhost/127.0.0.1:18640] for GET '/session/f9015329bb3233efbcfd19995e1e11a4/screenshot'
18:52:28.823 [AsyncHttpClient-1-13] DEBUG org.asynchttpclient.netty.handler.HttpHandler - 

Request DefaultFullHttpRequest(decodeResult: success, version: HTTP/1.1, content: EmptyByteBufBE)
GET /session/f9015329bb3233efbcfd19995e1e11a4/screenshot HTTP/1.1
User-Agent: selenium/4.8.1 (java windows)
Cache-Control: no-cache
Content-Type: application/json; charset=utf-8
host: localhost:18640
accept: */*

Response DefaultHttpResponse(decodeResult: success, version: HTTP/1.1)
HTTP/1.1 200 OK
Content-Length: 61412
Content-Type: application/json; charset=utf-8
cache-control: no-cache

18:52:28.823 [AsyncHttpClient-1-13] DEBUG org.asynchttpclient.netty.channel.ChannelManager - Adding key: http://localhost:18640 for channel [id: 0xadf43e45, L:/127.0.0.1:59022 - R:localhost/127.0.0.1:18640]
18:52:28.826 [main] DEBUG net.serenitybdd.core.photography.Darkroom - Send negative for processing for target\site\serenity\b49903250e8e1212f47db5723cb0a535343edd93ff930349968a5edb77fbe83d.png
18:52:28.827 [main] DEBUG net.thucydides.core.steps.StepInterceptor - STEP DONE: ClickRegisterButton
18:52:28.827 [Darkroom Processing Line] DEBUG net.serenitybdd.core.photography.DarkroomProcessingLine - Processing screenshot image in /var/screenshots/screenshot-14252779538022703607
18:52:28.827 [Darkroom Processing Line] DEBUG net.serenitybdd.core.photography.DarkroomProcessingLine - Saving screenshot to target\site\serenity\b49903250e8e1212f47db5723cb0a535343edd93ff930349968a5edb77fbe83d.png
  &amp#27;[32mAnd &amp#27;[0m&amp#27;[32mI click the register button&amp#27;[0m                  &amp#27;[90m# starter.stepdefinitions.RegisterSteps.clickRegisterButton()&amp#27;[0m
18:52:28.839 [Forwarding getPageSource on session f9015329bb3233efbcfd19995e1e11a4 to remote] DEBUG org.asynchttpclient.netty.request.NettyRequestSender - Using pooled Channel '[id: 0xadf43e45, L:/127.0.0.1:59022 - R:localhost/127.0.0.1:18640]' for 'POST' to 'http://localhost:18640/session/f9015329bb3233efbcfd19995e1e11a4/execute/sync'
18:52:28.839 [Forwarding getPageSource on session f9015329bb3233efbcfd19995e1e11a4 to remote] DEBUG org.asynchttpclient.netty.request.NettyRequestSender - Using open Channel [id: 0xadf43e45, L:/127.0.0.1:59022 - R:localhost/127.0.0.1:18640] for POST '/session/f9015329bb3233efbcfd19995e1e11a4/execute/sync'
18:52:28.846 [AsyncHttpClient-1-13] DEBUG org.asynchttpclient.netty.handler.HttpHandler - 

Request DefaultHttpRequest(decodeResult: success, version: HTTP/1.1)
POST /session/f9015329bb3233efbcfd19995e1e11a4/execute/sync HTTP/1.1
User-Agent: selenium/4.8.1 (java windows)
Content-Length: 176
Content-Type: application/json; charset=utf-8
host: localhost:18640
accept: */*

Response DefaultHttpResponse(decodeResult: success, version: HTTP/1.1)
HTTP/1.1 200 OK
Content-Length: 23186
Content-Type: application/json; charset=utf-8
cache-control: no-cache

18:52:28.846 [AsyncHttpClient-1-13] DEBUG org.asynchttpclient.netty.channel.ChannelManager - Adding key: http://localhost:18640 for channel [id: 0xadf43e45, L:/127.0.0.1:59022 - R:localhost/127.0.0.1:18640]
18:52:28.849 [Forwarding getCurrentUrl on session f9015329bb3233efbcfd19995e1e11a4 to remote] DEBUG org.asynchttpclient.netty.request.NettyRequestSender - Using pooled Channel '[id: 0xadf43e45, L:/127.0.0.1:59022 - R:localhost/127.0.0.1:18640]' for 'GET' to 'http://localhost:18640/session/f9015329bb3233efbcfd19995e1e11a4/url'
18:52:28.849 [Forwarding getCurrentUrl on session f9015329bb3233efbcfd19995e1e11a4 to remote] DEBUG org.asynchttpclient.netty.request.NettyRequestSender - Using open Channel [id: 0xadf43e45, L:/127.0.0.1:59022 - R:localhost/127.0.0.1:18640] for GET '/session/f9015329bb3233efbcfd19995e1e11a4/url'
18:52:28.852 [AsyncHttpClient-1-13] DEBUG org.asynchttpclient.netty.handler.HttpHandler - 

Request DefaultFullHttpRequest(decodeResult: success, version: HTTP/1.1, content: EmptyByteBufBE)
GET /session/f9015329bb3233efbcfd19995e1e11a4/url HTTP/1.1
User-Agent: selenium/4.8.1 (java windows)
Cache-Control: no-cache
Content-Type: application/json; charset=utf-8
host: localhost:18640
accept: */*

Response DefaultHttpResponse(decodeResult: success, version: HTTP/1.1)
HTTP/1.1 200 OK
Content-Length: 54
Content-Type: application/json; charset=utf-8
cache-control: no-cache

18:52:28.852 [AsyncHttpClient-1-13] DEBUG org.asynchttpclient.netty.channel.ChannelManager - Adding key: http://localhost:18640 for channel [id: 0xadf43e45, L:/127.0.0.1:59022 - R:localhost/127.0.0.1:18640]
18:52:28.862 [Forwarding getPageSource on session f9015329bb3233efbcfd19995e1e11a4 to remote] DEBUG org.asynchttpclient.netty.request.NettyRequestSender - Using pooled Channel '[id: 0xadf43e45, L:/127.0.0.1:59022 - R:localhost/127.0.0.1:18640]' for 'POST' to 'http://localhost:18640/session/f9015329bb3233efbcfd19995e1e11a4/execute/sync'
18:52:28.862 [Forwarding getPageSource on session f9015329bb3233efbcfd19995e1e11a4 to remote] DEBUG org.asynchttpclient.netty.request.NettyRequestSender - Using open Channel [id: 0xadf43e45, L:/127.0.0.1:59022 - R:localhost/127.0.0.1:18640] for POST '/session/f9015329bb3233efbcfd19995e1e11a4/execute/sync'
18:52:28.868 [AsyncHttpClient-1-13] DEBUG org.asynchttpclient.netty.handler.HttpHandler - 

Request DefaultHttpRequest(decodeResult: success, version: HTTP/1.1)
POST /session/f9015329bb3233efbcfd19995e1e11a4/execute/sync HTTP/1.1
User-Agent: selenium/4.8.1 (java windows)
Content-Length: 176
Content-Type: application/json; charset=utf-8
host: localhost:18640
accept: */*

Response DefaultHttpResponse(decodeResult: success, version: HTTP/1.1)
HTTP/1.1 200 OK
Content-Length: 23187
Content-Type: application/json; charset=utf-8
cache-control: no-cache

18:52:28.868 [AsyncHttpClient-1-13] DEBUG org.asynchttpclient.netty.channel.ChannelManager - Adding key: http://localhost:18640 for channel [id: 0xadf43e45, L:/127.0.0.1:59022 - R:localhost/127.0.0.1:18640]
18:52:28.871 [Forwarding getCurrentUrl on session f9015329bb3233efbcfd19995e1e11a4 to remote] DEBUG org.asynchttpclient.netty.request.NettyRequestSender - Using pooled Channel '[id: 0xadf43e45, L:/127.0.0.1:59022 - R:localhost/127.0.0.1:18640]' for 'GET' to 'http://localhost:18640/session/f9015329bb3233efbcfd19995e1e11a4/url'
18:52:28.871 [Forwarding getCurrentUrl on session f9015329bb3233efbcfd19995e1e11a4 to remote] DEBUG org.asynchttpclient.netty.request.NettyRequestSender - Using open Channel [id: 0xadf43e45, L:/127.0.0.1:59022 - R:localhost/127.0.0.1:18640] for GET '/session/f9015329bb3233efbcfd19995e1e11a4/url'
18:52:28.884 [AsyncHttpClient-1-13] DEBUG org.asynchttpclient.netty.handler.HttpHandler - 

Request DefaultFullHttpRequest(decodeResult: success, version: HTTP/1.1, content: EmptyByteBufBE)
GET /session/f9015329bb3233efbcfd19995e1e11a4/url HTTP/1.1
User-Agent: selenium/4.8.1 (java windows)
Cache-Control: no-cache
Content-Type: application/json; charset=utf-8
host: localhost:18640
accept: */*

Response DefaultHttpResponse(decodeResult: success, version: HTTP/1.1)
HTTP/1.1 200 OK
Content-Length: 54
Content-Type: application/json; charset=utf-8
cache-control: no-cache

18:52:28.884 [AsyncHttpClient-1-13] DEBUG org.asynchttpclient.netty.channel.ChannelManager - Adding key: http://localhost:18640 for channel [id: 0xadf43e45, L:/127.0.0.1:59022 - R:localhost/127.0.0.1:18640]
18:52:28.886 [main] DEBUG net.thucydides.core.steps.StepInterceptor - STARTING STEP: RegisterSteps.goToLoginPage - validateOnLoginPage
18:52:28.888 [Forwarding findElement on session f9015329bb3233efbcfd19995e1e11a4 to remote] DEBUG org.asynchttpclient.netty.request.NettyRequestSender - Using pooled Channel '[id: 0xadf43e45, L:/127.0.0.1:59022 - R:localhost/127.0.0.1:18640]' for 'POST' to 'http://localhost:18640/session/f9015329bb3233efbcfd19995e1e11a4/element'
18:52:28.888 [Forwarding findElement on session f9015329bb3233efbcfd19995e1e11a4 to remote] DEBUG org.asynchttpclient.netty.request.NettyRequestSender - Using open Channel [id: 0xadf43e45, L:/127.0.0.1:59022 - R:localhost/127.0.0.1:18640] for POST '/session/f9015329bb3233efbcfd19995e1e11a4/element'
18:52:28.904 [AsyncHttpClient-1-13] DEBUG org.asynchttpclient.netty.handler.HttpHandler - 

Request DefaultHttpRequest(decodeResult: success, version: HTTP/1.1)
POST /session/f9015329bb3233efbcfd19995e1e11a4/element HTTP/1.1
User-Agent: selenium/4.8.1 (java windows)
Content-Length: 76
Content-Type: application/json; charset=utf-8
host: localhost:18640
accept: */*

Response DefaultHttpResponse(decodeResult: success, version: HTTP/1.1)
HTTP/1.1 200 OK
Content-Length: 88
Content-Type: application/json; charset=utf-8
cache-control: no-cache

18:52:28.904 [AsyncHttpClient-1-13] DEBUG org.asynchttpclient.netty.channel.ChannelManager - Adding key: http://localhost:18640 for channel [id: 0xadf43e45, L:/127.0.0.1:59022 - R:localhost/127.0.0.1:18640]
18:52:28.907 [Forwarding isElementDisplayed on session f9015329bb3233efbcfd19995e1e11a4 to remote] DEBUG org.asynchttpclient.netty.request.NettyRequestSender - Using pooled Channel '[id: 0xadf43e45, L:/127.0.0.1:59022 - R:localhost/127.0.0.1:18640]' for 'POST' to 'http://localhost:18640/session/f9015329bb3233efbcfd19995e1e11a4/execute/sync'
18:52:28.907 [Forwarding isElementDisplayed on session f9015329bb3233efbcfd19995e1e11a4 to remote] DEBUG org.asynchttpclient.netty.request.NettyRequestSender - Using open Channel [id: 0xadf43e45, L:/127.0.0.1:59022 - R:localhost/127.0.0.1:18640] for POST '/session/f9015329bb3233efbcfd19995e1e11a4/execute/sync'
18:52:28.922 [AsyncHttpClient-1-13] DEBUG org.asynchttpclient.netty.handler.HttpHandler - 

Request DefaultHttpRequest(decodeResult: success, version: HTTP/1.1)
POST /session/f9015329bb3233efbcfd19995e1e11a4/execute/sync HTTP/1.1
User-Agent: selenium/4.8.1 (java windows)
Content-Length: 48807
Content-Type: application/json; charset=utf-8
host: localhost:18640
accept: */*

Response DefaultHttpResponse(decodeResult: success, version: HTTP/1.1)
HTTP/1.1 200 OK
Content-Length: 14
Content-Type: application/json; charset=utf-8
cache-control: no-cache

18:52:28.922 [AsyncHttpClient-1-13] DEBUG org.asynchttpclient.netty.channel.ChannelManager - Adding key: http://localhost:18640 for channel [id: 0xadf43e45, L:/127.0.0.1:59022 - R:localhost/127.0.0.1:18640]
18:52:28.926 [Forwarding getAlertText on session f9015329bb3233efbcfd19995e1e11a4 to remote] DEBUG org.asynchttpclient.netty.request.NettyRequestSender - Using pooled Channel '[id: 0xadf43e45, L:/127.0.0.1:59022 - R:localhost/127.0.0.1:18640]' for 'GET' to 'http://localhost:18640/session/f9015329bb3233efbcfd19995e1e11a4/alert/text'
18:52:28.926 [Forwarding getAlertText on session f9015329bb3233efbcfd19995e1e11a4 to remote] DEBUG org.asynchttpclient.netty.request.NettyRequestSender - Using open Channel [id: 0xadf43e45, L:/127.0.0.1:59022 - R:localhost/127.0.0.1:18640] for GET '/session/f9015329bb3233efbcfd19995e1e11a4/alert/text'
18:52:28.929 [AsyncHttpClient-1-13] DEBUG org.asynchttpclient.netty.handler.HttpHandler - 

Request DefaultFullHttpRequest(decodeResult: success, version: HTTP/1.1, content: EmptyByteBufBE)
GET /session/f9015329bb3233efbcfd19995e1e11a4/alert/text HTTP/1.1
User-Agent: selenium/4.8.1 (java windows)
Cache-Control: no-cache
Content-Type: application/json; charset=utf-8
host: localhost:18640
accept: */*

Response DefaultHttpResponse(decodeResult: success, version: HTTP/1.1)
HTTP/1.1 404 Not Found
Content-Length: 809
Content-Type: application/json; charset=utf-8
cache-control: no-cache

18:52:28.929 [AsyncHttpClient-1-13] DEBUG org.asynchttpclient.netty.channel.ChannelManager - Adding key: http://localhost:18640 for channel [id: 0xadf43e45, L:/127.0.0.1:59022 - R:localhost/127.0.0.1:18640]
18:52:28.931 [Forwarding getCurrentUrl on session f9015329bb3233efbcfd19995e1e11a4 to remote] DEBUG org.asynchttpclient.netty.request.NettyRequestSender - Using pooled Channel '[id: 0xadf43e45, L:/127.0.0.1:59022 - R:localhost/127.0.0.1:18640]' for 'GET' to 'http://localhost:18640/session/f9015329bb3233efbcfd19995e1e11a4/url'
18:52:28.931 [Forwarding getCurrentUrl on session f9015329bb3233efbcfd19995e1e11a4 to remote] DEBUG org.asynchttpclient.netty.request.NettyRequestSender - Using open Channel [id: 0xadf43e45, L:/127.0.0.1:59022 - R:localhost/127.0.0.1:18640] for GET '/session/f9015329bb3233efbcfd19995e1e11a4/url'
18:52:28.936 [AsyncHttpClient-1-13] DEBUG org.asynchttpclient.netty.handler.HttpHandler - 

Request DefaultFullHttpRequest(decodeResult: success, version: HTTP/1.1, content: EmptyByteBufBE)
GET /session/f9015329bb3233efbcfd19995e1e11a4/url HTTP/1.1
User-Agent: selenium/4.8.1 (java windows)
Cache-Control: no-cache
Content-Type: application/json; charset=utf-8
host: localhost:18640
accept: */*

Response DefaultHttpResponse(decodeResult: success, version: HTTP/1.1)
HTTP/1.1 200 OK
Content-Length: 54
Content-Type: application/json; charset=utf-8
cache-control: no-cache

18:52:28.936 [AsyncHttpClient-1-13] DEBUG org.asynchttpclient.netty.channel.ChannelManager - Adding key: http://localhost:18640 for channel [id: 0xadf43e45, L:/127.0.0.1:59022 - R:localhost/127.0.0.1:18640]
18:52:28.936 [Forwarding screenshot on session f9015329bb3233efbcfd19995e1e11a4 to remote] DEBUG org.asynchttpclient.netty.request.NettyRequestSender - Using pooled Channel '[id: 0xadf43e45, L:/127.0.0.1:59022 - R:localhost/127.0.0.1:18640]' for 'GET' to 'http://localhost:18640/session/f9015329bb3233efbcfd19995e1e11a4/screenshot'
18:52:28.936 [Forwarding screenshot on session f9015329bb3233efbcfd19995e1e11a4 to remote] DEBUG org.asynchttpclient.netty.request.NettyRequestSender - Using open Channel [id: 0xadf43e45, L:/127.0.0.1:59022 - R:localhost/127.0.0.1:18640] for GET '/session/f9015329bb3233efbcfd19995e1e11a4/screenshot'
18:52:29.155 [AsyncHttpClient-1-13] DEBUG org.asynchttpclient.netty.handler.HttpHandler - 

Request DefaultFullHttpRequest(decodeResult: success, version: HTTP/1.1, content: EmptyByteBufBE)
GET /session/f9015329bb3233efbcfd19995e1e11a4/screenshot HTTP/1.1
User-Agent: selenium/4.8.1 (java windows)
Cache-Control: no-cache
Content-Type: application/json; charset=utf-8
host: localhost:18640
accept: */*

Response DefaultHttpResponse(decodeResult: success, version: HTTP/1.1)
HTTP/1.1 200 OK
Content-Length: 63748
Content-Type: application/json; charset=utf-8
cache-control: no-cache

18:52:29.155 [AsyncHttpClient-1-13] DEBUG org.asynchttpclient.netty.channel.ChannelManager - Adding key: http://localhost:18640 for channel [id: 0xadf43e45, L:/127.0.0.1:59022 - R:localhost/127.0.0.1:18640]
18:52:29.157 [main] DEBUG net.serenitybdd.core.photography.Darkroom - Send negative for processing for target\site\serenity\285769844316ccb645cd74e77894d3262920566e4b974dbd8654508b5fd50625.png
18:52:29.158 [main] DEBUG net.thucydides.core.steps.StepInterceptor - STEP DONE: validateOnLoginPage
  &amp#27;[32mThen &amp#27;[0m&amp#27;[32mI'm on the login page&amp#27;[0m                       &amp#27;[90m# starter.stepdefinitions.RegisterSteps.goToLoginPage()&amp#27;[0m
18:52:29.158 [Darkroom Processing Line] DEBUG net.serenitybdd.core.photography.DarkroomProcessingLine - Processing screenshot image in /var/screenshots/screenshot-2716358532806072602
18:52:29.158 [Darkroom Processing Line] DEBUG net.serenitybdd.core.photography.DarkroomProcessingLine - Saving screenshot to target\site\serenity\285769844316ccb645cd74e77894d3262920566e4b974dbd8654508b5fd50625.png
18:52:29.164 [main] INFO  - 
  _____   ___   ___   _____     ___     _     ___   ___   ___   ___  
 |_   _| | __| / __| |_   _|   | _ \   /_\   / __| / __| | __| |   \ 
   | |   | _|  \__ \   | |     |  _/  / _ \  \__ \ \__ \ | _|  | |) |
   |_|   |___| |___/   |_|     |_|   /_/ \_\ |___/ |___/ |___| |___/ 

As a user I have successfully registered
----------------------------------------------------------------------
18:52:29.165 [AsyncHttpClient-1-15] DEBUG org.asynchttpclient.netty.handler.WebSocketHandler - Channel Closed: [id: 0xa4b1cbbd, L:/127.0.0.1:59029 ! R:localhost/127.0.0.1:59023] with attribute NettyResponseFuture{currentRetry=0,
	isDone=1,
	isCancelled=0,
	asyncHandler=org.asynchttpclient.ws.WebSocketUpgradeHandler@56278b82,
	nettyRequest=org.asynchttpclient.netty.request.NettyRequest@f5da42a,
	future=java.util.concurrent.CompletableFuture@2eb9adcc[Completed normally],
	uri=ws://localhost:59023/devtools/browser/f1a52929-1b64-4fe0-b3fe-39730f10ff44,
	keepAlive=true,
	redirectCount=0,
	timeoutsHolder=null,
	inAuth=0,
	touch=1683546745166}
18:52:29.165 [AsyncHttpClient-1-15] DEBUG org.asynchttpclient.netty.channel.ChannelManager - Closing Channel [id: 0xa4b1cbbd, L:/127.0.0.1:59029 ! R:localhost/127.0.0.1:59023] 
18:52:29.165 [Driver Command Executor] DEBUG org.asynchttpclient.netty.request.NettyRequestSender - Using pooled Channel '[id: 0xadf43e45, L:/127.0.0.1:59022 - R:localhost/127.0.0.1:18640]' for 'DELETE' to 'http://localhost:18640/session/f9015329bb3233efbcfd19995e1e11a4'
18:52:29.165 [Driver Command Executor] DEBUG org.asynchttpclient.netty.request.NettyRequestSender - Using open Channel [id: 0xadf43e45, L:/127.0.0.1:59022 - R:localhost/127.0.0.1:18640] for DELETE '/session/f9015329bb3233efbcfd19995e1e11a4'
18:52:29.339 [AsyncHttpClient-1-14] DEBUG org.asynchttpclient.netty.handler.HttpHandler - Unexpected I/O exception on channel [id: 0xfa7038e3, L:/127.0.0.1:59028 - R:localhost/127.0.0.1:59023]
java.net.SocketException: Connection reset
	at java.base/sun.nio.ch.SocketChannelImpl.throwConnectionReset(SocketChannelImpl.java:394)
	at java.base/sun.nio.ch.SocketChannelImpl.read(SocketChannelImpl.java:426)
	at io.netty.buffer.PooledByteBuf.setBytes(PooledByteBuf.java:259)
	at io.netty.buffer.AbstractByteBuf.writeBytes(AbstractByteBuf.java:1132)
	at io.netty.channel.socket.nio.NioSocketChannel.doReadBytes(NioSocketChannel.java:357)
	at io.netty.channel.nio.AbstractNioByteChannel$NioByteUnsafe.read(AbstractNioByteChannel.java:151)
	at io.netty.channel.nio.NioEventLoop.processSelectedKey(NioEventLoop.java:788)
	at io.netty.channel.nio.NioEventLoop.processSelectedKeysOptimized(NioEventLoop.java:724)
	at io.netty.channel.nio.NioEventLoop.processSelectedKeys(NioEventLoop.java:650)
	at io.netty.channel.nio.NioEventLoop.run(NioEventLoop.java:562)
	at io.netty.util.concurrent.SingleThreadEventExecutor$4.run(SingleThreadEventExecutor.java:997)
	at io.netty.util.internal.ThreadExecutorMap$2.run(ThreadExecutorMap.java:74)
	at io.netty.util.concurrent.FastThreadLocalRunnable.run(FastThreadLocalRunnable.java:30)
	at java.base/java.lang.Thread.run(Thread.java:833)
18:52:29.339 [AsyncHttpClient-1-14] DEBUG org.asynchttpclient.netty.channel.ChannelManager - Closing Channel [id: 0xfa7038e3, L:/127.0.0.1:59028 - R:localhost/127.0.0.1:59023] 
18:52:29.340 [AsyncHttpClient-1-14] DEBUG org.asynchttpclient.netty.handler.HttpHandler - Channel Closed: [id: 0xfa7038e3, L:/127.0.0.1:59028 ! R:localhost/127.0.0.1:59023] with attribute DISCARD
18:52:29.361 [AsyncHttpClient-1-13] DEBUG org.asynchttpclient.netty.handler.HttpHandler - 

Request DefaultFullHttpRequest(decodeResult: success, version: HTTP/1.1, content: EmptyByteBufBE)
DELETE /session/f9015329bb3233efbcfd19995e1e11a4 HTTP/1.1
User-Agent: selenium/4.8.1 (java windows)
Content-Type: application/json; charset=utf-8
host: localhost:18640
accept: */*

Response DefaultHttpResponse(decodeResult: success, version: HTTP/1.1)
HTTP/1.1 200 OK
Content-Length: 14
Content-Type: application/json; charset=utf-8
cache-control: no-cache

18:52:29.362 [AsyncHttpClient-1-13] DEBUG org.asynchttpclient.netty.channel.ChannelManager - Adding key: http://localhost:18640 for channel [id: 0xadf43e45, L:/127.0.0.1:59022 - R:localhost/127.0.0.1:18640]
18:52:29.362 [AsyncHttpClient-1-1] DEBUG org.asynchttpclient.netty.channel.DefaultChannelPool - Entry count for : http://localhost:59023 : 1
18:52:29.362 [AsyncHttpClient-1-1] DEBUG org.asynchttpclient.netty.channel.DefaultChannelPool - Entry count for : http://localhost:18640 : 1
18:52:29.362 [AsyncHttpClient-1-1] DEBUG org.asynchttpclient.netty.channel.DefaultChannelPool - Adding Candidate expired Channel [id: 0xfa7038e3, L:/127.0.0.1:59028 ! R:localhost/127.0.0.1:59023] isIdleTimeoutExpired=false isRemotelyClosed=true isTtlExpired=false
18:52:29.362 [AsyncHttpClient-1-1] DEBUG org.asynchttpclient.netty.channel.DefaultChannelPool - Closing Idle Channel [id: 0xfa7038e3, L:/127.0.0.1:59028 ! R:localhost/127.0.0.1:59023]
18:52:29.362 [AsyncHttpClient-1-1] DEBUG org.asynchttpclient.netty.channel.DefaultChannelPool - Closed 1 connections out of 2 in 0 ms
18:52:29.441 [AsyncHttpClient-1-13] DEBUG org.asynchttpclient.netty.handler.HttpHandler - Channel Closed: [id: 0xadf43e45, L:/127.0.0.1:59022 ! R:localhost/127.0.0.1:18640] with attribute DISCARD
]]></system-out>
    <system-err><![CDATA[Starting ChromeDriver 111.0.5563.64 (c710e93d5b63b7095afe8c2c17df34408078439d-refs/branch-heads/5563@{#995}) on port 18640
Only local connections are allowed.
Please see https://chromedriver.chromium.org/security-considerations for suggestions on keeping ChromeDriver safe.
ChromeDriver was started successfully.
[1683546745.000][WARNING]: This version of ChromeDriver has not been tested with Chrome version 112.
May 08, 2023 6:52:25 PM org.openqa.selenium.devtools.CdpVersionFinder findNearestMatch
WARNING: Unable to find an exact match for CDP version 112, so returning the closest version found: 110
]]></system-err>
  </testcase>
  <testcase name="As a user I registered with incorrect data filled numbers" classname="Register" time="8.014">
    <system-out><![CDATA[
Scenario: As a user I registered with incorrect data filled numbers &amp#27;[90m# src/test/resources/features/register.feature:15&amp#27;[0m
18:52:29.503 [main] DEBUG io.cucumber.core.plugin.SerenityReporter - Running feature from file:///D:/alta/MiniProject/src/test/resources/features/register.feature
18:52:29.504 [main] INFO  - 
  _____   ___   ___   _____     ___   _____     _     ___   _____   ___   ___  
 |_   _| | __| / __| |_   _|   / __| |_   _|   /_\   | _ \ |_   _| | __| |   \ 
   | |   | _|  \__ \   | |     \__ \   | |    / _ \  |   /   | |   | _|  | |) |
   |_|   |___| |___/   |_|     |___/   |_|   /_/ \_\ |_|_\   |_|   |___| |___/ 

As a user I registered with incorrect data filled numbers(register;as-a-user-i-registered-with-incorrect-data-filled-numbers)
--------------------------------------------------------------------------------
18:52:29.562 [main] INFO net.serenitybdd.core.webdriver.driverproviders.ChromeDriverProvider - Starting Chrome driver instance with capabilities:
18:52:29.562 [main] INFO net.serenitybdd.core.webdriver.driverproviders.ChromeDriverProvider - Capabilities {acceptInsecureCerts: false, browserName: chrome, goog:chromeOptions: {args: [remote-allow-origins=*], extensions: []}}
18:52:29.645 [AsyncHttpClient-1-16] DEBUG org.asynchttpclient.netty.channel.NettyConnectListener - Using new Channel '[id: 0x832797a9, L:/127.0.0.1:59047 - R:localhost/127.0.0.1:13395]' for 'POST' to '/session'
18:52:30.462 [AsyncHttpClient-1-1] DEBUG org.asynchttpclient.netty.channel.DefaultChannelPool - Entry count for : http://localhost:18640 : 1
18:52:30.463 [AsyncHttpClient-1-1] DEBUG org.asynchttpclient.netty.channel.DefaultChannelPool - Adding Candidate expired Channel [id: 0xadf43e45, L:/127.0.0.1:59022 ! R:localhost/127.0.0.1:18640] isIdleTimeoutExpired=false isRemotelyClosed=true isTtlExpired=false
18:52:30.463 [AsyncHttpClient-1-1] DEBUG org.asynchttpclient.netty.channel.DefaultChannelPool - Closing Idle Channel [id: 0xadf43e45, L:/127.0.0.1:59022 ! R:localhost/127.0.0.1:18640]
18:52:30.463 [AsyncHttpClient-1-1] DEBUG org.asynchttpclient.netty.channel.DefaultChannelPool - Closed 1 connections out of 1 in 0 ms
18:52:30.494 [AsyncHttpClient-1-16] DEBUG org.asynchttpclient.netty.handler.HttpHandler - 

Request DefaultHttpRequest(decodeResult: success, version: HTTP/1.1)
POST /session HTTP/1.1
User-Agent: selenium/4.8.1 (java windows)
Content-Length: 507
Content-Type: application/json; charset=utf-8
host: localhost:13395
accept: */*

Response DefaultHttpResponse(decodeResult: success, version: HTTP/1.1)
HTTP/1.1 200 OK
Content-Length: 862
Content-Type: application/json; charset=utf-8
cache-control: no-cache

18:52:30.494 [AsyncHttpClient-1-16] DEBUG org.asynchttpclient.netty.channel.ChannelManager - Adding key: http://localhost:13395 for channel [id: 0x832797a9, L:/127.0.0.1:59047 - R:localhost/127.0.0.1:13395]
18:52:30.503 [AsyncHttpClient-1-17] DEBUG org.asynchttpclient.netty.channel.NettyConnectListener - Using new Channel '[id: 0xd2982b7b, L:/127.0.0.1:59054 - R:localhost/127.0.0.1:59048]' for 'GET' to '/json/version'
18:52:30.506 [AsyncHttpClient-1-17] DEBUG org.asynchttpclient.netty.handler.HttpHandler - 

Request DefaultFullHttpRequest(decodeResult: success, version: HTTP/1.1, content: EmptyByteBufBE)
GET /json/version HTTP/1.1
User-Agent: selenium/4.8.1 (java windows)
host: localhost:59048
accept: */*

Response DefaultHttpResponse(decodeResult: success, version: HTTP/1.1)
HTTP/1.1 200 OK
Content-Security-Policy: frame-ancestors 'none'
Content-Length: 424
Content-Type: application/json; charset=UTF-8

18:52:30.507 [AsyncHttpClient-1-17] DEBUG org.asynchttpclient.netty.channel.ChannelManager - Adding key: http://localhost:59048 for channel [id: 0xd2982b7b, L:/127.0.0.1:59054 - R:localhost/127.0.0.1:59048]
18:52:30.512 [AsyncHttpClient-1-2] DEBUG org.asynchttpclient.netty.channel.NettyConnectListener - Using new Channel '[id: 0xa4f72d7b, L:/127.0.0.1:59055 - R:localhost/127.0.0.1:59048]' for 'GET' to '/devtools/browser/0addb202-40b4-4aeb-bef0-a021d2d8337b'
18:52:30.514 [AsyncHttpClient-1-2] DEBUG org.asynchttpclient.netty.handler.WebSocketHandler - 

Request DefaultFullHttpRequest(decodeResult: success, version: HTTP/1.1, content: EmptyByteBufBE)
GET /devtools/browser/0addb202-40b4-4aeb-bef0-a021d2d8337b HTTP/1.1
upgrade: websocket
connection: upgrade
sec-websocket-key: oNKmgi6D9Yp1SWTqRKULfg==
sec-websocket-version: 13
origin: http://localhost:59048
host: localhost:59048
accept: */*
user-agent: AHC/2.1

Response DefaultHttpResponse(decodeResult: success, version: HTTP/1.1)
HTTP/1.1 101 WebSocket Protocol Handshake
Upgrade: WebSocket
Connection: Upgrade
Sec-WebSocket-Accept: cEyhwAmxyEVy8fpDSgGaTiRvTNk=

18:52:30.519 [Forwarding get on session 7f7bb4fa294abe044625bc2b90b854db to remote] DEBUG org.asynchttpclient.netty.request.NettyRequestSender - Using pooled Channel '[id: 0x832797a9, L:/127.0.0.1:59047 - R:localhost/127.0.0.1:13395]' for 'POST' to 'http://localhost:13395/session/7f7bb4fa294abe044625bc2b90b854db/url'
18:52:30.519 [Forwarding get on session 7f7bb4fa294abe044625bc2b90b854db to remote] DEBUG org.asynchttpclient.netty.request.NettyRequestSender - Using open Channel [id: 0x832797a9, L:/127.0.0.1:59047 - R:localhost/127.0.0.1:13395] for POST '/session/7f7bb4fa294abe044625bc2b90b854db/url'
18:52:31.564 [AsyncHttpClient-1-1] DEBUG org.asynchttpclient.netty.channel.DefaultChannelPool - Entry count for : http://localhost:59048 : 1
18:52:32.039 [AsyncHttpClient-1-16] DEBUG org.asynchttpclient.netty.handler.HttpHandler - 

Request DefaultHttpRequest(decodeResult: success, version: HTTP/1.1)
POST /session/7f7bb4fa294abe044625bc2b90b854db/url HTTP/1.1
User-Agent: selenium/4.8.1 (java windows)
Content-Length: 77
Content-Type: application/json; charset=utf-8
host: localhost:13395
accept: */*

Response DefaultHttpResponse(decodeResult: success, version: HTTP/1.1)
HTTP/1.1 200 OK
Content-Length: 14
Content-Type: application/json; charset=utf-8
cache-control: no-cache

18:52:32.039 [AsyncHttpClient-1-16] DEBUG org.asynchttpclient.netty.channel.ChannelManager - Adding key: http://localhost:13395 for channel [id: 0x832797a9, L:/127.0.0.1:59047 - R:localhost/127.0.0.1:13395]
18:52:32.043 [Forwarding setTimeout on session 7f7bb4fa294abe044625bc2b90b854db to remote] DEBUG org.asynchttpclient.netty.request.NettyRequestSender - Using pooled Channel '[id: 0x832797a9, L:/127.0.0.1:59047 - R:localhost/127.0.0.1:13395]' for 'POST' to 'http://localhost:13395/session/7f7bb4fa294abe044625bc2b90b854db/timeouts'
18:52:32.043 [Forwarding setTimeout on session 7f7bb4fa294abe044625bc2b90b854db to remote] DEBUG org.asynchttpclient.netty.request.NettyRequestSender - Using open Channel [id: 0x832797a9, L:/127.0.0.1:59047 - R:localhost/127.0.0.1:13395] for POST '/session/7f7bb4fa294abe044625bc2b90b854db/timeouts'
18:52:32.044 [AsyncHttpClient-1-16] DEBUG org.asynchttpclient.netty.handler.HttpHandler - 

Request DefaultHttpRequest(decodeResult: success, version: HTTP/1.1)
POST /session/7f7bb4fa294abe044625bc2b90b854db/timeouts HTTP/1.1
User-Agent: selenium/4.8.1 (java windows)
Content-Length: 22
Content-Type: application/json; charset=utf-8
host: localhost:13395
accept: */*

Response DefaultHttpResponse(decodeResult: success, version: HTTP/1.1)
HTTP/1.1 200 OK
Content-Length: 14
Content-Type: application/json; charset=utf-8
cache-control: no-cache

18:52:32.044 [AsyncHttpClient-1-16] DEBUG org.asynchttpclient.netty.channel.ChannelManager - Adding key: http://localhost:13395 for channel [id: 0x832797a9, L:/127.0.0.1:59047 - R:localhost/127.0.0.1:13395]
18:52:32.052 [Forwarding getAlertText on session 7f7bb4fa294abe044625bc2b90b854db to remote] DEBUG org.asynchttpclient.netty.request.NettyRequestSender - Using pooled Channel '[id: 0x832797a9, L:/127.0.0.1:59047 - R:localhost/127.0.0.1:13395]' for 'GET' to 'http://localhost:13395/session/7f7bb4fa294abe044625bc2b90b854db/alert/text'
18:52:32.052 [Forwarding getAlertText on session 7f7bb4fa294abe044625bc2b90b854db to remote] DEBUG org.asynchttpclient.netty.request.NettyRequestSender - Using open Channel [id: 0x832797a9, L:/127.0.0.1:59047 - R:localhost/127.0.0.1:13395] for GET '/session/7f7bb4fa294abe044625bc2b90b854db/alert/text'
18:52:32.055 [AsyncHttpClient-1-16] DEBUG org.asynchttpclient.netty.handler.HttpHandler - 

Request DefaultFullHttpRequest(decodeResult: success, version: HTTP/1.1, content: EmptyByteBufBE)
GET /session/7f7bb4fa294abe044625bc2b90b854db/alert/text HTTP/1.1
User-Agent: selenium/4.8.1 (java windows)
Cache-Control: no-cache
Content-Type: application/json; charset=utf-8
host: localhost:13395
accept: */*

Response DefaultHttpResponse(decodeResult: success, version: HTTP/1.1)
HTTP/1.1 404 Not Found
Content-Length: 809
Content-Type: application/json; charset=utf-8
cache-control: no-cache

18:52:32.055 [AsyncHttpClient-1-16] DEBUG org.asynchttpclient.netty.channel.ChannelManager - Adding key: http://localhost:13395 for channel [id: 0x832797a9, L:/127.0.0.1:59047 - R:localhost/127.0.0.1:13395]
18:52:32.056 [Forwarding getCurrentUrl on session 7f7bb4fa294abe044625bc2b90b854db to remote] DEBUG org.asynchttpclient.netty.request.NettyRequestSender - Using pooled Channel '[id: 0x832797a9, L:/127.0.0.1:59047 - R:localhost/127.0.0.1:13395]' for 'GET' to 'http://localhost:13395/session/7f7bb4fa294abe044625bc2b90b854db/url'
18:52:32.056 [Forwarding getCurrentUrl on session 7f7bb4fa294abe044625bc2b90b854db to remote] DEBUG org.asynchttpclient.netty.request.NettyRequestSender - Using open Channel [id: 0x832797a9, L:/127.0.0.1:59047 - R:localhost/127.0.0.1:13395] for GET '/session/7f7bb4fa294abe044625bc2b90b854db/url'
18:52:32.062 [AsyncHttpClient-1-16] DEBUG org.asynchttpclient.netty.handler.HttpHandler - 

Request DefaultFullHttpRequest(decodeResult: success, version: HTTP/1.1, content: EmptyByteBufBE)
GET /session/7f7bb4fa294abe044625bc2b90b854db/url HTTP/1.1
User-Agent: selenium/4.8.1 (java windows)
Cache-Control: no-cache
Content-Type: application/json; charset=utf-8
host: localhost:13395
accept: */*

Response DefaultHttpResponse(decodeResult: success, version: HTTP/1.1)
HTTP/1.1 200 OK
Content-Length: 54
Content-Type: application/json; charset=utf-8
cache-control: no-cache

18:52:32.063 [AsyncHttpClient-1-16] DEBUG org.asynchttpclient.netty.channel.ChannelManager - Adding key: http://localhost:13395 for channel [id: 0x832797a9, L:/127.0.0.1:59047 - R:localhost/127.0.0.1:13395]
18:52:32.063 [Forwarding screenshot on session 7f7bb4fa294abe044625bc2b90b854db to remote] DEBUG org.asynchttpclient.netty.request.NettyRequestSender - Using pooled Channel '[id: 0x832797a9, L:/127.0.0.1:59047 - R:localhost/127.0.0.1:13395]' for 'GET' to 'http://localhost:13395/session/7f7bb4fa294abe044625bc2b90b854db/screenshot'
18:52:32.063 [Forwarding screenshot on session 7f7bb4fa294abe044625bc2b90b854db to remote] DEBUG org.asynchttpclient.netty.request.NettyRequestSender - Using open Channel [id: 0x832797a9, L:/127.0.0.1:59047 - R:localhost/127.0.0.1:13395] for GET '/session/7f7bb4fa294abe044625bc2b90b854db/screenshot'
18:52:32.200 [AsyncHttpClient-1-16] DEBUG org.asynchttpclient.netty.handler.HttpHandler - 

Request DefaultFullHttpRequest(decodeResult: success, version: HTTP/1.1, content: EmptyByteBufBE)
GET /session/7f7bb4fa294abe044625bc2b90b854db/screenshot HTTP/1.1
User-Agent: selenium/4.8.1 (java windows)
Cache-Control: no-cache
Content-Type: application/json; charset=utf-8
host: localhost:13395
accept: */*

Response DefaultHttpResponse(decodeResult: success, version: HTTP/1.1)
HTTP/1.1 200 OK
Content-Length: 44572
Content-Type: application/json; charset=utf-8
cache-control: no-cache

18:52:32.201 [AsyncHttpClient-1-16] DEBUG org.asynchttpclient.netty.channel.ChannelManager - Adding key: http://localhost:13395 for channel [id: 0x832797a9, L:/127.0.0.1:59047 - R:localhost/127.0.0.1:13395]
18:52:32.203 [main] DEBUG net.serenitybdd.core.photography.Darkroom - Send negative for processing for target\site\serenity\e37f44578b6747e5849e9880e2d0150af21bc7f15554e13570275ec9a9567f73.png
18:52:32.204 [Forwarding getPageSource on session 7f7bb4fa294abe044625bc2b90b854db to remote] DEBUG org.asynchttpclient.netty.request.NettyRequestSender - Using pooled Channel '[id: 0x832797a9, L:/127.0.0.1:59047 - R:localhost/127.0.0.1:13395]' for 'POST' to 'http://localhost:13395/session/7f7bb4fa294abe044625bc2b90b854db/execute/sync'
18:52:32.204 [Forwarding getPageSource on session 7f7bb4fa294abe044625bc2b90b854db to remote] DEBUG org.asynchttpclient.netty.request.NettyRequestSender - Using open Channel [id: 0x832797a9, L:/127.0.0.1:59047 - R:localhost/127.0.0.1:13395] for POST '/session/7f7bb4fa294abe044625bc2b90b854db/execute/sync'
18:52:32.213 [AsyncHttpClient-1-16] DEBUG org.asynchttpclient.netty.handler.HttpHandler - 

Request DefaultHttpRequest(decodeResult: success, version: HTTP/1.1)
POST /session/7f7bb4fa294abe044625bc2b90b854db/execute/sync HTTP/1.1
User-Agent: selenium/4.8.1 (java windows)
Content-Length: 176
Content-Type: application/json; charset=utf-8
host: localhost:13395
accept: */*

Response DefaultHttpResponse(decodeResult: success, version: HTTP/1.1)
HTTP/1.1 200 OK
Content-Length: 22234
Content-Type: application/json; charset=utf-8
cache-control: no-cache

18:52:32.213 [AsyncHttpClient-1-16] DEBUG org.asynchttpclient.netty.channel.ChannelManager - Adding key: http://localhost:13395 for channel [id: 0x832797a9, L:/127.0.0.1:59047 - R:localhost/127.0.0.1:13395]
18:52:32.215 [Forwarding getCurrentUrl on session 7f7bb4fa294abe044625bc2b90b854db to remote] DEBUG org.asynchttpclient.netty.request.NettyRequestSender - Using pooled Channel '[id: 0x832797a9, L:/127.0.0.1:59047 - R:localhost/127.0.0.1:13395]' for 'GET' to 'http://localhost:13395/session/7f7bb4fa294abe044625bc2b90b854db/url'
18:52:32.215 [Forwarding getCurrentUrl on session 7f7bb4fa294abe044625bc2b90b854db to remote] DEBUG org.asynchttpclient.netty.request.NettyRequestSender - Using open Channel [id: 0x832797a9, L:/127.0.0.1:59047 - R:localhost/127.0.0.1:13395] for GET '/session/7f7bb4fa294abe044625bc2b90b854db/url'
18:52:32.220 [AsyncHttpClient-1-16] DEBUG org.asynchttpclient.netty.handler.HttpHandler - 

Request DefaultFullHttpRequest(decodeResult: success, version: HTTP/1.1, content: EmptyByteBufBE)
GET /session/7f7bb4fa294abe044625bc2b90b854db/url HTTP/1.1
User-Agent: selenium/4.8.1 (java windows)
Cache-Control: no-cache
Content-Type: application/json; charset=utf-8
host: localhost:13395
accept: */*

Response DefaultHttpResponse(decodeResult: success, version: HTTP/1.1)
HTTP/1.1 200 OK
Content-Length: 54
Content-Type: application/json; charset=utf-8
cache-control: no-cache

18:52:32.221 [AsyncHttpClient-1-16] DEBUG org.asynchttpclient.netty.channel.ChannelManager - Adding key: http://localhost:13395 for channel [id: 0x832797a9, L:/127.0.0.1:59047 - R:localhost/127.0.0.1:13395]
18:52:32.223 [main] DEBUG net.thucydides.core.steps.StepInterceptor - STARTING STEP: RegisterSteps.onRegisterPage - validateOnRegisterPage
18:52:32.224 [Forwarding findElement on session 7f7bb4fa294abe044625bc2b90b854db to remote] DEBUG org.asynchttpclient.netty.request.NettyRequestSender - Using pooled Channel '[id: 0x832797a9, L:/127.0.0.1:59047 - R:localhost/127.0.0.1:13395]' for 'POST' to 'http://localhost:13395/session/7f7bb4fa294abe044625bc2b90b854db/element'
18:52:32.224 [Forwarding findElement on session 7f7bb4fa294abe044625bc2b90b854db to remote] DEBUG org.asynchttpclient.netty.request.NettyRequestSender - Using open Channel [id: 0x832797a9, L:/127.0.0.1:59047 - R:localhost/127.0.0.1:13395] for POST '/session/7f7bb4fa294abe044625bc2b90b854db/element'
18:52:32.236 [AsyncHttpClient-1-16] DEBUG org.asynchttpclient.netty.handler.HttpHandler - 

Request DefaultHttpRequest(decodeResult: success, version: HTTP/1.1)
POST /session/7f7bb4fa294abe044625bc2b90b854db/element HTTP/1.1
User-Agent: selenium/4.8.1 (java windows)
Content-Length: 142
Content-Type: application/json; charset=utf-8
host: localhost:13395
accept: */*

Response DefaultHttpResponse(decodeResult: success, version: HTTP/1.1)
HTTP/1.1 200 OK
Content-Length: 88
Content-Type: application/json; charset=utf-8
cache-control: no-cache

18:52:32.236 [AsyncHttpClient-1-16] DEBUG org.asynchttpclient.netty.channel.ChannelManager - Adding key: http://localhost:13395 for channel [id: 0x832797a9, L:/127.0.0.1:59047 - R:localhost/127.0.0.1:13395]
18:52:32.241 [Forwarding isElementDisplayed on session 7f7bb4fa294abe044625bc2b90b854db to remote] DEBUG org.asynchttpclient.netty.request.NettyRequestSender - Using pooled Channel '[id: 0x832797a9, L:/127.0.0.1:59047 - R:localhost/127.0.0.1:13395]' for 'POST' to 'http://localhost:13395/session/7f7bb4fa294abe044625bc2b90b854db/execute/sync'
18:52:32.241 [Forwarding isElementDisplayed on session 7f7bb4fa294abe044625bc2b90b854db to remote] DEBUG org.asynchttpclient.netty.request.NettyRequestSender - Using open Channel [id: 0x832797a9, L:/127.0.0.1:59047 - R:localhost/127.0.0.1:13395] for POST '/session/7f7bb4fa294abe044625bc2b90b854db/execute/sync'
18:52:32.254 [AsyncHttpClient-1-16] DEBUG org.asynchttpclient.netty.handler.HttpHandler - 

Request DefaultHttpRequest(decodeResult: success, version: HTTP/1.1)
POST /session/7f7bb4fa294abe044625bc2b90b854db/execute/sync HTTP/1.1
User-Agent: selenium/4.8.1 (java windows)
Content-Length: 48807
Content-Type: application/json; charset=utf-8
host: localhost:13395
accept: */*

Response DefaultHttpResponse(decodeResult: success, version: HTTP/1.1)
HTTP/1.1 200 OK
Content-Length: 14
Content-Type: application/json; charset=utf-8
cache-control: no-cache

18:52:32.254 [AsyncHttpClient-1-16] DEBUG org.asynchttpclient.netty.channel.ChannelManager - Adding key: http://localhost:13395 for channel [id: 0x832797a9, L:/127.0.0.1:59047 - R:localhost/127.0.0.1:13395]
18:52:32.257 [Forwarding getAlertText on session 7f7bb4fa294abe044625bc2b90b854db to remote] DEBUG org.asynchttpclient.netty.request.NettyRequestSender - Using pooled Channel '[id: 0x832797a9, L:/127.0.0.1:59047 - R:localhost/127.0.0.1:13395]' for 'GET' to 'http://localhost:13395/session/7f7bb4fa294abe044625bc2b90b854db/alert/text'
18:52:32.257 [Forwarding getAlertText on session 7f7bb4fa294abe044625bc2b90b854db to remote] DEBUG org.asynchttpclient.netty.request.NettyRequestSender - Using open Channel [id: 0x832797a9, L:/127.0.0.1:59047 - R:localhost/127.0.0.1:13395] for GET '/session/7f7bb4fa294abe044625bc2b90b854db/alert/text'
18:52:32.260 [AsyncHttpClient-1-16] DEBUG org.asynchttpclient.netty.handler.HttpHandler - 

Request DefaultFullHttpRequest(decodeResult: success, version: HTTP/1.1, content: EmptyByteBufBE)
GET /session/7f7bb4fa294abe044625bc2b90b854db/alert/text HTTP/1.1
User-Agent: selenium/4.8.1 (java windows)
Cache-Control: no-cache
Content-Type: application/json; charset=utf-8
host: localhost:13395
accept: */*

Response DefaultHttpResponse(decodeResult: success, version: HTTP/1.1)
HTTP/1.1 404 Not Found
Content-Length: 809
Content-Type: application/json; charset=utf-8
cache-control: no-cache

18:52:32.260 [AsyncHttpClient-1-16] DEBUG org.asynchttpclient.netty.channel.ChannelManager - Adding key: http://localhost:13395 for channel [id: 0x832797a9, L:/127.0.0.1:59047 - R:localhost/127.0.0.1:13395]
18:52:32.260 [Forwarding getCurrentUrl on session 7f7bb4fa294abe044625bc2b90b854db to remote] DEBUG org.asynchttpclient.netty.request.NettyRequestSender - Using pooled Channel '[id: 0x832797a9, L:/127.0.0.1:59047 - R:localhost/127.0.0.1:13395]' for 'GET' to 'http://localhost:13395/session/7f7bb4fa294abe044625bc2b90b854db/url'
18:52:32.260 [Forwarding getCurrentUrl on session 7f7bb4fa294abe044625bc2b90b854db to remote] DEBUG org.asynchttpclient.netty.request.NettyRequestSender - Using open Channel [id: 0x832797a9, L:/127.0.0.1:59047 - R:localhost/127.0.0.1:13395] for GET '/session/7f7bb4fa294abe044625bc2b90b854db/url'
18:52:32.265 [AsyncHttpClient-1-16] DEBUG org.asynchttpclient.netty.handler.HttpHandler - 

Request DefaultFullHttpRequest(decodeResult: success, version: HTTP/1.1, content: EmptyByteBufBE)
GET /session/7f7bb4fa294abe044625bc2b90b854db/url HTTP/1.1
User-Agent: selenium/4.8.1 (java windows)
Cache-Control: no-cache
Content-Type: application/json; charset=utf-8
host: localhost:13395
accept: */*

Response DefaultHttpResponse(decodeResult: success, version: HTTP/1.1)
HTTP/1.1 200 OK
Content-Length: 54
Content-Type: application/json; charset=utf-8
cache-control: no-cache

18:52:32.265 [AsyncHttpClient-1-16] DEBUG org.asynchttpclient.netty.channel.ChannelManager - Adding key: http://localhost:13395 for channel [id: 0x832797a9, L:/127.0.0.1:59047 - R:localhost/127.0.0.1:13395]
18:52:32.266 [Forwarding screenshot on session 7f7bb4fa294abe044625bc2b90b854db to remote] DEBUG org.asynchttpclient.netty.request.NettyRequestSender - Using pooled Channel '[id: 0x832797a9, L:/127.0.0.1:59047 - R:localhost/127.0.0.1:13395]' for 'GET' to 'http://localhost:13395/session/7f7bb4fa294abe044625bc2b90b854db/screenshot'
18:52:32.266 [Forwarding screenshot on session 7f7bb4fa294abe044625bc2b90b854db to remote] DEBUG org.asynchttpclient.netty.request.NettyRequestSender - Using open Channel [id: 0x832797a9, L:/127.0.0.1:59047 - R:localhost/127.0.0.1:13395] for GET '/session/7f7bb4fa294abe044625bc2b90b854db/screenshot'
18:52:32.361 [AsyncHttpClient-1-16] DEBUG org.asynchttpclient.netty.handler.HttpHandler - 

Request DefaultFullHttpRequest(decodeResult: success, version: HTTP/1.1, content: EmptyByteBufBE)
GET /session/7f7bb4fa294abe044625bc2b90b854db/screenshot HTTP/1.1
User-Agent: selenium/4.8.1 (java windows)
Cache-Control: no-cache
Content-Type: application/json; charset=utf-8
host: localhost:13395
accept: */*

Response DefaultHttpResponse(decodeResult: success, version: HTTP/1.1)
HTTP/1.1 200 OK
Content-Length: 44572
Content-Type: application/json; charset=utf-8
cache-control: no-cache

18:52:32.361 [AsyncHttpClient-1-16] DEBUG org.asynchttpclient.netty.channel.ChannelManager - Adding key: http://localhost:13395 for channel [id: 0x832797a9, L:/127.0.0.1:59047 - R:localhost/127.0.0.1:13395]
18:52:32.363 [main] DEBUG net.serenitybdd.core.photography.Darkroom - Send negative for processing for target\site\serenity\e37f44578b6747e5849e9880e2d0150af21bc7f15554e13570275ec9a9567f73.png
18:52:32.363 [main] DEBUG net.thucydides.core.steps.StepInterceptor - STEP DONE: validateOnRegisterPage
  &amp#27;[32mGiven &amp#27;[0m&amp#27;[32mme on the register page&amp#27;[0m                                     &amp#27;[90m# starter.stepdefinitions.RegisterSteps.onRegisterPage()&amp#27;[0m
18:52:32.368 [Forwarding getPageSource on session 7f7bb4fa294abe044625bc2b90b854db to remote] DEBUG org.asynchttpclient.netty.request.NettyRequestSender - Using pooled Channel '[id: 0x832797a9, L:/127.0.0.1:59047 - R:localhost/127.0.0.1:13395]' for 'POST' to 'http://localhost:13395/session/7f7bb4fa294abe044625bc2b90b854db/execute/sync'
18:52:32.368 [Forwarding getPageSource on session 7f7bb4fa294abe044625bc2b90b854db to remote] DEBUG org.asynchttpclient.netty.request.NettyRequestSender - Using open Channel [id: 0x832797a9, L:/127.0.0.1:59047 - R:localhost/127.0.0.1:13395] for POST '/session/7f7bb4fa294abe044625bc2b90b854db/execute/sync'
18:52:32.375 [AsyncHttpClient-1-16] DEBUG org.asynchttpclient.netty.handler.HttpHandler - 

Request DefaultHttpRequest(decodeResult: success, version: HTTP/1.1)
POST /session/7f7bb4fa294abe044625bc2b90b854db/execute/sync HTTP/1.1
User-Agent: selenium/4.8.1 (java windows)
Content-Length: 176
Content-Type: application/json; charset=utf-8
host: localhost:13395
accept: */*

Response DefaultHttpResponse(decodeResult: success, version: HTTP/1.1)
HTTP/1.1 200 OK
Content-Length: 22234
Content-Type: application/json; charset=utf-8
cache-control: no-cache

18:52:32.375 [AsyncHttpClient-1-16] DEBUG org.asynchttpclient.netty.channel.ChannelManager - Adding key: http://localhost:13395 for channel [id: 0x832797a9, L:/127.0.0.1:59047 - R:localhost/127.0.0.1:13395]
18:52:32.377 [Forwarding getCurrentUrl on session 7f7bb4fa294abe044625bc2b90b854db to remote] DEBUG org.asynchttpclient.netty.request.NettyRequestSender - Using pooled Channel '[id: 0x832797a9, L:/127.0.0.1:59047 - R:localhost/127.0.0.1:13395]' for 'GET' to 'http://localhost:13395/session/7f7bb4fa294abe044625bc2b90b854db/url'
18:52:32.377 [Forwarding getCurrentUrl on session 7f7bb4fa294abe044625bc2b90b854db to remote] DEBUG org.asynchttpclient.netty.request.NettyRequestSender - Using open Channel [id: 0x832797a9, L:/127.0.0.1:59047 - R:localhost/127.0.0.1:13395] for GET '/session/7f7bb4fa294abe044625bc2b90b854db/url'
18:52:32.380 [AsyncHttpClient-1-16] DEBUG org.asynchttpclient.netty.handler.HttpHandler - 

Request DefaultFullHttpRequest(decodeResult: success, version: HTTP/1.1, content: EmptyByteBufBE)
GET /session/7f7bb4fa294abe044625bc2b90b854db/url HTTP/1.1
User-Agent: selenium/4.8.1 (java windows)
Cache-Control: no-cache
Content-Type: application/json; charset=utf-8
host: localhost:13395
accept: */*

Response DefaultHttpResponse(decodeResult: success, version: HTTP/1.1)
HTTP/1.1 200 OK
Content-Length: 54
Content-Type: application/json; charset=utf-8
cache-control: no-cache

18:52:32.380 [AsyncHttpClient-1-16] DEBUG org.asynchttpclient.netty.channel.ChannelManager - Adding key: http://localhost:13395 for channel [id: 0x832797a9, L:/127.0.0.1:59047 - R:localhost/127.0.0.1:13395]
18:52:32.386 [Forwarding getPageSource on session 7f7bb4fa294abe044625bc2b90b854db to remote] DEBUG org.asynchttpclient.netty.request.NettyRequestSender - Using pooled Channel '[id: 0x832797a9, L:/127.0.0.1:59047 - R:localhost/127.0.0.1:13395]' for 'POST' to 'http://localhost:13395/session/7f7bb4fa294abe044625bc2b90b854db/execute/sync'
18:52:32.386 [Forwarding getPageSource on session 7f7bb4fa294abe044625bc2b90b854db to remote] DEBUG org.asynchttpclient.netty.request.NettyRequestSender - Using open Channel [id: 0x832797a9, L:/127.0.0.1:59047 - R:localhost/127.0.0.1:13395] for POST '/session/7f7bb4fa294abe044625bc2b90b854db/execute/sync'
18:52:32.390 [AsyncHttpClient-1-16] DEBUG org.asynchttpclient.netty.handler.HttpHandler - 

Request DefaultHttpRequest(decodeResult: success, version: HTTP/1.1)
POST /session/7f7bb4fa294abe044625bc2b90b854db/execute/sync HTTP/1.1
User-Agent: selenium/4.8.1 (java windows)
Content-Length: 176
Content-Type: application/json; charset=utf-8
host: localhost:13395
accept: */*

Response DefaultHttpResponse(decodeResult: success, version: HTTP/1.1)
HTTP/1.1 200 OK
Content-Length: 22234
Content-Type: application/json; charset=utf-8
cache-control: no-cache

18:52:32.390 [AsyncHttpClient-1-16] DEBUG org.asynchttpclient.netty.channel.ChannelManager - Adding key: http://localhost:13395 for channel [id: 0x832797a9, L:/127.0.0.1:59047 - R:localhost/127.0.0.1:13395]
18:52:32.391 [Forwarding getCurrentUrl on session 7f7bb4fa294abe044625bc2b90b854db to remote] DEBUG org.asynchttpclient.netty.request.NettyRequestSender - Using pooled Channel '[id: 0x832797a9, L:/127.0.0.1:59047 - R:localhost/127.0.0.1:13395]' for 'GET' to 'http://localhost:13395/session/7f7bb4fa294abe044625bc2b90b854db/url'
18:52:32.391 [Forwarding getCurrentUrl on session 7f7bb4fa294abe044625bc2b90b854db to remote] DEBUG org.asynchttpclient.netty.request.NettyRequestSender - Using open Channel [id: 0x832797a9, L:/127.0.0.1:59047 - R:localhost/127.0.0.1:13395] for GET '/session/7f7bb4fa294abe044625bc2b90b854db/url'
18:52:32.396 [AsyncHttpClient-1-16] DEBUG org.asynchttpclient.netty.handler.HttpHandler - 

Request DefaultFullHttpRequest(decodeResult: success, version: HTTP/1.1, content: EmptyByteBufBE)
GET /session/7f7bb4fa294abe044625bc2b90b854db/url HTTP/1.1
User-Agent: selenium/4.8.1 (java windows)
Cache-Control: no-cache
Content-Type: application/json; charset=utf-8
host: localhost:13395
accept: */*

Response DefaultHttpResponse(decodeResult: success, version: HTTP/1.1)
HTTP/1.1 200 OK
Content-Length: 54
Content-Type: application/json; charset=utf-8
cache-control: no-cache

18:52:32.396 [AsyncHttpClient-1-16] DEBUG org.asynchttpclient.netty.channel.ChannelManager - Adding key: http://localhost:13395 for channel [id: 0x832797a9, L:/127.0.0.1:59047 - R:localhost/127.0.0.1:13395]
18:52:32.398 [main] DEBUG net.thucydides.core.steps.StepInterceptor - STARTING STEP: RegisterSteps.enterFullname - inputFullName
18:52:32.399 [Forwarding findElement on session 7f7bb4fa294abe044625bc2b90b854db to remote] DEBUG org.asynchttpclient.netty.request.NettyRequestSender - Using pooled Channel '[id: 0x832797a9, L:/127.0.0.1:59047 - R:localhost/127.0.0.1:13395]' for 'POST' to 'http://localhost:13395/session/7f7bb4fa294abe044625bc2b90b854db/element'
18:52:32.400 [Forwarding findElement on session 7f7bb4fa294abe044625bc2b90b854db to remote] DEBUG org.asynchttpclient.netty.request.NettyRequestSender - Using open Channel [id: 0x832797a9, L:/127.0.0.1:59047 - R:localhost/127.0.0.1:13395] for POST '/session/7f7bb4fa294abe044625bc2b90b854db/element'
18:52:32.412 [AsyncHttpClient-1-16] DEBUG org.asynchttpclient.netty.handler.HttpHandler - 

Request DefaultHttpRequest(decodeResult: success, version: HTTP/1.1)
POST /session/7f7bb4fa294abe044625bc2b90b854db/element HTTP/1.1
User-Agent: selenium/4.8.1 (java windows)
Content-Length: 71
Content-Type: application/json; charset=utf-8
host: localhost:13395
accept: */*

Response DefaultHttpResponse(decodeResult: success, version: HTTP/1.1)
HTTP/1.1 200 OK
Content-Length: 88
Content-Type: application/json; charset=utf-8
cache-control: no-cache

18:52:32.412 [AsyncHttpClient-1-16] DEBUG org.asynchttpclient.netty.channel.ChannelManager - Adding key: http://localhost:13395 for channel [id: 0x832797a9, L:/127.0.0.1:59047 - R:localhost/127.0.0.1:13395]
18:52:32.413 [Forwarding clearElement on session 7f7bb4fa294abe044625bc2b90b854db to remote] DEBUG org.asynchttpclient.netty.request.NettyRequestSender - Using pooled Channel '[id: 0x832797a9, L:/127.0.0.1:59047 - R:localhost/127.0.0.1:13395]' for 'POST' to 'http://localhost:13395/session/7f7bb4fa294abe044625bc2b90b854db/element/17e18fe4-4a08-486a-a32e-93741be7eec7/clear'
18:52:32.413 [Forwarding clearElement on session 7f7bb4fa294abe044625bc2b90b854db to remote] DEBUG org.asynchttpclient.netty.request.NettyRequestSender - Using open Channel [id: 0x832797a9, L:/127.0.0.1:59047 - R:localhost/127.0.0.1:13395] for POST '/session/7f7bb4fa294abe044625bc2b90b854db/element/17e18fe4-4a08-486a-a32e-93741be7eec7/clear'
18:52:32.449 [AsyncHttpClient-1-16] DEBUG org.asynchttpclient.netty.handler.HttpHandler - 

Request DefaultHttpRequest(decodeResult: success, version: HTTP/1.1)
POST /session/7f7bb4fa294abe044625bc2b90b854db/element/17e18fe4-4a08-486a-a32e-93741be7eec7/clear HTTP/1.1
User-Agent: selenium/4.8.1 (java windows)
Content-Length: 50
Content-Type: application/json; charset=utf-8
host: localhost:13395
accept: */*

Response DefaultHttpResponse(decodeResult: success, version: HTTP/1.1)
HTTP/1.1 200 OK
Content-Length: 14
Content-Type: application/json; charset=utf-8
cache-control: no-cache

18:52:32.450 [AsyncHttpClient-1-16] DEBUG org.asynchttpclient.netty.channel.ChannelManager - Adding key: http://localhost:13395 for channel [id: 0x832797a9, L:/127.0.0.1:59047 - R:localhost/127.0.0.1:13395]
18:52:32.451 [Forwarding sendKeysToElement on session 7f7bb4fa294abe044625bc2b90b854db to remote] DEBUG org.asynchttpclient.netty.request.NettyRequestSender - Using pooled Channel '[id: 0x832797a9, L:/127.0.0.1:59047 - R:localhost/127.0.0.1:13395]' for 'POST' to 'http://localhost:13395/session/7f7bb4fa294abe044625bc2b90b854db/element/17e18fe4-4a08-486a-a32e-93741be7eec7/value'
18:52:32.451 [Forwarding sendKeysToElement on session 7f7bb4fa294abe044625bc2b90b854db to remote] DEBUG org.asynchttpclient.netty.request.NettyRequestSender - Using open Channel [id: 0x832797a9, L:/127.0.0.1:59047 - R:localhost/127.0.0.1:13395] for POST '/session/7f7bb4fa294abe044625bc2b90b854db/element/17e18fe4-4a08-486a-a32e-93741be7eec7/value'
18:52:32.552 [AsyncHttpClient-1-16] DEBUG org.asynchttpclient.netty.handler.HttpHandler - 

Request DefaultHttpRequest(decodeResult: success, version: HTTP/1.1)
POST /session/7f7bb4fa294abe044625bc2b90b854db/element/17e18fe4-4a08-486a-a32e-93741be7eec7/value HTTP/1.1
User-Agent: selenium/4.8.1 (java windows)
Content-Length: 131
Content-Type: application/json; charset=utf-8
host: localhost:13395
accept: */*

Response DefaultHttpResponse(decodeResult: success, version: HTTP/1.1)
HTTP/1.1 200 OK
Content-Length: 14
Content-Type: application/json; charset=utf-8
cache-control: no-cache

18:52:32.552 [AsyncHttpClient-1-16] DEBUG org.asynchttpclient.netty.channel.ChannelManager - Adding key: http://localhost:13395 for channel [id: 0x832797a9, L:/127.0.0.1:59047 - R:localhost/127.0.0.1:13395]
18:52:32.560 [Forwarding getAlertText on session 7f7bb4fa294abe044625bc2b90b854db to remote] DEBUG org.asynchttpclient.netty.request.NettyRequestSender - Using pooled Channel '[id: 0x832797a9, L:/127.0.0.1:59047 - R:localhost/127.0.0.1:13395]' for 'GET' to 'http://localhost:13395/session/7f7bb4fa294abe044625bc2b90b854db/alert/text'
18:52:32.560 [Forwarding getAlertText on session 7f7bb4fa294abe044625bc2b90b854db to remote] DEBUG org.asynchttpclient.netty.request.NettyRequestSender - Using open Channel [id: 0x832797a9, L:/127.0.0.1:59047 - R:localhost/127.0.0.1:13395] for GET '/session/7f7bb4fa294abe044625bc2b90b854db/alert/text'
18:52:32.565 [AsyncHttpClient-1-16] DEBUG org.asynchttpclient.netty.handler.HttpHandler - 

Request DefaultFullHttpRequest(decodeResult: success, version: HTTP/1.1, content: EmptyByteBufBE)
GET /session/7f7bb4fa294abe044625bc2b90b854db/alert/text HTTP/1.1
User-Agent: selenium/4.8.1 (java windows)
Cache-Control: no-cache
Content-Type: application/json; charset=utf-8
host: localhost:13395
accept: */*

Response DefaultHttpResponse(decodeResult: success, version: HTTP/1.1)
HTTP/1.1 404 Not Found
Content-Length: 809
Content-Type: application/json; charset=utf-8
cache-control: no-cache

18:52:32.566 [AsyncHttpClient-1-16] DEBUG org.asynchttpclient.netty.channel.ChannelManager - Adding key: http://localhost:13395 for channel [id: 0x832797a9, L:/127.0.0.1:59047 - R:localhost/127.0.0.1:13395]
18:52:32.567 [Forwarding getCurrentUrl on session 7f7bb4fa294abe044625bc2b90b854db to remote] DEBUG org.asynchttpclient.netty.request.NettyRequestSender - Using pooled Channel '[id: 0x832797a9, L:/127.0.0.1:59047 - R:localhost/127.0.0.1:13395]' for 'GET' to 'http://localhost:13395/session/7f7bb4fa294abe044625bc2b90b854db/url'
18:52:32.567 [Forwarding getCurrentUrl on session 7f7bb4fa294abe044625bc2b90b854db to remote] DEBUG org.asynchttpclient.netty.request.NettyRequestSender - Using open Channel [id: 0x832797a9, L:/127.0.0.1:59047 - R:localhost/127.0.0.1:13395] for GET '/session/7f7bb4fa294abe044625bc2b90b854db/url'
18:52:32.572 [AsyncHttpClient-1-16] DEBUG org.asynchttpclient.netty.handler.HttpHandler - 

Request DefaultFullHttpRequest(decodeResult: success, version: HTTP/1.1, content: EmptyByteBufBE)
GET /session/7f7bb4fa294abe044625bc2b90b854db/url HTTP/1.1
User-Agent: selenium/4.8.1 (java windows)
Cache-Control: no-cache
Content-Type: application/json; charset=utf-8
host: localhost:13395
accept: */*

Response DefaultHttpResponse(decodeResult: success, version: HTTP/1.1)
HTTP/1.1 200 OK
Content-Length: 54
Content-Type: application/json; charset=utf-8
cache-control: no-cache

18:52:32.572 [AsyncHttpClient-1-16] DEBUG org.asynchttpclient.netty.channel.ChannelManager - Adding key: http://localhost:13395 for channel [id: 0x832797a9, L:/127.0.0.1:59047 - R:localhost/127.0.0.1:13395]
18:52:32.573 [Forwarding screenshot on session 7f7bb4fa294abe044625bc2b90b854db to remote] DEBUG org.asynchttpclient.netty.request.NettyRequestSender - Using pooled Channel '[id: 0x832797a9, L:/127.0.0.1:59047 - R:localhost/127.0.0.1:13395]' for 'GET' to 'http://localhost:13395/session/7f7bb4fa294abe044625bc2b90b854db/screenshot'
18:52:32.573 [Forwarding screenshot on session 7f7bb4fa294abe044625bc2b90b854db to remote] DEBUG org.asynchttpclient.netty.request.NettyRequestSender - Using open Channel [id: 0x832797a9, L:/127.0.0.1:59047 - R:localhost/127.0.0.1:13395] for GET '/session/7f7bb4fa294abe044625bc2b90b854db/screenshot'
18:52:32.662 [AsyncHttpClient-1-1] DEBUG org.asynchttpclient.netty.channel.DefaultChannelPool - Entry count for : http://localhost:59048 : 1
18:52:32.873 [AsyncHttpClient-1-16] DEBUG org.asynchttpclient.netty.handler.HttpHandler - 

Request DefaultFullHttpRequest(decodeResult: success, version: HTTP/1.1, content: EmptyByteBufBE)
GET /session/7f7bb4fa294abe044625bc2b90b854db/screenshot HTTP/1.1
User-Agent: selenium/4.8.1 (java windows)
Cache-Control: no-cache
Content-Type: application/json; charset=utf-8
host: localhost:13395
accept: */*

Response DefaultHttpResponse(decodeResult: success, version: HTTP/1.1)
HTTP/1.1 200 OK
Content-Length: 46848
Content-Type: application/json; charset=utf-8
cache-control: no-cache

18:52:32.873 [AsyncHttpClient-1-16] DEBUG org.asynchttpclient.netty.channel.ChannelManager - Adding key: http://localhost:13395 for channel [id: 0x832797a9, L:/127.0.0.1:59047 - R:localhost/127.0.0.1:13395]
18:52:32.884 [main] DEBUG net.serenitybdd.core.photography.Darkroom - Send negative for processing for target\site\serenity\8e17f958a5fc6dc81f81c70e5b885274d6ad649cf808f48a1c1f6a46a7cca62c.png
18:52:32.885 [main] DEBUG net.thucydides.core.steps.StepInterceptor - STEP DONE: inputFullName
  &amp#27;[32mWhen &amp#27;[0m&amp#27;[32mI enter a full name &amp#27;[0m&amp#27;[32m&amp#27;[1m"ba5ma"&amp#27;[0m                                  &amp#27;[90m# starter.stepdefinitions.RegisterSteps.enterFullname(java.lang.String)&amp#27;[0m
18:52:32.889 [Darkroom Processing Line] DEBUG net.serenitybdd.core.photography.DarkroomProcessingLine - Processing screenshot image in /var/screenshots/screenshot-10613724100906755828
18:52:32.889 [Darkroom Processing Line] DEBUG net.serenitybdd.core.photography.DarkroomProcessingLine - Saving screenshot to target\site\serenity\8e17f958a5fc6dc81f81c70e5b885274d6ad649cf808f48a1c1f6a46a7cca62c.png
18:52:32.911 [Forwarding getPageSource on session 7f7bb4fa294abe044625bc2b90b854db to remote] DEBUG org.asynchttpclient.netty.request.NettyRequestSender - Using pooled Channel '[id: 0x832797a9, L:/127.0.0.1:59047 - R:localhost/127.0.0.1:13395]' for 'POST' to 'http://localhost:13395/session/7f7bb4fa294abe044625bc2b90b854db/execute/sync'
18:52:32.911 [Forwarding getPageSource on session 7f7bb4fa294abe044625bc2b90b854db to remote] DEBUG org.asynchttpclient.netty.request.NettyRequestSender - Using open Channel [id: 0x832797a9, L:/127.0.0.1:59047 - R:localhost/127.0.0.1:13395] for POST '/session/7f7bb4fa294abe044625bc2b90b854db/execute/sync'
18:52:32.923 [AsyncHttpClient-1-16] DEBUG org.asynchttpclient.netty.handler.HttpHandler - 

Request DefaultHttpRequest(decodeResult: success, version: HTTP/1.1)
POST /session/7f7bb4fa294abe044625bc2b90b854db/execute/sync HTTP/1.1
User-Agent: selenium/4.8.1 (java windows)
Content-Length: 176
Content-Type: application/json; charset=utf-8
host: localhost:13395
accept: */*

Response DefaultHttpResponse(decodeResult: success, version: HTTP/1.1)
HTTP/1.1 200 OK
Content-Length: 22293
Content-Type: application/json; charset=utf-8
cache-control: no-cache

18:52:32.923 [AsyncHttpClient-1-16] DEBUG org.asynchttpclient.netty.channel.ChannelManager - Adding key: http://localhost:13395 for channel [id: 0x832797a9, L:/127.0.0.1:59047 - R:localhost/127.0.0.1:13395]
18:52:32.926 [Forwarding getCurrentUrl on session 7f7bb4fa294abe044625bc2b90b854db to remote] DEBUG org.asynchttpclient.netty.request.NettyRequestSender - Using pooled Channel '[id: 0x832797a9, L:/127.0.0.1:59047 - R:localhost/127.0.0.1:13395]' for 'GET' to 'http://localhost:13395/session/7f7bb4fa294abe044625bc2b90b854db/url'
18:52:32.926 [Forwarding getCurrentUrl on session 7f7bb4fa294abe044625bc2b90b854db to remote] DEBUG org.asynchttpclient.netty.request.NettyRequestSender - Using open Channel [id: 0x832797a9, L:/127.0.0.1:59047 - R:localhost/127.0.0.1:13395] for GET '/session/7f7bb4fa294abe044625bc2b90b854db/url'
18:52:32.937 [AsyncHttpClient-1-16] DEBUG org.asynchttpclient.netty.handler.HttpHandler - 

Request DefaultFullHttpRequest(decodeResult: success, version: HTTP/1.1, content: EmptyByteBufBE)
GET /session/7f7bb4fa294abe044625bc2b90b854db/url HTTP/1.1
User-Agent: selenium/4.8.1 (java windows)
Cache-Control: no-cache
Content-Type: application/json; charset=utf-8
host: localhost:13395
accept: */*

Response DefaultHttpResponse(decodeResult: success, version: HTTP/1.1)
HTTP/1.1 200 OK
Content-Length: 54
Content-Type: application/json; charset=utf-8
cache-control: no-cache

18:52:32.938 [AsyncHttpClient-1-16] DEBUG org.asynchttpclient.netty.channel.ChannelManager - Adding key: http://localhost:13395 for channel [id: 0x832797a9, L:/127.0.0.1:59047 - R:localhost/127.0.0.1:13395]
18:52:32.955 [Forwarding getAlertText on session 7f7bb4fa294abe044625bc2b90b854db to remote] DEBUG org.asynchttpclient.netty.request.NettyRequestSender - Using pooled Channel '[id: 0x832797a9, L:/127.0.0.1:59047 - R:localhost/127.0.0.1:13395]' for 'GET' to 'http://localhost:13395/session/7f7bb4fa294abe044625bc2b90b854db/alert/text'
18:52:32.955 [Forwarding getAlertText on session 7f7bb4fa294abe044625bc2b90b854db to remote] DEBUG org.asynchttpclient.netty.request.NettyRequestSender - Using open Channel [id: 0x832797a9, L:/127.0.0.1:59047 - R:localhost/127.0.0.1:13395] for GET '/session/7f7bb4fa294abe044625bc2b90b854db/alert/text'
18:52:32.958 [AsyncHttpClient-1-16] DEBUG org.asynchttpclient.netty.handler.HttpHandler - 

Request DefaultFullHttpRequest(decodeResult: success, version: HTTP/1.1, content: EmptyByteBufBE)
GET /session/7f7bb4fa294abe044625bc2b90b854db/alert/text HTTP/1.1
User-Agent: selenium/4.8.1 (java windows)
Cache-Control: no-cache
Content-Type: application/json; charset=utf-8
host: localhost:13395
accept: */*

Response DefaultHttpResponse(decodeResult: success, version: HTTP/1.1)
HTTP/1.1 404 Not Found
Content-Length: 809
Content-Type: application/json; charset=utf-8
cache-control: no-cache

18:52:32.958 [AsyncHttpClient-1-16] DEBUG org.asynchttpclient.netty.channel.ChannelManager - Adding key: http://localhost:13395 for channel [id: 0x832797a9, L:/127.0.0.1:59047 - R:localhost/127.0.0.1:13395]
18:52:32.959 [Forwarding getCurrentUrl on session 7f7bb4fa294abe044625bc2b90b854db to remote] DEBUG org.asynchttpclient.netty.request.NettyRequestSender - Using pooled Channel '[id: 0x832797a9, L:/127.0.0.1:59047 - R:localhost/127.0.0.1:13395]' for 'GET' to 'http://localhost:13395/session/7f7bb4fa294abe044625bc2b90b854db/url'
18:52:32.959 [Forwarding getCurrentUrl on session 7f7bb4fa294abe044625bc2b90b854db to remote] DEBUG org.asynchttpclient.netty.request.NettyRequestSender - Using open Channel [id: 0x832797a9, L:/127.0.0.1:59047 - R:localhost/127.0.0.1:13395] for GET '/session/7f7bb4fa294abe044625bc2b90b854db/url'
18:52:32.968 [AsyncHttpClient-1-16] DEBUG org.asynchttpclient.netty.handler.HttpHandler - 

Request DefaultFullHttpRequest(decodeResult: success, version: HTTP/1.1, content: EmptyByteBufBE)
GET /session/7f7bb4fa294abe044625bc2b90b854db/url HTTP/1.1
User-Agent: selenium/4.8.1 (java windows)
Cache-Control: no-cache
Content-Type: application/json; charset=utf-8
host: localhost:13395
accept: */*

Response DefaultHttpResponse(decodeResult: success, version: HTTP/1.1)
HTTP/1.1 200 OK
Content-Length: 54
Content-Type: application/json; charset=utf-8
cache-control: no-cache

18:52:32.969 [AsyncHttpClient-1-16] DEBUG org.asynchttpclient.netty.channel.ChannelManager - Adding key: http://localhost:13395 for channel [id: 0x832797a9, L:/127.0.0.1:59047 - R:localhost/127.0.0.1:13395]
18:52:32.969 [Forwarding screenshot on session 7f7bb4fa294abe044625bc2b90b854db to remote] DEBUG org.asynchttpclient.netty.request.NettyRequestSender - Using pooled Channel '[id: 0x832797a9, L:/127.0.0.1:59047 - R:localhost/127.0.0.1:13395]' for 'GET' to 'http://localhost:13395/session/7f7bb4fa294abe044625bc2b90b854db/screenshot'
18:52:32.970 [Forwarding screenshot on session 7f7bb4fa294abe044625bc2b90b854db to remote] DEBUG org.asynchttpclient.netty.request.NettyRequestSender - Using open Channel [id: 0x832797a9, L:/127.0.0.1:59047 - R:localhost/127.0.0.1:13395] for GET '/session/7f7bb4fa294abe044625bc2b90b854db/screenshot'
18:52:33.288 [AsyncHttpClient-1-16] DEBUG org.asynchttpclient.netty.handler.HttpHandler - 

Request DefaultFullHttpRequest(decodeResult: success, version: HTTP/1.1, content: EmptyByteBufBE)
GET /session/7f7bb4fa294abe044625bc2b90b854db/screenshot HTTP/1.1
User-Agent: selenium/4.8.1 (java windows)
Cache-Control: no-cache
Content-Type: application/json; charset=utf-8
host: localhost:13395
accept: */*

Response DefaultHttpResponse(decodeResult: success, version: HTTP/1.1)
HTTP/1.1 200 OK
Content-Length: 46108
Content-Type: application/json; charset=utf-8
cache-control: no-cache

18:52:33.288 [AsyncHttpClient-1-16] DEBUG org.asynchttpclient.netty.channel.ChannelManager - Adding key: http://localhost:13395 for channel [id: 0x832797a9, L:/127.0.0.1:59047 - R:localhost/127.0.0.1:13395]
18:52:33.291 [main] DEBUG net.serenitybdd.core.photography.Darkroom - Send negative for processing for target\site\serenity\9e340f565e1e627286b7914cea254d65fc3eb6b0d657ef02a0bb6e2858144021.png
18:52:33.291 [Darkroom Processing Line] DEBUG net.serenitybdd.core.photography.DarkroomProcessingLine - Processing screenshot image in /var/screenshots/screenshot-58839591769754643
18:52:33.291 [Darkroom Processing Line] DEBUG net.serenitybdd.core.photography.DarkroomProcessingLine - Saving screenshot to target\site\serenity\9e340f565e1e627286b7914cea254d65fc3eb6b0d657ef02a0bb6e2858144021.png
18:52:33.293 [Forwarding getPageSource on session 7f7bb4fa294abe044625bc2b90b854db to remote] DEBUG org.asynchttpclient.netty.request.NettyRequestSender - Using pooled Channel '[id: 0x832797a9, L:/127.0.0.1:59047 - R:localhost/127.0.0.1:13395]' for 'POST' to 'http://localhost:13395/session/7f7bb4fa294abe044625bc2b90b854db/execute/sync'
18:52:33.293 [Forwarding getPageSource on session 7f7bb4fa294abe044625bc2b90b854db to remote] DEBUG org.asynchttpclient.netty.request.NettyRequestSender - Using open Channel [id: 0x832797a9, L:/127.0.0.1:59047 - R:localhost/127.0.0.1:13395] for POST '/session/7f7bb4fa294abe044625bc2b90b854db/execute/sync'
18:52:33.305 [AsyncHttpClient-1-16] DEBUG org.asynchttpclient.netty.handler.HttpHandler - 

Request DefaultHttpRequest(decodeResult: success, version: HTTP/1.1)
POST /session/7f7bb4fa294abe044625bc2b90b854db/execute/sync HTTP/1.1
User-Agent: selenium/4.8.1 (java windows)
Content-Length: 176
Content-Type: application/json; charset=utf-8
host: localhost:13395
accept: */*

Response DefaultHttpResponse(decodeResult: success, version: HTTP/1.1)
HTTP/1.1 200 OK
Content-Length: 22355
Content-Type: application/json; charset=utf-8
cache-control: no-cache

18:52:33.305 [AsyncHttpClient-1-16] DEBUG org.asynchttpclient.netty.channel.ChannelManager - Adding key: http://localhost:13395 for channel [id: 0x832797a9, L:/127.0.0.1:59047 - R:localhost/127.0.0.1:13395]
18:52:33.308 [Forwarding getCurrentUrl on session 7f7bb4fa294abe044625bc2b90b854db to remote] DEBUG org.asynchttpclient.netty.request.NettyRequestSender - Using pooled Channel '[id: 0x832797a9, L:/127.0.0.1:59047 - R:localhost/127.0.0.1:13395]' for 'GET' to 'http://localhost:13395/session/7f7bb4fa294abe044625bc2b90b854db/url'
18:52:33.308 [Forwarding getCurrentUrl on session 7f7bb4fa294abe044625bc2b90b854db to remote] DEBUG org.asynchttpclient.netty.request.NettyRequestSender - Using open Channel [id: 0x832797a9, L:/127.0.0.1:59047 - R:localhost/127.0.0.1:13395] for GET '/session/7f7bb4fa294abe044625bc2b90b854db/url'
18:52:33.315 [AsyncHttpClient-1-16] DEBUG org.asynchttpclient.netty.handler.HttpHandler - 

Request DefaultFullHttpRequest(decodeResult: success, version: HTTP/1.1, content: EmptyByteBufBE)
GET /session/7f7bb4fa294abe044625bc2b90b854db/url HTTP/1.1
User-Agent: selenium/4.8.1 (java windows)
Cache-Control: no-cache
Content-Type: application/json; charset=utf-8
host: localhost:13395
accept: */*

Response DefaultHttpResponse(decodeResult: success, version: HTTP/1.1)
HTTP/1.1 200 OK
Content-Length: 54
Content-Type: application/json; charset=utf-8
cache-control: no-cache

18:52:33.315 [AsyncHttpClient-1-16] DEBUG org.asynchttpclient.netty.channel.ChannelManager - Adding key: http://localhost:13395 for channel [id: 0x832797a9, L:/127.0.0.1:59047 - R:localhost/127.0.0.1:13395]
18:52:33.319 [main] DEBUG net.thucydides.core.steps.StepInterceptor - STARTING STEP: RegisterSteps.enterEmail - inputEmail
18:52:33.323 [Forwarding findElement on session 7f7bb4fa294abe044625bc2b90b854db to remote] DEBUG org.asynchttpclient.netty.request.NettyRequestSender - Using pooled Channel '[id: 0x832797a9, L:/127.0.0.1:59047 - R:localhost/127.0.0.1:13395]' for 'POST' to 'http://localhost:13395/session/7f7bb4fa294abe044625bc2b90b854db/element'
18:52:33.323 [Forwarding findElement on session 7f7bb4fa294abe044625bc2b90b854db to remote] DEBUG org.asynchttpclient.netty.request.NettyRequestSender - Using open Channel [id: 0x832797a9, L:/127.0.0.1:59047 - R:localhost/127.0.0.1:13395] for POST '/session/7f7bb4fa294abe044625bc2b90b854db/element'
18:52:33.344 [AsyncHttpClient-1-16] DEBUG org.asynchttpclient.netty.handler.HttpHandler - 

Request DefaultHttpRequest(decodeResult: success, version: HTTP/1.1)
POST /session/7f7bb4fa294abe044625bc2b90b854db/element HTTP/1.1
User-Agent: selenium/4.8.1 (java windows)
Content-Length: 71
Content-Type: application/json; charset=utf-8
host: localhost:13395
accept: */*

Response DefaultHttpResponse(decodeResult: success, version: HTTP/1.1)
HTTP/1.1 200 OK
Content-Length: 88
Content-Type: application/json; charset=utf-8
cache-control: no-cache

18:52:33.344 [AsyncHttpClient-1-16] DEBUG org.asynchttpclient.netty.channel.ChannelManager - Adding key: http://localhost:13395 for channel [id: 0x832797a9, L:/127.0.0.1:59047 - R:localhost/127.0.0.1:13395]
18:52:33.348 [Forwarding clearElement on session 7f7bb4fa294abe044625bc2b90b854db to remote] DEBUG org.asynchttpclient.netty.request.NettyRequestSender - Using pooled Channel '[id: 0x832797a9, L:/127.0.0.1:59047 - R:localhost/127.0.0.1:13395]' for 'POST' to 'http://localhost:13395/session/7f7bb4fa294abe044625bc2b90b854db/element/c78cac47-d548-4de7-a22b-e5ed335a4946/clear'
18:52:33.348 [Forwarding clearElement on session 7f7bb4fa294abe044625bc2b90b854db to remote] DEBUG org.asynchttpclient.netty.request.NettyRequestSender - Using open Channel [id: 0x832797a9, L:/127.0.0.1:59047 - R:localhost/127.0.0.1:13395] for POST '/session/7f7bb4fa294abe044625bc2b90b854db/element/c78cac47-d548-4de7-a22b-e5ed335a4946/clear'
18:52:33.410 [AsyncHttpClient-1-16] DEBUG org.asynchttpclient.netty.handler.HttpHandler - 

Request DefaultHttpRequest(decodeResult: success, version: HTTP/1.1)
POST /session/7f7bb4fa294abe044625bc2b90b854db/element/c78cac47-d548-4de7-a22b-e5ed335a4946/clear HTTP/1.1
User-Agent: selenium/4.8.1 (java windows)
Content-Length: 50
Content-Type: application/json; charset=utf-8
host: localhost:13395
accept: */*

Response DefaultHttpResponse(decodeResult: success, version: HTTP/1.1)
HTTP/1.1 200 OK
Content-Length: 14
Content-Type: application/json; charset=utf-8
cache-control: no-cache

18:52:33.411 [AsyncHttpClient-1-16] DEBUG org.asynchttpclient.netty.channel.ChannelManager - Adding key: http://localhost:13395 for channel [id: 0x832797a9, L:/127.0.0.1:59047 - R:localhost/127.0.0.1:13395]
18:52:33.416 [Forwarding sendKeysToElement on session 7f7bb4fa294abe044625bc2b90b854db to remote] DEBUG org.asynchttpclient.netty.request.NettyRequestSender - Using pooled Channel '[id: 0x832797a9, L:/127.0.0.1:59047 - R:localhost/127.0.0.1:13395]' for 'POST' to 'http://localhost:13395/session/7f7bb4fa294abe044625bc2b90b854db/element/c78cac47-d548-4de7-a22b-e5ed335a4946/value'
18:52:33.416 [Forwarding sendKeysToElement on session 7f7bb4fa294abe044625bc2b90b854db to remote] DEBUG org.asynchttpclient.netty.request.NettyRequestSender - Using open Channel [id: 0x832797a9, L:/127.0.0.1:59047 - R:localhost/127.0.0.1:13395] for POST '/session/7f7bb4fa294abe044625bc2b90b854db/element/c78cac47-d548-4de7-a22b-e5ed335a4946/value'
18:52:33.670 [AsyncHttpClient-1-16] DEBUG org.asynchttpclient.netty.handler.HttpHandler - 

Request DefaultHttpRequest(decodeResult: success, version: HTTP/1.1)
POST /session/7f7bb4fa294abe044625bc2b90b854db/element/c78cac47-d548-4de7-a22b-e5ed335a4946/value HTTP/1.1
User-Agent: selenium/4.8.1 (java windows)
Content-Length: 271
Content-Type: application/json; charset=utf-8
host: localhost:13395
accept: */*

Response DefaultHttpResponse(decodeResult: success, version: HTTP/1.1)
HTTP/1.1 200 OK
Content-Length: 14
Content-Type: application/json; charset=utf-8
cache-control: no-cache

18:52:33.670 [AsyncHttpClient-1-16] DEBUG org.asynchttpclient.netty.channel.ChannelManager - Adding key: http://localhost:13395 for channel [id: 0x832797a9, L:/127.0.0.1:59047 - R:localhost/127.0.0.1:13395]
18:52:33.683 [Forwarding getAlertText on session 7f7bb4fa294abe044625bc2b90b854db to remote] DEBUG org.asynchttpclient.netty.request.NettyRequestSender - Using pooled Channel '[id: 0x832797a9, L:/127.0.0.1:59047 - R:localhost/127.0.0.1:13395]' for 'GET' to 'http://localhost:13395/session/7f7bb4fa294abe044625bc2b90b854db/alert/text'
18:52:33.683 [Forwarding getAlertText on session 7f7bb4fa294abe044625bc2b90b854db to remote] DEBUG org.asynchttpclient.netty.request.NettyRequestSender - Using open Channel [id: 0x832797a9, L:/127.0.0.1:59047 - R:localhost/127.0.0.1:13395] for GET '/session/7f7bb4fa294abe044625bc2b90b854db/alert/text'
18:52:33.687 [AsyncHttpClient-1-16] DEBUG org.asynchttpclient.netty.handler.HttpHandler - 

Request DefaultFullHttpRequest(decodeResult: success, version: HTTP/1.1, content: EmptyByteBufBE)
GET /session/7f7bb4fa294abe044625bc2b90b854db/alert/text HTTP/1.1
User-Agent: selenium/4.8.1 (java windows)
Cache-Control: no-cache
Content-Type: application/json; charset=utf-8
host: localhost:13395
accept: */*

Response DefaultHttpResponse(decodeResult: success, version: HTTP/1.1)
HTTP/1.1 404 Not Found
Content-Length: 809
Content-Type: application/json; charset=utf-8
cache-control: no-cache

18:52:33.687 [AsyncHttpClient-1-16] DEBUG org.asynchttpclient.netty.channel.ChannelManager - Adding key: http://localhost:13395 for channel [id: 0x832797a9, L:/127.0.0.1:59047 - R:localhost/127.0.0.1:13395]
18:52:33.689 [Forwarding getCurrentUrl on session 7f7bb4fa294abe044625bc2b90b854db to remote] DEBUG org.asynchttpclient.netty.request.NettyRequestSender - Using pooled Channel '[id: 0x832797a9, L:/127.0.0.1:59047 - R:localhost/127.0.0.1:13395]' for 'GET' to 'http://localhost:13395/session/7f7bb4fa294abe044625bc2b90b854db/url'
18:52:33.689 [Forwarding getCurrentUrl on session 7f7bb4fa294abe044625bc2b90b854db to remote] DEBUG org.asynchttpclient.netty.request.NettyRequestSender - Using open Channel [id: 0x832797a9, L:/127.0.0.1:59047 - R:localhost/127.0.0.1:13395] for GET '/session/7f7bb4fa294abe044625bc2b90b854db/url'
18:52:33.693 [AsyncHttpClient-1-16] DEBUG org.asynchttpclient.netty.handler.HttpHandler - 

Request DefaultFullHttpRequest(decodeResult: success, version: HTTP/1.1, content: EmptyByteBufBE)
GET /session/7f7bb4fa294abe044625bc2b90b854db/url HTTP/1.1
User-Agent: selenium/4.8.1 (java windows)
Cache-Control: no-cache
Content-Type: application/json; charset=utf-8
host: localhost:13395
accept: */*

Response DefaultHttpResponse(decodeResult: success, version: HTTP/1.1)
HTTP/1.1 200 OK
Content-Length: 54
Content-Type: application/json; charset=utf-8
cache-control: no-cache

18:52:33.694 [AsyncHttpClient-1-16] DEBUG org.asynchttpclient.netty.channel.ChannelManager - Adding key: http://localhost:13395 for channel [id: 0x832797a9, L:/127.0.0.1:59047 - R:localhost/127.0.0.1:13395]
18:52:33.695 [Forwarding screenshot on session 7f7bb4fa294abe044625bc2b90b854db to remote] DEBUG org.asynchttpclient.netty.request.NettyRequestSender - Using pooled Channel '[id: 0x832797a9, L:/127.0.0.1:59047 - R:localhost/127.0.0.1:13395]' for 'GET' to 'http://localhost:13395/session/7f7bb4fa294abe044625bc2b90b854db/screenshot'
18:52:33.695 [Forwarding screenshot on session 7f7bb4fa294abe044625bc2b90b854db to remote] DEBUG org.asynchttpclient.netty.request.NettyRequestSender - Using open Channel [id: 0x832797a9, L:/127.0.0.1:59047 - R:localhost/127.0.0.1:13395] for GET '/session/7f7bb4fa294abe044625bc2b90b854db/screenshot'
18:52:33.762 [AsyncHttpClient-1-1] DEBUG org.asynchttpclient.netty.channel.DefaultChannelPool - Entry count for : http://localhost:59048 : 1
18:52:34.037 [AsyncHttpClient-1-16] DEBUG org.asynchttpclient.netty.handler.HttpHandler - 

Request DefaultFullHttpRequest(decodeResult: success, version: HTTP/1.1, content: EmptyByteBufBE)
GET /session/7f7bb4fa294abe044625bc2b90b854db/screenshot HTTP/1.1
User-Agent: selenium/4.8.1 (java windows)
Cache-Control: no-cache
Content-Type: application/json; charset=utf-8
host: localhost:13395
accept: */*

Response DefaultHttpResponse(decodeResult: success, version: HTTP/1.1)
HTTP/1.1 200 OK
Content-Length: 53372
Content-Type: application/json; charset=utf-8
cache-control: no-cache

18:52:34.038 [AsyncHttpClient-1-16] DEBUG org.asynchttpclient.netty.channel.ChannelManager - Adding key: http://localhost:13395 for channel [id: 0x832797a9, L:/127.0.0.1:59047 - R:localhost/127.0.0.1:13395]
18:52:34.042 [main] DEBUG net.serenitybdd.core.photography.Darkroom - Send negative for processing for target\site\serenity\e2fe070bbef1868b699d2f026484a4a37fd90db7f4a29fb3c37f2d51eeceed04.png
18:52:34.043 [main] DEBUG net.thucydides.core.steps.StepInterceptor - STEP DONE: inputEmail
  &amp#27;[32mAnd &amp#27;[0m&amp#27;[32mI entered a email &amp#27;[0m&amp#27;[32m&amp#27;[1m"basmatest@gmail.com"&amp#27;[0m                       &amp#27;[90m# starter.stepdefinitions.RegisterSteps.enterEmail(java.lang.String)&amp#27;[0m
18:52:34.044 [Darkroom Processing Line] DEBUG net.serenitybdd.core.photography.DarkroomProcessingLine - Processing screenshot image in /var/screenshots/screenshot-6999549280273693919
18:52:34.044 [Darkroom Processing Line] DEBUG net.serenitybdd.core.photography.DarkroomProcessingLine - Saving screenshot to target\site\serenity\e2fe070bbef1868b699d2f026484a4a37fd90db7f4a29fb3c37f2d51eeceed04.png
18:52:34.060 [Forwarding getPageSource on session 7f7bb4fa294abe044625bc2b90b854db to remote] DEBUG org.asynchttpclient.netty.request.NettyRequestSender - Using pooled Channel '[id: 0x832797a9, L:/127.0.0.1:59047 - R:localhost/127.0.0.1:13395]' for 'POST' to 'http://localhost:13395/session/7f7bb4fa294abe044625bc2b90b854db/execute/sync'
18:52:34.060 [Forwarding getPageSource on session 7f7bb4fa294abe044625bc2b90b854db to remote] DEBUG org.asynchttpclient.netty.request.NettyRequestSender - Using open Channel [id: 0x832797a9, L:/127.0.0.1:59047 - R:localhost/127.0.0.1:13395] for POST '/session/7f7bb4fa294abe044625bc2b90b854db/execute/sync'
18:52:34.074 [AsyncHttpClient-1-16] DEBUG org.asynchttpclient.netty.handler.HttpHandler - 

Request DefaultHttpRequest(decodeResult: success, version: HTTP/1.1)
POST /session/7f7bb4fa294abe044625bc2b90b854db/execute/sync HTTP/1.1
User-Agent: selenium/4.8.1 (java windows)
Content-Length: 176
Content-Type: application/json; charset=utf-8
host: localhost:13395
accept: */*

Response DefaultHttpResponse(decodeResult: success, version: HTTP/1.1)
HTTP/1.1 200 OK
Content-Length: 22414
Content-Type: application/json; charset=utf-8
cache-control: no-cache

18:52:34.075 [AsyncHttpClient-1-16] DEBUG org.asynchttpclient.netty.channel.ChannelManager - Adding key: http://localhost:13395 for channel [id: 0x832797a9, L:/127.0.0.1:59047 - R:localhost/127.0.0.1:13395]
18:52:34.080 [Forwarding getCurrentUrl on session 7f7bb4fa294abe044625bc2b90b854db to remote] DEBUG org.asynchttpclient.netty.request.NettyRequestSender - Using pooled Channel '[id: 0x832797a9, L:/127.0.0.1:59047 - R:localhost/127.0.0.1:13395]' for 'GET' to 'http://localhost:13395/session/7f7bb4fa294abe044625bc2b90b854db/url'
18:52:34.080 [Forwarding getCurrentUrl on session 7f7bb4fa294abe044625bc2b90b854db to remote] DEBUG org.asynchttpclient.netty.request.NettyRequestSender - Using open Channel [id: 0x832797a9, L:/127.0.0.1:59047 - R:localhost/127.0.0.1:13395] for GET '/session/7f7bb4fa294abe044625bc2b90b854db/url'
18:52:34.087 [AsyncHttpClient-1-16] DEBUG org.asynchttpclient.netty.handler.HttpHandler - 

Request DefaultFullHttpRequest(decodeResult: success, version: HTTP/1.1, content: EmptyByteBufBE)
GET /session/7f7bb4fa294abe044625bc2b90b854db/url HTTP/1.1
User-Agent: selenium/4.8.1 (java windows)
Cache-Control: no-cache
Content-Type: application/json; charset=utf-8
host: localhost:13395
accept: */*

Response DefaultHttpResponse(decodeResult: success, version: HTTP/1.1)
HTTP/1.1 200 OK
Content-Length: 54
Content-Type: application/json; charset=utf-8
cache-control: no-cache

18:52:34.088 [AsyncHttpClient-1-16] DEBUG org.asynchttpclient.netty.channel.ChannelManager - Adding key: http://localhost:13395 for channel [id: 0x832797a9, L:/127.0.0.1:59047 - R:localhost/127.0.0.1:13395]
18:52:34.103 [Forwarding getAlertText on session 7f7bb4fa294abe044625bc2b90b854db to remote] DEBUG org.asynchttpclient.netty.request.NettyRequestSender - Using pooled Channel '[id: 0x832797a9, L:/127.0.0.1:59047 - R:localhost/127.0.0.1:13395]' for 'GET' to 'http://localhost:13395/session/7f7bb4fa294abe044625bc2b90b854db/alert/text'
18:52:34.103 [Forwarding getAlertText on session 7f7bb4fa294abe044625bc2b90b854db to remote] DEBUG org.asynchttpclient.netty.request.NettyRequestSender - Using open Channel [id: 0x832797a9, L:/127.0.0.1:59047 - R:localhost/127.0.0.1:13395] for GET '/session/7f7bb4fa294abe044625bc2b90b854db/alert/text'
18:52:34.108 [AsyncHttpClient-1-16] DEBUG org.asynchttpclient.netty.handler.HttpHandler - 

Request DefaultFullHttpRequest(decodeResult: success, version: HTTP/1.1, content: EmptyByteBufBE)
GET /session/7f7bb4fa294abe044625bc2b90b854db/alert/text HTTP/1.1
User-Agent: selenium/4.8.1 (java windows)
Cache-Control: no-cache
Content-Type: application/json; charset=utf-8
host: localhost:13395
accept: */*

Response DefaultHttpResponse(decodeResult: success, version: HTTP/1.1)
HTTP/1.1 404 Not Found
Content-Length: 809
Content-Type: application/json; charset=utf-8
cache-control: no-cache

18:52:34.108 [AsyncHttpClient-1-16] DEBUG org.asynchttpclient.netty.channel.ChannelManager - Adding key: http://localhost:13395 for channel [id: 0x832797a9, L:/127.0.0.1:59047 - R:localhost/127.0.0.1:13395]
18:52:34.112 [Forwarding getCurrentUrl on session 7f7bb4fa294abe044625bc2b90b854db to remote] DEBUG org.asynchttpclient.netty.request.NettyRequestSender - Using pooled Channel '[id: 0x832797a9, L:/127.0.0.1:59047 - R:localhost/127.0.0.1:13395]' for 'GET' to 'http://localhost:13395/session/7f7bb4fa294abe044625bc2b90b854db/url'
18:52:34.112 [Forwarding getCurrentUrl on session 7f7bb4fa294abe044625bc2b90b854db to remote] DEBUG org.asynchttpclient.netty.request.NettyRequestSender - Using open Channel [id: 0x832797a9, L:/127.0.0.1:59047 - R:localhost/127.0.0.1:13395] for GET '/session/7f7bb4fa294abe044625bc2b90b854db/url'
18:52:34.139 [AsyncHttpClient-1-16] DEBUG org.asynchttpclient.netty.handler.HttpHandler - 

Request DefaultFullHttpRequest(decodeResult: success, version: HTTP/1.1, content: EmptyByteBufBE)
GET /session/7f7bb4fa294abe044625bc2b90b854db/url HTTP/1.1
User-Agent: selenium/4.8.1 (java windows)
Cache-Control: no-cache
Content-Type: application/json; charset=utf-8
host: localhost:13395
accept: */*

Response DefaultHttpResponse(decodeResult: success, version: HTTP/1.1)
HTTP/1.1 200 OK
Content-Length: 54
Content-Type: application/json; charset=utf-8
cache-control: no-cache

18:52:34.140 [AsyncHttpClient-1-16] DEBUG org.asynchttpclient.netty.channel.ChannelManager - Adding key: http://localhost:13395 for channel [id: 0x832797a9, L:/127.0.0.1:59047 - R:localhost/127.0.0.1:13395]
18:52:34.142 [Forwarding screenshot on session 7f7bb4fa294abe044625bc2b90b854db to remote] DEBUG org.asynchttpclient.netty.request.NettyRequestSender - Using pooled Channel '[id: 0x832797a9, L:/127.0.0.1:59047 - R:localhost/127.0.0.1:13395]' for 'GET' to 'http://localhost:13395/session/7f7bb4fa294abe044625bc2b90b854db/screenshot'
18:52:34.142 [Forwarding screenshot on session 7f7bb4fa294abe044625bc2b90b854db to remote] DEBUG org.asynchttpclient.netty.request.NettyRequestSender - Using open Channel [id: 0x832797a9, L:/127.0.0.1:59047 - R:localhost/127.0.0.1:13395] for GET '/session/7f7bb4fa294abe044625bc2b90b854db/screenshot'
18:52:34.434 [AsyncHttpClient-1-16] DEBUG org.asynchttpclient.netty.handler.HttpHandler - 

Request DefaultFullHttpRequest(decodeResult: success, version: HTTP/1.1, content: EmptyByteBufBE)
GET /session/7f7bb4fa294abe044625bc2b90b854db/screenshot HTTP/1.1
User-Agent: selenium/4.8.1 (java windows)
Cache-Control: no-cache
Content-Type: application/json; charset=utf-8
host: localhost:13395
accept: */*

Response DefaultHttpResponse(decodeResult: success, version: HTTP/1.1)
HTTP/1.1 200 OK
Content-Length: 53368
Content-Type: application/json; charset=utf-8
cache-control: no-cache

18:52:34.436 [AsyncHttpClient-1-16] DEBUG org.asynchttpclient.netty.channel.ChannelManager - Adding key: http://localhost:13395 for channel [id: 0x832797a9, L:/127.0.0.1:59047 - R:localhost/127.0.0.1:13395]
18:52:34.442 [main] DEBUG net.serenitybdd.core.photography.Darkroom - Send negative for processing for target\site\serenity\ecf5952d3a55332bcc1bacf7b9548b31fb91b6b783e62860f1585822980ba7aa.png
18:52:34.443 [Darkroom Processing Line] DEBUG net.serenitybdd.core.photography.DarkroomProcessingLine - Processing screenshot image in /var/screenshots/screenshot-13113650485569682092
18:52:34.443 [Darkroom Processing Line] DEBUG net.serenitybdd.core.photography.DarkroomProcessingLine - Saving screenshot to target\site\serenity\ecf5952d3a55332bcc1bacf7b9548b31fb91b6b783e62860f1585822980ba7aa.png
18:52:34.444 [Forwarding getPageSource on session 7f7bb4fa294abe044625bc2b90b854db to remote] DEBUG org.asynchttpclient.netty.request.NettyRequestSender - Using pooled Channel '[id: 0x832797a9, L:/127.0.0.1:59047 - R:localhost/127.0.0.1:13395]' for 'POST' to 'http://localhost:13395/session/7f7bb4fa294abe044625bc2b90b854db/execute/sync'
18:52:34.444 [Forwarding getPageSource on session 7f7bb4fa294abe044625bc2b90b854db to remote] DEBUG org.asynchttpclient.netty.request.NettyRequestSender - Using open Channel [id: 0x832797a9, L:/127.0.0.1:59047 - R:localhost/127.0.0.1:13395] for POST '/session/7f7bb4fa294abe044625bc2b90b854db/execute/sync'
18:52:34.463 [AsyncHttpClient-1-16] DEBUG org.asynchttpclient.netty.handler.HttpHandler - 

Request DefaultHttpRequest(decodeResult: success, version: HTTP/1.1)
POST /session/7f7bb4fa294abe044625bc2b90b854db/execute/sync HTTP/1.1
User-Agent: selenium/4.8.1 (java windows)
Content-Length: 176
Content-Type: application/json; charset=utf-8
host: localhost:13395
accept: */*

Response DefaultHttpResponse(decodeResult: success, version: HTTP/1.1)
HTTP/1.1 200 OK
Content-Length: 22414
Content-Type: application/json; charset=utf-8
cache-control: no-cache

18:52:34.463 [AsyncHttpClient-1-16] DEBUG org.asynchttpclient.netty.channel.ChannelManager - Adding key: http://localhost:13395 for channel [id: 0x832797a9, L:/127.0.0.1:59047 - R:localhost/127.0.0.1:13395]
18:52:34.469 [Forwarding getCurrentUrl on session 7f7bb4fa294abe044625bc2b90b854db to remote] DEBUG org.asynchttpclient.netty.request.NettyRequestSender - Using pooled Channel '[id: 0x832797a9, L:/127.0.0.1:59047 - R:localhost/127.0.0.1:13395]' for 'GET' to 'http://localhost:13395/session/7f7bb4fa294abe044625bc2b90b854db/url'
18:52:34.469 [Forwarding getCurrentUrl on session 7f7bb4fa294abe044625bc2b90b854db to remote] DEBUG org.asynchttpclient.netty.request.NettyRequestSender - Using open Channel [id: 0x832797a9, L:/127.0.0.1:59047 - R:localhost/127.0.0.1:13395] for GET '/session/7f7bb4fa294abe044625bc2b90b854db/url'
18:52:34.475 [AsyncHttpClient-1-16] DEBUG org.asynchttpclient.netty.handler.HttpHandler - 

Request DefaultFullHttpRequest(decodeResult: success, version: HTTP/1.1, content: EmptyByteBufBE)
GET /session/7f7bb4fa294abe044625bc2b90b854db/url HTTP/1.1
User-Agent: selenium/4.8.1 (java windows)
Cache-Control: no-cache
Content-Type: application/json; charset=utf-8
host: localhost:13395
accept: */*

Response DefaultHttpResponse(decodeResult: success, version: HTTP/1.1)
HTTP/1.1 200 OK
Content-Length: 54
Content-Type: application/json; charset=utf-8
cache-control: no-cache

18:52:34.475 [AsyncHttpClient-1-16] DEBUG org.asynchttpclient.netty.channel.ChannelManager - Adding key: http://localhost:13395 for channel [id: 0x832797a9, L:/127.0.0.1:59047 - R:localhost/127.0.0.1:13395]
18:52:34.482 [main] DEBUG net.thucydides.core.steps.StepInterceptor - STARTING STEP: RegisterSteps.enterPassword - inputPassword
18:52:34.487 [Forwarding findElement on session 7f7bb4fa294abe044625bc2b90b854db to remote] DEBUG org.asynchttpclient.netty.request.NettyRequestSender - Using pooled Channel '[id: 0x832797a9, L:/127.0.0.1:59047 - R:localhost/127.0.0.1:13395]' for 'POST' to 'http://localhost:13395/session/7f7bb4fa294abe044625bc2b90b854db/element'
18:52:34.487 [Forwarding findElement on session 7f7bb4fa294abe044625bc2b90b854db to remote] DEBUG org.asynchttpclient.netty.request.NettyRequestSender - Using open Channel [id: 0x832797a9, L:/127.0.0.1:59047 - R:localhost/127.0.0.1:13395] for POST '/session/7f7bb4fa294abe044625bc2b90b854db/element'
18:52:34.542 [AsyncHttpClient-1-16] DEBUG org.asynchttpclient.netty.handler.HttpHandler - 

Request DefaultHttpRequest(decodeResult: success, version: HTTP/1.1)
POST /session/7f7bb4fa294abe044625bc2b90b854db/element HTTP/1.1
User-Agent: selenium/4.8.1 (java windows)
Content-Length: 71
Content-Type: application/json; charset=utf-8
host: localhost:13395
accept: */*

Response DefaultHttpResponse(decodeResult: success, version: HTTP/1.1)
HTTP/1.1 200 OK
Content-Length: 88
Content-Type: application/json; charset=utf-8
cache-control: no-cache

18:52:34.542 [AsyncHttpClient-1-16] DEBUG org.asynchttpclient.netty.channel.ChannelManager - Adding key: http://localhost:13395 for channel [id: 0x832797a9, L:/127.0.0.1:59047 - R:localhost/127.0.0.1:13395]
18:52:34.543 [Forwarding clearElement on session 7f7bb4fa294abe044625bc2b90b854db to remote] DEBUG org.asynchttpclient.netty.request.NettyRequestSender - Using pooled Channel '[id: 0x832797a9, L:/127.0.0.1:59047 - R:localhost/127.0.0.1:13395]' for 'POST' to 'http://localhost:13395/session/7f7bb4fa294abe044625bc2b90b854db/element/d64e43bf-0e65-4301-85bf-8f8da7cec64e/clear'
18:52:34.544 [Forwarding clearElement on session 7f7bb4fa294abe044625bc2b90b854db to remote] DEBUG org.asynchttpclient.netty.request.NettyRequestSender - Using open Channel [id: 0x832797a9, L:/127.0.0.1:59047 - R:localhost/127.0.0.1:13395] for POST '/session/7f7bb4fa294abe044625bc2b90b854db/element/d64e43bf-0e65-4301-85bf-8f8da7cec64e/clear'
18:52:34.621 [AsyncHttpClient-1-16] DEBUG org.asynchttpclient.netty.handler.HttpHandler - 

Request DefaultHttpRequest(decodeResult: success, version: HTTP/1.1)
POST /session/7f7bb4fa294abe044625bc2b90b854db/element/d64e43bf-0e65-4301-85bf-8f8da7cec64e/clear HTTP/1.1
User-Agent: selenium/4.8.1 (java windows)
Content-Length: 50
Content-Type: application/json; charset=utf-8
host: localhost:13395
accept: */*

Response DefaultHttpResponse(decodeResult: success, version: HTTP/1.1)
HTTP/1.1 200 OK
Content-Length: 14
Content-Type: application/json; charset=utf-8
cache-control: no-cache

18:52:34.621 [AsyncHttpClient-1-16] DEBUG org.asynchttpclient.netty.channel.ChannelManager - Adding key: http://localhost:13395 for channel [id: 0x832797a9, L:/127.0.0.1:59047 - R:localhost/127.0.0.1:13395]
18:52:34.625 [Forwarding sendKeysToElement on session 7f7bb4fa294abe044625bc2b90b854db to remote] DEBUG org.asynchttpclient.netty.request.NettyRequestSender - Using pooled Channel '[id: 0x832797a9, L:/127.0.0.1:59047 - R:localhost/127.0.0.1:13395]' for 'POST' to 'http://localhost:13395/session/7f7bb4fa294abe044625bc2b90b854db/element/d64e43bf-0e65-4301-85bf-8f8da7cec64e/value'
18:52:34.625 [Forwarding sendKeysToElement on session 7f7bb4fa294abe044625bc2b90b854db to remote] DEBUG org.asynchttpclient.netty.request.NettyRequestSender - Using open Channel [id: 0x832797a9, L:/127.0.0.1:59047 - R:localhost/127.0.0.1:13395] for POST '/session/7f7bb4fa294abe044625bc2b90b854db/element/d64e43bf-0e65-4301-85bf-8f8da7cec64e/value'
18:52:34.743 [AsyncHttpClient-1-16] DEBUG org.asynchttpclient.netty.handler.HttpHandler - 

Request DefaultHttpRequest(decodeResult: success, version: HTTP/1.1)
POST /session/7f7bb4fa294abe044625bc2b90b854db/element/d64e43bf-0e65-4301-85bf-8f8da7cec64e/value HTTP/1.1
User-Agent: selenium/4.8.1 (java windows)
Content-Length: 161
Content-Type: application/json; charset=utf-8
host: localhost:13395
accept: */*

Response DefaultHttpResponse(decodeResult: success, version: HTTP/1.1)
HTTP/1.1 200 OK
Content-Length: 14
Content-Type: application/json; charset=utf-8
cache-control: no-cache

18:52:34.743 [AsyncHttpClient-1-16] DEBUG org.asynchttpclient.netty.channel.ChannelManager - Adding key: http://localhost:13395 for channel [id: 0x832797a9, L:/127.0.0.1:59047 - R:localhost/127.0.0.1:13395]
18:52:34.757 [Forwarding getAlertText on session 7f7bb4fa294abe044625bc2b90b854db to remote] DEBUG org.asynchttpclient.netty.request.NettyRequestSender - Using pooled Channel '[id: 0x832797a9, L:/127.0.0.1:59047 - R:localhost/127.0.0.1:13395]' for 'GET' to 'http://localhost:13395/session/7f7bb4fa294abe044625bc2b90b854db/alert/text'
18:52:34.757 [Forwarding getAlertText on session 7f7bb4fa294abe044625bc2b90b854db to remote] DEBUG org.asynchttpclient.netty.request.NettyRequestSender - Using open Channel [id: 0x832797a9, L:/127.0.0.1:59047 - R:localhost/127.0.0.1:13395] for GET '/session/7f7bb4fa294abe044625bc2b90b854db/alert/text'
18:52:34.759 [AsyncHttpClient-1-16] DEBUG org.asynchttpclient.netty.handler.HttpHandler - 

Request DefaultFullHttpRequest(decodeResult: success, version: HTTP/1.1, content: EmptyByteBufBE)
GET /session/7f7bb4fa294abe044625bc2b90b854db/alert/text HTTP/1.1
User-Agent: selenium/4.8.1 (java windows)
Cache-Control: no-cache
Content-Type: application/json; charset=utf-8
host: localhost:13395
accept: */*

Response DefaultHttpResponse(decodeResult: success, version: HTTP/1.1)
HTTP/1.1 404 Not Found
Content-Length: 809
Content-Type: application/json; charset=utf-8
cache-control: no-cache

18:52:34.759 [AsyncHttpClient-1-16] DEBUG org.asynchttpclient.netty.channel.ChannelManager - Adding key: http://localhost:13395 for channel [id: 0x832797a9, L:/127.0.0.1:59047 - R:localhost/127.0.0.1:13395]
18:52:34.760 [Forwarding getCurrentUrl on session 7f7bb4fa294abe044625bc2b90b854db to remote] DEBUG org.asynchttpclient.netty.request.NettyRequestSender - Using pooled Channel '[id: 0x832797a9, L:/127.0.0.1:59047 - R:localhost/127.0.0.1:13395]' for 'GET' to 'http://localhost:13395/session/7f7bb4fa294abe044625bc2b90b854db/url'
18:52:34.760 [Forwarding getCurrentUrl on session 7f7bb4fa294abe044625bc2b90b854db to remote] DEBUG org.asynchttpclient.netty.request.NettyRequestSender - Using open Channel [id: 0x832797a9, L:/127.0.0.1:59047 - R:localhost/127.0.0.1:13395] for GET '/session/7f7bb4fa294abe044625bc2b90b854db/url'
18:52:34.771 [AsyncHttpClient-1-16] DEBUG org.asynchttpclient.netty.handler.HttpHandler - 

Request DefaultFullHttpRequest(decodeResult: success, version: HTTP/1.1, content: EmptyByteBufBE)
GET /session/7f7bb4fa294abe044625bc2b90b854db/url HTTP/1.1
User-Agent: selenium/4.8.1 (java windows)
Cache-Control: no-cache
Content-Type: application/json; charset=utf-8
host: localhost:13395
accept: */*

Response DefaultHttpResponse(decodeResult: success, version: HTTP/1.1)
HTTP/1.1 200 OK
Content-Length: 54
Content-Type: application/json; charset=utf-8
cache-control: no-cache

18:52:34.771 [AsyncHttpClient-1-16] DEBUG org.asynchttpclient.netty.channel.ChannelManager - Adding key: http://localhost:13395 for channel [id: 0x832797a9, L:/127.0.0.1:59047 - R:localhost/127.0.0.1:13395]
18:52:34.772 [Forwarding screenshot on session 7f7bb4fa294abe044625bc2b90b854db to remote] DEBUG org.asynchttpclient.netty.request.NettyRequestSender - Using pooled Channel '[id: 0x832797a9, L:/127.0.0.1:59047 - R:localhost/127.0.0.1:13395]' for 'GET' to 'http://localhost:13395/session/7f7bb4fa294abe044625bc2b90b854db/screenshot'
18:52:34.772 [Forwarding screenshot on session 7f7bb4fa294abe044625bc2b90b854db to remote] DEBUG org.asynchttpclient.netty.request.NettyRequestSender - Using open Channel [id: 0x832797a9, L:/127.0.0.1:59047 - R:localhost/127.0.0.1:13395] for GET '/session/7f7bb4fa294abe044625bc2b90b854db/screenshot'
18:52:34.865 [AsyncHttpClient-1-1] DEBUG org.asynchttpclient.netty.channel.DefaultChannelPool - Entry count for : http://localhost:59048 : 1
18:52:35.020 [AsyncHttpClient-1-16] DEBUG org.asynchttpclient.netty.handler.HttpHandler - 

Request DefaultFullHttpRequest(decodeResult: success, version: HTTP/1.1, content: EmptyByteBufBE)
GET /session/7f7bb4fa294abe044625bc2b90b854db/screenshot HTTP/1.1
User-Agent: selenium/4.8.1 (java windows)
Cache-Control: no-cache
Content-Type: application/json; charset=utf-8
host: localhost:13395
accept: */*

Response DefaultHttpResponse(decodeResult: success, version: HTTP/1.1)
HTTP/1.1 200 OK
Content-Length: 56208
Content-Type: application/json; charset=utf-8
cache-control: no-cache

18:52:35.021 [AsyncHttpClient-1-16] DEBUG org.asynchttpclient.netty.channel.ChannelManager - Adding key: http://localhost:13395 for channel [id: 0x832797a9, L:/127.0.0.1:59047 - R:localhost/127.0.0.1:13395]
18:52:35.024 [main] DEBUG net.serenitybdd.core.photography.Darkroom - Send negative for processing for target\site\serenity\2cb56946ea1c3a9fe473393025f49b0e937377388895544f85729bb9f5a5a1a1.png
18:52:35.025 [main] DEBUG net.thucydides.core.steps.StepInterceptor - STEP DONE: inputPassword
18:52:35.025 [Darkroom Processing Line] DEBUG net.serenitybdd.core.photography.DarkroomProcessingLine - Processing screenshot image in /var/screenshots/screenshot-14333357405900285054
18:52:35.025 [Darkroom Processing Line] DEBUG net.serenitybdd.core.photography.DarkroomProcessingLine - Saving screenshot to target\site\serenity\2cb56946ea1c3a9fe473393025f49b0e937377388895544f85729bb9f5a5a1a1.png
  &amp#27;[32mAnd &amp#27;[0m&amp#27;[32mI entered a password &amp#27;[0m&amp#27;[32m&amp#27;[1m"testaja1"&amp#27;[0m                               &amp#27;[90m# starter.stepdefinitions.RegisterSteps.enterPassword(java.lang.String)&amp#27;[0m
18:52:35.037 [Forwarding getPageSource on session 7f7bb4fa294abe044625bc2b90b854db to remote] DEBUG org.asynchttpclient.netty.request.NettyRequestSender - Using pooled Channel '[id: 0x832797a9, L:/127.0.0.1:59047 - R:localhost/127.0.0.1:13395]' for 'POST' to 'http://localhost:13395/session/7f7bb4fa294abe044625bc2b90b854db/execute/sync'
18:52:35.037 [Forwarding getPageSource on session 7f7bb4fa294abe044625bc2b90b854db to remote] DEBUG org.asynchttpclient.netty.request.NettyRequestSender - Using open Channel [id: 0x832797a9, L:/127.0.0.1:59047 - R:localhost/127.0.0.1:13395] for POST '/session/7f7bb4fa294abe044625bc2b90b854db/execute/sync'
18:52:35.044 [AsyncHttpClient-1-16] DEBUG org.asynchttpclient.netty.handler.HttpHandler - 

Request DefaultHttpRequest(decodeResult: success, version: HTTP/1.1)
POST /session/7f7bb4fa294abe044625bc2b90b854db/execute/sync HTTP/1.1
User-Agent: selenium/4.8.1 (java windows)
Content-Length: 176
Content-Type: application/json; charset=utf-8
host: localhost:13395
accept: */*

Response DefaultHttpResponse(decodeResult: success, version: HTTP/1.1)
HTTP/1.1 200 OK
Content-Length: 22473
Content-Type: application/json; charset=utf-8
cache-control: no-cache

18:52:35.044 [AsyncHttpClient-1-16] DEBUG org.asynchttpclient.netty.channel.ChannelManager - Adding key: http://localhost:13395 for channel [id: 0x832797a9, L:/127.0.0.1:59047 - R:localhost/127.0.0.1:13395]
18:52:35.053 [Forwarding getCurrentUrl on session 7f7bb4fa294abe044625bc2b90b854db to remote] DEBUG org.asynchttpclient.netty.request.NettyRequestSender - Using pooled Channel '[id: 0x832797a9, L:/127.0.0.1:59047 - R:localhost/127.0.0.1:13395]' for 'GET' to 'http://localhost:13395/session/7f7bb4fa294abe044625bc2b90b854db/url'
18:52:35.053 [Forwarding getCurrentUrl on session 7f7bb4fa294abe044625bc2b90b854db to remote] DEBUG org.asynchttpclient.netty.request.NettyRequestSender - Using open Channel [id: 0x832797a9, L:/127.0.0.1:59047 - R:localhost/127.0.0.1:13395] for GET '/session/7f7bb4fa294abe044625bc2b90b854db/url'
18:52:35.057 [AsyncHttpClient-1-16] DEBUG org.asynchttpclient.netty.handler.HttpHandler - 

Request DefaultFullHttpRequest(decodeResult: success, version: HTTP/1.1, content: EmptyByteBufBE)
GET /session/7f7bb4fa294abe044625bc2b90b854db/url HTTP/1.1
User-Agent: selenium/4.8.1 (java windows)
Cache-Control: no-cache
Content-Type: application/json; charset=utf-8
host: localhost:13395
accept: */*

Response DefaultHttpResponse(decodeResult: success, version: HTTP/1.1)
HTTP/1.1 200 OK
Content-Length: 54
Content-Type: application/json; charset=utf-8
cache-control: no-cache

18:52:35.057 [AsyncHttpClient-1-16] DEBUG org.asynchttpclient.netty.channel.ChannelManager - Adding key: http://localhost:13395 for channel [id: 0x832797a9, L:/127.0.0.1:59047 - R:localhost/127.0.0.1:13395]
18:52:35.072 [Forwarding getPageSource on session 7f7bb4fa294abe044625bc2b90b854db to remote] DEBUG org.asynchttpclient.netty.request.NettyRequestSender - Using pooled Channel '[id: 0x832797a9, L:/127.0.0.1:59047 - R:localhost/127.0.0.1:13395]' for 'POST' to 'http://localhost:13395/session/7f7bb4fa294abe044625bc2b90b854db/execute/sync'
18:52:35.072 [Forwarding getPageSource on session 7f7bb4fa294abe044625bc2b90b854db to remote] DEBUG org.asynchttpclient.netty.request.NettyRequestSender - Using open Channel [id: 0x832797a9, L:/127.0.0.1:59047 - R:localhost/127.0.0.1:13395] for POST '/session/7f7bb4fa294abe044625bc2b90b854db/execute/sync'
18:52:35.086 [AsyncHttpClient-1-16] DEBUG org.asynchttpclient.netty.handler.HttpHandler - 

Request DefaultHttpRequest(decodeResult: success, version: HTTP/1.1)
POST /session/7f7bb4fa294abe044625bc2b90b854db/execute/sync HTTP/1.1
User-Agent: selenium/4.8.1 (java windows)
Content-Length: 176
Content-Type: application/json; charset=utf-8
host: localhost:13395
accept: */*

Response DefaultHttpResponse(decodeResult: success, version: HTTP/1.1)
HTTP/1.1 200 OK
Content-Length: 22473
Content-Type: application/json; charset=utf-8
cache-control: no-cache

18:52:35.086 [AsyncHttpClient-1-16] DEBUG org.asynchttpclient.netty.channel.ChannelManager - Adding key: http://localhost:13395 for channel [id: 0x832797a9, L:/127.0.0.1:59047 - R:localhost/127.0.0.1:13395]
18:52:35.107 [Forwarding getCurrentUrl on session 7f7bb4fa294abe044625bc2b90b854db to remote] DEBUG org.asynchttpclient.netty.request.NettyRequestSender - Using pooled Channel '[id: 0x832797a9, L:/127.0.0.1:59047 - R:localhost/127.0.0.1:13395]' for 'GET' to 'http://localhost:13395/session/7f7bb4fa294abe044625bc2b90b854db/url'
18:52:35.107 [Forwarding getCurrentUrl on session 7f7bb4fa294abe044625bc2b90b854db to remote] DEBUG org.asynchttpclient.netty.request.NettyRequestSender - Using open Channel [id: 0x832797a9, L:/127.0.0.1:59047 - R:localhost/127.0.0.1:13395] for GET '/session/7f7bb4fa294abe044625bc2b90b854db/url'
18:52:35.117 [AsyncHttpClient-1-16] DEBUG org.asynchttpclient.netty.handler.HttpHandler - 

Request DefaultFullHttpRequest(decodeResult: success, version: HTTP/1.1, content: EmptyByteBufBE)
GET /session/7f7bb4fa294abe044625bc2b90b854db/url HTTP/1.1
User-Agent: selenium/4.8.1 (java windows)
Cache-Control: no-cache
Content-Type: application/json; charset=utf-8
host: localhost:13395
accept: */*

Response DefaultHttpResponse(decodeResult: success, version: HTTP/1.1)
HTTP/1.1 200 OK
Content-Length: 54
Content-Type: application/json; charset=utf-8
cache-control: no-cache

18:52:35.117 [AsyncHttpClient-1-16] DEBUG org.asynchttpclient.netty.channel.ChannelManager - Adding key: http://localhost:13395 for channel [id: 0x832797a9, L:/127.0.0.1:59047 - R:localhost/127.0.0.1:13395]
18:52:35.120 [main] DEBUG net.thucydides.core.steps.StepInterceptor - STARTING STEP: RegisterSteps.clickRegisterButton - ClickRegisterButton
18:52:35.123 [Forwarding findElement on session 7f7bb4fa294abe044625bc2b90b854db to remote] DEBUG org.asynchttpclient.netty.request.NettyRequestSender - Using pooled Channel '[id: 0x832797a9, L:/127.0.0.1:59047 - R:localhost/127.0.0.1:13395]' for 'POST' to 'http://localhost:13395/session/7f7bb4fa294abe044625bc2b90b854db/element'
18:52:35.123 [Forwarding findElement on session 7f7bb4fa294abe044625bc2b90b854db to remote] DEBUG org.asynchttpclient.netty.request.NettyRequestSender - Using open Channel [id: 0x832797a9, L:/127.0.0.1:59047 - R:localhost/127.0.0.1:13395] for POST '/session/7f7bb4fa294abe044625bc2b90b854db/element'
18:52:35.137 [AsyncHttpClient-1-16] DEBUG org.asynchttpclient.netty.handler.HttpHandler - 

Request DefaultHttpRequest(decodeResult: success, version: HTTP/1.1)
POST /session/7f7bb4fa294abe044625bc2b90b854db/element HTTP/1.1
User-Agent: selenium/4.8.1 (java windows)
Content-Length: 142
Content-Type: application/json; charset=utf-8
host: localhost:13395
accept: */*

Response DefaultHttpResponse(decodeResult: success, version: HTTP/1.1)
HTTP/1.1 200 OK
Content-Length: 88
Content-Type: application/json; charset=utf-8
cache-control: no-cache

18:52:35.137 [AsyncHttpClient-1-16] DEBUG org.asynchttpclient.netty.channel.ChannelManager - Adding key: http://localhost:13395 for channel [id: 0x832797a9, L:/127.0.0.1:59047 - R:localhost/127.0.0.1:13395]
18:52:35.139 [Forwarding getElementTagName on session 7f7bb4fa294abe044625bc2b90b854db to remote] DEBUG org.asynchttpclient.netty.request.NettyRequestSender - Using pooled Channel '[id: 0x832797a9, L:/127.0.0.1:59047 - R:localhost/127.0.0.1:13395]' for 'GET' to 'http://localhost:13395/session/7f7bb4fa294abe044625bc2b90b854db/element/232078f6-399d-44a3-b3e8-5cda2b6c0817/name'
18:52:35.139 [Forwarding getElementTagName on session 7f7bb4fa294abe044625bc2b90b854db to remote] DEBUG org.asynchttpclient.netty.request.NettyRequestSender - Using open Channel [id: 0x832797a9, L:/127.0.0.1:59047 - R:localhost/127.0.0.1:13395] for GET '/session/7f7bb4fa294abe044625bc2b90b854db/element/232078f6-399d-44a3-b3e8-5cda2b6c0817/name'
18:52:35.162 [AsyncHttpClient-1-16] DEBUG org.asynchttpclient.netty.handler.HttpHandler - 

Request DefaultFullHttpRequest(decodeResult: success, version: HTTP/1.1, content: EmptyByteBufBE)
GET /session/7f7bb4fa294abe044625bc2b90b854db/element/232078f6-399d-44a3-b3e8-5cda2b6c0817/name HTTP/1.1
User-Agent: selenium/4.8.1 (java windows)
Cache-Control: no-cache
Content-Type: application/json; charset=utf-8
host: localhost:13395
accept: */*

Response DefaultHttpResponse(decodeResult: success, version: HTTP/1.1)
HTTP/1.1 200 OK
Content-Length: 18
Content-Type: application/json; charset=utf-8
cache-control: no-cache

18:52:35.165 [AsyncHttpClient-1-16] DEBUG org.asynchttpclient.netty.channel.ChannelManager - Adding key: http://localhost:13395 for channel [id: 0x832797a9, L:/127.0.0.1:59047 - R:localhost/127.0.0.1:13395]
18:52:35.169 [Forwarding getElementTagName on session 7f7bb4fa294abe044625bc2b90b854db to remote] DEBUG org.asynchttpclient.netty.request.NettyRequestSender - Using pooled Channel '[id: 0x832797a9, L:/127.0.0.1:59047 - R:localhost/127.0.0.1:13395]' for 'GET' to 'http://localhost:13395/session/7f7bb4fa294abe044625bc2b90b854db/element/232078f6-399d-44a3-b3e8-5cda2b6c0817/name'
18:52:35.170 [Forwarding getElementTagName on session 7f7bb4fa294abe044625bc2b90b854db to remote] DEBUG org.asynchttpclient.netty.request.NettyRequestSender - Using open Channel [id: 0x832797a9, L:/127.0.0.1:59047 - R:localhost/127.0.0.1:13395] for GET '/session/7f7bb4fa294abe044625bc2b90b854db/element/232078f6-399d-44a3-b3e8-5cda2b6c0817/name'
18:52:35.178 [AsyncHttpClient-1-16] DEBUG org.asynchttpclient.netty.handler.HttpHandler - 

Request DefaultFullHttpRequest(decodeResult: success, version: HTTP/1.1, content: EmptyByteBufBE)
GET /session/7f7bb4fa294abe044625bc2b90b854db/element/232078f6-399d-44a3-b3e8-5cda2b6c0817/name HTTP/1.1
User-Agent: selenium/4.8.1 (java windows)
Cache-Control: no-cache
Content-Type: application/json; charset=utf-8
host: localhost:13395
accept: */*

Response DefaultHttpResponse(decodeResult: success, version: HTTP/1.1)
HTTP/1.1 200 OK
Content-Length: 18
Content-Type: application/json; charset=utf-8
cache-control: no-cache

18:52:35.178 [AsyncHttpClient-1-16] DEBUG org.asynchttpclient.netty.channel.ChannelManager - Adding key: http://localhost:13395 for channel [id: 0x832797a9, L:/127.0.0.1:59047 - R:localhost/127.0.0.1:13395]
18:52:35.187 [Forwarding isElementEnabled on session 7f7bb4fa294abe044625bc2b90b854db to remote] DEBUG org.asynchttpclient.netty.request.NettyRequestSender - Using pooled Channel '[id: 0x832797a9, L:/127.0.0.1:59047 - R:localhost/127.0.0.1:13395]' for 'GET' to 'http://localhost:13395/session/7f7bb4fa294abe044625bc2b90b854db/element/232078f6-399d-44a3-b3e8-5cda2b6c0817/enabled'
18:52:35.187 [Forwarding isElementEnabled on session 7f7bb4fa294abe044625bc2b90b854db to remote] DEBUG org.asynchttpclient.netty.request.NettyRequestSender - Using open Channel [id: 0x832797a9, L:/127.0.0.1:59047 - R:localhost/127.0.0.1:13395] for GET '/session/7f7bb4fa294abe044625bc2b90b854db/element/232078f6-399d-44a3-b3e8-5cda2b6c0817/enabled'
18:52:35.210 [AsyncHttpClient-1-16] DEBUG org.asynchttpclient.netty.handler.HttpHandler - 

Request DefaultFullHttpRequest(decodeResult: success, version: HTTP/1.1, content: EmptyByteBufBE)
GET /session/7f7bb4fa294abe044625bc2b90b854db/element/232078f6-399d-44a3-b3e8-5cda2b6c0817/enabled HTTP/1.1
User-Agent: selenium/4.8.1 (java windows)
Cache-Control: no-cache
Content-Type: application/json; charset=utf-8
host: localhost:13395
accept: */*

Response DefaultHttpResponse(decodeResult: success, version: HTTP/1.1)
HTTP/1.1 200 OK
Content-Length: 14
Content-Type: application/json; charset=utf-8
cache-control: no-cache

18:52:35.210 [AsyncHttpClient-1-16] DEBUG org.asynchttpclient.netty.channel.ChannelManager - Adding key: http://localhost:13395 for channel [id: 0x832797a9, L:/127.0.0.1:59047 - R:localhost/127.0.0.1:13395]
18:52:35.211 [Forwarding isElementEnabled on session 7f7bb4fa294abe044625bc2b90b854db to remote] DEBUG org.asynchttpclient.netty.request.NettyRequestSender - Using pooled Channel '[id: 0x832797a9, L:/127.0.0.1:59047 - R:localhost/127.0.0.1:13395]' for 'GET' to 'http://localhost:13395/session/7f7bb4fa294abe044625bc2b90b854db/element/232078f6-399d-44a3-b3e8-5cda2b6c0817/enabled'
18:52:35.211 [Forwarding isElementEnabled on session 7f7bb4fa294abe044625bc2b90b854db to remote] DEBUG org.asynchttpclient.netty.request.NettyRequestSender - Using open Channel [id: 0x832797a9, L:/127.0.0.1:59047 - R:localhost/127.0.0.1:13395] for GET '/session/7f7bb4fa294abe044625bc2b90b854db/element/232078f6-399d-44a3-b3e8-5cda2b6c0817/enabled'
18:52:35.232 [AsyncHttpClient-1-16] DEBUG org.asynchttpclient.netty.handler.HttpHandler - 

Request DefaultFullHttpRequest(decodeResult: success, version: HTTP/1.1, content: EmptyByteBufBE)
GET /session/7f7bb4fa294abe044625bc2b90b854db/element/232078f6-399d-44a3-b3e8-5cda2b6c0817/enabled HTTP/1.1
User-Agent: selenium/4.8.1 (java windows)
Cache-Control: no-cache
Content-Type: application/json; charset=utf-8
host: localhost:13395
accept: */*

Response DefaultHttpResponse(decodeResult: success, version: HTTP/1.1)
HTTP/1.1 200 OK
Content-Length: 14
Content-Type: application/json; charset=utf-8
cache-control: no-cache

18:52:35.233 [AsyncHttpClient-1-16] DEBUG org.asynchttpclient.netty.channel.ChannelManager - Adding key: http://localhost:13395 for channel [id: 0x832797a9, L:/127.0.0.1:59047 - R:localhost/127.0.0.1:13395]
18:52:35.237 [Forwarding findElement on session 7f7bb4fa294abe044625bc2b90b854db to remote] DEBUG org.asynchttpclient.netty.request.NettyRequestSender - Using pooled Channel '[id: 0x832797a9, L:/127.0.0.1:59047 - R:localhost/127.0.0.1:13395]' for 'POST' to 'http://localhost:13395/session/7f7bb4fa294abe044625bc2b90b854db/element'
18:52:35.238 [Forwarding findElement on session 7f7bb4fa294abe044625bc2b90b854db to remote] DEBUG org.asynchttpclient.netty.request.NettyRequestSender - Using open Channel [id: 0x832797a9, L:/127.0.0.1:59047 - R:localhost/127.0.0.1:13395] for POST '/session/7f7bb4fa294abe044625bc2b90b854db/element'
18:52:35.252 [AsyncHttpClient-1-16] DEBUG org.asynchttpclient.netty.handler.HttpHandler - 

Request DefaultHttpRequest(decodeResult: success, version: HTTP/1.1)
POST /session/7f7bb4fa294abe044625bc2b90b854db/element HTTP/1.1
User-Agent: selenium/4.8.1 (java windows)
Content-Length: 142
Content-Type: application/json; charset=utf-8
host: localhost:13395
accept: */*

Response DefaultHttpResponse(decodeResult: success, version: HTTP/1.1)
HTTP/1.1 200 OK
Content-Length: 88
Content-Type: application/json; charset=utf-8
cache-control: no-cache

18:52:35.252 [AsyncHttpClient-1-16] DEBUG org.asynchttpclient.netty.channel.ChannelManager - Adding key: http://localhost:13395 for channel [id: 0x832797a9, L:/127.0.0.1:59047 - R:localhost/127.0.0.1:13395]
18:52:35.254 [Forwarding clickElement on session 7f7bb4fa294abe044625bc2b90b854db to remote] DEBUG org.asynchttpclient.netty.request.NettyRequestSender - Using pooled Channel '[id: 0x832797a9, L:/127.0.0.1:59047 - R:localhost/127.0.0.1:13395]' for 'POST' to 'http://localhost:13395/session/7f7bb4fa294abe044625bc2b90b854db/element/232078f6-399d-44a3-b3e8-5cda2b6c0817/click'
18:52:35.254 [Forwarding clickElement on session 7f7bb4fa294abe044625bc2b90b854db to remote] DEBUG org.asynchttpclient.netty.request.NettyRequestSender - Using open Channel [id: 0x832797a9, L:/127.0.0.1:59047 - R:localhost/127.0.0.1:13395] for POST '/session/7f7bb4fa294abe044625bc2b90b854db/element/232078f6-399d-44a3-b3e8-5cda2b6c0817/click'
18:52:35.344 [AsyncHttpClient-1-16] DEBUG org.asynchttpclient.netty.handler.HttpHandler - 

Request DefaultHttpRequest(decodeResult: success, version: HTTP/1.1)
POST /session/7f7bb4fa294abe044625bc2b90b854db/element/232078f6-399d-44a3-b3e8-5cda2b6c0817/click HTTP/1.1
User-Agent: selenium/4.8.1 (java windows)
Content-Length: 50
Content-Type: application/json; charset=utf-8
host: localhost:13395
accept: */*

Response DefaultHttpResponse(decodeResult: success, version: HTTP/1.1)
HTTP/1.1 200 OK
Content-Length: 14
Content-Type: application/json; charset=utf-8
cache-control: no-cache

18:52:35.344 [AsyncHttpClient-1-16] DEBUG org.asynchttpclient.netty.channel.ChannelManager - Adding key: http://localhost:13395 for channel [id: 0x832797a9, L:/127.0.0.1:59047 - R:localhost/127.0.0.1:13395]
18:52:35.355 [Forwarding getAlertText on session 7f7bb4fa294abe044625bc2b90b854db to remote] DEBUG org.asynchttpclient.netty.request.NettyRequestSender - Using pooled Channel '[id: 0x832797a9, L:/127.0.0.1:59047 - R:localhost/127.0.0.1:13395]' for 'GET' to 'http://localhost:13395/session/7f7bb4fa294abe044625bc2b90b854db/alert/text'
18:52:35.355 [Forwarding getAlertText on session 7f7bb4fa294abe044625bc2b90b854db to remote] DEBUG org.asynchttpclient.netty.request.NettyRequestSender - Using open Channel [id: 0x832797a9, L:/127.0.0.1:59047 - R:localhost/127.0.0.1:13395] for GET '/session/7f7bb4fa294abe044625bc2b90b854db/alert/text'
18:52:35.357 [AsyncHttpClient-1-16] DEBUG org.asynchttpclient.netty.handler.HttpHandler - 

Request DefaultFullHttpRequest(decodeResult: success, version: HTTP/1.1, content: EmptyByteBufBE)
GET /session/7f7bb4fa294abe044625bc2b90b854db/alert/text HTTP/1.1
User-Agent: selenium/4.8.1 (java windows)
Cache-Control: no-cache
Content-Type: application/json; charset=utf-8
host: localhost:13395
accept: */*

Response DefaultHttpResponse(decodeResult: success, version: HTTP/1.1)
HTTP/1.1 404 Not Found
Content-Length: 809
Content-Type: application/json; charset=utf-8
cache-control: no-cache

18:52:35.357 [AsyncHttpClient-1-16] DEBUG org.asynchttpclient.netty.channel.ChannelManager - Adding key: http://localhost:13395 for channel [id: 0x832797a9, L:/127.0.0.1:59047 - R:localhost/127.0.0.1:13395]
18:52:35.358 [Forwarding getCurrentUrl on session 7f7bb4fa294abe044625bc2b90b854db to remote] DEBUG org.asynchttpclient.netty.request.NettyRequestSender - Using pooled Channel '[id: 0x832797a9, L:/127.0.0.1:59047 - R:localhost/127.0.0.1:13395]' for 'GET' to 'http://localhost:13395/session/7f7bb4fa294abe044625bc2b90b854db/url'
18:52:35.358 [Forwarding getCurrentUrl on session 7f7bb4fa294abe044625bc2b90b854db to remote] DEBUG org.asynchttpclient.netty.request.NettyRequestSender - Using open Channel [id: 0x832797a9, L:/127.0.0.1:59047 - R:localhost/127.0.0.1:13395] for GET '/session/7f7bb4fa294abe044625bc2b90b854db/url'
18:52:35.369 [AsyncHttpClient-1-16] DEBUG org.asynchttpclient.netty.handler.HttpHandler - 

Request DefaultFullHttpRequest(decodeResult: success, version: HTTP/1.1, content: EmptyByteBufBE)
GET /session/7f7bb4fa294abe044625bc2b90b854db/url HTTP/1.1
User-Agent: selenium/4.8.1 (java windows)
Cache-Control: no-cache
Content-Type: application/json; charset=utf-8
host: localhost:13395
accept: */*

Response DefaultHttpResponse(decodeResult: success, version: HTTP/1.1)
HTTP/1.1 200 OK
Content-Length: 54
Content-Type: application/json; charset=utf-8
cache-control: no-cache

18:52:35.369 [AsyncHttpClient-1-16] DEBUG org.asynchttpclient.netty.channel.ChannelManager - Adding key: http://localhost:13395 for channel [id: 0x832797a9, L:/127.0.0.1:59047 - R:localhost/127.0.0.1:13395]
18:52:35.370 [Forwarding screenshot on session 7f7bb4fa294abe044625bc2b90b854db to remote] DEBUG org.asynchttpclient.netty.request.NettyRequestSender - Using pooled Channel '[id: 0x832797a9, L:/127.0.0.1:59047 - R:localhost/127.0.0.1:13395]' for 'GET' to 'http://localhost:13395/session/7f7bb4fa294abe044625bc2b90b854db/screenshot'
18:52:35.370 [Forwarding screenshot on session 7f7bb4fa294abe044625bc2b90b854db to remote] DEBUG org.asynchttpclient.netty.request.NettyRequestSender - Using open Channel [id: 0x832797a9, L:/127.0.0.1:59047 - R:localhost/127.0.0.1:13395] for GET '/session/7f7bb4fa294abe044625bc2b90b854db/screenshot'
18:52:35.850 [AsyncHttpClient-1-16] DEBUG org.asynchttpclient.netty.handler.HttpHandler - 

Request DefaultFullHttpRequest(decodeResult: success, version: HTTP/1.1, content: EmptyByteBufBE)
GET /session/7f7bb4fa294abe044625bc2b90b854db/screenshot HTTP/1.1
User-Agent: selenium/4.8.1 (java windows)
Cache-Control: no-cache
Content-Type: application/json; charset=utf-8
host: localhost:13395
accept: */*

Response DefaultHttpResponse(decodeResult: success, version: HTTP/1.1)
HTTP/1.1 200 OK
Content-Length: 54984
Content-Type: application/json; charset=utf-8
cache-control: no-cache

18:52:35.851 [AsyncHttpClient-1-16] DEBUG org.asynchttpclient.netty.channel.ChannelManager - Adding key: http://localhost:13395 for channel [id: 0x832797a9, L:/127.0.0.1:59047 - R:localhost/127.0.0.1:13395]
18:52:35.857 [main] DEBUG net.serenitybdd.core.photography.Darkroom - Send negative for processing for target\site\serenity\e8ba8c0940a5134b027e0590118c8cacdfbfe9c98cbfe53dc5cf0c2dd14d5be5.png
18:52:35.858 [main] DEBUG net.thucydides.core.steps.StepInterceptor - STEP DONE: ClickRegisterButton
  &amp#27;[32mAnd &amp#27;[0m&amp#27;[32mI click the register button&amp#27;[0m                                   &amp#27;[90m# starter.stepdefinitions.RegisterSteps.clickRegisterButton()&amp#27;[0m
18:52:35.858 [Darkroom Processing Line] DEBUG net.serenitybdd.core.photography.DarkroomProcessingLine - Processing screenshot image in /var/screenshots/screenshot-5590631241270867535
18:52:35.858 [Darkroom Processing Line] DEBUG net.serenitybdd.core.photography.DarkroomProcessingLine - Saving screenshot to target\site\serenity\e8ba8c0940a5134b027e0590118c8cacdfbfe9c98cbfe53dc5cf0c2dd14d5be5.png
18:52:35.878 [Forwarding getPageSource on session 7f7bb4fa294abe044625bc2b90b854db to remote] DEBUG org.asynchttpclient.netty.request.NettyRequestSender - Using pooled Channel '[id: 0x832797a9, L:/127.0.0.1:59047 - R:localhost/127.0.0.1:13395]' for 'POST' to 'http://localhost:13395/session/7f7bb4fa294abe044625bc2b90b854db/execute/sync'
18:52:35.878 [Forwarding getPageSource on session 7f7bb4fa294abe044625bc2b90b854db to remote] DEBUG org.asynchttpclient.netty.request.NettyRequestSender - Using open Channel [id: 0x832797a9, L:/127.0.0.1:59047 - R:localhost/127.0.0.1:13395] for POST '/session/7f7bb4fa294abe044625bc2b90b854db/execute/sync'
18:52:35.894 [AsyncHttpClient-1-16] DEBUG org.asynchttpclient.netty.handler.HttpHandler - 

Request DefaultHttpRequest(decodeResult: success, version: HTTP/1.1)
POST /session/7f7bb4fa294abe044625bc2b90b854db/execute/sync HTTP/1.1
User-Agent: selenium/4.8.1 (java windows)
Content-Length: 176
Content-Type: application/json; charset=utf-8
host: localhost:13395
accept: */*

Response DefaultHttpResponse(decodeResult: success, version: HTTP/1.1)
HTTP/1.1 200 OK
Content-Length: 23175
Content-Type: application/json; charset=utf-8
cache-control: no-cache

18:52:35.894 [AsyncHttpClient-1-16] DEBUG org.asynchttpclient.netty.channel.ChannelManager - Adding key: http://localhost:13395 for channel [id: 0x832797a9, L:/127.0.0.1:59047 - R:localhost/127.0.0.1:13395]
18:52:35.901 [Forwarding getCurrentUrl on session 7f7bb4fa294abe044625bc2b90b854db to remote] DEBUG org.asynchttpclient.netty.request.NettyRequestSender - Using pooled Channel '[id: 0x832797a9, L:/127.0.0.1:59047 - R:localhost/127.0.0.1:13395]' for 'GET' to 'http://localhost:13395/session/7f7bb4fa294abe044625bc2b90b854db/url'
18:52:35.901 [Forwarding getCurrentUrl on session 7f7bb4fa294abe044625bc2b90b854db to remote] DEBUG org.asynchttpclient.netty.request.NettyRequestSender - Using open Channel [id: 0x832797a9, L:/127.0.0.1:59047 - R:localhost/127.0.0.1:13395] for GET '/session/7f7bb4fa294abe044625bc2b90b854db/url'
18:52:35.909 [AsyncHttpClient-1-16] DEBUG org.asynchttpclient.netty.handler.HttpHandler - 

Request DefaultFullHttpRequest(decodeResult: success, version: HTTP/1.1, content: EmptyByteBufBE)
GET /session/7f7bb4fa294abe044625bc2b90b854db/url HTTP/1.1
User-Agent: selenium/4.8.1 (java windows)
Cache-Control: no-cache
Content-Type: application/json; charset=utf-8
host: localhost:13395
accept: */*

Response DefaultHttpResponse(decodeResult: success, version: HTTP/1.1)
HTTP/1.1 200 OK
Content-Length: 54
Content-Type: application/json; charset=utf-8
cache-control: no-cache

18:52:35.909 [AsyncHttpClient-1-16] DEBUG org.asynchttpclient.netty.channel.ChannelManager - Adding key: http://localhost:13395 for channel [id: 0x832797a9, L:/127.0.0.1:59047 - R:localhost/127.0.0.1:13395]
18:52:35.937 [Forwarding getAlertText on session 7f7bb4fa294abe044625bc2b90b854db to remote] DEBUG org.asynchttpclient.netty.request.NettyRequestSender - Using pooled Channel '[id: 0x832797a9, L:/127.0.0.1:59047 - R:localhost/127.0.0.1:13395]' for 'GET' to 'http://localhost:13395/session/7f7bb4fa294abe044625bc2b90b854db/alert/text'
18:52:35.937 [Forwarding getAlertText on session 7f7bb4fa294abe044625bc2b90b854db to remote] DEBUG org.asynchttpclient.netty.request.NettyRequestSender - Using open Channel [id: 0x832797a9, L:/127.0.0.1:59047 - R:localhost/127.0.0.1:13395] for GET '/session/7f7bb4fa294abe044625bc2b90b854db/alert/text'
18:52:35.941 [AsyncHttpClient-1-16] DEBUG org.asynchttpclient.netty.handler.HttpHandler - 

Request DefaultFullHttpRequest(decodeResult: success, version: HTTP/1.1, content: EmptyByteBufBE)
GET /session/7f7bb4fa294abe044625bc2b90b854db/alert/text HTTP/1.1
User-Agent: selenium/4.8.1 (java windows)
Cache-Control: no-cache
Content-Type: application/json; charset=utf-8
host: localhost:13395
accept: */*

Response DefaultHttpResponse(decodeResult: success, version: HTTP/1.1)
HTTP/1.1 404 Not Found
Content-Length: 809
Content-Type: application/json; charset=utf-8
cache-control: no-cache

18:52:35.941 [AsyncHttpClient-1-16] DEBUG org.asynchttpclient.netty.channel.ChannelManager - Adding key: http://localhost:13395 for channel [id: 0x832797a9, L:/127.0.0.1:59047 - R:localhost/127.0.0.1:13395]
18:52:35.943 [Forwarding getCurrentUrl on session 7f7bb4fa294abe044625bc2b90b854db to remote] DEBUG org.asynchttpclient.netty.request.NettyRequestSender - Using pooled Channel '[id: 0x832797a9, L:/127.0.0.1:59047 - R:localhost/127.0.0.1:13395]' for 'GET' to 'http://localhost:13395/session/7f7bb4fa294abe044625bc2b90b854db/url'
18:52:35.943 [Forwarding getCurrentUrl on session 7f7bb4fa294abe044625bc2b90b854db to remote] DEBUG org.asynchttpclient.netty.request.NettyRequestSender - Using open Channel [id: 0x832797a9, L:/127.0.0.1:59047 - R:localhost/127.0.0.1:13395] for GET '/session/7f7bb4fa294abe044625bc2b90b854db/url'
18:52:35.952 [AsyncHttpClient-1-16] DEBUG org.asynchttpclient.netty.handler.HttpHandler - 

Request DefaultFullHttpRequest(decodeResult: success, version: HTTP/1.1, content: EmptyByteBufBE)
GET /session/7f7bb4fa294abe044625bc2b90b854db/url HTTP/1.1
User-Agent: selenium/4.8.1 (java windows)
Cache-Control: no-cache
Content-Type: application/json; charset=utf-8
host: localhost:13395
accept: */*

Response DefaultHttpResponse(decodeResult: success, version: HTTP/1.1)
HTTP/1.1 200 OK
Content-Length: 54
Content-Type: application/json; charset=utf-8
cache-control: no-cache

18:52:35.952 [AsyncHttpClient-1-16] DEBUG org.asynchttpclient.netty.channel.ChannelManager - Adding key: http://localhost:13395 for channel [id: 0x832797a9, L:/127.0.0.1:59047 - R:localhost/127.0.0.1:13395]
18:52:35.954 [Forwarding screenshot on session 7f7bb4fa294abe044625bc2b90b854db to remote] DEBUG org.asynchttpclient.netty.request.NettyRequestSender - Using pooled Channel '[id: 0x832797a9, L:/127.0.0.1:59047 - R:localhost/127.0.0.1:13395]' for 'GET' to 'http://localhost:13395/session/7f7bb4fa294abe044625bc2b90b854db/screenshot'
18:52:35.954 [Forwarding screenshot on session 7f7bb4fa294abe044625bc2b90b854db to remote] DEBUG org.asynchttpclient.netty.request.NettyRequestSender - Using open Channel [id: 0x832797a9, L:/127.0.0.1:59047 - R:localhost/127.0.0.1:13395] for GET '/session/7f7bb4fa294abe044625bc2b90b854db/screenshot'
18:52:35.972 [AsyncHttpClient-1-1] DEBUG org.asynchttpclient.netty.channel.DefaultChannelPool - Entry count for : http://localhost:59048 : 1
18:52:36.263 [AsyncHttpClient-1-16] DEBUG org.asynchttpclient.netty.handler.HttpHandler - 

Request DefaultFullHttpRequest(decodeResult: success, version: HTTP/1.1, content: EmptyByteBufBE)
GET /session/7f7bb4fa294abe044625bc2b90b854db/screenshot HTTP/1.1
User-Agent: selenium/4.8.1 (java windows)
Cache-Control: no-cache
Content-Type: application/json; charset=utf-8
host: localhost:13395
accept: */*

Response DefaultHttpResponse(decodeResult: success, version: HTTP/1.1)
HTTP/1.1 200 OK
Content-Length: 57624
Content-Type: application/json; charset=utf-8
cache-control: no-cache

18:52:36.264 [AsyncHttpClient-1-16] DEBUG org.asynchttpclient.netty.channel.ChannelManager - Adding key: http://localhost:13395 for channel [id: 0x832797a9, L:/127.0.0.1:59047 - R:localhost/127.0.0.1:13395]
18:52:36.269 [main] DEBUG net.serenitybdd.core.photography.Darkroom - Send negative for processing for target\site\serenity\95e93105445855e52639579b1c1aa06598a390e17d7d41dd2e405fec9fd0075f.png
18:52:36.270 [Darkroom Processing Line] DEBUG net.serenitybdd.core.photography.DarkroomProcessingLine - Processing screenshot image in /var/screenshots/screenshot-10659090916111392704
18:52:36.270 [Darkroom Processing Line] DEBUG net.serenitybdd.core.photography.DarkroomProcessingLine - Saving screenshot to target\site\serenity\95e93105445855e52639579b1c1aa06598a390e17d7d41dd2e405fec9fd0075f.png
18:52:36.273 [Forwarding getPageSource on session 7f7bb4fa294abe044625bc2b90b854db to remote] DEBUG org.asynchttpclient.netty.request.NettyRequestSender - Using pooled Channel '[id: 0x832797a9, L:/127.0.0.1:59047 - R:localhost/127.0.0.1:13395]' for 'POST' to 'http://localhost:13395/session/7f7bb4fa294abe044625bc2b90b854db/execute/sync'
18:52:36.273 [Forwarding getPageSource on session 7f7bb4fa294abe044625bc2b90b854db to remote] DEBUG org.asynchttpclient.netty.request.NettyRequestSender - Using open Channel [id: 0x832797a9, L:/127.0.0.1:59047 - R:localhost/127.0.0.1:13395] for POST '/session/7f7bb4fa294abe044625bc2b90b854db/execute/sync'
18:52:36.290 [AsyncHttpClient-1-16] DEBUG org.asynchttpclient.netty.handler.HttpHandler - 

Request DefaultHttpRequest(decodeResult: success, version: HTTP/1.1)
POST /session/7f7bb4fa294abe044625bc2b90b854db/execute/sync HTTP/1.1
User-Agent: selenium/4.8.1 (java windows)
Content-Length: 176
Content-Type: application/json; charset=utf-8
host: localhost:13395
accept: */*

Response DefaultHttpResponse(decodeResult: success, version: HTTP/1.1)
HTTP/1.1 200 OK
Content-Length: 22855
Content-Type: application/json; charset=utf-8
cache-control: no-cache

18:52:36.290 [AsyncHttpClient-1-16] DEBUG org.asynchttpclient.netty.channel.ChannelManager - Adding key: http://localhost:13395 for channel [id: 0x832797a9, L:/127.0.0.1:59047 - R:localhost/127.0.0.1:13395]
18:52:36.295 [Forwarding getCurrentUrl on session 7f7bb4fa294abe044625bc2b90b854db to remote] DEBUG org.asynchttpclient.netty.request.NettyRequestSender - Using pooled Channel '[id: 0x832797a9, L:/127.0.0.1:59047 - R:localhost/127.0.0.1:13395]' for 'GET' to 'http://localhost:13395/session/7f7bb4fa294abe044625bc2b90b854db/url'
18:52:36.295 [Forwarding getCurrentUrl on session 7f7bb4fa294abe044625bc2b90b854db to remote] DEBUG org.asynchttpclient.netty.request.NettyRequestSender - Using open Channel [id: 0x832797a9, L:/127.0.0.1:59047 - R:localhost/127.0.0.1:13395] for GET '/session/7f7bb4fa294abe044625bc2b90b854db/url'
18:52:36.305 [AsyncHttpClient-1-16] DEBUG org.asynchttpclient.netty.handler.HttpHandler - 

Request DefaultFullHttpRequest(decodeResult: success, version: HTTP/1.1, content: EmptyByteBufBE)
GET /session/7f7bb4fa294abe044625bc2b90b854db/url HTTP/1.1
User-Agent: selenium/4.8.1 (java windows)
Cache-Control: no-cache
Content-Type: application/json; charset=utf-8
host: localhost:13395
accept: */*

Response DefaultHttpResponse(decodeResult: success, version: HTTP/1.1)
HTTP/1.1 200 OK
Content-Length: 54
Content-Type: application/json; charset=utf-8
cache-control: no-cache

18:52:36.305 [AsyncHttpClient-1-16] DEBUG org.asynchttpclient.netty.channel.ChannelManager - Adding key: http://localhost:13395 for channel [id: 0x832797a9, L:/127.0.0.1:59047 - R:localhost/127.0.0.1:13395]
18:52:36.310 [main] DEBUG net.thucydides.core.steps.StepInterceptor - STARTING STEP: RegisterSteps.goToLoginPage - validateOnLoginPage
18:52:36.315 [Forwarding findElement on session 7f7bb4fa294abe044625bc2b90b854db to remote] DEBUG org.asynchttpclient.netty.request.NettyRequestSender - Using pooled Channel '[id: 0x832797a9, L:/127.0.0.1:59047 - R:localhost/127.0.0.1:13395]' for 'POST' to 'http://localhost:13395/session/7f7bb4fa294abe044625bc2b90b854db/element'
18:52:36.315 [Forwarding findElement on session 7f7bb4fa294abe044625bc2b90b854db to remote] DEBUG org.asynchttpclient.netty.request.NettyRequestSender - Using open Channel [id: 0x832797a9, L:/127.0.0.1:59047 - R:localhost/127.0.0.1:13395] for POST '/session/7f7bb4fa294abe044625bc2b90b854db/element'
18:52:36.347 [AsyncHttpClient-1-16] DEBUG org.asynchttpclient.netty.handler.HttpHandler - 

Request DefaultHttpRequest(decodeResult: success, version: HTTP/1.1)
POST /session/7f7bb4fa294abe044625bc2b90b854db/element HTTP/1.1
User-Agent: selenium/4.8.1 (java windows)
Content-Length: 76
Content-Type: application/json; charset=utf-8
host: localhost:13395
accept: */*

Response DefaultHttpResponse(decodeResult: success, version: HTTP/1.1)
HTTP/1.1 200 OK
Content-Length: 88
Content-Type: application/json; charset=utf-8
cache-control: no-cache

18:52:36.347 [AsyncHttpClient-1-16] DEBUG org.asynchttpclient.netty.channel.ChannelManager - Adding key: http://localhost:13395 for channel [id: 0x832797a9, L:/127.0.0.1:59047 - R:localhost/127.0.0.1:13395]
18:52:36.354 [Forwarding isElementDisplayed on session 7f7bb4fa294abe044625bc2b90b854db to remote] DEBUG org.asynchttpclient.netty.request.NettyRequestSender - Using pooled Channel '[id: 0x832797a9, L:/127.0.0.1:59047 - R:localhost/127.0.0.1:13395]' for 'POST' to 'http://localhost:13395/session/7f7bb4fa294abe044625bc2b90b854db/execute/sync'
18:52:36.354 [Forwarding isElementDisplayed on session 7f7bb4fa294abe044625bc2b90b854db to remote] DEBUG org.asynchttpclient.netty.request.NettyRequestSender - Using open Channel [id: 0x832797a9, L:/127.0.0.1:59047 - R:localhost/127.0.0.1:13395] for POST '/session/7f7bb4fa294abe044625bc2b90b854db/execute/sync'
18:52:36.390 [AsyncHttpClient-1-16] DEBUG org.asynchttpclient.netty.handler.HttpHandler - 

Request DefaultHttpRequest(decodeResult: success, version: HTTP/1.1)
POST /session/7f7bb4fa294abe044625bc2b90b854db/execute/sync HTTP/1.1
User-Agent: selenium/4.8.1 (java windows)
Content-Length: 48807
Content-Type: application/json; charset=utf-8
host: localhost:13395
accept: */*

Response DefaultHttpResponse(decodeResult: success, version: HTTP/1.1)
HTTP/1.1 200 OK
Content-Length: 14
Content-Type: application/json; charset=utf-8
cache-control: no-cache

18:52:36.390 [AsyncHttpClient-1-16] DEBUG org.asynchttpclient.netty.channel.ChannelManager - Adding key: http://localhost:13395 for channel [id: 0x832797a9, L:/127.0.0.1:59047 - R:localhost/127.0.0.1:13395]
18:52:36.401 [Forwarding getAlertText on session 7f7bb4fa294abe044625bc2b90b854db to remote] DEBUG org.asynchttpclient.netty.request.NettyRequestSender - Using pooled Channel '[id: 0x832797a9, L:/127.0.0.1:59047 - R:localhost/127.0.0.1:13395]' for 'GET' to 'http://localhost:13395/session/7f7bb4fa294abe044625bc2b90b854db/alert/text'
18:52:36.401 [Forwarding getAlertText on session 7f7bb4fa294abe044625bc2b90b854db to remote] DEBUG org.asynchttpclient.netty.request.NettyRequestSender - Using open Channel [id: 0x832797a9, L:/127.0.0.1:59047 - R:localhost/127.0.0.1:13395] for GET '/session/7f7bb4fa294abe044625bc2b90b854db/alert/text'
18:52:36.405 [AsyncHttpClient-1-16] DEBUG org.asynchttpclient.netty.handler.HttpHandler - 

Request DefaultFullHttpRequest(decodeResult: success, version: HTTP/1.1, content: EmptyByteBufBE)
GET /session/7f7bb4fa294abe044625bc2b90b854db/alert/text HTTP/1.1
User-Agent: selenium/4.8.1 (java windows)
Cache-Control: no-cache
Content-Type: application/json; charset=utf-8
host: localhost:13395
accept: */*

Response DefaultHttpResponse(decodeResult: success, version: HTTP/1.1)
HTTP/1.1 404 Not Found
Content-Length: 809
Content-Type: application/json; charset=utf-8
cache-control: no-cache

18:52:36.405 [AsyncHttpClient-1-16] DEBUG org.asynchttpclient.netty.channel.ChannelManager - Adding key: http://localhost:13395 for channel [id: 0x832797a9, L:/127.0.0.1:59047 - R:localhost/127.0.0.1:13395]
18:52:36.408 [Forwarding getCurrentUrl on session 7f7bb4fa294abe044625bc2b90b854db to remote] DEBUG org.asynchttpclient.netty.request.NettyRequestSender - Using pooled Channel '[id: 0x832797a9, L:/127.0.0.1:59047 - R:localhost/127.0.0.1:13395]' for 'GET' to 'http://localhost:13395/session/7f7bb4fa294abe044625bc2b90b854db/url'
18:52:36.408 [Forwarding getCurrentUrl on session 7f7bb4fa294abe044625bc2b90b854db to remote] DEBUG org.asynchttpclient.netty.request.NettyRequestSender - Using open Channel [id: 0x832797a9, L:/127.0.0.1:59047 - R:localhost/127.0.0.1:13395] for GET '/session/7f7bb4fa294abe044625bc2b90b854db/url'
18:52:36.418 [AsyncHttpClient-1-16] DEBUG org.asynchttpclient.netty.handler.HttpHandler - 

Request DefaultFullHttpRequest(decodeResult: success, version: HTTP/1.1, content: EmptyByteBufBE)
GET /session/7f7bb4fa294abe044625bc2b90b854db/url HTTP/1.1
User-Agent: selenium/4.8.1 (java windows)
Cache-Control: no-cache
Content-Type: application/json; charset=utf-8
host: localhost:13395
accept: */*

Response DefaultHttpResponse(decodeResult: success, version: HTTP/1.1)
HTTP/1.1 200 OK
Content-Length: 54
Content-Type: application/json; charset=utf-8
cache-control: no-cache

18:52:36.418 [AsyncHttpClient-1-16] DEBUG org.asynchttpclient.netty.channel.ChannelManager - Adding key: http://localhost:13395 for channel [id: 0x832797a9, L:/127.0.0.1:59047 - R:localhost/127.0.0.1:13395]
18:52:36.420 [Forwarding screenshot on session 7f7bb4fa294abe044625bc2b90b854db to remote] DEBUG org.asynchttpclient.netty.request.NettyRequestSender - Using pooled Channel '[id: 0x832797a9, L:/127.0.0.1:59047 - R:localhost/127.0.0.1:13395]' for 'GET' to 'http://localhost:13395/session/7f7bb4fa294abe044625bc2b90b854db/screenshot'
18:52:36.420 [Forwarding screenshot on session 7f7bb4fa294abe044625bc2b90b854db to remote] DEBUG org.asynchttpclient.netty.request.NettyRequestSender - Using open Channel [id: 0x832797a9, L:/127.0.0.1:59047 - R:localhost/127.0.0.1:13395] for GET '/session/7f7bb4fa294abe044625bc2b90b854db/screenshot'
18:52:36.780 [AsyncHttpClient-1-16] DEBUG org.asynchttpclient.netty.handler.HttpHandler - 

Request DefaultFullHttpRequest(decodeResult: success, version: HTTP/1.1, content: EmptyByteBufBE)
GET /session/7f7bb4fa294abe044625bc2b90b854db/screenshot HTTP/1.1
User-Agent: selenium/4.8.1 (java windows)
Cache-Control: no-cache
Content-Type: application/json; charset=utf-8
host: localhost:13395
accept: */*

Response DefaultHttpResponse(decodeResult: success, version: HTTP/1.1)
HTTP/1.1 200 OK
Content-Length: 57624
Content-Type: application/json; charset=utf-8
cache-control: no-cache

18:52:36.781 [AsyncHttpClient-1-16] DEBUG org.asynchttpclient.netty.channel.ChannelManager - Adding key: http://localhost:13395 for channel [id: 0x832797a9, L:/127.0.0.1:59047 - R:localhost/127.0.0.1:13395]
18:52:36.784 [main] DEBUG net.serenitybdd.core.photography.Darkroom - Send negative for processing for target\site\serenity\95e93105445855e52639579b1c1aa06598a390e17d7d41dd2e405fec9fd0075f.png
18:52:36.784 [main] DEBUG net.thucydides.core.steps.StepInterceptor - STEP DONE: validateOnLoginPage
  &amp#27;[32mThen &amp#27;[0m&amp#27;[32mI'm on the login page&amp#27;[0m                                        &amp#27;[90m# starter.stepdefinitions.RegisterSteps.goToLoginPage()&amp#27;[0m
18:52:36.792 [main] INFO  - 
  _____   ___   ___   _____     ___     _     ___   ___   ___   ___  
 |_   _| | __| / __| |_   _|   | _ \   /_\   / __| / __| | __| |   \ 
   | |   | _|  \__ \   | |     |  _/  / _ \  \__ \ \__ \ | _|  | |) |
   |_|   |___| |___/   |_|     |_|   /_/ \_\ |___/ |___/ |___| |___/ 

As a user I registered with incorrect data filled numbers
----------------------------------------------------------------------
18:52:36.794 [Driver Command Executor] DEBUG org.asynchttpclient.netty.request.NettyRequestSender - Using pooled Channel '[id: 0x832797a9, L:/127.0.0.1:59047 - R:localhost/127.0.0.1:13395]' for 'DELETE' to 'http://localhost:13395/session/7f7bb4fa294abe044625bc2b90b854db'
18:52:36.794 [Driver Command Executor] DEBUG org.asynchttpclient.netty.request.NettyRequestSender - Using open Channel [id: 0x832797a9, L:/127.0.0.1:59047 - R:localhost/127.0.0.1:13395] for DELETE '/session/7f7bb4fa294abe044625bc2b90b854db'
18:52:36.794 [AsyncHttpClient-1-2] DEBUG org.asynchttpclient.netty.handler.WebSocketHandler - Channel Closed: [id: 0xa4f72d7b, L:/127.0.0.1:59055 ! R:localhost/127.0.0.1:59048] with attribute NettyResponseFuture{currentRetry=0,
	isDone=1,
	isCancelled=0,
	asyncHandler=org.asynchttpclient.ws.WebSocketUpgradeHandler@2598f81b,
	nettyRequest=org.asynchttpclient.netty.request.NettyRequest@3bc71207,
	future=java.util.concurrent.CompletableFuture@1f7f5b2d[Completed normally],
	uri=ws://localhost:59048/devtools/browser/0addb202-40b4-4aeb-bef0-a021d2d8337b,
	keepAlive=true,
	redirectCount=0,
	timeoutsHolder=null,
	inAuth=0,
	touch=1683546750515}
18:52:36.795 [AsyncHttpClient-1-2] DEBUG org.asynchttpclient.netty.channel.ChannelManager - Closing Channel [id: 0xa4f72d7b, L:/127.0.0.1:59055 ! R:localhost/127.0.0.1:59048] 
18:52:37.073 [AsyncHttpClient-1-1] DEBUG org.asynchttpclient.netty.channel.DefaultChannelPool - Entry count for : http://localhost:59048 : 1
18:52:37.217 [AsyncHttpClient-1-17] DEBUG org.asynchttpclient.netty.handler.HttpHandler - Unexpected I/O exception on channel [id: 0xd2982b7b, L:/127.0.0.1:59054 - R:localhost/127.0.0.1:59048]
java.net.SocketException: Connection reset
	at java.base/sun.nio.ch.SocketChannelImpl.throwConnectionReset(SocketChannelImpl.java:394)
	at java.base/sun.nio.ch.SocketChannelImpl.read(SocketChannelImpl.java:426)
	at io.netty.buffer.PooledByteBuf.setBytes(PooledByteBuf.java:259)
	at io.netty.buffer.AbstractByteBuf.writeBytes(AbstractByteBuf.java:1132)
	at io.netty.channel.socket.nio.NioSocketChannel.doReadBytes(NioSocketChannel.java:357)
	at io.netty.channel.nio.AbstractNioByteChannel$NioByteUnsafe.read(AbstractNioByteChannel.java:151)
	at io.netty.channel.nio.NioEventLoop.processSelectedKey(NioEventLoop.java:788)
	at io.netty.channel.nio.NioEventLoop.processSelectedKeysOptimized(NioEventLoop.java:724)
	at io.netty.channel.nio.NioEventLoop.processSelectedKeys(NioEventLoop.java:650)
	at io.netty.channel.nio.NioEventLoop.run(NioEventLoop.java:562)
	at io.netty.util.concurrent.SingleThreadEventExecutor$4.run(SingleThreadEventExecutor.java:997)
	at io.netty.util.internal.ThreadExecutorMap$2.run(ThreadExecutorMap.java:74)
	at io.netty.util.concurrent.FastThreadLocalRunnable.run(FastThreadLocalRunnable.java:30)
	at java.base/java.lang.Thread.run(Thread.java:833)
18:52:37.217 [AsyncHttpClient-1-17] DEBUG org.asynchttpclient.netty.channel.ChannelManager - Closing Channel [id: 0xd2982b7b, L:/127.0.0.1:59054 - R:localhost/127.0.0.1:59048] 
18:52:37.217 [AsyncHttpClient-1-17] DEBUG org.asynchttpclient.netty.handler.HttpHandler - Channel Closed: [id: 0xd2982b7b, L:/127.0.0.1:59054 ! R:localhost/127.0.0.1:59048] with attribute DISCARD
18:52:37.320 [AsyncHttpClient-1-16] DEBUG org.asynchttpclient.netty.handler.HttpHandler - 

Request DefaultFullHttpRequest(decodeResult: success, version: HTTP/1.1, content: EmptyByteBufBE)
DELETE /session/7f7bb4fa294abe044625bc2b90b854db HTTP/1.1
User-Agent: selenium/4.8.1 (java windows)
Content-Type: application/json; charset=utf-8
host: localhost:13395
accept: */*

Response DefaultHttpResponse(decodeResult: success, version: HTTP/1.1)
HTTP/1.1 200 OK
Content-Length: 14
Content-Type: application/json; charset=utf-8
cache-control: no-cache

18:52:37.321 [AsyncHttpClient-1-16] DEBUG org.asynchttpclient.netty.channel.ChannelManager - Adding key: http://localhost:13395 for channel [id: 0x832797a9, L:/127.0.0.1:59047 - R:localhost/127.0.0.1:13395]
18:52:37.433 [AsyncHttpClient-1-16] DEBUG org.asynchttpclient.netty.handler.HttpHandler - Channel Closed: [id: 0x832797a9, L:/127.0.0.1:59047 ! R:localhost/127.0.0.1:13395] with attribute DISCARD
]]></system-out>
    <system-err><![CDATA[Starting ChromeDriver 111.0.5563.64 (c710e93d5b63b7095afe8c2c17df34408078439d-refs/branch-heads/5563@{#995}) on port 13395
Only local connections are allowed.
Please see https://chromedriver.chromium.org/security-considerations for suggestions on keeping ChromeDriver safe.
ChromeDriver was started successfully.
[1683546750.332][WARNING]: This version of ChromeDriver has not been tested with Chrome version 112.
May 08, 2023 6:52:30 PM org.openqa.selenium.devtools.CdpVersionFinder findNearestMatch
WARNING: Unable to find an exact match for CDP version 112, so returning the closest version found: 110
]]></system-err>
  </testcase>
  <testcase name="As a user I registered with incorrect data filled character" classname="Register" time="9.443">
    <system-out><![CDATA[
Scenario: As a user I registered with incorrect data filled character &amp#27;[90m# src/test/resources/features/register.feature:23&amp#27;[0m
18:52:37.520 [main] DEBUG io.cucumber.core.plugin.SerenityReporter - Running feature from file:///D:/alta/MiniProject/src/test/resources/features/register.feature
18:52:37.523 [main] INFO  - 
  _____   ___   ___   _____     ___   _____     _     ___   _____   ___   ___  
 |_   _| | __| / __| |_   _|   / __| |_   _|   /_\   | _ \ |_   _| | __| |   \ 
   | |   | _|  \__ \   | |     \__ \   | |    / _ \  |   /   | |   | _|  | |) |
   |_|   |___| |___/   |_|     |___/   |_|   /_/ \_\ |_|_\   |_|   |___| |___/ 

As a user I registered with incorrect data filled character(register;as-a-user-i-registered-with-incorrect-data-filled-character)
--------------------------------------------------------------------------------
18:52:37.614 [main] INFO net.serenitybdd.core.webdriver.driverproviders.ChromeDriverProvider - Starting Chrome driver instance with capabilities:
18:52:37.614 [main] INFO net.serenitybdd.core.webdriver.driverproviders.ChromeDriverProvider - Capabilities {acceptInsecureCerts: false, browserName: chrome, goog:chromeOptions: {args: [remote-allow-origins=*], extensions: []}}
18:52:37.737 [AsyncHttpClient-1-3] DEBUG org.asynchttpclient.netty.channel.NettyConnectListener - Using new Channel '[id: 0xe6d7feb0, L:/127.0.0.1:59071 - R:localhost/127.0.0.1:46904]' for 'POST' to '/session'
18:52:38.168 [AsyncHttpClient-1-1] DEBUG org.asynchttpclient.netty.channel.DefaultChannelPool - Entry count for : http://localhost:59048 : 1
18:52:38.168 [AsyncHttpClient-1-1] DEBUG org.asynchttpclient.netty.channel.DefaultChannelPool - Entry count for : http://localhost:13395 : 1
18:52:38.168 [AsyncHttpClient-1-1] DEBUG org.asynchttpclient.netty.channel.DefaultChannelPool - Adding Candidate expired Channel [id: 0xd2982b7b, L:/127.0.0.1:59054 ! R:localhost/127.0.0.1:59048] isIdleTimeoutExpired=false isRemotelyClosed=true isTtlExpired=false
18:52:38.168 [AsyncHttpClient-1-1] DEBUG org.asynchttpclient.netty.channel.DefaultChannelPool - Closing Idle Channel [id: 0xd2982b7b, L:/127.0.0.1:59054 ! R:localhost/127.0.0.1:59048]
18:52:38.168 [AsyncHttpClient-1-1] DEBUG org.asynchttpclient.netty.channel.DefaultChannelPool - Adding Candidate expired Channel [id: 0x832797a9, L:/127.0.0.1:59047 ! R:localhost/127.0.0.1:13395] isIdleTimeoutExpired=false isRemotelyClosed=true isTtlExpired=false
18:52:38.168 [AsyncHttpClient-1-1] DEBUG org.asynchttpclient.netty.channel.DefaultChannelPool - Closing Idle Channel [id: 0x832797a9, L:/127.0.0.1:59047 ! R:localhost/127.0.0.1:13395]
18:52:38.168 [AsyncHttpClient-1-1] DEBUG org.asynchttpclient.netty.channel.DefaultChannelPool - Closed 2 connections out of 2 in 0 ms
18:52:38.996 [AsyncHttpClient-1-3] DEBUG org.asynchttpclient.netty.handler.HttpHandler - 

Request DefaultHttpRequest(decodeResult: success, version: HTTP/1.1)
POST /session HTTP/1.1
User-Agent: selenium/4.8.1 (java windows)
Content-Length: 507
Content-Type: application/json; charset=utf-8
host: localhost:46904
accept: */*

Response DefaultHttpResponse(decodeResult: success, version: HTTP/1.1)
HTTP/1.1 200 OK
Content-Length: 861
Content-Type: application/json; charset=utf-8
cache-control: no-cache

18:52:38.996 [AsyncHttpClient-1-3] DEBUG org.asynchttpclient.netty.channel.ChannelManager - Adding key: http://localhost:46904 for channel [id: 0xe6d7feb0, L:/127.0.0.1:59071 - R:localhost/127.0.0.1:46904]
18:52:39.017 [AsyncHttpClient-1-4] DEBUG org.asynchttpclient.netty.channel.NettyConnectListener - Using new Channel '[id: 0x4822cabd, L:/127.0.0.1:59078 - R:localhost/127.0.0.1:59072]' for 'GET' to '/json/version'
18:52:39.018 [AsyncHttpClient-1-4] DEBUG org.asynchttpclient.netty.handler.HttpHandler - 

Request DefaultFullHttpRequest(decodeResult: success, version: HTTP/1.1, content: EmptyByteBufBE)
GET /json/version HTTP/1.1
User-Agent: selenium/4.8.1 (java windows)
host: localhost:59072
accept: */*

Response DefaultHttpResponse(decodeResult: success, version: HTTP/1.1)
HTTP/1.1 200 OK
Content-Security-Policy: frame-ancestors 'none'
Content-Length: 424
Content-Type: application/json; charset=UTF-8

18:52:39.018 [AsyncHttpClient-1-4] DEBUG org.asynchttpclient.netty.channel.ChannelManager - Adding key: http://localhost:59072 for channel [id: 0x4822cabd, L:/127.0.0.1:59078 - R:localhost/127.0.0.1:59072]
18:52:39.026 [AsyncHttpClient-1-5] DEBUG org.asynchttpclient.netty.channel.NettyConnectListener - Using new Channel '[id: 0x8b24e8ea, L:/127.0.0.1:59080 - R:localhost/127.0.0.1:59072]' for 'GET' to '/devtools/browser/1c5409c9-be10-4b08-87b8-1614048290fc'
18:52:39.029 [AsyncHttpClient-1-5] DEBUG org.asynchttpclient.netty.handler.WebSocketHandler - 

Request DefaultFullHttpRequest(decodeResult: success, version: HTTP/1.1, content: EmptyByteBufBE)
GET /devtools/browser/1c5409c9-be10-4b08-87b8-1614048290fc HTTP/1.1
upgrade: websocket
connection: upgrade
sec-websocket-key: RMCpElfHTaTfk2P8HMZOzQ==
sec-websocket-version: 13
origin: http://localhost:59072
host: localhost:59072
accept: */*
user-agent: AHC/2.1

Response DefaultHttpResponse(decodeResult: success, version: HTTP/1.1)
HTTP/1.1 101 WebSocket Protocol Handshake
Upgrade: WebSocket
Connection: Upgrade
Sec-WebSocket-Accept: GRKAH12P8Y27i7+aBAv1J+4Iw/4=

18:52:39.044 [Forwarding get on session fdfbe22b703e0cb1448dee4ceb01e145 to remote] DEBUG org.asynchttpclient.netty.request.NettyRequestSender - Using pooled Channel '[id: 0xe6d7feb0, L:/127.0.0.1:59071 - R:localhost/127.0.0.1:46904]' for 'POST' to 'http://localhost:46904/session/fdfbe22b703e0cb1448dee4ceb01e145/url'
18:52:39.044 [Forwarding get on session fdfbe22b703e0cb1448dee4ceb01e145 to remote] DEBUG org.asynchttpclient.netty.request.NettyRequestSender - Using open Channel [id: 0xe6d7feb0, L:/127.0.0.1:59071 - R:localhost/127.0.0.1:46904] for POST '/session/fdfbe22b703e0cb1448dee4ceb01e145/url'
18:52:39.265 [AsyncHttpClient-1-1] DEBUG org.asynchttpclient.netty.channel.DefaultChannelPool - Entry count for : http://localhost:59072 : 1
18:52:40.365 [AsyncHttpClient-1-1] DEBUG org.asynchttpclient.netty.channel.DefaultChannelPool - Entry count for : http://localhost:59072 : 1
18:52:40.434 [AsyncHttpClient-1-3] DEBUG org.asynchttpclient.netty.handler.HttpHandler - 

Request DefaultHttpRequest(decodeResult: success, version: HTTP/1.1)
POST /session/fdfbe22b703e0cb1448dee4ceb01e145/url HTTP/1.1
User-Agent: selenium/4.8.1 (java windows)
Content-Length: 77
Content-Type: application/json; charset=utf-8
host: localhost:46904
accept: */*

Response DefaultHttpResponse(decodeResult: success, version: HTTP/1.1)
HTTP/1.1 200 OK
Content-Length: 14
Content-Type: application/json; charset=utf-8
cache-control: no-cache

18:52:40.434 [AsyncHttpClient-1-3] DEBUG org.asynchttpclient.netty.channel.ChannelManager - Adding key: http://localhost:46904 for channel [id: 0xe6d7feb0, L:/127.0.0.1:59071 - R:localhost/127.0.0.1:46904]
18:52:40.437 [Forwarding setTimeout on session fdfbe22b703e0cb1448dee4ceb01e145 to remote] DEBUG org.asynchttpclient.netty.request.NettyRequestSender - Using pooled Channel '[id: 0xe6d7feb0, L:/127.0.0.1:59071 - R:localhost/127.0.0.1:46904]' for 'POST' to 'http://localhost:46904/session/fdfbe22b703e0cb1448dee4ceb01e145/timeouts'
18:52:40.437 [Forwarding setTimeout on session fdfbe22b703e0cb1448dee4ceb01e145 to remote] DEBUG org.asynchttpclient.netty.request.NettyRequestSender - Using open Channel [id: 0xe6d7feb0, L:/127.0.0.1:59071 - R:localhost/127.0.0.1:46904] for POST '/session/fdfbe22b703e0cb1448dee4ceb01e145/timeouts'
18:52:40.439 [AsyncHttpClient-1-3] DEBUG org.asynchttpclient.netty.handler.HttpHandler - 

Request DefaultHttpRequest(decodeResult: success, version: HTTP/1.1)
POST /session/fdfbe22b703e0cb1448dee4ceb01e145/timeouts HTTP/1.1
User-Agent: selenium/4.8.1 (java windows)
Content-Length: 22
Content-Type: application/json; charset=utf-8
host: localhost:46904
accept: */*

Response DefaultHttpResponse(decodeResult: success, version: HTTP/1.1)
HTTP/1.1 200 OK
Content-Length: 14
Content-Type: application/json; charset=utf-8
cache-control: no-cache

18:52:40.439 [AsyncHttpClient-1-3] DEBUG org.asynchttpclient.netty.channel.ChannelManager - Adding key: http://localhost:46904 for channel [id: 0xe6d7feb0, L:/127.0.0.1:59071 - R:localhost/127.0.0.1:46904]
18:52:40.451 [Forwarding getAlertText on session fdfbe22b703e0cb1448dee4ceb01e145 to remote] DEBUG org.asynchttpclient.netty.request.NettyRequestSender - Using pooled Channel '[id: 0xe6d7feb0, L:/127.0.0.1:59071 - R:localhost/127.0.0.1:46904]' for 'GET' to 'http://localhost:46904/session/fdfbe22b703e0cb1448dee4ceb01e145/alert/text'
18:52:40.451 [Forwarding getAlertText on session fdfbe22b703e0cb1448dee4ceb01e145 to remote] DEBUG org.asynchttpclient.netty.request.NettyRequestSender - Using open Channel [id: 0xe6d7feb0, L:/127.0.0.1:59071 - R:localhost/127.0.0.1:46904] for GET '/session/fdfbe22b703e0cb1448dee4ceb01e145/alert/text'
18:52:40.457 [AsyncHttpClient-1-3] DEBUG org.asynchttpclient.netty.handler.HttpHandler - 

Request DefaultFullHttpRequest(decodeResult: success, version: HTTP/1.1, content: EmptyByteBufBE)
GET /session/fdfbe22b703e0cb1448dee4ceb01e145/alert/text HTTP/1.1
User-Agent: selenium/4.8.1 (java windows)
Cache-Control: no-cache
Content-Type: application/json; charset=utf-8
host: localhost:46904
accept: */*

Response DefaultHttpResponse(decodeResult: success, version: HTTP/1.1)
HTTP/1.1 404 Not Found
Content-Length: 809
Content-Type: application/json; charset=utf-8
cache-control: no-cache

18:52:40.457 [AsyncHttpClient-1-3] DEBUG org.asynchttpclient.netty.channel.ChannelManager - Adding key: http://localhost:46904 for channel [id: 0xe6d7feb0, L:/127.0.0.1:59071 - R:localhost/127.0.0.1:46904]
18:52:40.459 [Forwarding getCurrentUrl on session fdfbe22b703e0cb1448dee4ceb01e145 to remote] DEBUG org.asynchttpclient.netty.request.NettyRequestSender - Using pooled Channel '[id: 0xe6d7feb0, L:/127.0.0.1:59071 - R:localhost/127.0.0.1:46904]' for 'GET' to 'http://localhost:46904/session/fdfbe22b703e0cb1448dee4ceb01e145/url'
18:52:40.459 [Forwarding getCurrentUrl on session fdfbe22b703e0cb1448dee4ceb01e145 to remote] DEBUG org.asynchttpclient.netty.request.NettyRequestSender - Using open Channel [id: 0xe6d7feb0, L:/127.0.0.1:59071 - R:localhost/127.0.0.1:46904] for GET '/session/fdfbe22b703e0cb1448dee4ceb01e145/url'
18:52:40.472 [AsyncHttpClient-1-3] DEBUG org.asynchttpclient.netty.handler.HttpHandler - 

Request DefaultFullHttpRequest(decodeResult: success, version: HTTP/1.1, content: EmptyByteBufBE)
GET /session/fdfbe22b703e0cb1448dee4ceb01e145/url HTTP/1.1
User-Agent: selenium/4.8.1 (java windows)
Cache-Control: no-cache
Content-Type: application/json; charset=utf-8
host: localhost:46904
accept: */*

Response DefaultHttpResponse(decodeResult: success, version: HTTP/1.1)
HTTP/1.1 200 OK
Content-Length: 54
Content-Type: application/json; charset=utf-8
cache-control: no-cache

18:52:40.472 [AsyncHttpClient-1-3] DEBUG org.asynchttpclient.netty.channel.ChannelManager - Adding key: http://localhost:46904 for channel [id: 0xe6d7feb0, L:/127.0.0.1:59071 - R:localhost/127.0.0.1:46904]
18:52:40.473 [Forwarding screenshot on session fdfbe22b703e0cb1448dee4ceb01e145 to remote] DEBUG org.asynchttpclient.netty.request.NettyRequestSender - Using pooled Channel '[id: 0xe6d7feb0, L:/127.0.0.1:59071 - R:localhost/127.0.0.1:46904]' for 'GET' to 'http://localhost:46904/session/fdfbe22b703e0cb1448dee4ceb01e145/screenshot'
18:52:40.473 [Forwarding screenshot on session fdfbe22b703e0cb1448dee4ceb01e145 to remote] DEBUG org.asynchttpclient.netty.request.NettyRequestSender - Using open Channel [id: 0xe6d7feb0, L:/127.0.0.1:59071 - R:localhost/127.0.0.1:46904] for GET '/session/fdfbe22b703e0cb1448dee4ceb01e145/screenshot'
18:52:40.793 [AsyncHttpClient-1-3] DEBUG org.asynchttpclient.netty.handler.HttpHandler - 

Request DefaultFullHttpRequest(decodeResult: success, version: HTTP/1.1, content: EmptyByteBufBE)
GET /session/fdfbe22b703e0cb1448dee4ceb01e145/screenshot HTTP/1.1
User-Agent: selenium/4.8.1 (java windows)
Cache-Control: no-cache
Content-Type: application/json; charset=utf-8
host: localhost:46904
accept: */*

Response DefaultHttpResponse(decodeResult: success, version: HTTP/1.1)
HTTP/1.1 200 OK
Content-Length: 44572
Content-Type: application/json; charset=utf-8
cache-control: no-cache

18:52:40.794 [AsyncHttpClient-1-3] DEBUG org.asynchttpclient.netty.channel.ChannelManager - Adding key: http://localhost:46904 for channel [id: 0xe6d7feb0, L:/127.0.0.1:59071 - R:localhost/127.0.0.1:46904]
18:52:40.797 [main] DEBUG net.serenitybdd.core.photography.Darkroom - Send negative for processing for target\site\serenity\e37f44578b6747e5849e9880e2d0150af21bc7f15554e13570275ec9a9567f73.png
18:52:40.799 [Forwarding getPageSource on session fdfbe22b703e0cb1448dee4ceb01e145 to remote] DEBUG org.asynchttpclient.netty.request.NettyRequestSender - Using pooled Channel '[id: 0xe6d7feb0, L:/127.0.0.1:59071 - R:localhost/127.0.0.1:46904]' for 'POST' to 'http://localhost:46904/session/fdfbe22b703e0cb1448dee4ceb01e145/execute/sync'
18:52:40.799 [Forwarding getPageSource on session fdfbe22b703e0cb1448dee4ceb01e145 to remote] DEBUG org.asynchttpclient.netty.request.NettyRequestSender - Using open Channel [id: 0xe6d7feb0, L:/127.0.0.1:59071 - R:localhost/127.0.0.1:46904] for POST '/session/fdfbe22b703e0cb1448dee4ceb01e145/execute/sync'
18:52:40.811 [AsyncHttpClient-1-3] DEBUG org.asynchttpclient.netty.handler.HttpHandler - 

Request DefaultHttpRequest(decodeResult: success, version: HTTP/1.1)
POST /session/fdfbe22b703e0cb1448dee4ceb01e145/execute/sync HTTP/1.1
User-Agent: selenium/4.8.1 (java windows)
Content-Length: 176
Content-Type: application/json; charset=utf-8
host: localhost:46904
accept: */*

Response DefaultHttpResponse(decodeResult: success, version: HTTP/1.1)
HTTP/1.1 200 OK
Content-Length: 22234
Content-Type: application/json; charset=utf-8
cache-control: no-cache

18:52:40.811 [AsyncHttpClient-1-3] DEBUG org.asynchttpclient.netty.channel.ChannelManager - Adding key: http://localhost:46904 for channel [id: 0xe6d7feb0, L:/127.0.0.1:59071 - R:localhost/127.0.0.1:46904]
18:52:40.815 [Forwarding getCurrentUrl on session fdfbe22b703e0cb1448dee4ceb01e145 to remote] DEBUG org.asynchttpclient.netty.request.NettyRequestSender - Using pooled Channel '[id: 0xe6d7feb0, L:/127.0.0.1:59071 - R:localhost/127.0.0.1:46904]' for 'GET' to 'http://localhost:46904/session/fdfbe22b703e0cb1448dee4ceb01e145/url'
18:52:40.815 [Forwarding getCurrentUrl on session fdfbe22b703e0cb1448dee4ceb01e145 to remote] DEBUG org.asynchttpclient.netty.request.NettyRequestSender - Using open Channel [id: 0xe6d7feb0, L:/127.0.0.1:59071 - R:localhost/127.0.0.1:46904] for GET '/session/fdfbe22b703e0cb1448dee4ceb01e145/url'
18:52:40.820 [AsyncHttpClient-1-3] DEBUG org.asynchttpclient.netty.handler.HttpHandler - 

Request DefaultFullHttpRequest(decodeResult: success, version: HTTP/1.1, content: EmptyByteBufBE)
GET /session/fdfbe22b703e0cb1448dee4ceb01e145/url HTTP/1.1
User-Agent: selenium/4.8.1 (java windows)
Cache-Control: no-cache
Content-Type: application/json; charset=utf-8
host: localhost:46904
accept: */*

Response DefaultHttpResponse(decodeResult: success, version: HTTP/1.1)
HTTP/1.1 200 OK
Content-Length: 54
Content-Type: application/json; charset=utf-8
cache-control: no-cache

18:52:40.820 [AsyncHttpClient-1-3] DEBUG org.asynchttpclient.netty.channel.ChannelManager - Adding key: http://localhost:46904 for channel [id: 0xe6d7feb0, L:/127.0.0.1:59071 - R:localhost/127.0.0.1:46904]
18:52:40.822 [main] DEBUG net.thucydides.core.steps.StepInterceptor - STARTING STEP: RegisterSteps.onRegisterPage - validateOnRegisterPage
18:52:40.825 [Forwarding findElement on session fdfbe22b703e0cb1448dee4ceb01e145 to remote] DEBUG org.asynchttpclient.netty.request.NettyRequestSender - Using pooled Channel '[id: 0xe6d7feb0, L:/127.0.0.1:59071 - R:localhost/127.0.0.1:46904]' for 'POST' to 'http://localhost:46904/session/fdfbe22b703e0cb1448dee4ceb01e145/element'
18:52:40.825 [Forwarding findElement on session fdfbe22b703e0cb1448dee4ceb01e145 to remote] DEBUG org.asynchttpclient.netty.request.NettyRequestSender - Using open Channel [id: 0xe6d7feb0, L:/127.0.0.1:59071 - R:localhost/127.0.0.1:46904] for POST '/session/fdfbe22b703e0cb1448dee4ceb01e145/element'
18:52:40.856 [AsyncHttpClient-1-3] DEBUG org.asynchttpclient.netty.handler.HttpHandler - 

Request DefaultHttpRequest(decodeResult: success, version: HTTP/1.1)
POST /session/fdfbe22b703e0cb1448dee4ceb01e145/element HTTP/1.1
User-Agent: selenium/4.8.1 (java windows)
Content-Length: 142
Content-Type: application/json; charset=utf-8
host: localhost:46904
accept: */*

Response DefaultHttpResponse(decodeResult: success, version: HTTP/1.1)
HTTP/1.1 200 OK
Content-Length: 88
Content-Type: application/json; charset=utf-8
cache-control: no-cache

18:52:40.856 [AsyncHttpClient-1-3] DEBUG org.asynchttpclient.netty.channel.ChannelManager - Adding key: http://localhost:46904 for channel [id: 0xe6d7feb0, L:/127.0.0.1:59071 - R:localhost/127.0.0.1:46904]
18:52:40.861 [Forwarding isElementDisplayed on session fdfbe22b703e0cb1448dee4ceb01e145 to remote] DEBUG org.asynchttpclient.netty.request.NettyRequestSender - Using pooled Channel '[id: 0xe6d7feb0, L:/127.0.0.1:59071 - R:localhost/127.0.0.1:46904]' for 'POST' to 'http://localhost:46904/session/fdfbe22b703e0cb1448dee4ceb01e145/execute/sync'
18:52:40.861 [Forwarding isElementDisplayed on session fdfbe22b703e0cb1448dee4ceb01e145 to remote] DEBUG org.asynchttpclient.netty.request.NettyRequestSender - Using open Channel [id: 0xe6d7feb0, L:/127.0.0.1:59071 - R:localhost/127.0.0.1:46904] for POST '/session/fdfbe22b703e0cb1448dee4ceb01e145/execute/sync'
18:52:40.883 [AsyncHttpClient-1-3] DEBUG org.asynchttpclient.netty.handler.HttpHandler - 

Request DefaultHttpRequest(decodeResult: success, version: HTTP/1.1)
POST /session/fdfbe22b703e0cb1448dee4ceb01e145/execute/sync HTTP/1.1
User-Agent: selenium/4.8.1 (java windows)
Content-Length: 48807
Content-Type: application/json; charset=utf-8
host: localhost:46904
accept: */*

Response DefaultHttpResponse(decodeResult: success, version: HTTP/1.1)
HTTP/1.1 200 OK
Content-Length: 14
Content-Type: application/json; charset=utf-8
cache-control: no-cache

18:52:40.884 [AsyncHttpClient-1-3] DEBUG org.asynchttpclient.netty.channel.ChannelManager - Adding key: http://localhost:46904 for channel [id: 0xe6d7feb0, L:/127.0.0.1:59071 - R:localhost/127.0.0.1:46904]
18:52:40.890 [Forwarding getAlertText on session fdfbe22b703e0cb1448dee4ceb01e145 to remote] DEBUG org.asynchttpclient.netty.request.NettyRequestSender - Using pooled Channel '[id: 0xe6d7feb0, L:/127.0.0.1:59071 - R:localhost/127.0.0.1:46904]' for 'GET' to 'http://localhost:46904/session/fdfbe22b703e0cb1448dee4ceb01e145/alert/text'
18:52:40.890 [Forwarding getAlertText on session fdfbe22b703e0cb1448dee4ceb01e145 to remote] DEBUG org.asynchttpclient.netty.request.NettyRequestSender - Using open Channel [id: 0xe6d7feb0, L:/127.0.0.1:59071 - R:localhost/127.0.0.1:46904] for GET '/session/fdfbe22b703e0cb1448dee4ceb01e145/alert/text'
18:52:40.892 [AsyncHttpClient-1-3] DEBUG org.asynchttpclient.netty.handler.HttpHandler - 

Request DefaultFullHttpRequest(decodeResult: success, version: HTTP/1.1, content: EmptyByteBufBE)
GET /session/fdfbe22b703e0cb1448dee4ceb01e145/alert/text HTTP/1.1
User-Agent: selenium/4.8.1 (java windows)
Cache-Control: no-cache
Content-Type: application/json; charset=utf-8
host: localhost:46904
accept: */*

Response DefaultHttpResponse(decodeResult: success, version: HTTP/1.1)
HTTP/1.1 404 Not Found
Content-Length: 809
Content-Type: application/json; charset=utf-8
cache-control: no-cache

18:52:40.892 [AsyncHttpClient-1-3] DEBUG org.asynchttpclient.netty.channel.ChannelManager - Adding key: http://localhost:46904 for channel [id: 0xe6d7feb0, L:/127.0.0.1:59071 - R:localhost/127.0.0.1:46904]
18:52:40.894 [Forwarding getCurrentUrl on session fdfbe22b703e0cb1448dee4ceb01e145 to remote] DEBUG org.asynchttpclient.netty.request.NettyRequestSender - Using pooled Channel '[id: 0xe6d7feb0, L:/127.0.0.1:59071 - R:localhost/127.0.0.1:46904]' for 'GET' to 'http://localhost:46904/session/fdfbe22b703e0cb1448dee4ceb01e145/url'
18:52:40.894 [Forwarding getCurrentUrl on session fdfbe22b703e0cb1448dee4ceb01e145 to remote] DEBUG org.asynchttpclient.netty.request.NettyRequestSender - Using open Channel [id: 0xe6d7feb0, L:/127.0.0.1:59071 - R:localhost/127.0.0.1:46904] for GET '/session/fdfbe22b703e0cb1448dee4ceb01e145/url'
18:52:40.899 [AsyncHttpClient-1-3] DEBUG org.asynchttpclient.netty.handler.HttpHandler - 

Request DefaultFullHttpRequest(decodeResult: success, version: HTTP/1.1, content: EmptyByteBufBE)
GET /session/fdfbe22b703e0cb1448dee4ceb01e145/url HTTP/1.1
User-Agent: selenium/4.8.1 (java windows)
Cache-Control: no-cache
Content-Type: application/json; charset=utf-8
host: localhost:46904
accept: */*

Response DefaultHttpResponse(decodeResult: success, version: HTTP/1.1)
HTTP/1.1 200 OK
Content-Length: 54
Content-Type: application/json; charset=utf-8
cache-control: no-cache

18:52:40.899 [AsyncHttpClient-1-3] DEBUG org.asynchttpclient.netty.channel.ChannelManager - Adding key: http://localhost:46904 for channel [id: 0xe6d7feb0, L:/127.0.0.1:59071 - R:localhost/127.0.0.1:46904]
18:52:40.900 [Forwarding screenshot on session fdfbe22b703e0cb1448dee4ceb01e145 to remote] DEBUG org.asynchttpclient.netty.request.NettyRequestSender - Using pooled Channel '[id: 0xe6d7feb0, L:/127.0.0.1:59071 - R:localhost/127.0.0.1:46904]' for 'GET' to 'http://localhost:46904/session/fdfbe22b703e0cb1448dee4ceb01e145/screenshot'
18:52:40.900 [Forwarding screenshot on session fdfbe22b703e0cb1448dee4ceb01e145 to remote] DEBUG org.asynchttpclient.netty.request.NettyRequestSender - Using open Channel [id: 0xe6d7feb0, L:/127.0.0.1:59071 - R:localhost/127.0.0.1:46904] for GET '/session/fdfbe22b703e0cb1448dee4ceb01e145/screenshot'
18:52:41.097 [AsyncHttpClient-1-3] DEBUG org.asynchttpclient.netty.handler.HttpHandler - 

Request DefaultFullHttpRequest(decodeResult: success, version: HTTP/1.1, content: EmptyByteBufBE)
GET /session/fdfbe22b703e0cb1448dee4ceb01e145/screenshot HTTP/1.1
User-Agent: selenium/4.8.1 (java windows)
Cache-Control: no-cache
Content-Type: application/json; charset=utf-8
host: localhost:46904
accept: */*

Response DefaultHttpResponse(decodeResult: success, version: HTTP/1.1)
HTTP/1.1 200 OK
Content-Length: 44572
Content-Type: application/json; charset=utf-8
cache-control: no-cache

18:52:41.098 [AsyncHttpClient-1-3] DEBUG org.asynchttpclient.netty.channel.ChannelManager - Adding key: http://localhost:46904 for channel [id: 0xe6d7feb0, L:/127.0.0.1:59071 - R:localhost/127.0.0.1:46904]
18:52:41.101 [main] DEBUG net.serenitybdd.core.photography.Darkroom - Send negative for processing for target\site\serenity\e37f44578b6747e5849e9880e2d0150af21bc7f15554e13570275ec9a9567f73.png
18:52:41.102 [main] DEBUG net.thucydides.core.steps.StepInterceptor - STEP DONE: validateOnRegisterPage
  &amp#27;[32mGiven &amp#27;[0m&amp#27;[32mme on the register page&amp#27;[0m                                       &amp#27;[90m# starter.stepdefinitions.RegisterSteps.onRegisterPage()&amp#27;[0m
18:52:41.116 [Forwarding getPageSource on session fdfbe22b703e0cb1448dee4ceb01e145 to remote] DEBUG org.asynchttpclient.netty.request.NettyRequestSender - Using pooled Channel '[id: 0xe6d7feb0, L:/127.0.0.1:59071 - R:localhost/127.0.0.1:46904]' for 'POST' to 'http://localhost:46904/session/fdfbe22b703e0cb1448dee4ceb01e145/execute/sync'
18:52:41.116 [Forwarding getPageSource on session fdfbe22b703e0cb1448dee4ceb01e145 to remote] DEBUG org.asynchttpclient.netty.request.NettyRequestSender - Using open Channel [id: 0xe6d7feb0, L:/127.0.0.1:59071 - R:localhost/127.0.0.1:46904] for POST '/session/fdfbe22b703e0cb1448dee4ceb01e145/execute/sync'
18:52:41.124 [AsyncHttpClient-1-3] DEBUG org.asynchttpclient.netty.handler.HttpHandler - 

Request DefaultHttpRequest(decodeResult: success, version: HTTP/1.1)
POST /session/fdfbe22b703e0cb1448dee4ceb01e145/execute/sync HTTP/1.1
User-Agent: selenium/4.8.1 (java windows)
Content-Length: 176
Content-Type: application/json; charset=utf-8
host: localhost:46904
accept: */*

Response DefaultHttpResponse(decodeResult: success, version: HTTP/1.1)
HTTP/1.1 200 OK
Content-Length: 22234
Content-Type: application/json; charset=utf-8
cache-control: no-cache

18:52:41.125 [AsyncHttpClient-1-3] DEBUG org.asynchttpclient.netty.channel.ChannelManager - Adding key: http://localhost:46904 for channel [id: 0xe6d7feb0, L:/127.0.0.1:59071 - R:localhost/127.0.0.1:46904]
18:52:41.129 [Forwarding getCurrentUrl on session fdfbe22b703e0cb1448dee4ceb01e145 to remote] DEBUG org.asynchttpclient.netty.request.NettyRequestSender - Using pooled Channel '[id: 0xe6d7feb0, L:/127.0.0.1:59071 - R:localhost/127.0.0.1:46904]' for 'GET' to 'http://localhost:46904/session/fdfbe22b703e0cb1448dee4ceb01e145/url'
18:52:41.129 [Forwarding getCurrentUrl on session fdfbe22b703e0cb1448dee4ceb01e145 to remote] DEBUG org.asynchttpclient.netty.request.NettyRequestSender - Using open Channel [id: 0xe6d7feb0, L:/127.0.0.1:59071 - R:localhost/127.0.0.1:46904] for GET '/session/fdfbe22b703e0cb1448dee4ceb01e145/url'
18:52:41.134 [AsyncHttpClient-1-3] DEBUG org.asynchttpclient.netty.handler.HttpHandler - 

Request DefaultFullHttpRequest(decodeResult: success, version: HTTP/1.1, content: EmptyByteBufBE)
GET /session/fdfbe22b703e0cb1448dee4ceb01e145/url HTTP/1.1
User-Agent: selenium/4.8.1 (java windows)
Cache-Control: no-cache
Content-Type: application/json; charset=utf-8
host: localhost:46904
accept: */*

Response DefaultHttpResponse(decodeResult: success, version: HTTP/1.1)
HTTP/1.1 200 OK
Content-Length: 54
Content-Type: application/json; charset=utf-8
cache-control: no-cache

18:52:41.135 [AsyncHttpClient-1-3] DEBUG org.asynchttpclient.netty.channel.ChannelManager - Adding key: http://localhost:46904 for channel [id: 0xe6d7feb0, L:/127.0.0.1:59071 - R:localhost/127.0.0.1:46904]
18:52:41.146 [Forwarding getPageSource on session fdfbe22b703e0cb1448dee4ceb01e145 to remote] DEBUG org.asynchttpclient.netty.request.NettyRequestSender - Using pooled Channel '[id: 0xe6d7feb0, L:/127.0.0.1:59071 - R:localhost/127.0.0.1:46904]' for 'POST' to 'http://localhost:46904/session/fdfbe22b703e0cb1448dee4ceb01e145/execute/sync'
18:52:41.147 [Forwarding getPageSource on session fdfbe22b703e0cb1448dee4ceb01e145 to remote] DEBUG org.asynchttpclient.netty.request.NettyRequestSender - Using open Channel [id: 0xe6d7feb0, L:/127.0.0.1:59071 - R:localhost/127.0.0.1:46904] for POST '/session/fdfbe22b703e0cb1448dee4ceb01e145/execute/sync'
18:52:41.155 [AsyncHttpClient-1-3] DEBUG org.asynchttpclient.netty.handler.HttpHandler - 

Request DefaultHttpRequest(decodeResult: success, version: HTTP/1.1)
POST /session/fdfbe22b703e0cb1448dee4ceb01e145/execute/sync HTTP/1.1
User-Agent: selenium/4.8.1 (java windows)
Content-Length: 176
Content-Type: application/json; charset=utf-8
host: localhost:46904
accept: */*

Response DefaultHttpResponse(decodeResult: success, version: HTTP/1.1)
HTTP/1.1 200 OK
Content-Length: 22234
Content-Type: application/json; charset=utf-8
cache-control: no-cache

18:52:41.155 [AsyncHttpClient-1-3] DEBUG org.asynchttpclient.netty.channel.ChannelManager - Adding key: http://localhost:46904 for channel [id: 0xe6d7feb0, L:/127.0.0.1:59071 - R:localhost/127.0.0.1:46904]
18:52:41.159 [Forwarding getCurrentUrl on session fdfbe22b703e0cb1448dee4ceb01e145 to remote] DEBUG org.asynchttpclient.netty.request.NettyRequestSender - Using pooled Channel '[id: 0xe6d7feb0, L:/127.0.0.1:59071 - R:localhost/127.0.0.1:46904]' for 'GET' to 'http://localhost:46904/session/fdfbe22b703e0cb1448dee4ceb01e145/url'
18:52:41.159 [Forwarding getCurrentUrl on session fdfbe22b703e0cb1448dee4ceb01e145 to remote] DEBUG org.asynchttpclient.netty.request.NettyRequestSender - Using open Channel [id: 0xe6d7feb0, L:/127.0.0.1:59071 - R:localhost/127.0.0.1:46904] for GET '/session/fdfbe22b703e0cb1448dee4ceb01e145/url'
18:52:41.164 [AsyncHttpClient-1-3] DEBUG org.asynchttpclient.netty.handler.HttpHandler - 

Request DefaultFullHttpRequest(decodeResult: success, version: HTTP/1.1, content: EmptyByteBufBE)
GET /session/fdfbe22b703e0cb1448dee4ceb01e145/url HTTP/1.1
User-Agent: selenium/4.8.1 (java windows)
Cache-Control: no-cache
Content-Type: application/json; charset=utf-8
host: localhost:46904
accept: */*

Response DefaultHttpResponse(decodeResult: success, version: HTTP/1.1)
HTTP/1.1 200 OK
Content-Length: 54
Content-Type: application/json; charset=utf-8
cache-control: no-cache

18:52:41.164 [AsyncHttpClient-1-3] DEBUG org.asynchttpclient.netty.channel.ChannelManager - Adding key: http://localhost:46904 for channel [id: 0xe6d7feb0, L:/127.0.0.1:59071 - R:localhost/127.0.0.1:46904]
18:52:41.167 [main] DEBUG net.thucydides.core.steps.StepInterceptor - STARTING STEP: RegisterSteps.enterFullname - inputFullName
18:52:41.170 [Forwarding findElement on session fdfbe22b703e0cb1448dee4ceb01e145 to remote] DEBUG org.asynchttpclient.netty.request.NettyRequestSender - Using pooled Channel '[id: 0xe6d7feb0, L:/127.0.0.1:59071 - R:localhost/127.0.0.1:46904]' for 'POST' to 'http://localhost:46904/session/fdfbe22b703e0cb1448dee4ceb01e145/element'
18:52:41.170 [Forwarding findElement on session fdfbe22b703e0cb1448dee4ceb01e145 to remote] DEBUG org.asynchttpclient.netty.request.NettyRequestSender - Using open Channel [id: 0xe6d7feb0, L:/127.0.0.1:59071 - R:localhost/127.0.0.1:46904] for POST '/session/fdfbe22b703e0cb1448dee4ceb01e145/element'
18:52:41.186 [AsyncHttpClient-1-3] DEBUG org.asynchttpclient.netty.handler.HttpHandler - 

Request DefaultHttpRequest(decodeResult: success, version: HTTP/1.1)
POST /session/fdfbe22b703e0cb1448dee4ceb01e145/element HTTP/1.1
User-Agent: selenium/4.8.1 (java windows)
Content-Length: 71
Content-Type: application/json; charset=utf-8
host: localhost:46904
accept: */*

Response DefaultHttpResponse(decodeResult: success, version: HTTP/1.1)
HTTP/1.1 200 OK
Content-Length: 88
Content-Type: application/json; charset=utf-8
cache-control: no-cache

18:52:41.186 [AsyncHttpClient-1-3] DEBUG org.asynchttpclient.netty.channel.ChannelManager - Adding key: http://localhost:46904 for channel [id: 0xe6d7feb0, L:/127.0.0.1:59071 - R:localhost/127.0.0.1:46904]
18:52:41.188 [Forwarding clearElement on session fdfbe22b703e0cb1448dee4ceb01e145 to remote] DEBUG org.asynchttpclient.netty.request.NettyRequestSender - Using pooled Channel '[id: 0xe6d7feb0, L:/127.0.0.1:59071 - R:localhost/127.0.0.1:46904]' for 'POST' to 'http://localhost:46904/session/fdfbe22b703e0cb1448dee4ceb01e145/element/ed45c20e-1b77-4f21-a089-5151d0069caa/clear'
18:52:41.188 [Forwarding clearElement on session fdfbe22b703e0cb1448dee4ceb01e145 to remote] DEBUG org.asynchttpclient.netty.request.NettyRequestSender - Using open Channel [id: 0xe6d7feb0, L:/127.0.0.1:59071 - R:localhost/127.0.0.1:46904] for POST '/session/fdfbe22b703e0cb1448dee4ceb01e145/element/ed45c20e-1b77-4f21-a089-5151d0069caa/clear'
18:52:41.245 [AsyncHttpClient-1-3] DEBUG org.asynchttpclient.netty.handler.HttpHandler - 

Request DefaultHttpRequest(decodeResult: success, version: HTTP/1.1)
POST /session/fdfbe22b703e0cb1448dee4ceb01e145/element/ed45c20e-1b77-4f21-a089-5151d0069caa/clear HTTP/1.1
User-Agent: selenium/4.8.1 (java windows)
Content-Length: 50
Content-Type: application/json; charset=utf-8
host: localhost:46904
accept: */*

Response DefaultHttpResponse(decodeResult: success, version: HTTP/1.1)
HTTP/1.1 200 OK
Content-Length: 14
Content-Type: application/json; charset=utf-8
cache-control: no-cache

18:52:41.245 [AsyncHttpClient-1-3] DEBUG org.asynchttpclient.netty.channel.ChannelManager - Adding key: http://localhost:46904 for channel [id: 0xe6d7feb0, L:/127.0.0.1:59071 - R:localhost/127.0.0.1:46904]
18:52:41.248 [Forwarding sendKeysToElement on session fdfbe22b703e0cb1448dee4ceb01e145 to remote] DEBUG org.asynchttpclient.netty.request.NettyRequestSender - Using pooled Channel '[id: 0xe6d7feb0, L:/127.0.0.1:59071 - R:localhost/127.0.0.1:46904]' for 'POST' to 'http://localhost:46904/session/fdfbe22b703e0cb1448dee4ceb01e145/element/ed45c20e-1b77-4f21-a089-5151d0069caa/value'
18:52:41.248 [Forwarding sendKeysToElement on session fdfbe22b703e0cb1448dee4ceb01e145 to remote] DEBUG org.asynchttpclient.netty.request.NettyRequestSender - Using open Channel [id: 0xe6d7feb0, L:/127.0.0.1:59071 - R:localhost/127.0.0.1:46904] for POST '/session/fdfbe22b703e0cb1448dee4ceb01e145/element/ed45c20e-1b77-4f21-a089-5151d0069caa/value'
18:52:41.463 [AsyncHttpClient-1-1] DEBUG org.asynchttpclient.netty.channel.DefaultChannelPool - Entry count for : http://localhost:59072 : 1
18:52:41.470 [AsyncHttpClient-1-3] DEBUG org.asynchttpclient.netty.handler.HttpHandler - 

Request DefaultHttpRequest(decodeResult: success, version: HTTP/1.1)
POST /session/fdfbe22b703e0cb1448dee4ceb01e145/element/ed45c20e-1b77-4f21-a089-5151d0069caa/value HTTP/1.1
User-Agent: selenium/4.8.1 (java windows)
Content-Length: 161
Content-Type: application/json; charset=utf-8
host: localhost:46904
accept: */*

Response DefaultHttpResponse(decodeResult: success, version: HTTP/1.1)
HTTP/1.1 200 OK
Content-Length: 14
Content-Type: application/json; charset=utf-8
cache-control: no-cache

18:52:41.470 [AsyncHttpClient-1-3] DEBUG org.asynchttpclient.netty.channel.ChannelManager - Adding key: http://localhost:46904 for channel [id: 0xe6d7feb0, L:/127.0.0.1:59071 - R:localhost/127.0.0.1:46904]
18:52:41.480 [Forwarding getAlertText on session fdfbe22b703e0cb1448dee4ceb01e145 to remote] DEBUG org.asynchttpclient.netty.request.NettyRequestSender - Using pooled Channel '[id: 0xe6d7feb0, L:/127.0.0.1:59071 - R:localhost/127.0.0.1:46904]' for 'GET' to 'http://localhost:46904/session/fdfbe22b703e0cb1448dee4ceb01e145/alert/text'
18:52:41.480 [Forwarding getAlertText on session fdfbe22b703e0cb1448dee4ceb01e145 to remote] DEBUG org.asynchttpclient.netty.request.NettyRequestSender - Using open Channel [id: 0xe6d7feb0, L:/127.0.0.1:59071 - R:localhost/127.0.0.1:46904] for GET '/session/fdfbe22b703e0cb1448dee4ceb01e145/alert/text'
18:52:41.491 [AsyncHttpClient-1-3] DEBUG org.asynchttpclient.netty.handler.HttpHandler - 

Request DefaultFullHttpRequest(decodeResult: success, version: HTTP/1.1, content: EmptyByteBufBE)
GET /session/fdfbe22b703e0cb1448dee4ceb01e145/alert/text HTTP/1.1
User-Agent: selenium/4.8.1 (java windows)
Cache-Control: no-cache
Content-Type: application/json; charset=utf-8
host: localhost:46904
accept: */*

Response DefaultHttpResponse(decodeResult: success, version: HTTP/1.1)
HTTP/1.1 404 Not Found
Content-Length: 809
Content-Type: application/json; charset=utf-8
cache-control: no-cache

18:52:41.491 [AsyncHttpClient-1-3] DEBUG org.asynchttpclient.netty.channel.ChannelManager - Adding key: http://localhost:46904 for channel [id: 0xe6d7feb0, L:/127.0.0.1:59071 - R:localhost/127.0.0.1:46904]
18:52:41.493 [Forwarding getCurrentUrl on session fdfbe22b703e0cb1448dee4ceb01e145 to remote] DEBUG org.asynchttpclient.netty.request.NettyRequestSender - Using pooled Channel '[id: 0xe6d7feb0, L:/127.0.0.1:59071 - R:localhost/127.0.0.1:46904]' for 'GET' to 'http://localhost:46904/session/fdfbe22b703e0cb1448dee4ceb01e145/url'
18:52:41.493 [Forwarding getCurrentUrl on session fdfbe22b703e0cb1448dee4ceb01e145 to remote] DEBUG org.asynchttpclient.netty.request.NettyRequestSender - Using open Channel [id: 0xe6d7feb0, L:/127.0.0.1:59071 - R:localhost/127.0.0.1:46904] for GET '/session/fdfbe22b703e0cb1448dee4ceb01e145/url'
18:52:41.503 [AsyncHttpClient-1-3] DEBUG org.asynchttpclient.netty.handler.HttpHandler - 

Request DefaultFullHttpRequest(decodeResult: success, version: HTTP/1.1, content: EmptyByteBufBE)
GET /session/fdfbe22b703e0cb1448dee4ceb01e145/url HTTP/1.1
User-Agent: selenium/4.8.1 (java windows)
Cache-Control: no-cache
Content-Type: application/json; charset=utf-8
host: localhost:46904
accept: */*

Response DefaultHttpResponse(decodeResult: success, version: HTTP/1.1)
HTTP/1.1 200 OK
Content-Length: 54
Content-Type: application/json; charset=utf-8
cache-control: no-cache

18:52:41.504 [AsyncHttpClient-1-3] DEBUG org.asynchttpclient.netty.channel.ChannelManager - Adding key: http://localhost:46904 for channel [id: 0xe6d7feb0, L:/127.0.0.1:59071 - R:localhost/127.0.0.1:46904]
18:52:41.504 [Forwarding screenshot on session fdfbe22b703e0cb1448dee4ceb01e145 to remote] DEBUG org.asynchttpclient.netty.request.NettyRequestSender - Using pooled Channel '[id: 0xe6d7feb0, L:/127.0.0.1:59071 - R:localhost/127.0.0.1:46904]' for 'GET' to 'http://localhost:46904/session/fdfbe22b703e0cb1448dee4ceb01e145/screenshot'
18:52:41.505 [Forwarding screenshot on session fdfbe22b703e0cb1448dee4ceb01e145 to remote] DEBUG org.asynchttpclient.netty.request.NettyRequestSender - Using open Channel [id: 0xe6d7feb0, L:/127.0.0.1:59071 - R:localhost/127.0.0.1:46904] for GET '/session/fdfbe22b703e0cb1448dee4ceb01e145/screenshot'
18:52:41.747 [AsyncHttpClient-1-3] DEBUG org.asynchttpclient.netty.handler.HttpHandler - 

Request DefaultFullHttpRequest(decodeResult: success, version: HTTP/1.1, content: EmptyByteBufBE)
GET /session/fdfbe22b703e0cb1448dee4ceb01e145/screenshot HTTP/1.1
User-Agent: selenium/4.8.1 (java windows)
Cache-Control: no-cache
Content-Type: application/json; charset=utf-8
host: localhost:46904
accept: */*

Response DefaultHttpResponse(decodeResult: success, version: HTTP/1.1)
HTTP/1.1 200 OK
Content-Length: 49008
Content-Type: application/json; charset=utf-8
cache-control: no-cache

18:52:41.768 [AsyncHttpClient-1-3] DEBUG org.asynchttpclient.netty.channel.ChannelManager - Adding key: http://localhost:46904 for channel [id: 0xe6d7feb0, L:/127.0.0.1:59071 - R:localhost/127.0.0.1:46904]
18:52:41.772 [main] DEBUG net.serenitybdd.core.photography.Darkroom - Send negative for processing for target\site\serenity\42d2956a3508a0893063330df0e41c242023723279bb696339f2a95a4a596fda.png
18:52:41.772 [main] DEBUG net.thucydides.core.steps.StepInterceptor - STEP DONE: inputFullName
  &amp#27;[32mWhen &amp#27;[0m&amp#27;[32mI enter a full name &amp#27;[0m&amp#27;[32m&amp#27;[1m"b@5sma!)"&amp#27;[0m                                 &amp#27;[90m# starter.stepdefinitions.RegisterSteps.enterFullname(java.lang.String)&amp#27;[0m
18:52:41.773 [Darkroom Processing Line] DEBUG net.serenitybdd.core.photography.DarkroomProcessingLine - Processing screenshot image in /var/screenshots/screenshot-5864288103024450345
18:52:41.773 [Darkroom Processing Line] DEBUG net.serenitybdd.core.photography.DarkroomProcessingLine - Saving screenshot to target\site\serenity\42d2956a3508a0893063330df0e41c242023723279bb696339f2a95a4a596fda.png
18:52:41.787 [Forwarding getPageSource on session fdfbe22b703e0cb1448dee4ceb01e145 to remote] DEBUG org.asynchttpclient.netty.request.NettyRequestSender - Using pooled Channel '[id: 0xe6d7feb0, L:/127.0.0.1:59071 - R:localhost/127.0.0.1:46904]' for 'POST' to 'http://localhost:46904/session/fdfbe22b703e0cb1448dee4ceb01e145/execute/sync'
18:52:41.787 [Forwarding getPageSource on session fdfbe22b703e0cb1448dee4ceb01e145 to remote] DEBUG org.asynchttpclient.netty.request.NettyRequestSender - Using open Channel [id: 0xe6d7feb0, L:/127.0.0.1:59071 - R:localhost/127.0.0.1:46904] for POST '/session/fdfbe22b703e0cb1448dee4ceb01e145/execute/sync'
18:52:41.806 [AsyncHttpClient-1-3] DEBUG org.asynchttpclient.netty.handler.HttpHandler - 

Request DefaultHttpRequest(decodeResult: success, version: HTTP/1.1)
POST /session/fdfbe22b703e0cb1448dee4ceb01e145/execute/sync HTTP/1.1
User-Agent: selenium/4.8.1 (java windows)
Content-Length: 176
Content-Type: application/json; charset=utf-8
host: localhost:46904
accept: */*

Response DefaultHttpResponse(decodeResult: success, version: HTTP/1.1)
HTTP/1.1 200 OK
Content-Length: 22355
Content-Type: application/json; charset=utf-8
cache-control: no-cache

18:52:41.806 [AsyncHttpClient-1-3] DEBUG org.asynchttpclient.netty.channel.ChannelManager - Adding key: http://localhost:46904 for channel [id: 0xe6d7feb0, L:/127.0.0.1:59071 - R:localhost/127.0.0.1:46904]
18:52:41.809 [Forwarding getCurrentUrl on session fdfbe22b703e0cb1448dee4ceb01e145 to remote] DEBUG org.asynchttpclient.netty.request.NettyRequestSender - Using pooled Channel '[id: 0xe6d7feb0, L:/127.0.0.1:59071 - R:localhost/127.0.0.1:46904]' for 'GET' to 'http://localhost:46904/session/fdfbe22b703e0cb1448dee4ceb01e145/url'
18:52:41.810 [Forwarding getCurrentUrl on session fdfbe22b703e0cb1448dee4ceb01e145 to remote] DEBUG org.asynchttpclient.netty.request.NettyRequestSender - Using open Channel [id: 0xe6d7feb0, L:/127.0.0.1:59071 - R:localhost/127.0.0.1:46904] for GET '/session/fdfbe22b703e0cb1448dee4ceb01e145/url'
18:52:41.818 [AsyncHttpClient-1-3] DEBUG org.asynchttpclient.netty.handler.HttpHandler - 

Request DefaultFullHttpRequest(decodeResult: success, version: HTTP/1.1, content: EmptyByteBufBE)
GET /session/fdfbe22b703e0cb1448dee4ceb01e145/url HTTP/1.1
User-Agent: selenium/4.8.1 (java windows)
Cache-Control: no-cache
Content-Type: application/json; charset=utf-8
host: localhost:46904
accept: */*

Response DefaultHttpResponse(decodeResult: success, version: HTTP/1.1)
HTTP/1.1 200 OK
Content-Length: 54
Content-Type: application/json; charset=utf-8
cache-control: no-cache

18:52:41.818 [AsyncHttpClient-1-3] DEBUG org.asynchttpclient.netty.channel.ChannelManager - Adding key: http://localhost:46904 for channel [id: 0xe6d7feb0, L:/127.0.0.1:59071 - R:localhost/127.0.0.1:46904]
18:52:41.831 [Forwarding getAlertText on session fdfbe22b703e0cb1448dee4ceb01e145 to remote] DEBUG org.asynchttpclient.netty.request.NettyRequestSender - Using pooled Channel '[id: 0xe6d7feb0, L:/127.0.0.1:59071 - R:localhost/127.0.0.1:46904]' for 'GET' to 'http://localhost:46904/session/fdfbe22b703e0cb1448dee4ceb01e145/alert/text'
18:52:41.832 [Forwarding getAlertText on session fdfbe22b703e0cb1448dee4ceb01e145 to remote] DEBUG org.asynchttpclient.netty.request.NettyRequestSender - Using open Channel [id: 0xe6d7feb0, L:/127.0.0.1:59071 - R:localhost/127.0.0.1:46904] for GET '/session/fdfbe22b703e0cb1448dee4ceb01e145/alert/text'
18:52:41.837 [AsyncHttpClient-1-3] DEBUG org.asynchttpclient.netty.handler.HttpHandler - 

Request DefaultFullHttpRequest(decodeResult: success, version: HTTP/1.1, content: EmptyByteBufBE)
GET /session/fdfbe22b703e0cb1448dee4ceb01e145/alert/text HTTP/1.1
User-Agent: selenium/4.8.1 (java windows)
Cache-Control: no-cache
Content-Type: application/json; charset=utf-8
host: localhost:46904
accept: */*

Response DefaultHttpResponse(decodeResult: success, version: HTTP/1.1)
HTTP/1.1 404 Not Found
Content-Length: 809
Content-Type: application/json; charset=utf-8
cache-control: no-cache

18:52:41.838 [AsyncHttpClient-1-3] DEBUG org.asynchttpclient.netty.channel.ChannelManager - Adding key: http://localhost:46904 for channel [id: 0xe6d7feb0, L:/127.0.0.1:59071 - R:localhost/127.0.0.1:46904]
18:52:41.839 [Forwarding getCurrentUrl on session fdfbe22b703e0cb1448dee4ceb01e145 to remote] DEBUG org.asynchttpclient.netty.request.NettyRequestSender - Using pooled Channel '[id: 0xe6d7feb0, L:/127.0.0.1:59071 - R:localhost/127.0.0.1:46904]' for 'GET' to 'http://localhost:46904/session/fdfbe22b703e0cb1448dee4ceb01e145/url'
18:52:41.839 [Forwarding getCurrentUrl on session fdfbe22b703e0cb1448dee4ceb01e145 to remote] DEBUG org.asynchttpclient.netty.request.NettyRequestSender - Using open Channel [id: 0xe6d7feb0, L:/127.0.0.1:59071 - R:localhost/127.0.0.1:46904] for GET '/session/fdfbe22b703e0cb1448dee4ceb01e145/url'
18:52:41.848 [AsyncHttpClient-1-3] DEBUG org.asynchttpclient.netty.handler.HttpHandler - 

Request DefaultFullHttpRequest(decodeResult: success, version: HTTP/1.1, content: EmptyByteBufBE)
GET /session/fdfbe22b703e0cb1448dee4ceb01e145/url HTTP/1.1
User-Agent: selenium/4.8.1 (java windows)
Cache-Control: no-cache
Content-Type: application/json; charset=utf-8
host: localhost:46904
accept: */*

Response DefaultHttpResponse(decodeResult: success, version: HTTP/1.1)
HTTP/1.1 200 OK
Content-Length: 54
Content-Type: application/json; charset=utf-8
cache-control: no-cache

18:52:41.848 [AsyncHttpClient-1-3] DEBUG org.asynchttpclient.netty.channel.ChannelManager - Adding key: http://localhost:46904 for channel [id: 0xe6d7feb0, L:/127.0.0.1:59071 - R:localhost/127.0.0.1:46904]
18:52:41.850 [Forwarding screenshot on session fdfbe22b703e0cb1448dee4ceb01e145 to remote] DEBUG org.asynchttpclient.netty.request.NettyRequestSender - Using pooled Channel '[id: 0xe6d7feb0, L:/127.0.0.1:59071 - R:localhost/127.0.0.1:46904]' for 'GET' to 'http://localhost:46904/session/fdfbe22b703e0cb1448dee4ceb01e145/screenshot'
18:52:41.851 [Forwarding screenshot on session fdfbe22b703e0cb1448dee4ceb01e145 to remote] DEBUG org.asynchttpclient.netty.request.NettyRequestSender - Using open Channel [id: 0xe6d7feb0, L:/127.0.0.1:59071 - R:localhost/127.0.0.1:46904] for GET '/session/fdfbe22b703e0cb1448dee4ceb01e145/screenshot'
18:52:42.096 [AsyncHttpClient-1-3] DEBUG org.asynchttpclient.netty.handler.HttpHandler - 

Request DefaultFullHttpRequest(decodeResult: success, version: HTTP/1.1, content: EmptyByteBufBE)
GET /session/fdfbe22b703e0cb1448dee4ceb01e145/screenshot HTTP/1.1
User-Agent: selenium/4.8.1 (java windows)
Cache-Control: no-cache
Content-Type: application/json; charset=utf-8
host: localhost:46904
accept: */*

Response DefaultHttpResponse(decodeResult: success, version: HTTP/1.1)
HTTP/1.1 200 OK
Content-Length: 48044
Content-Type: application/json; charset=utf-8
cache-control: no-cache

18:52:42.096 [AsyncHttpClient-1-3] DEBUG org.asynchttpclient.netty.channel.ChannelManager - Adding key: http://localhost:46904 for channel [id: 0xe6d7feb0, L:/127.0.0.1:59071 - R:localhost/127.0.0.1:46904]
18:52:42.099 [main] DEBUG net.serenitybdd.core.photography.Darkroom - Send negative for processing for target\site\serenity\fcc2f63d6bd829072bd34af317f5e174a30b88c814de7cc9150ba92b947b7496.png
18:52:42.099 [Darkroom Processing Line] DEBUG net.serenitybdd.core.photography.DarkroomProcessingLine - Processing screenshot image in /var/screenshots/screenshot-10482122474222395552
18:52:42.099 [Darkroom Processing Line] DEBUG net.serenitybdd.core.photography.DarkroomProcessingLine - Saving screenshot to target\site\serenity\fcc2f63d6bd829072bd34af317f5e174a30b88c814de7cc9150ba92b947b7496.png
18:52:42.100 [Forwarding getPageSource on session fdfbe22b703e0cb1448dee4ceb01e145 to remote] DEBUG org.asynchttpclient.netty.request.NettyRequestSender - Using pooled Channel '[id: 0xe6d7feb0, L:/127.0.0.1:59071 - R:localhost/127.0.0.1:46904]' for 'POST' to 'http://localhost:46904/session/fdfbe22b703e0cb1448dee4ceb01e145/execute/sync'
18:52:42.100 [Forwarding getPageSource on session fdfbe22b703e0cb1448dee4ceb01e145 to remote] DEBUG org.asynchttpclient.netty.request.NettyRequestSender - Using open Channel [id: 0xe6d7feb0, L:/127.0.0.1:59071 - R:localhost/127.0.0.1:46904] for POST '/session/fdfbe22b703e0cb1448dee4ceb01e145/execute/sync'
18:52:42.109 [AsyncHttpClient-1-3] DEBUG org.asynchttpclient.netty.handler.HttpHandler - 

Request DefaultHttpRequest(decodeResult: success, version: HTTP/1.1)
POST /session/fdfbe22b703e0cb1448dee4ceb01e145/execute/sync HTTP/1.1
User-Agent: selenium/4.8.1 (java windows)
Content-Length: 176
Content-Type: application/json; charset=utf-8
host: localhost:46904
accept: */*

Response DefaultHttpResponse(decodeResult: success, version: HTTP/1.1)
HTTP/1.1 200 OK
Content-Length: 22355
Content-Type: application/json; charset=utf-8
cache-control: no-cache

18:52:42.109 [AsyncHttpClient-1-3] DEBUG org.asynchttpclient.netty.channel.ChannelManager - Adding key: http://localhost:46904 for channel [id: 0xe6d7feb0, L:/127.0.0.1:59071 - R:localhost/127.0.0.1:46904]
18:52:42.112 [Forwarding getCurrentUrl on session fdfbe22b703e0cb1448dee4ceb01e145 to remote] DEBUG org.asynchttpclient.netty.request.NettyRequestSender - Using pooled Channel '[id: 0xe6d7feb0, L:/127.0.0.1:59071 - R:localhost/127.0.0.1:46904]' for 'GET' to 'http://localhost:46904/session/fdfbe22b703e0cb1448dee4ceb01e145/url'
18:52:42.112 [Forwarding getCurrentUrl on session fdfbe22b703e0cb1448dee4ceb01e145 to remote] DEBUG org.asynchttpclient.netty.request.NettyRequestSender - Using open Channel [id: 0xe6d7feb0, L:/127.0.0.1:59071 - R:localhost/127.0.0.1:46904] for GET '/session/fdfbe22b703e0cb1448dee4ceb01e145/url'
18:52:42.117 [AsyncHttpClient-1-3] DEBUG org.asynchttpclient.netty.handler.HttpHandler - 

Request DefaultFullHttpRequest(decodeResult: success, version: HTTP/1.1, content: EmptyByteBufBE)
GET /session/fdfbe22b703e0cb1448dee4ceb01e145/url HTTP/1.1
User-Agent: selenium/4.8.1 (java windows)
Cache-Control: no-cache
Content-Type: application/json; charset=utf-8
host: localhost:46904
accept: */*

Response DefaultHttpResponse(decodeResult: success, version: HTTP/1.1)
HTTP/1.1 200 OK
Content-Length: 54
Content-Type: application/json; charset=utf-8
cache-control: no-cache

18:52:42.117 [AsyncHttpClient-1-3] DEBUG org.asynchttpclient.netty.channel.ChannelManager - Adding key: http://localhost:46904 for channel [id: 0xe6d7feb0, L:/127.0.0.1:59071 - R:localhost/127.0.0.1:46904]
18:52:42.120 [main] DEBUG net.thucydides.core.steps.StepInterceptor - STARTING STEP: RegisterSteps.enterEmail - inputEmail
18:52:42.123 [Forwarding findElement on session fdfbe22b703e0cb1448dee4ceb01e145 to remote] DEBUG org.asynchttpclient.netty.request.NettyRequestSender - Using pooled Channel '[id: 0xe6d7feb0, L:/127.0.0.1:59071 - R:localhost/127.0.0.1:46904]' for 'POST' to 'http://localhost:46904/session/fdfbe22b703e0cb1448dee4ceb01e145/element'
18:52:42.123 [Forwarding findElement on session fdfbe22b703e0cb1448dee4ceb01e145 to remote] DEBUG org.asynchttpclient.netty.request.NettyRequestSender - Using open Channel [id: 0xe6d7feb0, L:/127.0.0.1:59071 - R:localhost/127.0.0.1:46904] for POST '/session/fdfbe22b703e0cb1448dee4ceb01e145/element'
18:52:42.141 [AsyncHttpClient-1-3] DEBUG org.asynchttpclient.netty.handler.HttpHandler - 

Request DefaultHttpRequest(decodeResult: success, version: HTTP/1.1)
POST /session/fdfbe22b703e0cb1448dee4ceb01e145/element HTTP/1.1
User-Agent: selenium/4.8.1 (java windows)
Content-Length: 71
Content-Type: application/json; charset=utf-8
host: localhost:46904
accept: */*

Response DefaultHttpResponse(decodeResult: success, version: HTTP/1.1)
HTTP/1.1 200 OK
Content-Length: 88
Content-Type: application/json; charset=utf-8
cache-control: no-cache

18:52:42.141 [AsyncHttpClient-1-3] DEBUG org.asynchttpclient.netty.channel.ChannelManager - Adding key: http://localhost:46904 for channel [id: 0xe6d7feb0, L:/127.0.0.1:59071 - R:localhost/127.0.0.1:46904]
18:52:42.142 [Forwarding clearElement on session fdfbe22b703e0cb1448dee4ceb01e145 to remote] DEBUG org.asynchttpclient.netty.request.NettyRequestSender - Using pooled Channel '[id: 0xe6d7feb0, L:/127.0.0.1:59071 - R:localhost/127.0.0.1:46904]' for 'POST' to 'http://localhost:46904/session/fdfbe22b703e0cb1448dee4ceb01e145/element/3f2b938e-912a-490b-88ba-7366398fb3c9/clear'
18:52:42.142 [Forwarding clearElement on session fdfbe22b703e0cb1448dee4ceb01e145 to remote] DEBUG org.asynchttpclient.netty.request.NettyRequestSender - Using open Channel [id: 0xe6d7feb0, L:/127.0.0.1:59071 - R:localhost/127.0.0.1:46904] for POST '/session/fdfbe22b703e0cb1448dee4ceb01e145/element/3f2b938e-912a-490b-88ba-7366398fb3c9/clear'
18:52:42.194 [AsyncHttpClient-1-3] DEBUG org.asynchttpclient.netty.handler.HttpHandler - 

Request DefaultHttpRequest(decodeResult: success, version: HTTP/1.1)
POST /session/fdfbe22b703e0cb1448dee4ceb01e145/element/3f2b938e-912a-490b-88ba-7366398fb3c9/clear HTTP/1.1
User-Agent: selenium/4.8.1 (java windows)
Content-Length: 50
Content-Type: application/json; charset=utf-8
host: localhost:46904
accept: */*

Response DefaultHttpResponse(decodeResult: success, version: HTTP/1.1)
HTTP/1.1 200 OK
Content-Length: 14
Content-Type: application/json; charset=utf-8
cache-control: no-cache

18:52:42.194 [AsyncHttpClient-1-3] DEBUG org.asynchttpclient.netty.channel.ChannelManager - Adding key: http://localhost:46904 for channel [id: 0xe6d7feb0, L:/127.0.0.1:59071 - R:localhost/127.0.0.1:46904]
18:52:42.196 [Forwarding sendKeysToElement on session fdfbe22b703e0cb1448dee4ceb01e145 to remote] DEBUG org.asynchttpclient.netty.request.NettyRequestSender - Using pooled Channel '[id: 0xe6d7feb0, L:/127.0.0.1:59071 - R:localhost/127.0.0.1:46904]' for 'POST' to 'http://localhost:46904/session/fdfbe22b703e0cb1448dee4ceb01e145/element/3f2b938e-912a-490b-88ba-7366398fb3c9/value'
18:52:42.196 [Forwarding sendKeysToElement on session fdfbe22b703e0cb1448dee4ceb01e145 to remote] DEBUG org.asynchttpclient.netty.request.NettyRequestSender - Using open Channel [id: 0xe6d7feb0, L:/127.0.0.1:59071 - R:localhost/127.0.0.1:46904] for POST '/session/fdfbe22b703e0cb1448dee4ceb01e145/element/3f2b938e-912a-490b-88ba-7366398fb3c9/value'
18:52:42.415 [AsyncHttpClient-1-3] DEBUG org.asynchttpclient.netty.handler.HttpHandler - 

Request DefaultHttpRequest(decodeResult: success, version: HTTP/1.1)
POST /session/fdfbe22b703e0cb1448dee4ceb01e145/element/3f2b938e-912a-490b-88ba-7366398fb3c9/value HTTP/1.1
User-Agent: selenium/4.8.1 (java windows)
Content-Length: 271
Content-Type: application/json; charset=utf-8
host: localhost:46904
accept: */*

Response DefaultHttpResponse(decodeResult: success, version: HTTP/1.1)
HTTP/1.1 200 OK
Content-Length: 14
Content-Type: application/json; charset=utf-8
cache-control: no-cache

18:52:42.416 [AsyncHttpClient-1-3] DEBUG org.asynchttpclient.netty.channel.ChannelManager - Adding key: http://localhost:46904 for channel [id: 0xe6d7feb0, L:/127.0.0.1:59071 - R:localhost/127.0.0.1:46904]
18:52:42.427 [Forwarding getAlertText on session fdfbe22b703e0cb1448dee4ceb01e145 to remote] DEBUG org.asynchttpclient.netty.request.NettyRequestSender - Using pooled Channel '[id: 0xe6d7feb0, L:/127.0.0.1:59071 - R:localhost/127.0.0.1:46904]' for 'GET' to 'http://localhost:46904/session/fdfbe22b703e0cb1448dee4ceb01e145/alert/text'
18:52:42.427 [Forwarding getAlertText on session fdfbe22b703e0cb1448dee4ceb01e145 to remote] DEBUG org.asynchttpclient.netty.request.NettyRequestSender - Using open Channel [id: 0xe6d7feb0, L:/127.0.0.1:59071 - R:localhost/127.0.0.1:46904] for GET '/session/fdfbe22b703e0cb1448dee4ceb01e145/alert/text'
18:52:42.430 [AsyncHttpClient-1-3] DEBUG org.asynchttpclient.netty.handler.HttpHandler - 

Request DefaultFullHttpRequest(decodeResult: success, version: HTTP/1.1, content: EmptyByteBufBE)
GET /session/fdfbe22b703e0cb1448dee4ceb01e145/alert/text HTTP/1.1
User-Agent: selenium/4.8.1 (java windows)
Cache-Control: no-cache
Content-Type: application/json; charset=utf-8
host: localhost:46904
accept: */*

Response DefaultHttpResponse(decodeResult: success, version: HTTP/1.1)
HTTP/1.1 404 Not Found
Content-Length: 809
Content-Type: application/json; charset=utf-8
cache-control: no-cache

18:52:42.430 [AsyncHttpClient-1-3] DEBUG org.asynchttpclient.netty.channel.ChannelManager - Adding key: http://localhost:46904 for channel [id: 0xe6d7feb0, L:/127.0.0.1:59071 - R:localhost/127.0.0.1:46904]
18:52:42.432 [Forwarding getCurrentUrl on session fdfbe22b703e0cb1448dee4ceb01e145 to remote] DEBUG org.asynchttpclient.netty.request.NettyRequestSender - Using pooled Channel '[id: 0xe6d7feb0, L:/127.0.0.1:59071 - R:localhost/127.0.0.1:46904]' for 'GET' to 'http://localhost:46904/session/fdfbe22b703e0cb1448dee4ceb01e145/url'
18:52:42.432 [Forwarding getCurrentUrl on session fdfbe22b703e0cb1448dee4ceb01e145 to remote] DEBUG org.asynchttpclient.netty.request.NettyRequestSender - Using open Channel [id: 0xe6d7feb0, L:/127.0.0.1:59071 - R:localhost/127.0.0.1:46904] for GET '/session/fdfbe22b703e0cb1448dee4ceb01e145/url'
18:52:42.441 [AsyncHttpClient-1-3] DEBUG org.asynchttpclient.netty.handler.HttpHandler - 

Request DefaultFullHttpRequest(decodeResult: success, version: HTTP/1.1, content: EmptyByteBufBE)
GET /session/fdfbe22b703e0cb1448dee4ceb01e145/url HTTP/1.1
User-Agent: selenium/4.8.1 (java windows)
Cache-Control: no-cache
Content-Type: application/json; charset=utf-8
host: localhost:46904
accept: */*

Response DefaultHttpResponse(decodeResult: success, version: HTTP/1.1)
HTTP/1.1 200 OK
Content-Length: 54
Content-Type: application/json; charset=utf-8
cache-control: no-cache

18:52:42.441 [AsyncHttpClient-1-3] DEBUG org.asynchttpclient.netty.channel.ChannelManager - Adding key: http://localhost:46904 for channel [id: 0xe6d7feb0, L:/127.0.0.1:59071 - R:localhost/127.0.0.1:46904]
18:52:42.442 [Forwarding screenshot on session fdfbe22b703e0cb1448dee4ceb01e145 to remote] DEBUG org.asynchttpclient.netty.request.NettyRequestSender - Using pooled Channel '[id: 0xe6d7feb0, L:/127.0.0.1:59071 - R:localhost/127.0.0.1:46904]' for 'GET' to 'http://localhost:46904/session/fdfbe22b703e0cb1448dee4ceb01e145/screenshot'
18:52:42.442 [Forwarding screenshot on session fdfbe22b703e0cb1448dee4ceb01e145 to remote] DEBUG org.asynchttpclient.netty.request.NettyRequestSender - Using open Channel [id: 0xe6d7feb0, L:/127.0.0.1:59071 - R:localhost/127.0.0.1:46904] for GET '/session/fdfbe22b703e0cb1448dee4ceb01e145/screenshot'
18:52:42.562 [AsyncHttpClient-1-1] DEBUG org.asynchttpclient.netty.channel.DefaultChannelPool - Entry count for : http://localhost:59072 : 1
18:52:42.729 [AsyncHttpClient-1-3] DEBUG org.asynchttpclient.netty.handler.HttpHandler - 

Request DefaultFullHttpRequest(decodeResult: success, version: HTTP/1.1, content: EmptyByteBufBE)
GET /session/fdfbe22b703e0cb1448dee4ceb01e145/screenshot HTTP/1.1
User-Agent: selenium/4.8.1 (java windows)
Cache-Control: no-cache
Content-Type: application/json; charset=utf-8
host: localhost:46904
accept: */*

Response DefaultHttpResponse(decodeResult: success, version: HTTP/1.1)
HTTP/1.1 200 OK
Content-Length: 56052
Content-Type: application/json; charset=utf-8
cache-control: no-cache

18:52:42.730 [AsyncHttpClient-1-3] DEBUG org.asynchttpclient.netty.channel.ChannelManager - Adding key: http://localhost:46904 for channel [id: 0xe6d7feb0, L:/127.0.0.1:59071 - R:localhost/127.0.0.1:46904]
18:52:42.736 [main] DEBUG net.serenitybdd.core.photography.Darkroom - Send negative for processing for target\site\serenity\0ad28d9fd757c5537935ceedf34a900163f1a7a58ca37ebe38f3b3517e0c8eb7.png
18:52:42.737 [main] DEBUG net.thucydides.core.steps.StepInterceptor - STEP DONE: inputEmail
  &amp#27;[32mAnd &amp#27;[0m&amp#27;[32mI entered a email &amp#27;[0m&amp#27;[32m&amp#27;[1m"basmatest@gmail.com"&amp#27;[0m                         &amp#27;[90m# starter.stepdefinitions.RegisterSteps.enterEmail(java.lang.String)&amp#27;[0m
18:52:42.738 [Darkroom Processing Line] DEBUG net.serenitybdd.core.photography.DarkroomProcessingLine - Processing screenshot image in /var/screenshots/screenshot-15995905646568536667
18:52:42.738 [Darkroom Processing Line] DEBUG net.serenitybdd.core.photography.DarkroomProcessingLine - Saving screenshot to target\site\serenity\0ad28d9fd757c5537935ceedf34a900163f1a7a58ca37ebe38f3b3517e0c8eb7.png
18:52:42.754 [Forwarding getPageSource on session fdfbe22b703e0cb1448dee4ceb01e145 to remote] DEBUG org.asynchttpclient.netty.request.NettyRequestSender - Using pooled Channel '[id: 0xe6d7feb0, L:/127.0.0.1:59071 - R:localhost/127.0.0.1:46904]' for 'POST' to 'http://localhost:46904/session/fdfbe22b703e0cb1448dee4ceb01e145/execute/sync'
18:52:42.754 [Forwarding getPageSource on session fdfbe22b703e0cb1448dee4ceb01e145 to remote] DEBUG org.asynchttpclient.netty.request.NettyRequestSender - Using open Channel [id: 0xe6d7feb0, L:/127.0.0.1:59071 - R:localhost/127.0.0.1:46904] for POST '/session/fdfbe22b703e0cb1448dee4ceb01e145/execute/sync'
18:52:42.770 [AsyncHttpClient-1-3] DEBUG org.asynchttpclient.netty.handler.HttpHandler - 

Request DefaultHttpRequest(decodeResult: success, version: HTTP/1.1)
POST /session/fdfbe22b703e0cb1448dee4ceb01e145/execute/sync HTTP/1.1
User-Agent: selenium/4.8.1 (java windows)
Content-Length: 176
Content-Type: application/json; charset=utf-8
host: localhost:46904
accept: */*

Response DefaultHttpResponse(decodeResult: success, version: HTTP/1.1)
HTTP/1.1 200 OK
Content-Length: 22414
Content-Type: application/json; charset=utf-8
cache-control: no-cache

18:52:42.770 [AsyncHttpClient-1-3] DEBUG org.asynchttpclient.netty.channel.ChannelManager - Adding key: http://localhost:46904 for channel [id: 0xe6d7feb0, L:/127.0.0.1:59071 - R:localhost/127.0.0.1:46904]
18:52:42.773 [Forwarding getCurrentUrl on session fdfbe22b703e0cb1448dee4ceb01e145 to remote] DEBUG org.asynchttpclient.netty.request.NettyRequestSender - Using pooled Channel '[id: 0xe6d7feb0, L:/127.0.0.1:59071 - R:localhost/127.0.0.1:46904]' for 'GET' to 'http://localhost:46904/session/fdfbe22b703e0cb1448dee4ceb01e145/url'
18:52:42.773 [Forwarding getCurrentUrl on session fdfbe22b703e0cb1448dee4ceb01e145 to remote] DEBUG org.asynchttpclient.netty.request.NettyRequestSender - Using open Channel [id: 0xe6d7feb0, L:/127.0.0.1:59071 - R:localhost/127.0.0.1:46904] for GET '/session/fdfbe22b703e0cb1448dee4ceb01e145/url'
18:52:42.777 [AsyncHttpClient-1-3] DEBUG org.asynchttpclient.netty.handler.HttpHandler - 

Request DefaultFullHttpRequest(decodeResult: success, version: HTTP/1.1, content: EmptyByteBufBE)
GET /session/fdfbe22b703e0cb1448dee4ceb01e145/url HTTP/1.1
User-Agent: selenium/4.8.1 (java windows)
Cache-Control: no-cache
Content-Type: application/json; charset=utf-8
host: localhost:46904
accept: */*

Response DefaultHttpResponse(decodeResult: success, version: HTTP/1.1)
HTTP/1.1 200 OK
Content-Length: 54
Content-Type: application/json; charset=utf-8
cache-control: no-cache

18:52:42.777 [AsyncHttpClient-1-3] DEBUG org.asynchttpclient.netty.channel.ChannelManager - Adding key: http://localhost:46904 for channel [id: 0xe6d7feb0, L:/127.0.0.1:59071 - R:localhost/127.0.0.1:46904]
18:52:42.791 [Forwarding getAlertText on session fdfbe22b703e0cb1448dee4ceb01e145 to remote] DEBUG org.asynchttpclient.netty.request.NettyRequestSender - Using pooled Channel '[id: 0xe6d7feb0, L:/127.0.0.1:59071 - R:localhost/127.0.0.1:46904]' for 'GET' to 'http://localhost:46904/session/fdfbe22b703e0cb1448dee4ceb01e145/alert/text'
18:52:42.791 [Forwarding getAlertText on session fdfbe22b703e0cb1448dee4ceb01e145 to remote] DEBUG org.asynchttpclient.netty.request.NettyRequestSender - Using open Channel [id: 0xe6d7feb0, L:/127.0.0.1:59071 - R:localhost/127.0.0.1:46904] for GET '/session/fdfbe22b703e0cb1448dee4ceb01e145/alert/text'
18:52:42.794 [AsyncHttpClient-1-3] DEBUG org.asynchttpclient.netty.handler.HttpHandler - 

Request DefaultFullHttpRequest(decodeResult: success, version: HTTP/1.1, content: EmptyByteBufBE)
GET /session/fdfbe22b703e0cb1448dee4ceb01e145/alert/text HTTP/1.1
User-Agent: selenium/4.8.1 (java windows)
Cache-Control: no-cache
Content-Type: application/json; charset=utf-8
host: localhost:46904
accept: */*

Response DefaultHttpResponse(decodeResult: success, version: HTTP/1.1)
HTTP/1.1 404 Not Found
Content-Length: 809
Content-Type: application/json; charset=utf-8
cache-control: no-cache

18:52:42.795 [AsyncHttpClient-1-3] DEBUG org.asynchttpclient.netty.channel.ChannelManager - Adding key: http://localhost:46904 for channel [id: 0xe6d7feb0, L:/127.0.0.1:59071 - R:localhost/127.0.0.1:46904]
18:52:42.796 [Forwarding getCurrentUrl on session fdfbe22b703e0cb1448dee4ceb01e145 to remote] DEBUG org.asynchttpclient.netty.request.NettyRequestSender - Using pooled Channel '[id: 0xe6d7feb0, L:/127.0.0.1:59071 - R:localhost/127.0.0.1:46904]' for 'GET' to 'http://localhost:46904/session/fdfbe22b703e0cb1448dee4ceb01e145/url'
18:52:42.796 [Forwarding getCurrentUrl on session fdfbe22b703e0cb1448dee4ceb01e145 to remote] DEBUG org.asynchttpclient.netty.request.NettyRequestSender - Using open Channel [id: 0xe6d7feb0, L:/127.0.0.1:59071 - R:localhost/127.0.0.1:46904] for GET '/session/fdfbe22b703e0cb1448dee4ceb01e145/url'
18:52:42.804 [AsyncHttpClient-1-3] DEBUG org.asynchttpclient.netty.handler.HttpHandler - 

Request DefaultFullHttpRequest(decodeResult: success, version: HTTP/1.1, content: EmptyByteBufBE)
GET /session/fdfbe22b703e0cb1448dee4ceb01e145/url HTTP/1.1
User-Agent: selenium/4.8.1 (java windows)
Cache-Control: no-cache
Content-Type: application/json; charset=utf-8
host: localhost:46904
accept: */*

Response DefaultHttpResponse(decodeResult: success, version: HTTP/1.1)
HTTP/1.1 200 OK
Content-Length: 54
Content-Type: application/json; charset=utf-8
cache-control: no-cache

18:52:42.805 [AsyncHttpClient-1-3] DEBUG org.asynchttpclient.netty.channel.ChannelManager - Adding key: http://localhost:46904 for channel [id: 0xe6d7feb0, L:/127.0.0.1:59071 - R:localhost/127.0.0.1:46904]
18:52:42.805 [Forwarding screenshot on session fdfbe22b703e0cb1448dee4ceb01e145 to remote] DEBUG org.asynchttpclient.netty.request.NettyRequestSender - Using pooled Channel '[id: 0xe6d7feb0, L:/127.0.0.1:59071 - R:localhost/127.0.0.1:46904]' for 'GET' to 'http://localhost:46904/session/fdfbe22b703e0cb1448dee4ceb01e145/screenshot'
18:52:42.805 [Forwarding screenshot on session fdfbe22b703e0cb1448dee4ceb01e145 to remote] DEBUG org.asynchttpclient.netty.request.NettyRequestSender - Using open Channel [id: 0xe6d7feb0, L:/127.0.0.1:59071 - R:localhost/127.0.0.1:46904] for GET '/session/fdfbe22b703e0cb1448dee4ceb01e145/screenshot'
18:52:43.055 [AsyncHttpClient-1-3] DEBUG org.asynchttpclient.netty.handler.HttpHandler - 

Request DefaultFullHttpRequest(decodeResult: success, version: HTTP/1.1, content: EmptyByteBufBE)
GET /session/fdfbe22b703e0cb1448dee4ceb01e145/screenshot HTTP/1.1
User-Agent: selenium/4.8.1 (java windows)
Cache-Control: no-cache
Content-Type: application/json; charset=utf-8
host: localhost:46904
accept: */*

Response DefaultHttpResponse(decodeResult: success, version: HTTP/1.1)
HTTP/1.1 200 OK
Content-Length: 55396
Content-Type: application/json; charset=utf-8
cache-control: no-cache

18:52:43.056 [AsyncHttpClient-1-3] DEBUG org.asynchttpclient.netty.channel.ChannelManager - Adding key: http://localhost:46904 for channel [id: 0xe6d7feb0, L:/127.0.0.1:59071 - R:localhost/127.0.0.1:46904]
18:52:43.059 [main] DEBUG net.serenitybdd.core.photography.Darkroom - Send negative for processing for target\site\serenity\4da5c5fde334e989d37550a65b19abb635dcb639e516eb75b9dd9525017e2ad6.png
18:52:43.060 [Darkroom Processing Line] DEBUG net.serenitybdd.core.photography.DarkroomProcessingLine - Processing screenshot image in /var/screenshots/screenshot-4642671593198227511
18:52:43.060 [Darkroom Processing Line] DEBUG net.serenitybdd.core.photography.DarkroomProcessingLine - Saving screenshot to target\site\serenity\4da5c5fde334e989d37550a65b19abb635dcb639e516eb75b9dd9525017e2ad6.png
18:52:43.060 [Forwarding getPageSource on session fdfbe22b703e0cb1448dee4ceb01e145 to remote] DEBUG org.asynchttpclient.netty.request.NettyRequestSender - Using pooled Channel '[id: 0xe6d7feb0, L:/127.0.0.1:59071 - R:localhost/127.0.0.1:46904]' for 'POST' to 'http://localhost:46904/session/fdfbe22b703e0cb1448dee4ceb01e145/execute/sync'
18:52:43.060 [Forwarding getPageSource on session fdfbe22b703e0cb1448dee4ceb01e145 to remote] DEBUG org.asynchttpclient.netty.request.NettyRequestSender - Using open Channel [id: 0xe6d7feb0, L:/127.0.0.1:59071 - R:localhost/127.0.0.1:46904] for POST '/session/fdfbe22b703e0cb1448dee4ceb01e145/execute/sync'
18:52:43.070 [AsyncHttpClient-1-3] DEBUG org.asynchttpclient.netty.handler.HttpHandler - 

Request DefaultHttpRequest(decodeResult: success, version: HTTP/1.1)
POST /session/fdfbe22b703e0cb1448dee4ceb01e145/execute/sync HTTP/1.1
User-Agent: selenium/4.8.1 (java windows)
Content-Length: 176
Content-Type: application/json; charset=utf-8
host: localhost:46904
accept: */*

Response DefaultHttpResponse(decodeResult: success, version: HTTP/1.1)
HTTP/1.1 200 OK
Content-Length: 22414
Content-Type: application/json; charset=utf-8
cache-control: no-cache

18:52:43.070 [AsyncHttpClient-1-3] DEBUG org.asynchttpclient.netty.channel.ChannelManager - Adding key: http://localhost:46904 for channel [id: 0xe6d7feb0, L:/127.0.0.1:59071 - R:localhost/127.0.0.1:46904]
18:52:43.073 [Forwarding getCurrentUrl on session fdfbe22b703e0cb1448dee4ceb01e145 to remote] DEBUG org.asynchttpclient.netty.request.NettyRequestSender - Using pooled Channel '[id: 0xe6d7feb0, L:/127.0.0.1:59071 - R:localhost/127.0.0.1:46904]' for 'GET' to 'http://localhost:46904/session/fdfbe22b703e0cb1448dee4ceb01e145/url'
18:52:43.073 [Forwarding getCurrentUrl on session fdfbe22b703e0cb1448dee4ceb01e145 to remote] DEBUG org.asynchttpclient.netty.request.NettyRequestSender - Using open Channel [id: 0xe6d7feb0, L:/127.0.0.1:59071 - R:localhost/127.0.0.1:46904] for GET '/session/fdfbe22b703e0cb1448dee4ceb01e145/url'
18:52:43.078 [AsyncHttpClient-1-3] DEBUG org.asynchttpclient.netty.handler.HttpHandler - 

Request DefaultFullHttpRequest(decodeResult: success, version: HTTP/1.1, content: EmptyByteBufBE)
GET /session/fdfbe22b703e0cb1448dee4ceb01e145/url HTTP/1.1
User-Agent: selenium/4.8.1 (java windows)
Cache-Control: no-cache
Content-Type: application/json; charset=utf-8
host: localhost:46904
accept: */*

Response DefaultHttpResponse(decodeResult: success, version: HTTP/1.1)
HTTP/1.1 200 OK
Content-Length: 54
Content-Type: application/json; charset=utf-8
cache-control: no-cache

18:52:43.078 [AsyncHttpClient-1-3] DEBUG org.asynchttpclient.netty.channel.ChannelManager - Adding key: http://localhost:46904 for channel [id: 0xe6d7feb0, L:/127.0.0.1:59071 - R:localhost/127.0.0.1:46904]
18:52:43.082 [main] DEBUG net.thucydides.core.steps.StepInterceptor - STARTING STEP: RegisterSteps.enterPassword - inputPassword
18:52:43.085 [Forwarding findElement on session fdfbe22b703e0cb1448dee4ceb01e145 to remote] DEBUG org.asynchttpclient.netty.request.NettyRequestSender - Using pooled Channel '[id: 0xe6d7feb0, L:/127.0.0.1:59071 - R:localhost/127.0.0.1:46904]' for 'POST' to 'http://localhost:46904/session/fdfbe22b703e0cb1448dee4ceb01e145/element'
18:52:43.085 [Forwarding findElement on session fdfbe22b703e0cb1448dee4ceb01e145 to remote] DEBUG org.asynchttpclient.netty.request.NettyRequestSender - Using open Channel [id: 0xe6d7feb0, L:/127.0.0.1:59071 - R:localhost/127.0.0.1:46904] for POST '/session/fdfbe22b703e0cb1448dee4ceb01e145/element'
18:52:43.106 [AsyncHttpClient-1-3] DEBUG org.asynchttpclient.netty.handler.HttpHandler - 

Request DefaultHttpRequest(decodeResult: success, version: HTTP/1.1)
POST /session/fdfbe22b703e0cb1448dee4ceb01e145/element HTTP/1.1
User-Agent: selenium/4.8.1 (java windows)
Content-Length: 71
Content-Type: application/json; charset=utf-8
host: localhost:46904
accept: */*

Response DefaultHttpResponse(decodeResult: success, version: HTTP/1.1)
HTTP/1.1 200 OK
Content-Length: 88
Content-Type: application/json; charset=utf-8
cache-control: no-cache

18:52:43.106 [AsyncHttpClient-1-3] DEBUG org.asynchttpclient.netty.channel.ChannelManager - Adding key: http://localhost:46904 for channel [id: 0xe6d7feb0, L:/127.0.0.1:59071 - R:localhost/127.0.0.1:46904]
18:52:43.107 [Forwarding clearElement on session fdfbe22b703e0cb1448dee4ceb01e145 to remote] DEBUG org.asynchttpclient.netty.request.NettyRequestSender - Using pooled Channel '[id: 0xe6d7feb0, L:/127.0.0.1:59071 - R:localhost/127.0.0.1:46904]' for 'POST' to 'http://localhost:46904/session/fdfbe22b703e0cb1448dee4ceb01e145/element/e8d7039a-6336-4c5a-b06e-b94e6607c549/clear'
18:52:43.107 [Forwarding clearElement on session fdfbe22b703e0cb1448dee4ceb01e145 to remote] DEBUG org.asynchttpclient.netty.request.NettyRequestSender - Using open Channel [id: 0xe6d7feb0, L:/127.0.0.1:59071 - R:localhost/127.0.0.1:46904] for POST '/session/fdfbe22b703e0cb1448dee4ceb01e145/element/e8d7039a-6336-4c5a-b06e-b94e6607c549/clear'
18:52:43.190 [AsyncHttpClient-1-3] DEBUG org.asynchttpclient.netty.handler.HttpHandler - 

Request DefaultHttpRequest(decodeResult: success, version: HTTP/1.1)
POST /session/fdfbe22b703e0cb1448dee4ceb01e145/element/e8d7039a-6336-4c5a-b06e-b94e6607c549/clear HTTP/1.1
User-Agent: selenium/4.8.1 (java windows)
Content-Length: 50
Content-Type: application/json; charset=utf-8
host: localhost:46904
accept: */*

Response DefaultHttpResponse(decodeResult: success, version: HTTP/1.1)
HTTP/1.1 200 OK
Content-Length: 14
Content-Type: application/json; charset=utf-8
cache-control: no-cache

18:52:43.190 [AsyncHttpClient-1-3] DEBUG org.asynchttpclient.netty.channel.ChannelManager - Adding key: http://localhost:46904 for channel [id: 0xe6d7feb0, L:/127.0.0.1:59071 - R:localhost/127.0.0.1:46904]
18:52:43.193 [Forwarding sendKeysToElement on session fdfbe22b703e0cb1448dee4ceb01e145 to remote] DEBUG org.asynchttpclient.netty.request.NettyRequestSender - Using pooled Channel '[id: 0xe6d7feb0, L:/127.0.0.1:59071 - R:localhost/127.0.0.1:46904]' for 'POST' to 'http://localhost:46904/session/fdfbe22b703e0cb1448dee4ceb01e145/element/e8d7039a-6336-4c5a-b06e-b94e6607c549/value'
18:52:43.193 [Forwarding sendKeysToElement on session fdfbe22b703e0cb1448dee4ceb01e145 to remote] DEBUG org.asynchttpclient.netty.request.NettyRequestSender - Using open Channel [id: 0xe6d7feb0, L:/127.0.0.1:59071 - R:localhost/127.0.0.1:46904] for POST '/session/fdfbe22b703e0cb1448dee4ceb01e145/element/e8d7039a-6336-4c5a-b06e-b94e6607c549/value'
18:52:43.364 [AsyncHttpClient-1-3] DEBUG org.asynchttpclient.netty.handler.HttpHandler - 

Request DefaultHttpRequest(decodeResult: success, version: HTTP/1.1)
POST /session/fdfbe22b703e0cb1448dee4ceb01e145/element/e8d7039a-6336-4c5a-b06e-b94e6607c549/value HTTP/1.1
User-Agent: selenium/4.8.1 (java windows)
Content-Length: 161
Content-Type: application/json; charset=utf-8
host: localhost:46904
accept: */*

Response DefaultHttpResponse(decodeResult: success, version: HTTP/1.1)
HTTP/1.1 200 OK
Content-Length: 14
Content-Type: application/json; charset=utf-8
cache-control: no-cache

18:52:43.364 [AsyncHttpClient-1-3] DEBUG org.asynchttpclient.netty.channel.ChannelManager - Adding key: http://localhost:46904 for channel [id: 0xe6d7feb0, L:/127.0.0.1:59071 - R:localhost/127.0.0.1:46904]
18:52:43.379 [Forwarding getAlertText on session fdfbe22b703e0cb1448dee4ceb01e145 to remote] DEBUG org.asynchttpclient.netty.request.NettyRequestSender - Using pooled Channel '[id: 0xe6d7feb0, L:/127.0.0.1:59071 - R:localhost/127.0.0.1:46904]' for 'GET' to 'http://localhost:46904/session/fdfbe22b703e0cb1448dee4ceb01e145/alert/text'
18:52:43.379 [Forwarding getAlertText on session fdfbe22b703e0cb1448dee4ceb01e145 to remote] DEBUG org.asynchttpclient.netty.request.NettyRequestSender - Using open Channel [id: 0xe6d7feb0, L:/127.0.0.1:59071 - R:localhost/127.0.0.1:46904] for GET '/session/fdfbe22b703e0cb1448dee4ceb01e145/alert/text'
18:52:43.383 [AsyncHttpClient-1-3] DEBUG org.asynchttpclient.netty.handler.HttpHandler - 

Request DefaultFullHttpRequest(decodeResult: success, version: HTTP/1.1, content: EmptyByteBufBE)
GET /session/fdfbe22b703e0cb1448dee4ceb01e145/alert/text HTTP/1.1
User-Agent: selenium/4.8.1 (java windows)
Cache-Control: no-cache
Content-Type: application/json; charset=utf-8
host: localhost:46904
accept: */*

Response DefaultHttpResponse(decodeResult: success, version: HTTP/1.1)
HTTP/1.1 404 Not Found
Content-Length: 809
Content-Type: application/json; charset=utf-8
cache-control: no-cache

18:52:43.383 [AsyncHttpClient-1-3] DEBUG org.asynchttpclient.netty.channel.ChannelManager - Adding key: http://localhost:46904 for channel [id: 0xe6d7feb0, L:/127.0.0.1:59071 - R:localhost/127.0.0.1:46904]
18:52:43.386 [Forwarding getCurrentUrl on session fdfbe22b703e0cb1448dee4ceb01e145 to remote] DEBUG org.asynchttpclient.netty.request.NettyRequestSender - Using pooled Channel '[id: 0xe6d7feb0, L:/127.0.0.1:59071 - R:localhost/127.0.0.1:46904]' for 'GET' to 'http://localhost:46904/session/fdfbe22b703e0cb1448dee4ceb01e145/url'
18:52:43.386 [Forwarding getCurrentUrl on session fdfbe22b703e0cb1448dee4ceb01e145 to remote] DEBUG org.asynchttpclient.netty.request.NettyRequestSender - Using open Channel [id: 0xe6d7feb0, L:/127.0.0.1:59071 - R:localhost/127.0.0.1:46904] for GET '/session/fdfbe22b703e0cb1448dee4ceb01e145/url'
18:52:43.391 [AsyncHttpClient-1-3] DEBUG org.asynchttpclient.netty.handler.HttpHandler - 

Request DefaultFullHttpRequest(decodeResult: success, version: HTTP/1.1, content: EmptyByteBufBE)
GET /session/fdfbe22b703e0cb1448dee4ceb01e145/url HTTP/1.1
User-Agent: selenium/4.8.1 (java windows)
Cache-Control: no-cache
Content-Type: application/json; charset=utf-8
host: localhost:46904
accept: */*

Response DefaultHttpResponse(decodeResult: success, version: HTTP/1.1)
HTTP/1.1 200 OK
Content-Length: 54
Content-Type: application/json; charset=utf-8
cache-control: no-cache

18:52:43.392 [AsyncHttpClient-1-3] DEBUG org.asynchttpclient.netty.channel.ChannelManager - Adding key: http://localhost:46904 for channel [id: 0xe6d7feb0, L:/127.0.0.1:59071 - R:localhost/127.0.0.1:46904]
18:52:43.393 [Forwarding screenshot on session fdfbe22b703e0cb1448dee4ceb01e145 to remote] DEBUG org.asynchttpclient.netty.request.NettyRequestSender - Using pooled Channel '[id: 0xe6d7feb0, L:/127.0.0.1:59071 - R:localhost/127.0.0.1:46904]' for 'GET' to 'http://localhost:46904/session/fdfbe22b703e0cb1448dee4ceb01e145/screenshot'
18:52:43.393 [Forwarding screenshot on session fdfbe22b703e0cb1448dee4ceb01e145 to remote] DEBUG org.asynchttpclient.netty.request.NettyRequestSender - Using open Channel [id: 0xe6d7feb0, L:/127.0.0.1:59071 - R:localhost/127.0.0.1:46904] for GET '/session/fdfbe22b703e0cb1448dee4ceb01e145/screenshot'
18:52:43.643 [AsyncHttpClient-1-3] DEBUG org.asynchttpclient.netty.handler.HttpHandler - 

Request DefaultFullHttpRequest(decodeResult: success, version: HTTP/1.1, content: EmptyByteBufBE)
GET /session/fdfbe22b703e0cb1448dee4ceb01e145/screenshot HTTP/1.1
User-Agent: selenium/4.8.1 (java windows)
Cache-Control: no-cache
Content-Type: application/json; charset=utf-8
host: localhost:46904
accept: */*

Response DefaultHttpResponse(decodeResult: success, version: HTTP/1.1)
HTTP/1.1 200 OK
Content-Length: 58128
Content-Type: application/json; charset=utf-8
cache-control: no-cache

18:52:43.643 [AsyncHttpClient-1-3] DEBUG org.asynchttpclient.netty.channel.ChannelManager - Adding key: http://localhost:46904 for channel [id: 0xe6d7feb0, L:/127.0.0.1:59071 - R:localhost/127.0.0.1:46904]
18:52:43.649 [main] DEBUG net.serenitybdd.core.photography.Darkroom - Send negative for processing for target\site\serenity\3bfb92ff1db16edfda138889dd75898ee803def510f0ee6b102060eec2f2eab6.png
18:52:43.652 [main] DEBUG net.thucydides.core.steps.StepInterceptor - STEP DONE: inputPassword
  &amp#27;[32mAnd &amp#27;[0m&amp#27;[32mI entered a password &amp#27;[0m&amp#27;[32m&amp#27;[1m"testaja1"&amp#27;[0m                                 &amp#27;[90m# starter.stepdefinitions.RegisterSteps.enterPassword(java.lang.String)&amp#27;[0m
18:52:43.654 [Darkroom Processing Line] DEBUG net.serenitybdd.core.photography.DarkroomProcessingLine - Processing screenshot image in /var/screenshots/screenshot-14422993504660006269
18:52:43.654 [Darkroom Processing Line] DEBUG net.serenitybdd.core.photography.DarkroomProcessingLine - Saving screenshot to target\site\serenity\3bfb92ff1db16edfda138889dd75898ee803def510f0ee6b102060eec2f2eab6.png
18:52:43.663 [Forwarding getPageSource on session fdfbe22b703e0cb1448dee4ceb01e145 to remote] DEBUG org.asynchttpclient.netty.request.NettyRequestSender - Using pooled Channel '[id: 0xe6d7feb0, L:/127.0.0.1:59071 - R:localhost/127.0.0.1:46904]' for 'POST' to 'http://localhost:46904/session/fdfbe22b703e0cb1448dee4ceb01e145/execute/sync'
18:52:43.663 [Forwarding getPageSource on session fdfbe22b703e0cb1448dee4ceb01e145 to remote] DEBUG org.asynchttpclient.netty.request.NettyRequestSender - Using open Channel [id: 0xe6d7feb0, L:/127.0.0.1:59071 - R:localhost/127.0.0.1:46904] for POST '/session/fdfbe22b703e0cb1448dee4ceb01e145/execute/sync'
18:52:43.669 [AsyncHttpClient-1-1] DEBUG org.asynchttpclient.netty.channel.DefaultChannelPool - Entry count for : http://localhost:59072 : 1
18:52:43.677 [AsyncHttpClient-1-3] DEBUG org.asynchttpclient.netty.handler.HttpHandler - 

Request DefaultHttpRequest(decodeResult: success, version: HTTP/1.1)
POST /session/fdfbe22b703e0cb1448dee4ceb01e145/execute/sync HTTP/1.1
User-Agent: selenium/4.8.1 (java windows)
Content-Length: 176
Content-Type: application/json; charset=utf-8
host: localhost:46904
accept: */*

Response DefaultHttpResponse(decodeResult: success, version: HTTP/1.1)
HTTP/1.1 200 OK
Content-Length: 22473
Content-Type: application/json; charset=utf-8
cache-control: no-cache

18:52:43.677 [AsyncHttpClient-1-3] DEBUG org.asynchttpclient.netty.channel.ChannelManager - Adding key: http://localhost:46904 for channel [id: 0xe6d7feb0, L:/127.0.0.1:59071 - R:localhost/127.0.0.1:46904]
18:52:43.680 [Forwarding getCurrentUrl on session fdfbe22b703e0cb1448dee4ceb01e145 to remote] DEBUG org.asynchttpclient.netty.request.NettyRequestSender - Using pooled Channel '[id: 0xe6d7feb0, L:/127.0.0.1:59071 - R:localhost/127.0.0.1:46904]' for 'GET' to 'http://localhost:46904/session/fdfbe22b703e0cb1448dee4ceb01e145/url'
18:52:43.680 [Forwarding getCurrentUrl on session fdfbe22b703e0cb1448dee4ceb01e145 to remote] DEBUG org.asynchttpclient.netty.request.NettyRequestSender - Using open Channel [id: 0xe6d7feb0, L:/127.0.0.1:59071 - R:localhost/127.0.0.1:46904] for GET '/session/fdfbe22b703e0cb1448dee4ceb01e145/url'
18:52:43.689 [AsyncHttpClient-1-3] DEBUG org.asynchttpclient.netty.handler.HttpHandler - 

Request DefaultFullHttpRequest(decodeResult: success, version: HTTP/1.1, content: EmptyByteBufBE)
GET /session/fdfbe22b703e0cb1448dee4ceb01e145/url HTTP/1.1
User-Agent: selenium/4.8.1 (java windows)
Cache-Control: no-cache
Content-Type: application/json; charset=utf-8
host: localhost:46904
accept: */*

Response DefaultHttpResponse(decodeResult: success, version: HTTP/1.1)
HTTP/1.1 200 OK
Content-Length: 54
Content-Type: application/json; charset=utf-8
cache-control: no-cache

18:52:43.689 [AsyncHttpClient-1-3] DEBUG org.asynchttpclient.netty.channel.ChannelManager - Adding key: http://localhost:46904 for channel [id: 0xe6d7feb0, L:/127.0.0.1:59071 - R:localhost/127.0.0.1:46904]
18:52:43.704 [Forwarding getAlertText on session fdfbe22b703e0cb1448dee4ceb01e145 to remote] DEBUG org.asynchttpclient.netty.request.NettyRequestSender - Using pooled Channel '[id: 0xe6d7feb0, L:/127.0.0.1:59071 - R:localhost/127.0.0.1:46904]' for 'GET' to 'http://localhost:46904/session/fdfbe22b703e0cb1448dee4ceb01e145/alert/text'
18:52:43.704 [Forwarding getAlertText on session fdfbe22b703e0cb1448dee4ceb01e145 to remote] DEBUG org.asynchttpclient.netty.request.NettyRequestSender - Using open Channel [id: 0xe6d7feb0, L:/127.0.0.1:59071 - R:localhost/127.0.0.1:46904] for GET '/session/fdfbe22b703e0cb1448dee4ceb01e145/alert/text'
18:52:43.707 [AsyncHttpClient-1-3] DEBUG org.asynchttpclient.netty.handler.HttpHandler - 

Request DefaultFullHttpRequest(decodeResult: success, version: HTTP/1.1, content: EmptyByteBufBE)
GET /session/fdfbe22b703e0cb1448dee4ceb01e145/alert/text HTTP/1.1
User-Agent: selenium/4.8.1 (java windows)
Cache-Control: no-cache
Content-Type: application/json; charset=utf-8
host: localhost:46904
accept: */*

Response DefaultHttpResponse(decodeResult: success, version: HTTP/1.1)
HTTP/1.1 404 Not Found
Content-Length: 809
Content-Type: application/json; charset=utf-8
cache-control: no-cache

18:52:43.707 [AsyncHttpClient-1-3] DEBUG org.asynchttpclient.netty.channel.ChannelManager - Adding key: http://localhost:46904 for channel [id: 0xe6d7feb0, L:/127.0.0.1:59071 - R:localhost/127.0.0.1:46904]
18:52:43.709 [Forwarding getCurrentUrl on session fdfbe22b703e0cb1448dee4ceb01e145 to remote] DEBUG org.asynchttpclient.netty.request.NettyRequestSender - Using pooled Channel '[id: 0xe6d7feb0, L:/127.0.0.1:59071 - R:localhost/127.0.0.1:46904]' for 'GET' to 'http://localhost:46904/session/fdfbe22b703e0cb1448dee4ceb01e145/url'
18:52:43.709 [Forwarding getCurrentUrl on session fdfbe22b703e0cb1448dee4ceb01e145 to remote] DEBUG org.asynchttpclient.netty.request.NettyRequestSender - Using open Channel [id: 0xe6d7feb0, L:/127.0.0.1:59071 - R:localhost/127.0.0.1:46904] for GET '/session/fdfbe22b703e0cb1448dee4ceb01e145/url'
18:52:43.721 [AsyncHttpClient-1-3] DEBUG org.asynchttpclient.netty.handler.HttpHandler - 

Request DefaultFullHttpRequest(decodeResult: success, version: HTTP/1.1, content: EmptyByteBufBE)
GET /session/fdfbe22b703e0cb1448dee4ceb01e145/url HTTP/1.1
User-Agent: selenium/4.8.1 (java windows)
Cache-Control: no-cache
Content-Type: application/json; charset=utf-8
host: localhost:46904
accept: */*

Response DefaultHttpResponse(decodeResult: success, version: HTTP/1.1)
HTTP/1.1 200 OK
Content-Length: 54
Content-Type: application/json; charset=utf-8
cache-control: no-cache

18:52:43.722 [AsyncHttpClient-1-3] DEBUG org.asynchttpclient.netty.channel.ChannelManager - Adding key: http://localhost:46904 for channel [id: 0xe6d7feb0, L:/127.0.0.1:59071 - R:localhost/127.0.0.1:46904]
18:52:43.722 [Forwarding screenshot on session fdfbe22b703e0cb1448dee4ceb01e145 to remote] DEBUG org.asynchttpclient.netty.request.NettyRequestSender - Using pooled Channel '[id: 0xe6d7feb0, L:/127.0.0.1:59071 - R:localhost/127.0.0.1:46904]' for 'GET' to 'http://localhost:46904/session/fdfbe22b703e0cb1448dee4ceb01e145/screenshot'
18:52:43.723 [Forwarding screenshot on session fdfbe22b703e0cb1448dee4ceb01e145 to remote] DEBUG org.asynchttpclient.netty.request.NettyRequestSender - Using open Channel [id: 0xe6d7feb0, L:/127.0.0.1:59071 - R:localhost/127.0.0.1:46904] for GET '/session/fdfbe22b703e0cb1448dee4ceb01e145/screenshot'
18:52:44.023 [AsyncHttpClient-1-3] DEBUG org.asynchttpclient.netty.handler.HttpHandler - 

Request DefaultFullHttpRequest(decodeResult: success, version: HTTP/1.1, content: EmptyByteBufBE)
GET /session/fdfbe22b703e0cb1448dee4ceb01e145/screenshot HTTP/1.1
User-Agent: selenium/4.8.1 (java windows)
Cache-Control: no-cache
Content-Type: application/json; charset=utf-8
host: localhost:46904
accept: */*

Response DefaultHttpResponse(decodeResult: success, version: HTTP/1.1)
HTTP/1.1 200 OK
Content-Length: 57212
Content-Type: application/json; charset=utf-8
cache-control: no-cache

18:52:44.023 [AsyncHttpClient-1-3] DEBUG org.asynchttpclient.netty.channel.ChannelManager - Adding key: http://localhost:46904 for channel [id: 0xe6d7feb0, L:/127.0.0.1:59071 - R:localhost/127.0.0.1:46904]
18:52:44.028 [main] DEBUG net.serenitybdd.core.photography.Darkroom - Send negative for processing for target\site\serenity\32b9b32f74d1e03a78feafec4356ac2cae55f5e90d711d4e4fea3f925e089c26.png
18:52:44.028 [Darkroom Processing Line] DEBUG net.serenitybdd.core.photography.DarkroomProcessingLine - Processing screenshot image in /var/screenshots/screenshot-4570678799824512969
18:52:44.028 [Darkroom Processing Line] DEBUG net.serenitybdd.core.photography.DarkroomProcessingLine - Saving screenshot to target\site\serenity\32b9b32f74d1e03a78feafec4356ac2cae55f5e90d711d4e4fea3f925e089c26.png
18:52:44.030 [Forwarding getPageSource on session fdfbe22b703e0cb1448dee4ceb01e145 to remote] DEBUG org.asynchttpclient.netty.request.NettyRequestSender - Using pooled Channel '[id: 0xe6d7feb0, L:/127.0.0.1:59071 - R:localhost/127.0.0.1:46904]' for 'POST' to 'http://localhost:46904/session/fdfbe22b703e0cb1448dee4ceb01e145/execute/sync'
18:52:44.030 [Forwarding getPageSource on session fdfbe22b703e0cb1448dee4ceb01e145 to remote] DEBUG org.asynchttpclient.netty.request.NettyRequestSender - Using open Channel [id: 0xe6d7feb0, L:/127.0.0.1:59071 - R:localhost/127.0.0.1:46904] for POST '/session/fdfbe22b703e0cb1448dee4ceb01e145/execute/sync'
18:52:44.045 [AsyncHttpClient-1-3] DEBUG org.asynchttpclient.netty.handler.HttpHandler - 

Request DefaultHttpRequest(decodeResult: success, version: HTTP/1.1)
POST /session/fdfbe22b703e0cb1448dee4ceb01e145/execute/sync HTTP/1.1
User-Agent: selenium/4.8.1 (java windows)
Content-Length: 176
Content-Type: application/json; charset=utf-8
host: localhost:46904
accept: */*

Response DefaultHttpResponse(decodeResult: success, version: HTTP/1.1)
HTTP/1.1 200 OK
Content-Length: 22473
Content-Type: application/json; charset=utf-8
cache-control: no-cache

18:52:44.045 [AsyncHttpClient-1-3] DEBUG org.asynchttpclient.netty.channel.ChannelManager - Adding key: http://localhost:46904 for channel [id: 0xe6d7feb0, L:/127.0.0.1:59071 - R:localhost/127.0.0.1:46904]
18:52:44.051 [Forwarding getCurrentUrl on session fdfbe22b703e0cb1448dee4ceb01e145 to remote] DEBUG org.asynchttpclient.netty.request.NettyRequestSender - Using pooled Channel '[id: 0xe6d7feb0, L:/127.0.0.1:59071 - R:localhost/127.0.0.1:46904]' for 'GET' to 'http://localhost:46904/session/fdfbe22b703e0cb1448dee4ceb01e145/url'
18:52:44.051 [Forwarding getCurrentUrl on session fdfbe22b703e0cb1448dee4ceb01e145 to remote] DEBUG org.asynchttpclient.netty.request.NettyRequestSender - Using open Channel [id: 0xe6d7feb0, L:/127.0.0.1:59071 - R:localhost/127.0.0.1:46904] for GET '/session/fdfbe22b703e0cb1448dee4ceb01e145/url'
18:52:44.086 [AsyncHttpClient-1-3] DEBUG org.asynchttpclient.netty.handler.HttpHandler - 

Request DefaultFullHttpRequest(decodeResult: success, version: HTTP/1.1, content: EmptyByteBufBE)
GET /session/fdfbe22b703e0cb1448dee4ceb01e145/url HTTP/1.1
User-Agent: selenium/4.8.1 (java windows)
Cache-Control: no-cache
Content-Type: application/json; charset=utf-8
host: localhost:46904
accept: */*

Response DefaultHttpResponse(decodeResult: success, version: HTTP/1.1)
HTTP/1.1 200 OK
Content-Length: 54
Content-Type: application/json; charset=utf-8
cache-control: no-cache

18:52:44.086 [AsyncHttpClient-1-3] DEBUG org.asynchttpclient.netty.channel.ChannelManager - Adding key: http://localhost:46904 for channel [id: 0xe6d7feb0, L:/127.0.0.1:59071 - R:localhost/127.0.0.1:46904]
18:52:44.092 [main] DEBUG net.thucydides.core.steps.StepInterceptor - STARTING STEP: RegisterSteps.clickRegisterButton - ClickRegisterButton
18:52:44.096 [Forwarding findElement on session fdfbe22b703e0cb1448dee4ceb01e145 to remote] DEBUG org.asynchttpclient.netty.request.NettyRequestSender - Using pooled Channel '[id: 0xe6d7feb0, L:/127.0.0.1:59071 - R:localhost/127.0.0.1:46904]' for 'POST' to 'http://localhost:46904/session/fdfbe22b703e0cb1448dee4ceb01e145/element'
18:52:44.096 [Forwarding findElement on session fdfbe22b703e0cb1448dee4ceb01e145 to remote] DEBUG org.asynchttpclient.netty.request.NettyRequestSender - Using open Channel [id: 0xe6d7feb0, L:/127.0.0.1:59071 - R:localhost/127.0.0.1:46904] for POST '/session/fdfbe22b703e0cb1448dee4ceb01e145/element'
18:52:44.114 [AsyncHttpClient-1-3] DEBUG org.asynchttpclient.netty.handler.HttpHandler - 

Request DefaultHttpRequest(decodeResult: success, version: HTTP/1.1)
POST /session/fdfbe22b703e0cb1448dee4ceb01e145/element HTTP/1.1
User-Agent: selenium/4.8.1 (java windows)
Content-Length: 142
Content-Type: application/json; charset=utf-8
host: localhost:46904
accept: */*

Response DefaultHttpResponse(decodeResult: success, version: HTTP/1.1)
HTTP/1.1 200 OK
Content-Length: 88
Content-Type: application/json; charset=utf-8
cache-control: no-cache

18:52:44.114 [AsyncHttpClient-1-3] DEBUG org.asynchttpclient.netty.channel.ChannelManager - Adding key: http://localhost:46904 for channel [id: 0xe6d7feb0, L:/127.0.0.1:59071 - R:localhost/127.0.0.1:46904]
18:52:44.116 [Forwarding getElementTagName on session fdfbe22b703e0cb1448dee4ceb01e145 to remote] DEBUG org.asynchttpclient.netty.request.NettyRequestSender - Using pooled Channel '[id: 0xe6d7feb0, L:/127.0.0.1:59071 - R:localhost/127.0.0.1:46904]' for 'GET' to 'http://localhost:46904/session/fdfbe22b703e0cb1448dee4ceb01e145/element/78f8e0a6-9200-4745-beff-288b083a1d0e/name'
18:52:44.117 [Forwarding getElementTagName on session fdfbe22b703e0cb1448dee4ceb01e145 to remote] DEBUG org.asynchttpclient.netty.request.NettyRequestSender - Using open Channel [id: 0xe6d7feb0, L:/127.0.0.1:59071 - R:localhost/127.0.0.1:46904] for GET '/session/fdfbe22b703e0cb1448dee4ceb01e145/element/78f8e0a6-9200-4745-beff-288b083a1d0e/name'
18:52:44.128 [AsyncHttpClient-1-3] DEBUG org.asynchttpclient.netty.handler.HttpHandler - 

Request DefaultFullHttpRequest(decodeResult: success, version: HTTP/1.1, content: EmptyByteBufBE)
GET /session/fdfbe22b703e0cb1448dee4ceb01e145/element/78f8e0a6-9200-4745-beff-288b083a1d0e/name HTTP/1.1
User-Agent: selenium/4.8.1 (java windows)
Cache-Control: no-cache
Content-Type: application/json; charset=utf-8
host: localhost:46904
accept: */*

Response DefaultHttpResponse(decodeResult: success, version: HTTP/1.1)
HTTP/1.1 200 OK
Content-Length: 18
Content-Type: application/json; charset=utf-8
cache-control: no-cache

18:52:44.129 [AsyncHttpClient-1-3] DEBUG org.asynchttpclient.netty.channel.ChannelManager - Adding key: http://localhost:46904 for channel [id: 0xe6d7feb0, L:/127.0.0.1:59071 - R:localhost/127.0.0.1:46904]
18:52:44.133 [Forwarding getElementTagName on session fdfbe22b703e0cb1448dee4ceb01e145 to remote] DEBUG org.asynchttpclient.netty.request.NettyRequestSender - Using pooled Channel '[id: 0xe6d7feb0, L:/127.0.0.1:59071 - R:localhost/127.0.0.1:46904]' for 'GET' to 'http://localhost:46904/session/fdfbe22b703e0cb1448dee4ceb01e145/element/78f8e0a6-9200-4745-beff-288b083a1d0e/name'
18:52:44.134 [Forwarding getElementTagName on session fdfbe22b703e0cb1448dee4ceb01e145 to remote] DEBUG org.asynchttpclient.netty.request.NettyRequestSender - Using open Channel [id: 0xe6d7feb0, L:/127.0.0.1:59071 - R:localhost/127.0.0.1:46904] for GET '/session/fdfbe22b703e0cb1448dee4ceb01e145/element/78f8e0a6-9200-4745-beff-288b083a1d0e/name'
18:52:44.166 [AsyncHttpClient-1-3] DEBUG org.asynchttpclient.netty.handler.HttpHandler - 

Request DefaultFullHttpRequest(decodeResult: success, version: HTTP/1.1, content: EmptyByteBufBE)
GET /session/fdfbe22b703e0cb1448dee4ceb01e145/element/78f8e0a6-9200-4745-beff-288b083a1d0e/name HTTP/1.1
User-Agent: selenium/4.8.1 (java windows)
Cache-Control: no-cache
Content-Type: application/json; charset=utf-8
host: localhost:46904
accept: */*

Response DefaultHttpResponse(decodeResult: success, version: HTTP/1.1)
HTTP/1.1 200 OK
Content-Length: 18
Content-Type: application/json; charset=utf-8
cache-control: no-cache

18:52:44.166 [AsyncHttpClient-1-3] DEBUG org.asynchttpclient.netty.channel.ChannelManager - Adding key: http://localhost:46904 for channel [id: 0xe6d7feb0, L:/127.0.0.1:59071 - R:localhost/127.0.0.1:46904]
18:52:44.173 [Forwarding isElementEnabled on session fdfbe22b703e0cb1448dee4ceb01e145 to remote] DEBUG org.asynchttpclient.netty.request.NettyRequestSender - Using pooled Channel '[id: 0xe6d7feb0, L:/127.0.0.1:59071 - R:localhost/127.0.0.1:46904]' for 'GET' to 'http://localhost:46904/session/fdfbe22b703e0cb1448dee4ceb01e145/element/78f8e0a6-9200-4745-beff-288b083a1d0e/enabled'
18:52:44.173 [Forwarding isElementEnabled on session fdfbe22b703e0cb1448dee4ceb01e145 to remote] DEBUG org.asynchttpclient.netty.request.NettyRequestSender - Using open Channel [id: 0xe6d7feb0, L:/127.0.0.1:59071 - R:localhost/127.0.0.1:46904] for GET '/session/fdfbe22b703e0cb1448dee4ceb01e145/element/78f8e0a6-9200-4745-beff-288b083a1d0e/enabled'
18:52:44.195 [AsyncHttpClient-1-3] DEBUG org.asynchttpclient.netty.handler.HttpHandler - 

Request DefaultFullHttpRequest(decodeResult: success, version: HTTP/1.1, content: EmptyByteBufBE)
GET /session/fdfbe22b703e0cb1448dee4ceb01e145/element/78f8e0a6-9200-4745-beff-288b083a1d0e/enabled HTTP/1.1
User-Agent: selenium/4.8.1 (java windows)
Cache-Control: no-cache
Content-Type: application/json; charset=utf-8
host: localhost:46904
accept: */*

Response DefaultHttpResponse(decodeResult: success, version: HTTP/1.1)
HTTP/1.1 200 OK
Content-Length: 14
Content-Type: application/json; charset=utf-8
cache-control: no-cache

18:52:44.196 [AsyncHttpClient-1-3] DEBUG org.asynchttpclient.netty.channel.ChannelManager - Adding key: http://localhost:46904 for channel [id: 0xe6d7feb0, L:/127.0.0.1:59071 - R:localhost/127.0.0.1:46904]
18:52:44.197 [Forwarding isElementEnabled on session fdfbe22b703e0cb1448dee4ceb01e145 to remote] DEBUG org.asynchttpclient.netty.request.NettyRequestSender - Using pooled Channel '[id: 0xe6d7feb0, L:/127.0.0.1:59071 - R:localhost/127.0.0.1:46904]' for 'GET' to 'http://localhost:46904/session/fdfbe22b703e0cb1448dee4ceb01e145/element/78f8e0a6-9200-4745-beff-288b083a1d0e/enabled'
18:52:44.197 [Forwarding isElementEnabled on session fdfbe22b703e0cb1448dee4ceb01e145 to remote] DEBUG org.asynchttpclient.netty.request.NettyRequestSender - Using open Channel [id: 0xe6d7feb0, L:/127.0.0.1:59071 - R:localhost/127.0.0.1:46904] for GET '/session/fdfbe22b703e0cb1448dee4ceb01e145/element/78f8e0a6-9200-4745-beff-288b083a1d0e/enabled'
18:52:44.225 [AsyncHttpClient-1-3] DEBUG org.asynchttpclient.netty.handler.HttpHandler - 

Request DefaultFullHttpRequest(decodeResult: success, version: HTTP/1.1, content: EmptyByteBufBE)
GET /session/fdfbe22b703e0cb1448dee4ceb01e145/element/78f8e0a6-9200-4745-beff-288b083a1d0e/enabled HTTP/1.1
User-Agent: selenium/4.8.1 (java windows)
Cache-Control: no-cache
Content-Type: application/json; charset=utf-8
host: localhost:46904
accept: */*

Response DefaultHttpResponse(decodeResult: success, version: HTTP/1.1)
HTTP/1.1 200 OK
Content-Length: 14
Content-Type: application/json; charset=utf-8
cache-control: no-cache

18:52:44.225 [AsyncHttpClient-1-3] DEBUG org.asynchttpclient.netty.channel.ChannelManager - Adding key: http://localhost:46904 for channel [id: 0xe6d7feb0, L:/127.0.0.1:59071 - R:localhost/127.0.0.1:46904]
18:52:44.230 [Forwarding findElement on session fdfbe22b703e0cb1448dee4ceb01e145 to remote] DEBUG org.asynchttpclient.netty.request.NettyRequestSender - Using pooled Channel '[id: 0xe6d7feb0, L:/127.0.0.1:59071 - R:localhost/127.0.0.1:46904]' for 'POST' to 'http://localhost:46904/session/fdfbe22b703e0cb1448dee4ceb01e145/element'
18:52:44.230 [Forwarding findElement on session fdfbe22b703e0cb1448dee4ceb01e145 to remote] DEBUG org.asynchttpclient.netty.request.NettyRequestSender - Using open Channel [id: 0xe6d7feb0, L:/127.0.0.1:59071 - R:localhost/127.0.0.1:46904] for POST '/session/fdfbe22b703e0cb1448dee4ceb01e145/element'
18:52:44.248 [AsyncHttpClient-1-3] DEBUG org.asynchttpclient.netty.handler.HttpHandler - 

Request DefaultHttpRequest(decodeResult: success, version: HTTP/1.1)
POST /session/fdfbe22b703e0cb1448dee4ceb01e145/element HTTP/1.1
User-Agent: selenium/4.8.1 (java windows)
Content-Length: 142
Content-Type: application/json; charset=utf-8
host: localhost:46904
accept: */*

Response DefaultHttpResponse(decodeResult: success, version: HTTP/1.1)
HTTP/1.1 200 OK
Content-Length: 88
Content-Type: application/json; charset=utf-8
cache-control: no-cache

18:52:44.248 [AsyncHttpClient-1-3] DEBUG org.asynchttpclient.netty.channel.ChannelManager - Adding key: http://localhost:46904 for channel [id: 0xe6d7feb0, L:/127.0.0.1:59071 - R:localhost/127.0.0.1:46904]
18:52:44.250 [Forwarding clickElement on session fdfbe22b703e0cb1448dee4ceb01e145 to remote] DEBUG org.asynchttpclient.netty.request.NettyRequestSender - Using pooled Channel '[id: 0xe6d7feb0, L:/127.0.0.1:59071 - R:localhost/127.0.0.1:46904]' for 'POST' to 'http://localhost:46904/session/fdfbe22b703e0cb1448dee4ceb01e145/element/78f8e0a6-9200-4745-beff-288b083a1d0e/click'
18:52:44.250 [Forwarding clickElement on session fdfbe22b703e0cb1448dee4ceb01e145 to remote] DEBUG org.asynchttpclient.netty.request.NettyRequestSender - Using open Channel [id: 0xe6d7feb0, L:/127.0.0.1:59071 - R:localhost/127.0.0.1:46904] for POST '/session/fdfbe22b703e0cb1448dee4ceb01e145/element/78f8e0a6-9200-4745-beff-288b083a1d0e/click'
18:52:44.410 [AsyncHttpClient-1-3] DEBUG org.asynchttpclient.netty.handler.HttpHandler - 

Request DefaultHttpRequest(decodeResult: success, version: HTTP/1.1)
POST /session/fdfbe22b703e0cb1448dee4ceb01e145/element/78f8e0a6-9200-4745-beff-288b083a1d0e/click HTTP/1.1
User-Agent: selenium/4.8.1 (java windows)
Content-Length: 50
Content-Type: application/json; charset=utf-8
host: localhost:46904
accept: */*

Response DefaultHttpResponse(decodeResult: success, version: HTTP/1.1)
HTTP/1.1 200 OK
Content-Length: 14
Content-Type: application/json; charset=utf-8
cache-control: no-cache

18:52:44.410 [AsyncHttpClient-1-3] DEBUG org.asynchttpclient.netty.channel.ChannelManager - Adding key: http://localhost:46904 for channel [id: 0xe6d7feb0, L:/127.0.0.1:59071 - R:localhost/127.0.0.1:46904]
18:52:44.427 [Forwarding getAlertText on session fdfbe22b703e0cb1448dee4ceb01e145 to remote] DEBUG org.asynchttpclient.netty.request.NettyRequestSender - Using pooled Channel '[id: 0xe6d7feb0, L:/127.0.0.1:59071 - R:localhost/127.0.0.1:46904]' for 'GET' to 'http://localhost:46904/session/fdfbe22b703e0cb1448dee4ceb01e145/alert/text'
18:52:44.427 [Forwarding getAlertText on session fdfbe22b703e0cb1448dee4ceb01e145 to remote] DEBUG org.asynchttpclient.netty.request.NettyRequestSender - Using open Channel [id: 0xe6d7feb0, L:/127.0.0.1:59071 - R:localhost/127.0.0.1:46904] for GET '/session/fdfbe22b703e0cb1448dee4ceb01e145/alert/text'
18:52:44.430 [AsyncHttpClient-1-3] DEBUG org.asynchttpclient.netty.handler.HttpHandler - 

Request DefaultFullHttpRequest(decodeResult: success, version: HTTP/1.1, content: EmptyByteBufBE)
GET /session/fdfbe22b703e0cb1448dee4ceb01e145/alert/text HTTP/1.1
User-Agent: selenium/4.8.1 (java windows)
Cache-Control: no-cache
Content-Type: application/json; charset=utf-8
host: localhost:46904
accept: */*

Response DefaultHttpResponse(decodeResult: success, version: HTTP/1.1)
HTTP/1.1 404 Not Found
Content-Length: 809
Content-Type: application/json; charset=utf-8
cache-control: no-cache

18:52:44.430 [AsyncHttpClient-1-3] DEBUG org.asynchttpclient.netty.channel.ChannelManager - Adding key: http://localhost:46904 for channel [id: 0xe6d7feb0, L:/127.0.0.1:59071 - R:localhost/127.0.0.1:46904]
18:52:44.433 [Forwarding getCurrentUrl on session fdfbe22b703e0cb1448dee4ceb01e145 to remote] DEBUG org.asynchttpclient.netty.request.NettyRequestSender - Using pooled Channel '[id: 0xe6d7feb0, L:/127.0.0.1:59071 - R:localhost/127.0.0.1:46904]' for 'GET' to 'http://localhost:46904/session/fdfbe22b703e0cb1448dee4ceb01e145/url'
18:52:44.433 [Forwarding getCurrentUrl on session fdfbe22b703e0cb1448dee4ceb01e145 to remote] DEBUG org.asynchttpclient.netty.request.NettyRequestSender - Using open Channel [id: 0xe6d7feb0, L:/127.0.0.1:59071 - R:localhost/127.0.0.1:46904] for GET '/session/fdfbe22b703e0cb1448dee4ceb01e145/url'
18:52:44.446 [AsyncHttpClient-1-3] DEBUG org.asynchttpclient.netty.handler.HttpHandler - 

Request DefaultFullHttpRequest(decodeResult: success, version: HTTP/1.1, content: EmptyByteBufBE)
GET /session/fdfbe22b703e0cb1448dee4ceb01e145/url HTTP/1.1
User-Agent: selenium/4.8.1 (java windows)
Cache-Control: no-cache
Content-Type: application/json; charset=utf-8
host: localhost:46904
accept: */*

Response DefaultHttpResponse(decodeResult: success, version: HTTP/1.1)
HTTP/1.1 200 OK
Content-Length: 54
Content-Type: application/json; charset=utf-8
cache-control: no-cache

18:52:44.447 [AsyncHttpClient-1-3] DEBUG org.asynchttpclient.netty.channel.ChannelManager - Adding key: http://localhost:46904 for channel [id: 0xe6d7feb0, L:/127.0.0.1:59071 - R:localhost/127.0.0.1:46904]
18:52:44.448 [Forwarding screenshot on session fdfbe22b703e0cb1448dee4ceb01e145 to remote] DEBUG org.asynchttpclient.netty.request.NettyRequestSender - Using pooled Channel '[id: 0xe6d7feb0, L:/127.0.0.1:59071 - R:localhost/127.0.0.1:46904]' for 'GET' to 'http://localhost:46904/session/fdfbe22b703e0cb1448dee4ceb01e145/screenshot'
18:52:44.448 [Forwarding screenshot on session fdfbe22b703e0cb1448dee4ceb01e145 to remote] DEBUG org.asynchttpclient.netty.request.NettyRequestSender - Using open Channel [id: 0xe6d7feb0, L:/127.0.0.1:59071 - R:localhost/127.0.0.1:46904] for GET '/session/fdfbe22b703e0cb1448dee4ceb01e145/screenshot'
18:52:44.771 [AsyncHttpClient-1-1] DEBUG org.asynchttpclient.netty.channel.DefaultChannelPool - Entry count for : http://localhost:59072 : 1
18:52:44.958 [AsyncHttpClient-1-3] DEBUG org.asynchttpclient.netty.handler.HttpHandler - 

Request DefaultFullHttpRequest(decodeResult: success, version: HTTP/1.1, content: EmptyByteBufBE)
GET /session/fdfbe22b703e0cb1448dee4ceb01e145/screenshot HTTP/1.1
User-Agent: selenium/4.8.1 (java windows)
Cache-Control: no-cache
Content-Type: application/json; charset=utf-8
host: localhost:46904
accept: */*

Response DefaultHttpResponse(decodeResult: success, version: HTTP/1.1)
HTTP/1.1 200 OK
Content-Length: 56760
Content-Type: application/json; charset=utf-8
cache-control: no-cache

18:52:44.959 [AsyncHttpClient-1-3] DEBUG org.asynchttpclient.netty.channel.ChannelManager - Adding key: http://localhost:46904 for channel [id: 0xe6d7feb0, L:/127.0.0.1:59071 - R:localhost/127.0.0.1:46904]
18:52:44.967 [main] DEBUG net.serenitybdd.core.photography.Darkroom - Send negative for processing for target\site\serenity\c61e70549f219b3c39a2551bebf3f7560edb4d3db77712f3e5549d88faa46f13.png
18:52:44.968 [main] DEBUG net.thucydides.core.steps.StepInterceptor - STEP DONE: ClickRegisterButton
  &amp#27;[32mAnd &amp#27;[0m&amp#27;[32mI click the register button&amp#27;[0m                                     &amp#27;[90m# starter.stepdefinitions.RegisterSteps.clickRegisterButton()&amp#27;[0m
18:52:44.969 [Darkroom Processing Line] DEBUG net.serenitybdd.core.photography.DarkroomProcessingLine - Processing screenshot image in /var/screenshots/screenshot-14195767907987113114
18:52:44.969 [Darkroom Processing Line] DEBUG net.serenitybdd.core.photography.DarkroomProcessingLine - Saving screenshot to target\site\serenity\c61e70549f219b3c39a2551bebf3f7560edb4d3db77712f3e5549d88faa46f13.png
18:52:45.001 [Forwarding getPageSource on session fdfbe22b703e0cb1448dee4ceb01e145 to remote] DEBUG org.asynchttpclient.netty.request.NettyRequestSender - Using pooled Channel '[id: 0xe6d7feb0, L:/127.0.0.1:59071 - R:localhost/127.0.0.1:46904]' for 'POST' to 'http://localhost:46904/session/fdfbe22b703e0cb1448dee4ceb01e145/execute/sync'
18:52:45.001 [Forwarding getPageSource on session fdfbe22b703e0cb1448dee4ceb01e145 to remote] DEBUG org.asynchttpclient.netty.request.NettyRequestSender - Using open Channel [id: 0xe6d7feb0, L:/127.0.0.1:59071 - R:localhost/127.0.0.1:46904] for POST '/session/fdfbe22b703e0cb1448dee4ceb01e145/execute/sync'
18:52:45.018 [AsyncHttpClient-1-3] DEBUG org.asynchttpclient.netty.handler.HttpHandler - 

Request DefaultHttpRequest(decodeResult: success, version: HTTP/1.1)
POST /session/fdfbe22b703e0cb1448dee4ceb01e145/execute/sync HTTP/1.1
User-Agent: selenium/4.8.1 (java windows)
Content-Length: 176
Content-Type: application/json; charset=utf-8
host: localhost:46904
accept: */*

Response DefaultHttpResponse(decodeResult: success, version: HTTP/1.1)
HTTP/1.1 200 OK
Content-Length: 22855
Content-Type: application/json; charset=utf-8
cache-control: no-cache

18:52:45.018 [AsyncHttpClient-1-3] DEBUG org.asynchttpclient.netty.channel.ChannelManager - Adding key: http://localhost:46904 for channel [id: 0xe6d7feb0, L:/127.0.0.1:59071 - R:localhost/127.0.0.1:46904]
18:52:45.022 [Forwarding getCurrentUrl on session fdfbe22b703e0cb1448dee4ceb01e145 to remote] DEBUG org.asynchttpclient.netty.request.NettyRequestSender - Using pooled Channel '[id: 0xe6d7feb0, L:/127.0.0.1:59071 - R:localhost/127.0.0.1:46904]' for 'GET' to 'http://localhost:46904/session/fdfbe22b703e0cb1448dee4ceb01e145/url'
18:52:45.022 [Forwarding getCurrentUrl on session fdfbe22b703e0cb1448dee4ceb01e145 to remote] DEBUG org.asynchttpclient.netty.request.NettyRequestSender - Using open Channel [id: 0xe6d7feb0, L:/127.0.0.1:59071 - R:localhost/127.0.0.1:46904] for GET '/session/fdfbe22b703e0cb1448dee4ceb01e145/url'
18:52:45.027 [AsyncHttpClient-1-3] DEBUG org.asynchttpclient.netty.handler.HttpHandler - 

Request DefaultFullHttpRequest(decodeResult: success, version: HTTP/1.1, content: EmptyByteBufBE)
GET /session/fdfbe22b703e0cb1448dee4ceb01e145/url HTTP/1.1
User-Agent: selenium/4.8.1 (java windows)
Cache-Control: no-cache
Content-Type: application/json; charset=utf-8
host: localhost:46904
accept: */*

Response DefaultHttpResponse(decodeResult: success, version: HTTP/1.1)
HTTP/1.1 200 OK
Content-Length: 54
Content-Type: application/json; charset=utf-8
cache-control: no-cache

18:52:45.027 [AsyncHttpClient-1-3] DEBUG org.asynchttpclient.netty.channel.ChannelManager - Adding key: http://localhost:46904 for channel [id: 0xe6d7feb0, L:/127.0.0.1:59071 - R:localhost/127.0.0.1:46904]
18:52:45.040 [Forwarding getAlertText on session fdfbe22b703e0cb1448dee4ceb01e145 to remote] DEBUG org.asynchttpclient.netty.request.NettyRequestSender - Using pooled Channel '[id: 0xe6d7feb0, L:/127.0.0.1:59071 - R:localhost/127.0.0.1:46904]' for 'GET' to 'http://localhost:46904/session/fdfbe22b703e0cb1448dee4ceb01e145/alert/text'
18:52:45.040 [Forwarding getAlertText on session fdfbe22b703e0cb1448dee4ceb01e145 to remote] DEBUG org.asynchttpclient.netty.request.NettyRequestSender - Using open Channel [id: 0xe6d7feb0, L:/127.0.0.1:59071 - R:localhost/127.0.0.1:46904] for GET '/session/fdfbe22b703e0cb1448dee4ceb01e145/alert/text'
18:52:45.042 [AsyncHttpClient-1-3] DEBUG org.asynchttpclient.netty.handler.HttpHandler - 

Request DefaultFullHttpRequest(decodeResult: success, version: HTTP/1.1, content: EmptyByteBufBE)
GET /session/fdfbe22b703e0cb1448dee4ceb01e145/alert/text HTTP/1.1
User-Agent: selenium/4.8.1 (java windows)
Cache-Control: no-cache
Content-Type: application/json; charset=utf-8
host: localhost:46904
accept: */*

Response DefaultHttpResponse(decodeResult: success, version: HTTP/1.1)
HTTP/1.1 404 Not Found
Content-Length: 809
Content-Type: application/json; charset=utf-8
cache-control: no-cache

18:52:45.042 [AsyncHttpClient-1-3] DEBUG org.asynchttpclient.netty.channel.ChannelManager - Adding key: http://localhost:46904 for channel [id: 0xe6d7feb0, L:/127.0.0.1:59071 - R:localhost/127.0.0.1:46904]
18:52:45.044 [Forwarding getCurrentUrl on session fdfbe22b703e0cb1448dee4ceb01e145 to remote] DEBUG org.asynchttpclient.netty.request.NettyRequestSender - Using pooled Channel '[id: 0xe6d7feb0, L:/127.0.0.1:59071 - R:localhost/127.0.0.1:46904]' for 'GET' to 'http://localhost:46904/session/fdfbe22b703e0cb1448dee4ceb01e145/url'
18:52:45.044 [Forwarding getCurrentUrl on session fdfbe22b703e0cb1448dee4ceb01e145 to remote] DEBUG org.asynchttpclient.netty.request.NettyRequestSender - Using open Channel [id: 0xe6d7feb0, L:/127.0.0.1:59071 - R:localhost/127.0.0.1:46904] for GET '/session/fdfbe22b703e0cb1448dee4ceb01e145/url'
18:52:45.050 [AsyncHttpClient-1-3] DEBUG org.asynchttpclient.netty.handler.HttpHandler - 

Request DefaultFullHttpRequest(decodeResult: success, version: HTTP/1.1, content: EmptyByteBufBE)
GET /session/fdfbe22b703e0cb1448dee4ceb01e145/url HTTP/1.1
User-Agent: selenium/4.8.1 (java windows)
Cache-Control: no-cache
Content-Type: application/json; charset=utf-8
host: localhost:46904
accept: */*

Response DefaultHttpResponse(decodeResult: success, version: HTTP/1.1)
HTTP/1.1 200 OK
Content-Length: 54
Content-Type: application/json; charset=utf-8
cache-control: no-cache

18:52:45.051 [AsyncHttpClient-1-3] DEBUG org.asynchttpclient.netty.channel.ChannelManager - Adding key: http://localhost:46904 for channel [id: 0xe6d7feb0, L:/127.0.0.1:59071 - R:localhost/127.0.0.1:46904]
18:52:45.051 [Forwarding screenshot on session fdfbe22b703e0cb1448dee4ceb01e145 to remote] DEBUG org.asynchttpclient.netty.request.NettyRequestSender - Using pooled Channel '[id: 0xe6d7feb0, L:/127.0.0.1:59071 - R:localhost/127.0.0.1:46904]' for 'GET' to 'http://localhost:46904/session/fdfbe22b703e0cb1448dee4ceb01e145/screenshot'
18:52:45.051 [Forwarding screenshot on session fdfbe22b703e0cb1448dee4ceb01e145 to remote] DEBUG org.asynchttpclient.netty.request.NettyRequestSender - Using open Channel [id: 0xe6d7feb0, L:/127.0.0.1:59071 - R:localhost/127.0.0.1:46904] for GET '/session/fdfbe22b703e0cb1448dee4ceb01e145/screenshot'
18:52:45.268 [AsyncHttpClient-1-3] DEBUG org.asynchttpclient.netty.handler.HttpHandler - 

Request DefaultFullHttpRequest(decodeResult: success, version: HTTP/1.1, content: EmptyByteBufBE)
GET /session/fdfbe22b703e0cb1448dee4ceb01e145/screenshot HTTP/1.1
User-Agent: selenium/4.8.1 (java windows)
Cache-Control: no-cache
Content-Type: application/json; charset=utf-8
host: localhost:46904
accept: */*

Response DefaultHttpResponse(decodeResult: success, version: HTTP/1.1)
HTTP/1.1 200 OK
Content-Length: 59384
Content-Type: application/json; charset=utf-8
cache-control: no-cache

18:52:45.269 [AsyncHttpClient-1-3] DEBUG org.asynchttpclient.netty.channel.ChannelManager - Adding key: http://localhost:46904 for channel [id: 0xe6d7feb0, L:/127.0.0.1:59071 - R:localhost/127.0.0.1:46904]
18:52:45.274 [main] DEBUG net.serenitybdd.core.photography.Darkroom - Send negative for processing for target\site\serenity\a67b28b0be0f10bf89615ac029d1ebd5a2d434e888e6cc0592be789949c93618.png
18:52:45.277 [Darkroom Processing Line] DEBUG net.serenitybdd.core.photography.DarkroomProcessingLine - Processing screenshot image in /var/screenshots/screenshot-1508989090467989488
18:52:45.278 [Darkroom Processing Line] DEBUG net.serenitybdd.core.photography.DarkroomProcessingLine - Saving screenshot to target\site\serenity\a67b28b0be0f10bf89615ac029d1ebd5a2d434e888e6cc0592be789949c93618.png
18:52:45.278 [Forwarding getPageSource on session fdfbe22b703e0cb1448dee4ceb01e145 to remote] DEBUG org.asynchttpclient.netty.request.NettyRequestSender - Using pooled Channel '[id: 0xe6d7feb0, L:/127.0.0.1:59071 - R:localhost/127.0.0.1:46904]' for 'POST' to 'http://localhost:46904/session/fdfbe22b703e0cb1448dee4ceb01e145/execute/sync'
18:52:45.278 [Forwarding getPageSource on session fdfbe22b703e0cb1448dee4ceb01e145 to remote] DEBUG org.asynchttpclient.netty.request.NettyRequestSender - Using open Channel [id: 0xe6d7feb0, L:/127.0.0.1:59071 - R:localhost/127.0.0.1:46904] for POST '/session/fdfbe22b703e0cb1448dee4ceb01e145/execute/sync'
18:52:45.295 [AsyncHttpClient-1-3] DEBUG org.asynchttpclient.netty.handler.HttpHandler - 

Request DefaultHttpRequest(decodeResult: success, version: HTTP/1.1)
POST /session/fdfbe22b703e0cb1448dee4ceb01e145/execute/sync HTTP/1.1
User-Agent: selenium/4.8.1 (java windows)
Content-Length: 176
Content-Type: application/json; charset=utf-8
host: localhost:46904
accept: */*

Response DefaultHttpResponse(decodeResult: success, version: HTTP/1.1)
HTTP/1.1 200 OK
Content-Length: 22855
Content-Type: application/json; charset=utf-8
cache-control: no-cache

18:52:45.295 [AsyncHttpClient-1-3] DEBUG org.asynchttpclient.netty.channel.ChannelManager - Adding key: http://localhost:46904 for channel [id: 0xe6d7feb0, L:/127.0.0.1:59071 - R:localhost/127.0.0.1:46904]
18:52:45.302 [Forwarding getCurrentUrl on session fdfbe22b703e0cb1448dee4ceb01e145 to remote] DEBUG org.asynchttpclient.netty.request.NettyRequestSender - Using pooled Channel '[id: 0xe6d7feb0, L:/127.0.0.1:59071 - R:localhost/127.0.0.1:46904]' for 'GET' to 'http://localhost:46904/session/fdfbe22b703e0cb1448dee4ceb01e145/url'
18:52:45.302 [Forwarding getCurrentUrl on session fdfbe22b703e0cb1448dee4ceb01e145 to remote] DEBUG org.asynchttpclient.netty.request.NettyRequestSender - Using open Channel [id: 0xe6d7feb0, L:/127.0.0.1:59071 - R:localhost/127.0.0.1:46904] for GET '/session/fdfbe22b703e0cb1448dee4ceb01e145/url'
18:52:45.311 [AsyncHttpClient-1-3] DEBUG org.asynchttpclient.netty.handler.HttpHandler - 

Request DefaultFullHttpRequest(decodeResult: success, version: HTTP/1.1, content: EmptyByteBufBE)
GET /session/fdfbe22b703e0cb1448dee4ceb01e145/url HTTP/1.1
User-Agent: selenium/4.8.1 (java windows)
Cache-Control: no-cache
Content-Type: application/json; charset=utf-8
host: localhost:46904
accept: */*

Response DefaultHttpResponse(decodeResult: success, version: HTTP/1.1)
HTTP/1.1 200 OK
Content-Length: 54
Content-Type: application/json; charset=utf-8
cache-control: no-cache

18:52:45.311 [AsyncHttpClient-1-3] DEBUG org.asynchttpclient.netty.channel.ChannelManager - Adding key: http://localhost:46904 for channel [id: 0xe6d7feb0, L:/127.0.0.1:59071 - R:localhost/127.0.0.1:46904]
18:52:45.315 [main] DEBUG net.thucydides.core.steps.StepInterceptor - STARTING STEP: RegisterSteps.goToLoginPage - validateOnLoginPage
18:52:45.318 [Forwarding findElement on session fdfbe22b703e0cb1448dee4ceb01e145 to remote] DEBUG org.asynchttpclient.netty.request.NettyRequestSender - Using pooled Channel '[id: 0xe6d7feb0, L:/127.0.0.1:59071 - R:localhost/127.0.0.1:46904]' for 'POST' to 'http://localhost:46904/session/fdfbe22b703e0cb1448dee4ceb01e145/element'
18:52:45.318 [Forwarding findElement on session fdfbe22b703e0cb1448dee4ceb01e145 to remote] DEBUG org.asynchttpclient.netty.request.NettyRequestSender - Using open Channel [id: 0xe6d7feb0, L:/127.0.0.1:59071 - R:localhost/127.0.0.1:46904] for POST '/session/fdfbe22b703e0cb1448dee4ceb01e145/element'
18:52:45.343 [AsyncHttpClient-1-3] DEBUG org.asynchttpclient.netty.handler.HttpHandler - 

Request DefaultHttpRequest(decodeResult: success, version: HTTP/1.1)
POST /session/fdfbe22b703e0cb1448dee4ceb01e145/element HTTP/1.1
User-Agent: selenium/4.8.1 (java windows)
Content-Length: 76
Content-Type: application/json; charset=utf-8
host: localhost:46904
accept: */*

Response DefaultHttpResponse(decodeResult: success, version: HTTP/1.1)
HTTP/1.1 200 OK
Content-Length: 88
Content-Type: application/json; charset=utf-8
cache-control: no-cache

18:52:45.344 [AsyncHttpClient-1-3] DEBUG org.asynchttpclient.netty.channel.ChannelManager - Adding key: http://localhost:46904 for channel [id: 0xe6d7feb0, L:/127.0.0.1:59071 - R:localhost/127.0.0.1:46904]
18:52:45.350 [Forwarding isElementDisplayed on session fdfbe22b703e0cb1448dee4ceb01e145 to remote] DEBUG org.asynchttpclient.netty.request.NettyRequestSender - Using pooled Channel '[id: 0xe6d7feb0, L:/127.0.0.1:59071 - R:localhost/127.0.0.1:46904]' for 'POST' to 'http://localhost:46904/session/fdfbe22b703e0cb1448dee4ceb01e145/execute/sync'
18:52:45.350 [Forwarding isElementDisplayed on session fdfbe22b703e0cb1448dee4ceb01e145 to remote] DEBUG org.asynchttpclient.netty.request.NettyRequestSender - Using open Channel [id: 0xe6d7feb0, L:/127.0.0.1:59071 - R:localhost/127.0.0.1:46904] for POST '/session/fdfbe22b703e0cb1448dee4ceb01e145/execute/sync'
18:52:45.428 [AsyncHttpClient-1-3] DEBUG org.asynchttpclient.netty.handler.HttpHandler - 

Request DefaultHttpRequest(decodeResult: success, version: HTTP/1.1)
POST /session/fdfbe22b703e0cb1448dee4ceb01e145/execute/sync HTTP/1.1
User-Agent: selenium/4.8.1 (java windows)
Content-Length: 48807
Content-Type: application/json; charset=utf-8
host: localhost:46904
accept: */*

Response DefaultHttpResponse(decodeResult: success, version: HTTP/1.1)
HTTP/1.1 200 OK
Content-Length: 14
Content-Type: application/json; charset=utf-8
cache-control: no-cache

18:52:45.428 [AsyncHttpClient-1-3] DEBUG org.asynchttpclient.netty.channel.ChannelManager - Adding key: http://localhost:46904 for channel [id: 0xe6d7feb0, L:/127.0.0.1:59071 - R:localhost/127.0.0.1:46904]
18:52:45.442 [Forwarding getAlertText on session fdfbe22b703e0cb1448dee4ceb01e145 to remote] DEBUG org.asynchttpclient.netty.request.NettyRequestSender - Using pooled Channel '[id: 0xe6d7feb0, L:/127.0.0.1:59071 - R:localhost/127.0.0.1:46904]' for 'GET' to 'http://localhost:46904/session/fdfbe22b703e0cb1448dee4ceb01e145/alert/text'
18:52:45.442 [Forwarding getAlertText on session fdfbe22b703e0cb1448dee4ceb01e145 to remote] DEBUG org.asynchttpclient.netty.request.NettyRequestSender - Using open Channel [id: 0xe6d7feb0, L:/127.0.0.1:59071 - R:localhost/127.0.0.1:46904] for GET '/session/fdfbe22b703e0cb1448dee4ceb01e145/alert/text'
18:52:45.457 [AsyncHttpClient-1-3] DEBUG org.asynchttpclient.netty.handler.HttpHandler - 

Request DefaultFullHttpRequest(decodeResult: success, version: HTTP/1.1, content: EmptyByteBufBE)
GET /session/fdfbe22b703e0cb1448dee4ceb01e145/alert/text HTTP/1.1
User-Agent: selenium/4.8.1 (java windows)
Cache-Control: no-cache
Content-Type: application/json; charset=utf-8
host: localhost:46904
accept: */*

Response DefaultHttpResponse(decodeResult: success, version: HTTP/1.1)
HTTP/1.1 404 Not Found
Content-Length: 809
Content-Type: application/json; charset=utf-8
cache-control: no-cache

18:52:45.457 [AsyncHttpClient-1-3] DEBUG org.asynchttpclient.netty.channel.ChannelManager - Adding key: http://localhost:46904 for channel [id: 0xe6d7feb0, L:/127.0.0.1:59071 - R:localhost/127.0.0.1:46904]
18:52:45.463 [Forwarding getCurrentUrl on session fdfbe22b703e0cb1448dee4ceb01e145 to remote] DEBUG org.asynchttpclient.netty.request.NettyRequestSender - Using pooled Channel '[id: 0xe6d7feb0, L:/127.0.0.1:59071 - R:localhost/127.0.0.1:46904]' for 'GET' to 'http://localhost:46904/session/fdfbe22b703e0cb1448dee4ceb01e145/url'
18:52:45.463 [Forwarding getCurrentUrl on session fdfbe22b703e0cb1448dee4ceb01e145 to remote] DEBUG org.asynchttpclient.netty.request.NettyRequestSender - Using open Channel [id: 0xe6d7feb0, L:/127.0.0.1:59071 - R:localhost/127.0.0.1:46904] for GET '/session/fdfbe22b703e0cb1448dee4ceb01e145/url'
18:52:45.478 [AsyncHttpClient-1-3] DEBUG org.asynchttpclient.netty.handler.HttpHandler - 

Request DefaultFullHttpRequest(decodeResult: success, version: HTTP/1.1, content: EmptyByteBufBE)
GET /session/fdfbe22b703e0cb1448dee4ceb01e145/url HTTP/1.1
User-Agent: selenium/4.8.1 (java windows)
Cache-Control: no-cache
Content-Type: application/json; charset=utf-8
host: localhost:46904
accept: */*

Response DefaultHttpResponse(decodeResult: success, version: HTTP/1.1)
HTTP/1.1 200 OK
Content-Length: 54
Content-Type: application/json; charset=utf-8
cache-control: no-cache

18:52:45.478 [AsyncHttpClient-1-3] DEBUG org.asynchttpclient.netty.channel.ChannelManager - Adding key: http://localhost:46904 for channel [id: 0xe6d7feb0, L:/127.0.0.1:59071 - R:localhost/127.0.0.1:46904]
18:52:45.480 [Forwarding screenshot on session fdfbe22b703e0cb1448dee4ceb01e145 to remote] DEBUG org.asynchttpclient.netty.request.NettyRequestSender - Using pooled Channel '[id: 0xe6d7feb0, L:/127.0.0.1:59071 - R:localhost/127.0.0.1:46904]' for 'GET' to 'http://localhost:46904/session/fdfbe22b703e0cb1448dee4ceb01e145/screenshot'
18:52:45.480 [Forwarding screenshot on session fdfbe22b703e0cb1448dee4ceb01e145 to remote] DEBUG org.asynchttpclient.netty.request.NettyRequestSender - Using open Channel [id: 0xe6d7feb0, L:/127.0.0.1:59071 - R:localhost/127.0.0.1:46904] for GET '/session/fdfbe22b703e0cb1448dee4ceb01e145/screenshot'
18:52:45.800 [AsyncHttpClient-1-3] DEBUG org.asynchttpclient.netty.handler.HttpHandler - 

Request DefaultFullHttpRequest(decodeResult: success, version: HTTP/1.1, content: EmptyByteBufBE)
GET /session/fdfbe22b703e0cb1448dee4ceb01e145/screenshot HTTP/1.1
User-Agent: selenium/4.8.1 (java windows)
Cache-Control: no-cache
Content-Type: application/json; charset=utf-8
host: localhost:46904
accept: */*

Response DefaultHttpResponse(decodeResult: success, version: HTTP/1.1)
HTTP/1.1 200 OK
Content-Length: 59384
Content-Type: application/json; charset=utf-8
cache-control: no-cache

18:52:45.800 [AsyncHttpClient-1-3] DEBUG org.asynchttpclient.netty.channel.ChannelManager - Adding key: http://localhost:46904 for channel [id: 0xe6d7feb0, L:/127.0.0.1:59071 - R:localhost/127.0.0.1:46904]
18:52:45.803 [main] DEBUG net.serenitybdd.core.photography.Darkroom - Send negative for processing for target\site\serenity\a67b28b0be0f10bf89615ac029d1ebd5a2d434e888e6cc0592be789949c93618.png
18:52:45.803 [main] DEBUG net.thucydides.core.steps.StepInterceptor - STEP DONE: validateOnLoginPage
  &amp#27;[32mThen &amp#27;[0m&amp#27;[32mI'm on the login page&amp#27;[0m                                          &amp#27;[90m# starter.stepdefinitions.RegisterSteps.goToLoginPage()&amp#27;[0m
18:52:45.816 [main] INFO  - 
  _____   ___   ___   _____     ___     _     ___   ___   ___   ___  
 |_   _| | __| / __| |_   _|   | _ \   /_\   / __| / __| | __| |   \ 
   | |   | _|  \__ \   | |     |  _/  / _ \  \__ \ \__ \ | _|  | |) |
   |_|   |___| |___/   |_|     |_|   /_/ \_\ |___/ |___/ |___| |___/ 

As a user I registered with incorrect data filled character
----------------------------------------------------------------------
18:52:45.824 [AsyncHttpClient-1-5] DEBUG org.asynchttpclient.netty.handler.WebSocketHandler - Channel Closed: [id: 0x8b24e8ea, L:/127.0.0.1:59080 ! R:localhost/127.0.0.1:59072] with attribute NettyResponseFuture{currentRetry=0,
	isDone=1,
	isCancelled=0,
	asyncHandler=org.asynchttpclient.ws.WebSocketUpgradeHandler@9f5522e,
	nettyRequest=org.asynchttpclient.netty.request.NettyRequest@753f253f,
	future=java.util.concurrent.CompletableFuture@342ae674[Completed normally],
	uri=ws://localhost:59072/devtools/browser/1c5409c9-be10-4b08-87b8-1614048290fc,
	keepAlive=true,
	redirectCount=0,
	timeoutsHolder=null,
	inAuth=0,
	touch=1683546759030}
18:52:45.825 [AsyncHttpClient-1-5] DEBUG org.asynchttpclient.netty.channel.ChannelManager - Closing Channel [id: 0x8b24e8ea, L:/127.0.0.1:59080 ! R:localhost/127.0.0.1:59072] 
18:52:45.833 [Driver Command Executor] DEBUG org.asynchttpclient.netty.request.NettyRequestSender - Using pooled Channel '[id: 0xe6d7feb0, L:/127.0.0.1:59071 - R:localhost/127.0.0.1:46904]' for 'DELETE' to 'http://localhost:46904/session/fdfbe22b703e0cb1448dee4ceb01e145'
18:52:45.833 [Driver Command Executor] DEBUG org.asynchttpclient.netty.request.NettyRequestSender - Using open Channel [id: 0xe6d7feb0, L:/127.0.0.1:59071 - R:localhost/127.0.0.1:46904] for DELETE '/session/fdfbe22b703e0cb1448dee4ceb01e145'
18:52:45.867 [AsyncHttpClient-1-1] DEBUG org.asynchttpclient.netty.channel.DefaultChannelPool - Entry count for : http://localhost:59072 : 1
18:52:46.674 [AsyncHttpClient-1-4] DEBUG org.asynchttpclient.netty.handler.HttpHandler - Unexpected I/O exception on channel [id: 0x4822cabd, L:/127.0.0.1:59078 - R:localhost/127.0.0.1:59072]
java.net.SocketException: Connection reset
	at java.base/sun.nio.ch.SocketChannelImpl.throwConnectionReset(SocketChannelImpl.java:394)
	at java.base/sun.nio.ch.SocketChannelImpl.read(SocketChannelImpl.java:426)
	at io.netty.buffer.PooledByteBuf.setBytes(PooledByteBuf.java:259)
	at io.netty.buffer.AbstractByteBuf.writeBytes(AbstractByteBuf.java:1132)
	at io.netty.channel.socket.nio.NioSocketChannel.doReadBytes(NioSocketChannel.java:357)
	at io.netty.channel.nio.AbstractNioByteChannel$NioByteUnsafe.read(AbstractNioByteChannel.java:151)
	at io.netty.channel.nio.NioEventLoop.processSelectedKey(NioEventLoop.java:788)
	at io.netty.channel.nio.NioEventLoop.processSelectedKeysOptimized(NioEventLoop.java:724)
	at io.netty.channel.nio.NioEventLoop.processSelectedKeys(NioEventLoop.java:650)
	at io.netty.channel.nio.NioEventLoop.run(NioEventLoop.java:562)
	at io.netty.util.concurrent.SingleThreadEventExecutor$4.run(SingleThreadEventExecutor.java:997)
	at io.netty.util.internal.ThreadExecutorMap$2.run(ThreadExecutorMap.java:74)
	at io.netty.util.concurrent.FastThreadLocalRunnable.run(FastThreadLocalRunnable.java:30)
	at java.base/java.lang.Thread.run(Thread.java:833)
18:52:46.675 [AsyncHttpClient-1-4] DEBUG org.asynchttpclient.netty.channel.ChannelManager - Closing Channel [id: 0x4822cabd, L:/127.0.0.1:59078 - R:localhost/127.0.0.1:59072] 
18:52:46.675 [AsyncHttpClient-1-4] DEBUG org.asynchttpclient.netty.handler.HttpHandler - Channel Closed: [id: 0x4822cabd, L:/127.0.0.1:59078 ! R:localhost/127.0.0.1:59072] with attribute DISCARD
18:52:46.728 [AsyncHttpClient-1-3] DEBUG org.asynchttpclient.netty.handler.HttpHandler - 

Request DefaultFullHttpRequest(decodeResult: success, version: HTTP/1.1, content: EmptyByteBufBE)
DELETE /session/fdfbe22b703e0cb1448dee4ceb01e145 HTTP/1.1
User-Agent: selenium/4.8.1 (java windows)
Content-Type: application/json; charset=utf-8
host: localhost:46904
accept: */*

Response DefaultHttpResponse(decodeResult: success, version: HTTP/1.1)
HTTP/1.1 200 OK
Content-Length: 14
Content-Type: application/json; charset=utf-8
cache-control: no-cache

18:52:46.728 [AsyncHttpClient-1-3] DEBUG org.asynchttpclient.netty.channel.ChannelManager - Adding key: http://localhost:46904 for channel [id: 0xe6d7feb0, L:/127.0.0.1:59071 - R:localhost/127.0.0.1:46904]
18:52:46.857 [AsyncHttpClient-1-3] DEBUG org.asynchttpclient.netty.handler.HttpHandler - Channel Closed: [id: 0xe6d7feb0, L:/127.0.0.1:59071 ! R:localhost/127.0.0.1:46904] with attribute DISCARD
]]></system-out>
    <system-err><![CDATA[Starting ChromeDriver 111.0.5563.64 (c710e93d5b63b7095afe8c2c17df34408078439d-refs/branch-heads/5563@{#995}) on port 46904
Only local connections are allowed.
Please see https://chromedriver.chromium.org/security-considerations for suggestions on keeping ChromeDriver safe.
ChromeDriver was started successfully.
[1683546758.692][WARNING]: This version of ChromeDriver has not been tested with Chrome version 112.
May 08, 2023 6:52:39 PM org.openqa.selenium.devtools.CdpVersionFinder findNearestMatch
WARNING: Unable to find an exact match for CDP version 112, so returning the closest version found: 110
]]></system-err>
  </testcase>
  <testcase name="As a user I register with the data that has been registered" classname="Register" time="7.943">
    <system-out><![CDATA[18:52:46.967 [AsyncHttpClient-1-1] DEBUG org.asynchttpclient.netty.channel.DefaultChannelPool - Entry count for : http://localhost:59072 : 1
18:52:46.968 [AsyncHttpClient-1-1] DEBUG org.asynchttpclient.netty.channel.DefaultChannelPool - Entry count for : http://localhost:46904 : 1
18:52:46.968 [AsyncHttpClient-1-1] DEBUG org.asynchttpclient.netty.channel.DefaultChannelPool - Adding Candidate expired Channel [id: 0x4822cabd, L:/127.0.0.1:59078 ! R:localhost/127.0.0.1:59072] isIdleTimeoutExpired=false isRemotelyClosed=true isTtlExpired=false
18:52:46.968 [AsyncHttpClient-1-1] DEBUG org.asynchttpclient.netty.channel.DefaultChannelPool - Closing Idle Channel [id: 0x4822cabd, L:/127.0.0.1:59078 ! R:localhost/127.0.0.1:59072]
18:52:46.968 [AsyncHttpClient-1-1] DEBUG org.asynchttpclient.netty.channel.DefaultChannelPool - Adding Candidate expired Channel [id: 0xe6d7feb0, L:/127.0.0.1:59071 ! R:localhost/127.0.0.1:46904] isIdleTimeoutExpired=false isRemotelyClosed=true isTtlExpired=false
18:52:46.968 [AsyncHttpClient-1-1] DEBUG org.asynchttpclient.netty.channel.DefaultChannelPool - Closing Idle Channel [id: 0xe6d7feb0, L:/127.0.0.1:59071 ! R:localhost/127.0.0.1:46904]
18:52:46.968 [AsyncHttpClient-1-1] DEBUG org.asynchttpclient.netty.channel.DefaultChannelPool - Closed 2 connections out of 2 in 0 ms

Scenario: As a user I register with the data that has been registered &amp#27;[90m# src/test/resources/features/register.feature:31&amp#27;[0m
18:52:46.974 [main] DEBUG io.cucumber.core.plugin.SerenityReporter - Running feature from file:///D:/alta/MiniProject/src/test/resources/features/register.feature
18:52:46.978 [main] INFO  - 
  _____   ___   ___   _____     ___   _____     _     ___   _____   ___   ___  
 |_   _| | __| / __| |_   _|   / __| |_   _|   /_\   | _ \ |_   _| | __| |   \ 
   | |   | _|  \__ \   | |     \__ \   | |    / _ \  |   /   | |   | _|  | |) |
   |_|   |___| |___/   |_|     |___/   |_|   /_/ \_\ |_|_\   |_|   |___| |___/ 

As a user I register with the data that has been registered(register;as-a-user-i-register-with-the-data-that-has-been-registered)
--------------------------------------------------------------------------------
18:52:47.142 [main] INFO net.serenitybdd.core.webdriver.driverproviders.ChromeDriverProvider - Starting Chrome driver instance with capabilities:
18:52:47.144 [main] INFO net.serenitybdd.core.webdriver.driverproviders.ChromeDriverProvider - Capabilities {acceptInsecureCerts: false, browserName: chrome, goog:chromeOptions: {args: [remote-allow-origins=*], extensions: []}}
18:52:47.327 [AsyncHttpClient-1-6] DEBUG org.asynchttpclient.netty.channel.NettyConnectListener - Using new Channel '[id: 0x408865ae, L:/127.0.0.1:59095 - R:localhost/127.0.0.1:16603]' for 'POST' to '/session'
18:52:48.529 [AsyncHttpClient-1-6] DEBUG org.asynchttpclient.netty.handler.HttpHandler - 

Request DefaultHttpRequest(decodeResult: success, version: HTTP/1.1)
POST /session HTTP/1.1
User-Agent: selenium/4.8.1 (java windows)
Content-Length: 507
Content-Type: application/json; charset=utf-8
host: localhost:16603
accept: */*

Response DefaultHttpResponse(decodeResult: success, version: HTTP/1.1)
HTTP/1.1 200 OK
Content-Length: 862
Content-Type: application/json; charset=utf-8
cache-control: no-cache

18:52:48.531 [AsyncHttpClient-1-6] DEBUG org.asynchttpclient.netty.channel.ChannelManager - Adding key: http://localhost:16603 for channel [id: 0x408865ae, L:/127.0.0.1:59095 - R:localhost/127.0.0.1:16603]
18:52:48.541 [AsyncHttpClient-1-7] DEBUG org.asynchttpclient.netty.channel.NettyConnectListener - Using new Channel '[id: 0xefb8d3db, L:/127.0.0.1:59101 - R:localhost/127.0.0.1:59096]' for 'GET' to '/json/version'
18:52:48.542 [AsyncHttpClient-1-7] DEBUG org.asynchttpclient.netty.handler.HttpHandler - 

Request DefaultFullHttpRequest(decodeResult: success, version: HTTP/1.1, content: EmptyByteBufBE)
GET /json/version HTTP/1.1
User-Agent: selenium/4.8.1 (java windows)
host: localhost:59096
accept: */*

Response DefaultHttpResponse(decodeResult: success, version: HTTP/1.1)
HTTP/1.1 200 OK
Content-Security-Policy: frame-ancestors 'none'
Content-Length: 424
Content-Type: application/json; charset=UTF-8

18:52:48.542 [AsyncHttpClient-1-7] DEBUG org.asynchttpclient.netty.channel.ChannelManager - Adding key: http://localhost:59096 for channel [id: 0xefb8d3db, L:/127.0.0.1:59101 - R:localhost/127.0.0.1:59096]
18:52:48.550 [AsyncHttpClient-1-8] DEBUG org.asynchttpclient.netty.channel.NettyConnectListener - Using new Channel '[id: 0x508db138, L:/127.0.0.1:59102 - R:localhost/127.0.0.1:59096]' for 'GET' to '/devtools/browser/dc19fb91-880e-4973-a808-9b56e5a8b254'
18:52:48.552 [AsyncHttpClient-1-8] DEBUG org.asynchttpclient.netty.handler.WebSocketHandler - 

Request DefaultFullHttpRequest(decodeResult: success, version: HTTP/1.1, content: EmptyByteBufBE)
GET /devtools/browser/dc19fb91-880e-4973-a808-9b56e5a8b254 HTTP/1.1
upgrade: websocket
connection: upgrade
sec-websocket-key: s4h60nB0BqkuheOr5lHcMA==
sec-websocket-version: 13
origin: http://localhost:59096
host: localhost:59096
accept: */*
user-agent: AHC/2.1

Response DefaultHttpResponse(decodeResult: success, version: HTTP/1.1)
HTTP/1.1 101 WebSocket Protocol Handshake
Upgrade: WebSocket
Connection: Upgrade
Sec-WebSocket-Accept: KIJUMpGMF62rWZ+q+phaHKOos0o=

18:52:48.562 [Forwarding get on session 9ac8d9c874f06f404d6373b39d83d7ae to remote] DEBUG org.asynchttpclient.netty.request.NettyRequestSender - Using pooled Channel '[id: 0x408865ae, L:/127.0.0.1:59095 - R:localhost/127.0.0.1:16603]' for 'POST' to 'http://localhost:16603/session/9ac8d9c874f06f404d6373b39d83d7ae/url'
18:52:48.562 [Forwarding get on session 9ac8d9c874f06f404d6373b39d83d7ae to remote] DEBUG org.asynchttpclient.netty.request.NettyRequestSender - Using open Channel [id: 0x408865ae, L:/127.0.0.1:59095 - R:localhost/127.0.0.1:16603] for POST '/session/9ac8d9c874f06f404d6373b39d83d7ae/url'
18:52:49.162 [AsyncHttpClient-1-1] DEBUG org.asynchttpclient.netty.channel.DefaultChannelPool - Entry count for : http://localhost:59096 : 1
18:52:50.266 [AsyncHttpClient-1-1] DEBUG org.asynchttpclient.netty.channel.DefaultChannelPool - Entry count for : http://localhost:59096 : 1
18:52:50.674 [AsyncHttpClient-1-6] DEBUG org.asynchttpclient.netty.handler.HttpHandler - 

Request DefaultHttpRequest(decodeResult: success, version: HTTP/1.1)
POST /session/9ac8d9c874f06f404d6373b39d83d7ae/url HTTP/1.1
User-Agent: selenium/4.8.1 (java windows)
Content-Length: 77
Content-Type: application/json; charset=utf-8
host: localhost:16603
accept: */*

Response DefaultHttpResponse(decodeResult: success, version: HTTP/1.1)
HTTP/1.1 200 OK
Content-Length: 14
Content-Type: application/json; charset=utf-8
cache-control: no-cache

18:52:50.674 [AsyncHttpClient-1-6] DEBUG org.asynchttpclient.netty.channel.ChannelManager - Adding key: http://localhost:16603 for channel [id: 0x408865ae, L:/127.0.0.1:59095 - R:localhost/127.0.0.1:16603]
18:52:50.678 [Forwarding setTimeout on session 9ac8d9c874f06f404d6373b39d83d7ae to remote] DEBUG org.asynchttpclient.netty.request.NettyRequestSender - Using pooled Channel '[id: 0x408865ae, L:/127.0.0.1:59095 - R:localhost/127.0.0.1:16603]' for 'POST' to 'http://localhost:16603/session/9ac8d9c874f06f404d6373b39d83d7ae/timeouts'
18:52:50.678 [Forwarding setTimeout on session 9ac8d9c874f06f404d6373b39d83d7ae to remote] DEBUG org.asynchttpclient.netty.request.NettyRequestSender - Using open Channel [id: 0x408865ae, L:/127.0.0.1:59095 - R:localhost/127.0.0.1:16603] for POST '/session/9ac8d9c874f06f404d6373b39d83d7ae/timeouts'
18:52:50.681 [AsyncHttpClient-1-6] DEBUG org.asynchttpclient.netty.handler.HttpHandler - 

Request DefaultHttpRequest(decodeResult: success, version: HTTP/1.1)
POST /session/9ac8d9c874f06f404d6373b39d83d7ae/timeouts HTTP/1.1
User-Agent: selenium/4.8.1 (java windows)
Content-Length: 22
Content-Type: application/json; charset=utf-8
host: localhost:16603
accept: */*

Response DefaultHttpResponse(decodeResult: success, version: HTTP/1.1)
HTTP/1.1 200 OK
Content-Length: 14
Content-Type: application/json; charset=utf-8
cache-control: no-cache

18:52:50.681 [AsyncHttpClient-1-6] DEBUG org.asynchttpclient.netty.channel.ChannelManager - Adding key: http://localhost:16603 for channel [id: 0x408865ae, L:/127.0.0.1:59095 - R:localhost/127.0.0.1:16603]
18:52:50.729 [Forwarding getAlertText on session 9ac8d9c874f06f404d6373b39d83d7ae to remote] DEBUG org.asynchttpclient.netty.request.NettyRequestSender - Using pooled Channel '[id: 0x408865ae, L:/127.0.0.1:59095 - R:localhost/127.0.0.1:16603]' for 'GET' to 'http://localhost:16603/session/9ac8d9c874f06f404d6373b39d83d7ae/alert/text'
18:52:50.729 [Forwarding getAlertText on session 9ac8d9c874f06f404d6373b39d83d7ae to remote] DEBUG org.asynchttpclient.netty.request.NettyRequestSender - Using open Channel [id: 0x408865ae, L:/127.0.0.1:59095 - R:localhost/127.0.0.1:16603] for GET '/session/9ac8d9c874f06f404d6373b39d83d7ae/alert/text'
18:52:50.731 [AsyncHttpClient-1-6] DEBUG org.asynchttpclient.netty.handler.HttpHandler - 

Request DefaultFullHttpRequest(decodeResult: success, version: HTTP/1.1, content: EmptyByteBufBE)
GET /session/9ac8d9c874f06f404d6373b39d83d7ae/alert/text HTTP/1.1
User-Agent: selenium/4.8.1 (java windows)
Cache-Control: no-cache
Content-Type: application/json; charset=utf-8
host: localhost:16603
accept: */*

Response DefaultHttpResponse(decodeResult: success, version: HTTP/1.1)
HTTP/1.1 404 Not Found
Content-Length: 809
Content-Type: application/json; charset=utf-8
cache-control: no-cache

18:52:50.731 [AsyncHttpClient-1-6] DEBUG org.asynchttpclient.netty.channel.ChannelManager - Adding key: http://localhost:16603 for channel [id: 0x408865ae, L:/127.0.0.1:59095 - R:localhost/127.0.0.1:16603]
18:52:50.735 [Forwarding getCurrentUrl on session 9ac8d9c874f06f404d6373b39d83d7ae to remote] DEBUG org.asynchttpclient.netty.request.NettyRequestSender - Using pooled Channel '[id: 0x408865ae, L:/127.0.0.1:59095 - R:localhost/127.0.0.1:16603]' for 'GET' to 'http://localhost:16603/session/9ac8d9c874f06f404d6373b39d83d7ae/url'
18:52:50.735 [Forwarding getCurrentUrl on session 9ac8d9c874f06f404d6373b39d83d7ae to remote] DEBUG org.asynchttpclient.netty.request.NettyRequestSender - Using open Channel [id: 0x408865ae, L:/127.0.0.1:59095 - R:localhost/127.0.0.1:16603] for GET '/session/9ac8d9c874f06f404d6373b39d83d7ae/url'
18:52:50.742 [AsyncHttpClient-1-6] DEBUG org.asynchttpclient.netty.handler.HttpHandler - 

Request DefaultFullHttpRequest(decodeResult: success, version: HTTP/1.1, content: EmptyByteBufBE)
GET /session/9ac8d9c874f06f404d6373b39d83d7ae/url HTTP/1.1
User-Agent: selenium/4.8.1 (java windows)
Cache-Control: no-cache
Content-Type: application/json; charset=utf-8
host: localhost:16603
accept: */*

Response DefaultHttpResponse(decodeResult: success, version: HTTP/1.1)
HTTP/1.1 200 OK
Content-Length: 54
Content-Type: application/json; charset=utf-8
cache-control: no-cache

18:52:50.742 [AsyncHttpClient-1-6] DEBUG org.asynchttpclient.netty.channel.ChannelManager - Adding key: http://localhost:16603 for channel [id: 0x408865ae, L:/127.0.0.1:59095 - R:localhost/127.0.0.1:16603]
18:52:50.745 [Forwarding screenshot on session 9ac8d9c874f06f404d6373b39d83d7ae to remote] DEBUG org.asynchttpclient.netty.request.NettyRequestSender - Using pooled Channel '[id: 0x408865ae, L:/127.0.0.1:59095 - R:localhost/127.0.0.1:16603]' for 'GET' to 'http://localhost:16603/session/9ac8d9c874f06f404d6373b39d83d7ae/screenshot'
18:52:50.745 [Forwarding screenshot on session 9ac8d9c874f06f404d6373b39d83d7ae to remote] DEBUG org.asynchttpclient.netty.request.NettyRequestSender - Using open Channel [id: 0x408865ae, L:/127.0.0.1:59095 - R:localhost/127.0.0.1:16603] for GET '/session/9ac8d9c874f06f404d6373b39d83d7ae/screenshot'
18:52:50.992 [AsyncHttpClient-1-6] DEBUG org.asynchttpclient.netty.handler.HttpHandler - 

Request DefaultFullHttpRequest(decodeResult: success, version: HTTP/1.1, content: EmptyByteBufBE)
GET /session/9ac8d9c874f06f404d6373b39d83d7ae/screenshot HTTP/1.1
User-Agent: selenium/4.8.1 (java windows)
Cache-Control: no-cache
Content-Type: application/json; charset=utf-8
host: localhost:16603
accept: */*

Response DefaultHttpResponse(decodeResult: success, version: HTTP/1.1)
HTTP/1.1 200 OK
Content-Length: 46496
Content-Type: application/json; charset=utf-8
cache-control: no-cache

18:52:50.993 [AsyncHttpClient-1-6] DEBUG org.asynchttpclient.netty.channel.ChannelManager - Adding key: http://localhost:16603 for channel [id: 0x408865ae, L:/127.0.0.1:59095 - R:localhost/127.0.0.1:16603]
18:52:51.003 [main] DEBUG net.serenitybdd.core.photography.Darkroom - Send negative for processing for target\site\serenity\e6e073ebb67bcdb84836d9e86250baa50ef1b4c5b279f3056564b55428621f12.png
18:52:51.006 [Darkroom Processing Line] DEBUG net.serenitybdd.core.photography.DarkroomProcessingLine - Processing screenshot image in /var/screenshots/screenshot-6227610823958515437
18:52:51.006 [Darkroom Processing Line] DEBUG net.serenitybdd.core.photography.DarkroomProcessingLine - Saving screenshot to target\site\serenity\e6e073ebb67bcdb84836d9e86250baa50ef1b4c5b279f3056564b55428621f12.png
18:52:51.015 [Forwarding getPageSource on session 9ac8d9c874f06f404d6373b39d83d7ae to remote] DEBUG org.asynchttpclient.netty.request.NettyRequestSender - Using pooled Channel '[id: 0x408865ae, L:/127.0.0.1:59095 - R:localhost/127.0.0.1:16603]' for 'POST' to 'http://localhost:16603/session/9ac8d9c874f06f404d6373b39d83d7ae/execute/sync'
18:52:51.015 [Forwarding getPageSource on session 9ac8d9c874f06f404d6373b39d83d7ae to remote] DEBUG org.asynchttpclient.netty.request.NettyRequestSender - Using open Channel [id: 0x408865ae, L:/127.0.0.1:59095 - R:localhost/127.0.0.1:16603] for POST '/session/9ac8d9c874f06f404d6373b39d83d7ae/execute/sync'
18:52:51.040 [AsyncHttpClient-1-6] DEBUG org.asynchttpclient.netty.handler.HttpHandler - 

Request DefaultHttpRequest(decodeResult: success, version: HTTP/1.1)
POST /session/9ac8d9c874f06f404d6373b39d83d7ae/execute/sync HTTP/1.1
User-Agent: selenium/4.8.1 (java windows)
Content-Length: 176
Content-Type: application/json; charset=utf-8
host: localhost:16603
accept: */*

Response DefaultHttpResponse(decodeResult: success, version: HTTP/1.1)
HTTP/1.1 200 OK
Content-Length: 22234
Content-Type: application/json; charset=utf-8
cache-control: no-cache

18:52:51.040 [AsyncHttpClient-1-6] DEBUG org.asynchttpclient.netty.channel.ChannelManager - Adding key: http://localhost:16603 for channel [id: 0x408865ae, L:/127.0.0.1:59095 - R:localhost/127.0.0.1:16603]
18:52:51.060 [Forwarding getCurrentUrl on session 9ac8d9c874f06f404d6373b39d83d7ae to remote] DEBUG org.asynchttpclient.netty.request.NettyRequestSender - Using pooled Channel '[id: 0x408865ae, L:/127.0.0.1:59095 - R:localhost/127.0.0.1:16603]' for 'GET' to 'http://localhost:16603/session/9ac8d9c874f06f404d6373b39d83d7ae/url'
18:52:51.060 [Forwarding getCurrentUrl on session 9ac8d9c874f06f404d6373b39d83d7ae to remote] DEBUG org.asynchttpclient.netty.request.NettyRequestSender - Using open Channel [id: 0x408865ae, L:/127.0.0.1:59095 - R:localhost/127.0.0.1:16603] for GET '/session/9ac8d9c874f06f404d6373b39d83d7ae/url'
18:52:51.066 [AsyncHttpClient-1-6] DEBUG org.asynchttpclient.netty.handler.HttpHandler - 

Request DefaultFullHttpRequest(decodeResult: success, version: HTTP/1.1, content: EmptyByteBufBE)
GET /session/9ac8d9c874f06f404d6373b39d83d7ae/url HTTP/1.1
User-Agent: selenium/4.8.1 (java windows)
Cache-Control: no-cache
Content-Type: application/json; charset=utf-8
host: localhost:16603
accept: */*

Response DefaultHttpResponse(decodeResult: success, version: HTTP/1.1)
HTTP/1.1 200 OK
Content-Length: 54
Content-Type: application/json; charset=utf-8
cache-control: no-cache

18:52:51.066 [AsyncHttpClient-1-6] DEBUG org.asynchttpclient.netty.channel.ChannelManager - Adding key: http://localhost:16603 for channel [id: 0x408865ae, L:/127.0.0.1:59095 - R:localhost/127.0.0.1:16603]
18:52:51.071 [main] DEBUG net.thucydides.core.steps.StepInterceptor - STARTING STEP: RegisterSteps.onRegisterPage - validateOnRegisterPage
18:52:51.104 [Forwarding findElement on session 9ac8d9c874f06f404d6373b39d83d7ae to remote] DEBUG org.asynchttpclient.netty.request.NettyRequestSender - Using pooled Channel '[id: 0x408865ae, L:/127.0.0.1:59095 - R:localhost/127.0.0.1:16603]' for 'POST' to 'http://localhost:16603/session/9ac8d9c874f06f404d6373b39d83d7ae/element'
18:52:51.104 [Forwarding findElement on session 9ac8d9c874f06f404d6373b39d83d7ae to remote] DEBUG org.asynchttpclient.netty.request.NettyRequestSender - Using open Channel [id: 0x408865ae, L:/127.0.0.1:59095 - R:localhost/127.0.0.1:16603] for POST '/session/9ac8d9c874f06f404d6373b39d83d7ae/element'
18:52:51.129 [AsyncHttpClient-1-6] DEBUG org.asynchttpclient.netty.handler.HttpHandler - 

Request DefaultHttpRequest(decodeResult: success, version: HTTP/1.1)
POST /session/9ac8d9c874f06f404d6373b39d83d7ae/element HTTP/1.1
User-Agent: selenium/4.8.1 (java windows)
Content-Length: 142
Content-Type: application/json; charset=utf-8
host: localhost:16603
accept: */*

Response DefaultHttpResponse(decodeResult: success, version: HTTP/1.1)
HTTP/1.1 200 OK
Content-Length: 88
Content-Type: application/json; charset=utf-8
cache-control: no-cache

18:52:51.129 [AsyncHttpClient-1-6] DEBUG org.asynchttpclient.netty.channel.ChannelManager - Adding key: http://localhost:16603 for channel [id: 0x408865ae, L:/127.0.0.1:59095 - R:localhost/127.0.0.1:16603]
18:52:51.145 [Forwarding isElementDisplayed on session 9ac8d9c874f06f404d6373b39d83d7ae to remote] DEBUG org.asynchttpclient.netty.request.NettyRequestSender - Using pooled Channel '[id: 0x408865ae, L:/127.0.0.1:59095 - R:localhost/127.0.0.1:16603]' for 'POST' to 'http://localhost:16603/session/9ac8d9c874f06f404d6373b39d83d7ae/execute/sync'
18:52:51.145 [Forwarding isElementDisplayed on session 9ac8d9c874f06f404d6373b39d83d7ae to remote] DEBUG org.asynchttpclient.netty.request.NettyRequestSender - Using open Channel [id: 0x408865ae, L:/127.0.0.1:59095 - R:localhost/127.0.0.1:16603] for POST '/session/9ac8d9c874f06f404d6373b39d83d7ae/execute/sync'
18:52:51.172 [AsyncHttpClient-1-6] DEBUG org.asynchttpclient.netty.handler.HttpHandler - 

Request DefaultHttpRequest(decodeResult: success, version: HTTP/1.1)
POST /session/9ac8d9c874f06f404d6373b39d83d7ae/execute/sync HTTP/1.1
User-Agent: selenium/4.8.1 (java windows)
Content-Length: 48807
Content-Type: application/json; charset=utf-8
host: localhost:16603
accept: */*

Response DefaultHttpResponse(decodeResult: success, version: HTTP/1.1)
HTTP/1.1 200 OK
Content-Length: 14
Content-Type: application/json; charset=utf-8
cache-control: no-cache

18:52:51.173 [AsyncHttpClient-1-6] DEBUG org.asynchttpclient.netty.channel.ChannelManager - Adding key: http://localhost:16603 for channel [id: 0x408865ae, L:/127.0.0.1:59095 - R:localhost/127.0.0.1:16603]
18:52:51.193 [Forwarding getAlertText on session 9ac8d9c874f06f404d6373b39d83d7ae to remote] DEBUG org.asynchttpclient.netty.request.NettyRequestSender - Using pooled Channel '[id: 0x408865ae, L:/127.0.0.1:59095 - R:localhost/127.0.0.1:16603]' for 'GET' to 'http://localhost:16603/session/9ac8d9c874f06f404d6373b39d83d7ae/alert/text'
18:52:51.194 [Forwarding getAlertText on session 9ac8d9c874f06f404d6373b39d83d7ae to remote] DEBUG org.asynchttpclient.netty.request.NettyRequestSender - Using open Channel [id: 0x408865ae, L:/127.0.0.1:59095 - R:localhost/127.0.0.1:16603] for GET '/session/9ac8d9c874f06f404d6373b39d83d7ae/alert/text'
18:52:51.197 [AsyncHttpClient-1-6] DEBUG org.asynchttpclient.netty.handler.HttpHandler - 

Request DefaultFullHttpRequest(decodeResult: success, version: HTTP/1.1, content: EmptyByteBufBE)
GET /session/9ac8d9c874f06f404d6373b39d83d7ae/alert/text HTTP/1.1
User-Agent: selenium/4.8.1 (java windows)
Cache-Control: no-cache
Content-Type: application/json; charset=utf-8
host: localhost:16603
accept: */*

Response DefaultHttpResponse(decodeResult: success, version: HTTP/1.1)
HTTP/1.1 404 Not Found
Content-Length: 809
Content-Type: application/json; charset=utf-8
cache-control: no-cache

18:52:51.198 [AsyncHttpClient-1-6] DEBUG org.asynchttpclient.netty.channel.ChannelManager - Adding key: http://localhost:16603 for channel [id: 0x408865ae, L:/127.0.0.1:59095 - R:localhost/127.0.0.1:16603]
18:52:51.202 [Forwarding getCurrentUrl on session 9ac8d9c874f06f404d6373b39d83d7ae to remote] DEBUG org.asynchttpclient.netty.request.NettyRequestSender - Using pooled Channel '[id: 0x408865ae, L:/127.0.0.1:59095 - R:localhost/127.0.0.1:16603]' for 'GET' to 'http://localhost:16603/session/9ac8d9c874f06f404d6373b39d83d7ae/url'
18:52:51.202 [Forwarding getCurrentUrl on session 9ac8d9c874f06f404d6373b39d83d7ae to remote] DEBUG org.asynchttpclient.netty.request.NettyRequestSender - Using open Channel [id: 0x408865ae, L:/127.0.0.1:59095 - R:localhost/127.0.0.1:16603] for GET '/session/9ac8d9c874f06f404d6373b39d83d7ae/url'
18:52:51.208 [AsyncHttpClient-1-6] DEBUG org.asynchttpclient.netty.handler.HttpHandler - 

Request DefaultFullHttpRequest(decodeResult: success, version: HTTP/1.1, content: EmptyByteBufBE)
GET /session/9ac8d9c874f06f404d6373b39d83d7ae/url HTTP/1.1
User-Agent: selenium/4.8.1 (java windows)
Cache-Control: no-cache
Content-Type: application/json; charset=utf-8
host: localhost:16603
accept: */*

Response DefaultHttpResponse(decodeResult: success, version: HTTP/1.1)
HTTP/1.1 200 OK
Content-Length: 54
Content-Type: application/json; charset=utf-8
cache-control: no-cache

18:52:51.208 [AsyncHttpClient-1-6] DEBUG org.asynchttpclient.netty.channel.ChannelManager - Adding key: http://localhost:16603 for channel [id: 0x408865ae, L:/127.0.0.1:59095 - R:localhost/127.0.0.1:16603]
18:52:51.209 [Forwarding screenshot on session 9ac8d9c874f06f404d6373b39d83d7ae to remote] DEBUG org.asynchttpclient.netty.request.NettyRequestSender - Using pooled Channel '[id: 0x408865ae, L:/127.0.0.1:59095 - R:localhost/127.0.0.1:16603]' for 'GET' to 'http://localhost:16603/session/9ac8d9c874f06f404d6373b39d83d7ae/screenshot'
18:52:51.209 [Forwarding screenshot on session 9ac8d9c874f06f404d6373b39d83d7ae to remote] DEBUG org.asynchttpclient.netty.request.NettyRequestSender - Using open Channel [id: 0x408865ae, L:/127.0.0.1:59095 - R:localhost/127.0.0.1:16603] for GET '/session/9ac8d9c874f06f404d6373b39d83d7ae/screenshot'
18:52:51.364 [AsyncHttpClient-1-1] DEBUG org.asynchttpclient.netty.channel.DefaultChannelPool - Entry count for : http://localhost:59096 : 1
18:52:51.417 [AsyncHttpClient-1-6] DEBUG org.asynchttpclient.netty.handler.HttpHandler - 

Request DefaultFullHttpRequest(decodeResult: success, version: HTTP/1.1, content: EmptyByteBufBE)
GET /session/9ac8d9c874f06f404d6373b39d83d7ae/screenshot HTTP/1.1
User-Agent: selenium/4.8.1 (java windows)
Cache-Control: no-cache
Content-Type: application/json; charset=utf-8
host: localhost:16603
accept: */*

Response DefaultHttpResponse(decodeResult: success, version: HTTP/1.1)
HTTP/1.1 200 OK
Content-Length: 46496
Content-Type: application/json; charset=utf-8
cache-control: no-cache

18:52:51.419 [AsyncHttpClient-1-6] DEBUG org.asynchttpclient.netty.channel.ChannelManager - Adding key: http://localhost:16603 for channel [id: 0x408865ae, L:/127.0.0.1:59095 - R:localhost/127.0.0.1:16603]
18:52:51.427 [main] DEBUG net.serenitybdd.core.photography.Darkroom - Send negative for processing for target\site\serenity\e6e073ebb67bcdb84836d9e86250baa50ef1b4c5b279f3056564b55428621f12.png
18:52:51.427 [main] DEBUG net.thucydides.core.steps.StepInterceptor - STEP DONE: validateOnRegisterPage
  &amp#27;[32mGiven &amp#27;[0m&amp#27;[32mme on the register page&amp#27;[0m                                       &amp#27;[90m# starter.stepdefinitions.RegisterSteps.onRegisterPage()&amp#27;[0m
18:52:51.455 [Forwarding getPageSource on session 9ac8d9c874f06f404d6373b39d83d7ae to remote] DEBUG org.asynchttpclient.netty.request.NettyRequestSender - Using pooled Channel '[id: 0x408865ae, L:/127.0.0.1:59095 - R:localhost/127.0.0.1:16603]' for 'POST' to 'http://localhost:16603/session/9ac8d9c874f06f404d6373b39d83d7ae/execute/sync'
18:52:51.455 [Forwarding getPageSource on session 9ac8d9c874f06f404d6373b39d83d7ae to remote] DEBUG org.asynchttpclient.netty.request.NettyRequestSender - Using open Channel [id: 0x408865ae, L:/127.0.0.1:59095 - R:localhost/127.0.0.1:16603] for POST '/session/9ac8d9c874f06f404d6373b39d83d7ae/execute/sync'
18:52:51.464 [AsyncHttpClient-1-6] DEBUG org.asynchttpclient.netty.handler.HttpHandler - 

Request DefaultHttpRequest(decodeResult: success, version: HTTP/1.1)
POST /session/9ac8d9c874f06f404d6373b39d83d7ae/execute/sync HTTP/1.1
User-Agent: selenium/4.8.1 (java windows)
Content-Length: 176
Content-Type: application/json; charset=utf-8
host: localhost:16603
accept: */*

Response DefaultHttpResponse(decodeResult: success, version: HTTP/1.1)
HTTP/1.1 200 OK
Content-Length: 22234
Content-Type: application/json; charset=utf-8
cache-control: no-cache

18:52:51.465 [AsyncHttpClient-1-6] DEBUG org.asynchttpclient.netty.channel.ChannelManager - Adding key: http://localhost:16603 for channel [id: 0x408865ae, L:/127.0.0.1:59095 - R:localhost/127.0.0.1:16603]
18:52:51.476 [Forwarding getCurrentUrl on session 9ac8d9c874f06f404d6373b39d83d7ae to remote] DEBUG org.asynchttpclient.netty.request.NettyRequestSender - Using pooled Channel '[id: 0x408865ae, L:/127.0.0.1:59095 - R:localhost/127.0.0.1:16603]' for 'GET' to 'http://localhost:16603/session/9ac8d9c874f06f404d6373b39d83d7ae/url'
18:52:51.477 [Forwarding getCurrentUrl on session 9ac8d9c874f06f404d6373b39d83d7ae to remote] DEBUG org.asynchttpclient.netty.request.NettyRequestSender - Using open Channel [id: 0x408865ae, L:/127.0.0.1:59095 - R:localhost/127.0.0.1:16603] for GET '/session/9ac8d9c874f06f404d6373b39d83d7ae/url'
18:52:51.482 [AsyncHttpClient-1-6] DEBUG org.asynchttpclient.netty.handler.HttpHandler - 

Request DefaultFullHttpRequest(decodeResult: success, version: HTTP/1.1, content: EmptyByteBufBE)
GET /session/9ac8d9c874f06f404d6373b39d83d7ae/url HTTP/1.1
User-Agent: selenium/4.8.1 (java windows)
Cache-Control: no-cache
Content-Type: application/json; charset=utf-8
host: localhost:16603
accept: */*

Response DefaultHttpResponse(decodeResult: success, version: HTTP/1.1)
HTTP/1.1 200 OK
Content-Length: 54
Content-Type: application/json; charset=utf-8
cache-control: no-cache

18:52:51.482 [AsyncHttpClient-1-6] DEBUG org.asynchttpclient.netty.channel.ChannelManager - Adding key: http://localhost:16603 for channel [id: 0x408865ae, L:/127.0.0.1:59095 - R:localhost/127.0.0.1:16603]
18:52:51.509 [Forwarding getAlertText on session 9ac8d9c874f06f404d6373b39d83d7ae to remote] DEBUG org.asynchttpclient.netty.request.NettyRequestSender - Using pooled Channel '[id: 0x408865ae, L:/127.0.0.1:59095 - R:localhost/127.0.0.1:16603]' for 'GET' to 'http://localhost:16603/session/9ac8d9c874f06f404d6373b39d83d7ae/alert/text'
18:52:51.509 [Forwarding getAlertText on session 9ac8d9c874f06f404d6373b39d83d7ae to remote] DEBUG org.asynchttpclient.netty.request.NettyRequestSender - Using open Channel [id: 0x408865ae, L:/127.0.0.1:59095 - R:localhost/127.0.0.1:16603] for GET '/session/9ac8d9c874f06f404d6373b39d83d7ae/alert/text'
18:52:51.511 [AsyncHttpClient-1-6] DEBUG org.asynchttpclient.netty.handler.HttpHandler - 

Request DefaultFullHttpRequest(decodeResult: success, version: HTTP/1.1, content: EmptyByteBufBE)
GET /session/9ac8d9c874f06f404d6373b39d83d7ae/alert/text HTTP/1.1
User-Agent: selenium/4.8.1 (java windows)
Cache-Control: no-cache
Content-Type: application/json; charset=utf-8
host: localhost:16603
accept: */*

Response DefaultHttpResponse(decodeResult: success, version: HTTP/1.1)
HTTP/1.1 404 Not Found
Content-Length: 809
Content-Type: application/json; charset=utf-8
cache-control: no-cache

18:52:51.511 [AsyncHttpClient-1-6] DEBUG org.asynchttpclient.netty.channel.ChannelManager - Adding key: http://localhost:16603 for channel [id: 0x408865ae, L:/127.0.0.1:59095 - R:localhost/127.0.0.1:16603]
18:52:51.513 [Forwarding getCurrentUrl on session 9ac8d9c874f06f404d6373b39d83d7ae to remote] DEBUG org.asynchttpclient.netty.request.NettyRequestSender - Using pooled Channel '[id: 0x408865ae, L:/127.0.0.1:59095 - R:localhost/127.0.0.1:16603]' for 'GET' to 'http://localhost:16603/session/9ac8d9c874f06f404d6373b39d83d7ae/url'
18:52:51.513 [Forwarding getCurrentUrl on session 9ac8d9c874f06f404d6373b39d83d7ae to remote] DEBUG org.asynchttpclient.netty.request.NettyRequestSender - Using open Channel [id: 0x408865ae, L:/127.0.0.1:59095 - R:localhost/127.0.0.1:16603] for GET '/session/9ac8d9c874f06f404d6373b39d83d7ae/url'
18:52:51.518 [AsyncHttpClient-1-6] DEBUG org.asynchttpclient.netty.handler.HttpHandler - 

Request DefaultFullHttpRequest(decodeResult: success, version: HTTP/1.1, content: EmptyByteBufBE)
GET /session/9ac8d9c874f06f404d6373b39d83d7ae/url HTTP/1.1
User-Agent: selenium/4.8.1 (java windows)
Cache-Control: no-cache
Content-Type: application/json; charset=utf-8
host: localhost:16603
accept: */*

Response DefaultHttpResponse(decodeResult: success, version: HTTP/1.1)
HTTP/1.1 200 OK
Content-Length: 54
Content-Type: application/json; charset=utf-8
cache-control: no-cache

18:52:51.519 [AsyncHttpClient-1-6] DEBUG org.asynchttpclient.netty.channel.ChannelManager - Adding key: http://localhost:16603 for channel [id: 0x408865ae, L:/127.0.0.1:59095 - R:localhost/127.0.0.1:16603]
18:52:51.520 [Forwarding screenshot on session 9ac8d9c874f06f404d6373b39d83d7ae to remote] DEBUG org.asynchttpclient.netty.request.NettyRequestSender - Using pooled Channel '[id: 0x408865ae, L:/127.0.0.1:59095 - R:localhost/127.0.0.1:16603]' for 'GET' to 'http://localhost:16603/session/9ac8d9c874f06f404d6373b39d83d7ae/screenshot'
18:52:51.520 [Forwarding screenshot on session 9ac8d9c874f06f404d6373b39d83d7ae to remote] DEBUG org.asynchttpclient.netty.request.NettyRequestSender - Using open Channel [id: 0x408865ae, L:/127.0.0.1:59095 - R:localhost/127.0.0.1:16603] for GET '/session/9ac8d9c874f06f404d6373b39d83d7ae/screenshot'
18:52:51.685 [AsyncHttpClient-1-6] DEBUG org.asynchttpclient.netty.handler.HttpHandler - 

Request DefaultFullHttpRequest(decodeResult: success, version: HTTP/1.1, content: EmptyByteBufBE)
GET /session/9ac8d9c874f06f404d6373b39d83d7ae/screenshot HTTP/1.1
User-Agent: selenium/4.8.1 (java windows)
Cache-Control: no-cache
Content-Type: application/json; charset=utf-8
host: localhost:16603
accept: */*

Response DefaultHttpResponse(decodeResult: success, version: HTTP/1.1)
HTTP/1.1 200 OK
Content-Length: 46496
Content-Type: application/json; charset=utf-8
cache-control: no-cache

18:52:51.686 [AsyncHttpClient-1-6] DEBUG org.asynchttpclient.netty.channel.ChannelManager - Adding key: http://localhost:16603 for channel [id: 0x408865ae, L:/127.0.0.1:59095 - R:localhost/127.0.0.1:16603]
18:52:51.695 [main] DEBUG net.serenitybdd.core.photography.Darkroom - Send negative for processing for target\site\serenity\e6e073ebb67bcdb84836d9e86250baa50ef1b4c5b279f3056564b55428621f12.png
18:52:51.698 [Forwarding getPageSource on session 9ac8d9c874f06f404d6373b39d83d7ae to remote] DEBUG org.asynchttpclient.netty.request.NettyRequestSender - Using pooled Channel '[id: 0x408865ae, L:/127.0.0.1:59095 - R:localhost/127.0.0.1:16603]' for 'POST' to 'http://localhost:16603/session/9ac8d9c874f06f404d6373b39d83d7ae/execute/sync'
18:52:51.698 [Forwarding getPageSource on session 9ac8d9c874f06f404d6373b39d83d7ae to remote] DEBUG org.asynchttpclient.netty.request.NettyRequestSender - Using open Channel [id: 0x408865ae, L:/127.0.0.1:59095 - R:localhost/127.0.0.1:16603] for POST '/session/9ac8d9c874f06f404d6373b39d83d7ae/execute/sync'
18:52:51.707 [AsyncHttpClient-1-6] DEBUG org.asynchttpclient.netty.handler.HttpHandler - 

Request DefaultHttpRequest(decodeResult: success, version: HTTP/1.1)
POST /session/9ac8d9c874f06f404d6373b39d83d7ae/execute/sync HTTP/1.1
User-Agent: selenium/4.8.1 (java windows)
Content-Length: 176
Content-Type: application/json; charset=utf-8
host: localhost:16603
accept: */*

Response DefaultHttpResponse(decodeResult: success, version: HTTP/1.1)
HTTP/1.1 200 OK
Content-Length: 22234
Content-Type: application/json; charset=utf-8
cache-control: no-cache

18:52:51.707 [AsyncHttpClient-1-6] DEBUG org.asynchttpclient.netty.channel.ChannelManager - Adding key: http://localhost:16603 for channel [id: 0x408865ae, L:/127.0.0.1:59095 - R:localhost/127.0.0.1:16603]
18:52:51.717 [Forwarding getCurrentUrl on session 9ac8d9c874f06f404d6373b39d83d7ae to remote] DEBUG org.asynchttpclient.netty.request.NettyRequestSender - Using pooled Channel '[id: 0x408865ae, L:/127.0.0.1:59095 - R:localhost/127.0.0.1:16603]' for 'GET' to 'http://localhost:16603/session/9ac8d9c874f06f404d6373b39d83d7ae/url'
18:52:51.717 [Forwarding getCurrentUrl on session 9ac8d9c874f06f404d6373b39d83d7ae to remote] DEBUG org.asynchttpclient.netty.request.NettyRequestSender - Using open Channel [id: 0x408865ae, L:/127.0.0.1:59095 - R:localhost/127.0.0.1:16603] for GET '/session/9ac8d9c874f06f404d6373b39d83d7ae/url'
18:52:51.723 [AsyncHttpClient-1-6] DEBUG org.asynchttpclient.netty.handler.HttpHandler - 

Request DefaultFullHttpRequest(decodeResult: success, version: HTTP/1.1, content: EmptyByteBufBE)
GET /session/9ac8d9c874f06f404d6373b39d83d7ae/url HTTP/1.1
User-Agent: selenium/4.8.1 (java windows)
Cache-Control: no-cache
Content-Type: application/json; charset=utf-8
host: localhost:16603
accept: */*

Response DefaultHttpResponse(decodeResult: success, version: HTTP/1.1)
HTTP/1.1 200 OK
Content-Length: 54
Content-Type: application/json; charset=utf-8
cache-control: no-cache

18:52:51.724 [AsyncHttpClient-1-6] DEBUG org.asynchttpclient.netty.channel.ChannelManager - Adding key: http://localhost:16603 for channel [id: 0x408865ae, L:/127.0.0.1:59095 - R:localhost/127.0.0.1:16603]
18:52:51.727 [main] DEBUG net.thucydides.core.steps.StepInterceptor - STARTING STEP: RegisterSteps.enterFullname - inputFullName
18:52:51.737 [Forwarding findElement on session 9ac8d9c874f06f404d6373b39d83d7ae to remote] DEBUG org.asynchttpclient.netty.request.NettyRequestSender - Using pooled Channel '[id: 0x408865ae, L:/127.0.0.1:59095 - R:localhost/127.0.0.1:16603]' for 'POST' to 'http://localhost:16603/session/9ac8d9c874f06f404d6373b39d83d7ae/element'
18:52:51.737 [Forwarding findElement on session 9ac8d9c874f06f404d6373b39d83d7ae to remote] DEBUG org.asynchttpclient.netty.request.NettyRequestSender - Using open Channel [id: 0x408865ae, L:/127.0.0.1:59095 - R:localhost/127.0.0.1:16603] for POST '/session/9ac8d9c874f06f404d6373b39d83d7ae/element'
18:52:51.754 [AsyncHttpClient-1-6] DEBUG org.asynchttpclient.netty.handler.HttpHandler - 

Request DefaultHttpRequest(decodeResult: success, version: HTTP/1.1)
POST /session/9ac8d9c874f06f404d6373b39d83d7ae/element HTTP/1.1
User-Agent: selenium/4.8.1 (java windows)
Content-Length: 71
Content-Type: application/json; charset=utf-8
host: localhost:16603
accept: */*

Response DefaultHttpResponse(decodeResult: success, version: HTTP/1.1)
HTTP/1.1 200 OK
Content-Length: 88
Content-Type: application/json; charset=utf-8
cache-control: no-cache

18:52:51.754 [AsyncHttpClient-1-6] DEBUG org.asynchttpclient.netty.channel.ChannelManager - Adding key: http://localhost:16603 for channel [id: 0x408865ae, L:/127.0.0.1:59095 - R:localhost/127.0.0.1:16603]
18:52:51.756 [Forwarding clearElement on session 9ac8d9c874f06f404d6373b39d83d7ae to remote] DEBUG org.asynchttpclient.netty.request.NettyRequestSender - Using pooled Channel '[id: 0x408865ae, L:/127.0.0.1:59095 - R:localhost/127.0.0.1:16603]' for 'POST' to 'http://localhost:16603/session/9ac8d9c874f06f404d6373b39d83d7ae/element/cafdeadf-7e50-4574-97e3-8db8752c07ed/clear'
18:52:51.756 [Forwarding clearElement on session 9ac8d9c874f06f404d6373b39d83d7ae to remote] DEBUG org.asynchttpclient.netty.request.NettyRequestSender - Using open Channel [id: 0x408865ae, L:/127.0.0.1:59095 - R:localhost/127.0.0.1:16603] for POST '/session/9ac8d9c874f06f404d6373b39d83d7ae/element/cafdeadf-7e50-4574-97e3-8db8752c07ed/clear'
18:52:51.804 [AsyncHttpClient-1-6] DEBUG org.asynchttpclient.netty.handler.HttpHandler - 

Request DefaultHttpRequest(decodeResult: success, version: HTTP/1.1)
POST /session/9ac8d9c874f06f404d6373b39d83d7ae/element/cafdeadf-7e50-4574-97e3-8db8752c07ed/clear HTTP/1.1
User-Agent: selenium/4.8.1 (java windows)
Content-Length: 50
Content-Type: application/json; charset=utf-8
host: localhost:16603
accept: */*

Response DefaultHttpResponse(decodeResult: success, version: HTTP/1.1)
HTTP/1.1 200 OK
Content-Length: 14
Content-Type: application/json; charset=utf-8
cache-control: no-cache

18:52:51.804 [AsyncHttpClient-1-6] DEBUG org.asynchttpclient.netty.channel.ChannelManager - Adding key: http://localhost:16603 for channel [id: 0x408865ae, L:/127.0.0.1:59095 - R:localhost/127.0.0.1:16603]
18:52:51.808 [Forwarding sendKeysToElement on session 9ac8d9c874f06f404d6373b39d83d7ae to remote] DEBUG org.asynchttpclient.netty.request.NettyRequestSender - Using pooled Channel '[id: 0x408865ae, L:/127.0.0.1:59095 - R:localhost/127.0.0.1:16603]' for 'POST' to 'http://localhost:16603/session/9ac8d9c874f06f404d6373b39d83d7ae/element/cafdeadf-7e50-4574-97e3-8db8752c07ed/value'
18:52:51.808 [Forwarding sendKeysToElement on session 9ac8d9c874f06f404d6373b39d83d7ae to remote] DEBUG org.asynchttpclient.netty.request.NettyRequestSender - Using open Channel [id: 0x408865ae, L:/127.0.0.1:59095 - R:localhost/127.0.0.1:16603] for POST '/session/9ac8d9c874f06f404d6373b39d83d7ae/element/cafdeadf-7e50-4574-97e3-8db8752c07ed/value'
18:52:52.264 [AsyncHttpClient-1-6] DEBUG org.asynchttpclient.netty.handler.HttpHandler - 

Request DefaultHttpRequest(decodeResult: success, version: HTTP/1.1)
POST /session/9ac8d9c874f06f404d6373b39d83d7ae/element/cafdeadf-7e50-4574-97e3-8db8752c07ed/value HTTP/1.1
User-Agent: selenium/4.8.1 (java windows)
Content-Length: 211
Content-Type: application/json; charset=utf-8
host: localhost:16603
accept: */*

Response DefaultHttpResponse(decodeResult: success, version: HTTP/1.1)
HTTP/1.1 200 OK
Content-Length: 14
Content-Type: application/json; charset=utf-8
cache-control: no-cache

18:52:52.264 [AsyncHttpClient-1-6] DEBUG org.asynchttpclient.netty.channel.ChannelManager - Adding key: http://localhost:16603 for channel [id: 0x408865ae, L:/127.0.0.1:59095 - R:localhost/127.0.0.1:16603]
18:52:52.288 [Forwarding getAlertText on session 9ac8d9c874f06f404d6373b39d83d7ae to remote] DEBUG org.asynchttpclient.netty.request.NettyRequestSender - Using pooled Channel '[id: 0x408865ae, L:/127.0.0.1:59095 - R:localhost/127.0.0.1:16603]' for 'GET' to 'http://localhost:16603/session/9ac8d9c874f06f404d6373b39d83d7ae/alert/text'
18:52:52.291 [Forwarding getAlertText on session 9ac8d9c874f06f404d6373b39d83d7ae to remote] DEBUG org.asynchttpclient.netty.request.NettyRequestSender - Using open Channel [id: 0x408865ae, L:/127.0.0.1:59095 - R:localhost/127.0.0.1:16603] for GET '/session/9ac8d9c874f06f404d6373b39d83d7ae/alert/text'
18:52:52.294 [AsyncHttpClient-1-6] DEBUG org.asynchttpclient.netty.handler.HttpHandler - 

Request DefaultFullHttpRequest(decodeResult: success, version: HTTP/1.1, content: EmptyByteBufBE)
GET /session/9ac8d9c874f06f404d6373b39d83d7ae/alert/text HTTP/1.1
User-Agent: selenium/4.8.1 (java windows)
Cache-Control: no-cache
Content-Type: application/json; charset=utf-8
host: localhost:16603
accept: */*

Response DefaultHttpResponse(decodeResult: success, version: HTTP/1.1)
HTTP/1.1 404 Not Found
Content-Length: 809
Content-Type: application/json; charset=utf-8
cache-control: no-cache

18:52:52.294 [AsyncHttpClient-1-6] DEBUG org.asynchttpclient.netty.channel.ChannelManager - Adding key: http://localhost:16603 for channel [id: 0x408865ae, L:/127.0.0.1:59095 - R:localhost/127.0.0.1:16603]
18:52:52.295 [Forwarding getCurrentUrl on session 9ac8d9c874f06f404d6373b39d83d7ae to remote] DEBUG org.asynchttpclient.netty.request.NettyRequestSender - Using pooled Channel '[id: 0x408865ae, L:/127.0.0.1:59095 - R:localhost/127.0.0.1:16603]' for 'GET' to 'http://localhost:16603/session/9ac8d9c874f06f404d6373b39d83d7ae/url'
18:52:52.295 [Forwarding getCurrentUrl on session 9ac8d9c874f06f404d6373b39d83d7ae to remote] DEBUG org.asynchttpclient.netty.request.NettyRequestSender - Using open Channel [id: 0x408865ae, L:/127.0.0.1:59095 - R:localhost/127.0.0.1:16603] for GET '/session/9ac8d9c874f06f404d6373b39d83d7ae/url'
18:52:52.299 [AsyncHttpClient-1-6] DEBUG org.asynchttpclient.netty.handler.HttpHandler - 

Request DefaultFullHttpRequest(decodeResult: success, version: HTTP/1.1, content: EmptyByteBufBE)
GET /session/9ac8d9c874f06f404d6373b39d83d7ae/url HTTP/1.1
User-Agent: selenium/4.8.1 (java windows)
Cache-Control: no-cache
Content-Type: application/json; charset=utf-8
host: localhost:16603
accept: */*

Response DefaultHttpResponse(decodeResult: success, version: HTTP/1.1)
HTTP/1.1 200 OK
Content-Length: 54
Content-Type: application/json; charset=utf-8
cache-control: no-cache

18:52:52.299 [AsyncHttpClient-1-6] DEBUG org.asynchttpclient.netty.channel.ChannelManager - Adding key: http://localhost:16603 for channel [id: 0x408865ae, L:/127.0.0.1:59095 - R:localhost/127.0.0.1:16603]
18:52:52.303 [Forwarding screenshot on session 9ac8d9c874f06f404d6373b39d83d7ae to remote] DEBUG org.asynchttpclient.netty.request.NettyRequestSender - Using pooled Channel '[id: 0x408865ae, L:/127.0.0.1:59095 - R:localhost/127.0.0.1:16603]' for 'GET' to 'http://localhost:16603/session/9ac8d9c874f06f404d6373b39d83d7ae/screenshot'
18:52:52.303 [Forwarding screenshot on session 9ac8d9c874f06f404d6373b39d83d7ae to remote] DEBUG org.asynchttpclient.netty.request.NettyRequestSender - Using open Channel [id: 0x408865ae, L:/127.0.0.1:59095 - R:localhost/127.0.0.1:16603] for GET '/session/9ac8d9c874f06f404d6373b39d83d7ae/screenshot'
18:52:52.462 [AsyncHttpClient-1-1] DEBUG org.asynchttpclient.netty.channel.DefaultChannelPool - Entry count for : http://localhost:59096 : 1
18:52:52.527 [AsyncHttpClient-1-6] DEBUG org.asynchttpclient.netty.handler.HttpHandler - 

Request DefaultFullHttpRequest(decodeResult: success, version: HTTP/1.1, content: EmptyByteBufBE)
GET /session/9ac8d9c874f06f404d6373b39d83d7ae/screenshot HTTP/1.1
User-Agent: selenium/4.8.1 (java windows)
Cache-Control: no-cache
Content-Type: application/json; charset=utf-8
host: localhost:16603
accept: */*

Response DefaultHttpResponse(decodeResult: success, version: HTTP/1.1)
HTTP/1.1 200 OK
Content-Length: 50248
Content-Type: application/json; charset=utf-8
cache-control: no-cache

18:52:52.528 [AsyncHttpClient-1-6] DEBUG org.asynchttpclient.netty.channel.ChannelManager - Adding key: http://localhost:16603 for channel [id: 0x408865ae, L:/127.0.0.1:59095 - R:localhost/127.0.0.1:16603]
18:52:52.531 [main] DEBUG net.serenitybdd.core.photography.Darkroom - Send negative for processing for target\site\serenity\0151ee0dddfeb5c3c73f6aed0204c96352801a3eed42bacfbc48d45e45ea7297.png
18:52:52.531 [main] DEBUG net.thucydides.core.steps.StepInterceptor - STEP DONE: inputFullName
  &amp#27;[32mWhen &amp#27;[0m&amp#27;[32mI enter a full name &amp#27;[0m&amp#27;[32m&amp#27;[1m"Basma Ronanta"&amp#27;[0m                            &amp#27;[90m# starter.stepdefinitions.RegisterSteps.enterFullname(java.lang.String)&amp#27;[0m
18:52:52.531 [Darkroom Processing Line] DEBUG net.serenitybdd.core.photography.DarkroomProcessingLine - Processing screenshot image in /var/screenshots/screenshot-10926614533879234681
18:52:52.531 [Darkroom Processing Line] DEBUG net.serenitybdd.core.photography.DarkroomProcessingLine - Saving screenshot to target\site\serenity\0151ee0dddfeb5c3c73f6aed0204c96352801a3eed42bacfbc48d45e45ea7297.png
18:52:52.543 [Forwarding getPageSource on session 9ac8d9c874f06f404d6373b39d83d7ae to remote] DEBUG org.asynchttpclient.netty.request.NettyRequestSender - Using pooled Channel '[id: 0x408865ae, L:/127.0.0.1:59095 - R:localhost/127.0.0.1:16603]' for 'POST' to 'http://localhost:16603/session/9ac8d9c874f06f404d6373b39d83d7ae/execute/sync'
18:52:52.543 [Forwarding getPageSource on session 9ac8d9c874f06f404d6373b39d83d7ae to remote] DEBUG org.asynchttpclient.netty.request.NettyRequestSender - Using open Channel [id: 0x408865ae, L:/127.0.0.1:59095 - R:localhost/127.0.0.1:16603] for POST '/session/9ac8d9c874f06f404d6373b39d83d7ae/execute/sync'
18:52:52.548 [AsyncHttpClient-1-6] DEBUG org.asynchttpclient.netty.handler.HttpHandler - 

Request DefaultHttpRequest(decodeResult: success, version: HTTP/1.1)
POST /session/9ac8d9c874f06f404d6373b39d83d7ae/execute/sync HTTP/1.1
User-Agent: selenium/4.8.1 (java windows)
Content-Length: 176
Content-Type: application/json; charset=utf-8
host: localhost:16603
accept: */*

Response DefaultHttpResponse(decodeResult: success, version: HTTP/1.1)
HTTP/1.1 200 OK
Content-Length: 22355
Content-Type: application/json; charset=utf-8
cache-control: no-cache

18:52:52.548 [AsyncHttpClient-1-6] DEBUG org.asynchttpclient.netty.channel.ChannelManager - Adding key: http://localhost:16603 for channel [id: 0x408865ae, L:/127.0.0.1:59095 - R:localhost/127.0.0.1:16603]
18:52:52.551 [Forwarding getCurrentUrl on session 9ac8d9c874f06f404d6373b39d83d7ae to remote] DEBUG org.asynchttpclient.netty.request.NettyRequestSender - Using pooled Channel '[id: 0x408865ae, L:/127.0.0.1:59095 - R:localhost/127.0.0.1:16603]' for 'GET' to 'http://localhost:16603/session/9ac8d9c874f06f404d6373b39d83d7ae/url'
18:52:52.551 [Forwarding getCurrentUrl on session 9ac8d9c874f06f404d6373b39d83d7ae to remote] DEBUG org.asynchttpclient.netty.request.NettyRequestSender - Using open Channel [id: 0x408865ae, L:/127.0.0.1:59095 - R:localhost/127.0.0.1:16603] for GET '/session/9ac8d9c874f06f404d6373b39d83d7ae/url'
18:52:52.554 [AsyncHttpClient-1-6] DEBUG org.asynchttpclient.netty.handler.HttpHandler - 

Request DefaultFullHttpRequest(decodeResult: success, version: HTTP/1.1, content: EmptyByteBufBE)
GET /session/9ac8d9c874f06f404d6373b39d83d7ae/url HTTP/1.1
User-Agent: selenium/4.8.1 (java windows)
Cache-Control: no-cache
Content-Type: application/json; charset=utf-8
host: localhost:16603
accept: */*

Response DefaultHttpResponse(decodeResult: success, version: HTTP/1.1)
HTTP/1.1 200 OK
Content-Length: 54
Content-Type: application/json; charset=utf-8
cache-control: no-cache

18:52:52.554 [AsyncHttpClient-1-6] DEBUG org.asynchttpclient.netty.channel.ChannelManager - Adding key: http://localhost:16603 for channel [id: 0x408865ae, L:/127.0.0.1:59095 - R:localhost/127.0.0.1:16603]
18:52:52.564 [Forwarding getPageSource on session 9ac8d9c874f06f404d6373b39d83d7ae to remote] DEBUG org.asynchttpclient.netty.request.NettyRequestSender - Using pooled Channel '[id: 0x408865ae, L:/127.0.0.1:59095 - R:localhost/127.0.0.1:16603]' for 'POST' to 'http://localhost:16603/session/9ac8d9c874f06f404d6373b39d83d7ae/execute/sync'
18:52:52.564 [Forwarding getPageSource on session 9ac8d9c874f06f404d6373b39d83d7ae to remote] DEBUG org.asynchttpclient.netty.request.NettyRequestSender - Using open Channel [id: 0x408865ae, L:/127.0.0.1:59095 - R:localhost/127.0.0.1:16603] for POST '/session/9ac8d9c874f06f404d6373b39d83d7ae/execute/sync'
18:52:52.570 [AsyncHttpClient-1-6] DEBUG org.asynchttpclient.netty.handler.HttpHandler - 

Request DefaultHttpRequest(decodeResult: success, version: HTTP/1.1)
POST /session/9ac8d9c874f06f404d6373b39d83d7ae/execute/sync HTTP/1.1
User-Agent: selenium/4.8.1 (java windows)
Content-Length: 176
Content-Type: application/json; charset=utf-8
host: localhost:16603
accept: */*

Response DefaultHttpResponse(decodeResult: success, version: HTTP/1.1)
HTTP/1.1 200 OK
Content-Length: 22355
Content-Type: application/json; charset=utf-8
cache-control: no-cache

18:52:52.570 [AsyncHttpClient-1-6] DEBUG org.asynchttpclient.netty.channel.ChannelManager - Adding key: http://localhost:16603 for channel [id: 0x408865ae, L:/127.0.0.1:59095 - R:localhost/127.0.0.1:16603]
18:52:52.574 [Forwarding getCurrentUrl on session 9ac8d9c874f06f404d6373b39d83d7ae to remote] DEBUG org.asynchttpclient.netty.request.NettyRequestSender - Using pooled Channel '[id: 0x408865ae, L:/127.0.0.1:59095 - R:localhost/127.0.0.1:16603]' for 'GET' to 'http://localhost:16603/session/9ac8d9c874f06f404d6373b39d83d7ae/url'
18:52:52.574 [Forwarding getCurrentUrl on session 9ac8d9c874f06f404d6373b39d83d7ae to remote] DEBUG org.asynchttpclient.netty.request.NettyRequestSender - Using open Channel [id: 0x408865ae, L:/127.0.0.1:59095 - R:localhost/127.0.0.1:16603] for GET '/session/9ac8d9c874f06f404d6373b39d83d7ae/url'
18:52:52.577 [AsyncHttpClient-1-6] DEBUG org.asynchttpclient.netty.handler.HttpHandler - 

Request DefaultFullHttpRequest(decodeResult: success, version: HTTP/1.1, content: EmptyByteBufBE)
GET /session/9ac8d9c874f06f404d6373b39d83d7ae/url HTTP/1.1
User-Agent: selenium/4.8.1 (java windows)
Cache-Control: no-cache
Content-Type: application/json; charset=utf-8
host: localhost:16603
accept: */*

Response DefaultHttpResponse(decodeResult: success, version: HTTP/1.1)
HTTP/1.1 200 OK
Content-Length: 54
Content-Type: application/json; charset=utf-8
cache-control: no-cache

18:52:52.577 [AsyncHttpClient-1-6] DEBUG org.asynchttpclient.netty.channel.ChannelManager - Adding key: http://localhost:16603 for channel [id: 0x408865ae, L:/127.0.0.1:59095 - R:localhost/127.0.0.1:16603]
18:52:52.580 [main] DEBUG net.thucydides.core.steps.StepInterceptor - STARTING STEP: RegisterSteps.enterEmail - inputEmail
18:52:52.582 [Forwarding findElement on session 9ac8d9c874f06f404d6373b39d83d7ae to remote] DEBUG org.asynchttpclient.netty.request.NettyRequestSender - Using pooled Channel '[id: 0x408865ae, L:/127.0.0.1:59095 - R:localhost/127.0.0.1:16603]' for 'POST' to 'http://localhost:16603/session/9ac8d9c874f06f404d6373b39d83d7ae/element'
18:52:52.582 [Forwarding findElement on session 9ac8d9c874f06f404d6373b39d83d7ae to remote] DEBUG org.asynchttpclient.netty.request.NettyRequestSender - Using open Channel [id: 0x408865ae, L:/127.0.0.1:59095 - R:localhost/127.0.0.1:16603] for POST '/session/9ac8d9c874f06f404d6373b39d83d7ae/element'
18:52:52.595 [AsyncHttpClient-1-6] DEBUG org.asynchttpclient.netty.handler.HttpHandler - 

Request DefaultHttpRequest(decodeResult: success, version: HTTP/1.1)
POST /session/9ac8d9c874f06f404d6373b39d83d7ae/element HTTP/1.1
User-Agent: selenium/4.8.1 (java windows)
Content-Length: 71
Content-Type: application/json; charset=utf-8
host: localhost:16603
accept: */*

Response DefaultHttpResponse(decodeResult: success, version: HTTP/1.1)
HTTP/1.1 200 OK
Content-Length: 88
Content-Type: application/json; charset=utf-8
cache-control: no-cache

18:52:52.595 [AsyncHttpClient-1-6] DEBUG org.asynchttpclient.netty.channel.ChannelManager - Adding key: http://localhost:16603 for channel [id: 0x408865ae, L:/127.0.0.1:59095 - R:localhost/127.0.0.1:16603]
18:52:52.596 [Forwarding clearElement on session 9ac8d9c874f06f404d6373b39d83d7ae to remote] DEBUG org.asynchttpclient.netty.request.NettyRequestSender - Using pooled Channel '[id: 0x408865ae, L:/127.0.0.1:59095 - R:localhost/127.0.0.1:16603]' for 'POST' to 'http://localhost:16603/session/9ac8d9c874f06f404d6373b39d83d7ae/element/b4137244-b0a6-4785-9683-5af424d3edb6/clear'
18:52:52.596 [Forwarding clearElement on session 9ac8d9c874f06f404d6373b39d83d7ae to remote] DEBUG org.asynchttpclient.netty.request.NettyRequestSender - Using open Channel [id: 0x408865ae, L:/127.0.0.1:59095 - R:localhost/127.0.0.1:16603] for POST '/session/9ac8d9c874f06f404d6373b39d83d7ae/element/b4137244-b0a6-4785-9683-5af424d3edb6/clear'
18:52:52.628 [AsyncHttpClient-1-6] DEBUG org.asynchttpclient.netty.handler.HttpHandler - 

Request DefaultHttpRequest(decodeResult: success, version: HTTP/1.1)
POST /session/9ac8d9c874f06f404d6373b39d83d7ae/element/b4137244-b0a6-4785-9683-5af424d3edb6/clear HTTP/1.1
User-Agent: selenium/4.8.1 (java windows)
Content-Length: 50
Content-Type: application/json; charset=utf-8
host: localhost:16603
accept: */*

Response DefaultHttpResponse(decodeResult: success, version: HTTP/1.1)
HTTP/1.1 200 OK
Content-Length: 14
Content-Type: application/json; charset=utf-8
cache-control: no-cache

18:52:52.628 [AsyncHttpClient-1-6] DEBUG org.asynchttpclient.netty.channel.ChannelManager - Adding key: http://localhost:16603 for channel [id: 0x408865ae, L:/127.0.0.1:59095 - R:localhost/127.0.0.1:16603]
18:52:52.630 [Forwarding sendKeysToElement on session 9ac8d9c874f06f404d6373b39d83d7ae to remote] DEBUG org.asynchttpclient.netty.request.NettyRequestSender - Using pooled Channel '[id: 0x408865ae, L:/127.0.0.1:59095 - R:localhost/127.0.0.1:16603]' for 'POST' to 'http://localhost:16603/session/9ac8d9c874f06f404d6373b39d83d7ae/element/b4137244-b0a6-4785-9683-5af424d3edb6/value'
18:52:52.630 [Forwarding sendKeysToElement on session 9ac8d9c874f06f404d6373b39d83d7ae to remote] DEBUG org.asynchttpclient.netty.request.NettyRequestSender - Using open Channel [id: 0x408865ae, L:/127.0.0.1:59095 - R:localhost/127.0.0.1:16603] for POST '/session/9ac8d9c874f06f404d6373b39d83d7ae/element/b4137244-b0a6-4785-9683-5af424d3edb6/value'
18:52:52.796 [AsyncHttpClient-1-6] DEBUG org.asynchttpclient.netty.handler.HttpHandler - 

Request DefaultHttpRequest(decodeResult: success, version: HTTP/1.1)
POST /session/9ac8d9c874f06f404d6373b39d83d7ae/element/b4137244-b0a6-4785-9683-5af424d3edb6/value HTTP/1.1
User-Agent: selenium/4.8.1 (java windows)
Content-Length: 321
Content-Type: application/json; charset=utf-8
host: localhost:16603
accept: */*

Response DefaultHttpResponse(decodeResult: success, version: HTTP/1.1)
HTTP/1.1 200 OK
Content-Length: 14
Content-Type: application/json; charset=utf-8
cache-control: no-cache

18:52:52.796 [AsyncHttpClient-1-6] DEBUG org.asynchttpclient.netty.channel.ChannelManager - Adding key: http://localhost:16603 for channel [id: 0x408865ae, L:/127.0.0.1:59095 - R:localhost/127.0.0.1:16603]
18:52:52.811 [Forwarding getAlertText on session 9ac8d9c874f06f404d6373b39d83d7ae to remote] DEBUG org.asynchttpclient.netty.request.NettyRequestSender - Using pooled Channel '[id: 0x408865ae, L:/127.0.0.1:59095 - R:localhost/127.0.0.1:16603]' for 'GET' to 'http://localhost:16603/session/9ac8d9c874f06f404d6373b39d83d7ae/alert/text'
18:52:52.811 [Forwarding getAlertText on session 9ac8d9c874f06f404d6373b39d83d7ae to remote] DEBUG org.asynchttpclient.netty.request.NettyRequestSender - Using open Channel [id: 0x408865ae, L:/127.0.0.1:59095 - R:localhost/127.0.0.1:16603] for GET '/session/9ac8d9c874f06f404d6373b39d83d7ae/alert/text'
18:52:52.813 [AsyncHttpClient-1-6] DEBUG org.asynchttpclient.netty.handler.HttpHandler - 

Request DefaultFullHttpRequest(decodeResult: success, version: HTTP/1.1, content: EmptyByteBufBE)
GET /session/9ac8d9c874f06f404d6373b39d83d7ae/alert/text HTTP/1.1
User-Agent: selenium/4.8.1 (java windows)
Cache-Control: no-cache
Content-Type: application/json; charset=utf-8
host: localhost:16603
accept: */*

Response DefaultHttpResponse(decodeResult: success, version: HTTP/1.1)
HTTP/1.1 404 Not Found
Content-Length: 809
Content-Type: application/json; charset=utf-8
cache-control: no-cache

18:52:52.813 [AsyncHttpClient-1-6] DEBUG org.asynchttpclient.netty.channel.ChannelManager - Adding key: http://localhost:16603 for channel [id: 0x408865ae, L:/127.0.0.1:59095 - R:localhost/127.0.0.1:16603]
18:52:52.814 [Forwarding getCurrentUrl on session 9ac8d9c874f06f404d6373b39d83d7ae to remote] DEBUG org.asynchttpclient.netty.request.NettyRequestSender - Using pooled Channel '[id: 0x408865ae, L:/127.0.0.1:59095 - R:localhost/127.0.0.1:16603]' for 'GET' to 'http://localhost:16603/session/9ac8d9c874f06f404d6373b39d83d7ae/url'
18:52:52.814 [Forwarding getCurrentUrl on session 9ac8d9c874f06f404d6373b39d83d7ae to remote] DEBUG org.asynchttpclient.netty.request.NettyRequestSender - Using open Channel [id: 0x408865ae, L:/127.0.0.1:59095 - R:localhost/127.0.0.1:16603] for GET '/session/9ac8d9c874f06f404d6373b39d83d7ae/url'
18:52:52.823 [AsyncHttpClient-1-6] DEBUG org.asynchttpclient.netty.handler.HttpHandler - 

Request DefaultFullHttpRequest(decodeResult: success, version: HTTP/1.1, content: EmptyByteBufBE)
GET /session/9ac8d9c874f06f404d6373b39d83d7ae/url HTTP/1.1
User-Agent: selenium/4.8.1 (java windows)
Cache-Control: no-cache
Content-Type: application/json; charset=utf-8
host: localhost:16603
accept: */*

Response DefaultHttpResponse(decodeResult: success, version: HTTP/1.1)
HTTP/1.1 200 OK
Content-Length: 54
Content-Type: application/json; charset=utf-8
cache-control: no-cache

18:52:52.823 [AsyncHttpClient-1-6] DEBUG org.asynchttpclient.netty.channel.ChannelManager - Adding key: http://localhost:16603 for channel [id: 0x408865ae, L:/127.0.0.1:59095 - R:localhost/127.0.0.1:16603]
18:52:52.824 [Forwarding screenshot on session 9ac8d9c874f06f404d6373b39d83d7ae to remote] DEBUG org.asynchttpclient.netty.request.NettyRequestSender - Using pooled Channel '[id: 0x408865ae, L:/127.0.0.1:59095 - R:localhost/127.0.0.1:16603]' for 'GET' to 'http://localhost:16603/session/9ac8d9c874f06f404d6373b39d83d7ae/screenshot'
18:52:52.824 [Forwarding screenshot on session 9ac8d9c874f06f404d6373b39d83d7ae to remote] DEBUG org.asynchttpclient.netty.request.NettyRequestSender - Using open Channel [id: 0x408865ae, L:/127.0.0.1:59095 - R:localhost/127.0.0.1:16603] for GET '/session/9ac8d9c874f06f404d6373b39d83d7ae/screenshot'
18:52:53.038 [AsyncHttpClient-1-6] DEBUG org.asynchttpclient.netty.handler.HttpHandler - 

Request DefaultFullHttpRequest(decodeResult: success, version: HTTP/1.1, content: EmptyByteBufBE)
GET /session/9ac8d9c874f06f404d6373b39d83d7ae/screenshot HTTP/1.1
User-Agent: selenium/4.8.1 (java windows)
Cache-Control: no-cache
Content-Type: application/json; charset=utf-8
host: localhost:16603
accept: */*

Response DefaultHttpResponse(decodeResult: success, version: HTTP/1.1)
HTTP/1.1 200 OK
Content-Length: 60168
Content-Type: application/json; charset=utf-8
cache-control: no-cache

18:52:53.038 [AsyncHttpClient-1-6] DEBUG org.asynchttpclient.netty.channel.ChannelManager - Adding key: http://localhost:16603 for channel [id: 0x408865ae, L:/127.0.0.1:59095 - R:localhost/127.0.0.1:16603]
18:52:53.041 [main] DEBUG net.serenitybdd.core.photography.Darkroom - Send negative for processing for target\site\serenity\c6ffa5aee298889e349315063ac030567506e281e001ea190c9212021376bff8.png
18:52:53.041 [main] DEBUG net.thucydides.core.steps.StepInterceptor - STEP DONE: inputEmail
  &amp#27;[32mAnd &amp#27;[0m&amp#27;[32mI entered a email &amp#27;[0m&amp#27;[32m&amp#27;[1m"basmaronanta28@gmail.com"&amp#27;[0m                    &amp#27;[90m# starter.stepdefinitions.RegisterSteps.enterEmail(java.lang.String)&amp#27;[0m
18:52:53.042 [Darkroom Processing Line] DEBUG net.serenitybdd.core.photography.DarkroomProcessingLine - Processing screenshot image in /var/screenshots/screenshot-7570625885989555847
18:52:53.042 [Darkroom Processing Line] DEBUG net.serenitybdd.core.photography.DarkroomProcessingLine - Saving screenshot to target\site\serenity\c6ffa5aee298889e349315063ac030567506e281e001ea190c9212021376bff8.png
18:52:53.054 [Forwarding getPageSource on session 9ac8d9c874f06f404d6373b39d83d7ae to remote] DEBUG org.asynchttpclient.netty.request.NettyRequestSender - Using pooled Channel '[id: 0x408865ae, L:/127.0.0.1:59095 - R:localhost/127.0.0.1:16603]' for 'POST' to 'http://localhost:16603/session/9ac8d9c874f06f404d6373b39d83d7ae/execute/sync'
18:52:53.054 [Forwarding getPageSource on session 9ac8d9c874f06f404d6373b39d83d7ae to remote] DEBUG org.asynchttpclient.netty.request.NettyRequestSender - Using open Channel [id: 0x408865ae, L:/127.0.0.1:59095 - R:localhost/127.0.0.1:16603] for POST '/session/9ac8d9c874f06f404d6373b39d83d7ae/execute/sync'
18:52:53.060 [AsyncHttpClient-1-6] DEBUG org.asynchttpclient.netty.handler.HttpHandler - 

Request DefaultHttpRequest(decodeResult: success, version: HTTP/1.1)
POST /session/9ac8d9c874f06f404d6373b39d83d7ae/execute/sync HTTP/1.1
User-Agent: selenium/4.8.1 (java windows)
Content-Length: 176
Content-Type: application/json; charset=utf-8
host: localhost:16603
accept: */*

Response DefaultHttpResponse(decodeResult: success, version: HTTP/1.1)
HTTP/1.1 200 OK
Content-Length: 22414
Content-Type: application/json; charset=utf-8
cache-control: no-cache

18:52:53.060 [AsyncHttpClient-1-6] DEBUG org.asynchttpclient.netty.channel.ChannelManager - Adding key: http://localhost:16603 for channel [id: 0x408865ae, L:/127.0.0.1:59095 - R:localhost/127.0.0.1:16603]
18:52:53.065 [Forwarding getCurrentUrl on session 9ac8d9c874f06f404d6373b39d83d7ae to remote] DEBUG org.asynchttpclient.netty.request.NettyRequestSender - Using pooled Channel '[id: 0x408865ae, L:/127.0.0.1:59095 - R:localhost/127.0.0.1:16603]' for 'GET' to 'http://localhost:16603/session/9ac8d9c874f06f404d6373b39d83d7ae/url'
18:52:53.065 [Forwarding getCurrentUrl on session 9ac8d9c874f06f404d6373b39d83d7ae to remote] DEBUG org.asynchttpclient.netty.request.NettyRequestSender - Using open Channel [id: 0x408865ae, L:/127.0.0.1:59095 - R:localhost/127.0.0.1:16603] for GET '/session/9ac8d9c874f06f404d6373b39d83d7ae/url'
18:52:53.071 [AsyncHttpClient-1-6] DEBUG org.asynchttpclient.netty.handler.HttpHandler - 

Request DefaultFullHttpRequest(decodeResult: success, version: HTTP/1.1, content: EmptyByteBufBE)
GET /session/9ac8d9c874f06f404d6373b39d83d7ae/url HTTP/1.1
User-Agent: selenium/4.8.1 (java windows)
Cache-Control: no-cache
Content-Type: application/json; charset=utf-8
host: localhost:16603
accept: */*

Response DefaultHttpResponse(decodeResult: success, version: HTTP/1.1)
HTTP/1.1 200 OK
Content-Length: 54
Content-Type: application/json; charset=utf-8
cache-control: no-cache

18:52:53.071 [AsyncHttpClient-1-6] DEBUG org.asynchttpclient.netty.channel.ChannelManager - Adding key: http://localhost:16603 for channel [id: 0x408865ae, L:/127.0.0.1:59095 - R:localhost/127.0.0.1:16603]
18:52:53.082 [Forwarding getPageSource on session 9ac8d9c874f06f404d6373b39d83d7ae to remote] DEBUG org.asynchttpclient.netty.request.NettyRequestSender - Using pooled Channel '[id: 0x408865ae, L:/127.0.0.1:59095 - R:localhost/127.0.0.1:16603]' for 'POST' to 'http://localhost:16603/session/9ac8d9c874f06f404d6373b39d83d7ae/execute/sync'
18:52:53.082 [Forwarding getPageSource on session 9ac8d9c874f06f404d6373b39d83d7ae to remote] DEBUG org.asynchttpclient.netty.request.NettyRequestSender - Using open Channel [id: 0x408865ae, L:/127.0.0.1:59095 - R:localhost/127.0.0.1:16603] for POST '/session/9ac8d9c874f06f404d6373b39d83d7ae/execute/sync'
18:52:53.089 [AsyncHttpClient-1-6] DEBUG org.asynchttpclient.netty.handler.HttpHandler - 

Request DefaultHttpRequest(decodeResult: success, version: HTTP/1.1)
POST /session/9ac8d9c874f06f404d6373b39d83d7ae/execute/sync HTTP/1.1
User-Agent: selenium/4.8.1 (java windows)
Content-Length: 176
Content-Type: application/json; charset=utf-8
host: localhost:16603
accept: */*

Response DefaultHttpResponse(decodeResult: success, version: HTTP/1.1)
HTTP/1.1 200 OK
Content-Length: 22414
Content-Type: application/json; charset=utf-8
cache-control: no-cache

18:52:53.089 [AsyncHttpClient-1-6] DEBUG org.asynchttpclient.netty.channel.ChannelManager - Adding key: http://localhost:16603 for channel [id: 0x408865ae, L:/127.0.0.1:59095 - R:localhost/127.0.0.1:16603]
18:52:53.092 [Forwarding getCurrentUrl on session 9ac8d9c874f06f404d6373b39d83d7ae to remote] DEBUG org.asynchttpclient.netty.request.NettyRequestSender - Using pooled Channel '[id: 0x408865ae, L:/127.0.0.1:59095 - R:localhost/127.0.0.1:16603]' for 'GET' to 'http://localhost:16603/session/9ac8d9c874f06f404d6373b39d83d7ae/url'
18:52:53.092 [Forwarding getCurrentUrl on session 9ac8d9c874f06f404d6373b39d83d7ae to remote] DEBUG org.asynchttpclient.netty.request.NettyRequestSender - Using open Channel [id: 0x408865ae, L:/127.0.0.1:59095 - R:localhost/127.0.0.1:16603] for GET '/session/9ac8d9c874f06f404d6373b39d83d7ae/url'
18:52:53.095 [AsyncHttpClient-1-6] DEBUG org.asynchttpclient.netty.handler.HttpHandler - 

Request DefaultFullHttpRequest(decodeResult: success, version: HTTP/1.1, content: EmptyByteBufBE)
GET /session/9ac8d9c874f06f404d6373b39d83d7ae/url HTTP/1.1
User-Agent: selenium/4.8.1 (java windows)
Cache-Control: no-cache
Content-Type: application/json; charset=utf-8
host: localhost:16603
accept: */*

Response DefaultHttpResponse(decodeResult: success, version: HTTP/1.1)
HTTP/1.1 200 OK
Content-Length: 54
Content-Type: application/json; charset=utf-8
cache-control: no-cache

18:52:53.095 [AsyncHttpClient-1-6] DEBUG org.asynchttpclient.netty.channel.ChannelManager - Adding key: http://localhost:16603 for channel [id: 0x408865ae, L:/127.0.0.1:59095 - R:localhost/127.0.0.1:16603]
18:52:53.097 [main] DEBUG net.thucydides.core.steps.StepInterceptor - STARTING STEP: RegisterSteps.enterPassword - inputPassword
18:52:53.099 [Forwarding findElement on session 9ac8d9c874f06f404d6373b39d83d7ae to remote] DEBUG org.asynchttpclient.netty.request.NettyRequestSender - Using pooled Channel '[id: 0x408865ae, L:/127.0.0.1:59095 - R:localhost/127.0.0.1:16603]' for 'POST' to 'http://localhost:16603/session/9ac8d9c874f06f404d6373b39d83d7ae/element'
18:52:53.100 [Forwarding findElement on session 9ac8d9c874f06f404d6373b39d83d7ae to remote] DEBUG org.asynchttpclient.netty.request.NettyRequestSender - Using open Channel [id: 0x408865ae, L:/127.0.0.1:59095 - R:localhost/127.0.0.1:16603] for POST '/session/9ac8d9c874f06f404d6373b39d83d7ae/element'
18:52:53.115 [AsyncHttpClient-1-6] DEBUG org.asynchttpclient.netty.handler.HttpHandler - 

Request DefaultHttpRequest(decodeResult: success, version: HTTP/1.1)
POST /session/9ac8d9c874f06f404d6373b39d83d7ae/element HTTP/1.1
User-Agent: selenium/4.8.1 (java windows)
Content-Length: 71
Content-Type: application/json; charset=utf-8
host: localhost:16603
accept: */*

Response DefaultHttpResponse(decodeResult: success, version: HTTP/1.1)
HTTP/1.1 200 OK
Content-Length: 88
Content-Type: application/json; charset=utf-8
cache-control: no-cache

18:52:53.116 [AsyncHttpClient-1-6] DEBUG org.asynchttpclient.netty.channel.ChannelManager - Adding key: http://localhost:16603 for channel [id: 0x408865ae, L:/127.0.0.1:59095 - R:localhost/127.0.0.1:16603]
18:52:53.119 [Forwarding clearElement on session 9ac8d9c874f06f404d6373b39d83d7ae to remote] DEBUG org.asynchttpclient.netty.request.NettyRequestSender - Using pooled Channel '[id: 0x408865ae, L:/127.0.0.1:59095 - R:localhost/127.0.0.1:16603]' for 'POST' to 'http://localhost:16603/session/9ac8d9c874f06f404d6373b39d83d7ae/element/4ed33362-a3b9-4bb7-8812-6e3d531fadd9/clear'
18:52:53.119 [Forwarding clearElement on session 9ac8d9c874f06f404d6373b39d83d7ae to remote] DEBUG org.asynchttpclient.netty.request.NettyRequestSender - Using open Channel [id: 0x408865ae, L:/127.0.0.1:59095 - R:localhost/127.0.0.1:16603] for POST '/session/9ac8d9c874f06f404d6373b39d83d7ae/element/4ed33362-a3b9-4bb7-8812-6e3d531fadd9/clear'
18:52:53.157 [AsyncHttpClient-1-6] DEBUG org.asynchttpclient.netty.handler.HttpHandler - 

Request DefaultHttpRequest(decodeResult: success, version: HTTP/1.1)
POST /session/9ac8d9c874f06f404d6373b39d83d7ae/element/4ed33362-a3b9-4bb7-8812-6e3d531fadd9/clear HTTP/1.1
User-Agent: selenium/4.8.1 (java windows)
Content-Length: 50
Content-Type: application/json; charset=utf-8
host: localhost:16603
accept: */*

Response DefaultHttpResponse(decodeResult: success, version: HTTP/1.1)
HTTP/1.1 200 OK
Content-Length: 14
Content-Type: application/json; charset=utf-8
cache-control: no-cache

18:52:53.157 [AsyncHttpClient-1-6] DEBUG org.asynchttpclient.netty.channel.ChannelManager - Adding key: http://localhost:16603 for channel [id: 0x408865ae, L:/127.0.0.1:59095 - R:localhost/127.0.0.1:16603]
18:52:53.159 [Forwarding sendKeysToElement on session 9ac8d9c874f06f404d6373b39d83d7ae to remote] DEBUG org.asynchttpclient.netty.request.NettyRequestSender - Using pooled Channel '[id: 0x408865ae, L:/127.0.0.1:59095 - R:localhost/127.0.0.1:16603]' for 'POST' to 'http://localhost:16603/session/9ac8d9c874f06f404d6373b39d83d7ae/element/4ed33362-a3b9-4bb7-8812-6e3d531fadd9/value'
18:52:53.159 [Forwarding sendKeysToElement on session 9ac8d9c874f06f404d6373b39d83d7ae to remote] DEBUG org.asynchttpclient.netty.request.NettyRequestSender - Using open Channel [id: 0x408865ae, L:/127.0.0.1:59095 - R:localhost/127.0.0.1:16603] for POST '/session/9ac8d9c874f06f404d6373b39d83d7ae/element/4ed33362-a3b9-4bb7-8812-6e3d531fadd9/value'
18:52:53.230 [AsyncHttpClient-1-6] DEBUG org.asynchttpclient.netty.handler.HttpHandler - 

Request DefaultHttpRequest(decodeResult: success, version: HTTP/1.1)
POST /session/9ac8d9c874f06f404d6373b39d83d7ae/element/4ed33362-a3b9-4bb7-8812-6e3d531fadd9/value HTTP/1.1
User-Agent: selenium/4.8.1 (java windows)
Content-Length: 171
Content-Type: application/json; charset=utf-8
host: localhost:16603
accept: */*

Response DefaultHttpResponse(decodeResult: success, version: HTTP/1.1)
HTTP/1.1 200 OK
Content-Length: 14
Content-Type: application/json; charset=utf-8
cache-control: no-cache

18:52:53.230 [AsyncHttpClient-1-6] DEBUG org.asynchttpclient.netty.channel.ChannelManager - Adding key: http://localhost:16603 for channel [id: 0x408865ae, L:/127.0.0.1:59095 - R:localhost/127.0.0.1:16603]
18:52:53.242 [Forwarding getAlertText on session 9ac8d9c874f06f404d6373b39d83d7ae to remote] DEBUG org.asynchttpclient.netty.request.NettyRequestSender - Using pooled Channel '[id: 0x408865ae, L:/127.0.0.1:59095 - R:localhost/127.0.0.1:16603]' for 'GET' to 'http://localhost:16603/session/9ac8d9c874f06f404d6373b39d83d7ae/alert/text'
18:52:53.242 [Forwarding getAlertText on session 9ac8d9c874f06f404d6373b39d83d7ae to remote] DEBUG org.asynchttpclient.netty.request.NettyRequestSender - Using open Channel [id: 0x408865ae, L:/127.0.0.1:59095 - R:localhost/127.0.0.1:16603] for GET '/session/9ac8d9c874f06f404d6373b39d83d7ae/alert/text'
18:52:53.244 [AsyncHttpClient-1-6] DEBUG org.asynchttpclient.netty.handler.HttpHandler - 

Request DefaultFullHttpRequest(decodeResult: success, version: HTTP/1.1, content: EmptyByteBufBE)
GET /session/9ac8d9c874f06f404d6373b39d83d7ae/alert/text HTTP/1.1
User-Agent: selenium/4.8.1 (java windows)
Cache-Control: no-cache
Content-Type: application/json; charset=utf-8
host: localhost:16603
accept: */*

Response DefaultHttpResponse(decodeResult: success, version: HTTP/1.1)
HTTP/1.1 404 Not Found
Content-Length: 809
Content-Type: application/json; charset=utf-8
cache-control: no-cache

18:52:53.245 [AsyncHttpClient-1-6] DEBUG org.asynchttpclient.netty.channel.ChannelManager - Adding key: http://localhost:16603 for channel [id: 0x408865ae, L:/127.0.0.1:59095 - R:localhost/127.0.0.1:16603]
18:52:53.246 [Forwarding getCurrentUrl on session 9ac8d9c874f06f404d6373b39d83d7ae to remote] DEBUG org.asynchttpclient.netty.request.NettyRequestSender - Using pooled Channel '[id: 0x408865ae, L:/127.0.0.1:59095 - R:localhost/127.0.0.1:16603]' for 'GET' to 'http://localhost:16603/session/9ac8d9c874f06f404d6373b39d83d7ae/url'
18:52:53.246 [Forwarding getCurrentUrl on session 9ac8d9c874f06f404d6373b39d83d7ae to remote] DEBUG org.asynchttpclient.netty.request.NettyRequestSender - Using open Channel [id: 0x408865ae, L:/127.0.0.1:59095 - R:localhost/127.0.0.1:16603] for GET '/session/9ac8d9c874f06f404d6373b39d83d7ae/url'
18:52:53.248 [AsyncHttpClient-1-6] DEBUG org.asynchttpclient.netty.handler.HttpHandler - 

Request DefaultFullHttpRequest(decodeResult: success, version: HTTP/1.1, content: EmptyByteBufBE)
GET /session/9ac8d9c874f06f404d6373b39d83d7ae/url HTTP/1.1
User-Agent: selenium/4.8.1 (java windows)
Cache-Control: no-cache
Content-Type: application/json; charset=utf-8
host: localhost:16603
accept: */*

Response DefaultHttpResponse(decodeResult: success, version: HTTP/1.1)
HTTP/1.1 200 OK
Content-Length: 54
Content-Type: application/json; charset=utf-8
cache-control: no-cache

18:52:53.249 [AsyncHttpClient-1-6] DEBUG org.asynchttpclient.netty.channel.ChannelManager - Adding key: http://localhost:16603 for channel [id: 0x408865ae, L:/127.0.0.1:59095 - R:localhost/127.0.0.1:16603]
18:52:53.249 [Forwarding screenshot on session 9ac8d9c874f06f404d6373b39d83d7ae to remote] DEBUG org.asynchttpclient.netty.request.NettyRequestSender - Using pooled Channel '[id: 0x408865ae, L:/127.0.0.1:59095 - R:localhost/127.0.0.1:16603]' for 'GET' to 'http://localhost:16603/session/9ac8d9c874f06f404d6373b39d83d7ae/screenshot'
18:52:53.249 [Forwarding screenshot on session 9ac8d9c874f06f404d6373b39d83d7ae to remote] DEBUG org.asynchttpclient.netty.request.NettyRequestSender - Using open Channel [id: 0x408865ae, L:/127.0.0.1:59095 - R:localhost/127.0.0.1:16603] for GET '/session/9ac8d9c874f06f404d6373b39d83d7ae/screenshot'
18:52:53.494 [AsyncHttpClient-1-6] DEBUG org.asynchttpclient.netty.handler.HttpHandler - 

Request DefaultFullHttpRequest(decodeResult: success, version: HTTP/1.1, content: EmptyByteBufBE)
GET /session/9ac8d9c874f06f404d6373b39d83d7ae/screenshot HTTP/1.1
User-Agent: selenium/4.8.1 (java windows)
Cache-Control: no-cache
Content-Type: application/json; charset=utf-8
host: localhost:16603
accept: */*

Response DefaultHttpResponse(decodeResult: success, version: HTTP/1.1)
HTTP/1.1 200 OK
Content-Length: 65160
Content-Type: application/json; charset=utf-8
cache-control: no-cache

18:52:53.494 [AsyncHttpClient-1-6] DEBUG org.asynchttpclient.netty.channel.ChannelManager - Adding key: http://localhost:16603 for channel [id: 0x408865ae, L:/127.0.0.1:59095 - R:localhost/127.0.0.1:16603]
18:52:53.497 [main] DEBUG net.serenitybdd.core.photography.Darkroom - Send negative for processing for target\site\serenity\3264ea06403a638c21b1f725b6320abfd9bdfccd561326f135b683758b276d3d.png
18:52:53.498 [main] DEBUG net.thucydides.core.steps.StepInterceptor - STEP DONE: inputPassword
  &amp#27;[32mAnd &amp#27;[0m&amp#27;[32mI entered a password &amp#27;[0m&amp#27;[32m&amp#27;[1m"mylove366"&amp#27;[0m                                &amp#27;[90m# starter.stepdefinitions.RegisterSteps.enterPassword(java.lang.String)&amp#27;[0m
18:52:53.498 [Darkroom Processing Line] DEBUG net.serenitybdd.core.photography.DarkroomProcessingLine - Processing screenshot image in /var/screenshots/screenshot-6670734285360786320
18:52:53.498 [Darkroom Processing Line] DEBUG net.serenitybdd.core.photography.DarkroomProcessingLine - Saving screenshot to target\site\serenity\3264ea06403a638c21b1f725b6320abfd9bdfccd561326f135b683758b276d3d.png
18:52:53.510 [Forwarding getPageSource on session 9ac8d9c874f06f404d6373b39d83d7ae to remote] DEBUG org.asynchttpclient.netty.request.NettyRequestSender - Using pooled Channel '[id: 0x408865ae, L:/127.0.0.1:59095 - R:localhost/127.0.0.1:16603]' for 'POST' to 'http://localhost:16603/session/9ac8d9c874f06f404d6373b39d83d7ae/execute/sync'
18:52:53.510 [Forwarding getPageSource on session 9ac8d9c874f06f404d6373b39d83d7ae to remote] DEBUG org.asynchttpclient.netty.request.NettyRequestSender - Using open Channel [id: 0x408865ae, L:/127.0.0.1:59095 - R:localhost/127.0.0.1:16603] for POST '/session/9ac8d9c874f06f404d6373b39d83d7ae/execute/sync'
18:52:53.515 [AsyncHttpClient-1-6] DEBUG org.asynchttpclient.netty.handler.HttpHandler - 

Request DefaultHttpRequest(decodeResult: success, version: HTTP/1.1)
POST /session/9ac8d9c874f06f404d6373b39d83d7ae/execute/sync HTTP/1.1
User-Agent: selenium/4.8.1 (java windows)
Content-Length: 176
Content-Type: application/json; charset=utf-8
host: localhost:16603
accept: */*

Response DefaultHttpResponse(decodeResult: success, version: HTTP/1.1)
HTTP/1.1 200 OK
Content-Length: 22473
Content-Type: application/json; charset=utf-8
cache-control: no-cache

18:52:53.515 [AsyncHttpClient-1-6] DEBUG org.asynchttpclient.netty.channel.ChannelManager - Adding key: http://localhost:16603 for channel [id: 0x408865ae, L:/127.0.0.1:59095 - R:localhost/127.0.0.1:16603]
18:52:53.521 [Forwarding getCurrentUrl on session 9ac8d9c874f06f404d6373b39d83d7ae to remote] DEBUG org.asynchttpclient.netty.request.NettyRequestSender - Using pooled Channel '[id: 0x408865ae, L:/127.0.0.1:59095 - R:localhost/127.0.0.1:16603]' for 'GET' to 'http://localhost:16603/session/9ac8d9c874f06f404d6373b39d83d7ae/url'
18:52:53.521 [Forwarding getCurrentUrl on session 9ac8d9c874f06f404d6373b39d83d7ae to remote] DEBUG org.asynchttpclient.netty.request.NettyRequestSender - Using open Channel [id: 0x408865ae, L:/127.0.0.1:59095 - R:localhost/127.0.0.1:16603] for GET '/session/9ac8d9c874f06f404d6373b39d83d7ae/url'
18:52:53.524 [AsyncHttpClient-1-6] DEBUG org.asynchttpclient.netty.handler.HttpHandler - 

Request DefaultFullHttpRequest(decodeResult: success, version: HTTP/1.1, content: EmptyByteBufBE)
GET /session/9ac8d9c874f06f404d6373b39d83d7ae/url HTTP/1.1
User-Agent: selenium/4.8.1 (java windows)
Cache-Control: no-cache
Content-Type: application/json; charset=utf-8
host: localhost:16603
accept: */*

Response DefaultHttpResponse(decodeResult: success, version: HTTP/1.1)
HTTP/1.1 200 OK
Content-Length: 54
Content-Type: application/json; charset=utf-8
cache-control: no-cache

18:52:53.524 [AsyncHttpClient-1-6] DEBUG org.asynchttpclient.netty.channel.ChannelManager - Adding key: http://localhost:16603 for channel [id: 0x408865ae, L:/127.0.0.1:59095 - R:localhost/127.0.0.1:16603]
18:52:53.536 [Forwarding getPageSource on session 9ac8d9c874f06f404d6373b39d83d7ae to remote] DEBUG org.asynchttpclient.netty.request.NettyRequestSender - Using pooled Channel '[id: 0x408865ae, L:/127.0.0.1:59095 - R:localhost/127.0.0.1:16603]' for 'POST' to 'http://localhost:16603/session/9ac8d9c874f06f404d6373b39d83d7ae/execute/sync'
18:52:53.536 [Forwarding getPageSource on session 9ac8d9c874f06f404d6373b39d83d7ae to remote] DEBUG org.asynchttpclient.netty.request.NettyRequestSender - Using open Channel [id: 0x408865ae, L:/127.0.0.1:59095 - R:localhost/127.0.0.1:16603] for POST '/session/9ac8d9c874f06f404d6373b39d83d7ae/execute/sync'
18:52:53.541 [AsyncHttpClient-1-6] DEBUG org.asynchttpclient.netty.handler.HttpHandler - 

Request DefaultHttpRequest(decodeResult: success, version: HTTP/1.1)
POST /session/9ac8d9c874f06f404d6373b39d83d7ae/execute/sync HTTP/1.1
User-Agent: selenium/4.8.1 (java windows)
Content-Length: 176
Content-Type: application/json; charset=utf-8
host: localhost:16603
accept: */*

Response DefaultHttpResponse(decodeResult: success, version: HTTP/1.1)
HTTP/1.1 200 OK
Content-Length: 22473
Content-Type: application/json; charset=utf-8
cache-control: no-cache

18:52:53.541 [AsyncHttpClient-1-6] DEBUG org.asynchttpclient.netty.channel.ChannelManager - Adding key: http://localhost:16603 for channel [id: 0x408865ae, L:/127.0.0.1:59095 - R:localhost/127.0.0.1:16603]
18:52:53.543 [Forwarding getCurrentUrl on session 9ac8d9c874f06f404d6373b39d83d7ae to remote] DEBUG org.asynchttpclient.netty.request.NettyRequestSender - Using pooled Channel '[id: 0x408865ae, L:/127.0.0.1:59095 - R:localhost/127.0.0.1:16603]' for 'GET' to 'http://localhost:16603/session/9ac8d9c874f06f404d6373b39d83d7ae/url'
18:52:53.544 [Forwarding getCurrentUrl on session 9ac8d9c874f06f404d6373b39d83d7ae to remote] DEBUG org.asynchttpclient.netty.request.NettyRequestSender - Using open Channel [id: 0x408865ae, L:/127.0.0.1:59095 - R:localhost/127.0.0.1:16603] for GET '/session/9ac8d9c874f06f404d6373b39d83d7ae/url'
18:52:53.547 [AsyncHttpClient-1-6] DEBUG org.asynchttpclient.netty.handler.HttpHandler - 

Request DefaultFullHttpRequest(decodeResult: success, version: HTTP/1.1, content: EmptyByteBufBE)
GET /session/9ac8d9c874f06f404d6373b39d83d7ae/url HTTP/1.1
User-Agent: selenium/4.8.1 (java windows)
Cache-Control: no-cache
Content-Type: application/json; charset=utf-8
host: localhost:16603
accept: */*

Response DefaultHttpResponse(decodeResult: success, version: HTTP/1.1)
HTTP/1.1 200 OK
Content-Length: 54
Content-Type: application/json; charset=utf-8
cache-control: no-cache

18:52:53.547 [AsyncHttpClient-1-6] DEBUG org.asynchttpclient.netty.channel.ChannelManager - Adding key: http://localhost:16603 for channel [id: 0x408865ae, L:/127.0.0.1:59095 - R:localhost/127.0.0.1:16603]
18:52:53.549 [main] DEBUG net.thucydides.core.steps.StepInterceptor - STARTING STEP: RegisterSteps.clickRegisterButton - ClickRegisterButton
18:52:53.556 [Forwarding findElement on session 9ac8d9c874f06f404d6373b39d83d7ae to remote] DEBUG org.asynchttpclient.netty.request.NettyRequestSender - Using pooled Channel '[id: 0x408865ae, L:/127.0.0.1:59095 - R:localhost/127.0.0.1:16603]' for 'POST' to 'http://localhost:16603/session/9ac8d9c874f06f404d6373b39d83d7ae/element'
18:52:53.556 [Forwarding findElement on session 9ac8d9c874f06f404d6373b39d83d7ae to remote] DEBUG org.asynchttpclient.netty.request.NettyRequestSender - Using open Channel [id: 0x408865ae, L:/127.0.0.1:59095 - R:localhost/127.0.0.1:16603] for POST '/session/9ac8d9c874f06f404d6373b39d83d7ae/element'
18:52:53.562 [AsyncHttpClient-1-6] DEBUG org.asynchttpclient.netty.handler.HttpHandler - 

Request DefaultHttpRequest(decodeResult: success, version: HTTP/1.1)
POST /session/9ac8d9c874f06f404d6373b39d83d7ae/element HTTP/1.1
User-Agent: selenium/4.8.1 (java windows)
Content-Length: 142
Content-Type: application/json; charset=utf-8
host: localhost:16603
accept: */*

Response DefaultHttpResponse(decodeResult: success, version: HTTP/1.1)
HTTP/1.1 200 OK
Content-Length: 88
Content-Type: application/json; charset=utf-8
cache-control: no-cache

18:52:53.563 [AsyncHttpClient-1-1] DEBUG org.asynchttpclient.netty.channel.DefaultChannelPool - Entry count for : http://localhost:59096 : 1
18:52:53.563 [AsyncHttpClient-1-6] DEBUG org.asynchttpclient.netty.channel.ChannelManager - Adding key: http://localhost:16603 for channel [id: 0x408865ae, L:/127.0.0.1:59095 - R:localhost/127.0.0.1:16603]
18:52:53.564 [Forwarding getElementTagName on session 9ac8d9c874f06f404d6373b39d83d7ae to remote] DEBUG org.asynchttpclient.netty.request.NettyRequestSender - Using pooled Channel '[id: 0x408865ae, L:/127.0.0.1:59095 - R:localhost/127.0.0.1:16603]' for 'GET' to 'http://localhost:16603/session/9ac8d9c874f06f404d6373b39d83d7ae/element/dac95384-78bb-46d6-aebe-c77dcb03f998/name'
18:52:53.564 [Forwarding getElementTagName on session 9ac8d9c874f06f404d6373b39d83d7ae to remote] DEBUG org.asynchttpclient.netty.request.NettyRequestSender - Using open Channel [id: 0x408865ae, L:/127.0.0.1:59095 - R:localhost/127.0.0.1:16603] for GET '/session/9ac8d9c874f06f404d6373b39d83d7ae/element/dac95384-78bb-46d6-aebe-c77dcb03f998/name'
18:52:53.571 [AsyncHttpClient-1-6] DEBUG org.asynchttpclient.netty.handler.HttpHandler - 

Request DefaultFullHttpRequest(decodeResult: success, version: HTTP/1.1, content: EmptyByteBufBE)
GET /session/9ac8d9c874f06f404d6373b39d83d7ae/element/dac95384-78bb-46d6-aebe-c77dcb03f998/name HTTP/1.1
User-Agent: selenium/4.8.1 (java windows)
Cache-Control: no-cache
Content-Type: application/json; charset=utf-8
host: localhost:16603
accept: */*

Response DefaultHttpResponse(decodeResult: success, version: HTTP/1.1)
HTTP/1.1 200 OK
Content-Length: 18
Content-Type: application/json; charset=utf-8
cache-control: no-cache

18:52:53.571 [AsyncHttpClient-1-6] DEBUG org.asynchttpclient.netty.channel.ChannelManager - Adding key: http://localhost:16603 for channel [id: 0x408865ae, L:/127.0.0.1:59095 - R:localhost/127.0.0.1:16603]
18:52:53.572 [Forwarding getElementTagName on session 9ac8d9c874f06f404d6373b39d83d7ae to remote] DEBUG org.asynchttpclient.netty.request.NettyRequestSender - Using pooled Channel '[id: 0x408865ae, L:/127.0.0.1:59095 - R:localhost/127.0.0.1:16603]' for 'GET' to 'http://localhost:16603/session/9ac8d9c874f06f404d6373b39d83d7ae/element/dac95384-78bb-46d6-aebe-c77dcb03f998/name'
18:52:53.572 [Forwarding getElementTagName on session 9ac8d9c874f06f404d6373b39d83d7ae to remote] DEBUG org.asynchttpclient.netty.request.NettyRequestSender - Using open Channel [id: 0x408865ae, L:/127.0.0.1:59095 - R:localhost/127.0.0.1:16603] for GET '/session/9ac8d9c874f06f404d6373b39d83d7ae/element/dac95384-78bb-46d6-aebe-c77dcb03f998/name'
18:52:53.576 [AsyncHttpClient-1-6] DEBUG org.asynchttpclient.netty.handler.HttpHandler - 

Request DefaultFullHttpRequest(decodeResult: success, version: HTTP/1.1, content: EmptyByteBufBE)
GET /session/9ac8d9c874f06f404d6373b39d83d7ae/element/dac95384-78bb-46d6-aebe-c77dcb03f998/name HTTP/1.1
User-Agent: selenium/4.8.1 (java windows)
Cache-Control: no-cache
Content-Type: application/json; charset=utf-8
host: localhost:16603
accept: */*

Response DefaultHttpResponse(decodeResult: success, version: HTTP/1.1)
HTTP/1.1 200 OK
Content-Length: 18
Content-Type: application/json; charset=utf-8
cache-control: no-cache

18:52:53.576 [AsyncHttpClient-1-6] DEBUG org.asynchttpclient.netty.channel.ChannelManager - Adding key: http://localhost:16603 for channel [id: 0x408865ae, L:/127.0.0.1:59095 - R:localhost/127.0.0.1:16603]
18:52:53.579 [Forwarding isElementEnabled on session 9ac8d9c874f06f404d6373b39d83d7ae to remote] DEBUG org.asynchttpclient.netty.request.NettyRequestSender - Using pooled Channel '[id: 0x408865ae, L:/127.0.0.1:59095 - R:localhost/127.0.0.1:16603]' for 'GET' to 'http://localhost:16603/session/9ac8d9c874f06f404d6373b39d83d7ae/element/dac95384-78bb-46d6-aebe-c77dcb03f998/enabled'
18:52:53.579 [Forwarding isElementEnabled on session 9ac8d9c874f06f404d6373b39d83d7ae to remote] DEBUG org.asynchttpclient.netty.request.NettyRequestSender - Using open Channel [id: 0x408865ae, L:/127.0.0.1:59095 - R:localhost/127.0.0.1:16603] for GET '/session/9ac8d9c874f06f404d6373b39d83d7ae/element/dac95384-78bb-46d6-aebe-c77dcb03f998/enabled'
18:52:53.589 [AsyncHttpClient-1-6] DEBUG org.asynchttpclient.netty.handler.HttpHandler - 

Request DefaultFullHttpRequest(decodeResult: success, version: HTTP/1.1, content: EmptyByteBufBE)
GET /session/9ac8d9c874f06f404d6373b39d83d7ae/element/dac95384-78bb-46d6-aebe-c77dcb03f998/enabled HTTP/1.1
User-Agent: selenium/4.8.1 (java windows)
Cache-Control: no-cache
Content-Type: application/json; charset=utf-8
host: localhost:16603
accept: */*

Response DefaultHttpResponse(decodeResult: success, version: HTTP/1.1)
HTTP/1.1 200 OK
Content-Length: 14
Content-Type: application/json; charset=utf-8
cache-control: no-cache

18:52:53.589 [AsyncHttpClient-1-6] DEBUG org.asynchttpclient.netty.channel.ChannelManager - Adding key: http://localhost:16603 for channel [id: 0x408865ae, L:/127.0.0.1:59095 - R:localhost/127.0.0.1:16603]
18:52:53.591 [Forwarding isElementEnabled on session 9ac8d9c874f06f404d6373b39d83d7ae to remote] DEBUG org.asynchttpclient.netty.request.NettyRequestSender - Using pooled Channel '[id: 0x408865ae, L:/127.0.0.1:59095 - R:localhost/127.0.0.1:16603]' for 'GET' to 'http://localhost:16603/session/9ac8d9c874f06f404d6373b39d83d7ae/element/dac95384-78bb-46d6-aebe-c77dcb03f998/enabled'
18:52:53.591 [Forwarding isElementEnabled on session 9ac8d9c874f06f404d6373b39d83d7ae to remote] DEBUG org.asynchttpclient.netty.request.NettyRequestSender - Using open Channel [id: 0x408865ae, L:/127.0.0.1:59095 - R:localhost/127.0.0.1:16603] for GET '/session/9ac8d9c874f06f404d6373b39d83d7ae/element/dac95384-78bb-46d6-aebe-c77dcb03f998/enabled'
18:52:53.596 [AsyncHttpClient-1-6] DEBUG org.asynchttpclient.netty.handler.HttpHandler - 

Request DefaultFullHttpRequest(decodeResult: success, version: HTTP/1.1, content: EmptyByteBufBE)
GET /session/9ac8d9c874f06f404d6373b39d83d7ae/element/dac95384-78bb-46d6-aebe-c77dcb03f998/enabled HTTP/1.1
User-Agent: selenium/4.8.1 (java windows)
Cache-Control: no-cache
Content-Type: application/json; charset=utf-8
host: localhost:16603
accept: */*

Response DefaultHttpResponse(decodeResult: success, version: HTTP/1.1)
HTTP/1.1 200 OK
Content-Length: 14
Content-Type: application/json; charset=utf-8
cache-control: no-cache

18:52:53.596 [AsyncHttpClient-1-6] DEBUG org.asynchttpclient.netty.channel.ChannelManager - Adding key: http://localhost:16603 for channel [id: 0x408865ae, L:/127.0.0.1:59095 - R:localhost/127.0.0.1:16603]
18:52:53.598 [Forwarding findElement on session 9ac8d9c874f06f404d6373b39d83d7ae to remote] DEBUG org.asynchttpclient.netty.request.NettyRequestSender - Using pooled Channel '[id: 0x408865ae, L:/127.0.0.1:59095 - R:localhost/127.0.0.1:16603]' for 'POST' to 'http://localhost:16603/session/9ac8d9c874f06f404d6373b39d83d7ae/element'
18:52:53.598 [Forwarding findElement on session 9ac8d9c874f06f404d6373b39d83d7ae to remote] DEBUG org.asynchttpclient.netty.request.NettyRequestSender - Using open Channel [id: 0x408865ae, L:/127.0.0.1:59095 - R:localhost/127.0.0.1:16603] for POST '/session/9ac8d9c874f06f404d6373b39d83d7ae/element'
18:52:53.606 [AsyncHttpClient-1-6] DEBUG org.asynchttpclient.netty.handler.HttpHandler - 

Request DefaultHttpRequest(decodeResult: success, version: HTTP/1.1)
POST /session/9ac8d9c874f06f404d6373b39d83d7ae/element HTTP/1.1
User-Agent: selenium/4.8.1 (java windows)
Content-Length: 142
Content-Type: application/json; charset=utf-8
host: localhost:16603
accept: */*

Response DefaultHttpResponse(decodeResult: success, version: HTTP/1.1)
HTTP/1.1 200 OK
Content-Length: 88
Content-Type: application/json; charset=utf-8
cache-control: no-cache

18:52:53.606 [AsyncHttpClient-1-6] DEBUG org.asynchttpclient.netty.channel.ChannelManager - Adding key: http://localhost:16603 for channel [id: 0x408865ae, L:/127.0.0.1:59095 - R:localhost/127.0.0.1:16603]
18:52:53.607 [Forwarding clickElement on session 9ac8d9c874f06f404d6373b39d83d7ae to remote] DEBUG org.asynchttpclient.netty.request.NettyRequestSender - Using pooled Channel '[id: 0x408865ae, L:/127.0.0.1:59095 - R:localhost/127.0.0.1:16603]' for 'POST' to 'http://localhost:16603/session/9ac8d9c874f06f404d6373b39d83d7ae/element/dac95384-78bb-46d6-aebe-c77dcb03f998/click'
18:52:53.607 [Forwarding clickElement on session 9ac8d9c874f06f404d6373b39d83d7ae to remote] DEBUG org.asynchttpclient.netty.request.NettyRequestSender - Using open Channel [id: 0x408865ae, L:/127.0.0.1:59095 - R:localhost/127.0.0.1:16603] for POST '/session/9ac8d9c874f06f404d6373b39d83d7ae/element/dac95384-78bb-46d6-aebe-c77dcb03f998/click'
18:52:53.658 [AsyncHttpClient-1-6] DEBUG org.asynchttpclient.netty.handler.HttpHandler - 

Request DefaultHttpRequest(decodeResult: success, version: HTTP/1.1)
POST /session/9ac8d9c874f06f404d6373b39d83d7ae/element/dac95384-78bb-46d6-aebe-c77dcb03f998/click HTTP/1.1
User-Agent: selenium/4.8.1 (java windows)
Content-Length: 50
Content-Type: application/json; charset=utf-8
host: localhost:16603
accept: */*

Response DefaultHttpResponse(decodeResult: success, version: HTTP/1.1)
HTTP/1.1 200 OK
Content-Length: 14
Content-Type: application/json; charset=utf-8
cache-control: no-cache

18:52:53.658 [AsyncHttpClient-1-6] DEBUG org.asynchttpclient.netty.channel.ChannelManager - Adding key: http://localhost:16603 for channel [id: 0x408865ae, L:/127.0.0.1:59095 - R:localhost/127.0.0.1:16603]
18:52:53.662 [Forwarding getAlertText on session 9ac8d9c874f06f404d6373b39d83d7ae to remote] DEBUG org.asynchttpclient.netty.request.NettyRequestSender - Using pooled Channel '[id: 0x408865ae, L:/127.0.0.1:59095 - R:localhost/127.0.0.1:16603]' for 'GET' to 'http://localhost:16603/session/9ac8d9c874f06f404d6373b39d83d7ae/alert/text'
18:52:53.663 [Forwarding getAlertText on session 9ac8d9c874f06f404d6373b39d83d7ae to remote] DEBUG org.asynchttpclient.netty.request.NettyRequestSender - Using open Channel [id: 0x408865ae, L:/127.0.0.1:59095 - R:localhost/127.0.0.1:16603] for GET '/session/9ac8d9c874f06f404d6373b39d83d7ae/alert/text'
18:52:53.664 [AsyncHttpClient-1-6] DEBUG org.asynchttpclient.netty.handler.HttpHandler - 

Request DefaultFullHttpRequest(decodeResult: success, version: HTTP/1.1, content: EmptyByteBufBE)
GET /session/9ac8d9c874f06f404d6373b39d83d7ae/alert/text HTTP/1.1
User-Agent: selenium/4.8.1 (java windows)
Cache-Control: no-cache
Content-Type: application/json; charset=utf-8
host: localhost:16603
accept: */*

Response DefaultHttpResponse(decodeResult: success, version: HTTP/1.1)
HTTP/1.1 404 Not Found
Content-Length: 809
Content-Type: application/json; charset=utf-8
cache-control: no-cache

18:52:53.664 [AsyncHttpClient-1-6] DEBUG org.asynchttpclient.netty.channel.ChannelManager - Adding key: http://localhost:16603 for channel [id: 0x408865ae, L:/127.0.0.1:59095 - R:localhost/127.0.0.1:16603]
18:52:53.665 [Forwarding getCurrentUrl on session 9ac8d9c874f06f404d6373b39d83d7ae to remote] DEBUG org.asynchttpclient.netty.request.NettyRequestSender - Using pooled Channel '[id: 0x408865ae, L:/127.0.0.1:59095 - R:localhost/127.0.0.1:16603]' for 'GET' to 'http://localhost:16603/session/9ac8d9c874f06f404d6373b39d83d7ae/url'
18:52:53.665 [Forwarding getCurrentUrl on session 9ac8d9c874f06f404d6373b39d83d7ae to remote] DEBUG org.asynchttpclient.netty.request.NettyRequestSender - Using open Channel [id: 0x408865ae, L:/127.0.0.1:59095 - R:localhost/127.0.0.1:16603] for GET '/session/9ac8d9c874f06f404d6373b39d83d7ae/url'
18:52:53.667 [AsyncHttpClient-1-6] DEBUG org.asynchttpclient.netty.handler.HttpHandler - 

Request DefaultFullHttpRequest(decodeResult: success, version: HTTP/1.1, content: EmptyByteBufBE)
GET /session/9ac8d9c874f06f404d6373b39d83d7ae/url HTTP/1.1
User-Agent: selenium/4.8.1 (java windows)
Cache-Control: no-cache
Content-Type: application/json; charset=utf-8
host: localhost:16603
accept: */*

Response DefaultHttpResponse(decodeResult: success, version: HTTP/1.1)
HTTP/1.1 200 OK
Content-Length: 54
Content-Type: application/json; charset=utf-8
cache-control: no-cache

18:52:53.667 [AsyncHttpClient-1-6] DEBUG org.asynchttpclient.netty.channel.ChannelManager - Adding key: http://localhost:16603 for channel [id: 0x408865ae, L:/127.0.0.1:59095 - R:localhost/127.0.0.1:16603]
18:52:53.670 [Forwarding screenshot on session 9ac8d9c874f06f404d6373b39d83d7ae to remote] DEBUG org.asynchttpclient.netty.request.NettyRequestSender - Using pooled Channel '[id: 0x408865ae, L:/127.0.0.1:59095 - R:localhost/127.0.0.1:16603]' for 'GET' to 'http://localhost:16603/session/9ac8d9c874f06f404d6373b39d83d7ae/screenshot'
18:52:53.670 [Forwarding screenshot on session 9ac8d9c874f06f404d6373b39d83d7ae to remote] DEBUG org.asynchttpclient.netty.request.NettyRequestSender - Using open Channel [id: 0x408865ae, L:/127.0.0.1:59095 - R:localhost/127.0.0.1:16603] for GET '/session/9ac8d9c874f06f404d6373b39d83d7ae/screenshot'
18:52:53.982 [AsyncHttpClient-1-6] DEBUG org.asynchttpclient.netty.handler.HttpHandler - 

Request DefaultFullHttpRequest(decodeResult: success, version: HTTP/1.1, content: EmptyByteBufBE)
GET /session/9ac8d9c874f06f404d6373b39d83d7ae/screenshot HTTP/1.1
User-Agent: selenium/4.8.1 (java windows)
Cache-Control: no-cache
Content-Type: application/json; charset=utf-8
host: localhost:16603
accept: */*

Response DefaultHttpResponse(decodeResult: success, version: HTTP/1.1)
HTTP/1.1 200 OK
Content-Length: 63288
Content-Type: application/json; charset=utf-8
cache-control: no-cache

18:52:53.983 [AsyncHttpClient-1-6] DEBUG org.asynchttpclient.netty.channel.ChannelManager - Adding key: http://localhost:16603 for channel [id: 0x408865ae, L:/127.0.0.1:59095 - R:localhost/127.0.0.1:16603]
18:52:53.990 [main] DEBUG net.serenitybdd.core.photography.Darkroom - Send negative for processing for target\site\serenity\71d48f591550dd8e270f607402e2b66c92335261fd790e4c0ab3a18fe69d53bd.png
18:52:53.991 [main] DEBUG net.thucydides.core.steps.StepInterceptor - STEP DONE: ClickRegisterButton
18:52:53.991 [Darkroom Processing Line] DEBUG net.serenitybdd.core.photography.DarkroomProcessingLine - Processing screenshot image in /var/screenshots/screenshot-13366772552769230231
18:52:53.991 [Darkroom Processing Line] DEBUG net.serenitybdd.core.photography.DarkroomProcessingLine - Saving screenshot to target\site\serenity\71d48f591550dd8e270f607402e2b66c92335261fd790e4c0ab3a18fe69d53bd.png
  &amp#27;[32mAnd &amp#27;[0m&amp#27;[32mI click the register button&amp#27;[0m                                     &amp#27;[90m# starter.stepdefinitions.RegisterSteps.clickRegisterButton()&amp#27;[0m
18:52:54.003 [Forwarding getPageSource on session 9ac8d9c874f06f404d6373b39d83d7ae to remote] DEBUG org.asynchttpclient.netty.request.NettyRequestSender - Using pooled Channel '[id: 0x408865ae, L:/127.0.0.1:59095 - R:localhost/127.0.0.1:16603]' for 'POST' to 'http://localhost:16603/session/9ac8d9c874f06f404d6373b39d83d7ae/execute/sync'
18:52:54.004 [Forwarding getPageSource on session 9ac8d9c874f06f404d6373b39d83d7ae to remote] DEBUG org.asynchttpclient.netty.request.NettyRequestSender - Using open Channel [id: 0x408865ae, L:/127.0.0.1:59095 - R:localhost/127.0.0.1:16603] for POST '/session/9ac8d9c874f06f404d6373b39d83d7ae/execute/sync'
18:52:54.010 [AsyncHttpClient-1-6] DEBUG org.asynchttpclient.netty.handler.HttpHandler - 

Request DefaultHttpRequest(decodeResult: success, version: HTTP/1.1)
POST /session/9ac8d9c874f06f404d6373b39d83d7ae/execute/sync HTTP/1.1
User-Agent: selenium/4.8.1 (java windows)
Content-Length: 176
Content-Type: application/json; charset=utf-8
host: localhost:16603
accept: */*

Response DefaultHttpResponse(decodeResult: success, version: HTTP/1.1)
HTTP/1.1 200 OK
Content-Length: 23175
Content-Type: application/json; charset=utf-8
cache-control: no-cache

18:52:54.010 [AsyncHttpClient-1-6] DEBUG org.asynchttpclient.netty.channel.ChannelManager - Adding key: http://localhost:16603 for channel [id: 0x408865ae, L:/127.0.0.1:59095 - R:localhost/127.0.0.1:16603]
18:52:54.012 [Forwarding getCurrentUrl on session 9ac8d9c874f06f404d6373b39d83d7ae to remote] DEBUG org.asynchttpclient.netty.request.NettyRequestSender - Using pooled Channel '[id: 0x408865ae, L:/127.0.0.1:59095 - R:localhost/127.0.0.1:16603]' for 'GET' to 'http://localhost:16603/session/9ac8d9c874f06f404d6373b39d83d7ae/url'
18:52:54.012 [Forwarding getCurrentUrl on session 9ac8d9c874f06f404d6373b39d83d7ae to remote] DEBUG org.asynchttpclient.netty.request.NettyRequestSender - Using open Channel [id: 0x408865ae, L:/127.0.0.1:59095 - R:localhost/127.0.0.1:16603] for GET '/session/9ac8d9c874f06f404d6373b39d83d7ae/url'
18:52:54.015 [AsyncHttpClient-1-6] DEBUG org.asynchttpclient.netty.handler.HttpHandler - 

Request DefaultFullHttpRequest(decodeResult: success, version: HTTP/1.1, content: EmptyByteBufBE)
GET /session/9ac8d9c874f06f404d6373b39d83d7ae/url HTTP/1.1
User-Agent: selenium/4.8.1 (java windows)
Cache-Control: no-cache
Content-Type: application/json; charset=utf-8
host: localhost:16603
accept: */*

Response DefaultHttpResponse(decodeResult: success, version: HTTP/1.1)
HTTP/1.1 200 OK
Content-Length: 54
Content-Type: application/json; charset=utf-8
cache-control: no-cache

18:52:54.016 [AsyncHttpClient-1-6] DEBUG org.asynchttpclient.netty.channel.ChannelManager - Adding key: http://localhost:16603 for channel [id: 0x408865ae, L:/127.0.0.1:59095 - R:localhost/127.0.0.1:16603]
18:52:54.031 [Forwarding getPageSource on session 9ac8d9c874f06f404d6373b39d83d7ae to remote] DEBUG org.asynchttpclient.netty.request.NettyRequestSender - Using pooled Channel '[id: 0x408865ae, L:/127.0.0.1:59095 - R:localhost/127.0.0.1:16603]' for 'POST' to 'http://localhost:16603/session/9ac8d9c874f06f404d6373b39d83d7ae/execute/sync'
18:52:54.031 [Forwarding getPageSource on session 9ac8d9c874f06f404d6373b39d83d7ae to remote] DEBUG org.asynchttpclient.netty.request.NettyRequestSender - Using open Channel [id: 0x408865ae, L:/127.0.0.1:59095 - R:localhost/127.0.0.1:16603] for POST '/session/9ac8d9c874f06f404d6373b39d83d7ae/execute/sync'
18:52:54.040 [AsyncHttpClient-1-6] DEBUG org.asynchttpclient.netty.handler.HttpHandler - 

Request DefaultHttpRequest(decodeResult: success, version: HTTP/1.1)
POST /session/9ac8d9c874f06f404d6373b39d83d7ae/execute/sync HTTP/1.1
User-Agent: selenium/4.8.1 (java windows)
Content-Length: 176
Content-Type: application/json; charset=utf-8
host: localhost:16603
accept: */*

Response DefaultHttpResponse(decodeResult: success, version: HTTP/1.1)
HTTP/1.1 200 OK
Content-Length: 23175
Content-Type: application/json; charset=utf-8
cache-control: no-cache

18:52:54.040 [AsyncHttpClient-1-6] DEBUG org.asynchttpclient.netty.channel.ChannelManager - Adding key: http://localhost:16603 for channel [id: 0x408865ae, L:/127.0.0.1:59095 - R:localhost/127.0.0.1:16603]
18:52:54.042 [Forwarding getCurrentUrl on session 9ac8d9c874f06f404d6373b39d83d7ae to remote] DEBUG org.asynchttpclient.netty.request.NettyRequestSender - Using pooled Channel '[id: 0x408865ae, L:/127.0.0.1:59095 - R:localhost/127.0.0.1:16603]' for 'GET' to 'http://localhost:16603/session/9ac8d9c874f06f404d6373b39d83d7ae/url'
18:52:54.042 [Forwarding getCurrentUrl on session 9ac8d9c874f06f404d6373b39d83d7ae to remote] DEBUG org.asynchttpclient.netty.request.NettyRequestSender - Using open Channel [id: 0x408865ae, L:/127.0.0.1:59095 - R:localhost/127.0.0.1:16603] for GET '/session/9ac8d9c874f06f404d6373b39d83d7ae/url'
18:52:54.045 [AsyncHttpClient-1-6] DEBUG org.asynchttpclient.netty.handler.HttpHandler - 

Request DefaultFullHttpRequest(decodeResult: success, version: HTTP/1.1, content: EmptyByteBufBE)
GET /session/9ac8d9c874f06f404d6373b39d83d7ae/url HTTP/1.1
User-Agent: selenium/4.8.1 (java windows)
Cache-Control: no-cache
Content-Type: application/json; charset=utf-8
host: localhost:16603
accept: */*

Response DefaultHttpResponse(decodeResult: success, version: HTTP/1.1)
HTTP/1.1 200 OK
Content-Length: 54
Content-Type: application/json; charset=utf-8
cache-control: no-cache

18:52:54.045 [AsyncHttpClient-1-6] DEBUG org.asynchttpclient.netty.channel.ChannelManager - Adding key: http://localhost:16603 for channel [id: 0x408865ae, L:/127.0.0.1:59095 - R:localhost/127.0.0.1:16603]
18:52:54.047 [main] DEBUG net.thucydides.core.steps.StepInterceptor - STARTING STEP: RegisterSteps.iCanSeeErrorMessage - validateErrorMessageDisplayed
18:52:54.060 [Forwarding findElement on session 9ac8d9c874f06f404d6373b39d83d7ae to remote] DEBUG org.asynchttpclient.netty.request.NettyRequestSender - Using pooled Channel '[id: 0x408865ae, L:/127.0.0.1:59095 - R:localhost/127.0.0.1:16603]' for 'POST' to 'http://localhost:16603/session/9ac8d9c874f06f404d6373b39d83d7ae/element'
18:52:54.060 [Forwarding findElement on session 9ac8d9c874f06f404d6373b39d83d7ae to remote] DEBUG org.asynchttpclient.netty.request.NettyRequestSender - Using open Channel [id: 0x408865ae, L:/127.0.0.1:59095 - R:localhost/127.0.0.1:16603] for POST '/session/9ac8d9c874f06f404d6373b39d83d7ae/element'
18:52:54.077 [AsyncHttpClient-1-6] DEBUG org.asynchttpclient.netty.handler.HttpHandler - 

Request DefaultHttpRequest(decodeResult: success, version: HTTP/1.1)
POST /session/9ac8d9c874f06f404d6373b39d83d7ae/element HTTP/1.1
User-Agent: selenium/4.8.1 (java windows)
Content-Length: 139
Content-Type: application/json; charset=utf-8
host: localhost:16603
accept: */*

Response DefaultHttpResponse(decodeResult: success, version: HTTP/1.1)
HTTP/1.1 200 OK
Content-Length: 88
Content-Type: application/json; charset=utf-8
cache-control: no-cache

18:52:54.077 [AsyncHttpClient-1-6] DEBUG org.asynchttpclient.netty.channel.ChannelManager - Adding key: http://localhost:16603 for channel [id: 0x408865ae, L:/127.0.0.1:59095 - R:localhost/127.0.0.1:16603]
18:52:54.080 [Forwarding isElementDisplayed on session 9ac8d9c874f06f404d6373b39d83d7ae to remote] DEBUG org.asynchttpclient.netty.request.NettyRequestSender - Using pooled Channel '[id: 0x408865ae, L:/127.0.0.1:59095 - R:localhost/127.0.0.1:16603]' for 'POST' to 'http://localhost:16603/session/9ac8d9c874f06f404d6373b39d83d7ae/execute/sync'
18:52:54.080 [Forwarding isElementDisplayed on session 9ac8d9c874f06f404d6373b39d83d7ae to remote] DEBUG org.asynchttpclient.netty.request.NettyRequestSender - Using open Channel [id: 0x408865ae, L:/127.0.0.1:59095 - R:localhost/127.0.0.1:16603] for POST '/session/9ac8d9c874f06f404d6373b39d83d7ae/execute/sync'
18:52:54.102 [AsyncHttpClient-1-6] DEBUG org.asynchttpclient.netty.handler.HttpHandler - 

Request DefaultHttpRequest(decodeResult: success, version: HTTP/1.1)
POST /session/9ac8d9c874f06f404d6373b39d83d7ae/execute/sync HTTP/1.1
User-Agent: selenium/4.8.1 (java windows)
Content-Length: 48807
Content-Type: application/json; charset=utf-8
host: localhost:16603
accept: */*

Response DefaultHttpResponse(decodeResult: success, version: HTTP/1.1)
HTTP/1.1 200 OK
Content-Length: 14
Content-Type: application/json; charset=utf-8
cache-control: no-cache

18:52:54.103 [AsyncHttpClient-1-6] DEBUG org.asynchttpclient.netty.channel.ChannelManager - Adding key: http://localhost:16603 for channel [id: 0x408865ae, L:/127.0.0.1:59095 - R:localhost/127.0.0.1:16603]
18:52:54.110 [Forwarding getAlertText on session 9ac8d9c874f06f404d6373b39d83d7ae to remote] DEBUG org.asynchttpclient.netty.request.NettyRequestSender - Using pooled Channel '[id: 0x408865ae, L:/127.0.0.1:59095 - R:localhost/127.0.0.1:16603]' for 'GET' to 'http://localhost:16603/session/9ac8d9c874f06f404d6373b39d83d7ae/alert/text'
18:52:54.110 [Forwarding getAlertText on session 9ac8d9c874f06f404d6373b39d83d7ae to remote] DEBUG org.asynchttpclient.netty.request.NettyRequestSender - Using open Channel [id: 0x408865ae, L:/127.0.0.1:59095 - R:localhost/127.0.0.1:16603] for GET '/session/9ac8d9c874f06f404d6373b39d83d7ae/alert/text'
18:52:54.112 [AsyncHttpClient-1-6] DEBUG org.asynchttpclient.netty.handler.HttpHandler - 

Request DefaultFullHttpRequest(decodeResult: success, version: HTTP/1.1, content: EmptyByteBufBE)
GET /session/9ac8d9c874f06f404d6373b39d83d7ae/alert/text HTTP/1.1
User-Agent: selenium/4.8.1 (java windows)
Cache-Control: no-cache
Content-Type: application/json; charset=utf-8
host: localhost:16603
accept: */*

Response DefaultHttpResponse(decodeResult: success, version: HTTP/1.1)
HTTP/1.1 404 Not Found
Content-Length: 809
Content-Type: application/json; charset=utf-8
cache-control: no-cache

18:52:54.112 [AsyncHttpClient-1-6] DEBUG org.asynchttpclient.netty.channel.ChannelManager - Adding key: http://localhost:16603 for channel [id: 0x408865ae, L:/127.0.0.1:59095 - R:localhost/127.0.0.1:16603]
18:52:54.113 [Forwarding getCurrentUrl on session 9ac8d9c874f06f404d6373b39d83d7ae to remote] DEBUG org.asynchttpclient.netty.request.NettyRequestSender - Using pooled Channel '[id: 0x408865ae, L:/127.0.0.1:59095 - R:localhost/127.0.0.1:16603]' for 'GET' to 'http://localhost:16603/session/9ac8d9c874f06f404d6373b39d83d7ae/url'
18:52:54.113 [Forwarding getCurrentUrl on session 9ac8d9c874f06f404d6373b39d83d7ae to remote] DEBUG org.asynchttpclient.netty.request.NettyRequestSender - Using open Channel [id: 0x408865ae, L:/127.0.0.1:59095 - R:localhost/127.0.0.1:16603] for GET '/session/9ac8d9c874f06f404d6373b39d83d7ae/url'
18:52:54.122 [AsyncHttpClient-1-6] DEBUG org.asynchttpclient.netty.handler.HttpHandler - 

Request DefaultFullHttpRequest(decodeResult: success, version: HTTP/1.1, content: EmptyByteBufBE)
GET /session/9ac8d9c874f06f404d6373b39d83d7ae/url HTTP/1.1
User-Agent: selenium/4.8.1 (java windows)
Cache-Control: no-cache
Content-Type: application/json; charset=utf-8
host: localhost:16603
accept: */*

Response DefaultHttpResponse(decodeResult: success, version: HTTP/1.1)
HTTP/1.1 200 OK
Content-Length: 54
Content-Type: application/json; charset=utf-8
cache-control: no-cache

18:52:54.122 [AsyncHttpClient-1-6] DEBUG org.asynchttpclient.netty.channel.ChannelManager - Adding key: http://localhost:16603 for channel [id: 0x408865ae, L:/127.0.0.1:59095 - R:localhost/127.0.0.1:16603]
18:52:54.124 [Forwarding screenshot on session 9ac8d9c874f06f404d6373b39d83d7ae to remote] DEBUG org.asynchttpclient.netty.request.NettyRequestSender - Using pooled Channel '[id: 0x408865ae, L:/127.0.0.1:59095 - R:localhost/127.0.0.1:16603]' for 'GET' to 'http://localhost:16603/session/9ac8d9c874f06f404d6373b39d83d7ae/screenshot'
18:52:54.124 [Forwarding screenshot on session 9ac8d9c874f06f404d6373b39d83d7ae to remote] DEBUG org.asynchttpclient.netty.request.NettyRequestSender - Using open Channel [id: 0x408865ae, L:/127.0.0.1:59095 - R:localhost/127.0.0.1:16603] for GET '/session/9ac8d9c874f06f404d6373b39d83d7ae/screenshot'
18:52:54.376 [AsyncHttpClient-1-6] DEBUG org.asynchttpclient.netty.handler.HttpHandler - 

Request DefaultFullHttpRequest(decodeResult: success, version: HTTP/1.1, content: EmptyByteBufBE)
GET /session/9ac8d9c874f06f404d6373b39d83d7ae/screenshot HTTP/1.1
User-Agent: selenium/4.8.1 (java windows)
Cache-Control: no-cache
Content-Type: application/json; charset=utf-8
host: localhost:16603
accept: */*

Response DefaultHttpResponse(decodeResult: success, version: HTTP/1.1)
HTTP/1.1 200 OK
Content-Length: 66352
Content-Type: application/json; charset=utf-8
cache-control: no-cache

18:52:54.377 [AsyncHttpClient-1-6] DEBUG org.asynchttpclient.netty.channel.ChannelManager - Adding key: http://localhost:16603 for channel [id: 0x408865ae, L:/127.0.0.1:59095 - R:localhost/127.0.0.1:16603]
18:52:54.380 [main] DEBUG net.serenitybdd.core.photography.Darkroom - Send negative for processing for target\site\serenity\3bd56f473e8aee12c57ef9d5f0ee08c1e3a37c7dd2809462a6810de04ad62c5e.png
18:52:54.380 [main] DEBUG net.thucydides.core.steps.StepInterceptor - STEP DONE: validateErrorMessageDisplayed
  &amp#27;[32mThen &amp#27;[0m&amp#27;[32mI can see error message&amp#27;[0m                                        &amp#27;[90m# starter.stepdefinitions.RegisterSteps.iCanSeeErrorMessage()&amp#27;[0m
18:52:54.380 [Darkroom Processing Line] DEBUG net.serenitybdd.core.photography.DarkroomProcessingLine - Processing screenshot image in /var/screenshots/screenshot-857548763041496855
18:52:54.380 [Darkroom Processing Line] DEBUG net.serenitybdd.core.photography.DarkroomProcessingLine - Saving screenshot to target\site\serenity\3bd56f473e8aee12c57ef9d5f0ee08c1e3a37c7dd2809462a6810de04ad62c5e.png
18:52:54.387 [main] INFO  - 
  _____   ___   ___   _____     ___     _     ___   ___   ___   ___  
 |_   _| | __| / __| |_   _|   | _ \   /_\   / __| / __| | __| |   \ 
   | |   | _|  \__ \   | |     |  _/  / _ \  \__ \ \__ \ | _|  | |) |
   |_|   |___| |___/   |_|     |_|   /_/ \_\ |___/ |___/ |___| |___/ 

As a user I register with the data that has been registered
----------------------------------------------------------------------
18:52:54.389 [AsyncHttpClient-1-8] DEBUG org.asynchttpclient.netty.handler.WebSocketHandler - Channel Closed: [id: 0x508db138, L:/127.0.0.1:59102 ! R:localhost/127.0.0.1:59096] with attribute NettyResponseFuture{currentRetry=0,
	isDone=1,
	isCancelled=0,
	asyncHandler=org.asynchttpclient.ws.WebSocketUpgradeHandler@17ea23cd,
	nettyRequest=org.asynchttpclient.netty.request.NettyRequest@6a0cf1dd,
	future=java.util.concurrent.CompletableFuture@5cc8f40e[Completed normally],
	uri=ws://localhost:59096/devtools/browser/dc19fb91-880e-4973-a808-9b56e5a8b254,
	keepAlive=true,
	redirectCount=0,
	timeoutsHolder=null,
	inAuth=0,
	touch=1683546768553}
18:52:54.389 [Driver Command Executor] DEBUG org.asynchttpclient.netty.request.NettyRequestSender - Using pooled Channel '[id: 0x408865ae, L:/127.0.0.1:59095 - R:localhost/127.0.0.1:16603]' for 'DELETE' to 'http://localhost:16603/session/9ac8d9c874f06f404d6373b39d83d7ae'
18:52:54.389 [Driver Command Executor] DEBUG org.asynchttpclient.netty.request.NettyRequestSender - Using open Channel [id: 0x408865ae, L:/127.0.0.1:59095 - R:localhost/127.0.0.1:16603] for DELETE '/session/9ac8d9c874f06f404d6373b39d83d7ae'
18:52:54.389 [AsyncHttpClient-1-8] DEBUG org.asynchttpclient.netty.channel.ChannelManager - Closing Channel [id: 0x508db138, L:/127.0.0.1:59102 ! R:localhost/127.0.0.1:59096] 
18:52:54.663 [AsyncHttpClient-1-1] DEBUG org.asynchttpclient.netty.channel.DefaultChannelPool - Entry count for : http://localhost:59096 : 1
18:52:54.665 [AsyncHttpClient-1-7] DEBUG org.asynchttpclient.netty.handler.HttpHandler - Unexpected I/O exception on channel [id: 0xefb8d3db, L:/127.0.0.1:59101 - R:localhost/127.0.0.1:59096]
java.net.SocketException: Connection reset
	at java.base/sun.nio.ch.SocketChannelImpl.throwConnectionReset(SocketChannelImpl.java:394)
	at java.base/sun.nio.ch.SocketChannelImpl.read(SocketChannelImpl.java:426)
	at io.netty.buffer.PooledByteBuf.setBytes(PooledByteBuf.java:259)
	at io.netty.buffer.AbstractByteBuf.writeBytes(AbstractByteBuf.java:1132)
	at io.netty.channel.socket.nio.NioSocketChannel.doReadBytes(NioSocketChannel.java:357)
	at io.netty.channel.nio.AbstractNioByteChannel$NioByteUnsafe.read(AbstractNioByteChannel.java:151)
	at io.netty.channel.nio.NioEventLoop.processSelectedKey(NioEventLoop.java:788)
	at io.netty.channel.nio.NioEventLoop.processSelectedKeysOptimized(NioEventLoop.java:724)
	at io.netty.channel.nio.NioEventLoop.processSelectedKeys(NioEventLoop.java:650)
	at io.netty.channel.nio.NioEventLoop.run(NioEventLoop.java:562)
	at io.netty.util.concurrent.SingleThreadEventExecutor$4.run(SingleThreadEventExecutor.java:997)
	at io.netty.util.internal.ThreadExecutorMap$2.run(ThreadExecutorMap.java:74)
	at io.netty.util.concurrent.FastThreadLocalRunnable.run(FastThreadLocalRunnable.java:30)
	at java.base/java.lang.Thread.run(Thread.java:833)
18:52:54.665 [AsyncHttpClient-1-7] DEBUG org.asynchttpclient.netty.channel.ChannelManager - Closing Channel [id: 0xefb8d3db, L:/127.0.0.1:59101 - R:localhost/127.0.0.1:59096] 
18:52:54.665 [AsyncHttpClient-1-7] DEBUG org.asynchttpclient.netty.handler.HttpHandler - Channel Closed: [id: 0xefb8d3db, L:/127.0.0.1:59101 ! R:localhost/127.0.0.1:59096] with attribute DISCARD
18:52:54.721 [AsyncHttpClient-1-6] DEBUG org.asynchttpclient.netty.handler.HttpHandler - 

Request DefaultFullHttpRequest(decodeResult: success, version: HTTP/1.1, content: EmptyByteBufBE)
DELETE /session/9ac8d9c874f06f404d6373b39d83d7ae HTTP/1.1
User-Agent: selenium/4.8.1 (java windows)
Content-Type: application/json; charset=utf-8
host: localhost:16603
accept: */*

Response DefaultHttpResponse(decodeResult: success, version: HTTP/1.1)
HTTP/1.1 200 OK
Content-Length: 14
Content-Type: application/json; charset=utf-8
cache-control: no-cache

18:52:54.721 [AsyncHttpClient-1-6] DEBUG org.asynchttpclient.netty.channel.ChannelManager - Adding key: http://localhost:16603 for channel [id: 0x408865ae, L:/127.0.0.1:59095 - R:localhost/127.0.0.1:16603]
18:52:54.813 [AsyncHttpClient-1-6] DEBUG org.asynchttpclient.netty.handler.HttpHandler - Channel Closed: [id: 0x408865ae, L:/127.0.0.1:59095 ! R:localhost/127.0.0.1:16603] with attribute DISCARD
]]></system-out>
    <system-err><![CDATA[Starting ChromeDriver 111.0.5563.64 (c710e93d5b63b7095afe8c2c17df34408078439d-refs/branch-heads/5563@{#995}) on port 16603
Only local connections are allowed.
Please see https://chromedriver.chromium.org/security-considerations for suggestions on keeping ChromeDriver safe.
ChromeDriver was started successfully.
[1683546768.305][WARNING]: This version of ChromeDriver has not been tested with Chrome version 112.
May 08, 2023 6:52:48 PM org.openqa.selenium.devtools.CdpVersionFinder findNearestMatch
WARNING: Unable to find an exact match for CDP version 112, so returning the closest version found: 110
]]></system-err>
  </testcase>
  <testcase name="As a user I registered with incomplete data" classname="Register" time="6.731">
    <system-out><![CDATA[
Scenario: As a user I registered with incomplete data &amp#27;[90m# src/test/resources/features/register.feature:39&amp#27;[0m
18:52:54.908 [main] DEBUG io.cucumber.core.plugin.SerenityReporter - Running feature from file:///D:/alta/MiniProject/src/test/resources/features/register.feature
18:52:54.912 [main] INFO  - 
  _____   ___   ___   _____     ___   _____     _     ___   _____   ___   ___  
 |_   _| | __| / __| |_   _|   / __| |_   _|   /_\   | _ \ |_   _| | __| |   \ 
   | |   | _|  \__ \   | |     \__ \   | |    / _ \  |   /   | |   | _|  | |) |
   |_|   |___| |___/   |_|     |___/   |_|   /_/ \_\ |_|_\   |_|   |___| |___/ 

As a user I registered with incomplete data(register;as-a-user-i-registered-with-incomplete-data)
--------------------------------------------------------------------------------
18:52:54.997 [main] INFO net.serenitybdd.core.webdriver.driverproviders.ChromeDriverProvider - Starting Chrome driver instance with capabilities:
18:52:54.997 [main] INFO net.serenitybdd.core.webdriver.driverproviders.ChromeDriverProvider - Capabilities {acceptInsecureCerts: false, browserName: chrome, goog:chromeOptions: {args: [remote-allow-origins=*], extensions: []}}
18:52:55.110 [AsyncHttpClient-1-9] DEBUG org.asynchttpclient.netty.channel.NettyConnectListener - Using new Channel '[id: 0x77c931c2, L:/127.0.0.1:59125 - R:localhost/127.0.0.1:47999]' for 'POST' to '/session'
18:52:55.776 [AsyncHttpClient-1-1] DEBUG org.asynchttpclient.netty.channel.DefaultChannelPool - Entry count for : http://localhost:16603 : 1
18:52:55.776 [AsyncHttpClient-1-1] DEBUG org.asynchttpclient.netty.channel.DefaultChannelPool - Entry count for : http://localhost:59096 : 1
18:52:55.776 [AsyncHttpClient-1-1] DEBUG org.asynchttpclient.netty.channel.DefaultChannelPool - Adding Candidate expired Channel [id: 0x408865ae, L:/127.0.0.1:59095 ! R:localhost/127.0.0.1:16603] isIdleTimeoutExpired=false isRemotelyClosed=true isTtlExpired=false
18:52:55.776 [AsyncHttpClient-1-1] DEBUG org.asynchttpclient.netty.channel.DefaultChannelPool - Closing Idle Channel [id: 0x408865ae, L:/127.0.0.1:59095 ! R:localhost/127.0.0.1:16603]
18:52:55.776 [AsyncHttpClient-1-1] DEBUG org.asynchttpclient.netty.channel.DefaultChannelPool - Adding Candidate expired Channel [id: 0xefb8d3db, L:/127.0.0.1:59101 ! R:localhost/127.0.0.1:59096] isIdleTimeoutExpired=false isRemotelyClosed=true isTtlExpired=false
18:52:55.776 [AsyncHttpClient-1-1] DEBUG org.asynchttpclient.netty.channel.DefaultChannelPool - Closing Idle Channel [id: 0xefb8d3db, L:/127.0.0.1:59101 ! R:localhost/127.0.0.1:59096]
18:52:55.776 [AsyncHttpClient-1-1] DEBUG org.asynchttpclient.netty.channel.DefaultChannelPool - Closed 2 connections out of 2 in 0 ms
18:52:56.026 [AsyncHttpClient-1-9] DEBUG org.asynchttpclient.netty.handler.HttpHandler - 

Request DefaultHttpRequest(decodeResult: success, version: HTTP/1.1)
POST /session HTTP/1.1
User-Agent: selenium/4.8.1 (java windows)
Content-Length: 507
Content-Type: application/json; charset=utf-8
host: localhost:47999
accept: */*

Response DefaultHttpResponse(decodeResult: success, version: HTTP/1.1)
HTTP/1.1 200 OK
Content-Length: 862
Content-Type: application/json; charset=utf-8
cache-control: no-cache

18:52:56.026 [AsyncHttpClient-1-9] DEBUG org.asynchttpclient.netty.channel.ChannelManager - Adding key: http://localhost:47999 for channel [id: 0x77c931c2, L:/127.0.0.1:59125 - R:localhost/127.0.0.1:47999]
18:52:56.036 [AsyncHttpClient-1-10] DEBUG org.asynchttpclient.netty.channel.NettyConnectListener - Using new Channel '[id: 0xb4c9bbae, L:/127.0.0.1:59131 - R:localhost/127.0.0.1:59126]' for 'GET' to '/json/version'
18:52:56.039 [AsyncHttpClient-1-10] DEBUG org.asynchttpclient.netty.handler.HttpHandler - 

Request DefaultFullHttpRequest(decodeResult: success, version: HTTP/1.1, content: EmptyByteBufBE)
GET /json/version HTTP/1.1
User-Agent: selenium/4.8.1 (java windows)
host: localhost:59126
accept: */*

Response DefaultHttpResponse(decodeResult: success, version: HTTP/1.1)
HTTP/1.1 200 OK
Content-Security-Policy: frame-ancestors 'none'
Content-Length: 424
Content-Type: application/json; charset=UTF-8

18:52:56.039 [AsyncHttpClient-1-10] DEBUG org.asynchttpclient.netty.channel.ChannelManager - Adding key: http://localhost:59126 for channel [id: 0xb4c9bbae, L:/127.0.0.1:59131 - R:localhost/127.0.0.1:59126]
18:52:56.044 [AsyncHttpClient-1-11] DEBUG org.asynchttpclient.netty.channel.NettyConnectListener - Using new Channel '[id: 0x91abf049, L:/127.0.0.1:59132 - R:localhost/127.0.0.1:59126]' for 'GET' to '/devtools/browser/96628ef0-c5f6-49f0-b74e-f239dcfb473f'
18:52:56.046 [AsyncHttpClient-1-11] DEBUG org.asynchttpclient.netty.handler.WebSocketHandler - 

Request DefaultFullHttpRequest(decodeResult: success, version: HTTP/1.1, content: EmptyByteBufBE)
GET /devtools/browser/96628ef0-c5f6-49f0-b74e-f239dcfb473f HTTP/1.1
upgrade: websocket
connection: upgrade
sec-websocket-key: XrphDQcfgFwOw7mrOx8HSg==
sec-websocket-version: 13
origin: http://localhost:59126
host: localhost:59126
accept: */*
user-agent: AHC/2.1

Response DefaultHttpResponse(decodeResult: success, version: HTTP/1.1)
HTTP/1.1 101 WebSocket Protocol Handshake
Upgrade: WebSocket
Connection: Upgrade
Sec-WebSocket-Accept: PO2cQksMIdy/0I0sfW8XFRn9Q2s=

18:52:56.055 [Forwarding get on session 1e0f2760005caee97c483be7608cad36 to remote] DEBUG org.asynchttpclient.netty.request.NettyRequestSender - Using pooled Channel '[id: 0x77c931c2, L:/127.0.0.1:59125 - R:localhost/127.0.0.1:47999]' for 'POST' to 'http://localhost:47999/session/1e0f2760005caee97c483be7608cad36/url'
18:52:56.055 [Forwarding get on session 1e0f2760005caee97c483be7608cad36 to remote] DEBUG org.asynchttpclient.netty.request.NettyRequestSender - Using open Channel [id: 0x77c931c2, L:/127.0.0.1:59125 - R:localhost/127.0.0.1:47999] for POST '/session/1e0f2760005caee97c483be7608cad36/url'
18:52:56.865 [AsyncHttpClient-1-1] DEBUG org.asynchttpclient.netty.channel.DefaultChannelPool - Entry count for : http://localhost:59126 : 1
18:52:57.643 [AsyncHttpClient-1-9] DEBUG org.asynchttpclient.netty.handler.HttpHandler - 

Request DefaultHttpRequest(decodeResult: success, version: HTTP/1.1)
POST /session/1e0f2760005caee97c483be7608cad36/url HTTP/1.1
User-Agent: selenium/4.8.1 (java windows)
Content-Length: 77
Content-Type: application/json; charset=utf-8
host: localhost:47999
accept: */*

Response DefaultHttpResponse(decodeResult: success, version: HTTP/1.1)
HTTP/1.1 200 OK
Content-Length: 14
Content-Type: application/json; charset=utf-8
cache-control: no-cache

18:52:57.644 [AsyncHttpClient-1-9] DEBUG org.asynchttpclient.netty.channel.ChannelManager - Adding key: http://localhost:47999 for channel [id: 0x77c931c2, L:/127.0.0.1:59125 - R:localhost/127.0.0.1:47999]
18:52:57.647 [Forwarding setTimeout on session 1e0f2760005caee97c483be7608cad36 to remote] DEBUG org.asynchttpclient.netty.request.NettyRequestSender - Using pooled Channel '[id: 0x77c931c2, L:/127.0.0.1:59125 - R:localhost/127.0.0.1:47999]' for 'POST' to 'http://localhost:47999/session/1e0f2760005caee97c483be7608cad36/timeouts'
18:52:57.647 [Forwarding setTimeout on session 1e0f2760005caee97c483be7608cad36 to remote] DEBUG org.asynchttpclient.netty.request.NettyRequestSender - Using open Channel [id: 0x77c931c2, L:/127.0.0.1:59125 - R:localhost/127.0.0.1:47999] for POST '/session/1e0f2760005caee97c483be7608cad36/timeouts'
18:52:57.648 [AsyncHttpClient-1-9] DEBUG org.asynchttpclient.netty.handler.HttpHandler - 

Request DefaultHttpRequest(decodeResult: success, version: HTTP/1.1)
POST /session/1e0f2760005caee97c483be7608cad36/timeouts HTTP/1.1
User-Agent: selenium/4.8.1 (java windows)
Content-Length: 22
Content-Type: application/json; charset=utf-8
host: localhost:47999
accept: */*

Response DefaultHttpResponse(decodeResult: success, version: HTTP/1.1)
HTTP/1.1 200 OK
Content-Length: 14
Content-Type: application/json; charset=utf-8
cache-control: no-cache

18:52:57.649 [AsyncHttpClient-1-9] DEBUG org.asynchttpclient.netty.channel.ChannelManager - Adding key: http://localhost:47999 for channel [id: 0x77c931c2, L:/127.0.0.1:59125 - R:localhost/127.0.0.1:47999]
18:52:57.658 [Forwarding getAlertText on session 1e0f2760005caee97c483be7608cad36 to remote] DEBUG org.asynchttpclient.netty.request.NettyRequestSender - Using pooled Channel '[id: 0x77c931c2, L:/127.0.0.1:59125 - R:localhost/127.0.0.1:47999]' for 'GET' to 'http://localhost:47999/session/1e0f2760005caee97c483be7608cad36/alert/text'
18:52:57.658 [Forwarding getAlertText on session 1e0f2760005caee97c483be7608cad36 to remote] DEBUG org.asynchttpclient.netty.request.NettyRequestSender - Using open Channel [id: 0x77c931c2, L:/127.0.0.1:59125 - R:localhost/127.0.0.1:47999] for GET '/session/1e0f2760005caee97c483be7608cad36/alert/text'
18:52:57.661 [AsyncHttpClient-1-9] DEBUG org.asynchttpclient.netty.handler.HttpHandler - 

Request DefaultFullHttpRequest(decodeResult: success, version: HTTP/1.1, content: EmptyByteBufBE)
GET /session/1e0f2760005caee97c483be7608cad36/alert/text HTTP/1.1
User-Agent: selenium/4.8.1 (java windows)
Cache-Control: no-cache
Content-Type: application/json; charset=utf-8
host: localhost:47999
accept: */*

Response DefaultHttpResponse(decodeResult: success, version: HTTP/1.1)
HTTP/1.1 404 Not Found
Content-Length: 809
Content-Type: application/json; charset=utf-8
cache-control: no-cache

18:52:57.661 [AsyncHttpClient-1-9] DEBUG org.asynchttpclient.netty.channel.ChannelManager - Adding key: http://localhost:47999 for channel [id: 0x77c931c2, L:/127.0.0.1:59125 - R:localhost/127.0.0.1:47999]
18:52:57.662 [Forwarding getCurrentUrl on session 1e0f2760005caee97c483be7608cad36 to remote] DEBUG org.asynchttpclient.netty.request.NettyRequestSender - Using pooled Channel '[id: 0x77c931c2, L:/127.0.0.1:59125 - R:localhost/127.0.0.1:47999]' for 'GET' to 'http://localhost:47999/session/1e0f2760005caee97c483be7608cad36/url'
18:52:57.662 [Forwarding getCurrentUrl on session 1e0f2760005caee97c483be7608cad36 to remote] DEBUG org.asynchttpclient.netty.request.NettyRequestSender - Using open Channel [id: 0x77c931c2, L:/127.0.0.1:59125 - R:localhost/127.0.0.1:47999] for GET '/session/1e0f2760005caee97c483be7608cad36/url'
18:52:57.669 [AsyncHttpClient-1-9] DEBUG org.asynchttpclient.netty.handler.HttpHandler - 

Request DefaultFullHttpRequest(decodeResult: success, version: HTTP/1.1, content: EmptyByteBufBE)
GET /session/1e0f2760005caee97c483be7608cad36/url HTTP/1.1
User-Agent: selenium/4.8.1 (java windows)
Cache-Control: no-cache
Content-Type: application/json; charset=utf-8
host: localhost:47999
accept: */*

Response DefaultHttpResponse(decodeResult: success, version: HTTP/1.1)
HTTP/1.1 200 OK
Content-Length: 54
Content-Type: application/json; charset=utf-8
cache-control: no-cache

18:52:57.669 [AsyncHttpClient-1-9] DEBUG org.asynchttpclient.netty.channel.ChannelManager - Adding key: http://localhost:47999 for channel [id: 0x77c931c2, L:/127.0.0.1:59125 - R:localhost/127.0.0.1:47999]
18:52:57.669 [Forwarding screenshot on session 1e0f2760005caee97c483be7608cad36 to remote] DEBUG org.asynchttpclient.netty.request.NettyRequestSender - Using pooled Channel '[id: 0x77c931c2, L:/127.0.0.1:59125 - R:localhost/127.0.0.1:47999]' for 'GET' to 'http://localhost:47999/session/1e0f2760005caee97c483be7608cad36/screenshot'
18:52:57.669 [Forwarding screenshot on session 1e0f2760005caee97c483be7608cad36 to remote] DEBUG org.asynchttpclient.netty.request.NettyRequestSender - Using open Channel [id: 0x77c931c2, L:/127.0.0.1:59125 - R:localhost/127.0.0.1:47999] for GET '/session/1e0f2760005caee97c483be7608cad36/screenshot'
18:52:57.814 [AsyncHttpClient-1-9] DEBUG org.asynchttpclient.netty.handler.HttpHandler - 

Request DefaultFullHttpRequest(decodeResult: success, version: HTTP/1.1, content: EmptyByteBufBE)
GET /session/1e0f2760005caee97c483be7608cad36/screenshot HTTP/1.1
User-Agent: selenium/4.8.1 (java windows)
Cache-Control: no-cache
Content-Type: application/json; charset=utf-8
host: localhost:47999
accept: */*

Response DefaultHttpResponse(decodeResult: success, version: HTTP/1.1)
HTTP/1.1 200 OK
Content-Length: 44572
Content-Type: application/json; charset=utf-8
cache-control: no-cache

18:52:57.814 [AsyncHttpClient-1-9] DEBUG org.asynchttpclient.netty.channel.ChannelManager - Adding key: http://localhost:47999 for channel [id: 0x77c931c2, L:/127.0.0.1:59125 - R:localhost/127.0.0.1:47999]
18:52:57.817 [main] DEBUG net.serenitybdd.core.photography.Darkroom - Send negative for processing for target\site\serenity\e37f44578b6747e5849e9880e2d0150af21bc7f15554e13570275ec9a9567f73.png
18:52:57.817 [Forwarding getPageSource on session 1e0f2760005caee97c483be7608cad36 to remote] DEBUG org.asynchttpclient.netty.request.NettyRequestSender - Using pooled Channel '[id: 0x77c931c2, L:/127.0.0.1:59125 - R:localhost/127.0.0.1:47999]' for 'POST' to 'http://localhost:47999/session/1e0f2760005caee97c483be7608cad36/execute/sync'
18:52:57.817 [Forwarding getPageSource on session 1e0f2760005caee97c483be7608cad36 to remote] DEBUG org.asynchttpclient.netty.request.NettyRequestSender - Using open Channel [id: 0x77c931c2, L:/127.0.0.1:59125 - R:localhost/127.0.0.1:47999] for POST '/session/1e0f2760005caee97c483be7608cad36/execute/sync'
18:52:57.824 [AsyncHttpClient-1-9] DEBUG org.asynchttpclient.netty.handler.HttpHandler - 

Request DefaultHttpRequest(decodeResult: success, version: HTTP/1.1)
POST /session/1e0f2760005caee97c483be7608cad36/execute/sync HTTP/1.1
User-Agent: selenium/4.8.1 (java windows)
Content-Length: 176
Content-Type: application/json; charset=utf-8
host: localhost:47999
accept: */*

Response DefaultHttpResponse(decodeResult: success, version: HTTP/1.1)
HTTP/1.1 200 OK
Content-Length: 22234
Content-Type: application/json; charset=utf-8
cache-control: no-cache

18:52:57.824 [AsyncHttpClient-1-9] DEBUG org.asynchttpclient.netty.channel.ChannelManager - Adding key: http://localhost:47999 for channel [id: 0x77c931c2, L:/127.0.0.1:59125 - R:localhost/127.0.0.1:47999]
18:52:57.827 [Forwarding getCurrentUrl on session 1e0f2760005caee97c483be7608cad36 to remote] DEBUG org.asynchttpclient.netty.request.NettyRequestSender - Using pooled Channel '[id: 0x77c931c2, L:/127.0.0.1:59125 - R:localhost/127.0.0.1:47999]' for 'GET' to 'http://localhost:47999/session/1e0f2760005caee97c483be7608cad36/url'
18:52:57.827 [Forwarding getCurrentUrl on session 1e0f2760005caee97c483be7608cad36 to remote] DEBUG org.asynchttpclient.netty.request.NettyRequestSender - Using open Channel [id: 0x77c931c2, L:/127.0.0.1:59125 - R:localhost/127.0.0.1:47999] for GET '/session/1e0f2760005caee97c483be7608cad36/url'
18:52:57.830 [AsyncHttpClient-1-9] DEBUG org.asynchttpclient.netty.handler.HttpHandler - 

Request DefaultFullHttpRequest(decodeResult: success, version: HTTP/1.1, content: EmptyByteBufBE)
GET /session/1e0f2760005caee97c483be7608cad36/url HTTP/1.1
User-Agent: selenium/4.8.1 (java windows)
Cache-Control: no-cache
Content-Type: application/json; charset=utf-8
host: localhost:47999
accept: */*

Response DefaultHttpResponse(decodeResult: success, version: HTTP/1.1)
HTTP/1.1 200 OK
Content-Length: 54
Content-Type: application/json; charset=utf-8
cache-control: no-cache

18:52:57.830 [AsyncHttpClient-1-9] DEBUG org.asynchttpclient.netty.channel.ChannelManager - Adding key: http://localhost:47999 for channel [id: 0x77c931c2, L:/127.0.0.1:59125 - R:localhost/127.0.0.1:47999]
18:52:57.832 [main] DEBUG net.thucydides.core.steps.StepInterceptor - STARTING STEP: RegisterSteps.onRegisterPage - validateOnRegisterPage
18:52:57.834 [Forwarding findElement on session 1e0f2760005caee97c483be7608cad36 to remote] DEBUG org.asynchttpclient.netty.request.NettyRequestSender - Using pooled Channel '[id: 0x77c931c2, L:/127.0.0.1:59125 - R:localhost/127.0.0.1:47999]' for 'POST' to 'http://localhost:47999/session/1e0f2760005caee97c483be7608cad36/element'
18:52:57.834 [Forwarding findElement on session 1e0f2760005caee97c483be7608cad36 to remote] DEBUG org.asynchttpclient.netty.request.NettyRequestSender - Using open Channel [id: 0x77c931c2, L:/127.0.0.1:59125 - R:localhost/127.0.0.1:47999] for POST '/session/1e0f2760005caee97c483be7608cad36/element'
18:52:57.845 [AsyncHttpClient-1-9] DEBUG org.asynchttpclient.netty.handler.HttpHandler - 

Request DefaultHttpRequest(decodeResult: success, version: HTTP/1.1)
POST /session/1e0f2760005caee97c483be7608cad36/element HTTP/1.1
User-Agent: selenium/4.8.1 (java windows)
Content-Length: 142
Content-Type: application/json; charset=utf-8
host: localhost:47999
accept: */*

Response DefaultHttpResponse(decodeResult: success, version: HTTP/1.1)
HTTP/1.1 200 OK
Content-Length: 88
Content-Type: application/json; charset=utf-8
cache-control: no-cache

18:52:57.845 [AsyncHttpClient-1-9] DEBUG org.asynchttpclient.netty.channel.ChannelManager - Adding key: http://localhost:47999 for channel [id: 0x77c931c2, L:/127.0.0.1:59125 - R:localhost/127.0.0.1:47999]
18:52:57.849 [Forwarding isElementDisplayed on session 1e0f2760005caee97c483be7608cad36 to remote] DEBUG org.asynchttpclient.netty.request.NettyRequestSender - Using pooled Channel '[id: 0x77c931c2, L:/127.0.0.1:59125 - R:localhost/127.0.0.1:47999]' for 'POST' to 'http://localhost:47999/session/1e0f2760005caee97c483be7608cad36/execute/sync'
18:52:57.851 [Forwarding isElementDisplayed on session 1e0f2760005caee97c483be7608cad36 to remote] DEBUG org.asynchttpclient.netty.request.NettyRequestSender - Using open Channel [id: 0x77c931c2, L:/127.0.0.1:59125 - R:localhost/127.0.0.1:47999] for POST '/session/1e0f2760005caee97c483be7608cad36/execute/sync'
18:52:57.861 [AsyncHttpClient-1-9] DEBUG org.asynchttpclient.netty.handler.HttpHandler - 

Request DefaultHttpRequest(decodeResult: success, version: HTTP/1.1)
POST /session/1e0f2760005caee97c483be7608cad36/execute/sync HTTP/1.1
User-Agent: selenium/4.8.1 (java windows)
Content-Length: 48807
Content-Type: application/json; charset=utf-8
host: localhost:47999
accept: */*

Response DefaultHttpResponse(decodeResult: success, version: HTTP/1.1)
HTTP/1.1 200 OK
Content-Length: 14
Content-Type: application/json; charset=utf-8
cache-control: no-cache

18:52:57.862 [AsyncHttpClient-1-9] DEBUG org.asynchttpclient.netty.channel.ChannelManager - Adding key: http://localhost:47999 for channel [id: 0x77c931c2, L:/127.0.0.1:59125 - R:localhost/127.0.0.1:47999]
18:52:57.864 [main] DEBUG net.thucydides.core.steps.StepInterceptor - STEP DONE: validateOnRegisterPage
  &amp#27;[32mGiven &amp#27;[0m&amp#27;[32mme on the register page&amp#27;[0m                       &amp#27;[90m# starter.stepdefinitions.RegisterSteps.onRegisterPage()&amp#27;[0m
18:52:57.868 [Forwarding getAlertText on session 1e0f2760005caee97c483be7608cad36 to remote] DEBUG org.asynchttpclient.netty.request.NettyRequestSender - Using pooled Channel '[id: 0x77c931c2, L:/127.0.0.1:59125 - R:localhost/127.0.0.1:47999]' for 'GET' to 'http://localhost:47999/session/1e0f2760005caee97c483be7608cad36/alert/text'
18:52:57.868 [Forwarding getAlertText on session 1e0f2760005caee97c483be7608cad36 to remote] DEBUG org.asynchttpclient.netty.request.NettyRequestSender - Using open Channel [id: 0x77c931c2, L:/127.0.0.1:59125 - R:localhost/127.0.0.1:47999] for GET '/session/1e0f2760005caee97c483be7608cad36/alert/text'
18:52:57.871 [AsyncHttpClient-1-9] DEBUG org.asynchttpclient.netty.handler.HttpHandler - 

Request DefaultFullHttpRequest(decodeResult: success, version: HTTP/1.1, content: EmptyByteBufBE)
GET /session/1e0f2760005caee97c483be7608cad36/alert/text HTTP/1.1
User-Agent: selenium/4.8.1 (java windows)
Cache-Control: no-cache
Content-Type: application/json; charset=utf-8
host: localhost:47999
accept: */*

Response DefaultHttpResponse(decodeResult: success, version: HTTP/1.1)
HTTP/1.1 404 Not Found
Content-Length: 809
Content-Type: application/json; charset=utf-8
cache-control: no-cache

18:52:57.871 [AsyncHttpClient-1-9] DEBUG org.asynchttpclient.netty.channel.ChannelManager - Adding key: http://localhost:47999 for channel [id: 0x77c931c2, L:/127.0.0.1:59125 - R:localhost/127.0.0.1:47999]
18:52:57.872 [Forwarding getCurrentUrl on session 1e0f2760005caee97c483be7608cad36 to remote] DEBUG org.asynchttpclient.netty.request.NettyRequestSender - Using pooled Channel '[id: 0x77c931c2, L:/127.0.0.1:59125 - R:localhost/127.0.0.1:47999]' for 'GET' to 'http://localhost:47999/session/1e0f2760005caee97c483be7608cad36/url'
18:52:57.872 [Forwarding getCurrentUrl on session 1e0f2760005caee97c483be7608cad36 to remote] DEBUG org.asynchttpclient.netty.request.NettyRequestSender - Using open Channel [id: 0x77c931c2, L:/127.0.0.1:59125 - R:localhost/127.0.0.1:47999] for GET '/session/1e0f2760005caee97c483be7608cad36/url'
18:52:57.877 [AsyncHttpClient-1-9] DEBUG org.asynchttpclient.netty.handler.HttpHandler - 

Request DefaultFullHttpRequest(decodeResult: success, version: HTTP/1.1, content: EmptyByteBufBE)
GET /session/1e0f2760005caee97c483be7608cad36/url HTTP/1.1
User-Agent: selenium/4.8.1 (java windows)
Cache-Control: no-cache
Content-Type: application/json; charset=utf-8
host: localhost:47999
accept: */*

Response DefaultHttpResponse(decodeResult: success, version: HTTP/1.1)
HTTP/1.1 200 OK
Content-Length: 54
Content-Type: application/json; charset=utf-8
cache-control: no-cache

18:52:57.877 [AsyncHttpClient-1-9] DEBUG org.asynchttpclient.netty.channel.ChannelManager - Adding key: http://localhost:47999 for channel [id: 0x77c931c2, L:/127.0.0.1:59125 - R:localhost/127.0.0.1:47999]
18:52:57.877 [Forwarding screenshot on session 1e0f2760005caee97c483be7608cad36 to remote] DEBUG org.asynchttpclient.netty.request.NettyRequestSender - Using pooled Channel '[id: 0x77c931c2, L:/127.0.0.1:59125 - R:localhost/127.0.0.1:47999]' for 'GET' to 'http://localhost:47999/session/1e0f2760005caee97c483be7608cad36/screenshot'
18:52:57.877 [Forwarding screenshot on session 1e0f2760005caee97c483be7608cad36 to remote] DEBUG org.asynchttpclient.netty.request.NettyRequestSender - Using open Channel [id: 0x77c931c2, L:/127.0.0.1:59125 - R:localhost/127.0.0.1:47999] for GET '/session/1e0f2760005caee97c483be7608cad36/screenshot'
18:52:57.962 [AsyncHttpClient-1-1] DEBUG org.asynchttpclient.netty.channel.DefaultChannelPool - Entry count for : http://localhost:59126 : 1
18:52:57.999 [AsyncHttpClient-1-9] DEBUG org.asynchttpclient.netty.handler.HttpHandler - 

Request DefaultFullHttpRequest(decodeResult: success, version: HTTP/1.1, content: EmptyByteBufBE)
GET /session/1e0f2760005caee97c483be7608cad36/screenshot HTTP/1.1
User-Agent: selenium/4.8.1 (java windows)
Cache-Control: no-cache
Content-Type: application/json; charset=utf-8
host: localhost:47999
accept: */*

Response DefaultHttpResponse(decodeResult: success, version: HTTP/1.1)
HTTP/1.1 200 OK
Content-Length: 44572
Content-Type: application/json; charset=utf-8
cache-control: no-cache

18:52:58.000 [AsyncHttpClient-1-9] DEBUG org.asynchttpclient.netty.channel.ChannelManager - Adding key: http://localhost:47999 for channel [id: 0x77c931c2, L:/127.0.0.1:59125 - R:localhost/127.0.0.1:47999]
18:52:58.002 [main] DEBUG net.serenitybdd.core.photography.Darkroom - Send negative for processing for target\site\serenity\e37f44578b6747e5849e9880e2d0150af21bc7f15554e13570275ec9a9567f73.png
18:52:58.007 [Forwarding getPageSource on session 1e0f2760005caee97c483be7608cad36 to remote] DEBUG org.asynchttpclient.netty.request.NettyRequestSender - Using pooled Channel '[id: 0x77c931c2, L:/127.0.0.1:59125 - R:localhost/127.0.0.1:47999]' for 'POST' to 'http://localhost:47999/session/1e0f2760005caee97c483be7608cad36/execute/sync'
18:52:58.007 [Forwarding getPageSource on session 1e0f2760005caee97c483be7608cad36 to remote] DEBUG org.asynchttpclient.netty.request.NettyRequestSender - Using open Channel [id: 0x77c931c2, L:/127.0.0.1:59125 - R:localhost/127.0.0.1:47999] for POST '/session/1e0f2760005caee97c483be7608cad36/execute/sync'
18:52:58.013 [AsyncHttpClient-1-9] DEBUG org.asynchttpclient.netty.handler.HttpHandler - 

Request DefaultHttpRequest(decodeResult: success, version: HTTP/1.1)
POST /session/1e0f2760005caee97c483be7608cad36/execute/sync HTTP/1.1
User-Agent: selenium/4.8.1 (java windows)
Content-Length: 176
Content-Type: application/json; charset=utf-8
host: localhost:47999
accept: */*

Response DefaultHttpResponse(decodeResult: success, version: HTTP/1.1)
HTTP/1.1 200 OK
Content-Length: 22234
Content-Type: application/json; charset=utf-8
cache-control: no-cache

18:52:58.014 [AsyncHttpClient-1-9] DEBUG org.asynchttpclient.netty.channel.ChannelManager - Adding key: http://localhost:47999 for channel [id: 0x77c931c2, L:/127.0.0.1:59125 - R:localhost/127.0.0.1:47999]
18:52:58.016 [Forwarding getCurrentUrl on session 1e0f2760005caee97c483be7608cad36 to remote] DEBUG org.asynchttpclient.netty.request.NettyRequestSender - Using pooled Channel '[id: 0x77c931c2, L:/127.0.0.1:59125 - R:localhost/127.0.0.1:47999]' for 'GET' to 'http://localhost:47999/session/1e0f2760005caee97c483be7608cad36/url'
18:52:58.016 [Forwarding getCurrentUrl on session 1e0f2760005caee97c483be7608cad36 to remote] DEBUG org.asynchttpclient.netty.request.NettyRequestSender - Using open Channel [id: 0x77c931c2, L:/127.0.0.1:59125 - R:localhost/127.0.0.1:47999] for GET '/session/1e0f2760005caee97c483be7608cad36/url'
18:52:58.021 [AsyncHttpClient-1-9] DEBUG org.asynchttpclient.netty.handler.HttpHandler - 

Request DefaultFullHttpRequest(decodeResult: success, version: HTTP/1.1, content: EmptyByteBufBE)
GET /session/1e0f2760005caee97c483be7608cad36/url HTTP/1.1
User-Agent: selenium/4.8.1 (java windows)
Cache-Control: no-cache
Content-Type: application/json; charset=utf-8
host: localhost:47999
accept: */*

Response DefaultHttpResponse(decodeResult: success, version: HTTP/1.1)
HTTP/1.1 200 OK
Content-Length: 54
Content-Type: application/json; charset=utf-8
cache-control: no-cache

18:52:58.021 [AsyncHttpClient-1-9] DEBUG org.asynchttpclient.netty.channel.ChannelManager - Adding key: http://localhost:47999 for channel [id: 0x77c931c2, L:/127.0.0.1:59125 - R:localhost/127.0.0.1:47999]
18:52:58.030 [Forwarding getPageSource on session 1e0f2760005caee97c483be7608cad36 to remote] DEBUG org.asynchttpclient.netty.request.NettyRequestSender - Using pooled Channel '[id: 0x77c931c2, L:/127.0.0.1:59125 - R:localhost/127.0.0.1:47999]' for 'POST' to 'http://localhost:47999/session/1e0f2760005caee97c483be7608cad36/execute/sync'
18:52:58.030 [Forwarding getPageSource on session 1e0f2760005caee97c483be7608cad36 to remote] DEBUG org.asynchttpclient.netty.request.NettyRequestSender - Using open Channel [id: 0x77c931c2, L:/127.0.0.1:59125 - R:localhost/127.0.0.1:47999] for POST '/session/1e0f2760005caee97c483be7608cad36/execute/sync'
18:52:58.037 [AsyncHttpClient-1-9] DEBUG org.asynchttpclient.netty.handler.HttpHandler - 

Request DefaultHttpRequest(decodeResult: success, version: HTTP/1.1)
POST /session/1e0f2760005caee97c483be7608cad36/execute/sync HTTP/1.1
User-Agent: selenium/4.8.1 (java windows)
Content-Length: 176
Content-Type: application/json; charset=utf-8
host: localhost:47999
accept: */*

Response DefaultHttpResponse(decodeResult: success, version: HTTP/1.1)
HTTP/1.1 200 OK
Content-Length: 22234
Content-Type: application/json; charset=utf-8
cache-control: no-cache

18:52:58.038 [AsyncHttpClient-1-9] DEBUG org.asynchttpclient.netty.channel.ChannelManager - Adding key: http://localhost:47999 for channel [id: 0x77c931c2, L:/127.0.0.1:59125 - R:localhost/127.0.0.1:47999]
18:52:58.041 [Forwarding getCurrentUrl on session 1e0f2760005caee97c483be7608cad36 to remote] DEBUG org.asynchttpclient.netty.request.NettyRequestSender - Using pooled Channel '[id: 0x77c931c2, L:/127.0.0.1:59125 - R:localhost/127.0.0.1:47999]' for 'GET' to 'http://localhost:47999/session/1e0f2760005caee97c483be7608cad36/url'
18:52:58.041 [Forwarding getCurrentUrl on session 1e0f2760005caee97c483be7608cad36 to remote] DEBUG org.asynchttpclient.netty.request.NettyRequestSender - Using open Channel [id: 0x77c931c2, L:/127.0.0.1:59125 - R:localhost/127.0.0.1:47999] for GET '/session/1e0f2760005caee97c483be7608cad36/url'
18:52:58.046 [AsyncHttpClient-1-9] DEBUG org.asynchttpclient.netty.handler.HttpHandler - 

Request DefaultFullHttpRequest(decodeResult: success, version: HTTP/1.1, content: EmptyByteBufBE)
GET /session/1e0f2760005caee97c483be7608cad36/url HTTP/1.1
User-Agent: selenium/4.8.1 (java windows)
Cache-Control: no-cache
Content-Type: application/json; charset=utf-8
host: localhost:47999
accept: */*

Response DefaultHttpResponse(decodeResult: success, version: HTTP/1.1)
HTTP/1.1 200 OK
Content-Length: 54
Content-Type: application/json; charset=utf-8
cache-control: no-cache

18:52:58.046 [AsyncHttpClient-1-9] DEBUG org.asynchttpclient.netty.channel.ChannelManager - Adding key: http://localhost:47999 for channel [id: 0x77c931c2, L:/127.0.0.1:59125 - R:localhost/127.0.0.1:47999]
18:52:58.049 [main] DEBUG net.thucydides.core.steps.StepInterceptor - STARTING STEP: RegisterSteps.enterFullname - inputFullName
18:52:58.052 [Forwarding findElement on session 1e0f2760005caee97c483be7608cad36 to remote] DEBUG org.asynchttpclient.netty.request.NettyRequestSender - Using pooled Channel '[id: 0x77c931c2, L:/127.0.0.1:59125 - R:localhost/127.0.0.1:47999]' for 'POST' to 'http://localhost:47999/session/1e0f2760005caee97c483be7608cad36/element'
18:52:58.052 [Forwarding findElement on session 1e0f2760005caee97c483be7608cad36 to remote] DEBUG org.asynchttpclient.netty.request.NettyRequestSender - Using open Channel [id: 0x77c931c2, L:/127.0.0.1:59125 - R:localhost/127.0.0.1:47999] for POST '/session/1e0f2760005caee97c483be7608cad36/element'
18:52:58.069 [AsyncHttpClient-1-9] DEBUG org.asynchttpclient.netty.handler.HttpHandler - 

Request DefaultHttpRequest(decodeResult: success, version: HTTP/1.1)
POST /session/1e0f2760005caee97c483be7608cad36/element HTTP/1.1
User-Agent: selenium/4.8.1 (java windows)
Content-Length: 71
Content-Type: application/json; charset=utf-8
host: localhost:47999
accept: */*

Response DefaultHttpResponse(decodeResult: success, version: HTTP/1.1)
HTTP/1.1 200 OK
Content-Length: 88
Content-Type: application/json; charset=utf-8
cache-control: no-cache

18:52:58.070 [AsyncHttpClient-1-9] DEBUG org.asynchttpclient.netty.channel.ChannelManager - Adding key: http://localhost:47999 for channel [id: 0x77c931c2, L:/127.0.0.1:59125 - R:localhost/127.0.0.1:47999]
18:52:58.071 [Forwarding clearElement on session 1e0f2760005caee97c483be7608cad36 to remote] DEBUG org.asynchttpclient.netty.request.NettyRequestSender - Using pooled Channel '[id: 0x77c931c2, L:/127.0.0.1:59125 - R:localhost/127.0.0.1:47999]' for 'POST' to 'http://localhost:47999/session/1e0f2760005caee97c483be7608cad36/element/ffc86949-1655-4ff0-8d12-9496b1c9873e/clear'
18:52:58.071 [Forwarding clearElement on session 1e0f2760005caee97c483be7608cad36 to remote] DEBUG org.asynchttpclient.netty.request.NettyRequestSender - Using open Channel [id: 0x77c931c2, L:/127.0.0.1:59125 - R:localhost/127.0.0.1:47999] for POST '/session/1e0f2760005caee97c483be7608cad36/element/ffc86949-1655-4ff0-8d12-9496b1c9873e/clear'
18:52:58.107 [AsyncHttpClient-1-9] DEBUG org.asynchttpclient.netty.handler.HttpHandler - 

Request DefaultHttpRequest(decodeResult: success, version: HTTP/1.1)
POST /session/1e0f2760005caee97c483be7608cad36/element/ffc86949-1655-4ff0-8d12-9496b1c9873e/clear HTTP/1.1
User-Agent: selenium/4.8.1 (java windows)
Content-Length: 50
Content-Type: application/json; charset=utf-8
host: localhost:47999
accept: */*

Response DefaultHttpResponse(decodeResult: success, version: HTTP/1.1)
HTTP/1.1 200 OK
Content-Length: 14
Content-Type: application/json; charset=utf-8
cache-control: no-cache

18:52:58.107 [AsyncHttpClient-1-9] DEBUG org.asynchttpclient.netty.channel.ChannelManager - Adding key: http://localhost:47999 for channel [id: 0x77c931c2, L:/127.0.0.1:59125 - R:localhost/127.0.0.1:47999]
18:52:58.109 [Forwarding sendKeysToElement on session 1e0f2760005caee97c483be7608cad36 to remote] DEBUG org.asynchttpclient.netty.request.NettyRequestSender - Using pooled Channel '[id: 0x77c931c2, L:/127.0.0.1:59125 - R:localhost/127.0.0.1:47999]' for 'POST' to 'http://localhost:47999/session/1e0f2760005caee97c483be7608cad36/element/ffc86949-1655-4ff0-8d12-9496b1c9873e/value'
18:52:58.109 [Forwarding sendKeysToElement on session 1e0f2760005caee97c483be7608cad36 to remote] DEBUG org.asynchttpclient.netty.request.NettyRequestSender - Using open Channel [id: 0x77c931c2, L:/127.0.0.1:59125 - R:localhost/127.0.0.1:47999] for POST '/session/1e0f2760005caee97c483be7608cad36/element/ffc86949-1655-4ff0-8d12-9496b1c9873e/value'
18:52:58.156 [AsyncHttpClient-1-9] DEBUG org.asynchttpclient.netty.handler.HttpHandler - 

Request DefaultHttpRequest(decodeResult: success, version: HTTP/1.1)
POST /session/1e0f2760005caee97c483be7608cad36/element/ffc86949-1655-4ff0-8d12-9496b1c9873e/value HTTP/1.1
User-Agent: selenium/4.8.1 (java windows)
Content-Length: 82
Content-Type: application/json; charset=utf-8
host: localhost:47999
accept: */*

Response DefaultHttpResponse(decodeResult: success, version: HTTP/1.1)
HTTP/1.1 200 OK
Content-Length: 14
Content-Type: application/json; charset=utf-8
cache-control: no-cache

18:52:58.156 [AsyncHttpClient-1-9] DEBUG org.asynchttpclient.netty.channel.ChannelManager - Adding key: http://localhost:47999 for channel [id: 0x77c931c2, L:/127.0.0.1:59125 - R:localhost/127.0.0.1:47999]
18:52:58.166 [Forwarding getAlertText on session 1e0f2760005caee97c483be7608cad36 to remote] DEBUG org.asynchttpclient.netty.request.NettyRequestSender - Using pooled Channel '[id: 0x77c931c2, L:/127.0.0.1:59125 - R:localhost/127.0.0.1:47999]' for 'GET' to 'http://localhost:47999/session/1e0f2760005caee97c483be7608cad36/alert/text'
18:52:58.166 [Forwarding getAlertText on session 1e0f2760005caee97c483be7608cad36 to remote] DEBUG org.asynchttpclient.netty.request.NettyRequestSender - Using open Channel [id: 0x77c931c2, L:/127.0.0.1:59125 - R:localhost/127.0.0.1:47999] for GET '/session/1e0f2760005caee97c483be7608cad36/alert/text'
18:52:58.167 [AsyncHttpClient-1-9] DEBUG org.asynchttpclient.netty.handler.HttpHandler - 

Request DefaultFullHttpRequest(decodeResult: success, version: HTTP/1.1, content: EmptyByteBufBE)
GET /session/1e0f2760005caee97c483be7608cad36/alert/text HTTP/1.1
User-Agent: selenium/4.8.1 (java windows)
Cache-Control: no-cache
Content-Type: application/json; charset=utf-8
host: localhost:47999
accept: */*

Response DefaultHttpResponse(decodeResult: success, version: HTTP/1.1)
HTTP/1.1 404 Not Found
Content-Length: 809
Content-Type: application/json; charset=utf-8
cache-control: no-cache

18:52:58.168 [AsyncHttpClient-1-9] DEBUG org.asynchttpclient.netty.channel.ChannelManager - Adding key: http://localhost:47999 for channel [id: 0x77c931c2, L:/127.0.0.1:59125 - R:localhost/127.0.0.1:47999]
18:52:58.169 [Forwarding getCurrentUrl on session 1e0f2760005caee97c483be7608cad36 to remote] DEBUG org.asynchttpclient.netty.request.NettyRequestSender - Using pooled Channel '[id: 0x77c931c2, L:/127.0.0.1:59125 - R:localhost/127.0.0.1:47999]' for 'GET' to 'http://localhost:47999/session/1e0f2760005caee97c483be7608cad36/url'
18:52:58.169 [Forwarding getCurrentUrl on session 1e0f2760005caee97c483be7608cad36 to remote] DEBUG org.asynchttpclient.netty.request.NettyRequestSender - Using open Channel [id: 0x77c931c2, L:/127.0.0.1:59125 - R:localhost/127.0.0.1:47999] for GET '/session/1e0f2760005caee97c483be7608cad36/url'
18:52:58.176 [AsyncHttpClient-1-9] DEBUG org.asynchttpclient.netty.handler.HttpHandler - 

Request DefaultFullHttpRequest(decodeResult: success, version: HTTP/1.1, content: EmptyByteBufBE)
GET /session/1e0f2760005caee97c483be7608cad36/url HTTP/1.1
User-Agent: selenium/4.8.1 (java windows)
Cache-Control: no-cache
Content-Type: application/json; charset=utf-8
host: localhost:47999
accept: */*

Response DefaultHttpResponse(decodeResult: success, version: HTTP/1.1)
HTTP/1.1 200 OK
Content-Length: 54
Content-Type: application/json; charset=utf-8
cache-control: no-cache

18:52:58.176 [AsyncHttpClient-1-9] DEBUG org.asynchttpclient.netty.channel.ChannelManager - Adding key: http://localhost:47999 for channel [id: 0x77c931c2, L:/127.0.0.1:59125 - R:localhost/127.0.0.1:47999]
18:52:58.177 [Forwarding screenshot on session 1e0f2760005caee97c483be7608cad36 to remote] DEBUG org.asynchttpclient.netty.request.NettyRequestSender - Using pooled Channel '[id: 0x77c931c2, L:/127.0.0.1:59125 - R:localhost/127.0.0.1:47999]' for 'GET' to 'http://localhost:47999/session/1e0f2760005caee97c483be7608cad36/screenshot'
18:52:58.178 [Forwarding screenshot on session 1e0f2760005caee97c483be7608cad36 to remote] DEBUG org.asynchttpclient.netty.request.NettyRequestSender - Using open Channel [id: 0x77c931c2, L:/127.0.0.1:59125 - R:localhost/127.0.0.1:47999] for GET '/session/1e0f2760005caee97c483be7608cad36/screenshot'
18:52:58.391 [AsyncHttpClient-1-9] DEBUG org.asynchttpclient.netty.handler.HttpHandler - 

Request DefaultFullHttpRequest(decodeResult: success, version: HTTP/1.1, content: EmptyByteBufBE)
GET /session/1e0f2760005caee97c483be7608cad36/screenshot HTTP/1.1
User-Agent: selenium/4.8.1 (java windows)
Cache-Control: no-cache
Content-Type: application/json; charset=utf-8
host: localhost:47999
accept: */*

Response DefaultHttpResponse(decodeResult: success, version: HTTP/1.1)
HTTP/1.1 200 OK
Content-Length: 44448
Content-Type: application/json; charset=utf-8
cache-control: no-cache

18:52:58.391 [AsyncHttpClient-1-9] DEBUG org.asynchttpclient.netty.channel.ChannelManager - Adding key: http://localhost:47999 for channel [id: 0x77c931c2, L:/127.0.0.1:59125 - R:localhost/127.0.0.1:47999]
18:52:58.393 [main] DEBUG net.serenitybdd.core.photography.Darkroom - Send negative for processing for target\site\serenity\642056a45a16f7fade1822ad1f9c1eabc6f1f23dc52c31da3d4b2ed910b14efc.png
18:52:58.393 [main] DEBUG net.thucydides.core.steps.StepInterceptor - STEP DONE: inputFullName
  &amp#27;[32mWhen &amp#27;[0m&amp#27;[32mI enter a full name &amp#27;[0m&amp#27;[32m&amp#27;[1m""&amp#27;[0m                         &amp#27;[90m# starter.stepdefinitions.RegisterSteps.enterFullname(java.lang.String)&amp#27;[0m
18:52:58.394 [Darkroom Processing Line] DEBUG net.serenitybdd.core.photography.DarkroomProcessingLine - Processing screenshot image in /var/screenshots/screenshot-1232468891744814126
18:52:58.394 [Darkroom Processing Line] DEBUG net.serenitybdd.core.photography.DarkroomProcessingLine - Saving screenshot to target\site\serenity\642056a45a16f7fade1822ad1f9c1eabc6f1f23dc52c31da3d4b2ed910b14efc.png
18:52:58.400 [Forwarding getPageSource on session 1e0f2760005caee97c483be7608cad36 to remote] DEBUG org.asynchttpclient.netty.request.NettyRequestSender - Using pooled Channel '[id: 0x77c931c2, L:/127.0.0.1:59125 - R:localhost/127.0.0.1:47999]' for 'POST' to 'http://localhost:47999/session/1e0f2760005caee97c483be7608cad36/execute/sync'
18:52:58.400 [Forwarding getPageSource on session 1e0f2760005caee97c483be7608cad36 to remote] DEBUG org.asynchttpclient.netty.request.NettyRequestSender - Using open Channel [id: 0x77c931c2, L:/127.0.0.1:59125 - R:localhost/127.0.0.1:47999] for POST '/session/1e0f2760005caee97c483be7608cad36/execute/sync'
18:52:58.408 [AsyncHttpClient-1-9] DEBUG org.asynchttpclient.netty.handler.HttpHandler - 

Request DefaultHttpRequest(decodeResult: success, version: HTTP/1.1)
POST /session/1e0f2760005caee97c483be7608cad36/execute/sync HTTP/1.1
User-Agent: selenium/4.8.1 (java windows)
Content-Length: 176
Content-Type: application/json; charset=utf-8
host: localhost:47999
accept: */*

Response DefaultHttpResponse(decodeResult: success, version: HTTP/1.1)
HTTP/1.1 200 OK
Content-Length: 22312
Content-Type: application/json; charset=utf-8
cache-control: no-cache

18:52:58.408 [AsyncHttpClient-1-9] DEBUG org.asynchttpclient.netty.channel.ChannelManager - Adding key: http://localhost:47999 for channel [id: 0x77c931c2, L:/127.0.0.1:59125 - R:localhost/127.0.0.1:47999]
18:52:58.410 [Forwarding getCurrentUrl on session 1e0f2760005caee97c483be7608cad36 to remote] DEBUG org.asynchttpclient.netty.request.NettyRequestSender - Using pooled Channel '[id: 0x77c931c2, L:/127.0.0.1:59125 - R:localhost/127.0.0.1:47999]' for 'GET' to 'http://localhost:47999/session/1e0f2760005caee97c483be7608cad36/url'
18:52:58.410 [Forwarding getCurrentUrl on session 1e0f2760005caee97c483be7608cad36 to remote] DEBUG org.asynchttpclient.netty.request.NettyRequestSender - Using open Channel [id: 0x77c931c2, L:/127.0.0.1:59125 - R:localhost/127.0.0.1:47999] for GET '/session/1e0f2760005caee97c483be7608cad36/url'
18:52:58.413 [AsyncHttpClient-1-9] DEBUG org.asynchttpclient.netty.handler.HttpHandler - 

Request DefaultFullHttpRequest(decodeResult: success, version: HTTP/1.1, content: EmptyByteBufBE)
GET /session/1e0f2760005caee97c483be7608cad36/url HTTP/1.1
User-Agent: selenium/4.8.1 (java windows)
Cache-Control: no-cache
Content-Type: application/json; charset=utf-8
host: localhost:47999
accept: */*

Response DefaultHttpResponse(decodeResult: success, version: HTTP/1.1)
HTTP/1.1 200 OK
Content-Length: 54
Content-Type: application/json; charset=utf-8
cache-control: no-cache

18:52:58.413 [AsyncHttpClient-1-9] DEBUG org.asynchttpclient.netty.channel.ChannelManager - Adding key: http://localhost:47999 for channel [id: 0x77c931c2, L:/127.0.0.1:59125 - R:localhost/127.0.0.1:47999]
18:52:58.422 [Forwarding getPageSource on session 1e0f2760005caee97c483be7608cad36 to remote] DEBUG org.asynchttpclient.netty.request.NettyRequestSender - Using pooled Channel '[id: 0x77c931c2, L:/127.0.0.1:59125 - R:localhost/127.0.0.1:47999]' for 'POST' to 'http://localhost:47999/session/1e0f2760005caee97c483be7608cad36/execute/sync'
18:52:58.422 [Forwarding getPageSource on session 1e0f2760005caee97c483be7608cad36 to remote] DEBUG org.asynchttpclient.netty.request.NettyRequestSender - Using open Channel [id: 0x77c931c2, L:/127.0.0.1:59125 - R:localhost/127.0.0.1:47999] for POST '/session/1e0f2760005caee97c483be7608cad36/execute/sync'
18:52:58.426 [AsyncHttpClient-1-9] DEBUG org.asynchttpclient.netty.handler.HttpHandler - 

Request DefaultHttpRequest(decodeResult: success, version: HTTP/1.1)
POST /session/1e0f2760005caee97c483be7608cad36/execute/sync HTTP/1.1
User-Agent: selenium/4.8.1 (java windows)
Content-Length: 176
Content-Type: application/json; charset=utf-8
host: localhost:47999
accept: */*

Response DefaultHttpResponse(decodeResult: success, version: HTTP/1.1)
HTTP/1.1 200 OK
Content-Length: 22312
Content-Type: application/json; charset=utf-8
cache-control: no-cache

18:52:58.427 [AsyncHttpClient-1-9] DEBUG org.asynchttpclient.netty.channel.ChannelManager - Adding key: http://localhost:47999 for channel [id: 0x77c931c2, L:/127.0.0.1:59125 - R:localhost/127.0.0.1:47999]
18:52:58.428 [Forwarding getCurrentUrl on session 1e0f2760005caee97c483be7608cad36 to remote] DEBUG org.asynchttpclient.netty.request.NettyRequestSender - Using pooled Channel '[id: 0x77c931c2, L:/127.0.0.1:59125 - R:localhost/127.0.0.1:47999]' for 'GET' to 'http://localhost:47999/session/1e0f2760005caee97c483be7608cad36/url'
18:52:58.428 [Forwarding getCurrentUrl on session 1e0f2760005caee97c483be7608cad36 to remote] DEBUG org.asynchttpclient.netty.request.NettyRequestSender - Using open Channel [id: 0x77c931c2, L:/127.0.0.1:59125 - R:localhost/127.0.0.1:47999] for GET '/session/1e0f2760005caee97c483be7608cad36/url'
18:52:58.432 [AsyncHttpClient-1-9] DEBUG org.asynchttpclient.netty.handler.HttpHandler - 

Request DefaultFullHttpRequest(decodeResult: success, version: HTTP/1.1, content: EmptyByteBufBE)
GET /session/1e0f2760005caee97c483be7608cad36/url HTTP/1.1
User-Agent: selenium/4.8.1 (java windows)
Cache-Control: no-cache
Content-Type: application/json; charset=utf-8
host: localhost:47999
accept: */*

Response DefaultHttpResponse(decodeResult: success, version: HTTP/1.1)
HTTP/1.1 200 OK
Content-Length: 54
Content-Type: application/json; charset=utf-8
cache-control: no-cache

18:52:58.433 [AsyncHttpClient-1-9] DEBUG org.asynchttpclient.netty.channel.ChannelManager - Adding key: http://localhost:47999 for channel [id: 0x77c931c2, L:/127.0.0.1:59125 - R:localhost/127.0.0.1:47999]
18:52:58.437 [main] DEBUG net.thucydides.core.steps.StepInterceptor - STARTING STEP: RegisterSteps.enterEmail - inputEmail
18:52:58.440 [Forwarding findElement on session 1e0f2760005caee97c483be7608cad36 to remote] DEBUG org.asynchttpclient.netty.request.NettyRequestSender - Using pooled Channel '[id: 0x77c931c2, L:/127.0.0.1:59125 - R:localhost/127.0.0.1:47999]' for 'POST' to 'http://localhost:47999/session/1e0f2760005caee97c483be7608cad36/element'
18:52:58.441 [Forwarding findElement on session 1e0f2760005caee97c483be7608cad36 to remote] DEBUG org.asynchttpclient.netty.request.NettyRequestSender - Using open Channel [id: 0x77c931c2, L:/127.0.0.1:59125 - R:localhost/127.0.0.1:47999] for POST '/session/1e0f2760005caee97c483be7608cad36/element'
18:52:58.466 [AsyncHttpClient-1-9] DEBUG org.asynchttpclient.netty.handler.HttpHandler - 

Request DefaultHttpRequest(decodeResult: success, version: HTTP/1.1)
POST /session/1e0f2760005caee97c483be7608cad36/element HTTP/1.1
User-Agent: selenium/4.8.1 (java windows)
Content-Length: 71
Content-Type: application/json; charset=utf-8
host: localhost:47999
accept: */*

Response DefaultHttpResponse(decodeResult: success, version: HTTP/1.1)
HTTP/1.1 200 OK
Content-Length: 88
Content-Type: application/json; charset=utf-8
cache-control: no-cache

18:52:58.466 [AsyncHttpClient-1-9] DEBUG org.asynchttpclient.netty.channel.ChannelManager - Adding key: http://localhost:47999 for channel [id: 0x77c931c2, L:/127.0.0.1:59125 - R:localhost/127.0.0.1:47999]
18:52:58.467 [Forwarding clearElement on session 1e0f2760005caee97c483be7608cad36 to remote] DEBUG org.asynchttpclient.netty.request.NettyRequestSender - Using pooled Channel '[id: 0x77c931c2, L:/127.0.0.1:59125 - R:localhost/127.0.0.1:47999]' for 'POST' to 'http://localhost:47999/session/1e0f2760005caee97c483be7608cad36/element/1aa9909b-c194-4c7d-b9b9-969445e1ff74/clear'
18:52:58.467 [Forwarding clearElement on session 1e0f2760005caee97c483be7608cad36 to remote] DEBUG org.asynchttpclient.netty.request.NettyRequestSender - Using open Channel [id: 0x77c931c2, L:/127.0.0.1:59125 - R:localhost/127.0.0.1:47999] for POST '/session/1e0f2760005caee97c483be7608cad36/element/1aa9909b-c194-4c7d-b9b9-969445e1ff74/clear'
18:52:58.518 [AsyncHttpClient-1-9] DEBUG org.asynchttpclient.netty.handler.HttpHandler - 

Request DefaultHttpRequest(decodeResult: success, version: HTTP/1.1)
POST /session/1e0f2760005caee97c483be7608cad36/element/1aa9909b-c194-4c7d-b9b9-969445e1ff74/clear HTTP/1.1
User-Agent: selenium/4.8.1 (java windows)
Content-Length: 50
Content-Type: application/json; charset=utf-8
host: localhost:47999
accept: */*

Response DefaultHttpResponse(decodeResult: success, version: HTTP/1.1)
HTTP/1.1 200 OK
Content-Length: 14
Content-Type: application/json; charset=utf-8
cache-control: no-cache

18:52:58.518 [AsyncHttpClient-1-9] DEBUG org.asynchttpclient.netty.channel.ChannelManager - Adding key: http://localhost:47999 for channel [id: 0x77c931c2, L:/127.0.0.1:59125 - R:localhost/127.0.0.1:47999]
18:52:58.523 [Forwarding sendKeysToElement on session 1e0f2760005caee97c483be7608cad36 to remote] DEBUG org.asynchttpclient.netty.request.NettyRequestSender - Using pooled Channel '[id: 0x77c931c2, L:/127.0.0.1:59125 - R:localhost/127.0.0.1:47999]' for 'POST' to 'http://localhost:47999/session/1e0f2760005caee97c483be7608cad36/element/1aa9909b-c194-4c7d-b9b9-969445e1ff74/value'
18:52:58.523 [Forwarding sendKeysToElement on session 1e0f2760005caee97c483be7608cad36 to remote] DEBUG org.asynchttpclient.netty.request.NettyRequestSender - Using open Channel [id: 0x77c931c2, L:/127.0.0.1:59125 - R:localhost/127.0.0.1:47999] for POST '/session/1e0f2760005caee97c483be7608cad36/element/1aa9909b-c194-4c7d-b9b9-969445e1ff74/value'
18:52:58.757 [AsyncHttpClient-1-9] DEBUG org.asynchttpclient.netty.handler.HttpHandler - 

Request DefaultHttpRequest(decodeResult: success, version: HTTP/1.1)
POST /session/1e0f2760005caee97c483be7608cad36/element/1aa9909b-c194-4c7d-b9b9-969445e1ff74/value HTTP/1.1
User-Agent: selenium/4.8.1 (java windows)
Content-Length: 271
Content-Type: application/json; charset=utf-8
host: localhost:47999
accept: */*

Response DefaultHttpResponse(decodeResult: success, version: HTTP/1.1)
HTTP/1.1 200 OK
Content-Length: 14
Content-Type: application/json; charset=utf-8
cache-control: no-cache

18:52:58.758 [AsyncHttpClient-1-9] DEBUG org.asynchttpclient.netty.channel.ChannelManager - Adding key: http://localhost:47999 for channel [id: 0x77c931c2, L:/127.0.0.1:59125 - R:localhost/127.0.0.1:47999]
18:52:58.768 [Forwarding getAlertText on session 1e0f2760005caee97c483be7608cad36 to remote] DEBUG org.asynchttpclient.netty.request.NettyRequestSender - Using pooled Channel '[id: 0x77c931c2, L:/127.0.0.1:59125 - R:localhost/127.0.0.1:47999]' for 'GET' to 'http://localhost:47999/session/1e0f2760005caee97c483be7608cad36/alert/text'
18:52:58.768 [Forwarding getAlertText on session 1e0f2760005caee97c483be7608cad36 to remote] DEBUG org.asynchttpclient.netty.request.NettyRequestSender - Using open Channel [id: 0x77c931c2, L:/127.0.0.1:59125 - R:localhost/127.0.0.1:47999] for GET '/session/1e0f2760005caee97c483be7608cad36/alert/text'
18:52:58.777 [AsyncHttpClient-1-9] DEBUG org.asynchttpclient.netty.handler.HttpHandler - 

Request DefaultFullHttpRequest(decodeResult: success, version: HTTP/1.1, content: EmptyByteBufBE)
GET /session/1e0f2760005caee97c483be7608cad36/alert/text HTTP/1.1
User-Agent: selenium/4.8.1 (java windows)
Cache-Control: no-cache
Content-Type: application/json; charset=utf-8
host: localhost:47999
accept: */*

Response DefaultHttpResponse(decodeResult: success, version: HTTP/1.1)
HTTP/1.1 404 Not Found
Content-Length: 809
Content-Type: application/json; charset=utf-8
cache-control: no-cache

18:52:58.777 [AsyncHttpClient-1-9] DEBUG org.asynchttpclient.netty.channel.ChannelManager - Adding key: http://localhost:47999 for channel [id: 0x77c931c2, L:/127.0.0.1:59125 - R:localhost/127.0.0.1:47999]
18:52:58.778 [Forwarding getCurrentUrl on session 1e0f2760005caee97c483be7608cad36 to remote] DEBUG org.asynchttpclient.netty.request.NettyRequestSender - Using pooled Channel '[id: 0x77c931c2, L:/127.0.0.1:59125 - R:localhost/127.0.0.1:47999]' for 'GET' to 'http://localhost:47999/session/1e0f2760005caee97c483be7608cad36/url'
18:52:58.778 [Forwarding getCurrentUrl on session 1e0f2760005caee97c483be7608cad36 to remote] DEBUG org.asynchttpclient.netty.request.NettyRequestSender - Using open Channel [id: 0x77c931c2, L:/127.0.0.1:59125 - R:localhost/127.0.0.1:47999] for GET '/session/1e0f2760005caee97c483be7608cad36/url'
18:52:58.783 [AsyncHttpClient-1-9] DEBUG org.asynchttpclient.netty.handler.HttpHandler - 

Request DefaultFullHttpRequest(decodeResult: success, version: HTTP/1.1, content: EmptyByteBufBE)
GET /session/1e0f2760005caee97c483be7608cad36/url HTTP/1.1
User-Agent: selenium/4.8.1 (java windows)
Cache-Control: no-cache
Content-Type: application/json; charset=utf-8
host: localhost:47999
accept: */*

Response DefaultHttpResponse(decodeResult: success, version: HTTP/1.1)
HTTP/1.1 200 OK
Content-Length: 54
Content-Type: application/json; charset=utf-8
cache-control: no-cache

18:52:58.783 [AsyncHttpClient-1-9] DEBUG org.asynchttpclient.netty.channel.ChannelManager - Adding key: http://localhost:47999 for channel [id: 0x77c931c2, L:/127.0.0.1:59125 - R:localhost/127.0.0.1:47999]
18:52:58.784 [Forwarding screenshot on session 1e0f2760005caee97c483be7608cad36 to remote] DEBUG org.asynchttpclient.netty.request.NettyRequestSender - Using pooled Channel '[id: 0x77c931c2, L:/127.0.0.1:59125 - R:localhost/127.0.0.1:47999]' for 'GET' to 'http://localhost:47999/session/1e0f2760005caee97c483be7608cad36/screenshot'
18:52:58.784 [Forwarding screenshot on session 1e0f2760005caee97c483be7608cad36 to remote] DEBUG org.asynchttpclient.netty.request.NettyRequestSender - Using open Channel [id: 0x77c931c2, L:/127.0.0.1:59125 - R:localhost/127.0.0.1:47999] for GET '/session/1e0f2760005caee97c483be7608cad36/screenshot'
18:52:59.062 [AsyncHttpClient-1-1] DEBUG org.asynchttpclient.netty.channel.DefaultChannelPool - Entry count for : http://localhost:59126 : 1
18:52:59.080 [AsyncHttpClient-1-9] DEBUG org.asynchttpclient.netty.handler.HttpHandler - 

Request DefaultFullHttpRequest(decodeResult: success, version: HTTP/1.1, content: EmptyByteBufBE)
GET /session/1e0f2760005caee97c483be7608cad36/screenshot HTTP/1.1
User-Agent: selenium/4.8.1 (java windows)
Cache-Control: no-cache
Content-Type: application/json; charset=utf-8
host: localhost:47999
accept: */*

Response DefaultHttpResponse(decodeResult: success, version: HTTP/1.1)
HTTP/1.1 200 OK
Content-Length: 52096
Content-Type: application/json; charset=utf-8
cache-control: no-cache

18:52:59.081 [AsyncHttpClient-1-9] DEBUG org.asynchttpclient.netty.channel.ChannelManager - Adding key: http://localhost:47999 for channel [id: 0x77c931c2, L:/127.0.0.1:59125 - R:localhost/127.0.0.1:47999]
18:52:59.085 [main] DEBUG net.serenitybdd.core.photography.Darkroom - Send negative for processing for target\site\serenity\7bfda025c5b6fc34b3c584ae49207b60b23b0c5730a38f5d44e48216abd8e154.png
18:52:59.085 [main] DEBUG net.thucydides.core.steps.StepInterceptor - STEP DONE: inputEmail
  &amp#27;[32mAnd &amp#27;[0m&amp#27;[32mI entered a email &amp#27;[0m&amp#27;[32m&amp#27;[1m"basmatest@gmail.com"&amp#27;[0m         &amp#27;[90m# starter.stepdefinitions.RegisterSteps.enterEmail(java.lang.String)&amp#27;[0m
18:52:59.095 [Darkroom Processing Line] DEBUG net.serenitybdd.core.photography.DarkroomProcessingLine - Processing screenshot image in /var/screenshots/screenshot-11881657542132096194
18:52:59.095 [Darkroom Processing Line] DEBUG net.serenitybdd.core.photography.DarkroomProcessingLine - Saving screenshot to target\site\serenity\7bfda025c5b6fc34b3c584ae49207b60b23b0c5730a38f5d44e48216abd8e154.png
18:52:59.107 [Forwarding getPageSource on session 1e0f2760005caee97c483be7608cad36 to remote] DEBUG org.asynchttpclient.netty.request.NettyRequestSender - Using pooled Channel '[id: 0x77c931c2, L:/127.0.0.1:59125 - R:localhost/127.0.0.1:47999]' for 'POST' to 'http://localhost:47999/session/1e0f2760005caee97c483be7608cad36/execute/sync'
18:52:59.107 [Forwarding getPageSource on session 1e0f2760005caee97c483be7608cad36 to remote] DEBUG org.asynchttpclient.netty.request.NettyRequestSender - Using open Channel [id: 0x77c931c2, L:/127.0.0.1:59125 - R:localhost/127.0.0.1:47999] for POST '/session/1e0f2760005caee97c483be7608cad36/execute/sync'
18:52:59.115 [AsyncHttpClient-1-9] DEBUG org.asynchttpclient.netty.handler.HttpHandler - 

Request DefaultHttpRequest(decodeResult: success, version: HTTP/1.1)
POST /session/1e0f2760005caee97c483be7608cad36/execute/sync HTTP/1.1
User-Agent: selenium/4.8.1 (java windows)
Content-Length: 176
Content-Type: application/json; charset=utf-8
host: localhost:47999
accept: */*

Response DefaultHttpResponse(decodeResult: success, version: HTTP/1.1)
HTTP/1.1 200 OK
Content-Length: 22355
Content-Type: application/json; charset=utf-8
cache-control: no-cache

18:52:59.115 [AsyncHttpClient-1-9] DEBUG org.asynchttpclient.netty.channel.ChannelManager - Adding key: http://localhost:47999 for channel [id: 0x77c931c2, L:/127.0.0.1:59125 - R:localhost/127.0.0.1:47999]
18:52:59.118 [Forwarding getCurrentUrl on session 1e0f2760005caee97c483be7608cad36 to remote] DEBUG org.asynchttpclient.netty.request.NettyRequestSender - Using pooled Channel '[id: 0x77c931c2, L:/127.0.0.1:59125 - R:localhost/127.0.0.1:47999]' for 'GET' to 'http://localhost:47999/session/1e0f2760005caee97c483be7608cad36/url'
18:52:59.118 [Forwarding getCurrentUrl on session 1e0f2760005caee97c483be7608cad36 to remote] DEBUG org.asynchttpclient.netty.request.NettyRequestSender - Using open Channel [id: 0x77c931c2, L:/127.0.0.1:59125 - R:localhost/127.0.0.1:47999] for GET '/session/1e0f2760005caee97c483be7608cad36/url'
18:52:59.132 [AsyncHttpClient-1-9] DEBUG org.asynchttpclient.netty.handler.HttpHandler - 

Request DefaultFullHttpRequest(decodeResult: success, version: HTTP/1.1, content: EmptyByteBufBE)
GET /session/1e0f2760005caee97c483be7608cad36/url HTTP/1.1
User-Agent: selenium/4.8.1 (java windows)
Cache-Control: no-cache
Content-Type: application/json; charset=utf-8
host: localhost:47999
accept: */*

Response DefaultHttpResponse(decodeResult: success, version: HTTP/1.1)
HTTP/1.1 200 OK
Content-Length: 54
Content-Type: application/json; charset=utf-8
cache-control: no-cache

18:52:59.132 [AsyncHttpClient-1-9] DEBUG org.asynchttpclient.netty.channel.ChannelManager - Adding key: http://localhost:47999 for channel [id: 0x77c931c2, L:/127.0.0.1:59125 - R:localhost/127.0.0.1:47999]
18:52:59.150 [Forwarding getAlertText on session 1e0f2760005caee97c483be7608cad36 to remote] DEBUG org.asynchttpclient.netty.request.NettyRequestSender - Using pooled Channel '[id: 0x77c931c2, L:/127.0.0.1:59125 - R:localhost/127.0.0.1:47999]' for 'GET' to 'http://localhost:47999/session/1e0f2760005caee97c483be7608cad36/alert/text'
18:52:59.150 [Forwarding getAlertText on session 1e0f2760005caee97c483be7608cad36 to remote] DEBUG org.asynchttpclient.netty.request.NettyRequestSender - Using open Channel [id: 0x77c931c2, L:/127.0.0.1:59125 - R:localhost/127.0.0.1:47999] for GET '/session/1e0f2760005caee97c483be7608cad36/alert/text'
18:52:59.158 [AsyncHttpClient-1-9] DEBUG org.asynchttpclient.netty.handler.HttpHandler - 

Request DefaultFullHttpRequest(decodeResult: success, version: HTTP/1.1, content: EmptyByteBufBE)
GET /session/1e0f2760005caee97c483be7608cad36/alert/text HTTP/1.1
User-Agent: selenium/4.8.1 (java windows)
Cache-Control: no-cache
Content-Type: application/json; charset=utf-8
host: localhost:47999
accept: */*

Response DefaultHttpResponse(decodeResult: success, version: HTTP/1.1)
HTTP/1.1 404 Not Found
Content-Length: 809
Content-Type: application/json; charset=utf-8
cache-control: no-cache

18:52:59.159 [AsyncHttpClient-1-9] DEBUG org.asynchttpclient.netty.channel.ChannelManager - Adding key: http://localhost:47999 for channel [id: 0x77c931c2, L:/127.0.0.1:59125 - R:localhost/127.0.0.1:47999]
18:52:59.160 [Forwarding getCurrentUrl on session 1e0f2760005caee97c483be7608cad36 to remote] DEBUG org.asynchttpclient.netty.request.NettyRequestSender - Using pooled Channel '[id: 0x77c931c2, L:/127.0.0.1:59125 - R:localhost/127.0.0.1:47999]' for 'GET' to 'http://localhost:47999/session/1e0f2760005caee97c483be7608cad36/url'
18:52:59.160 [Forwarding getCurrentUrl on session 1e0f2760005caee97c483be7608cad36 to remote] DEBUG org.asynchttpclient.netty.request.NettyRequestSender - Using open Channel [id: 0x77c931c2, L:/127.0.0.1:59125 - R:localhost/127.0.0.1:47999] for GET '/session/1e0f2760005caee97c483be7608cad36/url'
18:52:59.167 [AsyncHttpClient-1-9] DEBUG org.asynchttpclient.netty.handler.HttpHandler - 

Request DefaultFullHttpRequest(decodeResult: success, version: HTTP/1.1, content: EmptyByteBufBE)
GET /session/1e0f2760005caee97c483be7608cad36/url HTTP/1.1
User-Agent: selenium/4.8.1 (java windows)
Cache-Control: no-cache
Content-Type: application/json; charset=utf-8
host: localhost:47999
accept: */*

Response DefaultHttpResponse(decodeResult: success, version: HTTP/1.1)
HTTP/1.1 200 OK
Content-Length: 54
Content-Type: application/json; charset=utf-8
cache-control: no-cache

18:52:59.167 [AsyncHttpClient-1-9] DEBUG org.asynchttpclient.netty.channel.ChannelManager - Adding key: http://localhost:47999 for channel [id: 0x77c931c2, L:/127.0.0.1:59125 - R:localhost/127.0.0.1:47999]
18:52:59.168 [Forwarding screenshot on session 1e0f2760005caee97c483be7608cad36 to remote] DEBUG org.asynchttpclient.netty.request.NettyRequestSender - Using pooled Channel '[id: 0x77c931c2, L:/127.0.0.1:59125 - R:localhost/127.0.0.1:47999]' for 'GET' to 'http://localhost:47999/session/1e0f2760005caee97c483be7608cad36/screenshot'
18:52:59.168 [Forwarding screenshot on session 1e0f2760005caee97c483be7608cad36 to remote] DEBUG org.asynchttpclient.netty.request.NettyRequestSender - Using open Channel [id: 0x77c931c2, L:/127.0.0.1:59125 - R:localhost/127.0.0.1:47999] for GET '/session/1e0f2760005caee97c483be7608cad36/screenshot'
18:52:59.462 [AsyncHttpClient-1-9] DEBUG org.asynchttpclient.netty.handler.HttpHandler - 

Request DefaultFullHttpRequest(decodeResult: success, version: HTTP/1.1, content: EmptyByteBufBE)
GET /session/1e0f2760005caee97c483be7608cad36/screenshot HTTP/1.1
User-Agent: selenium/4.8.1 (java windows)
Cache-Control: no-cache
Content-Type: application/json; charset=utf-8
host: localhost:47999
accept: */*

Response DefaultHttpResponse(decodeResult: success, version: HTTP/1.1)
HTTP/1.1 200 OK
Content-Length: 52096
Content-Type: application/json; charset=utf-8
cache-control: no-cache

18:52:59.463 [AsyncHttpClient-1-9] DEBUG org.asynchttpclient.netty.channel.ChannelManager - Adding key: http://localhost:47999 for channel [id: 0x77c931c2, L:/127.0.0.1:59125 - R:localhost/127.0.0.1:47999]
18:52:59.465 [main] DEBUG net.serenitybdd.core.photography.Darkroom - Send negative for processing for target\site\serenity\de6e9f3777263597bddc57c91c682c8c15111070e51ece17aab55ba29ea7c0cc.png
18:52:59.466 [Darkroom Processing Line] DEBUG net.serenitybdd.core.photography.DarkroomProcessingLine - Processing screenshot image in /var/screenshots/screenshot-2971694501862530687
18:52:59.466 [Darkroom Processing Line] DEBUG net.serenitybdd.core.photography.DarkroomProcessingLine - Saving screenshot to target\site\serenity\de6e9f3777263597bddc57c91c682c8c15111070e51ece17aab55ba29ea7c0cc.png
18:52:59.467 [Forwarding getPageSource on session 1e0f2760005caee97c483be7608cad36 to remote] DEBUG org.asynchttpclient.netty.request.NettyRequestSender - Using pooled Channel '[id: 0x77c931c2, L:/127.0.0.1:59125 - R:localhost/127.0.0.1:47999]' for 'POST' to 'http://localhost:47999/session/1e0f2760005caee97c483be7608cad36/execute/sync'
18:52:59.467 [Forwarding getPageSource on session 1e0f2760005caee97c483be7608cad36 to remote] DEBUG org.asynchttpclient.netty.request.NettyRequestSender - Using open Channel [id: 0x77c931c2, L:/127.0.0.1:59125 - R:localhost/127.0.0.1:47999] for POST '/session/1e0f2760005caee97c483be7608cad36/execute/sync'
18:52:59.480 [AsyncHttpClient-1-9] DEBUG org.asynchttpclient.netty.handler.HttpHandler - 

Request DefaultHttpRequest(decodeResult: success, version: HTTP/1.1)
POST /session/1e0f2760005caee97c483be7608cad36/execute/sync HTTP/1.1
User-Agent: selenium/4.8.1 (java windows)
Content-Length: 176
Content-Type: application/json; charset=utf-8
host: localhost:47999
accept: */*

Response DefaultHttpResponse(decodeResult: success, version: HTTP/1.1)
HTTP/1.1 200 OK
Content-Length: 22355
Content-Type: application/json; charset=utf-8
cache-control: no-cache

18:52:59.480 [AsyncHttpClient-1-9] DEBUG org.asynchttpclient.netty.channel.ChannelManager - Adding key: http://localhost:47999 for channel [id: 0x77c931c2, L:/127.0.0.1:59125 - R:localhost/127.0.0.1:47999]
18:52:59.483 [Forwarding getCurrentUrl on session 1e0f2760005caee97c483be7608cad36 to remote] DEBUG org.asynchttpclient.netty.request.NettyRequestSender - Using pooled Channel '[id: 0x77c931c2, L:/127.0.0.1:59125 - R:localhost/127.0.0.1:47999]' for 'GET' to 'http://localhost:47999/session/1e0f2760005caee97c483be7608cad36/url'
18:52:59.483 [Forwarding getCurrentUrl on session 1e0f2760005caee97c483be7608cad36 to remote] DEBUG org.asynchttpclient.netty.request.NettyRequestSender - Using open Channel [id: 0x77c931c2, L:/127.0.0.1:59125 - R:localhost/127.0.0.1:47999] for GET '/session/1e0f2760005caee97c483be7608cad36/url'
18:52:59.492 [AsyncHttpClient-1-9] DEBUG org.asynchttpclient.netty.handler.HttpHandler - 

Request DefaultFullHttpRequest(decodeResult: success, version: HTTP/1.1, content: EmptyByteBufBE)
GET /session/1e0f2760005caee97c483be7608cad36/url HTTP/1.1
User-Agent: selenium/4.8.1 (java windows)
Cache-Control: no-cache
Content-Type: application/json; charset=utf-8
host: localhost:47999
accept: */*

Response DefaultHttpResponse(decodeResult: success, version: HTTP/1.1)
HTTP/1.1 200 OK
Content-Length: 54
Content-Type: application/json; charset=utf-8
cache-control: no-cache

18:52:59.492 [AsyncHttpClient-1-9] DEBUG org.asynchttpclient.netty.channel.ChannelManager - Adding key: http://localhost:47999 for channel [id: 0x77c931c2, L:/127.0.0.1:59125 - R:localhost/127.0.0.1:47999]
18:52:59.494 [main] DEBUG net.thucydides.core.steps.StepInterceptor - STARTING STEP: RegisterSteps.enterPassword - inputPassword
18:52:59.496 [Forwarding findElement on session 1e0f2760005caee97c483be7608cad36 to remote] DEBUG org.asynchttpclient.netty.request.NettyRequestSender - Using pooled Channel '[id: 0x77c931c2, L:/127.0.0.1:59125 - R:localhost/127.0.0.1:47999]' for 'POST' to 'http://localhost:47999/session/1e0f2760005caee97c483be7608cad36/element'
18:52:59.496 [Forwarding findElement on session 1e0f2760005caee97c483be7608cad36 to remote] DEBUG org.asynchttpclient.netty.request.NettyRequestSender - Using open Channel [id: 0x77c931c2, L:/127.0.0.1:59125 - R:localhost/127.0.0.1:47999] for POST '/session/1e0f2760005caee97c483be7608cad36/element'
18:52:59.512 [AsyncHttpClient-1-9] DEBUG org.asynchttpclient.netty.handler.HttpHandler - 

Request DefaultHttpRequest(decodeResult: success, version: HTTP/1.1)
POST /session/1e0f2760005caee97c483be7608cad36/element HTTP/1.1
User-Agent: selenium/4.8.1 (java windows)
Content-Length: 71
Content-Type: application/json; charset=utf-8
host: localhost:47999
accept: */*

Response DefaultHttpResponse(decodeResult: success, version: HTTP/1.1)
HTTP/1.1 200 OK
Content-Length: 88
Content-Type: application/json; charset=utf-8
cache-control: no-cache

18:52:59.512 [AsyncHttpClient-1-9] DEBUG org.asynchttpclient.netty.channel.ChannelManager - Adding key: http://localhost:47999 for channel [id: 0x77c931c2, L:/127.0.0.1:59125 - R:localhost/127.0.0.1:47999]
18:52:59.514 [Forwarding clearElement on session 1e0f2760005caee97c483be7608cad36 to remote] DEBUG org.asynchttpclient.netty.request.NettyRequestSender - Using pooled Channel '[id: 0x77c931c2, L:/127.0.0.1:59125 - R:localhost/127.0.0.1:47999]' for 'POST' to 'http://localhost:47999/session/1e0f2760005caee97c483be7608cad36/element/7f673555-6972-4257-b142-f0d79968f980/clear'
18:52:59.514 [Forwarding clearElement on session 1e0f2760005caee97c483be7608cad36 to remote] DEBUG org.asynchttpclient.netty.request.NettyRequestSender - Using open Channel [id: 0x77c931c2, L:/127.0.0.1:59125 - R:localhost/127.0.0.1:47999] for POST '/session/1e0f2760005caee97c483be7608cad36/element/7f673555-6972-4257-b142-f0d79968f980/clear'
18:52:59.572 [AsyncHttpClient-1-9] DEBUG org.asynchttpclient.netty.handler.HttpHandler - 

Request DefaultHttpRequest(decodeResult: success, version: HTTP/1.1)
POST /session/1e0f2760005caee97c483be7608cad36/element/7f673555-6972-4257-b142-f0d79968f980/clear HTTP/1.1
User-Agent: selenium/4.8.1 (java windows)
Content-Length: 50
Content-Type: application/json; charset=utf-8
host: localhost:47999
accept: */*

Response DefaultHttpResponse(decodeResult: success, version: HTTP/1.1)
HTTP/1.1 200 OK
Content-Length: 14
Content-Type: application/json; charset=utf-8
cache-control: no-cache

18:52:59.573 [AsyncHttpClient-1-9] DEBUG org.asynchttpclient.netty.channel.ChannelManager - Adding key: http://localhost:47999 for channel [id: 0x77c931c2, L:/127.0.0.1:59125 - R:localhost/127.0.0.1:47999]
18:52:59.576 [Forwarding sendKeysToElement on session 1e0f2760005caee97c483be7608cad36 to remote] DEBUG org.asynchttpclient.netty.request.NettyRequestSender - Using pooled Channel '[id: 0x77c931c2, L:/127.0.0.1:59125 - R:localhost/127.0.0.1:47999]' for 'POST' to 'http://localhost:47999/session/1e0f2760005caee97c483be7608cad36/element/7f673555-6972-4257-b142-f0d79968f980/value'
18:52:59.576 [Forwarding sendKeysToElement on session 1e0f2760005caee97c483be7608cad36 to remote] DEBUG org.asynchttpclient.netty.request.NettyRequestSender - Using open Channel [id: 0x77c931c2, L:/127.0.0.1:59125 - R:localhost/127.0.0.1:47999] for POST '/session/1e0f2760005caee97c483be7608cad36/element/7f673555-6972-4257-b142-f0d79968f980/value'
18:52:59.701 [AsyncHttpClient-1-9] DEBUG org.asynchttpclient.netty.handler.HttpHandler - 

Request DefaultHttpRequest(decodeResult: success, version: HTTP/1.1)
POST /session/1e0f2760005caee97c483be7608cad36/element/7f673555-6972-4257-b142-f0d79968f980/value HTTP/1.1
User-Agent: selenium/4.8.1 (java windows)
Content-Length: 161
Content-Type: application/json; charset=utf-8
host: localhost:47999
accept: */*

Response DefaultHttpResponse(decodeResult: success, version: HTTP/1.1)
HTTP/1.1 200 OK
Content-Length: 14
Content-Type: application/json; charset=utf-8
cache-control: no-cache

18:52:59.701 [AsyncHttpClient-1-9] DEBUG org.asynchttpclient.netty.channel.ChannelManager - Adding key: http://localhost:47999 for channel [id: 0x77c931c2, L:/127.0.0.1:59125 - R:localhost/127.0.0.1:47999]
18:52:59.712 [Forwarding getAlertText on session 1e0f2760005caee97c483be7608cad36 to remote] DEBUG org.asynchttpclient.netty.request.NettyRequestSender - Using pooled Channel '[id: 0x77c931c2, L:/127.0.0.1:59125 - R:localhost/127.0.0.1:47999]' for 'GET' to 'http://localhost:47999/session/1e0f2760005caee97c483be7608cad36/alert/text'
18:52:59.713 [Forwarding getAlertText on session 1e0f2760005caee97c483be7608cad36 to remote] DEBUG org.asynchttpclient.netty.request.NettyRequestSender - Using open Channel [id: 0x77c931c2, L:/127.0.0.1:59125 - R:localhost/127.0.0.1:47999] for GET '/session/1e0f2760005caee97c483be7608cad36/alert/text'
18:52:59.715 [AsyncHttpClient-1-9] DEBUG org.asynchttpclient.netty.handler.HttpHandler - 

Request DefaultFullHttpRequest(decodeResult: success, version: HTTP/1.1, content: EmptyByteBufBE)
GET /session/1e0f2760005caee97c483be7608cad36/alert/text HTTP/1.1
User-Agent: selenium/4.8.1 (java windows)
Cache-Control: no-cache
Content-Type: application/json; charset=utf-8
host: localhost:47999
accept: */*

Response DefaultHttpResponse(decodeResult: success, version: HTTP/1.1)
HTTP/1.1 404 Not Found
Content-Length: 809
Content-Type: application/json; charset=utf-8
cache-control: no-cache

18:52:59.715 [AsyncHttpClient-1-9] DEBUG org.asynchttpclient.netty.channel.ChannelManager - Adding key: http://localhost:47999 for channel [id: 0x77c931c2, L:/127.0.0.1:59125 - R:localhost/127.0.0.1:47999]
18:52:59.718 [Forwarding getCurrentUrl on session 1e0f2760005caee97c483be7608cad36 to remote] DEBUG org.asynchttpclient.netty.request.NettyRequestSender - Using pooled Channel '[id: 0x77c931c2, L:/127.0.0.1:59125 - R:localhost/127.0.0.1:47999]' for 'GET' to 'http://localhost:47999/session/1e0f2760005caee97c483be7608cad36/url'
18:52:59.718 [Forwarding getCurrentUrl on session 1e0f2760005caee97c483be7608cad36 to remote] DEBUG org.asynchttpclient.netty.request.NettyRequestSender - Using open Channel [id: 0x77c931c2, L:/127.0.0.1:59125 - R:localhost/127.0.0.1:47999] for GET '/session/1e0f2760005caee97c483be7608cad36/url'
18:52:59.730 [AsyncHttpClient-1-9] DEBUG org.asynchttpclient.netty.handler.HttpHandler - 

Request DefaultFullHttpRequest(decodeResult: success, version: HTTP/1.1, content: EmptyByteBufBE)
GET /session/1e0f2760005caee97c483be7608cad36/url HTTP/1.1
User-Agent: selenium/4.8.1 (java windows)
Cache-Control: no-cache
Content-Type: application/json; charset=utf-8
host: localhost:47999
accept: */*

Response DefaultHttpResponse(decodeResult: success, version: HTTP/1.1)
HTTP/1.1 200 OK
Content-Length: 54
Content-Type: application/json; charset=utf-8
cache-control: no-cache

18:52:59.730 [AsyncHttpClient-1-9] DEBUG org.asynchttpclient.netty.channel.ChannelManager - Adding key: http://localhost:47999 for channel [id: 0x77c931c2, L:/127.0.0.1:59125 - R:localhost/127.0.0.1:47999]
18:52:59.731 [Forwarding screenshot on session 1e0f2760005caee97c483be7608cad36 to remote] DEBUG org.asynchttpclient.netty.request.NettyRequestSender - Using pooled Channel '[id: 0x77c931c2, L:/127.0.0.1:59125 - R:localhost/127.0.0.1:47999]' for 'GET' to 'http://localhost:47999/session/1e0f2760005caee97c483be7608cad36/screenshot'
18:52:59.731 [Forwarding screenshot on session 1e0f2760005caee97c483be7608cad36 to remote] DEBUG org.asynchttpclient.netty.request.NettyRequestSender - Using open Channel [id: 0x77c931c2, L:/127.0.0.1:59125 - R:localhost/127.0.0.1:47999] for GET '/session/1e0f2760005caee97c483be7608cad36/screenshot'
18:52:59.981 [AsyncHttpClient-1-9] DEBUG org.asynchttpclient.netty.handler.HttpHandler - 

Request DefaultFullHttpRequest(decodeResult: success, version: HTTP/1.1, content: EmptyByteBufBE)
GET /session/1e0f2760005caee97c483be7608cad36/screenshot HTTP/1.1
User-Agent: selenium/4.8.1 (java windows)
Cache-Control: no-cache
Content-Type: application/json; charset=utf-8
host: localhost:47999
accept: */*

Response DefaultHttpResponse(decodeResult: success, version: HTTP/1.1)
HTTP/1.1 200 OK
Content-Length: 54732
Content-Type: application/json; charset=utf-8
cache-control: no-cache

18:52:59.981 [AsyncHttpClient-1-9] DEBUG org.asynchttpclient.netty.channel.ChannelManager - Adding key: http://localhost:47999 for channel [id: 0x77c931c2, L:/127.0.0.1:59125 - R:localhost/127.0.0.1:47999]
18:52:59.987 [main] DEBUG net.serenitybdd.core.photography.Darkroom - Send negative for processing for target\site\serenity\3848fe9a090f2dcfea024f4ac7485e4ddfb94344e81e7527ee045c95f9bd47c7.png
18:52:59.988 [main] DEBUG net.thucydides.core.steps.StepInterceptor - STEP DONE: inputPassword
  &amp#27;[32mAnd &amp#27;[0m&amp#27;[32mI entered a password &amp#27;[0m&amp#27;[32m&amp#27;[1m"testaja1"&amp#27;[0m                 &amp#27;[90m# starter.stepdefinitions.RegisterSteps.enterPassword(java.lang.String)&amp#27;[0m
18:52:59.992 [Darkroom Processing Line] DEBUG net.serenitybdd.core.photography.DarkroomProcessingLine - Processing screenshot image in /var/screenshots/screenshot-11417103303935629672
18:52:59.992 [Darkroom Processing Line] DEBUG net.serenitybdd.core.photography.DarkroomProcessingLine - Saving screenshot to target\site\serenity\3848fe9a090f2dcfea024f4ac7485e4ddfb94344e81e7527ee045c95f9bd47c7.png
18:53:00.000 [Forwarding getPageSource on session 1e0f2760005caee97c483be7608cad36 to remote] DEBUG org.asynchttpclient.netty.request.NettyRequestSender - Using pooled Channel '[id: 0x77c931c2, L:/127.0.0.1:59125 - R:localhost/127.0.0.1:47999]' for 'POST' to 'http://localhost:47999/session/1e0f2760005caee97c483be7608cad36/execute/sync'
18:53:00.000 [Forwarding getPageSource on session 1e0f2760005caee97c483be7608cad36 to remote] DEBUG org.asynchttpclient.netty.request.NettyRequestSender - Using open Channel [id: 0x77c931c2, L:/127.0.0.1:59125 - R:localhost/127.0.0.1:47999] for POST '/session/1e0f2760005caee97c483be7608cad36/execute/sync'
18:53:00.014 [AsyncHttpClient-1-9] DEBUG org.asynchttpclient.netty.handler.HttpHandler - 

Request DefaultHttpRequest(decodeResult: success, version: HTTP/1.1)
POST /session/1e0f2760005caee97c483be7608cad36/execute/sync HTTP/1.1
User-Agent: selenium/4.8.1 (java windows)
Content-Length: 176
Content-Type: application/json; charset=utf-8
host: localhost:47999
accept: */*

Response DefaultHttpResponse(decodeResult: success, version: HTTP/1.1)
HTTP/1.1 200 OK
Content-Length: 22414
Content-Type: application/json; charset=utf-8
cache-control: no-cache

18:53:00.015 [AsyncHttpClient-1-9] DEBUG org.asynchttpclient.netty.channel.ChannelManager - Adding key: http://localhost:47999 for channel [id: 0x77c931c2, L:/127.0.0.1:59125 - R:localhost/127.0.0.1:47999]
18:53:00.017 [Forwarding getCurrentUrl on session 1e0f2760005caee97c483be7608cad36 to remote] DEBUG org.asynchttpclient.netty.request.NettyRequestSender - Using pooled Channel '[id: 0x77c931c2, L:/127.0.0.1:59125 - R:localhost/127.0.0.1:47999]' for 'GET' to 'http://localhost:47999/session/1e0f2760005caee97c483be7608cad36/url'
18:53:00.017 [Forwarding getCurrentUrl on session 1e0f2760005caee97c483be7608cad36 to remote] DEBUG org.asynchttpclient.netty.request.NettyRequestSender - Using open Channel [id: 0x77c931c2, L:/127.0.0.1:59125 - R:localhost/127.0.0.1:47999] for GET '/session/1e0f2760005caee97c483be7608cad36/url'
18:53:00.032 [AsyncHttpClient-1-9] DEBUG org.asynchttpclient.netty.handler.HttpHandler - 

Request DefaultFullHttpRequest(decodeResult: success, version: HTTP/1.1, content: EmptyByteBufBE)
GET /session/1e0f2760005caee97c483be7608cad36/url HTTP/1.1
User-Agent: selenium/4.8.1 (java windows)
Cache-Control: no-cache
Content-Type: application/json; charset=utf-8
host: localhost:47999
accept: */*

Response DefaultHttpResponse(decodeResult: success, version: HTTP/1.1)
HTTP/1.1 200 OK
Content-Length: 54
Content-Type: application/json; charset=utf-8
cache-control: no-cache

18:53:00.032 [AsyncHttpClient-1-9] DEBUG org.asynchttpclient.netty.channel.ChannelManager - Adding key: http://localhost:47999 for channel [id: 0x77c931c2, L:/127.0.0.1:59125 - R:localhost/127.0.0.1:47999]
18:53:00.050 [Forwarding getAlertText on session 1e0f2760005caee97c483be7608cad36 to remote] DEBUG org.asynchttpclient.netty.request.NettyRequestSender - Using pooled Channel '[id: 0x77c931c2, L:/127.0.0.1:59125 - R:localhost/127.0.0.1:47999]' for 'GET' to 'http://localhost:47999/session/1e0f2760005caee97c483be7608cad36/alert/text'
18:53:00.050 [Forwarding getAlertText on session 1e0f2760005caee97c483be7608cad36 to remote] DEBUG org.asynchttpclient.netty.request.NettyRequestSender - Using open Channel [id: 0x77c931c2, L:/127.0.0.1:59125 - R:localhost/127.0.0.1:47999] for GET '/session/1e0f2760005caee97c483be7608cad36/alert/text'
18:53:00.053 [AsyncHttpClient-1-9] DEBUG org.asynchttpclient.netty.handler.HttpHandler - 

Request DefaultFullHttpRequest(decodeResult: success, version: HTTP/1.1, content: EmptyByteBufBE)
GET /session/1e0f2760005caee97c483be7608cad36/alert/text HTTP/1.1
User-Agent: selenium/4.8.1 (java windows)
Cache-Control: no-cache
Content-Type: application/json; charset=utf-8
host: localhost:47999
accept: */*

Response DefaultHttpResponse(decodeResult: success, version: HTTP/1.1)
HTTP/1.1 404 Not Found
Content-Length: 809
Content-Type: application/json; charset=utf-8
cache-control: no-cache

18:53:00.053 [AsyncHttpClient-1-9] DEBUG org.asynchttpclient.netty.channel.ChannelManager - Adding key: http://localhost:47999 for channel [id: 0x77c931c2, L:/127.0.0.1:59125 - R:localhost/127.0.0.1:47999]
18:53:00.057 [Forwarding getCurrentUrl on session 1e0f2760005caee97c483be7608cad36 to remote] DEBUG org.asynchttpclient.netty.request.NettyRequestSender - Using pooled Channel '[id: 0x77c931c2, L:/127.0.0.1:59125 - R:localhost/127.0.0.1:47999]' for 'GET' to 'http://localhost:47999/session/1e0f2760005caee97c483be7608cad36/url'
18:53:00.057 [Forwarding getCurrentUrl on session 1e0f2760005caee97c483be7608cad36 to remote] DEBUG org.asynchttpclient.netty.request.NettyRequestSender - Using open Channel [id: 0x77c931c2, L:/127.0.0.1:59125 - R:localhost/127.0.0.1:47999] for GET '/session/1e0f2760005caee97c483be7608cad36/url'
18:53:00.062 [AsyncHttpClient-1-9] DEBUG org.asynchttpclient.netty.handler.HttpHandler - 

Request DefaultFullHttpRequest(decodeResult: success, version: HTTP/1.1, content: EmptyByteBufBE)
GET /session/1e0f2760005caee97c483be7608cad36/url HTTP/1.1
User-Agent: selenium/4.8.1 (java windows)
Cache-Control: no-cache
Content-Type: application/json; charset=utf-8
host: localhost:47999
accept: */*

Response DefaultHttpResponse(decodeResult: success, version: HTTP/1.1)
HTTP/1.1 200 OK
Content-Length: 54
Content-Type: application/json; charset=utf-8
cache-control: no-cache

18:53:00.062 [AsyncHttpClient-1-9] DEBUG org.asynchttpclient.netty.channel.ChannelManager - Adding key: http://localhost:47999 for channel [id: 0x77c931c2, L:/127.0.0.1:59125 - R:localhost/127.0.0.1:47999]
18:53:00.064 [Forwarding screenshot on session 1e0f2760005caee97c483be7608cad36 to remote] DEBUG org.asynchttpclient.netty.request.NettyRequestSender - Using pooled Channel '[id: 0x77c931c2, L:/127.0.0.1:59125 - R:localhost/127.0.0.1:47999]' for 'GET' to 'http://localhost:47999/session/1e0f2760005caee97c483be7608cad36/screenshot'
18:53:00.064 [Forwarding screenshot on session 1e0f2760005caee97c483be7608cad36 to remote] DEBUG org.asynchttpclient.netty.request.NettyRequestSender - Using open Channel [id: 0x77c931c2, L:/127.0.0.1:59125 - R:localhost/127.0.0.1:47999] for GET '/session/1e0f2760005caee97c483be7608cad36/screenshot'
18:53:00.165 [AsyncHttpClient-1-1] DEBUG org.asynchttpclient.netty.channel.DefaultChannelPool - Entry count for : http://localhost:59126 : 1
18:53:00.350 [AsyncHttpClient-1-9] DEBUG org.asynchttpclient.netty.handler.HttpHandler - 

Request DefaultFullHttpRequest(decodeResult: success, version: HTTP/1.1, content: EmptyByteBufBE)
GET /session/1e0f2760005caee97c483be7608cad36/screenshot HTTP/1.1
User-Agent: selenium/4.8.1 (java windows)
Cache-Control: no-cache
Content-Type: application/json; charset=utf-8
host: localhost:47999
accept: */*

Response DefaultHttpResponse(decodeResult: success, version: HTTP/1.1)
HTTP/1.1 200 OK
Content-Length: 53792
Content-Type: application/json; charset=utf-8
cache-control: no-cache

18:53:00.350 [AsyncHttpClient-1-9] DEBUG org.asynchttpclient.netty.channel.ChannelManager - Adding key: http://localhost:47999 for channel [id: 0x77c931c2, L:/127.0.0.1:59125 - R:localhost/127.0.0.1:47999]
18:53:00.352 [main] DEBUG net.serenitybdd.core.photography.Darkroom - Send negative for processing for target\site\serenity\c206617215ff94df068a19307d7a182feb98c3909e6a29bfaba61ca076ff407a.png
18:53:00.353 [Darkroom Processing Line] DEBUG net.serenitybdd.core.photography.DarkroomProcessingLine - Processing screenshot image in /var/screenshots/screenshot-17703736318020810011
18:53:00.353 [Darkroom Processing Line] DEBUG net.serenitybdd.core.photography.DarkroomProcessingLine - Saving screenshot to target\site\serenity\c206617215ff94df068a19307d7a182feb98c3909e6a29bfaba61ca076ff407a.png
18:53:00.354 [Forwarding getPageSource on session 1e0f2760005caee97c483be7608cad36 to remote] DEBUG org.asynchttpclient.netty.request.NettyRequestSender - Using pooled Channel '[id: 0x77c931c2, L:/127.0.0.1:59125 - R:localhost/127.0.0.1:47999]' for 'POST' to 'http://localhost:47999/session/1e0f2760005caee97c483be7608cad36/execute/sync'
18:53:00.354 [Forwarding getPageSource on session 1e0f2760005caee97c483be7608cad36 to remote] DEBUG org.asynchttpclient.netty.request.NettyRequestSender - Using open Channel [id: 0x77c931c2, L:/127.0.0.1:59125 - R:localhost/127.0.0.1:47999] for POST '/session/1e0f2760005caee97c483be7608cad36/execute/sync'
18:53:00.361 [AsyncHttpClient-1-9] DEBUG org.asynchttpclient.netty.handler.HttpHandler - 

Request DefaultHttpRequest(decodeResult: success, version: HTTP/1.1)
POST /session/1e0f2760005caee97c483be7608cad36/execute/sync HTTP/1.1
User-Agent: selenium/4.8.1 (java windows)
Content-Length: 176
Content-Type: application/json; charset=utf-8
host: localhost:47999
accept: */*

Response DefaultHttpResponse(decodeResult: success, version: HTTP/1.1)
HTTP/1.1 200 OK
Content-Length: 22414
Content-Type: application/json; charset=utf-8
cache-control: no-cache

18:53:00.361 [AsyncHttpClient-1-9] DEBUG org.asynchttpclient.netty.channel.ChannelManager - Adding key: http://localhost:47999 for channel [id: 0x77c931c2, L:/127.0.0.1:59125 - R:localhost/127.0.0.1:47999]
18:53:00.363 [Forwarding getCurrentUrl on session 1e0f2760005caee97c483be7608cad36 to remote] DEBUG org.asynchttpclient.netty.request.NettyRequestSender - Using pooled Channel '[id: 0x77c931c2, L:/127.0.0.1:59125 - R:localhost/127.0.0.1:47999]' for 'GET' to 'http://localhost:47999/session/1e0f2760005caee97c483be7608cad36/url'
18:53:00.363 [Forwarding getCurrentUrl on session 1e0f2760005caee97c483be7608cad36 to remote] DEBUG org.asynchttpclient.netty.request.NettyRequestSender - Using open Channel [id: 0x77c931c2, L:/127.0.0.1:59125 - R:localhost/127.0.0.1:47999] for GET '/session/1e0f2760005caee97c483be7608cad36/url'
18:53:00.366 [AsyncHttpClient-1-9] DEBUG org.asynchttpclient.netty.handler.HttpHandler - 

Request DefaultFullHttpRequest(decodeResult: success, version: HTTP/1.1, content: EmptyByteBufBE)
GET /session/1e0f2760005caee97c483be7608cad36/url HTTP/1.1
User-Agent: selenium/4.8.1 (java windows)
Cache-Control: no-cache
Content-Type: application/json; charset=utf-8
host: localhost:47999
accept: */*

Response DefaultHttpResponse(decodeResult: success, version: HTTP/1.1)
HTTP/1.1 200 OK
Content-Length: 54
Content-Type: application/json; charset=utf-8
cache-control: no-cache

18:53:00.366 [AsyncHttpClient-1-9] DEBUG org.asynchttpclient.netty.channel.ChannelManager - Adding key: http://localhost:47999 for channel [id: 0x77c931c2, L:/127.0.0.1:59125 - R:localhost/127.0.0.1:47999]
18:53:00.368 [main] DEBUG net.thucydides.core.steps.StepInterceptor - STARTING STEP: RegisterSteps.clickRegisterButton - ClickRegisterButton
18:53:00.371 [Forwarding findElement on session 1e0f2760005caee97c483be7608cad36 to remote] DEBUG org.asynchttpclient.netty.request.NettyRequestSender - Using pooled Channel '[id: 0x77c931c2, L:/127.0.0.1:59125 - R:localhost/127.0.0.1:47999]' for 'POST' to 'http://localhost:47999/session/1e0f2760005caee97c483be7608cad36/element'
18:53:00.371 [Forwarding findElement on session 1e0f2760005caee97c483be7608cad36 to remote] DEBUG org.asynchttpclient.netty.request.NettyRequestSender - Using open Channel [id: 0x77c931c2, L:/127.0.0.1:59125 - R:localhost/127.0.0.1:47999] for POST '/session/1e0f2760005caee97c483be7608cad36/element'
18:53:00.379 [AsyncHttpClient-1-9] DEBUG org.asynchttpclient.netty.handler.HttpHandler - 

Request DefaultHttpRequest(decodeResult: success, version: HTTP/1.1)
POST /session/1e0f2760005caee97c483be7608cad36/element HTTP/1.1
User-Agent: selenium/4.8.1 (java windows)
Content-Length: 142
Content-Type: application/json; charset=utf-8
host: localhost:47999
accept: */*

Response DefaultHttpResponse(decodeResult: success, version: HTTP/1.1)
HTTP/1.1 200 OK
Content-Length: 88
Content-Type: application/json; charset=utf-8
cache-control: no-cache

18:53:00.379 [AsyncHttpClient-1-9] DEBUG org.asynchttpclient.netty.channel.ChannelManager - Adding key: http://localhost:47999 for channel [id: 0x77c931c2, L:/127.0.0.1:59125 - R:localhost/127.0.0.1:47999]
18:53:00.381 [Forwarding getElementTagName on session 1e0f2760005caee97c483be7608cad36 to remote] DEBUG org.asynchttpclient.netty.request.NettyRequestSender - Using pooled Channel '[id: 0x77c931c2, L:/127.0.0.1:59125 - R:localhost/127.0.0.1:47999]' for 'GET' to 'http://localhost:47999/session/1e0f2760005caee97c483be7608cad36/element/577b1350-3411-485f-a520-a77097c3549b/name'
18:53:00.381 [Forwarding getElementTagName on session 1e0f2760005caee97c483be7608cad36 to remote] DEBUG org.asynchttpclient.netty.request.NettyRequestSender - Using open Channel [id: 0x77c931c2, L:/127.0.0.1:59125 - R:localhost/127.0.0.1:47999] for GET '/session/1e0f2760005caee97c483be7608cad36/element/577b1350-3411-485f-a520-a77097c3549b/name'
18:53:00.384 [AsyncHttpClient-1-9] DEBUG org.asynchttpclient.netty.handler.HttpHandler - 

Request DefaultFullHttpRequest(decodeResult: success, version: HTTP/1.1, content: EmptyByteBufBE)
GET /session/1e0f2760005caee97c483be7608cad36/element/577b1350-3411-485f-a520-a77097c3549b/name HTTP/1.1
User-Agent: selenium/4.8.1 (java windows)
Cache-Control: no-cache
Content-Type: application/json; charset=utf-8
host: localhost:47999
accept: */*

Response DefaultHttpResponse(decodeResult: success, version: HTTP/1.1)
HTTP/1.1 200 OK
Content-Length: 18
Content-Type: application/json; charset=utf-8
cache-control: no-cache

18:53:00.384 [AsyncHttpClient-1-9] DEBUG org.asynchttpclient.netty.channel.ChannelManager - Adding key: http://localhost:47999 for channel [id: 0x77c931c2, L:/127.0.0.1:59125 - R:localhost/127.0.0.1:47999]
18:53:00.386 [Forwarding getElementTagName on session 1e0f2760005caee97c483be7608cad36 to remote] DEBUG org.asynchttpclient.netty.request.NettyRequestSender - Using pooled Channel '[id: 0x77c931c2, L:/127.0.0.1:59125 - R:localhost/127.0.0.1:47999]' for 'GET' to 'http://localhost:47999/session/1e0f2760005caee97c483be7608cad36/element/577b1350-3411-485f-a520-a77097c3549b/name'
18:53:00.387 [Forwarding getElementTagName on session 1e0f2760005caee97c483be7608cad36 to remote] DEBUG org.asynchttpclient.netty.request.NettyRequestSender - Using open Channel [id: 0x77c931c2, L:/127.0.0.1:59125 - R:localhost/127.0.0.1:47999] for GET '/session/1e0f2760005caee97c483be7608cad36/element/577b1350-3411-485f-a520-a77097c3549b/name'
18:53:00.390 [AsyncHttpClient-1-9] DEBUG org.asynchttpclient.netty.handler.HttpHandler - 

Request DefaultFullHttpRequest(decodeResult: success, version: HTTP/1.1, content: EmptyByteBufBE)
GET /session/1e0f2760005caee97c483be7608cad36/element/577b1350-3411-485f-a520-a77097c3549b/name HTTP/1.1
User-Agent: selenium/4.8.1 (java windows)
Cache-Control: no-cache
Content-Type: application/json; charset=utf-8
host: localhost:47999
accept: */*

Response DefaultHttpResponse(decodeResult: success, version: HTTP/1.1)
HTTP/1.1 200 OK
Content-Length: 18
Content-Type: application/json; charset=utf-8
cache-control: no-cache

18:53:00.390 [AsyncHttpClient-1-9] DEBUG org.asynchttpclient.netty.channel.ChannelManager - Adding key: http://localhost:47999 for channel [id: 0x77c931c2, L:/127.0.0.1:59125 - R:localhost/127.0.0.1:47999]
18:53:00.392 [Forwarding isElementEnabled on session 1e0f2760005caee97c483be7608cad36 to remote] DEBUG org.asynchttpclient.netty.request.NettyRequestSender - Using pooled Channel '[id: 0x77c931c2, L:/127.0.0.1:59125 - R:localhost/127.0.0.1:47999]' for 'GET' to 'http://localhost:47999/session/1e0f2760005caee97c483be7608cad36/element/577b1350-3411-485f-a520-a77097c3549b/enabled'
18:53:00.392 [Forwarding isElementEnabled on session 1e0f2760005caee97c483be7608cad36 to remote] DEBUG org.asynchttpclient.netty.request.NettyRequestSender - Using open Channel [id: 0x77c931c2, L:/127.0.0.1:59125 - R:localhost/127.0.0.1:47999] for GET '/session/1e0f2760005caee97c483be7608cad36/element/577b1350-3411-485f-a520-a77097c3549b/enabled'
18:53:00.400 [AsyncHttpClient-1-9] DEBUG org.asynchttpclient.netty.handler.HttpHandler - 

Request DefaultFullHttpRequest(decodeResult: success, version: HTTP/1.1, content: EmptyByteBufBE)
GET /session/1e0f2760005caee97c483be7608cad36/element/577b1350-3411-485f-a520-a77097c3549b/enabled HTTP/1.1
User-Agent: selenium/4.8.1 (java windows)
Cache-Control: no-cache
Content-Type: application/json; charset=utf-8
host: localhost:47999
accept: */*

Response DefaultHttpResponse(decodeResult: success, version: HTTP/1.1)
HTTP/1.1 200 OK
Content-Length: 14
Content-Type: application/json; charset=utf-8
cache-control: no-cache

18:53:00.400 [AsyncHttpClient-1-9] DEBUG org.asynchttpclient.netty.channel.ChannelManager - Adding key: http://localhost:47999 for channel [id: 0x77c931c2, L:/127.0.0.1:59125 - R:localhost/127.0.0.1:47999]
18:53:00.401 [Forwarding isElementEnabled on session 1e0f2760005caee97c483be7608cad36 to remote] DEBUG org.asynchttpclient.netty.request.NettyRequestSender - Using pooled Channel '[id: 0x77c931c2, L:/127.0.0.1:59125 - R:localhost/127.0.0.1:47999]' for 'GET' to 'http://localhost:47999/session/1e0f2760005caee97c483be7608cad36/element/577b1350-3411-485f-a520-a77097c3549b/enabled'
18:53:00.401 [Forwarding isElementEnabled on session 1e0f2760005caee97c483be7608cad36 to remote] DEBUG org.asynchttpclient.netty.request.NettyRequestSender - Using open Channel [id: 0x77c931c2, L:/127.0.0.1:59125 - R:localhost/127.0.0.1:47999] for GET '/session/1e0f2760005caee97c483be7608cad36/element/577b1350-3411-485f-a520-a77097c3549b/enabled'
18:53:00.407 [AsyncHttpClient-1-9] DEBUG org.asynchttpclient.netty.handler.HttpHandler - 

Request DefaultFullHttpRequest(decodeResult: success, version: HTTP/1.1, content: EmptyByteBufBE)
GET /session/1e0f2760005caee97c483be7608cad36/element/577b1350-3411-485f-a520-a77097c3549b/enabled HTTP/1.1
User-Agent: selenium/4.8.1 (java windows)
Cache-Control: no-cache
Content-Type: application/json; charset=utf-8
host: localhost:47999
accept: */*

Response DefaultHttpResponse(decodeResult: success, version: HTTP/1.1)
HTTP/1.1 200 OK
Content-Length: 14
Content-Type: application/json; charset=utf-8
cache-control: no-cache

18:53:00.407 [AsyncHttpClient-1-9] DEBUG org.asynchttpclient.netty.channel.ChannelManager - Adding key: http://localhost:47999 for channel [id: 0x77c931c2, L:/127.0.0.1:59125 - R:localhost/127.0.0.1:47999]
18:53:00.408 [Forwarding findElement on session 1e0f2760005caee97c483be7608cad36 to remote] DEBUG org.asynchttpclient.netty.request.NettyRequestSender - Using pooled Channel '[id: 0x77c931c2, L:/127.0.0.1:59125 - R:localhost/127.0.0.1:47999]' for 'POST' to 'http://localhost:47999/session/1e0f2760005caee97c483be7608cad36/element'
18:53:00.408 [Forwarding findElement on session 1e0f2760005caee97c483be7608cad36 to remote] DEBUG org.asynchttpclient.netty.request.NettyRequestSender - Using open Channel [id: 0x77c931c2, L:/127.0.0.1:59125 - R:localhost/127.0.0.1:47999] for POST '/session/1e0f2760005caee97c483be7608cad36/element'
18:53:00.415 [AsyncHttpClient-1-9] DEBUG org.asynchttpclient.netty.handler.HttpHandler - 

Request DefaultHttpRequest(decodeResult: success, version: HTTP/1.1)
POST /session/1e0f2760005caee97c483be7608cad36/element HTTP/1.1
User-Agent: selenium/4.8.1 (java windows)
Content-Length: 142
Content-Type: application/json; charset=utf-8
host: localhost:47999
accept: */*

Response DefaultHttpResponse(decodeResult: success, version: HTTP/1.1)
HTTP/1.1 200 OK
Content-Length: 88
Content-Type: application/json; charset=utf-8
cache-control: no-cache

18:53:00.415 [AsyncHttpClient-1-9] DEBUG org.asynchttpclient.netty.channel.ChannelManager - Adding key: http://localhost:47999 for channel [id: 0x77c931c2, L:/127.0.0.1:59125 - R:localhost/127.0.0.1:47999]
18:53:00.416 [Forwarding clickElement on session 1e0f2760005caee97c483be7608cad36 to remote] DEBUG org.asynchttpclient.netty.request.NettyRequestSender - Using pooled Channel '[id: 0x77c931c2, L:/127.0.0.1:59125 - R:localhost/127.0.0.1:47999]' for 'POST' to 'http://localhost:47999/session/1e0f2760005caee97c483be7608cad36/element/577b1350-3411-485f-a520-a77097c3549b/click'
18:53:00.416 [Forwarding clickElement on session 1e0f2760005caee97c483be7608cad36 to remote] DEBUG org.asynchttpclient.netty.request.NettyRequestSender - Using open Channel [id: 0x77c931c2, L:/127.0.0.1:59125 - R:localhost/127.0.0.1:47999] for POST '/session/1e0f2760005caee97c483be7608cad36/element/577b1350-3411-485f-a520-a77097c3549b/click'
18:53:00.462 [AsyncHttpClient-1-9] DEBUG org.asynchttpclient.netty.handler.HttpHandler - 

Request DefaultHttpRequest(decodeResult: success, version: HTTP/1.1)
POST /session/1e0f2760005caee97c483be7608cad36/element/577b1350-3411-485f-a520-a77097c3549b/click HTTP/1.1
User-Agent: selenium/4.8.1 (java windows)
Content-Length: 50
Content-Type: application/json; charset=utf-8
host: localhost:47999
accept: */*

Response DefaultHttpResponse(decodeResult: success, version: HTTP/1.1)
HTTP/1.1 200 OK
Content-Length: 14
Content-Type: application/json; charset=utf-8
cache-control: no-cache

18:53:00.462 [AsyncHttpClient-1-9] DEBUG org.asynchttpclient.netty.channel.ChannelManager - Adding key: http://localhost:47999 for channel [id: 0x77c931c2, L:/127.0.0.1:59125 - R:localhost/127.0.0.1:47999]
18:53:00.468 [Forwarding getAlertText on session 1e0f2760005caee97c483be7608cad36 to remote] DEBUG org.asynchttpclient.netty.request.NettyRequestSender - Using pooled Channel '[id: 0x77c931c2, L:/127.0.0.1:59125 - R:localhost/127.0.0.1:47999]' for 'GET' to 'http://localhost:47999/session/1e0f2760005caee97c483be7608cad36/alert/text'
18:53:00.468 [Forwarding getAlertText on session 1e0f2760005caee97c483be7608cad36 to remote] DEBUG org.asynchttpclient.netty.request.NettyRequestSender - Using open Channel [id: 0x77c931c2, L:/127.0.0.1:59125 - R:localhost/127.0.0.1:47999] for GET '/session/1e0f2760005caee97c483be7608cad36/alert/text'
18:53:00.470 [AsyncHttpClient-1-9] DEBUG org.asynchttpclient.netty.handler.HttpHandler - 

Request DefaultFullHttpRequest(decodeResult: success, version: HTTP/1.1, content: EmptyByteBufBE)
GET /session/1e0f2760005caee97c483be7608cad36/alert/text HTTP/1.1
User-Agent: selenium/4.8.1 (java windows)
Cache-Control: no-cache
Content-Type: application/json; charset=utf-8
host: localhost:47999
accept: */*

Response DefaultHttpResponse(decodeResult: success, version: HTTP/1.1)
HTTP/1.1 404 Not Found
Content-Length: 809
Content-Type: application/json; charset=utf-8
cache-control: no-cache

18:53:00.470 [AsyncHttpClient-1-9] DEBUG org.asynchttpclient.netty.channel.ChannelManager - Adding key: http://localhost:47999 for channel [id: 0x77c931c2, L:/127.0.0.1:59125 - R:localhost/127.0.0.1:47999]
18:53:00.471 [Forwarding getCurrentUrl on session 1e0f2760005caee97c483be7608cad36 to remote] DEBUG org.asynchttpclient.netty.request.NettyRequestSender - Using pooled Channel '[id: 0x77c931c2, L:/127.0.0.1:59125 - R:localhost/127.0.0.1:47999]' for 'GET' to 'http://localhost:47999/session/1e0f2760005caee97c483be7608cad36/url'
18:53:00.471 [Forwarding getCurrentUrl on session 1e0f2760005caee97c483be7608cad36 to remote] DEBUG org.asynchttpclient.netty.request.NettyRequestSender - Using open Channel [id: 0x77c931c2, L:/127.0.0.1:59125 - R:localhost/127.0.0.1:47999] for GET '/session/1e0f2760005caee97c483be7608cad36/url'
18:53:00.478 [AsyncHttpClient-1-9] DEBUG org.asynchttpclient.netty.handler.HttpHandler - 

Request DefaultFullHttpRequest(decodeResult: success, version: HTTP/1.1, content: EmptyByteBufBE)
GET /session/1e0f2760005caee97c483be7608cad36/url HTTP/1.1
User-Agent: selenium/4.8.1 (java windows)
Cache-Control: no-cache
Content-Type: application/json; charset=utf-8
host: localhost:47999
accept: */*

Response DefaultHttpResponse(decodeResult: success, version: HTTP/1.1)
HTTP/1.1 200 OK
Content-Length: 54
Content-Type: application/json; charset=utf-8
cache-control: no-cache

18:53:00.478 [AsyncHttpClient-1-9] DEBUG org.asynchttpclient.netty.channel.ChannelManager - Adding key: http://localhost:47999 for channel [id: 0x77c931c2, L:/127.0.0.1:59125 - R:localhost/127.0.0.1:47999]
18:53:00.478 [Forwarding screenshot on session 1e0f2760005caee97c483be7608cad36 to remote] DEBUG org.asynchttpclient.netty.request.NettyRequestSender - Using pooled Channel '[id: 0x77c931c2, L:/127.0.0.1:59125 - R:localhost/127.0.0.1:47999]' for 'GET' to 'http://localhost:47999/session/1e0f2760005caee97c483be7608cad36/screenshot'
18:53:00.478 [Forwarding screenshot on session 1e0f2760005caee97c483be7608cad36 to remote] DEBUG org.asynchttpclient.netty.request.NettyRequestSender - Using open Channel [id: 0x77c931c2, L:/127.0.0.1:59125 - R:localhost/127.0.0.1:47999] for GET '/session/1e0f2760005caee97c483be7608cad36/screenshot'
18:53:00.800 [AsyncHttpClient-1-9] DEBUG org.asynchttpclient.netty.handler.HttpHandler - 

Request DefaultFullHttpRequest(decodeResult: success, version: HTTP/1.1, content: EmptyByteBufBE)
GET /session/1e0f2760005caee97c483be7608cad36/screenshot HTTP/1.1
User-Agent: selenium/4.8.1 (java windows)
Cache-Control: no-cache
Content-Type: application/json; charset=utf-8
host: localhost:47999
accept: */*

Response DefaultHttpResponse(decodeResult: success, version: HTTP/1.1)
HTTP/1.1 200 OK
Content-Length: 57356
Content-Type: application/json; charset=utf-8
cache-control: no-cache

18:53:00.800 [AsyncHttpClient-1-9] DEBUG org.asynchttpclient.netty.channel.ChannelManager - Adding key: http://localhost:47999 for channel [id: 0x77c931c2, L:/127.0.0.1:59125 - R:localhost/127.0.0.1:47999]
18:53:00.805 [main] DEBUG net.serenitybdd.core.photography.Darkroom - Send negative for processing for target\site\serenity\0240667f46588bd3362bf22e2ed25388e5bcd07b1c7a2d9126ebbc3b6792c12a.png
18:53:00.805 [main] DEBUG net.thucydides.core.steps.StepInterceptor - STEP DONE: ClickRegisterButton
18:53:00.805 [Darkroom Processing Line] DEBUG net.serenitybdd.core.photography.DarkroomProcessingLine - Processing screenshot image in /var/screenshots/screenshot-14634332826010292278
18:53:00.805 [Darkroom Processing Line] DEBUG net.serenitybdd.core.photography.DarkroomProcessingLine - Saving screenshot to target\site\serenity\0240667f46588bd3362bf22e2ed25388e5bcd07b1c7a2d9126ebbc3b6792c12a.png
  &amp#27;[32mAnd &amp#27;[0m&amp#27;[32mI click the register button&amp#27;[0m                     &amp#27;[90m# starter.stepdefinitions.RegisterSteps.clickRegisterButton()&amp#27;[0m
18:53:00.813 [Forwarding getPageSource on session 1e0f2760005caee97c483be7608cad36 to remote] DEBUG org.asynchttpclient.netty.request.NettyRequestSender - Using pooled Channel '[id: 0x77c931c2, L:/127.0.0.1:59125 - R:localhost/127.0.0.1:47999]' for 'POST' to 'http://localhost:47999/session/1e0f2760005caee97c483be7608cad36/execute/sync'
18:53:00.813 [Forwarding getPageSource on session 1e0f2760005caee97c483be7608cad36 to remote] DEBUG org.asynchttpclient.netty.request.NettyRequestSender - Using open Channel [id: 0x77c931c2, L:/127.0.0.1:59125 - R:localhost/127.0.0.1:47999] for POST '/session/1e0f2760005caee97c483be7608cad36/execute/sync'
18:53:00.818 [AsyncHttpClient-1-9] DEBUG org.asynchttpclient.netty.handler.HttpHandler - 

Request DefaultHttpRequest(decodeResult: success, version: HTTP/1.1)
POST /session/1e0f2760005caee97c483be7608cad36/execute/sync HTTP/1.1
User-Agent: selenium/4.8.1 (java windows)
Content-Length: 176
Content-Type: application/json; charset=utf-8
host: localhost:47999
accept: */*

Response DefaultHttpResponse(decodeResult: success, version: HTTP/1.1)
HTTP/1.1 200 OK
Content-Length: 23116
Content-Type: application/json; charset=utf-8
cache-control: no-cache

18:53:00.818 [AsyncHttpClient-1-9] DEBUG org.asynchttpclient.netty.channel.ChannelManager - Adding key: http://localhost:47999 for channel [id: 0x77c931c2, L:/127.0.0.1:59125 - R:localhost/127.0.0.1:47999]
18:53:00.822 [Forwarding getCurrentUrl on session 1e0f2760005caee97c483be7608cad36 to remote] DEBUG org.asynchttpclient.netty.request.NettyRequestSender - Using pooled Channel '[id: 0x77c931c2, L:/127.0.0.1:59125 - R:localhost/127.0.0.1:47999]' for 'GET' to 'http://localhost:47999/session/1e0f2760005caee97c483be7608cad36/url'
18:53:00.822 [Forwarding getCurrentUrl on session 1e0f2760005caee97c483be7608cad36 to remote] DEBUG org.asynchttpclient.netty.request.NettyRequestSender - Using open Channel [id: 0x77c931c2, L:/127.0.0.1:59125 - R:localhost/127.0.0.1:47999] for GET '/session/1e0f2760005caee97c483be7608cad36/url'
18:53:00.826 [AsyncHttpClient-1-9] DEBUG org.asynchttpclient.netty.handler.HttpHandler - 

Request DefaultFullHttpRequest(decodeResult: success, version: HTTP/1.1, content: EmptyByteBufBE)
GET /session/1e0f2760005caee97c483be7608cad36/url HTTP/1.1
User-Agent: selenium/4.8.1 (java windows)
Cache-Control: no-cache
Content-Type: application/json; charset=utf-8
host: localhost:47999
accept: */*

Response DefaultHttpResponse(decodeResult: success, version: HTTP/1.1)
HTTP/1.1 200 OK
Content-Length: 54
Content-Type: application/json; charset=utf-8
cache-control: no-cache

18:53:00.826 [AsyncHttpClient-1-9] DEBUG org.asynchttpclient.netty.channel.ChannelManager - Adding key: http://localhost:47999 for channel [id: 0x77c931c2, L:/127.0.0.1:59125 - R:localhost/127.0.0.1:47999]
18:53:00.833 [Forwarding getPageSource on session 1e0f2760005caee97c483be7608cad36 to remote] DEBUG org.asynchttpclient.netty.request.NettyRequestSender - Using pooled Channel '[id: 0x77c931c2, L:/127.0.0.1:59125 - R:localhost/127.0.0.1:47999]' for 'POST' to 'http://localhost:47999/session/1e0f2760005caee97c483be7608cad36/execute/sync'
18:53:00.833 [Forwarding getPageSource on session 1e0f2760005caee97c483be7608cad36 to remote] DEBUG org.asynchttpclient.netty.request.NettyRequestSender - Using open Channel [id: 0x77c931c2, L:/127.0.0.1:59125 - R:localhost/127.0.0.1:47999] for POST '/session/1e0f2760005caee97c483be7608cad36/execute/sync'
18:53:00.843 [AsyncHttpClient-1-9] DEBUG org.asynchttpclient.netty.handler.HttpHandler - 

Request DefaultHttpRequest(decodeResult: success, version: HTTP/1.1)
POST /session/1e0f2760005caee97c483be7608cad36/execute/sync HTTP/1.1
User-Agent: selenium/4.8.1 (java windows)
Content-Length: 176
Content-Type: application/json; charset=utf-8
host: localhost:47999
accept: */*

Response DefaultHttpResponse(decodeResult: success, version: HTTP/1.1)
HTTP/1.1 200 OK
Content-Length: 23116
Content-Type: application/json; charset=utf-8
cache-control: no-cache

18:53:00.843 [AsyncHttpClient-1-9] DEBUG org.asynchttpclient.netty.channel.ChannelManager - Adding key: http://localhost:47999 for channel [id: 0x77c931c2, L:/127.0.0.1:59125 - R:localhost/127.0.0.1:47999]
18:53:00.845 [Forwarding getCurrentUrl on session 1e0f2760005caee97c483be7608cad36 to remote] DEBUG org.asynchttpclient.netty.request.NettyRequestSender - Using pooled Channel '[id: 0x77c931c2, L:/127.0.0.1:59125 - R:localhost/127.0.0.1:47999]' for 'GET' to 'http://localhost:47999/session/1e0f2760005caee97c483be7608cad36/url'
18:53:00.845 [Forwarding getCurrentUrl on session 1e0f2760005caee97c483be7608cad36 to remote] DEBUG org.asynchttpclient.netty.request.NettyRequestSender - Using open Channel [id: 0x77c931c2, L:/127.0.0.1:59125 - R:localhost/127.0.0.1:47999] for GET '/session/1e0f2760005caee97c483be7608cad36/url'
18:53:00.847 [AsyncHttpClient-1-9] DEBUG org.asynchttpclient.netty.handler.HttpHandler - 

Request DefaultFullHttpRequest(decodeResult: success, version: HTTP/1.1, content: EmptyByteBufBE)
GET /session/1e0f2760005caee97c483be7608cad36/url HTTP/1.1
User-Agent: selenium/4.8.1 (java windows)
Cache-Control: no-cache
Content-Type: application/json; charset=utf-8
host: localhost:47999
accept: */*

Response DefaultHttpResponse(decodeResult: success, version: HTTP/1.1)
HTTP/1.1 200 OK
Content-Length: 54
Content-Type: application/json; charset=utf-8
cache-control: no-cache

18:53:00.848 [AsyncHttpClient-1-9] DEBUG org.asynchttpclient.netty.channel.ChannelManager - Adding key: http://localhost:47999 for channel [id: 0x77c931c2, L:/127.0.0.1:59125 - R:localhost/127.0.0.1:47999]
18:53:00.849 [main] DEBUG net.thucydides.core.steps.StepInterceptor - STARTING STEP: RegisterSteps.iCanSeeErrorMessage - validateErrorMessageDisplayed
18:53:00.850 [Forwarding findElement on session 1e0f2760005caee97c483be7608cad36 to remote] DEBUG org.asynchttpclient.netty.request.NettyRequestSender - Using pooled Channel '[id: 0x77c931c2, L:/127.0.0.1:59125 - R:localhost/127.0.0.1:47999]' for 'POST' to 'http://localhost:47999/session/1e0f2760005caee97c483be7608cad36/element'
18:53:00.850 [Forwarding findElement on session 1e0f2760005caee97c483be7608cad36 to remote] DEBUG org.asynchttpclient.netty.request.NettyRequestSender - Using open Channel [id: 0x77c931c2, L:/127.0.0.1:59125 - R:localhost/127.0.0.1:47999] for POST '/session/1e0f2760005caee97c483be7608cad36/element'
18:53:00.865 [AsyncHttpClient-1-9] DEBUG org.asynchttpclient.netty.handler.HttpHandler - 

Request DefaultHttpRequest(decodeResult: success, version: HTTP/1.1)
POST /session/1e0f2760005caee97c483be7608cad36/element HTTP/1.1
User-Agent: selenium/4.8.1 (java windows)
Content-Length: 139
Content-Type: application/json; charset=utf-8
host: localhost:47999
accept: */*

Response DefaultHttpResponse(decodeResult: success, version: HTTP/1.1)
HTTP/1.1 200 OK
Content-Length: 88
Content-Type: application/json; charset=utf-8
cache-control: no-cache

18:53:00.865 [AsyncHttpClient-1-9] DEBUG org.asynchttpclient.netty.channel.ChannelManager - Adding key: http://localhost:47999 for channel [id: 0x77c931c2, L:/127.0.0.1:59125 - R:localhost/127.0.0.1:47999]
18:53:00.868 [Forwarding isElementDisplayed on session 1e0f2760005caee97c483be7608cad36 to remote] DEBUG org.asynchttpclient.netty.request.NettyRequestSender - Using pooled Channel '[id: 0x77c931c2, L:/127.0.0.1:59125 - R:localhost/127.0.0.1:47999]' for 'POST' to 'http://localhost:47999/session/1e0f2760005caee97c483be7608cad36/execute/sync'
18:53:00.868 [Forwarding isElementDisplayed on session 1e0f2760005caee97c483be7608cad36 to remote] DEBUG org.asynchttpclient.netty.request.NettyRequestSender - Using open Channel [id: 0x77c931c2, L:/127.0.0.1:59125 - R:localhost/127.0.0.1:47999] for POST '/session/1e0f2760005caee97c483be7608cad36/execute/sync'
18:53:00.884 [AsyncHttpClient-1-9] DEBUG org.asynchttpclient.netty.handler.HttpHandler - 

Request DefaultHttpRequest(decodeResult: success, version: HTTP/1.1)
POST /session/1e0f2760005caee97c483be7608cad36/execute/sync HTTP/1.1
User-Agent: selenium/4.8.1 (java windows)
Content-Length: 48807
Content-Type: application/json; charset=utf-8
host: localhost:47999
accept: */*

Response DefaultHttpResponse(decodeResult: success, version: HTTP/1.1)
HTTP/1.1 200 OK
Content-Length: 14
Content-Type: application/json; charset=utf-8
cache-control: no-cache

18:53:00.884 [AsyncHttpClient-1-9] DEBUG org.asynchttpclient.netty.channel.ChannelManager - Adding key: http://localhost:47999 for channel [id: 0x77c931c2, L:/127.0.0.1:59125 - R:localhost/127.0.0.1:47999]
18:53:00.893 [Forwarding getAlertText on session 1e0f2760005caee97c483be7608cad36 to remote] DEBUG org.asynchttpclient.netty.request.NettyRequestSender - Using pooled Channel '[id: 0x77c931c2, L:/127.0.0.1:59125 - R:localhost/127.0.0.1:47999]' for 'GET' to 'http://localhost:47999/session/1e0f2760005caee97c483be7608cad36/alert/text'
18:53:00.893 [Forwarding getAlertText on session 1e0f2760005caee97c483be7608cad36 to remote] DEBUG org.asynchttpclient.netty.request.NettyRequestSender - Using open Channel [id: 0x77c931c2, L:/127.0.0.1:59125 - R:localhost/127.0.0.1:47999] for GET '/session/1e0f2760005caee97c483be7608cad36/alert/text'
18:53:00.894 [AsyncHttpClient-1-9] DEBUG org.asynchttpclient.netty.handler.HttpHandler - 

Request DefaultFullHttpRequest(decodeResult: success, version: HTTP/1.1, content: EmptyByteBufBE)
GET /session/1e0f2760005caee97c483be7608cad36/alert/text HTTP/1.1
User-Agent: selenium/4.8.1 (java windows)
Cache-Control: no-cache
Content-Type: application/json; charset=utf-8
host: localhost:47999
accept: */*

Response DefaultHttpResponse(decodeResult: success, version: HTTP/1.1)
HTTP/1.1 404 Not Found
Content-Length: 809
Content-Type: application/json; charset=utf-8
cache-control: no-cache

18:53:00.894 [AsyncHttpClient-1-9] DEBUG org.asynchttpclient.netty.channel.ChannelManager - Adding key: http://localhost:47999 for channel [id: 0x77c931c2, L:/127.0.0.1:59125 - R:localhost/127.0.0.1:47999]
18:53:00.895 [Forwarding getCurrentUrl on session 1e0f2760005caee97c483be7608cad36 to remote] DEBUG org.asynchttpclient.netty.request.NettyRequestSender - Using pooled Channel '[id: 0x77c931c2, L:/127.0.0.1:59125 - R:localhost/127.0.0.1:47999]' for 'GET' to 'http://localhost:47999/session/1e0f2760005caee97c483be7608cad36/url'
18:53:00.895 [Forwarding getCurrentUrl on session 1e0f2760005caee97c483be7608cad36 to remote] DEBUG org.asynchttpclient.netty.request.NettyRequestSender - Using open Channel [id: 0x77c931c2, L:/127.0.0.1:59125 - R:localhost/127.0.0.1:47999] for GET '/session/1e0f2760005caee97c483be7608cad36/url'
18:53:00.898 [AsyncHttpClient-1-9] DEBUG org.asynchttpclient.netty.handler.HttpHandler - 

Request DefaultFullHttpRequest(decodeResult: success, version: HTTP/1.1, content: EmptyByteBufBE)
GET /session/1e0f2760005caee97c483be7608cad36/url HTTP/1.1
User-Agent: selenium/4.8.1 (java windows)
Cache-Control: no-cache
Content-Type: application/json; charset=utf-8
host: localhost:47999
accept: */*

Response DefaultHttpResponse(decodeResult: success, version: HTTP/1.1)
HTTP/1.1 200 OK
Content-Length: 54
Content-Type: application/json; charset=utf-8
cache-control: no-cache

18:53:00.898 [AsyncHttpClient-1-9] DEBUG org.asynchttpclient.netty.channel.ChannelManager - Adding key: http://localhost:47999 for channel [id: 0x77c931c2, L:/127.0.0.1:59125 - R:localhost/127.0.0.1:47999]
18:53:00.899 [Forwarding screenshot on session 1e0f2760005caee97c483be7608cad36 to remote] DEBUG org.asynchttpclient.netty.request.NettyRequestSender - Using pooled Channel '[id: 0x77c931c2, L:/127.0.0.1:59125 - R:localhost/127.0.0.1:47999]' for 'GET' to 'http://localhost:47999/session/1e0f2760005caee97c483be7608cad36/screenshot'
18:53:00.899 [Forwarding screenshot on session 1e0f2760005caee97c483be7608cad36 to remote] DEBUG org.asynchttpclient.netty.request.NettyRequestSender - Using open Channel [id: 0x77c931c2, L:/127.0.0.1:59125 - R:localhost/127.0.0.1:47999] for GET '/session/1e0f2760005caee97c483be7608cad36/screenshot'
18:53:01.149 [AsyncHttpClient-1-9] DEBUG org.asynchttpclient.netty.handler.HttpHandler - 

Request DefaultFullHttpRequest(decodeResult: success, version: HTTP/1.1, content: EmptyByteBufBE)
GET /session/1e0f2760005caee97c483be7608cad36/screenshot HTTP/1.1
User-Agent: selenium/4.8.1 (java windows)
Cache-Control: no-cache
Content-Type: application/json; charset=utf-8
host: localhost:47999
accept: */*

Response DefaultHttpResponse(decodeResult: success, version: HTTP/1.1)
HTTP/1.1 200 OK
Content-Length: 56308
Content-Type: application/json; charset=utf-8
cache-control: no-cache

18:53:01.149 [AsyncHttpClient-1-9] DEBUG org.asynchttpclient.netty.channel.ChannelManager - Adding key: http://localhost:47999 for channel [id: 0x77c931c2, L:/127.0.0.1:59125 - R:localhost/127.0.0.1:47999]
18:53:01.152 [main] DEBUG net.serenitybdd.core.photography.Darkroom - Send negative for processing for target\site\serenity\909318751f4a24d4afa37f8ce13022dccd5377d50ad9cf5a276dc324b3eda382.png
18:53:01.153 [Darkroom Processing Line] DEBUG net.serenitybdd.core.photography.DarkroomProcessingLine - Processing screenshot image in /var/screenshots/screenshot-14555681549198455340
18:53:01.153 [Darkroom Processing Line] DEBUG net.serenitybdd.core.photography.DarkroomProcessingLine - Saving screenshot to target\site\serenity\909318751f4a24d4afa37f8ce13022dccd5377d50ad9cf5a276dc324b3eda382.png
18:53:01.153 [main] DEBUG net.thucydides.core.steps.StepInterceptor - STEP DONE: validateErrorMessageDisplayed
  &amp#27;[32mThen &amp#27;[0m&amp#27;[32mI can see error message&amp#27;[0m                        &amp#27;[90m# starter.stepdefinitions.RegisterSteps.iCanSeeErrorMessage()&amp#27;[0m
18:53:01.161 [main] INFO  - 
  _____   ___   ___   _____     ___     _     ___   ___   ___   ___  
 |_   _| | __| / __| |_   _|   | _ \   /_\   / __| / __| | __| |   \ 
   | |   | _|  \__ \   | |     |  _/  / _ \  \__ \ \__ \ | _|  | |) |
   |_|   |___| |___/   |_|     |_|   /_/ \_\ |___/ |___/ |___| |___/ 

As a user I registered with incomplete data
----------------------------------------------------------------------
18:53:01.163 [AsyncHttpClient-1-11] DEBUG org.asynchttpclient.netty.handler.WebSocketHandler - Channel Closed: [id: 0x91abf049, L:/127.0.0.1:59132 ! R:localhost/127.0.0.1:59126] with attribute NettyResponseFuture{currentRetry=0,
	isDone=1,
	isCancelled=0,
	asyncHandler=org.asynchttpclient.ws.WebSocketUpgradeHandler@5188d445,
	nettyRequest=org.asynchttpclient.netty.request.NettyRequest@720b64b7,
	future=java.util.concurrent.CompletableFuture@11313bf1[Completed normally],
	uri=ws://localhost:59126/devtools/browser/96628ef0-c5f6-49f0-b74e-f239dcfb473f,
	keepAlive=true,
	redirectCount=0,
	timeoutsHolder=null,
	inAuth=0,
	touch=1683546776050}
18:53:01.164 [AsyncHttpClient-1-11] DEBUG org.asynchttpclient.netty.channel.ChannelManager - Closing Channel [id: 0x91abf049, L:/127.0.0.1:59132 ! R:localhost/127.0.0.1:59126] 
18:53:01.164 [Driver Command Executor] DEBUG org.asynchttpclient.netty.request.NettyRequestSender - Using pooled Channel '[id: 0x77c931c2, L:/127.0.0.1:59125 - R:localhost/127.0.0.1:47999]' for 'DELETE' to 'http://localhost:47999/session/1e0f2760005caee97c483be7608cad36'
18:53:01.164 [Driver Command Executor] DEBUG org.asynchttpclient.netty.request.NettyRequestSender - Using open Channel [id: 0x77c931c2, L:/127.0.0.1:59125 - R:localhost/127.0.0.1:47999] for DELETE '/session/1e0f2760005caee97c483be7608cad36'
18:53:01.266 [AsyncHttpClient-1-1] DEBUG org.asynchttpclient.netty.channel.DefaultChannelPool - Entry count for : http://localhost:59126 : 1
18:53:01.436 [AsyncHttpClient-1-10] DEBUG org.asynchttpclient.netty.handler.HttpHandler - Unexpected I/O exception on channel [id: 0xb4c9bbae, L:/127.0.0.1:59131 - R:localhost/127.0.0.1:59126]
java.net.SocketException: Connection reset
	at java.base/sun.nio.ch.SocketChannelImpl.throwConnectionReset(SocketChannelImpl.java:394)
	at java.base/sun.nio.ch.SocketChannelImpl.read(SocketChannelImpl.java:426)
	at io.netty.buffer.PooledByteBuf.setBytes(PooledByteBuf.java:259)
	at io.netty.buffer.AbstractByteBuf.writeBytes(AbstractByteBuf.java:1132)
	at io.netty.channel.socket.nio.NioSocketChannel.doReadBytes(NioSocketChannel.java:357)
	at io.netty.channel.nio.AbstractNioByteChannel$NioByteUnsafe.read(AbstractNioByteChannel.java:151)
	at io.netty.channel.nio.NioEventLoop.processSelectedKey(NioEventLoop.java:788)
	at io.netty.channel.nio.NioEventLoop.processSelectedKeysOptimized(NioEventLoop.java:724)
	at io.netty.channel.nio.NioEventLoop.processSelectedKeys(NioEventLoop.java:650)
	at io.netty.channel.nio.NioEventLoop.run(NioEventLoop.java:562)
	at io.netty.util.concurrent.SingleThreadEventExecutor$4.run(SingleThreadEventExecutor.java:997)
	at io.netty.util.internal.ThreadExecutorMap$2.run(ThreadExecutorMap.java:74)
	at io.netty.util.concurrent.FastThreadLocalRunnable.run(FastThreadLocalRunnable.java:30)
	at java.base/java.lang.Thread.run(Thread.java:833)
18:53:01.437 [AsyncHttpClient-1-10] DEBUG org.asynchttpclient.netty.channel.ChannelManager - Closing Channel [id: 0xb4c9bbae, L:/127.0.0.1:59131 - R:localhost/127.0.0.1:59126] 
18:53:01.437 [AsyncHttpClient-1-10] DEBUG org.asynchttpclient.netty.handler.HttpHandler - Channel Closed: [id: 0xb4c9bbae, L:/127.0.0.1:59131 ! R:localhost/127.0.0.1:59126] with attribute DISCARD
18:53:01.462 [AsyncHttpClient-1-9] DEBUG org.asynchttpclient.netty.handler.HttpHandler - 

Request DefaultFullHttpRequest(decodeResult: success, version: HTTP/1.1, content: EmptyByteBufBE)
DELETE /session/1e0f2760005caee97c483be7608cad36 HTTP/1.1
User-Agent: selenium/4.8.1 (java windows)
Content-Type: application/json; charset=utf-8
host: localhost:47999
accept: */*

Response DefaultHttpResponse(decodeResult: success, version: HTTP/1.1)
HTTP/1.1 200 OK
Content-Length: 14
Content-Type: application/json; charset=utf-8
cache-control: no-cache

18:53:01.462 [AsyncHttpClient-1-9] DEBUG org.asynchttpclient.netty.channel.ChannelManager - Adding key: http://localhost:47999 for channel [id: 0x77c931c2, L:/127.0.0.1:59125 - R:localhost/127.0.0.1:47999]
18:53:01.545 [AsyncHttpClient-1-9] DEBUG org.asynchttpclient.netty.handler.HttpHandler - Channel Closed: [id: 0x77c931c2, L:/127.0.0.1:59125 ! R:localhost/127.0.0.1:47999] with attribute DISCARD
]]></system-out>
    <system-err><![CDATA[Starting ChromeDriver 111.0.5563.64 (c710e93d5b63b7095afe8c2c17df34408078439d-refs/branch-heads/5563@{#995}) on port 47999
Only local connections are allowed.
Please see https://chromedriver.chromium.org/security-considerations for suggestions on keeping ChromeDriver safe.
ChromeDriver was started successfully.
[1683546775.809][WARNING]: This version of ChromeDriver has not been tested with Chrome version 112.
May 08, 2023 6:52:56 PM org.openqa.selenium.devtools.CdpVersionFinder findNearestMatch
WARNING: Unable to find an exact match for CDP version 112, so returning the closest version found: 110
]]></system-err>
  </testcase>
  <testcase name="As user i make a product transaction" classname="Transaction" time="12.424">
    <error type="net.thucydides.core.webdriver.exceptions.ElementShouldBeEnabledException"><![CDATA[net.thucydides.core.webdriver.exceptions.ElementShouldBeEnabledException: Expected enabled element was not enabled
Caused by: org.openqa.selenium.TimeoutException: Expected condition failed: waiting for By.xpath: //button[@class='button-beli ml-3 v-btn v-btn--outlined theme--light v-size--small primary--text'] to be enabled (tried for 5 second(s) with 100 milliseconds interval)
Caused by: org.openqa.selenium.NoSuchElementException: 
no such element: Unable to locate element: {"method":"xpath","selector":"//button[@class='button-beli ml-3 v-btn v-btn--outlined theme--light v-size--small primary--text']"}
  (Session info: chrome=112.0.5615.138)
For documentation on this error, please visit: https://selenium.dev/exceptions/#no_such_element
Build info: version: '4.8.1', revision: '8ebccac989'
System info: os.name: 'Windows 11', os.arch: 'amd64', os.version: '10.0', java.version: '17.0.6'
Driver info: org.openqa.selenium.chrome.ChromeDriver
Command: [63389ead735ccf39dee083163f54171e, findElement {using=xpath, value=//button[@class='button-beli ml-3 v-btn v-btn--outlined theme--light v-size--small primary--text']}]
Capabilities {acceptInsecureCerts: false, browserName: chrome, browserVersion: 112.0.5615.138, chrome: {chromedriverVersion: 111.0.5563.64 (c710e93d5b63..., userDataDir: C:\Users\User-PC\AppData\Lo...}, goog:chromeOptions: {debuggerAddress: localhost:59151}, networkConnectionEnabled: false, pageLoadStrategy: normal, platformName: WINDOWS, proxy: Proxy(), se:cdp: ws://localhost:59151/devtoo..., se:cdpVersion: 112.0.5615.138, setWindowRect: true, strictFileInteractability: false, timeouts: {implicit: 0, pageLoad: 300000, script: 30000}, unhandledPromptBehavior: dismiss and notify, webauthn:extension:credBlob: true, webauthn:extension:largeBlob: true, webauthn:extension:minPinLength: true, webauthn:extension:prf: true, webauthn:virtualAuthenticators: true}
Session ID: 63389ead735ccf39dee083163f54171e
]]></error>
    <system-out><![CDATA[18:53:01.633 [main] DEBUG io.cucumber.core.plugin.SerenityReporter - Running feature from file:///D:/alta/MiniProject/src/test/resources/features/transaction.feature
18:53:01.639 [main] DEBUG net.thucydides.core.steps.StepEventBus - Test suite started for story net.thucydides.core.model.Story@7a9928c8
18:53:01.641 [main] INFO  - Test Suite Started: Transaction

@transaction
Scenario: As user i make a product transaction   &amp#27;[90m# src/test/resources/features/transaction.feature:7&amp#27;[0m
18:53:01.648 [main] DEBUG io.cucumber.core.plugin.SerenityReporter - Running feature from file:///D:/alta/MiniProject/src/test/resources/features/transaction.feature
18:53:01.649 [main] INFO  - 
  _____   ___   ___   _____     ___   _____     _     ___   _____   ___   ___  
 |_   _| | __| / __| |_   _|   / __| |_   _|   /_\   | _ \ |_   _| | __| |   \ 
   | |   | _|  \__ \   | |     \__ \   | |    / _ \  |   /   | |   | _|  | |) |
   |_|   |___| |___/   |_|     |___/   |_|   /_/ \_\ |_|_\   |_|   |___| |___/ 

As user i make a product transaction(transaction;as-user-i-make-a-product-transaction)
--------------------------------------------------------------------------------
18:53:02.158 [main] INFO net.serenitybdd.core.webdriver.driverproviders.ChromeDriverProvider - Starting Chrome driver instance with capabilities:
18:53:02.158 [main] INFO net.serenitybdd.core.webdriver.driverproviders.ChromeDriverProvider - Capabilities {acceptInsecureCerts: false, browserName: chrome, goog:chromeOptions: {args: [remote-allow-origins=*], extensions: []}}
18:53:02.282 [AsyncHttpClient-1-12] DEBUG org.asynchttpclient.netty.channel.NettyConnectListener - Using new Channel '[id: 0x463696e1, L:/127.0.0.1:59150 - R:localhost/127.0.0.1:46775]' for 'POST' to '/session'
18:53:02.369 [AsyncHttpClient-1-1] DEBUG org.asynchttpclient.netty.channel.DefaultChannelPool - Entry count for : http://localhost:47999 : 1
18:53:02.369 [AsyncHttpClient-1-1] DEBUG org.asynchttpclient.netty.channel.DefaultChannelPool - Entry count for : http://localhost:59126 : 1
18:53:02.369 [AsyncHttpClient-1-1] DEBUG org.asynchttpclient.netty.channel.DefaultChannelPool - Adding Candidate expired Channel [id: 0x77c931c2, L:/127.0.0.1:59125 ! R:localhost/127.0.0.1:47999] isIdleTimeoutExpired=false isRemotelyClosed=true isTtlExpired=false
18:53:02.369 [AsyncHttpClient-1-1] DEBUG org.asynchttpclient.netty.channel.DefaultChannelPool - Closing Idle Channel [id: 0x77c931c2, L:/127.0.0.1:59125 ! R:localhost/127.0.0.1:47999]
18:53:02.369 [AsyncHttpClient-1-1] DEBUG org.asynchttpclient.netty.channel.DefaultChannelPool - Adding Candidate expired Channel [id: 0xb4c9bbae, L:/127.0.0.1:59131 ! R:localhost/127.0.0.1:59126] isIdleTimeoutExpired=false isRemotelyClosed=true isTtlExpired=false
18:53:02.369 [AsyncHttpClient-1-1] DEBUG org.asynchttpclient.netty.channel.DefaultChannelPool - Closing Idle Channel [id: 0xb4c9bbae, L:/127.0.0.1:59131 ! R:localhost/127.0.0.1:59126]
18:53:02.369 [AsyncHttpClient-1-1] DEBUG org.asynchttpclient.netty.channel.DefaultChannelPool - Closed 2 connections out of 2 in 0 ms
18:53:03.358 [AsyncHttpClient-1-12] DEBUG org.asynchttpclient.netty.handler.HttpHandler - 

Request DefaultHttpRequest(decodeResult: success, version: HTTP/1.1)
POST /session HTTP/1.1
User-Agent: selenium/4.8.1 (java windows)
Content-Length: 507
Content-Type: application/json; charset=utf-8
host: localhost:46775
accept: */*

Response DefaultHttpResponse(decodeResult: success, version: HTTP/1.1)
HTTP/1.1 200 OK
Content-Length: 861
Content-Type: application/json; charset=utf-8
cache-control: no-cache

18:53:03.359 [AsyncHttpClient-1-12] DEBUG org.asynchttpclient.netty.channel.ChannelManager - Adding key: http://localhost:46775 for channel [id: 0x463696e1, L:/127.0.0.1:59150 - R:localhost/127.0.0.1:46775]
18:53:03.375 [AsyncHttpClient-1-13] DEBUG org.asynchttpclient.netty.channel.NettyConnectListener - Using new Channel '[id: 0xf518d610, L:/127.0.0.1:59158 - R:localhost/127.0.0.1:59151]' for 'GET' to '/json/version'
18:53:03.377 [AsyncHttpClient-1-13] DEBUG org.asynchttpclient.netty.handler.HttpHandler - 

Request DefaultFullHttpRequest(decodeResult: success, version: HTTP/1.1, content: EmptyByteBufBE)
GET /json/version HTTP/1.1
User-Agent: selenium/4.8.1 (java windows)
host: localhost:59151
accept: */*

Response DefaultHttpResponse(decodeResult: success, version: HTTP/1.1)
HTTP/1.1 200 OK
Content-Security-Policy: frame-ancestors 'none'
Content-Length: 424
Content-Type: application/json; charset=UTF-8

18:53:03.377 [AsyncHttpClient-1-13] DEBUG org.asynchttpclient.netty.channel.ChannelManager - Adding key: http://localhost:59151 for channel [id: 0xf518d610, L:/127.0.0.1:59158 - R:localhost/127.0.0.1:59151]
18:53:03.381 [AsyncHttpClient-1-14] DEBUG org.asynchttpclient.netty.channel.NettyConnectListener - Using new Channel '[id: 0x17176564, L:/127.0.0.1:59160 - R:localhost/127.0.0.1:59151]' for 'GET' to '/devtools/browser/f58f7e69-98fd-41ec-ba95-e2a2a917d3bd'
18:53:03.382 [AsyncHttpClient-1-14] DEBUG org.asynchttpclient.netty.handler.WebSocketHandler - 

Request DefaultFullHttpRequest(decodeResult: success, version: HTTP/1.1, content: EmptyByteBufBE)
GET /devtools/browser/f58f7e69-98fd-41ec-ba95-e2a2a917d3bd HTTP/1.1
upgrade: websocket
connection: upgrade
sec-websocket-key: j6GINPL+wHbdB8laFqiLjQ==
sec-websocket-version: 13
origin: http://localhost:59151
host: localhost:59151
accept: */*
user-agent: AHC/2.1

Response DefaultHttpResponse(decodeResult: success, version: HTTP/1.1)
HTTP/1.1 101 WebSocket Protocol Handshake
Upgrade: WebSocket
Connection: Upgrade
Sec-WebSocket-Accept: kz8jJLNi3I/nk/wPsEmoKwuUCgQ=

18:53:03.390 [Forwarding get on session 63389ead735ccf39dee083163f54171e to remote] DEBUG org.asynchttpclient.netty.request.NettyRequestSender - Using pooled Channel '[id: 0x463696e1, L:/127.0.0.1:59150 - R:localhost/127.0.0.1:46775]' for 'POST' to 'http://localhost:46775/session/63389ead735ccf39dee083163f54171e/url'
18:53:03.391 [Forwarding get on session 63389ead735ccf39dee083163f54171e to remote] DEBUG org.asynchttpclient.netty.request.NettyRequestSender - Using open Channel [id: 0x463696e1, L:/127.0.0.1:59150 - R:localhost/127.0.0.1:46775] for POST '/session/63389ead735ccf39dee083163f54171e/url'
18:53:03.463 [AsyncHttpClient-1-1] DEBUG org.asynchttpclient.netty.channel.DefaultChannelPool - Entry count for : http://localhost:59151 : 1
18:53:04.570 [AsyncHttpClient-1-1] DEBUG org.asynchttpclient.netty.channel.DefaultChannelPool - Entry count for : http://localhost:59151 : 1
18:53:04.751 [AsyncHttpClient-1-12] DEBUG org.asynchttpclient.netty.handler.HttpHandler - 

Request DefaultHttpRequest(decodeResult: success, version: HTTP/1.1)
POST /session/63389ead735ccf39dee083163f54171e/url HTTP/1.1
User-Agent: selenium/4.8.1 (java windows)
Content-Length: 74
Content-Type: application/json; charset=utf-8
host: localhost:46775
accept: */*

Response DefaultHttpResponse(decodeResult: success, version: HTTP/1.1)
HTTP/1.1 200 OK
Content-Length: 14
Content-Type: application/json; charset=utf-8
cache-control: no-cache

18:53:04.751 [AsyncHttpClient-1-12] DEBUG org.asynchttpclient.netty.channel.ChannelManager - Adding key: http://localhost:46775 for channel [id: 0x463696e1, L:/127.0.0.1:59150 - R:localhost/127.0.0.1:46775]
18:53:04.755 [Forwarding setTimeout on session 63389ead735ccf39dee083163f54171e to remote] DEBUG org.asynchttpclient.netty.request.NettyRequestSender - Using pooled Channel '[id: 0x463696e1, L:/127.0.0.1:59150 - R:localhost/127.0.0.1:46775]' for 'POST' to 'http://localhost:46775/session/63389ead735ccf39dee083163f54171e/timeouts'
18:53:04.755 [Forwarding setTimeout on session 63389ead735ccf39dee083163f54171e to remote] DEBUG org.asynchttpclient.netty.request.NettyRequestSender - Using open Channel [id: 0x463696e1, L:/127.0.0.1:59150 - R:localhost/127.0.0.1:46775] for POST '/session/63389ead735ccf39dee083163f54171e/timeouts'
18:53:04.759 [AsyncHttpClient-1-12] DEBUG org.asynchttpclient.netty.handler.HttpHandler - 

Request DefaultHttpRequest(decodeResult: success, version: HTTP/1.1)
POST /session/63389ead735ccf39dee083163f54171e/timeouts HTTP/1.1
User-Agent: selenium/4.8.1 (java windows)
Content-Length: 22
Content-Type: application/json; charset=utf-8
host: localhost:46775
accept: */*

Response DefaultHttpResponse(decodeResult: success, version: HTTP/1.1)
HTTP/1.1 200 OK
Content-Length: 14
Content-Type: application/json; charset=utf-8
cache-control: no-cache

18:53:04.759 [AsyncHttpClient-1-12] DEBUG org.asynchttpclient.netty.channel.ChannelManager - Adding key: http://localhost:46775 for channel [id: 0x463696e1, L:/127.0.0.1:59150 - R:localhost/127.0.0.1:46775]
18:53:04.777 [main] DEBUG net.serenitybdd.core.photography.Darkroom - Opening darkroom
18:53:04.778 [Darkroom Processing Line] DEBUG net.serenitybdd.core.photography.DarkroomProcessingLine - Darkroom processing line starting up
18:53:04.830 [Forwarding getAlertText on session 63389ead735ccf39dee083163f54171e to remote] DEBUG org.asynchttpclient.netty.request.NettyRequestSender - Using pooled Channel '[id: 0x463696e1, L:/127.0.0.1:59150 - R:localhost/127.0.0.1:46775]' for 'GET' to 'http://localhost:46775/session/63389ead735ccf39dee083163f54171e/alert/text'
18:53:04.830 [Forwarding getAlertText on session 63389ead735ccf39dee083163f54171e to remote] DEBUG org.asynchttpclient.netty.request.NettyRequestSender - Using open Channel [id: 0x463696e1, L:/127.0.0.1:59150 - R:localhost/127.0.0.1:46775] for GET '/session/63389ead735ccf39dee083163f54171e/alert/text'
18:53:04.832 [AsyncHttpClient-1-12] DEBUG org.asynchttpclient.netty.handler.HttpHandler - 

Request DefaultFullHttpRequest(decodeResult: success, version: HTTP/1.1, content: EmptyByteBufBE)
GET /session/63389ead735ccf39dee083163f54171e/alert/text HTTP/1.1
User-Agent: selenium/4.8.1 (java windows)
Cache-Control: no-cache
Content-Type: application/json; charset=utf-8
host: localhost:46775
accept: */*

Response DefaultHttpResponse(decodeResult: success, version: HTTP/1.1)
HTTP/1.1 404 Not Found
Content-Length: 809
Content-Type: application/json; charset=utf-8
cache-control: no-cache

18:53:04.832 [AsyncHttpClient-1-12] DEBUG org.asynchttpclient.netty.channel.ChannelManager - Adding key: http://localhost:46775 for channel [id: 0x463696e1, L:/127.0.0.1:59150 - R:localhost/127.0.0.1:46775]
18:53:04.833 [Forwarding getCurrentUrl on session 63389ead735ccf39dee083163f54171e to remote] DEBUG org.asynchttpclient.netty.request.NettyRequestSender - Using pooled Channel '[id: 0x463696e1, L:/127.0.0.1:59150 - R:localhost/127.0.0.1:46775]' for 'GET' to 'http://localhost:46775/session/63389ead735ccf39dee083163f54171e/url'
18:53:04.834 [Forwarding getCurrentUrl on session 63389ead735ccf39dee083163f54171e to remote] DEBUG org.asynchttpclient.netty.request.NettyRequestSender - Using open Channel [id: 0x463696e1, L:/127.0.0.1:59150 - R:localhost/127.0.0.1:46775] for GET '/session/63389ead735ccf39dee083163f54171e/url'
18:53:04.841 [AsyncHttpClient-1-12] DEBUG org.asynchttpclient.netty.handler.HttpHandler - 

Request DefaultFullHttpRequest(decodeResult: success, version: HTTP/1.1, content: EmptyByteBufBE)
GET /session/63389ead735ccf39dee083163f54171e/url HTTP/1.1
User-Agent: selenium/4.8.1 (java windows)
Cache-Control: no-cache
Content-Type: application/json; charset=utf-8
host: localhost:46775
accept: */*

Response DefaultHttpResponse(decodeResult: success, version: HTTP/1.1)
HTTP/1.1 200 OK
Content-Length: 51
Content-Type: application/json; charset=utf-8
cache-control: no-cache

18:53:04.841 [AsyncHttpClient-1-12] DEBUG org.asynchttpclient.netty.channel.ChannelManager - Adding key: http://localhost:46775 for channel [id: 0x463696e1, L:/127.0.0.1:59150 - R:localhost/127.0.0.1:46775]
18:53:04.842 [Forwarding screenshot on session 63389ead735ccf39dee083163f54171e to remote] DEBUG org.asynchttpclient.netty.request.NettyRequestSender - Using pooled Channel '[id: 0x463696e1, L:/127.0.0.1:59150 - R:localhost/127.0.0.1:46775]' for 'GET' to 'http://localhost:46775/session/63389ead735ccf39dee083163f54171e/screenshot'
18:53:04.842 [Forwarding screenshot on session 63389ead735ccf39dee083163f54171e to remote] DEBUG org.asynchttpclient.netty.request.NettyRequestSender - Using open Channel [id: 0x463696e1, L:/127.0.0.1:59150 - R:localhost/127.0.0.1:46775] for GET '/session/63389ead735ccf39dee083163f54171e/screenshot'
18:53:05.073 [AsyncHttpClient-1-12] DEBUG org.asynchttpclient.netty.handler.HttpHandler - 

Request DefaultFullHttpRequest(decodeResult: success, version: HTTP/1.1, content: EmptyByteBufBE)
GET /session/63389ead735ccf39dee083163f54171e/screenshot HTTP/1.1
User-Agent: selenium/4.8.1 (java windows)
Cache-Control: no-cache
Content-Type: application/json; charset=utf-8
host: localhost:46775
accept: */*

Response DefaultHttpResponse(decodeResult: success, version: HTTP/1.1)
HTTP/1.1 200 OK
Content-Length: 37620
Content-Type: application/json; charset=utf-8
cache-control: no-cache

18:53:05.074 [AsyncHttpClient-1-12] DEBUG org.asynchttpclient.netty.channel.ChannelManager - Adding key: http://localhost:46775 for channel [id: 0x463696e1, L:/127.0.0.1:59150 - R:localhost/127.0.0.1:46775]
18:53:05.076 [main] DEBUG net.serenitybdd.core.photography.Darkroom - Send negative for processing for target\site\serenity\7f90e531fd1d866eda603bff94ca78f911e8e93865991d343813bf4f3d87dcdd.png
18:53:05.079 [Forwarding getPageSource on session 63389ead735ccf39dee083163f54171e to remote] DEBUG org.asynchttpclient.netty.request.NettyRequestSender - Using pooled Channel '[id: 0x463696e1, L:/127.0.0.1:59150 - R:localhost/127.0.0.1:46775]' for 'POST' to 'http://localhost:46775/session/63389ead735ccf39dee083163f54171e/execute/sync'
18:53:05.079 [Forwarding getPageSource on session 63389ead735ccf39dee083163f54171e to remote] DEBUG org.asynchttpclient.netty.request.NettyRequestSender - Using open Channel [id: 0x463696e1, L:/127.0.0.1:59150 - R:localhost/127.0.0.1:46775] for POST '/session/63389ead735ccf39dee083163f54171e/execute/sync'
18:53:05.087 [AsyncHttpClient-1-12] DEBUG org.asynchttpclient.netty.handler.HttpHandler - 

Request DefaultHttpRequest(decodeResult: success, version: HTTP/1.1)
POST /session/63389ead735ccf39dee083163f54171e/execute/sync HTTP/1.1
User-Agent: selenium/4.8.1 (java windows)
Content-Length: 176
Content-Type: application/json; charset=utf-8
host: localhost:46775
accept: */*

Response DefaultHttpResponse(decodeResult: success, version: HTTP/1.1)
HTTP/1.1 200 OK
Content-Length: 21659
Content-Type: application/json; charset=utf-8
cache-control: no-cache

18:53:05.087 [AsyncHttpClient-1-12] DEBUG org.asynchttpclient.netty.channel.ChannelManager - Adding key: http://localhost:46775 for channel [id: 0x463696e1, L:/127.0.0.1:59150 - R:localhost/127.0.0.1:46775]
18:53:05.091 [Forwarding getCurrentUrl on session 63389ead735ccf39dee083163f54171e to remote] DEBUG org.asynchttpclient.netty.request.NettyRequestSender - Using pooled Channel '[id: 0x463696e1, L:/127.0.0.1:59150 - R:localhost/127.0.0.1:46775]' for 'GET' to 'http://localhost:46775/session/63389ead735ccf39dee083163f54171e/url'
18:53:05.091 [Forwarding getCurrentUrl on session 63389ead735ccf39dee083163f54171e to remote] DEBUG org.asynchttpclient.netty.request.NettyRequestSender - Using open Channel [id: 0x463696e1, L:/127.0.0.1:59150 - R:localhost/127.0.0.1:46775] for GET '/session/63389ead735ccf39dee083163f54171e/url'
18:53:05.095 [AsyncHttpClient-1-12] DEBUG org.asynchttpclient.netty.handler.HttpHandler - 

Request DefaultFullHttpRequest(decodeResult: success, version: HTTP/1.1, content: EmptyByteBufBE)
GET /session/63389ead735ccf39dee083163f54171e/url HTTP/1.1
User-Agent: selenium/4.8.1 (java windows)
Cache-Control: no-cache
Content-Type: application/json; charset=utf-8
host: localhost:46775
accept: */*

Response DefaultHttpResponse(decodeResult: success, version: HTTP/1.1)
HTTP/1.1 200 OK
Content-Length: 51
Content-Type: application/json; charset=utf-8
cache-control: no-cache

18:53:05.095 [AsyncHttpClient-1-12] DEBUG org.asynchttpclient.netty.channel.ChannelManager - Adding key: http://localhost:46775 for channel [id: 0x463696e1, L:/127.0.0.1:59150 - R:localhost/127.0.0.1:46775]
18:53:05.098 [main] DEBUG net.thucydides.core.steps.StepInterceptor - STARTING STEP: TransactionSteps.onLoginPage - validateOnLoginPage
18:53:05.111 [Forwarding findElement on session 63389ead735ccf39dee083163f54171e to remote] DEBUG org.asynchttpclient.netty.request.NettyRequestSender - Using pooled Channel '[id: 0x463696e1, L:/127.0.0.1:59150 - R:localhost/127.0.0.1:46775]' for 'POST' to 'http://localhost:46775/session/63389ead735ccf39dee083163f54171e/element'
18:53:05.111 [Forwarding findElement on session 63389ead735ccf39dee083163f54171e to remote] DEBUG org.asynchttpclient.netty.request.NettyRequestSender - Using open Channel [id: 0x463696e1, L:/127.0.0.1:59150 - R:localhost/127.0.0.1:46775] for POST '/session/63389ead735ccf39dee083163f54171e/element'
18:53:05.161 [AsyncHttpClient-1-12] DEBUG org.asynchttpclient.netty.handler.HttpHandler - 

Request DefaultHttpRequest(decodeResult: success, version: HTTP/1.1)
POST /session/63389ead735ccf39dee083163f54171e/element HTTP/1.1
User-Agent: selenium/4.8.1 (java windows)
Content-Length: 141
Content-Type: application/json; charset=utf-8
host: localhost:46775
accept: */*

Response DefaultHttpResponse(decodeResult: success, version: HTTP/1.1)
HTTP/1.1 200 OK
Content-Length: 88
Content-Type: application/json; charset=utf-8
cache-control: no-cache

18:53:05.161 [AsyncHttpClient-1-12] DEBUG org.asynchttpclient.netty.channel.ChannelManager - Adding key: http://localhost:46775 for channel [id: 0x463696e1, L:/127.0.0.1:59150 - R:localhost/127.0.0.1:46775]
18:53:05.165 [Forwarding isElementDisplayed on session 63389ead735ccf39dee083163f54171e to remote] DEBUG org.asynchttpclient.netty.request.NettyRequestSender - Using pooled Channel '[id: 0x463696e1, L:/127.0.0.1:59150 - R:localhost/127.0.0.1:46775]' for 'POST' to 'http://localhost:46775/session/63389ead735ccf39dee083163f54171e/execute/sync'
18:53:05.165 [Forwarding isElementDisplayed on session 63389ead735ccf39dee083163f54171e to remote] DEBUG org.asynchttpclient.netty.request.NettyRequestSender - Using open Channel [id: 0x463696e1, L:/127.0.0.1:59150 - R:localhost/127.0.0.1:46775] for POST '/session/63389ead735ccf39dee083163f54171e/execute/sync'
18:53:05.185 [AsyncHttpClient-1-12] DEBUG org.asynchttpclient.netty.handler.HttpHandler - 

Request DefaultHttpRequest(decodeResult: success, version: HTTP/1.1)
POST /session/63389ead735ccf39dee083163f54171e/execute/sync HTTP/1.1
User-Agent: selenium/4.8.1 (java windows)
Content-Length: 48807
Content-Type: application/json; charset=utf-8
host: localhost:46775
accept: */*

Response DefaultHttpResponse(decodeResult: success, version: HTTP/1.1)
HTTP/1.1 200 OK
Content-Length: 14
Content-Type: application/json; charset=utf-8
cache-control: no-cache

18:53:05.185 [AsyncHttpClient-1-12] DEBUG org.asynchttpclient.netty.channel.ChannelManager - Adding key: http://localhost:46775 for channel [id: 0x463696e1, L:/127.0.0.1:59150 - R:localhost/127.0.0.1:46775]
18:53:05.193 [Forwarding getAlertText on session 63389ead735ccf39dee083163f54171e to remote] DEBUG org.asynchttpclient.netty.request.NettyRequestSender - Using pooled Channel '[id: 0x463696e1, L:/127.0.0.1:59150 - R:localhost/127.0.0.1:46775]' for 'GET' to 'http://localhost:46775/session/63389ead735ccf39dee083163f54171e/alert/text'
18:53:05.193 [Forwarding getAlertText on session 63389ead735ccf39dee083163f54171e to remote] DEBUG org.asynchttpclient.netty.request.NettyRequestSender - Using open Channel [id: 0x463696e1, L:/127.0.0.1:59150 - R:localhost/127.0.0.1:46775] for GET '/session/63389ead735ccf39dee083163f54171e/alert/text'
18:53:05.195 [AsyncHttpClient-1-12] DEBUG org.asynchttpclient.netty.handler.HttpHandler - 

Request DefaultFullHttpRequest(decodeResult: success, version: HTTP/1.1, content: EmptyByteBufBE)
GET /session/63389ead735ccf39dee083163f54171e/alert/text HTTP/1.1
User-Agent: selenium/4.8.1 (java windows)
Cache-Control: no-cache
Content-Type: application/json; charset=utf-8
host: localhost:46775
accept: */*

Response DefaultHttpResponse(decodeResult: success, version: HTTP/1.1)
HTTP/1.1 404 Not Found
Content-Length: 809
Content-Type: application/json; charset=utf-8
cache-control: no-cache

18:53:05.195 [AsyncHttpClient-1-12] DEBUG org.asynchttpclient.netty.channel.ChannelManager - Adding key: http://localhost:46775 for channel [id: 0x463696e1, L:/127.0.0.1:59150 - R:localhost/127.0.0.1:46775]
18:53:05.197 [Forwarding getCurrentUrl on session 63389ead735ccf39dee083163f54171e to remote] DEBUG org.asynchttpclient.netty.request.NettyRequestSender - Using pooled Channel '[id: 0x463696e1, L:/127.0.0.1:59150 - R:localhost/127.0.0.1:46775]' for 'GET' to 'http://localhost:46775/session/63389ead735ccf39dee083163f54171e/url'
18:53:05.197 [Forwarding getCurrentUrl on session 63389ead735ccf39dee083163f54171e to remote] DEBUG org.asynchttpclient.netty.request.NettyRequestSender - Using open Channel [id: 0x463696e1, L:/127.0.0.1:59150 - R:localhost/127.0.0.1:46775] for GET '/session/63389ead735ccf39dee083163f54171e/url'
18:53:05.203 [AsyncHttpClient-1-12] DEBUG org.asynchttpclient.netty.handler.HttpHandler - 

Request DefaultFullHttpRequest(decodeResult: success, version: HTTP/1.1, content: EmptyByteBufBE)
GET /session/63389ead735ccf39dee083163f54171e/url HTTP/1.1
User-Agent: selenium/4.8.1 (java windows)
Cache-Control: no-cache
Content-Type: application/json; charset=utf-8
host: localhost:46775
accept: */*

Response DefaultHttpResponse(decodeResult: success, version: HTTP/1.1)
HTTP/1.1 200 OK
Content-Length: 51
Content-Type: application/json; charset=utf-8
cache-control: no-cache

18:53:05.203 [AsyncHttpClient-1-12] DEBUG org.asynchttpclient.netty.channel.ChannelManager - Adding key: http://localhost:46775 for channel [id: 0x463696e1, L:/127.0.0.1:59150 - R:localhost/127.0.0.1:46775]
18:53:05.204 [Forwarding screenshot on session 63389ead735ccf39dee083163f54171e to remote] DEBUG org.asynchttpclient.netty.request.NettyRequestSender - Using pooled Channel '[id: 0x463696e1, L:/127.0.0.1:59150 - R:localhost/127.0.0.1:46775]' for 'GET' to 'http://localhost:46775/session/63389ead735ccf39dee083163f54171e/screenshot'
18:53:05.204 [Forwarding screenshot on session 63389ead735ccf39dee083163f54171e to remote] DEBUG org.asynchttpclient.netty.request.NettyRequestSender - Using open Channel [id: 0x463696e1, L:/127.0.0.1:59150 - R:localhost/127.0.0.1:46775] for GET '/session/63389ead735ccf39dee083163f54171e/screenshot'
18:53:05.409 [AsyncHttpClient-1-12] DEBUG org.asynchttpclient.netty.handler.HttpHandler - 

Request DefaultFullHttpRequest(decodeResult: success, version: HTTP/1.1, content: EmptyByteBufBE)
GET /session/63389ead735ccf39dee083163f54171e/screenshot HTTP/1.1
User-Agent: selenium/4.8.1 (java windows)
Cache-Control: no-cache
Content-Type: application/json; charset=utf-8
host: localhost:46775
accept: */*

Response DefaultHttpResponse(decodeResult: success, version: HTTP/1.1)
HTTP/1.1 200 OK
Content-Length: 37620
Content-Type: application/json; charset=utf-8
cache-control: no-cache

18:53:05.410 [AsyncHttpClient-1-12] DEBUG org.asynchttpclient.netty.channel.ChannelManager - Adding key: http://localhost:46775 for channel [id: 0x463696e1, L:/127.0.0.1:59150 - R:localhost/127.0.0.1:46775]
18:53:05.413 [main] DEBUG net.serenitybdd.core.photography.Darkroom - Send negative for processing for target\site\serenity\7f90e531fd1d866eda603bff94ca78f911e8e93865991d343813bf4f3d87dcdd.png
18:53:05.413 [main] DEBUG net.thucydides.core.steps.StepInterceptor - STEP DONE: validateOnLoginPage
  &amp#27;[32mGiven &amp#27;[0m&amp#27;[32mI am on the login page1&amp#27;[0m                  &amp#27;[90m# starter.stepdefinitions.TransactionSteps.onLoginPage()&amp#27;[0m
18:53:05.426 [Forwarding getPageSource on session 63389ead735ccf39dee083163f54171e to remote] DEBUG org.asynchttpclient.netty.request.NettyRequestSender - Using pooled Channel '[id: 0x463696e1, L:/127.0.0.1:59150 - R:localhost/127.0.0.1:46775]' for 'POST' to 'http://localhost:46775/session/63389ead735ccf39dee083163f54171e/execute/sync'
18:53:05.426 [Forwarding getPageSource on session 63389ead735ccf39dee083163f54171e to remote] DEBUG org.asynchttpclient.netty.request.NettyRequestSender - Using open Channel [id: 0x463696e1, L:/127.0.0.1:59150 - R:localhost/127.0.0.1:46775] for POST '/session/63389ead735ccf39dee083163f54171e/execute/sync'
18:53:05.433 [AsyncHttpClient-1-12] DEBUG org.asynchttpclient.netty.handler.HttpHandler - 

Request DefaultHttpRequest(decodeResult: success, version: HTTP/1.1)
POST /session/63389ead735ccf39dee083163f54171e/execute/sync HTTP/1.1
User-Agent: selenium/4.8.1 (java windows)
Content-Length: 176
Content-Type: application/json; charset=utf-8
host: localhost:46775
accept: */*

Response DefaultHttpResponse(decodeResult: success, version: HTTP/1.1)
HTTP/1.1 200 OK
Content-Length: 21659
Content-Type: application/json; charset=utf-8
cache-control: no-cache

18:53:05.433 [AsyncHttpClient-1-12] DEBUG org.asynchttpclient.netty.channel.ChannelManager - Adding key: http://localhost:46775 for channel [id: 0x463696e1, L:/127.0.0.1:59150 - R:localhost/127.0.0.1:46775]
18:53:05.436 [Forwarding getCurrentUrl on session 63389ead735ccf39dee083163f54171e to remote] DEBUG org.asynchttpclient.netty.request.NettyRequestSender - Using pooled Channel '[id: 0x463696e1, L:/127.0.0.1:59150 - R:localhost/127.0.0.1:46775]' for 'GET' to 'http://localhost:46775/session/63389ead735ccf39dee083163f54171e/url'
18:53:05.436 [Forwarding getCurrentUrl on session 63389ead735ccf39dee083163f54171e to remote] DEBUG org.asynchttpclient.netty.request.NettyRequestSender - Using open Channel [id: 0x463696e1, L:/127.0.0.1:59150 - R:localhost/127.0.0.1:46775] for GET '/session/63389ead735ccf39dee083163f54171e/url'
18:53:05.444 [AsyncHttpClient-1-12] DEBUG org.asynchttpclient.netty.handler.HttpHandler - 

Request DefaultFullHttpRequest(decodeResult: success, version: HTTP/1.1, content: EmptyByteBufBE)
GET /session/63389ead735ccf39dee083163f54171e/url HTTP/1.1
User-Agent: selenium/4.8.1 (java windows)
Cache-Control: no-cache
Content-Type: application/json; charset=utf-8
host: localhost:46775
accept: */*

Response DefaultHttpResponse(decodeResult: success, version: HTTP/1.1)
HTTP/1.1 200 OK
Content-Length: 51
Content-Type: application/json; charset=utf-8
cache-control: no-cache

18:53:05.444 [AsyncHttpClient-1-12] DEBUG org.asynchttpclient.netty.channel.ChannelManager - Adding key: http://localhost:46775 for channel [id: 0x463696e1, L:/127.0.0.1:59150 - R:localhost/127.0.0.1:46775]
18:53:05.462 [Forwarding getPageSource on session 63389ead735ccf39dee083163f54171e to remote] DEBUG org.asynchttpclient.netty.request.NettyRequestSender - Using pooled Channel '[id: 0x463696e1, L:/127.0.0.1:59150 - R:localhost/127.0.0.1:46775]' for 'POST' to 'http://localhost:46775/session/63389ead735ccf39dee083163f54171e/execute/sync'
18:53:05.462 [Forwarding getPageSource on session 63389ead735ccf39dee083163f54171e to remote] DEBUG org.asynchttpclient.netty.request.NettyRequestSender - Using open Channel [id: 0x463696e1, L:/127.0.0.1:59150 - R:localhost/127.0.0.1:46775] for POST '/session/63389ead735ccf39dee083163f54171e/execute/sync'
18:53:05.469 [AsyncHttpClient-1-12] DEBUG org.asynchttpclient.netty.handler.HttpHandler - 

Request DefaultHttpRequest(decodeResult: success, version: HTTP/1.1)
POST /session/63389ead735ccf39dee083163f54171e/execute/sync HTTP/1.1
User-Agent: selenium/4.8.1 (java windows)
Content-Length: 176
Content-Type: application/json; charset=utf-8
host: localhost:46775
accept: */*

Response DefaultHttpResponse(decodeResult: success, version: HTTP/1.1)
HTTP/1.1 200 OK
Content-Length: 21659
Content-Type: application/json; charset=utf-8
cache-control: no-cache

18:53:05.470 [AsyncHttpClient-1-12] DEBUG org.asynchttpclient.netty.channel.ChannelManager - Adding key: http://localhost:46775 for channel [id: 0x463696e1, L:/127.0.0.1:59150 - R:localhost/127.0.0.1:46775]
18:53:05.474 [Forwarding getCurrentUrl on session 63389ead735ccf39dee083163f54171e to remote] DEBUG org.asynchttpclient.netty.request.NettyRequestSender - Using pooled Channel '[id: 0x463696e1, L:/127.0.0.1:59150 - R:localhost/127.0.0.1:46775]' for 'GET' to 'http://localhost:46775/session/63389ead735ccf39dee083163f54171e/url'
18:53:05.474 [Forwarding getCurrentUrl on session 63389ead735ccf39dee083163f54171e to remote] DEBUG org.asynchttpclient.netty.request.NettyRequestSender - Using open Channel [id: 0x463696e1, L:/127.0.0.1:59150 - R:localhost/127.0.0.1:46775] for GET '/session/63389ead735ccf39dee083163f54171e/url'
18:53:05.480 [AsyncHttpClient-1-12] DEBUG org.asynchttpclient.netty.handler.HttpHandler - 

Request DefaultFullHttpRequest(decodeResult: success, version: HTTP/1.1, content: EmptyByteBufBE)
GET /session/63389ead735ccf39dee083163f54171e/url HTTP/1.1
User-Agent: selenium/4.8.1 (java windows)
Cache-Control: no-cache
Content-Type: application/json; charset=utf-8
host: localhost:46775
accept: */*

Response DefaultHttpResponse(decodeResult: success, version: HTTP/1.1)
HTTP/1.1 200 OK
Content-Length: 51
Content-Type: application/json; charset=utf-8
cache-control: no-cache

18:53:05.480 [AsyncHttpClient-1-12] DEBUG org.asynchttpclient.netty.channel.ChannelManager - Adding key: http://localhost:46775 for channel [id: 0x463696e1, L:/127.0.0.1:59150 - R:localhost/127.0.0.1:46775]
18:53:05.484 [main] DEBUG net.thucydides.core.steps.StepInterceptor - STARTING STEP: TransactionSteps.enterEmailOnLogin - inputEmail
18:53:05.490 [Forwarding findElement on session 63389ead735ccf39dee083163f54171e to remote] DEBUG org.asynchttpclient.netty.request.NettyRequestSender - Using pooled Channel '[id: 0x463696e1, L:/127.0.0.1:59150 - R:localhost/127.0.0.1:46775]' for 'POST' to 'http://localhost:46775/session/63389ead735ccf39dee083163f54171e/element'
18:53:05.490 [Forwarding findElement on session 63389ead735ccf39dee083163f54171e to remote] DEBUG org.asynchttpclient.netty.request.NettyRequestSender - Using open Channel [id: 0x463696e1, L:/127.0.0.1:59150 - R:localhost/127.0.0.1:46775] for POST '/session/63389ead735ccf39dee083163f54171e/element'
18:53:05.510 [AsyncHttpClient-1-12] DEBUG org.asynchttpclient.netty.handler.HttpHandler - 

Request DefaultHttpRequest(decodeResult: success, version: HTTP/1.1)
POST /session/63389ead735ccf39dee083163f54171e/element HTTP/1.1
User-Agent: selenium/4.8.1 (java windows)
Content-Length: 70
Content-Type: application/json; charset=utf-8
host: localhost:46775
accept: */*

Response DefaultHttpResponse(decodeResult: success, version: HTTP/1.1)
HTTP/1.1 200 OK
Content-Length: 88
Content-Type: application/json; charset=utf-8
cache-control: no-cache

18:53:05.510 [AsyncHttpClient-1-12] DEBUG org.asynchttpclient.netty.channel.ChannelManager - Adding key: http://localhost:46775 for channel [id: 0x463696e1, L:/127.0.0.1:59150 - R:localhost/127.0.0.1:46775]
18:53:05.511 [Forwarding clearElement on session 63389ead735ccf39dee083163f54171e to remote] DEBUG org.asynchttpclient.netty.request.NettyRequestSender - Using pooled Channel '[id: 0x463696e1, L:/127.0.0.1:59150 - R:localhost/127.0.0.1:46775]' for 'POST' to 'http://localhost:46775/session/63389ead735ccf39dee083163f54171e/element/f8025963-b71f-481a-be17-4b44cf011c9d/clear'
18:53:05.511 [Forwarding clearElement on session 63389ead735ccf39dee083163f54171e to remote] DEBUG org.asynchttpclient.netty.request.NettyRequestSender - Using open Channel [id: 0x463696e1, L:/127.0.0.1:59150 - R:localhost/127.0.0.1:46775] for POST '/session/63389ead735ccf39dee083163f54171e/element/f8025963-b71f-481a-be17-4b44cf011c9d/clear'
18:53:05.560 [AsyncHttpClient-1-12] DEBUG org.asynchttpclient.netty.handler.HttpHandler - 

Request DefaultHttpRequest(decodeResult: success, version: HTTP/1.1)
POST /session/63389ead735ccf39dee083163f54171e/element/f8025963-b71f-481a-be17-4b44cf011c9d/clear HTTP/1.1
User-Agent: selenium/4.8.1 (java windows)
Content-Length: 50
Content-Type: application/json; charset=utf-8
host: localhost:46775
accept: */*

Response DefaultHttpResponse(decodeResult: success, version: HTTP/1.1)
HTTP/1.1 200 OK
Content-Length: 14
Content-Type: application/json; charset=utf-8
cache-control: no-cache

18:53:05.560 [AsyncHttpClient-1-12] DEBUG org.asynchttpclient.netty.channel.ChannelManager - Adding key: http://localhost:46775 for channel [id: 0x463696e1, L:/127.0.0.1:59150 - R:localhost/127.0.0.1:46775]
18:53:05.562 [Forwarding sendKeysToElement on session 63389ead735ccf39dee083163f54171e to remote] DEBUG org.asynchttpclient.netty.request.NettyRequestSender - Using pooled Channel '[id: 0x463696e1, L:/127.0.0.1:59150 - R:localhost/127.0.0.1:46775]' for 'POST' to 'http://localhost:46775/session/63389ead735ccf39dee083163f54171e/element/f8025963-b71f-481a-be17-4b44cf011c9d/value'
18:53:05.562 [Forwarding sendKeysToElement on session 63389ead735ccf39dee083163f54171e to remote] DEBUG org.asynchttpclient.netty.request.NettyRequestSender - Using open Channel [id: 0x463696e1, L:/127.0.0.1:59150 - R:localhost/127.0.0.1:46775] for POST '/session/63389ead735ccf39dee083163f54171e/element/f8025963-b71f-481a-be17-4b44cf011c9d/value'
18:53:05.663 [AsyncHttpClient-1-1] DEBUG org.asynchttpclient.netty.channel.DefaultChannelPool - Entry count for : http://localhost:59151 : 1
18:53:05.745 [AsyncHttpClient-1-12] DEBUG org.asynchttpclient.netty.handler.HttpHandler - 

Request DefaultHttpRequest(decodeResult: success, version: HTTP/1.1)
POST /session/63389ead735ccf39dee083163f54171e/element/f8025963-b71f-481a-be17-4b44cf011c9d/value HTTP/1.1
User-Agent: selenium/4.8.1 (java windows)
Content-Length: 321
Content-Type: application/json; charset=utf-8
host: localhost:46775
accept: */*

Response DefaultHttpResponse(decodeResult: success, version: HTTP/1.1)
HTTP/1.1 200 OK
Content-Length: 14
Content-Type: application/json; charset=utf-8
cache-control: no-cache

18:53:05.746 [AsyncHttpClient-1-12] DEBUG org.asynchttpclient.netty.channel.ChannelManager - Adding key: http://localhost:46775 for channel [id: 0x463696e1, L:/127.0.0.1:59150 - R:localhost/127.0.0.1:46775]
18:53:05.752 [Forwarding getAlertText on session 63389ead735ccf39dee083163f54171e to remote] DEBUG org.asynchttpclient.netty.request.NettyRequestSender - Using pooled Channel '[id: 0x463696e1, L:/127.0.0.1:59150 - R:localhost/127.0.0.1:46775]' for 'GET' to 'http://localhost:46775/session/63389ead735ccf39dee083163f54171e/alert/text'
18:53:05.752 [Forwarding getAlertText on session 63389ead735ccf39dee083163f54171e to remote] DEBUG org.asynchttpclient.netty.request.NettyRequestSender - Using open Channel [id: 0x463696e1, L:/127.0.0.1:59150 - R:localhost/127.0.0.1:46775] for GET '/session/63389ead735ccf39dee083163f54171e/alert/text'
18:53:05.757 [AsyncHttpClient-1-12] DEBUG org.asynchttpclient.netty.handler.HttpHandler - 

Request DefaultFullHttpRequest(decodeResult: success, version: HTTP/1.1, content: EmptyByteBufBE)
GET /session/63389ead735ccf39dee083163f54171e/alert/text HTTP/1.1
User-Agent: selenium/4.8.1 (java windows)
Cache-Control: no-cache
Content-Type: application/json; charset=utf-8
host: localhost:46775
accept: */*

Response DefaultHttpResponse(decodeResult: success, version: HTTP/1.1)
HTTP/1.1 404 Not Found
Content-Length: 809
Content-Type: application/json; charset=utf-8
cache-control: no-cache

18:53:05.757 [AsyncHttpClient-1-12] DEBUG org.asynchttpclient.netty.channel.ChannelManager - Adding key: http://localhost:46775 for channel [id: 0x463696e1, L:/127.0.0.1:59150 - R:localhost/127.0.0.1:46775]
18:53:05.759 [Forwarding getCurrentUrl on session 63389ead735ccf39dee083163f54171e to remote] DEBUG org.asynchttpclient.netty.request.NettyRequestSender - Using pooled Channel '[id: 0x463696e1, L:/127.0.0.1:59150 - R:localhost/127.0.0.1:46775]' for 'GET' to 'http://localhost:46775/session/63389ead735ccf39dee083163f54171e/url'
18:53:05.759 [Forwarding getCurrentUrl on session 63389ead735ccf39dee083163f54171e to remote] DEBUG org.asynchttpclient.netty.request.NettyRequestSender - Using open Channel [id: 0x463696e1, L:/127.0.0.1:59150 - R:localhost/127.0.0.1:46775] for GET '/session/63389ead735ccf39dee083163f54171e/url'
18:53:05.762 [AsyncHttpClient-1-12] DEBUG org.asynchttpclient.netty.handler.HttpHandler - 

Request DefaultFullHttpRequest(decodeResult: success, version: HTTP/1.1, content: EmptyByteBufBE)
GET /session/63389ead735ccf39dee083163f54171e/url HTTP/1.1
User-Agent: selenium/4.8.1 (java windows)
Cache-Control: no-cache
Content-Type: application/json; charset=utf-8
host: localhost:46775
accept: */*

Response DefaultHttpResponse(decodeResult: success, version: HTTP/1.1)
HTTP/1.1 200 OK
Content-Length: 51
Content-Type: application/json; charset=utf-8
cache-control: no-cache

18:53:05.762 [AsyncHttpClient-1-12] DEBUG org.asynchttpclient.netty.channel.ChannelManager - Adding key: http://localhost:46775 for channel [id: 0x463696e1, L:/127.0.0.1:59150 - R:localhost/127.0.0.1:46775]
18:53:05.763 [Forwarding screenshot on session 63389ead735ccf39dee083163f54171e to remote] DEBUG org.asynchttpclient.netty.request.NettyRequestSender - Using pooled Channel '[id: 0x463696e1, L:/127.0.0.1:59150 - R:localhost/127.0.0.1:46775]' for 'GET' to 'http://localhost:46775/session/63389ead735ccf39dee083163f54171e/screenshot'
18:53:05.763 [Forwarding screenshot on session 63389ead735ccf39dee083163f54171e to remote] DEBUG org.asynchttpclient.netty.request.NettyRequestSender - Using open Channel [id: 0x463696e1, L:/127.0.0.1:59150 - R:localhost/127.0.0.1:46775] for GET '/session/63389ead735ccf39dee083163f54171e/screenshot'
18:53:05.999 [AsyncHttpClient-1-12] DEBUG org.asynchttpclient.netty.handler.HttpHandler - 

Request DefaultFullHttpRequest(decodeResult: success, version: HTTP/1.1, content: EmptyByteBufBE)
GET /session/63389ead735ccf39dee083163f54171e/screenshot HTTP/1.1
User-Agent: selenium/4.8.1 (java windows)
Cache-Control: no-cache
Content-Type: application/json; charset=utf-8
host: localhost:46775
accept: */*

Response DefaultHttpResponse(decodeResult: success, version: HTTP/1.1)
HTTP/1.1 200 OK
Content-Length: 47300
Content-Type: application/json; charset=utf-8
cache-control: no-cache

18:53:05.999 [AsyncHttpClient-1-12] DEBUG org.asynchttpclient.netty.channel.ChannelManager - Adding key: http://localhost:46775 for channel [id: 0x463696e1, L:/127.0.0.1:59150 - R:localhost/127.0.0.1:46775]
18:53:06.002 [main] DEBUG net.serenitybdd.core.photography.Darkroom - Send negative for processing for target\site\serenity\4279d036cdcc727477666bcc73ed1d7e4dd50404d99327acd5a9baaafe0b5138.png
18:53:06.002 [main] DEBUG net.thucydides.core.steps.StepInterceptor - STEP DONE: inputEmail
  &amp#27;[32mWhen &amp#27;[0m&amp#27;[32mI enter1 email &amp#27;[0m&amp#27;[32m&amp#27;[1m"basmaronanta12@gmail.com"&amp#27;[0m &amp#27;[90m# starter.stepdefinitions.TransactionSteps.enterEmailOnLogin(java.lang.String)&amp#27;[0m
18:53:06.002 [Darkroom Processing Line] DEBUG net.serenitybdd.core.photography.DarkroomProcessingLine - Processing screenshot image in /var/screenshots/screenshot-1561017127592956286
18:53:06.002 [Darkroom Processing Line] DEBUG net.serenitybdd.core.photography.DarkroomProcessingLine - Saving screenshot to target\site\serenity\4279d036cdcc727477666bcc73ed1d7e4dd50404d99327acd5a9baaafe0b5138.png
18:53:06.015 [Forwarding getPageSource on session 63389ead735ccf39dee083163f54171e to remote] DEBUG org.asynchttpclient.netty.request.NettyRequestSender - Using pooled Channel '[id: 0x463696e1, L:/127.0.0.1:59150 - R:localhost/127.0.0.1:46775]' for 'POST' to 'http://localhost:46775/session/63389ead735ccf39dee083163f54171e/execute/sync'
18:53:06.015 [Forwarding getPageSource on session 63389ead735ccf39dee083163f54171e to remote] DEBUG org.asynchttpclient.netty.request.NettyRequestSender - Using open Channel [id: 0x463696e1, L:/127.0.0.1:59150 - R:localhost/127.0.0.1:46775] for POST '/session/63389ead735ccf39dee083163f54171e/execute/sync'
18:53:06.021 [AsyncHttpClient-1-12] DEBUG org.asynchttpclient.netty.handler.HttpHandler - 

Request DefaultHttpRequest(decodeResult: success, version: HTTP/1.1)
POST /session/63389ead735ccf39dee083163f54171e/execute/sync HTTP/1.1
User-Agent: selenium/4.8.1 (java windows)
Content-Length: 176
Content-Type: application/json; charset=utf-8
host: localhost:46775
accept: */*

Response DefaultHttpResponse(decodeResult: success, version: HTTP/1.1)
HTTP/1.1 200 OK
Content-Length: 21780
Content-Type: application/json; charset=utf-8
cache-control: no-cache

18:53:06.021 [AsyncHttpClient-1-12] DEBUG org.asynchttpclient.netty.channel.ChannelManager - Adding key: http://localhost:46775 for channel [id: 0x463696e1, L:/127.0.0.1:59150 - R:localhost/127.0.0.1:46775]
18:53:06.025 [Forwarding getCurrentUrl on session 63389ead735ccf39dee083163f54171e to remote] DEBUG org.asynchttpclient.netty.request.NettyRequestSender - Using pooled Channel '[id: 0x463696e1, L:/127.0.0.1:59150 - R:localhost/127.0.0.1:46775]' for 'GET' to 'http://localhost:46775/session/63389ead735ccf39dee083163f54171e/url'
18:53:06.025 [Forwarding getCurrentUrl on session 63389ead735ccf39dee083163f54171e to remote] DEBUG org.asynchttpclient.netty.request.NettyRequestSender - Using open Channel [id: 0x463696e1, L:/127.0.0.1:59150 - R:localhost/127.0.0.1:46775] for GET '/session/63389ead735ccf39dee083163f54171e/url'
18:53:06.030 [AsyncHttpClient-1-12] DEBUG org.asynchttpclient.netty.handler.HttpHandler - 

Request DefaultFullHttpRequest(decodeResult: success, version: HTTP/1.1, content: EmptyByteBufBE)
GET /session/63389ead735ccf39dee083163f54171e/url HTTP/1.1
User-Agent: selenium/4.8.1 (java windows)
Cache-Control: no-cache
Content-Type: application/json; charset=utf-8
host: localhost:46775
accept: */*

Response DefaultHttpResponse(decodeResult: success, version: HTTP/1.1)
HTTP/1.1 200 OK
Content-Length: 51
Content-Type: application/json; charset=utf-8
cache-control: no-cache

18:53:06.030 [AsyncHttpClient-1-12] DEBUG org.asynchttpclient.netty.channel.ChannelManager - Adding key: http://localhost:46775 for channel [id: 0x463696e1, L:/127.0.0.1:59150 - R:localhost/127.0.0.1:46775]
18:53:06.041 [Forwarding getPageSource on session 63389ead735ccf39dee083163f54171e to remote] DEBUG org.asynchttpclient.netty.request.NettyRequestSender - Using pooled Channel '[id: 0x463696e1, L:/127.0.0.1:59150 - R:localhost/127.0.0.1:46775]' for 'POST' to 'http://localhost:46775/session/63389ead735ccf39dee083163f54171e/execute/sync'
18:53:06.041 [Forwarding getPageSource on session 63389ead735ccf39dee083163f54171e to remote] DEBUG org.asynchttpclient.netty.request.NettyRequestSender - Using open Channel [id: 0x463696e1, L:/127.0.0.1:59150 - R:localhost/127.0.0.1:46775] for POST '/session/63389ead735ccf39dee083163f54171e/execute/sync'
18:53:06.047 [AsyncHttpClient-1-12] DEBUG org.asynchttpclient.netty.handler.HttpHandler - 

Request DefaultHttpRequest(decodeResult: success, version: HTTP/1.1)
POST /session/63389ead735ccf39dee083163f54171e/execute/sync HTTP/1.1
User-Agent: selenium/4.8.1 (java windows)
Content-Length: 176
Content-Type: application/json; charset=utf-8
host: localhost:46775
accept: */*

Response DefaultHttpResponse(decodeResult: success, version: HTTP/1.1)
HTTP/1.1 200 OK
Content-Length: 21780
Content-Type: application/json; charset=utf-8
cache-control: no-cache

18:53:06.048 [AsyncHttpClient-1-12] DEBUG org.asynchttpclient.netty.channel.ChannelManager - Adding key: http://localhost:46775 for channel [id: 0x463696e1, L:/127.0.0.1:59150 - R:localhost/127.0.0.1:46775]
18:53:06.049 [Forwarding getCurrentUrl on session 63389ead735ccf39dee083163f54171e to remote] DEBUG org.asynchttpclient.netty.request.NettyRequestSender - Using pooled Channel '[id: 0x463696e1, L:/127.0.0.1:59150 - R:localhost/127.0.0.1:46775]' for 'GET' to 'http://localhost:46775/session/63389ead735ccf39dee083163f54171e/url'
18:53:06.049 [Forwarding getCurrentUrl on session 63389ead735ccf39dee083163f54171e to remote] DEBUG org.asynchttpclient.netty.request.NettyRequestSender - Using open Channel [id: 0x463696e1, L:/127.0.0.1:59150 - R:localhost/127.0.0.1:46775] for GET '/session/63389ead735ccf39dee083163f54171e/url'
18:53:06.059 [AsyncHttpClient-1-12] DEBUG org.asynchttpclient.netty.handler.HttpHandler - 

Request DefaultFullHttpRequest(decodeResult: success, version: HTTP/1.1, content: EmptyByteBufBE)
GET /session/63389ead735ccf39dee083163f54171e/url HTTP/1.1
User-Agent: selenium/4.8.1 (java windows)
Cache-Control: no-cache
Content-Type: application/json; charset=utf-8
host: localhost:46775
accept: */*

Response DefaultHttpResponse(decodeResult: success, version: HTTP/1.1)
HTTP/1.1 200 OK
Content-Length: 51
Content-Type: application/json; charset=utf-8
cache-control: no-cache

18:53:06.059 [AsyncHttpClient-1-12] DEBUG org.asynchttpclient.netty.channel.ChannelManager - Adding key: http://localhost:46775 for channel [id: 0x463696e1, L:/127.0.0.1:59150 - R:localhost/127.0.0.1:46775]
18:53:06.061 [main] DEBUG net.thucydides.core.steps.StepInterceptor - STARTING STEP: TransactionSteps.enterPasswordOnLogin - inputPassword
18:53:06.063 [Forwarding findElement on session 63389ead735ccf39dee083163f54171e to remote] DEBUG org.asynchttpclient.netty.request.NettyRequestSender - Using pooled Channel '[id: 0x463696e1, L:/127.0.0.1:59150 - R:localhost/127.0.0.1:46775]' for 'POST' to 'http://localhost:46775/session/63389ead735ccf39dee083163f54171e/element'
18:53:06.063 [Forwarding findElement on session 63389ead735ccf39dee083163f54171e to remote] DEBUG org.asynchttpclient.netty.request.NettyRequestSender - Using open Channel [id: 0x463696e1, L:/127.0.0.1:59150 - R:localhost/127.0.0.1:46775] for POST '/session/63389ead735ccf39dee083163f54171e/element'
18:53:06.094 [AsyncHttpClient-1-12] DEBUG org.asynchttpclient.netty.handler.HttpHandler - 

Request DefaultHttpRequest(decodeResult: success, version: HTTP/1.1)
POST /session/63389ead735ccf39dee083163f54171e/element HTTP/1.1
User-Agent: selenium/4.8.1 (java windows)
Content-Length: 70
Content-Type: application/json; charset=utf-8
host: localhost:46775
accept: */*

Response DefaultHttpResponse(decodeResult: success, version: HTTP/1.1)
HTTP/1.1 200 OK
Content-Length: 88
Content-Type: application/json; charset=utf-8
cache-control: no-cache

18:53:06.094 [AsyncHttpClient-1-12] DEBUG org.asynchttpclient.netty.channel.ChannelManager - Adding key: http://localhost:46775 for channel [id: 0x463696e1, L:/127.0.0.1:59150 - R:localhost/127.0.0.1:46775]
18:53:06.096 [Forwarding clearElement on session 63389ead735ccf39dee083163f54171e to remote] DEBUG org.asynchttpclient.netty.request.NettyRequestSender - Using pooled Channel '[id: 0x463696e1, L:/127.0.0.1:59150 - R:localhost/127.0.0.1:46775]' for 'POST' to 'http://localhost:46775/session/63389ead735ccf39dee083163f54171e/element/0a659de8-4141-4334-be8a-7f8201a0c986/clear'
18:53:06.096 [Forwarding clearElement on session 63389ead735ccf39dee083163f54171e to remote] DEBUG org.asynchttpclient.netty.request.NettyRequestSender - Using open Channel [id: 0x463696e1, L:/127.0.0.1:59150 - R:localhost/127.0.0.1:46775] for POST '/session/63389ead735ccf39dee083163f54171e/element/0a659de8-4141-4334-be8a-7f8201a0c986/clear'
18:53:06.168 [AsyncHttpClient-1-12] DEBUG org.asynchttpclient.netty.handler.HttpHandler - 

Request DefaultHttpRequest(decodeResult: success, version: HTTP/1.1)
POST /session/63389ead735ccf39dee083163f54171e/element/0a659de8-4141-4334-be8a-7f8201a0c986/clear HTTP/1.1
User-Agent: selenium/4.8.1 (java windows)
Content-Length: 50
Content-Type: application/json; charset=utf-8
host: localhost:46775
accept: */*

Response DefaultHttpResponse(decodeResult: success, version: HTTP/1.1)
HTTP/1.1 200 OK
Content-Length: 14
Content-Type: application/json; charset=utf-8
cache-control: no-cache

18:53:06.168 [AsyncHttpClient-1-12] DEBUG org.asynchttpclient.netty.channel.ChannelManager - Adding key: http://localhost:46775 for channel [id: 0x463696e1, L:/127.0.0.1:59150 - R:localhost/127.0.0.1:46775]
18:53:06.170 [Forwarding sendKeysToElement on session 63389ead735ccf39dee083163f54171e to remote] DEBUG org.asynchttpclient.netty.request.NettyRequestSender - Using pooled Channel '[id: 0x463696e1, L:/127.0.0.1:59150 - R:localhost/127.0.0.1:46775]' for 'POST' to 'http://localhost:46775/session/63389ead735ccf39dee083163f54171e/element/0a659de8-4141-4334-be8a-7f8201a0c986/value'
18:53:06.170 [Forwarding sendKeysToElement on session 63389ead735ccf39dee083163f54171e to remote] DEBUG org.asynchttpclient.netty.request.NettyRequestSender - Using open Channel [id: 0x463696e1, L:/127.0.0.1:59150 - R:localhost/127.0.0.1:46775] for POST '/session/63389ead735ccf39dee083163f54171e/element/0a659de8-4141-4334-be8a-7f8201a0c986/value'
18:53:06.318 [AsyncHttpClient-1-12] DEBUG org.asynchttpclient.netty.handler.HttpHandler - 

Request DefaultHttpRequest(decodeResult: success, version: HTTP/1.1)
POST /session/63389ead735ccf39dee083163f54171e/element/0a659de8-4141-4334-be8a-7f8201a0c986/value HTTP/1.1
User-Agent: selenium/4.8.1 (java windows)
Content-Length: 191
Content-Type: application/json; charset=utf-8
host: localhost:46775
accept: */*

Response DefaultHttpResponse(decodeResult: success, version: HTTP/1.1)
HTTP/1.1 200 OK
Content-Length: 14
Content-Type: application/json; charset=utf-8
cache-control: no-cache

18:53:06.318 [AsyncHttpClient-1-12] DEBUG org.asynchttpclient.netty.channel.ChannelManager - Adding key: http://localhost:46775 for channel [id: 0x463696e1, L:/127.0.0.1:59150 - R:localhost/127.0.0.1:46775]
18:53:06.327 [Forwarding getAlertText on session 63389ead735ccf39dee083163f54171e to remote] DEBUG org.asynchttpclient.netty.request.NettyRequestSender - Using pooled Channel '[id: 0x463696e1, L:/127.0.0.1:59150 - R:localhost/127.0.0.1:46775]' for 'GET' to 'http://localhost:46775/session/63389ead735ccf39dee083163f54171e/alert/text'
18:53:06.327 [Forwarding getAlertText on session 63389ead735ccf39dee083163f54171e to remote] DEBUG org.asynchttpclient.netty.request.NettyRequestSender - Using open Channel [id: 0x463696e1, L:/127.0.0.1:59150 - R:localhost/127.0.0.1:46775] for GET '/session/63389ead735ccf39dee083163f54171e/alert/text'
18:53:06.331 [AsyncHttpClient-1-12] DEBUG org.asynchttpclient.netty.handler.HttpHandler - 

Request DefaultFullHttpRequest(decodeResult: success, version: HTTP/1.1, content: EmptyByteBufBE)
GET /session/63389ead735ccf39dee083163f54171e/alert/text HTTP/1.1
User-Agent: selenium/4.8.1 (java windows)
Cache-Control: no-cache
Content-Type: application/json; charset=utf-8
host: localhost:46775
accept: */*

Response DefaultHttpResponse(decodeResult: success, version: HTTP/1.1)
HTTP/1.1 404 Not Found
Content-Length: 809
Content-Type: application/json; charset=utf-8
cache-control: no-cache

18:53:06.331 [AsyncHttpClient-1-12] DEBUG org.asynchttpclient.netty.channel.ChannelManager - Adding key: http://localhost:46775 for channel [id: 0x463696e1, L:/127.0.0.1:59150 - R:localhost/127.0.0.1:46775]
18:53:06.333 [Forwarding getCurrentUrl on session 63389ead735ccf39dee083163f54171e to remote] DEBUG org.asynchttpclient.netty.request.NettyRequestSender - Using pooled Channel '[id: 0x463696e1, L:/127.0.0.1:59150 - R:localhost/127.0.0.1:46775]' for 'GET' to 'http://localhost:46775/session/63389ead735ccf39dee083163f54171e/url'
18:53:06.333 [Forwarding getCurrentUrl on session 63389ead735ccf39dee083163f54171e to remote] DEBUG org.asynchttpclient.netty.request.NettyRequestSender - Using open Channel [id: 0x463696e1, L:/127.0.0.1:59150 - R:localhost/127.0.0.1:46775] for GET '/session/63389ead735ccf39dee083163f54171e/url'
18:53:06.345 [AsyncHttpClient-1-12] DEBUG org.asynchttpclient.netty.handler.HttpHandler - 

Request DefaultFullHttpRequest(decodeResult: success, version: HTTP/1.1, content: EmptyByteBufBE)
GET /session/63389ead735ccf39dee083163f54171e/url HTTP/1.1
User-Agent: selenium/4.8.1 (java windows)
Cache-Control: no-cache
Content-Type: application/json; charset=utf-8
host: localhost:46775
accept: */*

Response DefaultHttpResponse(decodeResult: success, version: HTTP/1.1)
HTTP/1.1 200 OK
Content-Length: 51
Content-Type: application/json; charset=utf-8
cache-control: no-cache

18:53:06.345 [AsyncHttpClient-1-12] DEBUG org.asynchttpclient.netty.channel.ChannelManager - Adding key: http://localhost:46775 for channel [id: 0x463696e1, L:/127.0.0.1:59150 - R:localhost/127.0.0.1:46775]
18:53:06.346 [Forwarding screenshot on session 63389ead735ccf39dee083163f54171e to remote] DEBUG org.asynchttpclient.netty.request.NettyRequestSender - Using pooled Channel '[id: 0x463696e1, L:/127.0.0.1:59150 - R:localhost/127.0.0.1:46775]' for 'GET' to 'http://localhost:46775/session/63389ead735ccf39dee083163f54171e/screenshot'
18:53:06.346 [Forwarding screenshot on session 63389ead735ccf39dee083163f54171e to remote] DEBUG org.asynchttpclient.netty.request.NettyRequestSender - Using open Channel [id: 0x463696e1, L:/127.0.0.1:59150 - R:localhost/127.0.0.1:46775] for GET '/session/63389ead735ccf39dee083163f54171e/screenshot'
18:53:06.544 [AsyncHttpClient-1-12] DEBUG org.asynchttpclient.netty.handler.HttpHandler - 

Request DefaultFullHttpRequest(decodeResult: success, version: HTTP/1.1, content: EmptyByteBufBE)
GET /session/63389ead735ccf39dee083163f54171e/screenshot HTTP/1.1
User-Agent: selenium/4.8.1 (java windows)
Cache-Control: no-cache
Content-Type: application/json; charset=utf-8
host: localhost:46775
accept: */*

Response DefaultHttpResponse(decodeResult: success, version: HTTP/1.1)
HTTP/1.1 200 OK
Content-Length: 52304
Content-Type: application/json; charset=utf-8
cache-control: no-cache

18:53:06.544 [AsyncHttpClient-1-12] DEBUG org.asynchttpclient.netty.channel.ChannelManager - Adding key: http://localhost:46775 for channel [id: 0x463696e1, L:/127.0.0.1:59150 - R:localhost/127.0.0.1:46775]
18:53:06.546 [main] DEBUG net.serenitybdd.core.photography.Darkroom - Send negative for processing for target\site\serenity\2efa216401d619a1533256b29e30325fd07d7c8fc1b8b8758287e434fa3f699d.png
18:53:06.546 [main] DEBUG net.thucydides.core.steps.StepInterceptor - STEP DONE: inputPassword
  &amp#27;[32mAnd &amp#27;[0m&amp#27;[32mI enter1 password &amp#27;[0m&amp#27;[32m&amp#27;[1m"mylove366.,"&amp#27;[0m            &amp#27;[90m# starter.stepdefinitions.TransactionSteps.enterPasswordOnLogin(java.lang.String)&amp#27;[0m
18:53:06.546 [Darkroom Processing Line] DEBUG net.serenitybdd.core.photography.DarkroomProcessingLine - Processing screenshot image in /var/screenshots/screenshot-13315599992793732655
18:53:06.546 [Darkroom Processing Line] DEBUG net.serenitybdd.core.photography.DarkroomProcessingLine - Saving screenshot to target\site\serenity\2efa216401d619a1533256b29e30325fd07d7c8fc1b8b8758287e434fa3f699d.png
18:53:06.554 [Forwarding getPageSource on session 63389ead735ccf39dee083163f54171e to remote] DEBUG org.asynchttpclient.netty.request.NettyRequestSender - Using pooled Channel '[id: 0x463696e1, L:/127.0.0.1:59150 - R:localhost/127.0.0.1:46775]' for 'POST' to 'http://localhost:46775/session/63389ead735ccf39dee083163f54171e/execute/sync'
18:53:06.554 [Forwarding getPageSource on session 63389ead735ccf39dee083163f54171e to remote] DEBUG org.asynchttpclient.netty.request.NettyRequestSender - Using open Channel [id: 0x463696e1, L:/127.0.0.1:59150 - R:localhost/127.0.0.1:46775] for POST '/session/63389ead735ccf39dee083163f54171e/execute/sync'
18:53:06.562 [AsyncHttpClient-1-12] DEBUG org.asynchttpclient.netty.handler.HttpHandler - 

Request DefaultHttpRequest(decodeResult: success, version: HTTP/1.1)
POST /session/63389ead735ccf39dee083163f54171e/execute/sync HTTP/1.1
User-Agent: selenium/4.8.1 (java windows)
Content-Length: 176
Content-Type: application/json; charset=utf-8
host: localhost:46775
accept: */*

Response DefaultHttpResponse(decodeResult: success, version: HTTP/1.1)
HTTP/1.1 200 OK
Content-Length: 21839
Content-Type: application/json; charset=utf-8
cache-control: no-cache

18:53:06.562 [AsyncHttpClient-1-12] DEBUG org.asynchttpclient.netty.channel.ChannelManager - Adding key: http://localhost:46775 for channel [id: 0x463696e1, L:/127.0.0.1:59150 - R:localhost/127.0.0.1:46775]
18:53:06.564 [Forwarding getCurrentUrl on session 63389ead735ccf39dee083163f54171e to remote] DEBUG org.asynchttpclient.netty.request.NettyRequestSender - Using pooled Channel '[id: 0x463696e1, L:/127.0.0.1:59150 - R:localhost/127.0.0.1:46775]' for 'GET' to 'http://localhost:46775/session/63389ead735ccf39dee083163f54171e/url'
18:53:06.564 [Forwarding getCurrentUrl on session 63389ead735ccf39dee083163f54171e to remote] DEBUG org.asynchttpclient.netty.request.NettyRequestSender - Using open Channel [id: 0x463696e1, L:/127.0.0.1:59150 - R:localhost/127.0.0.1:46775] for GET '/session/63389ead735ccf39dee083163f54171e/url'
18:53:06.567 [AsyncHttpClient-1-12] DEBUG org.asynchttpclient.netty.handler.HttpHandler - 

Request DefaultFullHttpRequest(decodeResult: success, version: HTTP/1.1, content: EmptyByteBufBE)
GET /session/63389ead735ccf39dee083163f54171e/url HTTP/1.1
User-Agent: selenium/4.8.1 (java windows)
Cache-Control: no-cache
Content-Type: application/json; charset=utf-8
host: localhost:46775
accept: */*

Response DefaultHttpResponse(decodeResult: success, version: HTTP/1.1)
HTTP/1.1 200 OK
Content-Length: 51
Content-Type: application/json; charset=utf-8
cache-control: no-cache

18:53:06.567 [AsyncHttpClient-1-12] DEBUG org.asynchttpclient.netty.channel.ChannelManager - Adding key: http://localhost:46775 for channel [id: 0x463696e1, L:/127.0.0.1:59150 - R:localhost/127.0.0.1:46775]
18:53:06.576 [Forwarding getPageSource on session 63389ead735ccf39dee083163f54171e to remote] DEBUG org.asynchttpclient.netty.request.NettyRequestSender - Using pooled Channel '[id: 0x463696e1, L:/127.0.0.1:59150 - R:localhost/127.0.0.1:46775]' for 'POST' to 'http://localhost:46775/session/63389ead735ccf39dee083163f54171e/execute/sync'
18:53:06.576 [Forwarding getPageSource on session 63389ead735ccf39dee083163f54171e to remote] DEBUG org.asynchttpclient.netty.request.NettyRequestSender - Using open Channel [id: 0x463696e1, L:/127.0.0.1:59150 - R:localhost/127.0.0.1:46775] for POST '/session/63389ead735ccf39dee083163f54171e/execute/sync'
18:53:06.581 [AsyncHttpClient-1-12] DEBUG org.asynchttpclient.netty.handler.HttpHandler - 

Request DefaultHttpRequest(decodeResult: success, version: HTTP/1.1)
POST /session/63389ead735ccf39dee083163f54171e/execute/sync HTTP/1.1
User-Agent: selenium/4.8.1 (java windows)
Content-Length: 176
Content-Type: application/json; charset=utf-8
host: localhost:46775
accept: */*

Response DefaultHttpResponse(decodeResult: success, version: HTTP/1.1)
HTTP/1.1 200 OK
Content-Length: 21839
Content-Type: application/json; charset=utf-8
cache-control: no-cache

18:53:06.581 [AsyncHttpClient-1-12] DEBUG org.asynchttpclient.netty.channel.ChannelManager - Adding key: http://localhost:46775 for channel [id: 0x463696e1, L:/127.0.0.1:59150 - R:localhost/127.0.0.1:46775]
18:53:06.583 [Forwarding getCurrentUrl on session 63389ead735ccf39dee083163f54171e to remote] DEBUG org.asynchttpclient.netty.request.NettyRequestSender - Using pooled Channel '[id: 0x463696e1, L:/127.0.0.1:59150 - R:localhost/127.0.0.1:46775]' for 'GET' to 'http://localhost:46775/session/63389ead735ccf39dee083163f54171e/url'
18:53:06.583 [Forwarding getCurrentUrl on session 63389ead735ccf39dee083163f54171e to remote] DEBUG org.asynchttpclient.netty.request.NettyRequestSender - Using open Channel [id: 0x463696e1, L:/127.0.0.1:59150 - R:localhost/127.0.0.1:46775] for GET '/session/63389ead735ccf39dee083163f54171e/url'
18:53:06.588 [AsyncHttpClient-1-12] DEBUG org.asynchttpclient.netty.handler.HttpHandler - 

Request DefaultFullHttpRequest(decodeResult: success, version: HTTP/1.1, content: EmptyByteBufBE)
GET /session/63389ead735ccf39dee083163f54171e/url HTTP/1.1
User-Agent: selenium/4.8.1 (java windows)
Cache-Control: no-cache
Content-Type: application/json; charset=utf-8
host: localhost:46775
accept: */*

Response DefaultHttpResponse(decodeResult: success, version: HTTP/1.1)
HTTP/1.1 200 OK
Content-Length: 51
Content-Type: application/json; charset=utf-8
cache-control: no-cache

18:53:06.588 [AsyncHttpClient-1-12] DEBUG org.asynchttpclient.netty.channel.ChannelManager - Adding key: http://localhost:46775 for channel [id: 0x463696e1, L:/127.0.0.1:59150 - R:localhost/127.0.0.1:46775]
18:53:06.593 [main] DEBUG net.thucydides.core.steps.StepInterceptor - STARTING STEP: TransactionSteps.clickLoginButton - ClickLoginButton
18:53:06.596 [Forwarding findElement on session 63389ead735ccf39dee083163f54171e to remote] DEBUG org.asynchttpclient.netty.request.NettyRequestSender - Using pooled Channel '[id: 0x463696e1, L:/127.0.0.1:59150 - R:localhost/127.0.0.1:46775]' for 'POST' to 'http://localhost:46775/session/63389ead735ccf39dee083163f54171e/element'
18:53:06.596 [Forwarding findElement on session 63389ead735ccf39dee083163f54171e to remote] DEBUG org.asynchttpclient.netty.request.NettyRequestSender - Using open Channel [id: 0x463696e1, L:/127.0.0.1:59150 - R:localhost/127.0.0.1:46775] for POST '/session/63389ead735ccf39dee083163f54171e/element'
18:53:06.608 [AsyncHttpClient-1-12] DEBUG org.asynchttpclient.netty.handler.HttpHandler - 

Request DefaultHttpRequest(decodeResult: success, version: HTTP/1.1)
POST /session/63389ead735ccf39dee083163f54171e/element HTTP/1.1
User-Agent: selenium/4.8.1 (java windows)
Content-Length: 141
Content-Type: application/json; charset=utf-8
host: localhost:46775
accept: */*

Response DefaultHttpResponse(decodeResult: success, version: HTTP/1.1)
HTTP/1.1 200 OK
Content-Length: 88
Content-Type: application/json; charset=utf-8
cache-control: no-cache

18:53:06.608 [AsyncHttpClient-1-12] DEBUG org.asynchttpclient.netty.channel.ChannelManager - Adding key: http://localhost:46775 for channel [id: 0x463696e1, L:/127.0.0.1:59150 - R:localhost/127.0.0.1:46775]
18:53:06.609 [Forwarding getElementTagName on session 63389ead735ccf39dee083163f54171e to remote] DEBUG org.asynchttpclient.netty.request.NettyRequestSender - Using pooled Channel '[id: 0x463696e1, L:/127.0.0.1:59150 - R:localhost/127.0.0.1:46775]' for 'GET' to 'http://localhost:46775/session/63389ead735ccf39dee083163f54171e/element/832d557e-33bd-4887-b427-d66f428eb392/name'
18:53:06.609 [Forwarding getElementTagName on session 63389ead735ccf39dee083163f54171e to remote] DEBUG org.asynchttpclient.netty.request.NettyRequestSender - Using open Channel [id: 0x463696e1, L:/127.0.0.1:59150 - R:localhost/127.0.0.1:46775] for GET '/session/63389ead735ccf39dee083163f54171e/element/832d557e-33bd-4887-b427-d66f428eb392/name'
18:53:06.613 [AsyncHttpClient-1-12] DEBUG org.asynchttpclient.netty.handler.HttpHandler - 

Request DefaultFullHttpRequest(decodeResult: success, version: HTTP/1.1, content: EmptyByteBufBE)
GET /session/63389ead735ccf39dee083163f54171e/element/832d557e-33bd-4887-b427-d66f428eb392/name HTTP/1.1
User-Agent: selenium/4.8.1 (java windows)
Cache-Control: no-cache
Content-Type: application/json; charset=utf-8
host: localhost:46775
accept: */*

Response DefaultHttpResponse(decodeResult: success, version: HTTP/1.1)
HTTP/1.1 200 OK
Content-Length: 18
Content-Type: application/json; charset=utf-8
cache-control: no-cache

18:53:06.613 [AsyncHttpClient-1-12] DEBUG org.asynchttpclient.netty.channel.ChannelManager - Adding key: http://localhost:46775 for channel [id: 0x463696e1, L:/127.0.0.1:59150 - R:localhost/127.0.0.1:46775]
18:53:06.614 [Forwarding getElementTagName on session 63389ead735ccf39dee083163f54171e to remote] DEBUG org.asynchttpclient.netty.request.NettyRequestSender - Using pooled Channel '[id: 0x463696e1, L:/127.0.0.1:59150 - R:localhost/127.0.0.1:46775]' for 'GET' to 'http://localhost:46775/session/63389ead735ccf39dee083163f54171e/element/832d557e-33bd-4887-b427-d66f428eb392/name'
18:53:06.614 [Forwarding getElementTagName on session 63389ead735ccf39dee083163f54171e to remote] DEBUG org.asynchttpclient.netty.request.NettyRequestSender - Using open Channel [id: 0x463696e1, L:/127.0.0.1:59150 - R:localhost/127.0.0.1:46775] for GET '/session/63389ead735ccf39dee083163f54171e/element/832d557e-33bd-4887-b427-d66f428eb392/name'
18:53:06.618 [AsyncHttpClient-1-12] DEBUG org.asynchttpclient.netty.handler.HttpHandler - 

Request DefaultFullHttpRequest(decodeResult: success, version: HTTP/1.1, content: EmptyByteBufBE)
GET /session/63389ead735ccf39dee083163f54171e/element/832d557e-33bd-4887-b427-d66f428eb392/name HTTP/1.1
User-Agent: selenium/4.8.1 (java windows)
Cache-Control: no-cache
Content-Type: application/json; charset=utf-8
host: localhost:46775
accept: */*

Response DefaultHttpResponse(decodeResult: success, version: HTTP/1.1)
HTTP/1.1 200 OK
Content-Length: 18
Content-Type: application/json; charset=utf-8
cache-control: no-cache

18:53:06.618 [AsyncHttpClient-1-12] DEBUG org.asynchttpclient.netty.channel.ChannelManager - Adding key: http://localhost:46775 for channel [id: 0x463696e1, L:/127.0.0.1:59150 - R:localhost/127.0.0.1:46775]
18:53:06.620 [Forwarding isElementEnabled on session 63389ead735ccf39dee083163f54171e to remote] DEBUG org.asynchttpclient.netty.request.NettyRequestSender - Using pooled Channel '[id: 0x463696e1, L:/127.0.0.1:59150 - R:localhost/127.0.0.1:46775]' for 'GET' to 'http://localhost:46775/session/63389ead735ccf39dee083163f54171e/element/832d557e-33bd-4887-b427-d66f428eb392/enabled'
18:53:06.620 [Forwarding isElementEnabled on session 63389ead735ccf39dee083163f54171e to remote] DEBUG org.asynchttpclient.netty.request.NettyRequestSender - Using open Channel [id: 0x463696e1, L:/127.0.0.1:59150 - R:localhost/127.0.0.1:46775] for GET '/session/63389ead735ccf39dee083163f54171e/element/832d557e-33bd-4887-b427-d66f428eb392/enabled'
18:53:06.633 [AsyncHttpClient-1-12] DEBUG org.asynchttpclient.netty.handler.HttpHandler - 

Request DefaultFullHttpRequest(decodeResult: success, version: HTTP/1.1, content: EmptyByteBufBE)
GET /session/63389ead735ccf39dee083163f54171e/element/832d557e-33bd-4887-b427-d66f428eb392/enabled HTTP/1.1
User-Agent: selenium/4.8.1 (java windows)
Cache-Control: no-cache
Content-Type: application/json; charset=utf-8
host: localhost:46775
accept: */*

Response DefaultHttpResponse(decodeResult: success, version: HTTP/1.1)
HTTP/1.1 200 OK
Content-Length: 14
Content-Type: application/json; charset=utf-8
cache-control: no-cache

18:53:06.633 [AsyncHttpClient-1-12] DEBUG org.asynchttpclient.netty.channel.ChannelManager - Adding key: http://localhost:46775 for channel [id: 0x463696e1, L:/127.0.0.1:59150 - R:localhost/127.0.0.1:46775]
18:53:06.634 [Forwarding isElementEnabled on session 63389ead735ccf39dee083163f54171e to remote] DEBUG org.asynchttpclient.netty.request.NettyRequestSender - Using pooled Channel '[id: 0x463696e1, L:/127.0.0.1:59150 - R:localhost/127.0.0.1:46775]' for 'GET' to 'http://localhost:46775/session/63389ead735ccf39dee083163f54171e/element/832d557e-33bd-4887-b427-d66f428eb392/enabled'
18:53:06.634 [Forwarding isElementEnabled on session 63389ead735ccf39dee083163f54171e to remote] DEBUG org.asynchttpclient.netty.request.NettyRequestSender - Using open Channel [id: 0x463696e1, L:/127.0.0.1:59150 - R:localhost/127.0.0.1:46775] for GET '/session/63389ead735ccf39dee083163f54171e/element/832d557e-33bd-4887-b427-d66f428eb392/enabled'
18:53:06.642 [AsyncHttpClient-1-12] DEBUG org.asynchttpclient.netty.handler.HttpHandler - 

Request DefaultFullHttpRequest(decodeResult: success, version: HTTP/1.1, content: EmptyByteBufBE)
GET /session/63389ead735ccf39dee083163f54171e/element/832d557e-33bd-4887-b427-d66f428eb392/enabled HTTP/1.1
User-Agent: selenium/4.8.1 (java windows)
Cache-Control: no-cache
Content-Type: application/json; charset=utf-8
host: localhost:46775
accept: */*

Response DefaultHttpResponse(decodeResult: success, version: HTTP/1.1)
HTTP/1.1 200 OK
Content-Length: 14
Content-Type: application/json; charset=utf-8
cache-control: no-cache

18:53:06.643 [AsyncHttpClient-1-12] DEBUG org.asynchttpclient.netty.channel.ChannelManager - Adding key: http://localhost:46775 for channel [id: 0x463696e1, L:/127.0.0.1:59150 - R:localhost/127.0.0.1:46775]
18:53:06.644 [Forwarding findElement on session 63389ead735ccf39dee083163f54171e to remote] DEBUG org.asynchttpclient.netty.request.NettyRequestSender - Using pooled Channel '[id: 0x463696e1, L:/127.0.0.1:59150 - R:localhost/127.0.0.1:46775]' for 'POST' to 'http://localhost:46775/session/63389ead735ccf39dee083163f54171e/element'
18:53:06.644 [Forwarding findElement on session 63389ead735ccf39dee083163f54171e to remote] DEBUG org.asynchttpclient.netty.request.NettyRequestSender - Using open Channel [id: 0x463696e1, L:/127.0.0.1:59150 - R:localhost/127.0.0.1:46775] for POST '/session/63389ead735ccf39dee083163f54171e/element'
18:53:06.651 [AsyncHttpClient-1-12] DEBUG org.asynchttpclient.netty.handler.HttpHandler - 

Request DefaultHttpRequest(decodeResult: success, version: HTTP/1.1)
POST /session/63389ead735ccf39dee083163f54171e/element HTTP/1.1
User-Agent: selenium/4.8.1 (java windows)
Content-Length: 141
Content-Type: application/json; charset=utf-8
host: localhost:46775
accept: */*

Response DefaultHttpResponse(decodeResult: success, version: HTTP/1.1)
HTTP/1.1 200 OK
Content-Length: 88
Content-Type: application/json; charset=utf-8
cache-control: no-cache

18:53:06.651 [AsyncHttpClient-1-12] DEBUG org.asynchttpclient.netty.channel.ChannelManager - Adding key: http://localhost:46775 for channel [id: 0x463696e1, L:/127.0.0.1:59150 - R:localhost/127.0.0.1:46775]
18:53:06.652 [Forwarding clickElement on session 63389ead735ccf39dee083163f54171e to remote] DEBUG org.asynchttpclient.netty.request.NettyRequestSender - Using pooled Channel '[id: 0x463696e1, L:/127.0.0.1:59150 - R:localhost/127.0.0.1:46775]' for 'POST' to 'http://localhost:46775/session/63389ead735ccf39dee083163f54171e/element/832d557e-33bd-4887-b427-d66f428eb392/click'
18:53:06.652 [Forwarding clickElement on session 63389ead735ccf39dee083163f54171e to remote] DEBUG org.asynchttpclient.netty.request.NettyRequestSender - Using open Channel [id: 0x463696e1, L:/127.0.0.1:59150 - R:localhost/127.0.0.1:46775] for POST '/session/63389ead735ccf39dee083163f54171e/element/832d557e-33bd-4887-b427-d66f428eb392/click'
18:53:06.725 [AsyncHttpClient-1-12] DEBUG org.asynchttpclient.netty.handler.HttpHandler - 

Request DefaultHttpRequest(decodeResult: success, version: HTTP/1.1)
POST /session/63389ead735ccf39dee083163f54171e/element/832d557e-33bd-4887-b427-d66f428eb392/click HTTP/1.1
User-Agent: selenium/4.8.1 (java windows)
Content-Length: 50
Content-Type: application/json; charset=utf-8
host: localhost:46775
accept: */*

Response DefaultHttpResponse(decodeResult: success, version: HTTP/1.1)
HTTP/1.1 200 OK
Content-Length: 14
Content-Type: application/json; charset=utf-8
cache-control: no-cache

18:53:06.725 [AsyncHttpClient-1-12] DEBUG org.asynchttpclient.netty.channel.ChannelManager - Adding key: http://localhost:46775 for channel [id: 0x463696e1, L:/127.0.0.1:59150 - R:localhost/127.0.0.1:46775]
18:53:06.734 [Forwarding getAlertText on session 63389ead735ccf39dee083163f54171e to remote] DEBUG org.asynchttpclient.netty.request.NettyRequestSender - Using pooled Channel '[id: 0x463696e1, L:/127.0.0.1:59150 - R:localhost/127.0.0.1:46775]' for 'GET' to 'http://localhost:46775/session/63389ead735ccf39dee083163f54171e/alert/text'
18:53:06.734 [Forwarding getAlertText on session 63389ead735ccf39dee083163f54171e to remote] DEBUG org.asynchttpclient.netty.request.NettyRequestSender - Using open Channel [id: 0x463696e1, L:/127.0.0.1:59150 - R:localhost/127.0.0.1:46775] for GET '/session/63389ead735ccf39dee083163f54171e/alert/text'
18:53:06.736 [AsyncHttpClient-1-12] DEBUG org.asynchttpclient.netty.handler.HttpHandler - 

Request DefaultFullHttpRequest(decodeResult: success, version: HTTP/1.1, content: EmptyByteBufBE)
GET /session/63389ead735ccf39dee083163f54171e/alert/text HTTP/1.1
User-Agent: selenium/4.8.1 (java windows)
Cache-Control: no-cache
Content-Type: application/json; charset=utf-8
host: localhost:46775
accept: */*

Response DefaultHttpResponse(decodeResult: success, version: HTTP/1.1)
HTTP/1.1 404 Not Found
Content-Length: 809
Content-Type: application/json; charset=utf-8
cache-control: no-cache

18:53:06.736 [AsyncHttpClient-1-12] DEBUG org.asynchttpclient.netty.channel.ChannelManager - Adding key: http://localhost:46775 for channel [id: 0x463696e1, L:/127.0.0.1:59150 - R:localhost/127.0.0.1:46775]
18:53:06.737 [Forwarding getCurrentUrl on session 63389ead735ccf39dee083163f54171e to remote] DEBUG org.asynchttpclient.netty.request.NettyRequestSender - Using pooled Channel '[id: 0x463696e1, L:/127.0.0.1:59150 - R:localhost/127.0.0.1:46775]' for 'GET' to 'http://localhost:46775/session/63389ead735ccf39dee083163f54171e/url'
18:53:06.737 [Forwarding getCurrentUrl on session 63389ead735ccf39dee083163f54171e to remote] DEBUG org.asynchttpclient.netty.request.NettyRequestSender - Using open Channel [id: 0x463696e1, L:/127.0.0.1:59150 - R:localhost/127.0.0.1:46775] for GET '/session/63389ead735ccf39dee083163f54171e/url'
18:53:06.746 [AsyncHttpClient-1-12] DEBUG org.asynchttpclient.netty.handler.HttpHandler - 

Request DefaultFullHttpRequest(decodeResult: success, version: HTTP/1.1, content: EmptyByteBufBE)
GET /session/63389ead735ccf39dee083163f54171e/url HTTP/1.1
User-Agent: selenium/4.8.1 (java windows)
Cache-Control: no-cache
Content-Type: application/json; charset=utf-8
host: localhost:46775
accept: */*

Response DefaultHttpResponse(decodeResult: success, version: HTTP/1.1)
HTTP/1.1 200 OK
Content-Length: 51
Content-Type: application/json; charset=utf-8
cache-control: no-cache

18:53:06.747 [AsyncHttpClient-1-12] DEBUG org.asynchttpclient.netty.channel.ChannelManager - Adding key: http://localhost:46775 for channel [id: 0x463696e1, L:/127.0.0.1:59150 - R:localhost/127.0.0.1:46775]
18:53:06.747 [Forwarding screenshot on session 63389ead735ccf39dee083163f54171e to remote] DEBUG org.asynchttpclient.netty.request.NettyRequestSender - Using pooled Channel '[id: 0x463696e1, L:/127.0.0.1:59150 - R:localhost/127.0.0.1:46775]' for 'GET' to 'http://localhost:46775/session/63389ead735ccf39dee083163f54171e/screenshot'
18:53:06.747 [Forwarding screenshot on session 63389ead735ccf39dee083163f54171e to remote] DEBUG org.asynchttpclient.netty.request.NettyRequestSender - Using open Channel [id: 0x463696e1, L:/127.0.0.1:59150 - R:localhost/127.0.0.1:46775] for GET '/session/63389ead735ccf39dee083163f54171e/screenshot'
18:53:06.762 [AsyncHttpClient-1-1] DEBUG org.asynchttpclient.netty.channel.DefaultChannelPool - Entry count for : http://localhost:59151 : 1
18:53:07.020 [AsyncHttpClient-1-12] DEBUG org.asynchttpclient.netty.handler.HttpHandler - 

Request DefaultFullHttpRequest(decodeResult: success, version: HTTP/1.1, content: EmptyByteBufBE)
GET /session/63389ead735ccf39dee083163f54171e/screenshot HTTP/1.1
User-Agent: selenium/4.8.1 (java windows)
Cache-Control: no-cache
Content-Type: application/json; charset=utf-8
host: localhost:46775
accept: */*

Response DefaultHttpResponse(decodeResult: success, version: HTTP/1.1)
HTTP/1.1 200 OK
Content-Length: 51772
Content-Type: application/json; charset=utf-8
cache-control: no-cache

18:53:07.021 [AsyncHttpClient-1-12] DEBUG org.asynchttpclient.netty.channel.ChannelManager - Adding key: http://localhost:46775 for channel [id: 0x463696e1, L:/127.0.0.1:59150 - R:localhost/127.0.0.1:46775]
18:53:07.026 [main] DEBUG net.serenitybdd.core.photography.Darkroom - Send negative for processing for target\site\serenity\f0830be2f97d788164578d954ffec28e9a3f28578b146c91765d89bf4d1ad505.png
18:53:07.026 [main] DEBUG net.thucydides.core.steps.StepInterceptor - STEP DONE: ClickLoginButton
18:53:07.026 [Darkroom Processing Line] DEBUG net.serenitybdd.core.photography.DarkroomProcessingLine - Processing screenshot image in /var/screenshots/screenshot-9575847592178204536
18:53:07.026 [Darkroom Processing Line] DEBUG net.serenitybdd.core.photography.DarkroomProcessingLine - Saving screenshot to target\site\serenity\f0830be2f97d788164578d954ffec28e9a3f28578b146c91765d89bf4d1ad505.png
  &amp#27;[32mAnd &amp#27;[0m&amp#27;[32mI click1 login button&amp#27;[0m                      &amp#27;[90m# starter.stepdefinitions.TransactionSteps.clickLoginButton()&amp#27;[0m
18:53:07.037 [Forwarding getPageSource on session 63389ead735ccf39dee083163f54171e to remote] DEBUG org.asynchttpclient.netty.request.NettyRequestSender - Using pooled Channel '[id: 0x463696e1, L:/127.0.0.1:59150 - R:localhost/127.0.0.1:46775]' for 'POST' to 'http://localhost:46775/session/63389ead735ccf39dee083163f54171e/execute/sync'
18:53:07.037 [Forwarding getPageSource on session 63389ead735ccf39dee083163f54171e to remote] DEBUG org.asynchttpclient.netty.request.NettyRequestSender - Using open Channel [id: 0x463696e1, L:/127.0.0.1:59150 - R:localhost/127.0.0.1:46775] for POST '/session/63389ead735ccf39dee083163f54171e/execute/sync'
18:53:07.045 [AsyncHttpClient-1-12] DEBUG org.asynchttpclient.netty.handler.HttpHandler - 

Request DefaultHttpRequest(decodeResult: success, version: HTTP/1.1)
POST /session/63389ead735ccf39dee083163f54171e/execute/sync HTTP/1.1
User-Agent: selenium/4.8.1 (java windows)
Content-Length: 176
Content-Type: application/json; charset=utf-8
host: localhost:46775
accept: */*

Response DefaultHttpResponse(decodeResult: success, version: HTTP/1.1)
HTTP/1.1 200 OK
Content-Length: 22578
Content-Type: application/json; charset=utf-8
cache-control: no-cache

18:53:07.046 [AsyncHttpClient-1-12] DEBUG org.asynchttpclient.netty.channel.ChannelManager - Adding key: http://localhost:46775 for channel [id: 0x463696e1, L:/127.0.0.1:59150 - R:localhost/127.0.0.1:46775]
18:53:07.047 [Forwarding getCurrentUrl on session 63389ead735ccf39dee083163f54171e to remote] DEBUG org.asynchttpclient.netty.request.NettyRequestSender - Using pooled Channel '[id: 0x463696e1, L:/127.0.0.1:59150 - R:localhost/127.0.0.1:46775]' for 'GET' to 'http://localhost:46775/session/63389ead735ccf39dee083163f54171e/url'
18:53:07.047 [Forwarding getCurrentUrl on session 63389ead735ccf39dee083163f54171e to remote] DEBUG org.asynchttpclient.netty.request.NettyRequestSender - Using open Channel [id: 0x463696e1, L:/127.0.0.1:59150 - R:localhost/127.0.0.1:46775] for GET '/session/63389ead735ccf39dee083163f54171e/url'
18:53:07.050 [AsyncHttpClient-1-12] DEBUG org.asynchttpclient.netty.handler.HttpHandler - 

Request DefaultFullHttpRequest(decodeResult: success, version: HTTP/1.1, content: EmptyByteBufBE)
GET /session/63389ead735ccf39dee083163f54171e/url HTTP/1.1
User-Agent: selenium/4.8.1 (java windows)
Cache-Control: no-cache
Content-Type: application/json; charset=utf-8
host: localhost:46775
accept: */*

Response DefaultHttpResponse(decodeResult: success, version: HTTP/1.1)
HTTP/1.1 200 OK
Content-Length: 51
Content-Type: application/json; charset=utf-8
cache-control: no-cache

18:53:07.051 [AsyncHttpClient-1-12] DEBUG org.asynchttpclient.netty.channel.ChannelManager - Adding key: http://localhost:46775 for channel [id: 0x463696e1, L:/127.0.0.1:59150 - R:localhost/127.0.0.1:46775]
18:53:07.062 [Forwarding getPageSource on session 63389ead735ccf39dee083163f54171e to remote] DEBUG org.asynchttpclient.netty.request.NettyRequestSender - Using pooled Channel '[id: 0x463696e1, L:/127.0.0.1:59150 - R:localhost/127.0.0.1:46775]' for 'POST' to 'http://localhost:46775/session/63389ead735ccf39dee083163f54171e/execute/sync'
18:53:07.062 [Forwarding getPageSource on session 63389ead735ccf39dee083163f54171e to remote] DEBUG org.asynchttpclient.netty.request.NettyRequestSender - Using open Channel [id: 0x463696e1, L:/127.0.0.1:59150 - R:localhost/127.0.0.1:46775] for POST '/session/63389ead735ccf39dee083163f54171e/execute/sync'
18:53:07.067 [AsyncHttpClient-1-12] DEBUG org.asynchttpclient.netty.handler.HttpHandler - 

Request DefaultHttpRequest(decodeResult: success, version: HTTP/1.1)
POST /session/63389ead735ccf39dee083163f54171e/execute/sync HTTP/1.1
User-Agent: selenium/4.8.1 (java windows)
Content-Length: 176
Content-Type: application/json; charset=utf-8
host: localhost:46775
accept: */*

Response DefaultHttpResponse(decodeResult: success, version: HTTP/1.1)
HTTP/1.1 200 OK
Content-Length: 22578
Content-Type: application/json; charset=utf-8
cache-control: no-cache

18:53:07.067 [AsyncHttpClient-1-12] DEBUG org.asynchttpclient.netty.channel.ChannelManager - Adding key: http://localhost:46775 for channel [id: 0x463696e1, L:/127.0.0.1:59150 - R:localhost/127.0.0.1:46775]
18:53:07.069 [Forwarding getCurrentUrl on session 63389ead735ccf39dee083163f54171e to remote] DEBUG org.asynchttpclient.netty.request.NettyRequestSender - Using pooled Channel '[id: 0x463696e1, L:/127.0.0.1:59150 - R:localhost/127.0.0.1:46775]' for 'GET' to 'http://localhost:46775/session/63389ead735ccf39dee083163f54171e/url'
18:53:07.069 [Forwarding getCurrentUrl on session 63389ead735ccf39dee083163f54171e to remote] DEBUG org.asynchttpclient.netty.request.NettyRequestSender - Using open Channel [id: 0x463696e1, L:/127.0.0.1:59150 - R:localhost/127.0.0.1:46775] for GET '/session/63389ead735ccf39dee083163f54171e/url'
18:53:07.077 [AsyncHttpClient-1-12] DEBUG org.asynchttpclient.netty.handler.HttpHandler - 

Request DefaultFullHttpRequest(decodeResult: success, version: HTTP/1.1, content: EmptyByteBufBE)
GET /session/63389ead735ccf39dee083163f54171e/url HTTP/1.1
User-Agent: selenium/4.8.1 (java windows)
Cache-Control: no-cache
Content-Type: application/json; charset=utf-8
host: localhost:46775
accept: */*

Response DefaultHttpResponse(decodeResult: success, version: HTTP/1.1)
HTTP/1.1 200 OK
Content-Length: 51
Content-Type: application/json; charset=utf-8
cache-control: no-cache

18:53:07.077 [AsyncHttpClient-1-12] DEBUG org.asynchttpclient.netty.channel.ChannelManager - Adding key: http://localhost:46775 for channel [id: 0x463696e1, L:/127.0.0.1:59150 - R:localhost/127.0.0.1:46775]
18:53:07.079 [main] DEBUG net.thucydides.core.steps.StepInterceptor - STARTING STEP: TransactionSteps.clickBuyProduct - ClickBuyButton
18:53:07.081 [Forwarding findElement on session 63389ead735ccf39dee083163f54171e to remote] DEBUG org.asynchttpclient.netty.request.NettyRequestSender - Using pooled Channel '[id: 0x463696e1, L:/127.0.0.1:59150 - R:localhost/127.0.0.1:46775]' for 'POST' to 'http://localhost:46775/session/63389ead735ccf39dee083163f54171e/element'
18:53:07.081 [Forwarding findElement on session 63389ead735ccf39dee083163f54171e to remote] DEBUG org.asynchttpclient.netty.request.NettyRequestSender - Using open Channel [id: 0x463696e1, L:/127.0.0.1:59150 - R:localhost/127.0.0.1:46775] for POST '/session/63389ead735ccf39dee083163f54171e/element'
18:53:07.865 [AsyncHttpClient-1-1] DEBUG org.asynchttpclient.netty.channel.DefaultChannelPool - Entry count for : http://localhost:59151 : 1
18:53:08.962 [AsyncHttpClient-1-1] DEBUG org.asynchttpclient.netty.channel.DefaultChannelPool - Entry count for : http://localhost:59151 : 1
18:53:09.107 [AsyncHttpClient-1-12] DEBUG org.asynchttpclient.netty.handler.HttpHandler - 

Request DefaultHttpRequest(decodeResult: success, version: HTTP/1.1)
POST /session/63389ead735ccf39dee083163f54171e/element HTTP/1.1
User-Agent: selenium/4.8.1 (java windows)
Content-Length: 145
Content-Type: application/json; charset=utf-8
host: localhost:46775
accept: */*

Response DefaultHttpResponse(decodeResult: success, version: HTTP/1.1)
HTTP/1.1 404 Not Found
Content-Length: 1007
Content-Type: application/json; charset=utf-8
cache-control: no-cache

18:53:09.107 [AsyncHttpClient-1-12] DEBUG org.asynchttpclient.netty.channel.ChannelManager - Adding key: http://localhost:46775 for channel [id: 0x463696e1, L:/127.0.0.1:59150 - R:localhost/127.0.0.1:46775]
18:53:09.228 [Forwarding findElement on session 63389ead735ccf39dee083163f54171e to remote] DEBUG org.asynchttpclient.netty.request.NettyRequestSender - Using pooled Channel '[id: 0x463696e1, L:/127.0.0.1:59150 - R:localhost/127.0.0.1:46775]' for 'POST' to 'http://localhost:46775/session/63389ead735ccf39dee083163f54171e/element'
18:53:09.228 [Forwarding findElement on session 63389ead735ccf39dee083163f54171e to remote] DEBUG org.asynchttpclient.netty.request.NettyRequestSender - Using open Channel [id: 0x463696e1, L:/127.0.0.1:59150 - R:localhost/127.0.0.1:46775] for POST '/session/63389ead735ccf39dee083163f54171e/element'
18:53:10.062 [AsyncHttpClient-1-1] DEBUG org.asynchttpclient.netty.channel.DefaultChannelPool - Entry count for : http://localhost:59151 : 1
18:53:11.163 [AsyncHttpClient-1-1] DEBUG org.asynchttpclient.netty.channel.DefaultChannelPool - Entry count for : http://localhost:59151 : 1
18:53:11.244 [AsyncHttpClient-1-12] DEBUG org.asynchttpclient.netty.handler.HttpHandler - 

Request DefaultHttpRequest(decodeResult: success, version: HTTP/1.1)
POST /session/63389ead735ccf39dee083163f54171e/element HTTP/1.1
User-Agent: selenium/4.8.1 (java windows)
Content-Length: 145
Content-Type: application/json; charset=utf-8
host: localhost:46775
accept: */*

Response DefaultHttpResponse(decodeResult: success, version: HTTP/1.1)
HTTP/1.1 404 Not Found
Content-Length: 1007
Content-Type: application/json; charset=utf-8
cache-control: no-cache

18:53:11.244 [AsyncHttpClient-1-12] DEBUG org.asynchttpclient.netty.channel.ChannelManager - Adding key: http://localhost:46775 for channel [id: 0x463696e1, L:/127.0.0.1:59150 - R:localhost/127.0.0.1:46775]
18:53:11.350 [Forwarding findElement on session 63389ead735ccf39dee083163f54171e to remote] DEBUG org.asynchttpclient.netty.request.NettyRequestSender - Using pooled Channel '[id: 0x463696e1, L:/127.0.0.1:59150 - R:localhost/127.0.0.1:46775]' for 'POST' to 'http://localhost:46775/session/63389ead735ccf39dee083163f54171e/element'
18:53:11.350 [Forwarding findElement on session 63389ead735ccf39dee083163f54171e to remote] DEBUG org.asynchttpclient.netty.request.NettyRequestSender - Using open Channel [id: 0x463696e1, L:/127.0.0.1:59150 - R:localhost/127.0.0.1:46775] for POST '/session/63389ead735ccf39dee083163f54171e/element'
18:53:12.263 [AsyncHttpClient-1-1] DEBUG org.asynchttpclient.netty.channel.DefaultChannelPool - Entry count for : http://localhost:59151 : 1
18:53:13.362 [AsyncHttpClient-1-1] DEBUG org.asynchttpclient.netty.channel.DefaultChannelPool - Entry count for : http://localhost:59151 : 1
18:53:13.378 [AsyncHttpClient-1-12] DEBUG org.asynchttpclient.netty.handler.HttpHandler - 

Request DefaultHttpRequest(decodeResult: success, version: HTTP/1.1)
POST /session/63389ead735ccf39dee083163f54171e/element HTTP/1.1
User-Agent: selenium/4.8.1 (java windows)
Content-Length: 145
Content-Type: application/json; charset=utf-8
host: localhost:46775
accept: */*

Response DefaultHttpResponse(decodeResult: success, version: HTTP/1.1)
HTTP/1.1 404 Not Found
Content-Length: 1007
Content-Type: application/json; charset=utf-8
cache-control: no-cache

18:53:13.378 [AsyncHttpClient-1-12] DEBUG org.asynchttpclient.netty.channel.ChannelManager - Adding key: http://localhost:46775 for channel [id: 0x463696e1, L:/127.0.0.1:59150 - R:localhost/127.0.0.1:46775]
18:53:13.384 [Forwarding getAlertText on session 63389ead735ccf39dee083163f54171e to remote] DEBUG org.asynchttpclient.netty.request.NettyRequestSender - Using pooled Channel '[id: 0x463696e1, L:/127.0.0.1:59150 - R:localhost/127.0.0.1:46775]' for 'GET' to 'http://localhost:46775/session/63389ead735ccf39dee083163f54171e/alert/text'
18:53:13.384 [Forwarding getAlertText on session 63389ead735ccf39dee083163f54171e to remote] DEBUG org.asynchttpclient.netty.request.NettyRequestSender - Using open Channel [id: 0x463696e1, L:/127.0.0.1:59150 - R:localhost/127.0.0.1:46775] for GET '/session/63389ead735ccf39dee083163f54171e/alert/text'
18:53:13.385 [AsyncHttpClient-1-12] DEBUG org.asynchttpclient.netty.handler.HttpHandler - 

Request DefaultFullHttpRequest(decodeResult: success, version: HTTP/1.1, content: EmptyByteBufBE)
GET /session/63389ead735ccf39dee083163f54171e/alert/text HTTP/1.1
User-Agent: selenium/4.8.1 (java windows)
Cache-Control: no-cache
Content-Type: application/json; charset=utf-8
host: localhost:46775
accept: */*

Response DefaultHttpResponse(decodeResult: success, version: HTTP/1.1)
HTTP/1.1 404 Not Found
Content-Length: 809
Content-Type: application/json; charset=utf-8
cache-control: no-cache

18:53:13.385 [AsyncHttpClient-1-12] DEBUG org.asynchttpclient.netty.channel.ChannelManager - Adding key: http://localhost:46775 for channel [id: 0x463696e1, L:/127.0.0.1:59150 - R:localhost/127.0.0.1:46775]
18:53:13.386 [Forwarding getCurrentUrl on session 63389ead735ccf39dee083163f54171e to remote] DEBUG org.asynchttpclient.netty.request.NettyRequestSender - Using pooled Channel '[id: 0x463696e1, L:/127.0.0.1:59150 - R:localhost/127.0.0.1:46775]' for 'GET' to 'http://localhost:46775/session/63389ead735ccf39dee083163f54171e/url'
18:53:13.386 [Forwarding getCurrentUrl on session 63389ead735ccf39dee083163f54171e to remote] DEBUG org.asynchttpclient.netty.request.NettyRequestSender - Using open Channel [id: 0x463696e1, L:/127.0.0.1:59150 - R:localhost/127.0.0.1:46775] for GET '/session/63389ead735ccf39dee083163f54171e/url'
18:53:13.391 [AsyncHttpClient-1-12] DEBUG org.asynchttpclient.netty.handler.HttpHandler - 

Request DefaultFullHttpRequest(decodeResult: success, version: HTTP/1.1, content: EmptyByteBufBE)
GET /session/63389ead735ccf39dee083163f54171e/url HTTP/1.1
User-Agent: selenium/4.8.1 (java windows)
Cache-Control: no-cache
Content-Type: application/json; charset=utf-8
host: localhost:46775
accept: */*

Response DefaultHttpResponse(decodeResult: success, version: HTTP/1.1)
HTTP/1.1 200 OK
Content-Length: 51
Content-Type: application/json; charset=utf-8
cache-control: no-cache

18:53:13.391 [AsyncHttpClient-1-12] DEBUG org.asynchttpclient.netty.channel.ChannelManager - Adding key: http://localhost:46775 for channel [id: 0x463696e1, L:/127.0.0.1:59150 - R:localhost/127.0.0.1:46775]
18:53:13.392 [Forwarding screenshot on session 63389ead735ccf39dee083163f54171e to remote] DEBUG org.asynchttpclient.netty.request.NettyRequestSender - Using pooled Channel '[id: 0x463696e1, L:/127.0.0.1:59150 - R:localhost/127.0.0.1:46775]' for 'GET' to 'http://localhost:46775/session/63389ead735ccf39dee083163f54171e/screenshot'
18:53:13.392 [Forwarding screenshot on session 63389ead735ccf39dee083163f54171e to remote] DEBUG org.asynchttpclient.netty.request.NettyRequestSender - Using open Channel [id: 0x463696e1, L:/127.0.0.1:59150 - R:localhost/127.0.0.1:46775] for GET '/session/63389ead735ccf39dee083163f54171e/screenshot'
18:53:13.568 [AsyncHttpClient-1-12] DEBUG org.asynchttpclient.netty.handler.HttpHandler - 

Request DefaultFullHttpRequest(decodeResult: success, version: HTTP/1.1, content: EmptyByteBufBE)
GET /session/63389ead735ccf39dee083163f54171e/screenshot HTTP/1.1
User-Agent: selenium/4.8.1 (java windows)
Cache-Control: no-cache
Content-Type: application/json; charset=utf-8
host: localhost:46775
accept: */*

Response DefaultHttpResponse(decodeResult: success, version: HTTP/1.1)
HTTP/1.1 200 OK
Content-Length: 61312
Content-Type: application/json; charset=utf-8
cache-control: no-cache

18:53:13.569 [AsyncHttpClient-1-12] DEBUG org.asynchttpclient.netty.channel.ChannelManager - Adding key: http://localhost:46775 for channel [id: 0x463696e1, L:/127.0.0.1:59150 - R:localhost/127.0.0.1:46775]
18:53:13.571 [main] DEBUG net.serenitybdd.core.photography.Darkroom - Send negative for processing for target\site\serenity\fae7aa42eac0d20d9e2767e9e9fcc2e057ccb58f3f991ae9439ba1e513ddf76f.png
18:53:13.572 [Darkroom Processing Line] DEBUG net.serenitybdd.core.photography.DarkroomProcessingLine - Processing screenshot image in /var/screenshots/screenshot-11730320036843837669
18:53:13.572 [Darkroom Processing Line] DEBUG net.serenitybdd.core.photography.DarkroomProcessingLine - Saving screenshot to target\site\serenity\fae7aa42eac0d20d9e2767e9e9fcc2e057ccb58f3f991ae9439ba1e513ddf76f.png
18:53:13.573 [Forwarding getPageSource on session 63389ead735ccf39dee083163f54171e to remote] DEBUG org.asynchttpclient.netty.request.NettyRequestSender - Using pooled Channel '[id: 0x463696e1, L:/127.0.0.1:59150 - R:localhost/127.0.0.1:46775]' for 'POST' to 'http://localhost:46775/session/63389ead735ccf39dee083163f54171e/execute/sync'
18:53:13.573 [Forwarding getPageSource on session 63389ead735ccf39dee083163f54171e to remote] DEBUG org.asynchttpclient.netty.request.NettyRequestSender - Using open Channel [id: 0x463696e1, L:/127.0.0.1:59150 - R:localhost/127.0.0.1:46775] for POST '/session/63389ead735ccf39dee083163f54171e/execute/sync'
18:53:13.580 [AsyncHttpClient-1-12] DEBUG org.asynchttpclient.netty.handler.HttpHandler - 

Request DefaultHttpRequest(decodeResult: success, version: HTTP/1.1)
POST /session/63389ead735ccf39dee083163f54171e/execute/sync HTTP/1.1
User-Agent: selenium/4.8.1 (java windows)
Content-Length: 176
Content-Type: application/json; charset=utf-8
host: localhost:46775
accept: */*

Response DefaultHttpResponse(decodeResult: success, version: HTTP/1.1)
HTTP/1.1 200 OK
Content-Length: 22249
Content-Type: application/json; charset=utf-8
cache-control: no-cache

18:53:13.580 [AsyncHttpClient-1-12] DEBUG org.asynchttpclient.netty.channel.ChannelManager - Adding key: http://localhost:46775 for channel [id: 0x463696e1, L:/127.0.0.1:59150 - R:localhost/127.0.0.1:46775]
18:53:13.583 [Forwarding getCurrentUrl on session 63389ead735ccf39dee083163f54171e to remote] DEBUG org.asynchttpclient.netty.request.NettyRequestSender - Using pooled Channel '[id: 0x463696e1, L:/127.0.0.1:59150 - R:localhost/127.0.0.1:46775]' for 'GET' to 'http://localhost:46775/session/63389ead735ccf39dee083163f54171e/url'
18:53:13.583 [Forwarding getCurrentUrl on session 63389ead735ccf39dee083163f54171e to remote] DEBUG org.asynchttpclient.netty.request.NettyRequestSender - Using open Channel [id: 0x463696e1, L:/127.0.0.1:59150 - R:localhost/127.0.0.1:46775] for GET '/session/63389ead735ccf39dee083163f54171e/url'
18:53:13.586 [AsyncHttpClient-1-12] DEBUG org.asynchttpclient.netty.handler.HttpHandler - 

Request DefaultFullHttpRequest(decodeResult: success, version: HTTP/1.1, content: EmptyByteBufBE)
GET /session/63389ead735ccf39dee083163f54171e/url HTTP/1.1
User-Agent: selenium/4.8.1 (java windows)
Cache-Control: no-cache
Content-Type: application/json; charset=utf-8
host: localhost:46775
accept: */*

Response DefaultHttpResponse(decodeResult: success, version: HTTP/1.1)
HTTP/1.1 200 OK
Content-Length: 51
Content-Type: application/json; charset=utf-8
cache-control: no-cache

18:53:13.586 [AsyncHttpClient-1-12] DEBUG org.asynchttpclient.netty.channel.ChannelManager - Adding key: http://localhost:46775 for channel [id: 0x463696e1, L:/127.0.0.1:59150 - R:localhost/127.0.0.1:46775]
  &amp#27;[31mAnd &amp#27;[0m&amp#27;[31mI click buy button product&amp#27;[0m                 &amp#27;[90m# starter.stepdefinitions.TransactionSteps.clickBuyProduct()&amp#27;[0m
      &amp#27;[31mnet.thucydides.core.webdriver.exceptions.ElementShouldBeEnabledException: Expected enabled element was not enabled
	at net.serenitybdd.core.pages.WebElementFacadeImpl.waitUntilEnabled(WebElementFacadeImpl.java:1122)
	at net.serenitybdd.core.pages.WebElementFacadeImpl.waitUntilElementAvailable(WebElementFacadeImpl.java:906)
	at net.serenitybdd.core.pages.WebElementFacadeImpl.click(WebElementFacadeImpl.java:1204)
	at net.serenitybdd.core.pages.WebElementFacadeImpl.click(WebElementFacadeImpl.java:1224)
	at MiniProject@1.0-SNAPSHOT/starter.user.Buy.ClickBuyButton(Buy.java:31)
	at MiniProject@1.0-SNAPSHOT/starter.user.Buy$ByteBuddy$3m1XR6Lj.ClickBuyButton$accessor$KIVsxK26(Unknown Source)
	at java.base/jdk.internal.reflect.NativeMethodAccessorImpl.invoke0(Native Method)
	at java.base/jdk.internal.reflect.NativeMethodAccessorImpl.invoke(NativeMethodAccessorImpl.java:77)
	at java.base/jdk.internal.reflect.DelegatingMethodAccessorImpl.invoke(DelegatingMethodAccessorImpl.java:43)
	at java.base/java.lang.reflect.Method.invoke(Method.java:568)
	at net.thucydides.core.steps.StepInterceptor.invokeMethod(StepInterceptor.java:518)
	at net.thucydides.core.steps.StepInterceptor.executeTestStepMethod(StepInterceptor.java:498)
	at net.thucydides.core.steps.StepInterceptor.runTestStep(StepInterceptor.java:472)
	at net.thucydides.core.steps.StepInterceptor.runOrSkipMethod(StepInterceptor.java:211)
	at net.thucydides.core.steps.StepInterceptor.testStepResult(StepInterceptor.java:198)
	at net.thucydides.core.steps.StepInterceptor.intercept(StepInterceptor.java:86)
	at net.thucydides.core.steps.ProxyConfiguration$InterceptorDispatcher.intercept(ProxyConfiguration.java:51)
	at MiniProject@1.0-SNAPSHOT/starter.user.Buy$ByteBuddy$3m1XR6Lj.ClickBuyButton(Unknown Source)
	at MiniProject@1.0-SNAPSHOT/starter.stepdefinitions.TransactionSteps.clickBuyProduct(TransactionSteps.java:47)
	at âœ½.I click buy button product(file:///D:/alta/MiniProject/src/test/resources/features/transaction.feature:13)
Caused by: org.openqa.selenium.TimeoutException: Expected condition failed: waiting for By.xpath: //button[@class='button-beli ml-3 v-btn v-btn--outlined theme--light v-size--small primary--text'] to be enabled (tried for 5 second(s) with 100 milliseconds interval)
	at org.openqa.selenium.support.ui.FluentWait.timeoutException(FluentWait.java:263)
	at org.openqa.selenium.support.ui.FluentWait.until(FluentWait.java:231)
	at net.serenitybdd.core.pages.WebElementFacadeImpl.waitUntilEnabled(WebElementFacadeImpl.java:1119)
	at net.serenitybdd.core.pages.WebElementFacadeImpl.waitUntilElementAvailable(WebElementFacadeImpl.java:906)
	at net.serenitybdd.core.pages.WebElementFacadeImpl.click(WebElementFacadeImpl.java:1204)
	at net.serenitybdd.core.pages.WebElementFacadeImpl.click(WebElementFacadeImpl.java:1224)
	at MiniProject@1.0-SNAPSHOT/starter.user.Buy.ClickBuyButton(Buy.java:31)
	at MiniProject@1.0-SNAPSHOT/starter.user.Buy$ByteBuddy$3m1XR6Lj.ClickBuyButton$accessor$KIVsxK26(Unknown Source)
	at java.base/jdk.internal.reflect.NativeMethodAccessorImpl.invoke0(Native Method)
	at java.base/jdk.internal.reflect.NativeMethodAccessorImpl.invoke(NativeMethodAccessorImpl.java:77)
	at java.base/jdk.internal.reflect.DelegatingMethodAccessorImpl.invoke(DelegatingMethodAccessorImpl.java:43)
	at java.base/java.lang.reflect.Method.invoke(Method.java:568)
	at net.thucydides.core.steps.StepInterceptor.invokeMethod(StepInterceptor.java:518)
	at net.thucydides.core.steps.StepInterceptor.executeTestStepMethod(StepInterceptor.java:498)
	at net.thucydides.core.steps.StepInterceptor.runTestStep(StepInterceptor.java:472)
	at net.thucydides.core.steps.StepInterceptor.runOrSkipMethod(StepInterceptor.java:211)
	at net.thucydides.core.steps.StepInterceptor.testStepResult(StepInterceptor.java:198)
	at net.thucydides.core.steps.StepInterceptor.intercept(StepInterceptor.java:86)
	at net.thucydides.core.steps.ProxyConfiguration$InterceptorDispatcher.intercept(ProxyConfiguration.java:51)
	at MiniProject@1.0-SNAPSHOT/starter.user.Buy$ByteBuddy$3m1XR6Lj.ClickBuyButton(Unknown Source)
	at MiniProject@1.0-SNAPSHOT/starter.stepdefinitions.TransactionSteps.clickBuyProduct(TransactionSteps.java:47)
	at java.base/jdk.internal.reflect.NativeMethodAccessorImpl.invoke0(Native Method)
	at java.base/jdk.internal.reflect.NativeMethodAccessorImpl.invoke(NativeMethodAccessorImpl.java:77)
	at java.base/jdk.internal.reflect.DelegatingMethodAccessorImpl.invoke(DelegatingMethodAccessorImpl.java:43)
	at java.base/java.lang.reflect.Method.invoke(Method.java:568)
	at io.cucumber.java.Invoker.doInvoke(Invoker.java:66)
	at io.cucumber.java.Invoker.invoke(Invoker.java:24)
	at io.cucumber.java.AbstractGlueDefinition.invokeMethod(AbstractGlueDefinition.java:47)
	at io.cucumber.java.JavaStepDefinition.execute(JavaStepDefinition.java:29)
	at io.cucumber.core.runner.CoreStepDefinition.execute(CoreStepDefinition.java:66)
	at io.cucumber.core.runner.PickleStepDefinitionMatch.runStep(PickleStepDefinitionMatch.java:63)
	at io.cucumber.core.runner.ExecutionMode$1.execute(ExecutionMode.java:10)
	at io.cucumber.core.runner.TestStep.executeStep(TestStep.java:84)
	at io.cucumber.core.runner.TestStep.run(TestStep.java:56)
	at io.cucumber.core.runner.PickleStepTestStep.run(PickleStepTestStep.java:51)
	at io.cucumber.core.runner.TestCase.run(TestCase.java:84)
	at io.cucumber.core.runner.Runner.runPickle(Runner.java:75)
	at io.cucumber.junit.PickleRunners$NoStepDescriptions.lambda$run$0(PickleRunners.java:151)
	at io.cucumber.core.runtime.CucumberExecutionContext.lambda$runTestCase$5(CucumberExecutionContext.java:130)
	at io.cucumber.core.runtime.RethrowingThrowableCollector.executeAndThrow(RethrowingThrowableCollector.java:23)
	at io.cucumber.core.runtime.CucumberExecutionContext.runTestCase(CucumberExecutionContext.java:130)
	at io.cucumber.junit.PickleRunners$NoStepDescriptions.run(PickleRunners.java:148)
	at io.cucumber.junit.FeatureRunner.runChild(FeatureRunner.java:144)
	at io.cucumber.junit.FeatureRunner.runChild(FeatureRunner.java:28)
	at org.junit.runners.ParentRunner$4.run(ParentRunner.java:331)
	at org.junit.runners.ParentRunner$1.schedule(ParentRunner.java:79)
	at org.junit.runners.ParentRunner.runChildren(ParentRunner.java:329)
	at org.junit.runners.ParentRunner.access$100(ParentRunner.java:66)
	at org.junit.runners.ParentRunner$2.evaluate(ParentRunner.java:293)
	at org.junit.runners.ParentRunner$3.evaluate(ParentRunner.java:306)
	at org.junit.runners.ParentRunner.run(ParentRunner.java:413)
	at io.cucumber.junit.FeatureRunner.run(FeatureRunner.java:137)
	at io.cucumber.junit.CucumberSerenityBaseRunner.runChild(CucumberSerenityBaseRunner.java:330)
	at io.cucumber.junit.CucumberSerenityBaseRunner.runChild(CucumberSerenityBaseRunner.java:51)
	at org.junit.runners.ParentRunner$4.run(ParentRunner.java:331)
	at org.junit.runners.ParentRunner$1.schedule(ParentRunner.java:79)
	at org.junit.runners.ParentRunner.runChildren(ParentRunner.java:329)
	at org.junit.runners.ParentRunner.access$100(ParentRunner.java:66)
	at org.junit.runners.ParentRunner$2.evaluate(ParentRunner.java:293)
	at io.cucumber.junit.CucumberSerenityBaseRunner$RunCucumber.evaluate(CucumberSerenityBaseRunner.java:361)
	at org.junit.runners.ParentRunner$3.evaluate(ParentRunner.java:306)
	at org.junit.runners.ParentRunner.run(ParentRunner.java:413)
	at org.junit.runner.JUnitCore.run(JUnitCore.java:137)
	at org.junit.runner.JUnitCore.run(JUnitCore.java:115)
	at org.junit.vintage.engine.execution.RunnerExecutor.execute(RunnerExecutor.java:42)
	at org.junit.vintage.engine.VintageTestEngine.executeAllChildren(VintageTestEngine.java:80)
	at org.junit.vintage.engine.VintageTestEngine.execute(VintageTestEngine.java:72)
	at org.junit.platform.launcher.core.EngineExecutionOrchestrator.execute(EngineExecutionOrchestrator.java:107)
	at org.junit.platform.launcher.core.EngineExecutionOrchestrator.execute(EngineExecutionOrchestrator.java:88)
	at org.junit.platform.launcher.core.EngineExecutionOrchestrator.lambda$execute$0(EngineExecutionOrchestrator.java:54)
	at org.junit.platform.launcher.core.EngineExecutionOrchestrator.withInterceptedStreams(EngineExecutionOrchestrator.java:67)
	at org.junit.platform.launcher.core.EngineExecutionOrchestrator.execute(EngineExecutionOrchestrator.java:52)
	at org.junit.platform.launcher.core.DefaultLauncher.execute(DefaultLauncher.java:114)
	at org.junit.platform.launcher.core.DefaultLauncher.execute(DefaultLauncher.java:86)
	at org.junit.platform.launcher.core.DefaultLauncherSession$DelegatingLauncher.execute(DefaultLauncherSession.java:86)
	at org.junit.platform.launcher.core.SessionPerRequestLauncher.execute(SessionPerRequestLauncher.java:53)
	at org.apache.maven.surefire.junitplatform.JUnitPlatformProvider.execute(JUnitPlatformProvider.java:188)
	at org.apache.maven.surefire.junitplatform.JUnitPlatformProvider.invokeAllTests(JUnitPlatformProvider.java:154)
	at org.apache.maven.surefire.junitplatform.JUnitPlatformProvider.invoke(JUnitPlatformProvider.java:128)
	at org.apache.maven.surefire.booter.ForkedBooter.runSuitesInProcess(ForkedBooter.java:428)
	at org.apache.maven.surefire.booter.ForkedBooter.execute(ForkedBooter.java:162)
	at org.apache.maven.surefire.booter.ForkedBooter.run(ForkedBooter.java:562)
	at org.apache.maven.surefire.booter.ForkedBooter.main(ForkedBooter.java:548)
Caused by: org.openqa.selenium.NoSuchElementException: no such element: Unable to locate element: {"method":"xpath","selector":"//button[@class='button-beli ml-3 v-btn v-btn--outlined theme--light v-size--small primary--text']"}
  (Session info: chrome=112.0.5615.138)
For documentation on this error, please visit: https://selenium.dev/exceptions/#no_such_element
Build info: version: '4.8.1', revision: '8ebccac989'
System info: os.name: 'Windows 11', os.arch: 'amd64', os.version: '10.0', java.version: '17.0.6'
Driver info: org.openqa.selenium.chrome.ChromeDriver
Command: [63389ead735ccf39dee083163f54171e, findElement {using=xpath, value=//button[@class='button-beli ml-3 v-btn v-btn--outlined theme--light v-size--small primary--text']}]
Capabilities {acceptInsecureCerts: false, browserName: chrome, browserVersion: 112.0.5615.138, chrome: {chromedriverVersion: 111.0.5563.64 (c710e93d5b63..., userDataDir: C:\Users\User-PC\AppData\Lo...}, goog:chromeOptions: {debuggerAddress: localhost:59151}, networkConnectionEnabled: false, pageLoadStrategy: normal, platformName: WINDOWS, proxy: Proxy(), se:cdp: ws://localhost:59151/devtoo..., se:cdpVersion: 112.0.5615.138, setWindowRect: true, strictFileInteractability: false, timeouts: {implicit: 0, pageLoad: 300000, script: 30000}, unhandledPromptBehavior: dismiss and notify, webauthn:extension:credBlob: true, webauthn:extension:largeBlob: true, webauthn:extension:minPinLength: true, webauthn:extension:prf: true, webauthn:virtualAuthenticators: true}
Session ID: 63389ead735ccf39dee083163f54171e
	at java.base/jdk.internal.reflect.NativeConstructorAccessorImpl.newInstance0(Native Method)
	at java.base/jdk.internal.reflect.NativeConstructorAccessorImpl.newInstance(NativeConstructorAccessorImpl.java:77)
	at java.base/jdk.internal.reflect.DelegatingConstructorAccessorImpl.newInstance(DelegatingConstructorAccessorImpl.java:45)
	at java.base/java.lang.reflect.Constructor.newInstanceWithCaller(Constructor.java:499)
	at java.base/java.lang.reflect.Constructor.newInstance(Constructor.java:480)
	at org.openqa.selenium.remote.codec.w3c.W3CHttpResponseCodec.createException(W3CHttpResponseCodec.java:200)
	at org.openqa.selenium.remote.codec.w3c.W3CHttpResponseCodec.decode(W3CHttpResponseCodec.java:133)
	at org.openqa.selenium.remote.codec.w3c.W3CHttpResponseCodec.decode(W3CHttpResponseCodec.java:53)
	at org.openqa.selenium.remote.HttpCommandExecutor.execute(HttpCommandExecutor.java:184)
	at org.openqa.selenium.remote.service.DriverCommandExecutor.invokeExecute(DriverCommandExecutor.java:167)
	at org.openqa.selenium.remote.service.DriverCommandExecutor.execute(DriverCommandExecutor.java:142)
	at org.openqa.selenium.remote.RemoteWebDriver.execute(RemoteWebDriver.java:543)
	at org.openqa.selenium.remote.ElementLocation$ElementFinder$2.findElement(ElementLocation.java:162)
	at org.openqa.selenium.remote.ElementLocation.findElement(ElementLocation.java:60)
	at org.openqa.selenium.remote.RemoteWebDriver.findElement(RemoteWebDriver.java:352)
	at org.openqa.selenium.remote.RemoteWebDriver.findElement(RemoteWebDriver.java:344)
	at net.thucydides.core.webdriver.WebDriverFacade.findElement(WebDriverFacade.java:242)
	at net.serenitybdd.core.pages.WebElementResolverByLocator.resolveForDriver(WebElementResolverByLocator.java:25)
	at net.serenitybdd.core.pages.WebElementFacadeImpl.getResolvedElement(WebElementFacadeImpl.java:189)
	at net.serenitybdd.core.pages.WebElementFacadeImpl.getElement(WebElementFacadeImpl.java:184)
	at net.serenitybdd.core.pages.WebElementExpectations$3.apply(WebElementExpectations.java:63)
	at net.serenitybdd.core.pages.WebElementExpectations$3.apply(WebElementExpectations.java:55)
	at org.openqa.selenium.support.ui.FluentWait.until(FluentWait.java:208)
	... 81 more
&amp#27;[0m
  &amp#27;[36mAnd &amp#27;[0m&amp#27;[36mI click cart button&amp#27;[0m                        &amp#27;[90m# starter.stepdefinitions.TransactionSteps.clickCartProduct()&amp#27;[0m
  &amp#27;[36mThen &amp#27;[0m&amp#27;[36mI click pay button&amp#27;[0m                        &amp#27;[90m# starter.stepdefinitions.TransactionSteps.clickPayProduct()&amp#27;[0m
  &amp#27;[36mAnd &amp#27;[0m&amp#27;[36mI am on the transaction information page&amp#27;[0m   &amp#27;[90m# starter.stepdefinitions.TransactionSteps.onTransactionPage()&amp#27;[0m
18:53:13.646 [main] ERROR  - 
  _____   ___   ___   _____     ___     _     ___   _      ___   ___  
 |_   _| | __| / __| |_   _|   | __|   /_\   |_ _| | |    | __| |   \ 
   | |   | _|  \__ \   | |     | _|   / _ \   | |  | |__  | _|  | |) |
   |_|   |___| |___/   |_|     |_|   /_/ \_\ |___| |____| |___| |___/ 

As user i make a product transaction
-----------------------------------------------------------------------
18:53:13.646 [main] DEBUG  - RELATED ISSUES: 
18:53:13.647 [main] ERROR  -     Test failed at step: Click buy button
18:53:13.648 [main] ERROR  -     Expected enabled element was not enabled
18:53:13.650 [Driver Command Executor] DEBUG org.asynchttpclient.netty.request.NettyRequestSender - Using pooled Channel '[id: 0x463696e1, L:/127.0.0.1:59150 - R:localhost/127.0.0.1:46775]' for 'DELETE' to 'http://localhost:46775/session/63389ead735ccf39dee083163f54171e'
18:53:13.650 [Driver Command Executor] DEBUG org.asynchttpclient.netty.request.NettyRequestSender - Using open Channel [id: 0x463696e1, L:/127.0.0.1:59150 - R:localhost/127.0.0.1:46775] for DELETE '/session/63389ead735ccf39dee083163f54171e'
18:53:13.650 [AsyncHttpClient-1-14] DEBUG org.asynchttpclient.netty.handler.WebSocketHandler - Channel Closed: [id: 0x17176564, L:/127.0.0.1:59160 ! R:localhost/127.0.0.1:59151] with attribute NettyResponseFuture{currentRetry=0,
	isDone=1,
	isCancelled=0,
	asyncHandler=org.asynchttpclient.ws.WebSocketUpgradeHandler@4b3025cf,
	nettyRequest=org.asynchttpclient.netty.request.NettyRequest@3f57aee4,
	future=java.util.concurrent.CompletableFuture@bfd8b16[Completed normally],
	uri=ws://localhost:59151/devtools/browser/f58f7e69-98fd-41ec-ba95-e2a2a917d3bd,
	keepAlive=true,
	redirectCount=0,
	timeoutsHolder=null,
	inAuth=0,
	touch=1683546783383}
18:53:13.651 [AsyncHttpClient-1-14] DEBUG org.asynchttpclient.netty.channel.ChannelManager - Closing Channel [id: 0x17176564, L:/127.0.0.1:59160 ! R:localhost/127.0.0.1:59151] 
18:53:13.851 [AsyncHttpClient-1-13] DEBUG org.asynchttpclient.netty.handler.HttpHandler - Unexpected I/O exception on channel [id: 0xf518d610, L:/127.0.0.1:59158 - R:localhost/127.0.0.1:59151]
java.net.SocketException: Connection reset
	at java.base/sun.nio.ch.SocketChannelImpl.throwConnectionReset(SocketChannelImpl.java:394)
	at java.base/sun.nio.ch.SocketChannelImpl.read(SocketChannelImpl.java:426)
	at io.netty.buffer.PooledByteBuf.setBytes(PooledByteBuf.java:259)
	at io.netty.buffer.AbstractByteBuf.writeBytes(AbstractByteBuf.java:1132)
	at io.netty.channel.socket.nio.NioSocketChannel.doReadBytes(NioSocketChannel.java:357)
	at io.netty.channel.nio.AbstractNioByteChannel$NioByteUnsafe.read(AbstractNioByteChannel.java:151)
	at io.netty.channel.nio.NioEventLoop.processSelectedKey(NioEventLoop.java:788)
	at io.netty.channel.nio.NioEventLoop.processSelectedKeysOptimized(NioEventLoop.java:724)
	at io.netty.channel.nio.NioEventLoop.processSelectedKeys(NioEventLoop.java:650)
	at io.netty.channel.nio.NioEventLoop.run(NioEventLoop.java:562)
	at io.netty.util.concurrent.SingleThreadEventExecutor$4.run(SingleThreadEventExecutor.java:997)
	at io.netty.util.internal.ThreadExecutorMap$2.run(ThreadExecutorMap.java:74)
	at io.netty.util.concurrent.FastThreadLocalRunnable.run(FastThreadLocalRunnable.java:30)
	at java.base/java.lang.Thread.run(Thread.java:833)
18:53:13.852 [AsyncHttpClient-1-13] DEBUG org.asynchttpclient.netty.channel.ChannelManager - Closing Channel [id: 0xf518d610, L:/127.0.0.1:59158 - R:localhost/127.0.0.1:59151] 
18:53:13.852 [AsyncHttpClient-1-13] DEBUG org.asynchttpclient.netty.handler.HttpHandler - Channel Closed: [id: 0xf518d610, L:/127.0.0.1:59158 ! R:localhost/127.0.0.1:59151] with attribute DISCARD
18:53:13.890 [AsyncHttpClient-1-12] DEBUG org.asynchttpclient.netty.handler.HttpHandler - 

Request DefaultFullHttpRequest(decodeResult: success, version: HTTP/1.1, content: EmptyByteBufBE)
DELETE /session/63389ead735ccf39dee083163f54171e HTTP/1.1
User-Agent: selenium/4.8.1 (java windows)
Content-Type: application/json; charset=utf-8
host: localhost:46775
accept: */*

Response DefaultHttpResponse(decodeResult: success, version: HTTP/1.1)
HTTP/1.1 200 OK
Content-Length: 14
Content-Type: application/json; charset=utf-8
cache-control: no-cache

18:53:13.890 [AsyncHttpClient-1-12] DEBUG org.asynchttpclient.netty.channel.ChannelManager - Adding key: http://localhost:46775 for channel [id: 0x463696e1, L:/127.0.0.1:59150 - R:localhost/127.0.0.1:46775]
18:53:13.983 [AsyncHttpClient-1-12] DEBUG org.asynchttpclient.netty.handler.HttpHandler - Channel Closed: [id: 0x463696e1, L:/127.0.0.1:59150 ! R:localhost/127.0.0.1:46775] with attribute DISCARD
]]></system-out>
    <system-err><![CDATA[Starting ChromeDriver 111.0.5563.64 (c710e93d5b63b7095afe8c2c17df34408078439d-refs/branch-heads/5563@{#995}) on port 46775
Only local connections are allowed.
Please see https://chromedriver.chromium.org/security-considerations for suggestions on keeping ChromeDriver safe.
ChromeDriver was started successfully.
[1683546783.117][WARNING]: This version of ChromeDriver has not been tested with Chrome version 112.
May 08, 2023 6:53:03 PM org.openqa.selenium.devtools.CdpVersionFinder findNearestMatch
WARNING: Unable to find an exact match for CDP version 112, so returning the closest version found: 110
]]></system-err>
  </testcase>
  <testcase name="As user i make a product transaction and not complete purchase" classname="Transaction" time="11.446">
    <error type="net.thucydides.core.webdriver.exceptions.ElementShouldBeEnabledException"><![CDATA[net.thucydides.core.webdriver.exceptions.ElementShouldBeEnabledException: Expected enabled element was not enabled
Caused by: org.openqa.selenium.TimeoutException: Expected condition failed: waiting for By.xpath: //button[@class='button-beli ml-3 v-btn v-btn--outlined theme--light v-size--small primary--text'] to be enabled (tried for 5 second(s) with 100 milliseconds interval)
Caused by: org.openqa.selenium.NoSuchElementException: 
no such element: Unable to locate element: {"method":"xpath","selector":"//button[@class='button-beli ml-3 v-btn v-btn--outlined theme--light v-size--small primary--text']"}
  (Session info: chrome=112.0.5615.138)
For documentation on this error, please visit: https://selenium.dev/exceptions/#no_such_element
Build info: version: '4.8.1', revision: '8ebccac989'
System info: os.name: 'Windows 11', os.arch: 'amd64', os.version: '10.0', java.version: '17.0.6'
Driver info: org.openqa.selenium.chrome.ChromeDriver
Command: [0f327876bf117934efaf7b84fc918cc6, findElement {using=xpath, value=//button[@class='button-beli ml-3 v-btn v-btn--outlined theme--light v-size--small primary--text']}]
Capabilities {acceptInsecureCerts: false, browserName: chrome, browserVersion: 112.0.5615.138, chrome: {chromedriverVersion: 111.0.5563.64 (c710e93d5b63..., userDataDir: C:\Users\User-PC\AppData\Lo...}, goog:chromeOptions: {debuggerAddress: localhost:59178}, networkConnectionEnabled: false, pageLoadStrategy: normal, platformName: WINDOWS, proxy: Proxy(), se:cdp: ws://localhost:59178/devtoo..., se:cdpVersion: 112.0.5615.138, setWindowRect: true, strictFileInteractability: false, timeouts: {implicit: 0, pageLoad: 300000, script: 30000}, unhandledPromptBehavior: dismiss and notify, webauthn:extension:credBlob: true, webauthn:extension:largeBlob: true, webauthn:extension:minPinLength: true, webauthn:extension:prf: true, webauthn:virtualAuthenticators: true}
Session ID: 0f327876bf117934efaf7b84fc918cc6
]]></error>
    <system-out><![CDATA[
Scenario: As user i make a product transaction and not complete purchase &amp#27;[90m# src/test/resources/features/transaction.feature:19&amp#27;[0m
18:53:14.072 [main] DEBUG io.cucumber.core.plugin.SerenityReporter - Running feature from file:///D:/alta/MiniProject/src/test/resources/features/transaction.feature
18:53:14.074 [main] INFO  - 
  _____   ___   ___   _____     ___   _____     _     ___   _____   ___   ___  
 |_   _| | __| / __| |_   _|   / __| |_   _|   /_\   | _ \ |_   _| | __| |   \ 
   | |   | _|  \__ \   | |     \__ \   | |    / _ \  |   /   | |   | _|  | |) |
   |_|   |___| |___/   |_|     |___/   |_|   /_/ \_\ |_|_\   |_|   |___| |___/ 

As user i make a product transaction and not complete purchase(transaction;as-user-i-make-a-product-transaction-and-not-complete-purchase)
--------------------------------------------------------------------------------
18:53:14.159 [main] INFO net.serenitybdd.core.webdriver.driverproviders.ChromeDriverProvider - Starting Chrome driver instance with capabilities:
18:53:14.159 [main] INFO net.serenitybdd.core.webdriver.driverproviders.ChromeDriverProvider - Capabilities {acceptInsecureCerts: false, browserName: chrome, goog:chromeOptions: {args: [remote-allow-origins=*], extensions: []}}
18:53:14.275 [AsyncHttpClient-1-15] DEBUG org.asynchttpclient.netty.channel.NettyConnectListener - Using new Channel '[id: 0xc6c4a072, L:/127.0.0.1:59177 - R:localhost/127.0.0.1:36131]' for 'POST' to '/session'
18:53:14.472 [AsyncHttpClient-1-1] DEBUG org.asynchttpclient.netty.channel.DefaultChannelPool - Entry count for : http://localhost:59151 : 1
18:53:14.472 [AsyncHttpClient-1-1] DEBUG org.asynchttpclient.netty.channel.DefaultChannelPool - Entry count for : http://localhost:46775 : 1
18:53:14.472 [AsyncHttpClient-1-1] DEBUG org.asynchttpclient.netty.channel.DefaultChannelPool - Adding Candidate expired Channel [id: 0xf518d610, L:/127.0.0.1:59158 ! R:localhost/127.0.0.1:59151] isIdleTimeoutExpired=false isRemotelyClosed=true isTtlExpired=false
18:53:14.472 [AsyncHttpClient-1-1] DEBUG org.asynchttpclient.netty.channel.DefaultChannelPool - Closing Idle Channel [id: 0xf518d610, L:/127.0.0.1:59158 ! R:localhost/127.0.0.1:59151]
18:53:14.472 [AsyncHttpClient-1-1] DEBUG org.asynchttpclient.netty.channel.DefaultChannelPool - Adding Candidate expired Channel [id: 0x463696e1, L:/127.0.0.1:59150 ! R:localhost/127.0.0.1:46775] isIdleTimeoutExpired=false isRemotelyClosed=true isTtlExpired=false
18:53:14.472 [AsyncHttpClient-1-1] DEBUG org.asynchttpclient.netty.channel.DefaultChannelPool - Closing Idle Channel [id: 0x463696e1, L:/127.0.0.1:59150 ! R:localhost/127.0.0.1:46775]
18:53:14.472 [AsyncHttpClient-1-1] DEBUG org.asynchttpclient.netty.channel.DefaultChannelPool - Closed 2 connections out of 2 in 0 ms
18:53:15.360 [AsyncHttpClient-1-15] DEBUG org.asynchttpclient.netty.handler.HttpHandler - 

Request DefaultHttpRequest(decodeResult: success, version: HTTP/1.1)
POST /session HTTP/1.1
User-Agent: selenium/4.8.1 (java windows)
Content-Length: 507
Content-Type: application/json; charset=utf-8
host: localhost:36131
accept: */*

Response DefaultHttpResponse(decodeResult: success, version: HTTP/1.1)
HTTP/1.1 200 OK
Content-Length: 862
Content-Type: application/json; charset=utf-8
cache-control: no-cache

18:53:15.361 [AsyncHttpClient-1-15] DEBUG org.asynchttpclient.netty.channel.ChannelManager - Adding key: http://localhost:36131 for channel [id: 0xc6c4a072, L:/127.0.0.1:59177 - R:localhost/127.0.0.1:36131]
18:53:15.390 [AsyncHttpClient-1-16] DEBUG org.asynchttpclient.netty.channel.NettyConnectListener - Using new Channel '[id: 0xd0e90e4b, L:/127.0.0.1:59185 - R:localhost/127.0.0.1:59178]' for 'GET' to '/json/version'
18:53:15.392 [AsyncHttpClient-1-16] DEBUG org.asynchttpclient.netty.handler.HttpHandler - 

Request DefaultFullHttpRequest(decodeResult: success, version: HTTP/1.1, content: EmptyByteBufBE)
GET /json/version HTTP/1.1
User-Agent: selenium/4.8.1 (java windows)
host: localhost:59178
accept: */*

Response DefaultHttpResponse(decodeResult: success, version: HTTP/1.1)
HTTP/1.1 200 OK
Content-Security-Policy: frame-ancestors 'none'
Content-Length: 424
Content-Type: application/json; charset=UTF-8

18:53:15.392 [AsyncHttpClient-1-16] DEBUG org.asynchttpclient.netty.channel.ChannelManager - Adding key: http://localhost:59178 for channel [id: 0xd0e90e4b, L:/127.0.0.1:59185 - R:localhost/127.0.0.1:59178]
18:53:15.396 [AsyncHttpClient-1-17] DEBUG org.asynchttpclient.netty.channel.NettyConnectListener - Using new Channel '[id: 0xd3553efc, L:/127.0.0.1:59186 - R:localhost/127.0.0.1:59178]' for 'GET' to '/devtools/browser/679288e6-aba7-462e-bdd8-de14cd2646e5'
18:53:15.397 [AsyncHttpClient-1-17] DEBUG org.asynchttpclient.netty.handler.WebSocketHandler - 

Request DefaultFullHttpRequest(decodeResult: success, version: HTTP/1.1, content: EmptyByteBufBE)
GET /devtools/browser/679288e6-aba7-462e-bdd8-de14cd2646e5 HTTP/1.1
upgrade: websocket
connection: upgrade
sec-websocket-key: dV0NkSAgygeR+mV3mi6RiQ==
sec-websocket-version: 13
origin: http://localhost:59178
host: localhost:59178
accept: */*
user-agent: AHC/2.1

Response DefaultHttpResponse(decodeResult: success, version: HTTP/1.1)
HTTP/1.1 101 WebSocket Protocol Handshake
Upgrade: WebSocket
Connection: Upgrade
Sec-WebSocket-Accept: HaB9pXme9wKyXz01uxyqjzPpmS4=

18:53:15.404 [Forwarding get on session 0f327876bf117934efaf7b84fc918cc6 to remote] DEBUG org.asynchttpclient.netty.request.NettyRequestSender - Using pooled Channel '[id: 0xc6c4a072, L:/127.0.0.1:59177 - R:localhost/127.0.0.1:36131]' for 'POST' to 'http://localhost:36131/session/0f327876bf117934efaf7b84fc918cc6/url'
18:53:15.404 [Forwarding get on session 0f327876bf117934efaf7b84fc918cc6 to remote] DEBUG org.asynchttpclient.netty.request.NettyRequestSender - Using open Channel [id: 0xc6c4a072, L:/127.0.0.1:59177 - R:localhost/127.0.0.1:36131] for POST '/session/0f327876bf117934efaf7b84fc918cc6/url'
18:53:15.562 [AsyncHttpClient-1-1] DEBUG org.asynchttpclient.netty.channel.DefaultChannelPool - Entry count for : http://localhost:59178 : 1
18:53:16.652 [AsyncHttpClient-1-15] DEBUG org.asynchttpclient.netty.handler.HttpHandler - 

Request DefaultHttpRequest(decodeResult: success, version: HTTP/1.1)
POST /session/0f327876bf117934efaf7b84fc918cc6/url HTTP/1.1
User-Agent: selenium/4.8.1 (java windows)
Content-Length: 74
Content-Type: application/json; charset=utf-8
host: localhost:36131
accept: */*

Response DefaultHttpResponse(decodeResult: success, version: HTTP/1.1)
HTTP/1.1 200 OK
Content-Length: 14
Content-Type: application/json; charset=utf-8
cache-control: no-cache

18:53:16.653 [AsyncHttpClient-1-15] DEBUG org.asynchttpclient.netty.channel.ChannelManager - Adding key: http://localhost:36131 for channel [id: 0xc6c4a072, L:/127.0.0.1:59177 - R:localhost/127.0.0.1:36131]
18:53:16.655 [Forwarding setTimeout on session 0f327876bf117934efaf7b84fc918cc6 to remote] DEBUG org.asynchttpclient.netty.request.NettyRequestSender - Using pooled Channel '[id: 0xc6c4a072, L:/127.0.0.1:59177 - R:localhost/127.0.0.1:36131]' for 'POST' to 'http://localhost:36131/session/0f327876bf117934efaf7b84fc918cc6/timeouts'
18:53:16.655 [Forwarding setTimeout on session 0f327876bf117934efaf7b84fc918cc6 to remote] DEBUG org.asynchttpclient.netty.request.NettyRequestSender - Using open Channel [id: 0xc6c4a072, L:/127.0.0.1:59177 - R:localhost/127.0.0.1:36131] for POST '/session/0f327876bf117934efaf7b84fc918cc6/timeouts'
18:53:16.662 [AsyncHttpClient-1-15] DEBUG org.asynchttpclient.netty.handler.HttpHandler - 

Request DefaultHttpRequest(decodeResult: success, version: HTTP/1.1)
POST /session/0f327876bf117934efaf7b84fc918cc6/timeouts HTTP/1.1
User-Agent: selenium/4.8.1 (java windows)
Content-Length: 22
Content-Type: application/json; charset=utf-8
host: localhost:36131
accept: */*

Response DefaultHttpResponse(decodeResult: success, version: HTTP/1.1)
HTTP/1.1 200 OK
Content-Length: 14
Content-Type: application/json; charset=utf-8
cache-control: no-cache

18:53:16.662 [AsyncHttpClient-1-15] DEBUG org.asynchttpclient.netty.channel.ChannelManager - Adding key: http://localhost:36131 for channel [id: 0xc6c4a072, L:/127.0.0.1:59177 - R:localhost/127.0.0.1:36131]
18:53:16.668 [AsyncHttpClient-1-1] DEBUG org.asynchttpclient.netty.channel.DefaultChannelPool - Entry count for : http://localhost:59178 : 1
18:53:16.668 [AsyncHttpClient-1-1] DEBUG org.asynchttpclient.netty.channel.DefaultChannelPool - Entry count for : http://localhost:36131 : 1
18:53:16.681 [Forwarding getAlertText on session 0f327876bf117934efaf7b84fc918cc6 to remote] DEBUG org.asynchttpclient.netty.request.NettyRequestSender - Using pooled Channel '[id: 0xc6c4a072, L:/127.0.0.1:59177 - R:localhost/127.0.0.1:36131]' for 'GET' to 'http://localhost:36131/session/0f327876bf117934efaf7b84fc918cc6/alert/text'
18:53:16.682 [Forwarding getAlertText on session 0f327876bf117934efaf7b84fc918cc6 to remote] DEBUG org.asynchttpclient.netty.request.NettyRequestSender - Using open Channel [id: 0xc6c4a072, L:/127.0.0.1:59177 - R:localhost/127.0.0.1:36131] for GET '/session/0f327876bf117934efaf7b84fc918cc6/alert/text'
18:53:16.687 [AsyncHttpClient-1-15] DEBUG org.asynchttpclient.netty.handler.HttpHandler - 

Request DefaultFullHttpRequest(decodeResult: success, version: HTTP/1.1, content: EmptyByteBufBE)
GET /session/0f327876bf117934efaf7b84fc918cc6/alert/text HTTP/1.1
User-Agent: selenium/4.8.1 (java windows)
Cache-Control: no-cache
Content-Type: application/json; charset=utf-8
host: localhost:36131
accept: */*

Response DefaultHttpResponse(decodeResult: success, version: HTTP/1.1)
HTTP/1.1 404 Not Found
Content-Length: 809
Content-Type: application/json; charset=utf-8
cache-control: no-cache

18:53:16.687 [AsyncHttpClient-1-15] DEBUG org.asynchttpclient.netty.channel.ChannelManager - Adding key: http://localhost:36131 for channel [id: 0xc6c4a072, L:/127.0.0.1:59177 - R:localhost/127.0.0.1:36131]
18:53:16.689 [Forwarding getCurrentUrl on session 0f327876bf117934efaf7b84fc918cc6 to remote] DEBUG org.asynchttpclient.netty.request.NettyRequestSender - Using pooled Channel '[id: 0xc6c4a072, L:/127.0.0.1:59177 - R:localhost/127.0.0.1:36131]' for 'GET' to 'http://localhost:36131/session/0f327876bf117934efaf7b84fc918cc6/url'
18:53:16.689 [Forwarding getCurrentUrl on session 0f327876bf117934efaf7b84fc918cc6 to remote] DEBUG org.asynchttpclient.netty.request.NettyRequestSender - Using open Channel [id: 0xc6c4a072, L:/127.0.0.1:59177 - R:localhost/127.0.0.1:36131] for GET '/session/0f327876bf117934efaf7b84fc918cc6/url'
18:53:16.702 [AsyncHttpClient-1-15] DEBUG org.asynchttpclient.netty.handler.HttpHandler - 

Request DefaultFullHttpRequest(decodeResult: success, version: HTTP/1.1, content: EmptyByteBufBE)
GET /session/0f327876bf117934efaf7b84fc918cc6/url HTTP/1.1
User-Agent: selenium/4.8.1 (java windows)
Cache-Control: no-cache
Content-Type: application/json; charset=utf-8
host: localhost:36131
accept: */*

Response DefaultHttpResponse(decodeResult: success, version: HTTP/1.1)
HTTP/1.1 200 OK
Content-Length: 51
Content-Type: application/json; charset=utf-8
cache-control: no-cache

18:53:16.702 [AsyncHttpClient-1-15] DEBUG org.asynchttpclient.netty.channel.ChannelManager - Adding key: http://localhost:36131 for channel [id: 0xc6c4a072, L:/127.0.0.1:59177 - R:localhost/127.0.0.1:36131]
18:53:16.703 [Forwarding screenshot on session 0f327876bf117934efaf7b84fc918cc6 to remote] DEBUG org.asynchttpclient.netty.request.NettyRequestSender - Using pooled Channel '[id: 0xc6c4a072, L:/127.0.0.1:59177 - R:localhost/127.0.0.1:36131]' for 'GET' to 'http://localhost:36131/session/0f327876bf117934efaf7b84fc918cc6/screenshot'
18:53:16.703 [Forwarding screenshot on session 0f327876bf117934efaf7b84fc918cc6 to remote] DEBUG org.asynchttpclient.netty.request.NettyRequestSender - Using open Channel [id: 0xc6c4a072, L:/127.0.0.1:59177 - R:localhost/127.0.0.1:36131] for GET '/session/0f327876bf117934efaf7b84fc918cc6/screenshot'
18:53:16.953 [AsyncHttpClient-1-15] DEBUG org.asynchttpclient.netty.handler.HttpHandler - 

Request DefaultFullHttpRequest(decodeResult: success, version: HTTP/1.1, content: EmptyByteBufBE)
GET /session/0f327876bf117934efaf7b84fc918cc6/screenshot HTTP/1.1
User-Agent: selenium/4.8.1 (java windows)
Cache-Control: no-cache
Content-Type: application/json; charset=utf-8
host: localhost:36131
accept: */*

Response DefaultHttpResponse(decodeResult: success, version: HTTP/1.1)
HTTP/1.1 200 OK
Content-Length: 37716
Content-Type: application/json; charset=utf-8
cache-control: no-cache

18:53:16.953 [AsyncHttpClient-1-15] DEBUG org.asynchttpclient.netty.channel.ChannelManager - Adding key: http://localhost:36131 for channel [id: 0xc6c4a072, L:/127.0.0.1:59177 - R:localhost/127.0.0.1:36131]
18:53:16.957 [main] DEBUG net.serenitybdd.core.photography.Darkroom - Send negative for processing for target\site\serenity\33332457f5fcf49f454ccd10d3fe1f87607ab26fa20055fdbcc9b0598dc64b75.png
18:53:16.959 [Forwarding getPageSource on session 0f327876bf117934efaf7b84fc918cc6 to remote] DEBUG org.asynchttpclient.netty.request.NettyRequestSender - Using pooled Channel '[id: 0xc6c4a072, L:/127.0.0.1:59177 - R:localhost/127.0.0.1:36131]' for 'POST' to 'http://localhost:36131/session/0f327876bf117934efaf7b84fc918cc6/execute/sync'
18:53:16.959 [Forwarding getPageSource on session 0f327876bf117934efaf7b84fc918cc6 to remote] DEBUG org.asynchttpclient.netty.request.NettyRequestSender - Using open Channel [id: 0xc6c4a072, L:/127.0.0.1:59177 - R:localhost/127.0.0.1:36131] for POST '/session/0f327876bf117934efaf7b84fc918cc6/execute/sync'
18:53:16.966 [AsyncHttpClient-1-15] DEBUG org.asynchttpclient.netty.handler.HttpHandler - 

Request DefaultHttpRequest(decodeResult: success, version: HTTP/1.1)
POST /session/0f327876bf117934efaf7b84fc918cc6/execute/sync HTTP/1.1
User-Agent: selenium/4.8.1 (java windows)
Content-Length: 176
Content-Type: application/json; charset=utf-8
host: localhost:36131
accept: */*

Response DefaultHttpResponse(decodeResult: success, version: HTTP/1.1)
HTTP/1.1 200 OK
Content-Length: 21659
Content-Type: application/json; charset=utf-8
cache-control: no-cache

18:53:16.966 [AsyncHttpClient-1-15] DEBUG org.asynchttpclient.netty.channel.ChannelManager - Adding key: http://localhost:36131 for channel [id: 0xc6c4a072, L:/127.0.0.1:59177 - R:localhost/127.0.0.1:36131]
18:53:16.968 [Forwarding getCurrentUrl on session 0f327876bf117934efaf7b84fc918cc6 to remote] DEBUG org.asynchttpclient.netty.request.NettyRequestSender - Using pooled Channel '[id: 0xc6c4a072, L:/127.0.0.1:59177 - R:localhost/127.0.0.1:36131]' for 'GET' to 'http://localhost:36131/session/0f327876bf117934efaf7b84fc918cc6/url'
18:53:16.969 [Forwarding getCurrentUrl on session 0f327876bf117934efaf7b84fc918cc6 to remote] DEBUG org.asynchttpclient.netty.request.NettyRequestSender - Using open Channel [id: 0xc6c4a072, L:/127.0.0.1:59177 - R:localhost/127.0.0.1:36131] for GET '/session/0f327876bf117934efaf7b84fc918cc6/url'
18:53:16.973 [AsyncHttpClient-1-15] DEBUG org.asynchttpclient.netty.handler.HttpHandler - 

Request DefaultFullHttpRequest(decodeResult: success, version: HTTP/1.1, content: EmptyByteBufBE)
GET /session/0f327876bf117934efaf7b84fc918cc6/url HTTP/1.1
User-Agent: selenium/4.8.1 (java windows)
Cache-Control: no-cache
Content-Type: application/json; charset=utf-8
host: localhost:36131
accept: */*

Response DefaultHttpResponse(decodeResult: success, version: HTTP/1.1)
HTTP/1.1 200 OK
Content-Length: 51
Content-Type: application/json; charset=utf-8
cache-control: no-cache

18:53:16.973 [AsyncHttpClient-1-15] DEBUG org.asynchttpclient.netty.channel.ChannelManager - Adding key: http://localhost:36131 for channel [id: 0xc6c4a072, L:/127.0.0.1:59177 - R:localhost/127.0.0.1:36131]
18:53:16.975 [main] DEBUG net.thucydides.core.steps.StepInterceptor - STARTING STEP: TransactionSteps.onLoginPage - validateOnLoginPage
18:53:16.976 [Forwarding findElement on session 0f327876bf117934efaf7b84fc918cc6 to remote] DEBUG org.asynchttpclient.netty.request.NettyRequestSender - Using pooled Channel '[id: 0xc6c4a072, L:/127.0.0.1:59177 - R:localhost/127.0.0.1:36131]' for 'POST' to 'http://localhost:36131/session/0f327876bf117934efaf7b84fc918cc6/element'
18:53:16.976 [Forwarding findElement on session 0f327876bf117934efaf7b84fc918cc6 to remote] DEBUG org.asynchttpclient.netty.request.NettyRequestSender - Using open Channel [id: 0xc6c4a072, L:/127.0.0.1:59177 - R:localhost/127.0.0.1:36131] for POST '/session/0f327876bf117934efaf7b84fc918cc6/element'
18:53:16.990 [AsyncHttpClient-1-15] DEBUG org.asynchttpclient.netty.handler.HttpHandler - 

Request DefaultHttpRequest(decodeResult: success, version: HTTP/1.1)
POST /session/0f327876bf117934efaf7b84fc918cc6/element HTTP/1.1
User-Agent: selenium/4.8.1 (java windows)
Content-Length: 141
Content-Type: application/json; charset=utf-8
host: localhost:36131
accept: */*

Response DefaultHttpResponse(decodeResult: success, version: HTTP/1.1)
HTTP/1.1 200 OK
Content-Length: 88
Content-Type: application/json; charset=utf-8
cache-control: no-cache

18:53:16.990 [AsyncHttpClient-1-15] DEBUG org.asynchttpclient.netty.channel.ChannelManager - Adding key: http://localhost:36131 for channel [id: 0xc6c4a072, L:/127.0.0.1:59177 - R:localhost/127.0.0.1:36131]
18:53:16.992 [Forwarding isElementDisplayed on session 0f327876bf117934efaf7b84fc918cc6 to remote] DEBUG org.asynchttpclient.netty.request.NettyRequestSender - Using pooled Channel '[id: 0xc6c4a072, L:/127.0.0.1:59177 - R:localhost/127.0.0.1:36131]' for 'POST' to 'http://localhost:36131/session/0f327876bf117934efaf7b84fc918cc6/execute/sync'
18:53:16.992 [Forwarding isElementDisplayed on session 0f327876bf117934efaf7b84fc918cc6 to remote] DEBUG org.asynchttpclient.netty.request.NettyRequestSender - Using open Channel [id: 0xc6c4a072, L:/127.0.0.1:59177 - R:localhost/127.0.0.1:36131] for POST '/session/0f327876bf117934efaf7b84fc918cc6/execute/sync'
18:53:17.006 [AsyncHttpClient-1-15] DEBUG org.asynchttpclient.netty.handler.HttpHandler - 

Request DefaultHttpRequest(decodeResult: success, version: HTTP/1.1)
POST /session/0f327876bf117934efaf7b84fc918cc6/execute/sync HTTP/1.1
User-Agent: selenium/4.8.1 (java windows)
Content-Length: 48807
Content-Type: application/json; charset=utf-8
host: localhost:36131
accept: */*

Response DefaultHttpResponse(decodeResult: success, version: HTTP/1.1)
HTTP/1.1 200 OK
Content-Length: 14
Content-Type: application/json; charset=utf-8
cache-control: no-cache

18:53:17.007 [AsyncHttpClient-1-15] DEBUG org.asynchttpclient.netty.channel.ChannelManager - Adding key: http://localhost:36131 for channel [id: 0xc6c4a072, L:/127.0.0.1:59177 - R:localhost/127.0.0.1:36131]
18:53:17.010 [Forwarding getAlertText on session 0f327876bf117934efaf7b84fc918cc6 to remote] DEBUG org.asynchttpclient.netty.request.NettyRequestSender - Using pooled Channel '[id: 0xc6c4a072, L:/127.0.0.1:59177 - R:localhost/127.0.0.1:36131]' for 'GET' to 'http://localhost:36131/session/0f327876bf117934efaf7b84fc918cc6/alert/text'
18:53:17.010 [Forwarding getAlertText on session 0f327876bf117934efaf7b84fc918cc6 to remote] DEBUG org.asynchttpclient.netty.request.NettyRequestSender - Using open Channel [id: 0xc6c4a072, L:/127.0.0.1:59177 - R:localhost/127.0.0.1:36131] for GET '/session/0f327876bf117934efaf7b84fc918cc6/alert/text'
18:53:17.012 [AsyncHttpClient-1-15] DEBUG org.asynchttpclient.netty.handler.HttpHandler - 

Request DefaultFullHttpRequest(decodeResult: success, version: HTTP/1.1, content: EmptyByteBufBE)
GET /session/0f327876bf117934efaf7b84fc918cc6/alert/text HTTP/1.1
User-Agent: selenium/4.8.1 (java windows)
Cache-Control: no-cache
Content-Type: application/json; charset=utf-8
host: localhost:36131
accept: */*

Response DefaultHttpResponse(decodeResult: success, version: HTTP/1.1)
HTTP/1.1 404 Not Found
Content-Length: 809
Content-Type: application/json; charset=utf-8
cache-control: no-cache

18:53:17.012 [AsyncHttpClient-1-15] DEBUG org.asynchttpclient.netty.channel.ChannelManager - Adding key: http://localhost:36131 for channel [id: 0xc6c4a072, L:/127.0.0.1:59177 - R:localhost/127.0.0.1:36131]
18:53:17.013 [Forwarding getCurrentUrl on session 0f327876bf117934efaf7b84fc918cc6 to remote] DEBUG org.asynchttpclient.netty.request.NettyRequestSender - Using pooled Channel '[id: 0xc6c4a072, L:/127.0.0.1:59177 - R:localhost/127.0.0.1:36131]' for 'GET' to 'http://localhost:36131/session/0f327876bf117934efaf7b84fc918cc6/url'
18:53:17.013 [Forwarding getCurrentUrl on session 0f327876bf117934efaf7b84fc918cc6 to remote] DEBUG org.asynchttpclient.netty.request.NettyRequestSender - Using open Channel [id: 0xc6c4a072, L:/127.0.0.1:59177 - R:localhost/127.0.0.1:36131] for GET '/session/0f327876bf117934efaf7b84fc918cc6/url'
18:53:17.016 [AsyncHttpClient-1-15] DEBUG org.asynchttpclient.netty.handler.HttpHandler - 

Request DefaultFullHttpRequest(decodeResult: success, version: HTTP/1.1, content: EmptyByteBufBE)
GET /session/0f327876bf117934efaf7b84fc918cc6/url HTTP/1.1
User-Agent: selenium/4.8.1 (java windows)
Cache-Control: no-cache
Content-Type: application/json; charset=utf-8
host: localhost:36131
accept: */*

Response DefaultHttpResponse(decodeResult: success, version: HTTP/1.1)
HTTP/1.1 200 OK
Content-Length: 51
Content-Type: application/json; charset=utf-8
cache-control: no-cache

18:53:17.016 [AsyncHttpClient-1-15] DEBUG org.asynchttpclient.netty.channel.ChannelManager - Adding key: http://localhost:36131 for channel [id: 0xc6c4a072, L:/127.0.0.1:59177 - R:localhost/127.0.0.1:36131]
18:53:17.017 [Forwarding screenshot on session 0f327876bf117934efaf7b84fc918cc6 to remote] DEBUG org.asynchttpclient.netty.request.NettyRequestSender - Using pooled Channel '[id: 0xc6c4a072, L:/127.0.0.1:59177 - R:localhost/127.0.0.1:36131]' for 'GET' to 'http://localhost:36131/session/0f327876bf117934efaf7b84fc918cc6/screenshot'
18:53:17.017 [Forwarding screenshot on session 0f327876bf117934efaf7b84fc918cc6 to remote] DEBUG org.asynchttpclient.netty.request.NettyRequestSender - Using open Channel [id: 0xc6c4a072, L:/127.0.0.1:59177 - R:localhost/127.0.0.1:36131] for GET '/session/0f327876bf117934efaf7b84fc918cc6/screenshot'
18:53:17.163 [AsyncHttpClient-1-15] DEBUG org.asynchttpclient.netty.handler.HttpHandler - 

Request DefaultFullHttpRequest(decodeResult: success, version: HTTP/1.1, content: EmptyByteBufBE)
GET /session/0f327876bf117934efaf7b84fc918cc6/screenshot HTTP/1.1
User-Agent: selenium/4.8.1 (java windows)
Cache-Control: no-cache
Content-Type: application/json; charset=utf-8
host: localhost:36131
accept: */*

Response DefaultHttpResponse(decodeResult: success, version: HTTP/1.1)
HTTP/1.1 200 OK
Content-Length: 37716
Content-Type: application/json; charset=utf-8
cache-control: no-cache

18:53:17.163 [AsyncHttpClient-1-15] DEBUG org.asynchttpclient.netty.channel.ChannelManager - Adding key: http://localhost:36131 for channel [id: 0xc6c4a072, L:/127.0.0.1:59177 - R:localhost/127.0.0.1:36131]
18:53:17.164 [main] DEBUG net.serenitybdd.core.photography.Darkroom - Send negative for processing for target\site\serenity\33332457f5fcf49f454ccd10d3fe1f87607ab26fa20055fdbcc9b0598dc64b75.png
18:53:17.165 [main] DEBUG net.thucydides.core.steps.StepInterceptor - STEP DONE: validateOnLoginPage
  &amp#27;[32mGiven &amp#27;[0m&amp#27;[32mI am on the login page1&amp#27;[0m                                          &amp#27;[90m# starter.stepdefinitions.TransactionSteps.onLoginPage()&amp#27;[0m
18:53:17.172 [Forwarding getPageSource on session 0f327876bf117934efaf7b84fc918cc6 to remote] DEBUG org.asynchttpclient.netty.request.NettyRequestSender - Using pooled Channel '[id: 0xc6c4a072, L:/127.0.0.1:59177 - R:localhost/127.0.0.1:36131]' for 'POST' to 'http://localhost:36131/session/0f327876bf117934efaf7b84fc918cc6/execute/sync'
18:53:17.172 [Forwarding getPageSource on session 0f327876bf117934efaf7b84fc918cc6 to remote] DEBUG org.asynchttpclient.netty.request.NettyRequestSender - Using open Channel [id: 0xc6c4a072, L:/127.0.0.1:59177 - R:localhost/127.0.0.1:36131] for POST '/session/0f327876bf117934efaf7b84fc918cc6/execute/sync'
18:53:17.178 [AsyncHttpClient-1-15] DEBUG org.asynchttpclient.netty.handler.HttpHandler - 

Request DefaultHttpRequest(decodeResult: success, version: HTTP/1.1)
POST /session/0f327876bf117934efaf7b84fc918cc6/execute/sync HTTP/1.1
User-Agent: selenium/4.8.1 (java windows)
Content-Length: 176
Content-Type: application/json; charset=utf-8
host: localhost:36131
accept: */*

Response DefaultHttpResponse(decodeResult: success, version: HTTP/1.1)
HTTP/1.1 200 OK
Content-Length: 21659
Content-Type: application/json; charset=utf-8
cache-control: no-cache

18:53:17.178 [AsyncHttpClient-1-15] DEBUG org.asynchttpclient.netty.channel.ChannelManager - Adding key: http://localhost:36131 for channel [id: 0xc6c4a072, L:/127.0.0.1:59177 - R:localhost/127.0.0.1:36131]
18:53:17.180 [Forwarding getCurrentUrl on session 0f327876bf117934efaf7b84fc918cc6 to remote] DEBUG org.asynchttpclient.netty.request.NettyRequestSender - Using pooled Channel '[id: 0xc6c4a072, L:/127.0.0.1:59177 - R:localhost/127.0.0.1:36131]' for 'GET' to 'http://localhost:36131/session/0f327876bf117934efaf7b84fc918cc6/url'
18:53:17.180 [Forwarding getCurrentUrl on session 0f327876bf117934efaf7b84fc918cc6 to remote] DEBUG org.asynchttpclient.netty.request.NettyRequestSender - Using open Channel [id: 0xc6c4a072, L:/127.0.0.1:59177 - R:localhost/127.0.0.1:36131] for GET '/session/0f327876bf117934efaf7b84fc918cc6/url'
18:53:17.184 [AsyncHttpClient-1-15] DEBUG org.asynchttpclient.netty.handler.HttpHandler - 

Request DefaultFullHttpRequest(decodeResult: success, version: HTTP/1.1, content: EmptyByteBufBE)
GET /session/0f327876bf117934efaf7b84fc918cc6/url HTTP/1.1
User-Agent: selenium/4.8.1 (java windows)
Cache-Control: no-cache
Content-Type: application/json; charset=utf-8
host: localhost:36131
accept: */*

Response DefaultHttpResponse(decodeResult: success, version: HTTP/1.1)
HTTP/1.1 200 OK
Content-Length: 51
Content-Type: application/json; charset=utf-8
cache-control: no-cache

18:53:17.184 [AsyncHttpClient-1-15] DEBUG org.asynchttpclient.netty.channel.ChannelManager - Adding key: http://localhost:36131 for channel [id: 0xc6c4a072, L:/127.0.0.1:59177 - R:localhost/127.0.0.1:36131]
18:53:17.194 [Forwarding getPageSource on session 0f327876bf117934efaf7b84fc918cc6 to remote] DEBUG org.asynchttpclient.netty.request.NettyRequestSender - Using pooled Channel '[id: 0xc6c4a072, L:/127.0.0.1:59177 - R:localhost/127.0.0.1:36131]' for 'POST' to 'http://localhost:36131/session/0f327876bf117934efaf7b84fc918cc6/execute/sync'
18:53:17.194 [Forwarding getPageSource on session 0f327876bf117934efaf7b84fc918cc6 to remote] DEBUG org.asynchttpclient.netty.request.NettyRequestSender - Using open Channel [id: 0xc6c4a072, L:/127.0.0.1:59177 - R:localhost/127.0.0.1:36131] for POST '/session/0f327876bf117934efaf7b84fc918cc6/execute/sync'
18:53:17.202 [AsyncHttpClient-1-15] DEBUG org.asynchttpclient.netty.handler.HttpHandler - 

Request DefaultHttpRequest(decodeResult: success, version: HTTP/1.1)
POST /session/0f327876bf117934efaf7b84fc918cc6/execute/sync HTTP/1.1
User-Agent: selenium/4.8.1 (java windows)
Content-Length: 176
Content-Type: application/json; charset=utf-8
host: localhost:36131
accept: */*

Response DefaultHttpResponse(decodeResult: success, version: HTTP/1.1)
HTTP/1.1 200 OK
Content-Length: 21659
Content-Type: application/json; charset=utf-8
cache-control: no-cache

18:53:17.202 [AsyncHttpClient-1-15] DEBUG org.asynchttpclient.netty.channel.ChannelManager - Adding key: http://localhost:36131 for channel [id: 0xc6c4a072, L:/127.0.0.1:59177 - R:localhost/127.0.0.1:36131]
18:53:17.204 [Forwarding getCurrentUrl on session 0f327876bf117934efaf7b84fc918cc6 to remote] DEBUG org.asynchttpclient.netty.request.NettyRequestSender - Using pooled Channel '[id: 0xc6c4a072, L:/127.0.0.1:59177 - R:localhost/127.0.0.1:36131]' for 'GET' to 'http://localhost:36131/session/0f327876bf117934efaf7b84fc918cc6/url'
18:53:17.204 [Forwarding getCurrentUrl on session 0f327876bf117934efaf7b84fc918cc6 to remote] DEBUG org.asynchttpclient.netty.request.NettyRequestSender - Using open Channel [id: 0xc6c4a072, L:/127.0.0.1:59177 - R:localhost/127.0.0.1:36131] for GET '/session/0f327876bf117934efaf7b84fc918cc6/url'
18:53:17.208 [AsyncHttpClient-1-15] DEBUG org.asynchttpclient.netty.handler.HttpHandler - 

Request DefaultFullHttpRequest(decodeResult: success, version: HTTP/1.1, content: EmptyByteBufBE)
GET /session/0f327876bf117934efaf7b84fc918cc6/url HTTP/1.1
User-Agent: selenium/4.8.1 (java windows)
Cache-Control: no-cache
Content-Type: application/json; charset=utf-8
host: localhost:36131
accept: */*

Response DefaultHttpResponse(decodeResult: success, version: HTTP/1.1)
HTTP/1.1 200 OK
Content-Length: 51
Content-Type: application/json; charset=utf-8
cache-control: no-cache

18:53:17.208 [AsyncHttpClient-1-15] DEBUG org.asynchttpclient.netty.channel.ChannelManager - Adding key: http://localhost:36131 for channel [id: 0xc6c4a072, L:/127.0.0.1:59177 - R:localhost/127.0.0.1:36131]
18:53:17.212 [main] DEBUG net.thucydides.core.steps.StepInterceptor - STARTING STEP: TransactionSteps.enterEmailOnLogin - inputEmail
18:53:17.214 [Forwarding findElement on session 0f327876bf117934efaf7b84fc918cc6 to remote] DEBUG org.asynchttpclient.netty.request.NettyRequestSender - Using pooled Channel '[id: 0xc6c4a072, L:/127.0.0.1:59177 - R:localhost/127.0.0.1:36131]' for 'POST' to 'http://localhost:36131/session/0f327876bf117934efaf7b84fc918cc6/element'
18:53:17.214 [Forwarding findElement on session 0f327876bf117934efaf7b84fc918cc6 to remote] DEBUG org.asynchttpclient.netty.request.NettyRequestSender - Using open Channel [id: 0xc6c4a072, L:/127.0.0.1:59177 - R:localhost/127.0.0.1:36131] for POST '/session/0f327876bf117934efaf7b84fc918cc6/element'
18:53:17.230 [AsyncHttpClient-1-15] DEBUG org.asynchttpclient.netty.handler.HttpHandler - 

Request DefaultHttpRequest(decodeResult: success, version: HTTP/1.1)
POST /session/0f327876bf117934efaf7b84fc918cc6/element HTTP/1.1
User-Agent: selenium/4.8.1 (java windows)
Content-Length: 70
Content-Type: application/json; charset=utf-8
host: localhost:36131
accept: */*

Response DefaultHttpResponse(decodeResult: success, version: HTTP/1.1)
HTTP/1.1 200 OK
Content-Length: 88
Content-Type: application/json; charset=utf-8
cache-control: no-cache

18:53:17.231 [AsyncHttpClient-1-15] DEBUG org.asynchttpclient.netty.channel.ChannelManager - Adding key: http://localhost:36131 for channel [id: 0xc6c4a072, L:/127.0.0.1:59177 - R:localhost/127.0.0.1:36131]
18:53:17.232 [Forwarding clearElement on session 0f327876bf117934efaf7b84fc918cc6 to remote] DEBUG org.asynchttpclient.netty.request.NettyRequestSender - Using pooled Channel '[id: 0xc6c4a072, L:/127.0.0.1:59177 - R:localhost/127.0.0.1:36131]' for 'POST' to 'http://localhost:36131/session/0f327876bf117934efaf7b84fc918cc6/element/031357f9-3ad7-4347-88d7-a0370957afba/clear'
18:53:17.232 [Forwarding clearElement on session 0f327876bf117934efaf7b84fc918cc6 to remote] DEBUG org.asynchttpclient.netty.request.NettyRequestSender - Using open Channel [id: 0xc6c4a072, L:/127.0.0.1:59177 - R:localhost/127.0.0.1:36131] for POST '/session/0f327876bf117934efaf7b84fc918cc6/element/031357f9-3ad7-4347-88d7-a0370957afba/clear'
18:53:17.266 [AsyncHttpClient-1-15] DEBUG org.asynchttpclient.netty.handler.HttpHandler - 

Request DefaultHttpRequest(decodeResult: success, version: HTTP/1.1)
POST /session/0f327876bf117934efaf7b84fc918cc6/element/031357f9-3ad7-4347-88d7-a0370957afba/clear HTTP/1.1
User-Agent: selenium/4.8.1 (java windows)
Content-Length: 50
Content-Type: application/json; charset=utf-8
host: localhost:36131
accept: */*

Response DefaultHttpResponse(decodeResult: success, version: HTTP/1.1)
HTTP/1.1 200 OK
Content-Length: 14
Content-Type: application/json; charset=utf-8
cache-control: no-cache

18:53:17.266 [AsyncHttpClient-1-15] DEBUG org.asynchttpclient.netty.channel.ChannelManager - Adding key: http://localhost:36131 for channel [id: 0xc6c4a072, L:/127.0.0.1:59177 - R:localhost/127.0.0.1:36131]
18:53:17.268 [Forwarding sendKeysToElement on session 0f327876bf117934efaf7b84fc918cc6 to remote] DEBUG org.asynchttpclient.netty.request.NettyRequestSender - Using pooled Channel '[id: 0xc6c4a072, L:/127.0.0.1:59177 - R:localhost/127.0.0.1:36131]' for 'POST' to 'http://localhost:36131/session/0f327876bf117934efaf7b84fc918cc6/element/031357f9-3ad7-4347-88d7-a0370957afba/value'
18:53:17.268 [Forwarding sendKeysToElement on session 0f327876bf117934efaf7b84fc918cc6 to remote] DEBUG org.asynchttpclient.netty.request.NettyRequestSender - Using open Channel [id: 0xc6c4a072, L:/127.0.0.1:59177 - R:localhost/127.0.0.1:36131] for POST '/session/0f327876bf117934efaf7b84fc918cc6/element/031357f9-3ad7-4347-88d7-a0370957afba/value'
18:53:17.438 [AsyncHttpClient-1-15] DEBUG org.asynchttpclient.netty.handler.HttpHandler - 

Request DefaultHttpRequest(decodeResult: success, version: HTTP/1.1)
POST /session/0f327876bf117934efaf7b84fc918cc6/element/031357f9-3ad7-4347-88d7-a0370957afba/value HTTP/1.1
User-Agent: selenium/4.8.1 (java windows)
Content-Length: 321
Content-Type: application/json; charset=utf-8
host: localhost:36131
accept: */*

Response DefaultHttpResponse(decodeResult: success, version: HTTP/1.1)
HTTP/1.1 200 OK
Content-Length: 14
Content-Type: application/json; charset=utf-8
cache-control: no-cache

18:53:17.438 [AsyncHttpClient-1-15] DEBUG org.asynchttpclient.netty.channel.ChannelManager - Adding key: http://localhost:36131 for channel [id: 0xc6c4a072, L:/127.0.0.1:59177 - R:localhost/127.0.0.1:36131]
18:53:17.449 [Forwarding getAlertText on session 0f327876bf117934efaf7b84fc918cc6 to remote] DEBUG org.asynchttpclient.netty.request.NettyRequestSender - Using pooled Channel '[id: 0xc6c4a072, L:/127.0.0.1:59177 - R:localhost/127.0.0.1:36131]' for 'GET' to 'http://localhost:36131/session/0f327876bf117934efaf7b84fc918cc6/alert/text'
18:53:17.449 [Forwarding getAlertText on session 0f327876bf117934efaf7b84fc918cc6 to remote] DEBUG org.asynchttpclient.netty.request.NettyRequestSender - Using open Channel [id: 0xc6c4a072, L:/127.0.0.1:59177 - R:localhost/127.0.0.1:36131] for GET '/session/0f327876bf117934efaf7b84fc918cc6/alert/text'
18:53:17.452 [AsyncHttpClient-1-15] DEBUG org.asynchttpclient.netty.handler.HttpHandler - 

Request DefaultFullHttpRequest(decodeResult: success, version: HTTP/1.1, content: EmptyByteBufBE)
GET /session/0f327876bf117934efaf7b84fc918cc6/alert/text HTTP/1.1
User-Agent: selenium/4.8.1 (java windows)
Cache-Control: no-cache
Content-Type: application/json; charset=utf-8
host: localhost:36131
accept: */*

Response DefaultHttpResponse(decodeResult: success, version: HTTP/1.1)
HTTP/1.1 404 Not Found
Content-Length: 809
Content-Type: application/json; charset=utf-8
cache-control: no-cache

18:53:17.452 [AsyncHttpClient-1-15] DEBUG org.asynchttpclient.netty.channel.ChannelManager - Adding key: http://localhost:36131 for channel [id: 0xc6c4a072, L:/127.0.0.1:59177 - R:localhost/127.0.0.1:36131]
18:53:17.453 [Forwarding getCurrentUrl on session 0f327876bf117934efaf7b84fc918cc6 to remote] DEBUG org.asynchttpclient.netty.request.NettyRequestSender - Using pooled Channel '[id: 0xc6c4a072, L:/127.0.0.1:59177 - R:localhost/127.0.0.1:36131]' for 'GET' to 'http://localhost:36131/session/0f327876bf117934efaf7b84fc918cc6/url'
18:53:17.453 [Forwarding getCurrentUrl on session 0f327876bf117934efaf7b84fc918cc6 to remote] DEBUG org.asynchttpclient.netty.request.NettyRequestSender - Using open Channel [id: 0xc6c4a072, L:/127.0.0.1:59177 - R:localhost/127.0.0.1:36131] for GET '/session/0f327876bf117934efaf7b84fc918cc6/url'
18:53:17.457 [AsyncHttpClient-1-15] DEBUG org.asynchttpclient.netty.handler.HttpHandler - 

Request DefaultFullHttpRequest(decodeResult: success, version: HTTP/1.1, content: EmptyByteBufBE)
GET /session/0f327876bf117934efaf7b84fc918cc6/url HTTP/1.1
User-Agent: selenium/4.8.1 (java windows)
Cache-Control: no-cache
Content-Type: application/json; charset=utf-8
host: localhost:36131
accept: */*

Response DefaultHttpResponse(decodeResult: success, version: HTTP/1.1)
HTTP/1.1 200 OK
Content-Length: 51
Content-Type: application/json; charset=utf-8
cache-control: no-cache

18:53:17.458 [AsyncHttpClient-1-15] DEBUG org.asynchttpclient.netty.channel.ChannelManager - Adding key: http://localhost:36131 for channel [id: 0xc6c4a072, L:/127.0.0.1:59177 - R:localhost/127.0.0.1:36131]
18:53:17.459 [Forwarding screenshot on session 0f327876bf117934efaf7b84fc918cc6 to remote] DEBUG org.asynchttpclient.netty.request.NettyRequestSender - Using pooled Channel '[id: 0xc6c4a072, L:/127.0.0.1:59177 - R:localhost/127.0.0.1:36131]' for 'GET' to 'http://localhost:36131/session/0f327876bf117934efaf7b84fc918cc6/screenshot'
18:53:17.459 [Forwarding screenshot on session 0f327876bf117934efaf7b84fc918cc6 to remote] DEBUG org.asynchttpclient.netty.request.NettyRequestSender - Using open Channel [id: 0xc6c4a072, L:/127.0.0.1:59177 - R:localhost/127.0.0.1:36131] for GET '/session/0f327876bf117934efaf7b84fc918cc6/screenshot'
18:53:17.668 [AsyncHttpClient-1-15] DEBUG org.asynchttpclient.netty.handler.HttpHandler - 

Request DefaultFullHttpRequest(decodeResult: success, version: HTTP/1.1, content: EmptyByteBufBE)
GET /session/0f327876bf117934efaf7b84fc918cc6/screenshot HTTP/1.1
User-Agent: selenium/4.8.1 (java windows)
Cache-Control: no-cache
Content-Type: application/json; charset=utf-8
host: localhost:36131
accept: */*

Response DefaultHttpResponse(decodeResult: success, version: HTTP/1.1)
HTTP/1.1 200 OK
Content-Length: 47244
Content-Type: application/json; charset=utf-8
cache-control: no-cache

18:53:17.668 [AsyncHttpClient-1-15] DEBUG org.asynchttpclient.netty.channel.ChannelManager - Adding key: http://localhost:36131 for channel [id: 0xc6c4a072, L:/127.0.0.1:59177 - R:localhost/127.0.0.1:36131]
18:53:17.670 [main] DEBUG net.serenitybdd.core.photography.Darkroom - Send negative for processing for target\site\serenity\4fd66c21ee8265bde21ad4d9e085add1423b999a6264e01d5c2ae6fc1aae7e60.png
18:53:17.670 [main] DEBUG net.thucydides.core.steps.StepInterceptor - STEP DONE: inputEmail
  &amp#27;[32mWhen &amp#27;[0m&amp#27;[32mI enter1 email &amp#27;[0m&amp#27;[32m&amp#27;[1m"basmaronanta12@gmail.com"&amp#27;[0m                         &amp#27;[90m# starter.stepdefinitions.TransactionSteps.enterEmailOnLogin(java.lang.String)&amp#27;[0m
18:53:17.670 [Darkroom Processing Line] DEBUG net.serenitybdd.core.photography.DarkroomProcessingLine - Processing screenshot image in /var/screenshots/screenshot-15948708213704278422
18:53:17.670 [Darkroom Processing Line] DEBUG net.serenitybdd.core.photography.DarkroomProcessingLine - Saving screenshot to target\site\serenity\4fd66c21ee8265bde21ad4d9e085add1423b999a6264e01d5c2ae6fc1aae7e60.png
18:53:17.681 [Forwarding getPageSource on session 0f327876bf117934efaf7b84fc918cc6 to remote] DEBUG org.asynchttpclient.netty.request.NettyRequestSender - Using pooled Channel '[id: 0xc6c4a072, L:/127.0.0.1:59177 - R:localhost/127.0.0.1:36131]' for 'POST' to 'http://localhost:36131/session/0f327876bf117934efaf7b84fc918cc6/execute/sync'
18:53:17.681 [Forwarding getPageSource on session 0f327876bf117934efaf7b84fc918cc6 to remote] DEBUG org.asynchttpclient.netty.request.NettyRequestSender - Using open Channel [id: 0xc6c4a072, L:/127.0.0.1:59177 - R:localhost/127.0.0.1:36131] for POST '/session/0f327876bf117934efaf7b84fc918cc6/execute/sync'
18:53:17.686 [AsyncHttpClient-1-15] DEBUG org.asynchttpclient.netty.handler.HttpHandler - 

Request DefaultHttpRequest(decodeResult: success, version: HTTP/1.1)
POST /session/0f327876bf117934efaf7b84fc918cc6/execute/sync HTTP/1.1
User-Agent: selenium/4.8.1 (java windows)
Content-Length: 176
Content-Type: application/json; charset=utf-8
host: localhost:36131
accept: */*

Response DefaultHttpResponse(decodeResult: success, version: HTTP/1.1)
HTTP/1.1 200 OK
Content-Length: 21780
Content-Type: application/json; charset=utf-8
cache-control: no-cache

18:53:17.686 [AsyncHttpClient-1-15] DEBUG org.asynchttpclient.netty.channel.ChannelManager - Adding key: http://localhost:36131 for channel [id: 0xc6c4a072, L:/127.0.0.1:59177 - R:localhost/127.0.0.1:36131]
18:53:17.688 [Forwarding getCurrentUrl on session 0f327876bf117934efaf7b84fc918cc6 to remote] DEBUG org.asynchttpclient.netty.request.NettyRequestSender - Using pooled Channel '[id: 0xc6c4a072, L:/127.0.0.1:59177 - R:localhost/127.0.0.1:36131]' for 'GET' to 'http://localhost:36131/session/0f327876bf117934efaf7b84fc918cc6/url'
18:53:17.688 [Forwarding getCurrentUrl on session 0f327876bf117934efaf7b84fc918cc6 to remote] DEBUG org.asynchttpclient.netty.request.NettyRequestSender - Using open Channel [id: 0xc6c4a072, L:/127.0.0.1:59177 - R:localhost/127.0.0.1:36131] for GET '/session/0f327876bf117934efaf7b84fc918cc6/url'
18:53:17.692 [AsyncHttpClient-1-15] DEBUG org.asynchttpclient.netty.handler.HttpHandler - 

Request DefaultFullHttpRequest(decodeResult: success, version: HTTP/1.1, content: EmptyByteBufBE)
GET /session/0f327876bf117934efaf7b84fc918cc6/url HTTP/1.1
User-Agent: selenium/4.8.1 (java windows)
Cache-Control: no-cache
Content-Type: application/json; charset=utf-8
host: localhost:36131
accept: */*

Response DefaultHttpResponse(decodeResult: success, version: HTTP/1.1)
HTTP/1.1 200 OK
Content-Length: 51
Content-Type: application/json; charset=utf-8
cache-control: no-cache

18:53:17.693 [AsyncHttpClient-1-15] DEBUG org.asynchttpclient.netty.channel.ChannelManager - Adding key: http://localhost:36131 for channel [id: 0xc6c4a072, L:/127.0.0.1:59177 - R:localhost/127.0.0.1:36131]
18:53:17.701 [Forwarding getPageSource on session 0f327876bf117934efaf7b84fc918cc6 to remote] DEBUG org.asynchttpclient.netty.request.NettyRequestSender - Using pooled Channel '[id: 0xc6c4a072, L:/127.0.0.1:59177 - R:localhost/127.0.0.1:36131]' for 'POST' to 'http://localhost:36131/session/0f327876bf117934efaf7b84fc918cc6/execute/sync'
18:53:17.701 [Forwarding getPageSource on session 0f327876bf117934efaf7b84fc918cc6 to remote] DEBUG org.asynchttpclient.netty.request.NettyRequestSender - Using open Channel [id: 0xc6c4a072, L:/127.0.0.1:59177 - R:localhost/127.0.0.1:36131] for POST '/session/0f327876bf117934efaf7b84fc918cc6/execute/sync'
18:53:17.707 [AsyncHttpClient-1-15] DEBUG org.asynchttpclient.netty.handler.HttpHandler - 

Request DefaultHttpRequest(decodeResult: success, version: HTTP/1.1)
POST /session/0f327876bf117934efaf7b84fc918cc6/execute/sync HTTP/1.1
User-Agent: selenium/4.8.1 (java windows)
Content-Length: 176
Content-Type: application/json; charset=utf-8
host: localhost:36131
accept: */*

Response DefaultHttpResponse(decodeResult: success, version: HTTP/1.1)
HTTP/1.1 200 OK
Content-Length: 21780
Content-Type: application/json; charset=utf-8
cache-control: no-cache

18:53:17.707 [AsyncHttpClient-1-15] DEBUG org.asynchttpclient.netty.channel.ChannelManager - Adding key: http://localhost:36131 for channel [id: 0xc6c4a072, L:/127.0.0.1:59177 - R:localhost/127.0.0.1:36131]
18:53:17.711 [Forwarding getCurrentUrl on session 0f327876bf117934efaf7b84fc918cc6 to remote] DEBUG org.asynchttpclient.netty.request.NettyRequestSender - Using pooled Channel '[id: 0xc6c4a072, L:/127.0.0.1:59177 - R:localhost/127.0.0.1:36131]' for 'GET' to 'http://localhost:36131/session/0f327876bf117934efaf7b84fc918cc6/url'
18:53:17.711 [Forwarding getCurrentUrl on session 0f327876bf117934efaf7b84fc918cc6 to remote] DEBUG org.asynchttpclient.netty.request.NettyRequestSender - Using open Channel [id: 0xc6c4a072, L:/127.0.0.1:59177 - R:localhost/127.0.0.1:36131] for GET '/session/0f327876bf117934efaf7b84fc918cc6/url'
18:53:17.715 [AsyncHttpClient-1-15] DEBUG org.asynchttpclient.netty.handler.HttpHandler - 

Request DefaultFullHttpRequest(decodeResult: success, version: HTTP/1.1, content: EmptyByteBufBE)
GET /session/0f327876bf117934efaf7b84fc918cc6/url HTTP/1.1
User-Agent: selenium/4.8.1 (java windows)
Cache-Control: no-cache
Content-Type: application/json; charset=utf-8
host: localhost:36131
accept: */*

Response DefaultHttpResponse(decodeResult: success, version: HTTP/1.1)
HTTP/1.1 200 OK
Content-Length: 51
Content-Type: application/json; charset=utf-8
cache-control: no-cache

18:53:17.715 [AsyncHttpClient-1-15] DEBUG org.asynchttpclient.netty.channel.ChannelManager - Adding key: http://localhost:36131 for channel [id: 0xc6c4a072, L:/127.0.0.1:59177 - R:localhost/127.0.0.1:36131]
18:53:17.717 [main] DEBUG net.thucydides.core.steps.StepInterceptor - STARTING STEP: TransactionSteps.enterPasswordOnLogin - inputPassword
18:53:17.719 [Forwarding findElement on session 0f327876bf117934efaf7b84fc918cc6 to remote] DEBUG org.asynchttpclient.netty.request.NettyRequestSender - Using pooled Channel '[id: 0xc6c4a072, L:/127.0.0.1:59177 - R:localhost/127.0.0.1:36131]' for 'POST' to 'http://localhost:36131/session/0f327876bf117934efaf7b84fc918cc6/element'
18:53:17.719 [Forwarding findElement on session 0f327876bf117934efaf7b84fc918cc6 to remote] DEBUG org.asynchttpclient.netty.request.NettyRequestSender - Using open Channel [id: 0xc6c4a072, L:/127.0.0.1:59177 - R:localhost/127.0.0.1:36131] for POST '/session/0f327876bf117934efaf7b84fc918cc6/element'
18:53:17.733 [AsyncHttpClient-1-15] DEBUG org.asynchttpclient.netty.handler.HttpHandler - 

Request DefaultHttpRequest(decodeResult: success, version: HTTP/1.1)
POST /session/0f327876bf117934efaf7b84fc918cc6/element HTTP/1.1
User-Agent: selenium/4.8.1 (java windows)
Content-Length: 70
Content-Type: application/json; charset=utf-8
host: localhost:36131
accept: */*

Response DefaultHttpResponse(decodeResult: success, version: HTTP/1.1)
HTTP/1.1 200 OK
Content-Length: 88
Content-Type: application/json; charset=utf-8
cache-control: no-cache

18:53:17.733 [AsyncHttpClient-1-15] DEBUG org.asynchttpclient.netty.channel.ChannelManager - Adding key: http://localhost:36131 for channel [id: 0xc6c4a072, L:/127.0.0.1:59177 - R:localhost/127.0.0.1:36131]
18:53:17.734 [Forwarding clearElement on session 0f327876bf117934efaf7b84fc918cc6 to remote] DEBUG org.asynchttpclient.netty.request.NettyRequestSender - Using pooled Channel '[id: 0xc6c4a072, L:/127.0.0.1:59177 - R:localhost/127.0.0.1:36131]' for 'POST' to 'http://localhost:36131/session/0f327876bf117934efaf7b84fc918cc6/element/efada086-4bd0-4a2c-985d-d46816693090/clear'
18:53:17.734 [Forwarding clearElement on session 0f327876bf117934efaf7b84fc918cc6 to remote] DEBUG org.asynchttpclient.netty.request.NettyRequestSender - Using open Channel [id: 0xc6c4a072, L:/127.0.0.1:59177 - R:localhost/127.0.0.1:36131] for POST '/session/0f327876bf117934efaf7b84fc918cc6/element/efada086-4bd0-4a2c-985d-d46816693090/clear'
18:53:17.764 [AsyncHttpClient-1-1] DEBUG org.asynchttpclient.netty.channel.DefaultChannelPool - Entry count for : http://localhost:59178 : 1
18:53:17.769 [AsyncHttpClient-1-15] DEBUG org.asynchttpclient.netty.handler.HttpHandler - 

Request DefaultHttpRequest(decodeResult: success, version: HTTP/1.1)
POST /session/0f327876bf117934efaf7b84fc918cc6/element/efada086-4bd0-4a2c-985d-d46816693090/clear HTTP/1.1
User-Agent: selenium/4.8.1 (java windows)
Content-Length: 50
Content-Type: application/json; charset=utf-8
host: localhost:36131
accept: */*

Response DefaultHttpResponse(decodeResult: success, version: HTTP/1.1)
HTTP/1.1 200 OK
Content-Length: 14
Content-Type: application/json; charset=utf-8
cache-control: no-cache

18:53:17.769 [AsyncHttpClient-1-15] DEBUG org.asynchttpclient.netty.channel.ChannelManager - Adding key: http://localhost:36131 for channel [id: 0xc6c4a072, L:/127.0.0.1:59177 - R:localhost/127.0.0.1:36131]
18:53:17.771 [Forwarding sendKeysToElement on session 0f327876bf117934efaf7b84fc918cc6 to remote] DEBUG org.asynchttpclient.netty.request.NettyRequestSender - Using pooled Channel '[id: 0xc6c4a072, L:/127.0.0.1:59177 - R:localhost/127.0.0.1:36131]' for 'POST' to 'http://localhost:36131/session/0f327876bf117934efaf7b84fc918cc6/element/efada086-4bd0-4a2c-985d-d46816693090/value'
18:53:17.771 [Forwarding sendKeysToElement on session 0f327876bf117934efaf7b84fc918cc6 to remote] DEBUG org.asynchttpclient.netty.request.NettyRequestSender - Using open Channel [id: 0xc6c4a072, L:/127.0.0.1:59177 - R:localhost/127.0.0.1:36131] for POST '/session/0f327876bf117934efaf7b84fc918cc6/element/efada086-4bd0-4a2c-985d-d46816693090/value'
18:53:17.862 [AsyncHttpClient-1-15] DEBUG org.asynchttpclient.netty.handler.HttpHandler - 

Request DefaultHttpRequest(decodeResult: success, version: HTTP/1.1)
POST /session/0f327876bf117934efaf7b84fc918cc6/element/efada086-4bd0-4a2c-985d-d46816693090/value HTTP/1.1
User-Agent: selenium/4.8.1 (java windows)
Content-Length: 191
Content-Type: application/json; charset=utf-8
host: localhost:36131
accept: */*

Response DefaultHttpResponse(decodeResult: success, version: HTTP/1.1)
HTTP/1.1 200 OK
Content-Length: 14
Content-Type: application/json; charset=utf-8
cache-control: no-cache

18:53:17.862 [AsyncHttpClient-1-15] DEBUG org.asynchttpclient.netty.channel.ChannelManager - Adding key: http://localhost:36131 for channel [id: 0xc6c4a072, L:/127.0.0.1:59177 - R:localhost/127.0.0.1:36131]
18:53:17.868 [Forwarding getAlertText on session 0f327876bf117934efaf7b84fc918cc6 to remote] DEBUG org.asynchttpclient.netty.request.NettyRequestSender - Using pooled Channel '[id: 0xc6c4a072, L:/127.0.0.1:59177 - R:localhost/127.0.0.1:36131]' for 'GET' to 'http://localhost:36131/session/0f327876bf117934efaf7b84fc918cc6/alert/text'
18:53:17.868 [Forwarding getAlertText on session 0f327876bf117934efaf7b84fc918cc6 to remote] DEBUG org.asynchttpclient.netty.request.NettyRequestSender - Using open Channel [id: 0xc6c4a072, L:/127.0.0.1:59177 - R:localhost/127.0.0.1:36131] for GET '/session/0f327876bf117934efaf7b84fc918cc6/alert/text'
18:53:17.870 [AsyncHttpClient-1-15] DEBUG org.asynchttpclient.netty.handler.HttpHandler - 

Request DefaultFullHttpRequest(decodeResult: success, version: HTTP/1.1, content: EmptyByteBufBE)
GET /session/0f327876bf117934efaf7b84fc918cc6/alert/text HTTP/1.1
User-Agent: selenium/4.8.1 (java windows)
Cache-Control: no-cache
Content-Type: application/json; charset=utf-8
host: localhost:36131
accept: */*

Response DefaultHttpResponse(decodeResult: success, version: HTTP/1.1)
HTTP/1.1 404 Not Found
Content-Length: 809
Content-Type: application/json; charset=utf-8
cache-control: no-cache

18:53:17.870 [AsyncHttpClient-1-15] DEBUG org.asynchttpclient.netty.channel.ChannelManager - Adding key: http://localhost:36131 for channel [id: 0xc6c4a072, L:/127.0.0.1:59177 - R:localhost/127.0.0.1:36131]
18:53:17.871 [Forwarding getCurrentUrl on session 0f327876bf117934efaf7b84fc918cc6 to remote] DEBUG org.asynchttpclient.netty.request.NettyRequestSender - Using pooled Channel '[id: 0xc6c4a072, L:/127.0.0.1:59177 - R:localhost/127.0.0.1:36131]' for 'GET' to 'http://localhost:36131/session/0f327876bf117934efaf7b84fc918cc6/url'
18:53:17.871 [Forwarding getCurrentUrl on session 0f327876bf117934efaf7b84fc918cc6 to remote] DEBUG org.asynchttpclient.netty.request.NettyRequestSender - Using open Channel [id: 0xc6c4a072, L:/127.0.0.1:59177 - R:localhost/127.0.0.1:36131] for GET '/session/0f327876bf117934efaf7b84fc918cc6/url'
18:53:17.880 [AsyncHttpClient-1-15] DEBUG org.asynchttpclient.netty.handler.HttpHandler - 

Request DefaultFullHttpRequest(decodeResult: success, version: HTTP/1.1, content: EmptyByteBufBE)
GET /session/0f327876bf117934efaf7b84fc918cc6/url HTTP/1.1
User-Agent: selenium/4.8.1 (java windows)
Cache-Control: no-cache
Content-Type: application/json; charset=utf-8
host: localhost:36131
accept: */*

Response DefaultHttpResponse(decodeResult: success, version: HTTP/1.1)
HTTP/1.1 200 OK
Content-Length: 51
Content-Type: application/json; charset=utf-8
cache-control: no-cache

18:53:17.880 [AsyncHttpClient-1-15] DEBUG org.asynchttpclient.netty.channel.ChannelManager - Adding key: http://localhost:36131 for channel [id: 0xc6c4a072, L:/127.0.0.1:59177 - R:localhost/127.0.0.1:36131]
18:53:17.881 [Forwarding screenshot on session 0f327876bf117934efaf7b84fc918cc6 to remote] DEBUG org.asynchttpclient.netty.request.NettyRequestSender - Using pooled Channel '[id: 0xc6c4a072, L:/127.0.0.1:59177 - R:localhost/127.0.0.1:36131]' for 'GET' to 'http://localhost:36131/session/0f327876bf117934efaf7b84fc918cc6/screenshot'
18:53:17.881 [Forwarding screenshot on session 0f327876bf117934efaf7b84fc918cc6 to remote] DEBUG org.asynchttpclient.netty.request.NettyRequestSender - Using open Channel [id: 0xc6c4a072, L:/127.0.0.1:59177 - R:localhost/127.0.0.1:36131] for GET '/session/0f327876bf117934efaf7b84fc918cc6/screenshot'
18:53:18.102 [AsyncHttpClient-1-15] DEBUG org.asynchttpclient.netty.handler.HttpHandler - 

Request DefaultFullHttpRequest(decodeResult: success, version: HTTP/1.1, content: EmptyByteBufBE)
GET /session/0f327876bf117934efaf7b84fc918cc6/screenshot HTTP/1.1
User-Agent: selenium/4.8.1 (java windows)
Cache-Control: no-cache
Content-Type: application/json; charset=utf-8
host: localhost:36131
accept: */*

Response DefaultHttpResponse(decodeResult: success, version: HTTP/1.1)
HTTP/1.1 200 OK
Content-Length: 51752
Content-Type: application/json; charset=utf-8
cache-control: no-cache

18:53:18.103 [AsyncHttpClient-1-15] DEBUG org.asynchttpclient.netty.channel.ChannelManager - Adding key: http://localhost:36131 for channel [id: 0xc6c4a072, L:/127.0.0.1:59177 - R:localhost/127.0.0.1:36131]
18:53:18.105 [main] DEBUG net.serenitybdd.core.photography.Darkroom - Send negative for processing for target\site\serenity\80e472c8f18720a14676525f9b8ee13f592ae5116042a10b68120bef5b22bc72.png
18:53:18.106 [main] DEBUG net.thucydides.core.steps.StepInterceptor - STEP DONE: inputPassword
  &amp#27;[32mAnd &amp#27;[0m&amp#27;[32mI enter1 password &amp#27;[0m&amp#27;[32m&amp#27;[1m"mylove366.,"&amp#27;[0m                                    &amp#27;[90m# starter.stepdefinitions.TransactionSteps.enterPasswordOnLogin(java.lang.String)&amp#27;[0m
18:53:18.106 [Darkroom Processing Line] DEBUG net.serenitybdd.core.photography.DarkroomProcessingLine - Processing screenshot image in /var/screenshots/screenshot-2818051774961490568
18:53:18.106 [Darkroom Processing Line] DEBUG net.serenitybdd.core.photography.DarkroomProcessingLine - Saving screenshot to target\site\serenity\80e472c8f18720a14676525f9b8ee13f592ae5116042a10b68120bef5b22bc72.png
18:53:18.119 [Forwarding getPageSource on session 0f327876bf117934efaf7b84fc918cc6 to remote] DEBUG org.asynchttpclient.netty.request.NettyRequestSender - Using pooled Channel '[id: 0xc6c4a072, L:/127.0.0.1:59177 - R:localhost/127.0.0.1:36131]' for 'POST' to 'http://localhost:36131/session/0f327876bf117934efaf7b84fc918cc6/execute/sync'
18:53:18.119 [Forwarding getPageSource on session 0f327876bf117934efaf7b84fc918cc6 to remote] DEBUG org.asynchttpclient.netty.request.NettyRequestSender - Using open Channel [id: 0xc6c4a072, L:/127.0.0.1:59177 - R:localhost/127.0.0.1:36131] for POST '/session/0f327876bf117934efaf7b84fc918cc6/execute/sync'
18:53:18.130 [AsyncHttpClient-1-15] DEBUG org.asynchttpclient.netty.handler.HttpHandler - 

Request DefaultHttpRequest(decodeResult: success, version: HTTP/1.1)
POST /session/0f327876bf117934efaf7b84fc918cc6/execute/sync HTTP/1.1
User-Agent: selenium/4.8.1 (java windows)
Content-Length: 176
Content-Type: application/json; charset=utf-8
host: localhost:36131
accept: */*

Response DefaultHttpResponse(decodeResult: success, version: HTTP/1.1)
HTTP/1.1 200 OK
Content-Length: 21839
Content-Type: application/json; charset=utf-8
cache-control: no-cache

18:53:18.130 [AsyncHttpClient-1-15] DEBUG org.asynchttpclient.netty.channel.ChannelManager - Adding key: http://localhost:36131 for channel [id: 0xc6c4a072, L:/127.0.0.1:59177 - R:localhost/127.0.0.1:36131]
18:53:18.132 [Forwarding getCurrentUrl on session 0f327876bf117934efaf7b84fc918cc6 to remote] DEBUG org.asynchttpclient.netty.request.NettyRequestSender - Using pooled Channel '[id: 0xc6c4a072, L:/127.0.0.1:59177 - R:localhost/127.0.0.1:36131]' for 'GET' to 'http://localhost:36131/session/0f327876bf117934efaf7b84fc918cc6/url'
18:53:18.132 [Forwarding getCurrentUrl on session 0f327876bf117934efaf7b84fc918cc6 to remote] DEBUG org.asynchttpclient.netty.request.NettyRequestSender - Using open Channel [id: 0xc6c4a072, L:/127.0.0.1:59177 - R:localhost/127.0.0.1:36131] for GET '/session/0f327876bf117934efaf7b84fc918cc6/url'
18:53:18.135 [AsyncHttpClient-1-15] DEBUG org.asynchttpclient.netty.handler.HttpHandler - 

Request DefaultFullHttpRequest(decodeResult: success, version: HTTP/1.1, content: EmptyByteBufBE)
GET /session/0f327876bf117934efaf7b84fc918cc6/url HTTP/1.1
User-Agent: selenium/4.8.1 (java windows)
Cache-Control: no-cache
Content-Type: application/json; charset=utf-8
host: localhost:36131
accept: */*

Response DefaultHttpResponse(decodeResult: success, version: HTTP/1.1)
HTTP/1.1 200 OK
Content-Length: 51
Content-Type: application/json; charset=utf-8
cache-control: no-cache

18:53:18.136 [AsyncHttpClient-1-15] DEBUG org.asynchttpclient.netty.channel.ChannelManager - Adding key: http://localhost:36131 for channel [id: 0xc6c4a072, L:/127.0.0.1:59177 - R:localhost/127.0.0.1:36131]
18:53:18.148 [Forwarding getPageSource on session 0f327876bf117934efaf7b84fc918cc6 to remote] DEBUG org.asynchttpclient.netty.request.NettyRequestSender - Using pooled Channel '[id: 0xc6c4a072, L:/127.0.0.1:59177 - R:localhost/127.0.0.1:36131]' for 'POST' to 'http://localhost:36131/session/0f327876bf117934efaf7b84fc918cc6/execute/sync'
18:53:18.148 [Forwarding getPageSource on session 0f327876bf117934efaf7b84fc918cc6 to remote] DEBUG org.asynchttpclient.netty.request.NettyRequestSender - Using open Channel [id: 0xc6c4a072, L:/127.0.0.1:59177 - R:localhost/127.0.0.1:36131] for POST '/session/0f327876bf117934efaf7b84fc918cc6/execute/sync'
18:53:18.153 [AsyncHttpClient-1-15] DEBUG org.asynchttpclient.netty.handler.HttpHandler - 

Request DefaultHttpRequest(decodeResult: success, version: HTTP/1.1)
POST /session/0f327876bf117934efaf7b84fc918cc6/execute/sync HTTP/1.1
User-Agent: selenium/4.8.1 (java windows)
Content-Length: 176
Content-Type: application/json; charset=utf-8
host: localhost:36131
accept: */*

Response DefaultHttpResponse(decodeResult: success, version: HTTP/1.1)
HTTP/1.1 200 OK
Content-Length: 21839
Content-Type: application/json; charset=utf-8
cache-control: no-cache

18:53:18.153 [AsyncHttpClient-1-15] DEBUG org.asynchttpclient.netty.channel.ChannelManager - Adding key: http://localhost:36131 for channel [id: 0xc6c4a072, L:/127.0.0.1:59177 - R:localhost/127.0.0.1:36131]
18:53:18.154 [Forwarding getCurrentUrl on session 0f327876bf117934efaf7b84fc918cc6 to remote] DEBUG org.asynchttpclient.netty.request.NettyRequestSender - Using pooled Channel '[id: 0xc6c4a072, L:/127.0.0.1:59177 - R:localhost/127.0.0.1:36131]' for 'GET' to 'http://localhost:36131/session/0f327876bf117934efaf7b84fc918cc6/url'
18:53:18.154 [Forwarding getCurrentUrl on session 0f327876bf117934efaf7b84fc918cc6 to remote] DEBUG org.asynchttpclient.netty.request.NettyRequestSender - Using open Channel [id: 0xc6c4a072, L:/127.0.0.1:59177 - R:localhost/127.0.0.1:36131] for GET '/session/0f327876bf117934efaf7b84fc918cc6/url'
18:53:18.162 [AsyncHttpClient-1-15] DEBUG org.asynchttpclient.netty.handler.HttpHandler - 

Request DefaultFullHttpRequest(decodeResult: success, version: HTTP/1.1, content: EmptyByteBufBE)
GET /session/0f327876bf117934efaf7b84fc918cc6/url HTTP/1.1
User-Agent: selenium/4.8.1 (java windows)
Cache-Control: no-cache
Content-Type: application/json; charset=utf-8
host: localhost:36131
accept: */*

Response DefaultHttpResponse(decodeResult: success, version: HTTP/1.1)
HTTP/1.1 200 OK
Content-Length: 51
Content-Type: application/json; charset=utf-8
cache-control: no-cache

18:53:18.163 [AsyncHttpClient-1-15] DEBUG org.asynchttpclient.netty.channel.ChannelManager - Adding key: http://localhost:36131 for channel [id: 0xc6c4a072, L:/127.0.0.1:59177 - R:localhost/127.0.0.1:36131]
18:53:18.165 [main] DEBUG net.thucydides.core.steps.StepInterceptor - STARTING STEP: TransactionSteps.clickLoginButton - ClickLoginButton
18:53:18.167 [Forwarding findElement on session 0f327876bf117934efaf7b84fc918cc6 to remote] DEBUG org.asynchttpclient.netty.request.NettyRequestSender - Using pooled Channel '[id: 0xc6c4a072, L:/127.0.0.1:59177 - R:localhost/127.0.0.1:36131]' for 'POST' to 'http://localhost:36131/session/0f327876bf117934efaf7b84fc918cc6/element'
18:53:18.167 [Forwarding findElement on session 0f327876bf117934efaf7b84fc918cc6 to remote] DEBUG org.asynchttpclient.netty.request.NettyRequestSender - Using open Channel [id: 0xc6c4a072, L:/127.0.0.1:59177 - R:localhost/127.0.0.1:36131] for POST '/session/0f327876bf117934efaf7b84fc918cc6/element'
18:53:18.173 [AsyncHttpClient-1-15] DEBUG org.asynchttpclient.netty.handler.HttpHandler - 

Request DefaultHttpRequest(decodeResult: success, version: HTTP/1.1)
POST /session/0f327876bf117934efaf7b84fc918cc6/element HTTP/1.1
User-Agent: selenium/4.8.1 (java windows)
Content-Length: 141
Content-Type: application/json; charset=utf-8
host: localhost:36131
accept: */*

Response DefaultHttpResponse(decodeResult: success, version: HTTP/1.1)
HTTP/1.1 200 OK
Content-Length: 88
Content-Type: application/json; charset=utf-8
cache-control: no-cache

18:53:18.174 [AsyncHttpClient-1-15] DEBUG org.asynchttpclient.netty.channel.ChannelManager - Adding key: http://localhost:36131 for channel [id: 0xc6c4a072, L:/127.0.0.1:59177 - R:localhost/127.0.0.1:36131]
18:53:18.178 [Forwarding getElementTagName on session 0f327876bf117934efaf7b84fc918cc6 to remote] DEBUG org.asynchttpclient.netty.request.NettyRequestSender - Using pooled Channel '[id: 0xc6c4a072, L:/127.0.0.1:59177 - R:localhost/127.0.0.1:36131]' for 'GET' to 'http://localhost:36131/session/0f327876bf117934efaf7b84fc918cc6/element/d99b629c-1336-4852-96bb-431f2855ce48/name'
18:53:18.178 [Forwarding getElementTagName on session 0f327876bf117934efaf7b84fc918cc6 to remote] DEBUG org.asynchttpclient.netty.request.NettyRequestSender - Using open Channel [id: 0xc6c4a072, L:/127.0.0.1:59177 - R:localhost/127.0.0.1:36131] for GET '/session/0f327876bf117934efaf7b84fc918cc6/element/d99b629c-1336-4852-96bb-431f2855ce48/name'
18:53:18.183 [AsyncHttpClient-1-15] DEBUG org.asynchttpclient.netty.handler.HttpHandler - 

Request DefaultFullHttpRequest(decodeResult: success, version: HTTP/1.1, content: EmptyByteBufBE)
GET /session/0f327876bf117934efaf7b84fc918cc6/element/d99b629c-1336-4852-96bb-431f2855ce48/name HTTP/1.1
User-Agent: selenium/4.8.1 (java windows)
Cache-Control: no-cache
Content-Type: application/json; charset=utf-8
host: localhost:36131
accept: */*

Response DefaultHttpResponse(decodeResult: success, version: HTTP/1.1)
HTTP/1.1 200 OK
Content-Length: 18
Content-Type: application/json; charset=utf-8
cache-control: no-cache

18:53:18.183 [AsyncHttpClient-1-15] DEBUG org.asynchttpclient.netty.channel.ChannelManager - Adding key: http://localhost:36131 for channel [id: 0xc6c4a072, L:/127.0.0.1:59177 - R:localhost/127.0.0.1:36131]
18:53:18.184 [Forwarding getElementTagName on session 0f327876bf117934efaf7b84fc918cc6 to remote] DEBUG org.asynchttpclient.netty.request.NettyRequestSender - Using pooled Channel '[id: 0xc6c4a072, L:/127.0.0.1:59177 - R:localhost/127.0.0.1:36131]' for 'GET' to 'http://localhost:36131/session/0f327876bf117934efaf7b84fc918cc6/element/d99b629c-1336-4852-96bb-431f2855ce48/name'
18:53:18.184 [Forwarding getElementTagName on session 0f327876bf117934efaf7b84fc918cc6 to remote] DEBUG org.asynchttpclient.netty.request.NettyRequestSender - Using open Channel [id: 0xc6c4a072, L:/127.0.0.1:59177 - R:localhost/127.0.0.1:36131] for GET '/session/0f327876bf117934efaf7b84fc918cc6/element/d99b629c-1336-4852-96bb-431f2855ce48/name'
18:53:18.186 [AsyncHttpClient-1-15] DEBUG org.asynchttpclient.netty.handler.HttpHandler - 

Request DefaultFullHttpRequest(decodeResult: success, version: HTTP/1.1, content: EmptyByteBufBE)
GET /session/0f327876bf117934efaf7b84fc918cc6/element/d99b629c-1336-4852-96bb-431f2855ce48/name HTTP/1.1
User-Agent: selenium/4.8.1 (java windows)
Cache-Control: no-cache
Content-Type: application/json; charset=utf-8
host: localhost:36131
accept: */*

Response DefaultHttpResponse(decodeResult: success, version: HTTP/1.1)
HTTP/1.1 200 OK
Content-Length: 18
Content-Type: application/json; charset=utf-8
cache-control: no-cache

18:53:18.187 [AsyncHttpClient-1-15] DEBUG org.asynchttpclient.netty.channel.ChannelManager - Adding key: http://localhost:36131 for channel [id: 0xc6c4a072, L:/127.0.0.1:59177 - R:localhost/127.0.0.1:36131]
18:53:18.188 [Forwarding isElementEnabled on session 0f327876bf117934efaf7b84fc918cc6 to remote] DEBUG org.asynchttpclient.netty.request.NettyRequestSender - Using pooled Channel '[id: 0xc6c4a072, L:/127.0.0.1:59177 - R:localhost/127.0.0.1:36131]' for 'GET' to 'http://localhost:36131/session/0f327876bf117934efaf7b84fc918cc6/element/d99b629c-1336-4852-96bb-431f2855ce48/enabled'
18:53:18.188 [Forwarding isElementEnabled on session 0f327876bf117934efaf7b84fc918cc6 to remote] DEBUG org.asynchttpclient.netty.request.NettyRequestSender - Using open Channel [id: 0xc6c4a072, L:/127.0.0.1:59177 - R:localhost/127.0.0.1:36131] for GET '/session/0f327876bf117934efaf7b84fc918cc6/element/d99b629c-1336-4852-96bb-431f2855ce48/enabled'
18:53:18.200 [AsyncHttpClient-1-15] DEBUG org.asynchttpclient.netty.handler.HttpHandler - 

Request DefaultFullHttpRequest(decodeResult: success, version: HTTP/1.1, content: EmptyByteBufBE)
GET /session/0f327876bf117934efaf7b84fc918cc6/element/d99b629c-1336-4852-96bb-431f2855ce48/enabled HTTP/1.1
User-Agent: selenium/4.8.1 (java windows)
Cache-Control: no-cache
Content-Type: application/json; charset=utf-8
host: localhost:36131
accept: */*

Response DefaultHttpResponse(decodeResult: success, version: HTTP/1.1)
HTTP/1.1 200 OK
Content-Length: 14
Content-Type: application/json; charset=utf-8
cache-control: no-cache

18:53:18.200 [AsyncHttpClient-1-15] DEBUG org.asynchttpclient.netty.channel.ChannelManager - Adding key: http://localhost:36131 for channel [id: 0xc6c4a072, L:/127.0.0.1:59177 - R:localhost/127.0.0.1:36131]
18:53:18.201 [Forwarding isElementEnabled on session 0f327876bf117934efaf7b84fc918cc6 to remote] DEBUG org.asynchttpclient.netty.request.NettyRequestSender - Using pooled Channel '[id: 0xc6c4a072, L:/127.0.0.1:59177 - R:localhost/127.0.0.1:36131]' for 'GET' to 'http://localhost:36131/session/0f327876bf117934efaf7b84fc918cc6/element/d99b629c-1336-4852-96bb-431f2855ce48/enabled'
18:53:18.201 [Forwarding isElementEnabled on session 0f327876bf117934efaf7b84fc918cc6 to remote] DEBUG org.asynchttpclient.netty.request.NettyRequestSender - Using open Channel [id: 0xc6c4a072, L:/127.0.0.1:59177 - R:localhost/127.0.0.1:36131] for GET '/session/0f327876bf117934efaf7b84fc918cc6/element/d99b629c-1336-4852-96bb-431f2855ce48/enabled'
18:53:18.205 [AsyncHttpClient-1-15] DEBUG org.asynchttpclient.netty.handler.HttpHandler - 

Request DefaultFullHttpRequest(decodeResult: success, version: HTTP/1.1, content: EmptyByteBufBE)
GET /session/0f327876bf117934efaf7b84fc918cc6/element/d99b629c-1336-4852-96bb-431f2855ce48/enabled HTTP/1.1
User-Agent: selenium/4.8.1 (java windows)
Cache-Control: no-cache
Content-Type: application/json; charset=utf-8
host: localhost:36131
accept: */*

Response DefaultHttpResponse(decodeResult: success, version: HTTP/1.1)
HTTP/1.1 200 OK
Content-Length: 14
Content-Type: application/json; charset=utf-8
cache-control: no-cache

18:53:18.205 [AsyncHttpClient-1-15] DEBUG org.asynchttpclient.netty.channel.ChannelManager - Adding key: http://localhost:36131 for channel [id: 0xc6c4a072, L:/127.0.0.1:59177 - R:localhost/127.0.0.1:36131]
18:53:18.207 [Forwarding findElement on session 0f327876bf117934efaf7b84fc918cc6 to remote] DEBUG org.asynchttpclient.netty.request.NettyRequestSender - Using pooled Channel '[id: 0xc6c4a072, L:/127.0.0.1:59177 - R:localhost/127.0.0.1:36131]' for 'POST' to 'http://localhost:36131/session/0f327876bf117934efaf7b84fc918cc6/element'
18:53:18.207 [Forwarding findElement on session 0f327876bf117934efaf7b84fc918cc6 to remote] DEBUG org.asynchttpclient.netty.request.NettyRequestSender - Using open Channel [id: 0xc6c4a072, L:/127.0.0.1:59177 - R:localhost/127.0.0.1:36131] for POST '/session/0f327876bf117934efaf7b84fc918cc6/element'
18:53:18.218 [AsyncHttpClient-1-15] DEBUG org.asynchttpclient.netty.handler.HttpHandler - 

Request DefaultHttpRequest(decodeResult: success, version: HTTP/1.1)
POST /session/0f327876bf117934efaf7b84fc918cc6/element HTTP/1.1
User-Agent: selenium/4.8.1 (java windows)
Content-Length: 141
Content-Type: application/json; charset=utf-8
host: localhost:36131
accept: */*

Response DefaultHttpResponse(decodeResult: success, version: HTTP/1.1)
HTTP/1.1 200 OK
Content-Length: 88
Content-Type: application/json; charset=utf-8
cache-control: no-cache

18:53:18.218 [AsyncHttpClient-1-15] DEBUG org.asynchttpclient.netty.channel.ChannelManager - Adding key: http://localhost:36131 for channel [id: 0xc6c4a072, L:/127.0.0.1:59177 - R:localhost/127.0.0.1:36131]
18:53:18.219 [Forwarding clickElement on session 0f327876bf117934efaf7b84fc918cc6 to remote] DEBUG org.asynchttpclient.netty.request.NettyRequestSender - Using pooled Channel '[id: 0xc6c4a072, L:/127.0.0.1:59177 - R:localhost/127.0.0.1:36131]' for 'POST' to 'http://localhost:36131/session/0f327876bf117934efaf7b84fc918cc6/element/d99b629c-1336-4852-96bb-431f2855ce48/click'
18:53:18.219 [Forwarding clickElement on session 0f327876bf117934efaf7b84fc918cc6 to remote] DEBUG org.asynchttpclient.netty.request.NettyRequestSender - Using open Channel [id: 0xc6c4a072, L:/127.0.0.1:59177 - R:localhost/127.0.0.1:36131] for POST '/session/0f327876bf117934efaf7b84fc918cc6/element/d99b629c-1336-4852-96bb-431f2855ce48/click'
18:53:18.300 [AsyncHttpClient-1-15] DEBUG org.asynchttpclient.netty.handler.HttpHandler - 

Request DefaultHttpRequest(decodeResult: success, version: HTTP/1.1)
POST /session/0f327876bf117934efaf7b84fc918cc6/element/d99b629c-1336-4852-96bb-431f2855ce48/click HTTP/1.1
User-Agent: selenium/4.8.1 (java windows)
Content-Length: 50
Content-Type: application/json; charset=utf-8
host: localhost:36131
accept: */*

Response DefaultHttpResponse(decodeResult: success, version: HTTP/1.1)
HTTP/1.1 200 OK
Content-Length: 14
Content-Type: application/json; charset=utf-8
cache-control: no-cache

18:53:18.300 [AsyncHttpClient-1-15] DEBUG org.asynchttpclient.netty.channel.ChannelManager - Adding key: http://localhost:36131 for channel [id: 0xc6c4a072, L:/127.0.0.1:59177 - R:localhost/127.0.0.1:36131]
18:53:18.306 [Forwarding getAlertText on session 0f327876bf117934efaf7b84fc918cc6 to remote] DEBUG org.asynchttpclient.netty.request.NettyRequestSender - Using pooled Channel '[id: 0xc6c4a072, L:/127.0.0.1:59177 - R:localhost/127.0.0.1:36131]' for 'GET' to 'http://localhost:36131/session/0f327876bf117934efaf7b84fc918cc6/alert/text'
18:53:18.306 [Forwarding getAlertText on session 0f327876bf117934efaf7b84fc918cc6 to remote] DEBUG org.asynchttpclient.netty.request.NettyRequestSender - Using open Channel [id: 0xc6c4a072, L:/127.0.0.1:59177 - R:localhost/127.0.0.1:36131] for GET '/session/0f327876bf117934efaf7b84fc918cc6/alert/text'
18:53:18.313 [AsyncHttpClient-1-15] DEBUG org.asynchttpclient.netty.handler.HttpHandler - 

Request DefaultFullHttpRequest(decodeResult: success, version: HTTP/1.1, content: EmptyByteBufBE)
GET /session/0f327876bf117934efaf7b84fc918cc6/alert/text HTTP/1.1
User-Agent: selenium/4.8.1 (java windows)
Cache-Control: no-cache
Content-Type: application/json; charset=utf-8
host: localhost:36131
accept: */*

Response DefaultHttpResponse(decodeResult: success, version: HTTP/1.1)
HTTP/1.1 404 Not Found
Content-Length: 809
Content-Type: application/json; charset=utf-8
cache-control: no-cache

18:53:18.314 [AsyncHttpClient-1-15] DEBUG org.asynchttpclient.netty.channel.ChannelManager - Adding key: http://localhost:36131 for channel [id: 0xc6c4a072, L:/127.0.0.1:59177 - R:localhost/127.0.0.1:36131]
18:53:18.315 [Forwarding getCurrentUrl on session 0f327876bf117934efaf7b84fc918cc6 to remote] DEBUG org.asynchttpclient.netty.request.NettyRequestSender - Using pooled Channel '[id: 0xc6c4a072, L:/127.0.0.1:59177 - R:localhost/127.0.0.1:36131]' for 'GET' to 'http://localhost:36131/session/0f327876bf117934efaf7b84fc918cc6/url'
18:53:18.315 [Forwarding getCurrentUrl on session 0f327876bf117934efaf7b84fc918cc6 to remote] DEBUG org.asynchttpclient.netty.request.NettyRequestSender - Using open Channel [id: 0xc6c4a072, L:/127.0.0.1:59177 - R:localhost/127.0.0.1:36131] for GET '/session/0f327876bf117934efaf7b84fc918cc6/url'
18:53:18.318 [AsyncHttpClient-1-15] DEBUG org.asynchttpclient.netty.handler.HttpHandler - 

Request DefaultFullHttpRequest(decodeResult: success, version: HTTP/1.1, content: EmptyByteBufBE)
GET /session/0f327876bf117934efaf7b84fc918cc6/url HTTP/1.1
User-Agent: selenium/4.8.1 (java windows)
Cache-Control: no-cache
Content-Type: application/json; charset=utf-8
host: localhost:36131
accept: */*

Response DefaultHttpResponse(decodeResult: success, version: HTTP/1.1)
HTTP/1.1 200 OK
Content-Length: 51
Content-Type: application/json; charset=utf-8
cache-control: no-cache

18:53:18.318 [AsyncHttpClient-1-15] DEBUG org.asynchttpclient.netty.channel.ChannelManager - Adding key: http://localhost:36131 for channel [id: 0xc6c4a072, L:/127.0.0.1:59177 - R:localhost/127.0.0.1:36131]
18:53:18.319 [Forwarding screenshot on session 0f327876bf117934efaf7b84fc918cc6 to remote] DEBUG org.asynchttpclient.netty.request.NettyRequestSender - Using pooled Channel '[id: 0xc6c4a072, L:/127.0.0.1:59177 - R:localhost/127.0.0.1:36131]' for 'GET' to 'http://localhost:36131/session/0f327876bf117934efaf7b84fc918cc6/screenshot'
18:53:18.319 [Forwarding screenshot on session 0f327876bf117934efaf7b84fc918cc6 to remote] DEBUG org.asynchttpclient.netty.request.NettyRequestSender - Using open Channel [id: 0xc6c4a072, L:/127.0.0.1:59177 - R:localhost/127.0.0.1:36131] for GET '/session/0f327876bf117934efaf7b84fc918cc6/screenshot'
18:53:18.582 [AsyncHttpClient-1-15] DEBUG org.asynchttpclient.netty.handler.HttpHandler - 

Request DefaultFullHttpRequest(decodeResult: success, version: HTTP/1.1, content: EmptyByteBufBE)
GET /session/0f327876bf117934efaf7b84fc918cc6/screenshot HTTP/1.1
User-Agent: selenium/4.8.1 (java windows)
Cache-Control: no-cache
Content-Type: application/json; charset=utf-8
host: localhost:36131
accept: */*

Response DefaultHttpResponse(decodeResult: success, version: HTTP/1.1)
HTTP/1.1 200 OK
Content-Length: 68012
Content-Type: application/json; charset=utf-8
cache-control: no-cache

18:53:18.582 [AsyncHttpClient-1-15] DEBUG org.asynchttpclient.netty.channel.ChannelManager - Adding key: http://localhost:36131 for channel [id: 0xc6c4a072, L:/127.0.0.1:59177 - R:localhost/127.0.0.1:36131]
18:53:18.584 [main] DEBUG net.serenitybdd.core.photography.Darkroom - Send negative for processing for target\site\serenity\0db7e8ded9331953c742a8cc80af7a622bcfa0f4ca5973696db1cf8852c86733.png
18:53:18.584 [main] DEBUG net.thucydides.core.steps.StepInterceptor - STEP DONE: ClickLoginButton
  &amp#27;[32mAnd &amp#27;[0m&amp#27;[32mI click1 login button&amp#27;[0m                                              &amp#27;[90m# starter.stepdefinitions.TransactionSteps.clickLoginButton()&amp#27;[0m
18:53:18.584 [Darkroom Processing Line] DEBUG net.serenitybdd.core.photography.DarkroomProcessingLine - Processing screenshot image in /var/screenshots/screenshot-11434009230926622855
18:53:18.584 [Darkroom Processing Line] DEBUG net.serenitybdd.core.photography.DarkroomProcessingLine - Saving screenshot to target\site\serenity\0db7e8ded9331953c742a8cc80af7a622bcfa0f4ca5973696db1cf8852c86733.png
18:53:18.593 [Forwarding getPageSource on session 0f327876bf117934efaf7b84fc918cc6 to remote] DEBUG org.asynchttpclient.netty.request.NettyRequestSender - Using pooled Channel '[id: 0xc6c4a072, L:/127.0.0.1:59177 - R:localhost/127.0.0.1:36131]' for 'POST' to 'http://localhost:36131/session/0f327876bf117934efaf7b84fc918cc6/execute/sync'
18:53:18.593 [Forwarding getPageSource on session 0f327876bf117934efaf7b84fc918cc6 to remote] DEBUG org.asynchttpclient.netty.request.NettyRequestSender - Using open Channel [id: 0xc6c4a072, L:/127.0.0.1:59177 - R:localhost/127.0.0.1:36131] for POST '/session/0f327876bf117934efaf7b84fc918cc6/execute/sync'
18:53:18.601 [AsyncHttpClient-1-15] DEBUG org.asynchttpclient.netty.handler.HttpHandler - 

Request DefaultHttpRequest(decodeResult: success, version: HTTP/1.1)
POST /session/0f327876bf117934efaf7b84fc918cc6/execute/sync HTTP/1.1
User-Agent: selenium/4.8.1 (java windows)
Content-Length: 176
Content-Type: application/json; charset=utf-8
host: localhost:36131
accept: */*

Response DefaultHttpResponse(decodeResult: success, version: HTTP/1.1)
HTTP/1.1 200 OK
Content-Length: 22604
Content-Type: application/json; charset=utf-8
cache-control: no-cache

18:53:18.601 [AsyncHttpClient-1-15] DEBUG org.asynchttpclient.netty.channel.ChannelManager - Adding key: http://localhost:36131 for channel [id: 0xc6c4a072, L:/127.0.0.1:59177 - R:localhost/127.0.0.1:36131]
18:53:18.603 [Forwarding getCurrentUrl on session 0f327876bf117934efaf7b84fc918cc6 to remote] DEBUG org.asynchttpclient.netty.request.NettyRequestSender - Using pooled Channel '[id: 0xc6c4a072, L:/127.0.0.1:59177 - R:localhost/127.0.0.1:36131]' for 'GET' to 'http://localhost:36131/session/0f327876bf117934efaf7b84fc918cc6/url'
18:53:18.603 [Forwarding getCurrentUrl on session 0f327876bf117934efaf7b84fc918cc6 to remote] DEBUG org.asynchttpclient.netty.request.NettyRequestSender - Using open Channel [id: 0xc6c4a072, L:/127.0.0.1:59177 - R:localhost/127.0.0.1:36131] for GET '/session/0f327876bf117934efaf7b84fc918cc6/url'
18:53:18.606 [AsyncHttpClient-1-15] DEBUG org.asynchttpclient.netty.handler.HttpHandler - 

Request DefaultFullHttpRequest(decodeResult: success, version: HTTP/1.1, content: EmptyByteBufBE)
GET /session/0f327876bf117934efaf7b84fc918cc6/url HTTP/1.1
User-Agent: selenium/4.8.1 (java windows)
Cache-Control: no-cache
Content-Type: application/json; charset=utf-8
host: localhost:36131
accept: */*

Response DefaultHttpResponse(decodeResult: success, version: HTTP/1.1)
HTTP/1.1 200 OK
Content-Length: 51
Content-Type: application/json; charset=utf-8
cache-control: no-cache

18:53:18.607 [AsyncHttpClient-1-15] DEBUG org.asynchttpclient.netty.channel.ChannelManager - Adding key: http://localhost:36131 for channel [id: 0xc6c4a072, L:/127.0.0.1:59177 - R:localhost/127.0.0.1:36131]
18:53:18.621 [Forwarding getPageSource on session 0f327876bf117934efaf7b84fc918cc6 to remote] DEBUG org.asynchttpclient.netty.request.NettyRequestSender - Using pooled Channel '[id: 0xc6c4a072, L:/127.0.0.1:59177 - R:localhost/127.0.0.1:36131]' for 'POST' to 'http://localhost:36131/session/0f327876bf117934efaf7b84fc918cc6/execute/sync'
18:53:18.621 [Forwarding getPageSource on session 0f327876bf117934efaf7b84fc918cc6 to remote] DEBUG org.asynchttpclient.netty.request.NettyRequestSender - Using open Channel [id: 0xc6c4a072, L:/127.0.0.1:59177 - R:localhost/127.0.0.1:36131] for POST '/session/0f327876bf117934efaf7b84fc918cc6/execute/sync'
18:53:18.630 [AsyncHttpClient-1-15] DEBUG org.asynchttpclient.netty.handler.HttpHandler - 

Request DefaultHttpRequest(decodeResult: success, version: HTTP/1.1)
POST /session/0f327876bf117934efaf7b84fc918cc6/execute/sync HTTP/1.1
User-Agent: selenium/4.8.1 (java windows)
Content-Length: 176
Content-Type: application/json; charset=utf-8
host: localhost:36131
accept: */*

Response DefaultHttpResponse(decodeResult: success, version: HTTP/1.1)
HTTP/1.1 200 OK
Content-Length: 22604
Content-Type: application/json; charset=utf-8
cache-control: no-cache

18:53:18.630 [AsyncHttpClient-1-15] DEBUG org.asynchttpclient.netty.channel.ChannelManager - Adding key: http://localhost:36131 for channel [id: 0xc6c4a072, L:/127.0.0.1:59177 - R:localhost/127.0.0.1:36131]
18:53:18.633 [Forwarding getCurrentUrl on session 0f327876bf117934efaf7b84fc918cc6 to remote] DEBUG org.asynchttpclient.netty.request.NettyRequestSender - Using pooled Channel '[id: 0xc6c4a072, L:/127.0.0.1:59177 - R:localhost/127.0.0.1:36131]' for 'GET' to 'http://localhost:36131/session/0f327876bf117934efaf7b84fc918cc6/url'
18:53:18.633 [Forwarding getCurrentUrl on session 0f327876bf117934efaf7b84fc918cc6 to remote] DEBUG org.asynchttpclient.netty.request.NettyRequestSender - Using open Channel [id: 0xc6c4a072, L:/127.0.0.1:59177 - R:localhost/127.0.0.1:36131] for GET '/session/0f327876bf117934efaf7b84fc918cc6/url'
18:53:18.638 [AsyncHttpClient-1-15] DEBUG org.asynchttpclient.netty.handler.HttpHandler - 

Request DefaultFullHttpRequest(decodeResult: success, version: HTTP/1.1, content: EmptyByteBufBE)
GET /session/0f327876bf117934efaf7b84fc918cc6/url HTTP/1.1
User-Agent: selenium/4.8.1 (java windows)
Cache-Control: no-cache
Content-Type: application/json; charset=utf-8
host: localhost:36131
accept: */*

Response DefaultHttpResponse(decodeResult: success, version: HTTP/1.1)
HTTP/1.1 200 OK
Content-Length: 51
Content-Type: application/json; charset=utf-8
cache-control: no-cache

18:53:18.638 [AsyncHttpClient-1-15] DEBUG org.asynchttpclient.netty.channel.ChannelManager - Adding key: http://localhost:36131 for channel [id: 0xc6c4a072, L:/127.0.0.1:59177 - R:localhost/127.0.0.1:36131]
18:53:18.640 [main] DEBUG net.thucydides.core.steps.StepInterceptor - STARTING STEP: TransactionSteps.clickBuyProduct - ClickBuyButton
18:53:18.645 [Forwarding findElement on session 0f327876bf117934efaf7b84fc918cc6 to remote] DEBUG org.asynchttpclient.netty.request.NettyRequestSender - Using pooled Channel '[id: 0xc6c4a072, L:/127.0.0.1:59177 - R:localhost/127.0.0.1:36131]' for 'POST' to 'http://localhost:36131/session/0f327876bf117934efaf7b84fc918cc6/element'
18:53:18.645 [Forwarding findElement on session 0f327876bf117934efaf7b84fc918cc6 to remote] DEBUG org.asynchttpclient.netty.request.NettyRequestSender - Using open Channel [id: 0xc6c4a072, L:/127.0.0.1:59177 - R:localhost/127.0.0.1:36131] for POST '/session/0f327876bf117934efaf7b84fc918cc6/element'
18:53:18.868 [AsyncHttpClient-1-1] DEBUG org.asynchttpclient.netty.channel.DefaultChannelPool - Entry count for : http://localhost:59178 : 1
18:53:19.963 [AsyncHttpClient-1-1] DEBUG org.asynchttpclient.netty.channel.DefaultChannelPool - Entry count for : http://localhost:59178 : 1
18:53:20.672 [AsyncHttpClient-1-15] DEBUG org.asynchttpclient.netty.handler.HttpHandler - 

Request DefaultHttpRequest(decodeResult: success, version: HTTP/1.1)
POST /session/0f327876bf117934efaf7b84fc918cc6/element HTTP/1.1
User-Agent: selenium/4.8.1 (java windows)
Content-Length: 145
Content-Type: application/json; charset=utf-8
host: localhost:36131
accept: */*

Response DefaultHttpResponse(decodeResult: success, version: HTTP/1.1)
HTTP/1.1 404 Not Found
Content-Length: 1007
Content-Type: application/json; charset=utf-8
cache-control: no-cache

18:53:20.672 [AsyncHttpClient-1-15] DEBUG org.asynchttpclient.netty.channel.ChannelManager - Adding key: http://localhost:36131 for channel [id: 0xc6c4a072, L:/127.0.0.1:59177 - R:localhost/127.0.0.1:36131]
18:53:20.778 [Forwarding findElement on session 0f327876bf117934efaf7b84fc918cc6 to remote] DEBUG org.asynchttpclient.netty.request.NettyRequestSender - Using pooled Channel '[id: 0xc6c4a072, L:/127.0.0.1:59177 - R:localhost/127.0.0.1:36131]' for 'POST' to 'http://localhost:36131/session/0f327876bf117934efaf7b84fc918cc6/element'
18:53:20.778 [Forwarding findElement on session 0f327876bf117934efaf7b84fc918cc6 to remote] DEBUG org.asynchttpclient.netty.request.NettyRequestSender - Using open Channel [id: 0xc6c4a072, L:/127.0.0.1:59177 - R:localhost/127.0.0.1:36131] for POST '/session/0f327876bf117934efaf7b84fc918cc6/element'
18:53:21.073 [AsyncHttpClient-1-1] DEBUG org.asynchttpclient.netty.channel.DefaultChannelPool - Entry count for : http://localhost:59178 : 1
18:53:22.301 [AsyncHttpClient-1-1] DEBUG org.asynchttpclient.netty.channel.DefaultChannelPool - Entry count for : http://localhost:59178 : 1
18:53:22.793 [AsyncHttpClient-1-15] DEBUG org.asynchttpclient.netty.handler.HttpHandler - 

Request DefaultHttpRequest(decodeResult: success, version: HTTP/1.1)
POST /session/0f327876bf117934efaf7b84fc918cc6/element HTTP/1.1
User-Agent: selenium/4.8.1 (java windows)
Content-Length: 145
Content-Type: application/json; charset=utf-8
host: localhost:36131
accept: */*

Response DefaultHttpResponse(decodeResult: success, version: HTTP/1.1)
HTTP/1.1 404 Not Found
Content-Length: 1007
Content-Type: application/json; charset=utf-8
cache-control: no-cache

18:53:22.794 [AsyncHttpClient-1-15] DEBUG org.asynchttpclient.netty.channel.ChannelManager - Adding key: http://localhost:36131 for channel [id: 0xc6c4a072, L:/127.0.0.1:59177 - R:localhost/127.0.0.1:36131]
18:53:22.900 [Forwarding findElement on session 0f327876bf117934efaf7b84fc918cc6 to remote] DEBUG org.asynchttpclient.netty.request.NettyRequestSender - Using pooled Channel '[id: 0xc6c4a072, L:/127.0.0.1:59177 - R:localhost/127.0.0.1:36131]' for 'POST' to 'http://localhost:36131/session/0f327876bf117934efaf7b84fc918cc6/element'
18:53:22.900 [Forwarding findElement on session 0f327876bf117934efaf7b84fc918cc6 to remote] DEBUG org.asynchttpclient.netty.request.NettyRequestSender - Using open Channel [id: 0xc6c4a072, L:/127.0.0.1:59177 - R:localhost/127.0.0.1:36131] for POST '/session/0f327876bf117934efaf7b84fc918cc6/element'
18:53:23.370 [AsyncHttpClient-1-1] DEBUG org.asynchttpclient.netty.channel.DefaultChannelPool - Entry count for : http://localhost:59178 : 1
18:53:24.472 [AsyncHttpClient-1-1] DEBUG org.asynchttpclient.netty.channel.DefaultChannelPool - Entry count for : http://localhost:59178 : 1
18:53:24.920 [AsyncHttpClient-1-15] DEBUG org.asynchttpclient.netty.handler.HttpHandler - 

Request DefaultHttpRequest(decodeResult: success, version: HTTP/1.1)
POST /session/0f327876bf117934efaf7b84fc918cc6/element HTTP/1.1
User-Agent: selenium/4.8.1 (java windows)
Content-Length: 145
Content-Type: application/json; charset=utf-8
host: localhost:36131
accept: */*

Response DefaultHttpResponse(decodeResult: success, version: HTTP/1.1)
HTTP/1.1 404 Not Found
Content-Length: 1007
Content-Type: application/json; charset=utf-8
cache-control: no-cache

18:53:24.921 [AsyncHttpClient-1-15] DEBUG org.asynchttpclient.netty.channel.ChannelManager - Adding key: http://localhost:36131 for channel [id: 0xc6c4a072, L:/127.0.0.1:59177 - R:localhost/127.0.0.1:36131]
18:53:24.924 [Forwarding getAlertText on session 0f327876bf117934efaf7b84fc918cc6 to remote] DEBUG org.asynchttpclient.netty.request.NettyRequestSender - Using pooled Channel '[id: 0xc6c4a072, L:/127.0.0.1:59177 - R:localhost/127.0.0.1:36131]' for 'GET' to 'http://localhost:36131/session/0f327876bf117934efaf7b84fc918cc6/alert/text'
18:53:24.924 [Forwarding getAlertText on session 0f327876bf117934efaf7b84fc918cc6 to remote] DEBUG org.asynchttpclient.netty.request.NettyRequestSender - Using open Channel [id: 0xc6c4a072, L:/127.0.0.1:59177 - R:localhost/127.0.0.1:36131] for GET '/session/0f327876bf117934efaf7b84fc918cc6/alert/text'
18:53:24.926 [AsyncHttpClient-1-15] DEBUG org.asynchttpclient.netty.handler.HttpHandler - 

Request DefaultFullHttpRequest(decodeResult: success, version: HTTP/1.1, content: EmptyByteBufBE)
GET /session/0f327876bf117934efaf7b84fc918cc6/alert/text HTTP/1.1
User-Agent: selenium/4.8.1 (java windows)
Cache-Control: no-cache
Content-Type: application/json; charset=utf-8
host: localhost:36131
accept: */*

Response DefaultHttpResponse(decodeResult: success, version: HTTP/1.1)
HTTP/1.1 404 Not Found
Content-Length: 809
Content-Type: application/json; charset=utf-8
cache-control: no-cache

18:53:24.926 [AsyncHttpClient-1-15] DEBUG org.asynchttpclient.netty.channel.ChannelManager - Adding key: http://localhost:36131 for channel [id: 0xc6c4a072, L:/127.0.0.1:59177 - R:localhost/127.0.0.1:36131]
18:53:24.927 [Forwarding getCurrentUrl on session 0f327876bf117934efaf7b84fc918cc6 to remote] DEBUG org.asynchttpclient.netty.request.NettyRequestSender - Using pooled Channel '[id: 0xc6c4a072, L:/127.0.0.1:59177 - R:localhost/127.0.0.1:36131]' for 'GET' to 'http://localhost:36131/session/0f327876bf117934efaf7b84fc918cc6/url'
18:53:24.927 [Forwarding getCurrentUrl on session 0f327876bf117934efaf7b84fc918cc6 to remote] DEBUG org.asynchttpclient.netty.request.NettyRequestSender - Using open Channel [id: 0xc6c4a072, L:/127.0.0.1:59177 - R:localhost/127.0.0.1:36131] for GET '/session/0f327876bf117934efaf7b84fc918cc6/url'
18:53:24.931 [AsyncHttpClient-1-15] DEBUG org.asynchttpclient.netty.handler.HttpHandler - 

Request DefaultFullHttpRequest(decodeResult: success, version: HTTP/1.1, content: EmptyByteBufBE)
GET /session/0f327876bf117934efaf7b84fc918cc6/url HTTP/1.1
User-Agent: selenium/4.8.1 (java windows)
Cache-Control: no-cache
Content-Type: application/json; charset=utf-8
host: localhost:36131
accept: */*

Response DefaultHttpResponse(decodeResult: success, version: HTTP/1.1)
HTTP/1.1 200 OK
Content-Length: 51
Content-Type: application/json; charset=utf-8
cache-control: no-cache

18:53:24.931 [AsyncHttpClient-1-15] DEBUG org.asynchttpclient.netty.channel.ChannelManager - Adding key: http://localhost:36131 for channel [id: 0xc6c4a072, L:/127.0.0.1:59177 - R:localhost/127.0.0.1:36131]
18:53:24.931 [Forwarding screenshot on session 0f327876bf117934efaf7b84fc918cc6 to remote] DEBUG org.asynchttpclient.netty.request.NettyRequestSender - Using pooled Channel '[id: 0xc6c4a072, L:/127.0.0.1:59177 - R:localhost/127.0.0.1:36131]' for 'GET' to 'http://localhost:36131/session/0f327876bf117934efaf7b84fc918cc6/screenshot'
18:53:24.931 [Forwarding screenshot on session 0f327876bf117934efaf7b84fc918cc6 to remote] DEBUG org.asynchttpclient.netty.request.NettyRequestSender - Using open Channel [id: 0xc6c4a072, L:/127.0.0.1:59177 - R:localhost/127.0.0.1:36131] for GET '/session/0f327876bf117934efaf7b84fc918cc6/screenshot'
18:53:25.086 [AsyncHttpClient-1-15] DEBUG org.asynchttpclient.netty.handler.HttpHandler - 

Request DefaultFullHttpRequest(decodeResult: success, version: HTTP/1.1, content: EmptyByteBufBE)
GET /session/0f327876bf117934efaf7b84fc918cc6/screenshot HTTP/1.1
User-Agent: selenium/4.8.1 (java windows)
Cache-Control: no-cache
Content-Type: application/json; charset=utf-8
host: localhost:36131
accept: */*

Response DefaultHttpResponse(decodeResult: success, version: HTTP/1.1)
HTTP/1.1 200 OK
Content-Length: 66784
Content-Type: application/json; charset=utf-8
cache-control: no-cache

18:53:25.086 [AsyncHttpClient-1-15] DEBUG org.asynchttpclient.netty.channel.ChannelManager - Adding key: http://localhost:36131 for channel [id: 0xc6c4a072, L:/127.0.0.1:59177 - R:localhost/127.0.0.1:36131]
18:53:25.088 [main] DEBUG net.serenitybdd.core.photography.Darkroom - Send negative for processing for target\site\serenity\8980e658f324f7fc4da01d176f1323ca0c7cc2d796b192677895325c039c3370.png
18:53:25.090 [Darkroom Processing Line] DEBUG net.serenitybdd.core.photography.DarkroomProcessingLine - Processing screenshot image in /var/screenshots/screenshot-14454793676726264520
18:53:25.090 [Darkroom Processing Line] DEBUG net.serenitybdd.core.photography.DarkroomProcessingLine - Saving screenshot to target\site\serenity\8980e658f324f7fc4da01d176f1323ca0c7cc2d796b192677895325c039c3370.png
18:53:25.090 [Forwarding getPageSource on session 0f327876bf117934efaf7b84fc918cc6 to remote] DEBUG org.asynchttpclient.netty.request.NettyRequestSender - Using pooled Channel '[id: 0xc6c4a072, L:/127.0.0.1:59177 - R:localhost/127.0.0.1:36131]' for 'POST' to 'http://localhost:36131/session/0f327876bf117934efaf7b84fc918cc6/execute/sync'
18:53:25.090 [Forwarding getPageSource on session 0f327876bf117934efaf7b84fc918cc6 to remote] DEBUG org.asynchttpclient.netty.request.NettyRequestSender - Using open Channel [id: 0xc6c4a072, L:/127.0.0.1:59177 - R:localhost/127.0.0.1:36131] for POST '/session/0f327876bf117934efaf7b84fc918cc6/execute/sync'
18:53:25.095 [AsyncHttpClient-1-15] DEBUG org.asynchttpclient.netty.handler.HttpHandler - 

Request DefaultHttpRequest(decodeResult: success, version: HTTP/1.1)
POST /session/0f327876bf117934efaf7b84fc918cc6/execute/sync HTTP/1.1
User-Agent: selenium/4.8.1 (java windows)
Content-Length: 176
Content-Type: application/json; charset=utf-8
host: localhost:36131
accept: */*

Response DefaultHttpResponse(decodeResult: success, version: HTTP/1.1)
HTTP/1.1 200 OK
Content-Length: 22284
Content-Type: application/json; charset=utf-8
cache-control: no-cache

18:53:25.096 [AsyncHttpClient-1-15] DEBUG org.asynchttpclient.netty.channel.ChannelManager - Adding key: http://localhost:36131 for channel [id: 0xc6c4a072, L:/127.0.0.1:59177 - R:localhost/127.0.0.1:36131]
18:53:25.098 [Forwarding getCurrentUrl on session 0f327876bf117934efaf7b84fc918cc6 to remote] DEBUG org.asynchttpclient.netty.request.NettyRequestSender - Using pooled Channel '[id: 0xc6c4a072, L:/127.0.0.1:59177 - R:localhost/127.0.0.1:36131]' for 'GET' to 'http://localhost:36131/session/0f327876bf117934efaf7b84fc918cc6/url'
18:53:25.098 [Forwarding getCurrentUrl on session 0f327876bf117934efaf7b84fc918cc6 to remote] DEBUG org.asynchttpclient.netty.request.NettyRequestSender - Using open Channel [id: 0xc6c4a072, L:/127.0.0.1:59177 - R:localhost/127.0.0.1:36131] for GET '/session/0f327876bf117934efaf7b84fc918cc6/url'
18:53:25.102 [AsyncHttpClient-1-15] DEBUG org.asynchttpclient.netty.handler.HttpHandler - 

Request DefaultFullHttpRequest(decodeResult: success, version: HTTP/1.1, content: EmptyByteBufBE)
GET /session/0f327876bf117934efaf7b84fc918cc6/url HTTP/1.1
User-Agent: selenium/4.8.1 (java windows)
Cache-Control: no-cache
Content-Type: application/json; charset=utf-8
host: localhost:36131
accept: */*

Response DefaultHttpResponse(decodeResult: success, version: HTTP/1.1)
HTTP/1.1 200 OK
Content-Length: 51
Content-Type: application/json; charset=utf-8
cache-control: no-cache

18:53:25.103 [AsyncHttpClient-1-15] DEBUG org.asynchttpclient.netty.channel.ChannelManager - Adding key: http://localhost:36131 for channel [id: 0xc6c4a072, L:/127.0.0.1:59177 - R:localhost/127.0.0.1:36131]
  &amp#27;[31mAnd &amp#27;[0m&amp#27;[31mI click buy button product&amp#27;[0m                                         &amp#27;[90m# starter.stepdefinitions.TransactionSteps.clickBuyProduct()&amp#27;[0m
      &amp#27;[31mnet.thucydides.core.webdriver.exceptions.ElementShouldBeEnabledException: Expected enabled element was not enabled
	at net.serenitybdd.core.pages.WebElementFacadeImpl.waitUntilEnabled(WebElementFacadeImpl.java:1122)
	at net.serenitybdd.core.pages.WebElementFacadeImpl.waitUntilElementAvailable(WebElementFacadeImpl.java:906)
	at net.serenitybdd.core.pages.WebElementFacadeImpl.click(WebElementFacadeImpl.java:1204)
	at net.serenitybdd.core.pages.WebElementFacadeImpl.click(WebElementFacadeImpl.java:1224)
	at MiniProject@1.0-SNAPSHOT/starter.user.Buy.ClickBuyButton(Buy.java:31)
	at MiniProject@1.0-SNAPSHOT/starter.user.Buy$ByteBuddy$3m1XR6Lj.ClickBuyButton$accessor$KIVsxK26(Unknown Source)
	at java.base/jdk.internal.reflect.NativeMethodAccessorImpl.invoke0(Native Method)
	at java.base/jdk.internal.reflect.NativeMethodAccessorImpl.invoke(NativeMethodAccessorImpl.java:77)
	at java.base/jdk.internal.reflect.DelegatingMethodAccessorImpl.invoke(DelegatingMethodAccessorImpl.java:43)
	at java.base/java.lang.reflect.Method.invoke(Method.java:568)
	at net.thucydides.core.steps.StepInterceptor.invokeMethod(StepInterceptor.java:518)
	at net.thucydides.core.steps.StepInterceptor.executeTestStepMethod(StepInterceptor.java:498)
	at net.thucydides.core.steps.StepInterceptor.runTestStep(StepInterceptor.java:472)
	at net.thucydides.core.steps.StepInterceptor.runOrSkipMethod(StepInterceptor.java:211)
	at net.thucydides.core.steps.StepInterceptor.testStepResult(StepInterceptor.java:198)
	at net.thucydides.core.steps.StepInterceptor.intercept(StepInterceptor.java:86)
	at net.thucydides.core.steps.ProxyConfiguration$InterceptorDispatcher.intercept(ProxyConfiguration.java:51)
	at MiniProject@1.0-SNAPSHOT/starter.user.Buy$ByteBuddy$3m1XR6Lj.ClickBuyButton(Unknown Source)
	at MiniProject@1.0-SNAPSHOT/starter.stepdefinitions.TransactionSteps.clickBuyProduct(TransactionSteps.java:47)
	at âœ½.I click buy button product(file:///D:/alta/MiniProject/src/test/resources/features/transaction.feature:25)
Caused by: org.openqa.selenium.TimeoutException: Expected condition failed: waiting for By.xpath: //button[@class='button-beli ml-3 v-btn v-btn--outlined theme--light v-size--small primary--text'] to be enabled (tried for 5 second(s) with 100 milliseconds interval)
	at org.openqa.selenium.support.ui.FluentWait.timeoutException(FluentWait.java:263)
	at org.openqa.selenium.support.ui.FluentWait.until(FluentWait.java:231)
	at net.serenitybdd.core.pages.WebElementFacadeImpl.waitUntilEnabled(WebElementFacadeImpl.java:1119)
	at net.serenitybdd.core.pages.WebElementFacadeImpl.waitUntilElementAvailable(WebElementFacadeImpl.java:906)
	at net.serenitybdd.core.pages.WebElementFacadeImpl.click(WebElementFacadeImpl.java:1204)
	at net.serenitybdd.core.pages.WebElementFacadeImpl.click(WebElementFacadeImpl.java:1224)
	at MiniProject@1.0-SNAPSHOT/starter.user.Buy.ClickBuyButton(Buy.java:31)
	at MiniProject@1.0-SNAPSHOT/starter.user.Buy$ByteBuddy$3m1XR6Lj.ClickBuyButton$accessor$KIVsxK26(Unknown Source)
	at java.base/jdk.internal.reflect.NativeMethodAccessorImpl.invoke0(Native Method)
	at java.base/jdk.internal.reflect.NativeMethodAccessorImpl.invoke(NativeMethodAccessorImpl.java:77)
	at java.base/jdk.internal.reflect.DelegatingMethodAccessorImpl.invoke(DelegatingMethodAccessorImpl.java:43)
	at java.base/java.lang.reflect.Method.invoke(Method.java:568)
	at net.thucydides.core.steps.StepInterceptor.invokeMethod(StepInterceptor.java:518)
	at net.thucydides.core.steps.StepInterceptor.executeTestStepMethod(StepInterceptor.java:498)
	at net.thucydides.core.steps.StepInterceptor.runTestStep(StepInterceptor.java:472)
	at net.thucydides.core.steps.StepInterceptor.runOrSkipMethod(StepInterceptor.java:211)
	at net.thucydides.core.steps.StepInterceptor.testStepResult(StepInterceptor.java:198)
	at net.thucydides.core.steps.StepInterceptor.intercept(StepInterceptor.java:86)
	at net.thucydides.core.steps.ProxyConfiguration$InterceptorDispatcher.intercept(ProxyConfiguration.java:51)
	at MiniProject@1.0-SNAPSHOT/starter.user.Buy$ByteBuddy$3m1XR6Lj.ClickBuyButton(Unknown Source)
	at MiniProject@1.0-SNAPSHOT/starter.stepdefinitions.TransactionSteps.clickBuyProduct(TransactionSteps.java:47)
	at java.base/jdk.internal.reflect.NativeMethodAccessorImpl.invoke0(Native Method)
	at java.base/jdk.internal.reflect.NativeMethodAccessorImpl.invoke(NativeMethodAccessorImpl.java:77)
	at java.base/jdk.internal.reflect.DelegatingMethodAccessorImpl.invoke(DelegatingMethodAccessorImpl.java:43)
	at java.base/java.lang.reflect.Method.invoke(Method.java:568)
	at io.cucumber.java.Invoker.doInvoke(Invoker.java:66)
	at io.cucumber.java.Invoker.invoke(Invoker.java:24)
	at io.cucumber.java.AbstractGlueDefinition.invokeMethod(AbstractGlueDefinition.java:47)
	at io.cucumber.java.JavaStepDefinition.execute(JavaStepDefinition.java:29)
	at io.cucumber.core.runner.CoreStepDefinition.execute(CoreStepDefinition.java:66)
	at io.cucumber.core.runner.PickleStepDefinitionMatch.runStep(PickleStepDefinitionMatch.java:63)
	at io.cucumber.core.runner.ExecutionMode$1.execute(ExecutionMode.java:10)
	at io.cucumber.core.runner.TestStep.executeStep(TestStep.java:84)
	at io.cucumber.core.runner.TestStep.run(TestStep.java:56)
	at io.cucumber.core.runner.PickleStepTestStep.run(PickleStepTestStep.java:51)
	at io.cucumber.core.runner.TestCase.run(TestCase.java:84)
	at io.cucumber.core.runner.Runner.runPickle(Runner.java:75)
	at io.cucumber.junit.PickleRunners$NoStepDescriptions.lambda$run$0(PickleRunners.java:151)
	at io.cucumber.core.runtime.CucumberExecutionContext.lambda$runTestCase$5(CucumberExecutionContext.java:130)
	at io.cucumber.core.runtime.RethrowingThrowableCollector.executeAndThrow(RethrowingThrowableCollector.java:23)
	at io.cucumber.core.runtime.CucumberExecutionContext.runTestCase(CucumberExecutionContext.java:130)
	at io.cucumber.junit.PickleRunners$NoStepDescriptions.run(PickleRunners.java:148)
	at io.cucumber.junit.FeatureRunner.runChild(FeatureRunner.java:144)
	at io.cucumber.junit.FeatureRunner.runChild(FeatureRunner.java:28)
	at org.junit.runners.ParentRunner$4.run(ParentRunner.java:331)
	at org.junit.runners.ParentRunner$1.schedule(ParentRunner.java:79)
	at org.junit.runners.ParentRunner.runChildren(ParentRunner.java:329)
	at org.junit.runners.ParentRunner.access$100(ParentRunner.java:66)
	at org.junit.runners.ParentRunner$2.evaluate(ParentRunner.java:293)
	at org.junit.runners.ParentRunner$3.evaluate(ParentRunner.java:306)
	at org.junit.runners.ParentRunner.run(ParentRunner.java:413)
	at io.cucumber.junit.FeatureRunner.run(FeatureRunner.java:137)
	at io.cucumber.junit.CucumberSerenityBaseRunner.runChild(CucumberSerenityBaseRunner.java:330)
	at io.cucumber.junit.CucumberSerenityBaseRunner.runChild(CucumberSerenityBaseRunner.java:51)
	at org.junit.runners.ParentRunner$4.run(ParentRunner.java:331)
	at org.junit.runners.ParentRunner$1.schedule(ParentRunner.java:79)
	at org.junit.runners.ParentRunner.runChildren(ParentRunner.java:329)
	at org.junit.runners.ParentRunner.access$100(ParentRunner.java:66)
	at org.junit.runners.ParentRunner$2.evaluate(ParentRunner.java:293)
	at io.cucumber.junit.CucumberSerenityBaseRunner$RunCucumber.evaluate(CucumberSerenityBaseRunner.java:361)
	at org.junit.runners.ParentRunner$3.evaluate(ParentRunner.java:306)
	at org.junit.runners.ParentRunner.run(ParentRunner.java:413)
	at org.junit.runner.JUnitCore.run(JUnitCore.java:137)
	at org.junit.runner.JUnitCore.run(JUnitCore.java:115)
	at org.junit.vintage.engine.execution.RunnerExecutor.execute(RunnerExecutor.java:42)
	at org.junit.vintage.engine.VintageTestEngine.executeAllChildren(VintageTestEngine.java:80)
	at org.junit.vintage.engine.VintageTestEngine.execute(VintageTestEngine.java:72)
	at org.junit.platform.launcher.core.EngineExecutionOrchestrator.execute(EngineExecutionOrchestrator.java:107)
	at org.junit.platform.launcher.core.EngineExecutionOrchestrator.execute(EngineExecutionOrchestrator.java:88)
	at org.junit.platform.launcher.core.EngineExecutionOrchestrator.lambda$execute$0(EngineExecutionOrchestrator.java:54)
	at org.junit.platform.launcher.core.EngineExecutionOrchestrator.withInterceptedStreams(EngineExecutionOrchestrator.java:67)
	at org.junit.platform.launcher.core.EngineExecutionOrchestrator.execute(EngineExecutionOrchestrator.java:52)
	at org.junit.platform.launcher.core.DefaultLauncher.execute(DefaultLauncher.java:114)
	at org.junit.platform.launcher.core.DefaultLauncher.execute(DefaultLauncher.java:86)
	at org.junit.platform.launcher.core.DefaultLauncherSession$DelegatingLauncher.execute(DefaultLauncherSession.java:86)
	at org.junit.platform.launcher.core.SessionPerRequestLauncher.execute(SessionPerRequestLauncher.java:53)
	at org.apache.maven.surefire.junitplatform.JUnitPlatformProvider.execute(JUnitPlatformProvider.java:188)
	at org.apache.maven.surefire.junitplatform.JUnitPlatformProvider.invokeAllTests(JUnitPlatformProvider.java:154)
	at org.apache.maven.surefire.junitplatform.JUnitPlatformProvider.invoke(JUnitPlatformProvider.java:128)
	at org.apache.maven.surefire.booter.ForkedBooter.runSuitesInProcess(ForkedBooter.java:428)
	at org.apache.maven.surefire.booter.ForkedBooter.execute(ForkedBooter.java:162)
	at org.apache.maven.surefire.booter.ForkedBooter.run(ForkedBooter.java:562)
	at org.apache.maven.surefire.booter.ForkedBooter.main(ForkedBooter.java:548)
Caused by: org.openqa.selenium.NoSuchElementException: no such element: Unable to locate element: {"method":"xpath","selector":"//button[@class='button-beli ml-3 v-btn v-btn--outlined theme--light v-size--small primary--text']"}
  (Session info: chrome=112.0.5615.138)
For documentation on this error, please visit: https://selenium.dev/exceptions/#no_such_element
Build info: version: '4.8.1', revision: '8ebccac989'
System info: os.name: 'Windows 11', os.arch: 'amd64', os.version: '10.0', java.version: '17.0.6'
Driver info: org.openqa.selenium.chrome.ChromeDriver
Command: [0f327876bf117934efaf7b84fc918cc6, findElement {using=xpath, value=//button[@class='button-beli ml-3 v-btn v-btn--outlined theme--light v-size--small primary--text']}]
Capabilities {acceptInsecureCerts: false, browserName: chrome, browserVersion: 112.0.5615.138, chrome: {chromedriverVersion: 111.0.5563.64 (c710e93d5b63..., userDataDir: C:\Users\User-PC\AppData\Lo...}, goog:chromeOptions: {debuggerAddress: localhost:59178}, networkConnectionEnabled: false, pageLoadStrategy: normal, platformName: WINDOWS, proxy: Proxy(), se:cdp: ws://localhost:59178/devtoo..., se:cdpVersion: 112.0.5615.138, setWindowRect: true, strictFileInteractability: false, timeouts: {implicit: 0, pageLoad: 300000, script: 30000}, unhandledPromptBehavior: dismiss and notify, webauthn:extension:credBlob: true, webauthn:extension:largeBlob: true, webauthn:extension:minPinLength: true, webauthn:extension:prf: true, webauthn:virtualAuthenticators: true}
Session ID: 0f327876bf117934efaf7b84fc918cc6
	at java.base/jdk.internal.reflect.NativeConstructorAccessorImpl.newInstance0(Native Method)
	at java.base/jdk.internal.reflect.NativeConstructorAccessorImpl.newInstance(NativeConstructorAccessorImpl.java:77)
	at java.base/jdk.internal.reflect.DelegatingConstructorAccessorImpl.newInstance(DelegatingConstructorAccessorImpl.java:45)
	at java.base/java.lang.reflect.Constructor.newInstanceWithCaller(Constructor.java:499)
	at java.base/java.lang.reflect.Constructor.newInstance(Constructor.java:480)
	at org.openqa.selenium.remote.codec.w3c.W3CHttpResponseCodec.createException(W3CHttpResponseCodec.java:200)
	at org.openqa.selenium.remote.codec.w3c.W3CHttpResponseCodec.decode(W3CHttpResponseCodec.java:133)
	at org.openqa.selenium.remote.codec.w3c.W3CHttpResponseCodec.decode(W3CHttpResponseCodec.java:53)
	at org.openqa.selenium.remote.HttpCommandExecutor.execute(HttpCommandExecutor.java:184)
	at org.openqa.selenium.remote.service.DriverCommandExecutor.invokeExecute(DriverCommandExecutor.java:167)
	at org.openqa.selenium.remote.service.DriverCommandExecutor.execute(DriverCommandExecutor.java:142)
	at org.openqa.selenium.remote.RemoteWebDriver.execute(RemoteWebDriver.java:543)
	at org.openqa.selenium.remote.ElementLocation$ElementFinder$2.findElement(ElementLocation.java:162)
	at org.openqa.selenium.remote.ElementLocation.findElement(ElementLocation.java:60)
	at org.openqa.selenium.remote.RemoteWebDriver.findElement(RemoteWebDriver.java:352)
	at org.openqa.selenium.remote.RemoteWebDriver.findElement(RemoteWebDriver.java:344)
	at net.thucydides.core.webdriver.WebDriverFacade.findElement(WebDriverFacade.java:242)
	at net.serenitybdd.core.pages.WebElementResolverByLocator.resolveForDriver(WebElementResolverByLocator.java:25)
	at net.serenitybdd.core.pages.WebElementFacadeImpl.getResolvedElement(WebElementFacadeImpl.java:189)
	at net.serenitybdd.core.pages.WebElementFacadeImpl.getElement(WebElementFacadeImpl.java:184)
	at net.serenitybdd.core.pages.WebElementExpectations$3.apply(WebElementExpectations.java:63)
	at net.serenitybdd.core.pages.WebElementExpectations$3.apply(WebElementExpectations.java:55)
	at org.openqa.selenium.support.ui.FluentWait.until(FluentWait.java:208)
	... 81 more
&amp#27;[0m
  &amp#27;[36mAnd &amp#27;[0m&amp#27;[36mI click cart button&amp#27;[0m                                                &amp#27;[90m# starter.stepdefinitions.TransactionSteps.clickCartProduct()&amp#27;[0m
  &amp#27;[36mThen &amp#27;[0m&amp#27;[36mI click the button to reduce the quantity&amp#27;[0m                         &amp#27;[90m# starter.stepdefinitions.TransactionSteps.clickReduceProduct()&amp#27;[0m
  &amp#27;[36mAnd &amp#27;[0m&amp#27;[36mI can see cart page message &amp#27;[0m&amp#27;[36m&amp#27;[1m"Order is empty!"&amp#27;[0m                      &amp#27;[90m# starter.stepdefinitions.TransactionSteps.iCanSeeCartPageMessage(java.lang.String)&amp#27;[0m
18:53:25.130 [main] ERROR  - 
  _____   ___   ___   _____     ___     _     ___   _      ___   ___  
 |_   _| | __| / __| |_   _|   | __|   /_\   |_ _| | |    | __| |   \ 
   | |   | _|  \__ \   | |     | _|   / _ \   | |  | |__  | _|  | |) |
   |_|   |___| |___/   |_|     |_|   /_/ \_\ |___| |____| |___| |___/ 

As user i make a product transaction and not complete purchase
-----------------------------------------------------------------------
18:53:25.130 [main] DEBUG  - RELATED ISSUES: 
18:53:25.130 [main] ERROR  -     Test failed at step: Click buy button
18:53:25.130 [main] ERROR  -     Expected enabled element was not enabled
18:53:25.133 [Driver Command Executor] DEBUG org.asynchttpclient.netty.request.NettyRequestSender - Using pooled Channel '[id: 0xc6c4a072, L:/127.0.0.1:59177 - R:localhost/127.0.0.1:36131]' for 'DELETE' to 'http://localhost:36131/session/0f327876bf117934efaf7b84fc918cc6'
18:53:25.133 [Driver Command Executor] DEBUG org.asynchttpclient.netty.request.NettyRequestSender - Using open Channel [id: 0xc6c4a072, L:/127.0.0.1:59177 - R:localhost/127.0.0.1:36131] for DELETE '/session/0f327876bf117934efaf7b84fc918cc6'
18:53:25.133 [AsyncHttpClient-1-17] DEBUG org.asynchttpclient.netty.handler.WebSocketHandler - Channel Closed: [id: 0xd3553efc, L:/127.0.0.1:59186 ! R:localhost/127.0.0.1:59178] with attribute NettyResponseFuture{currentRetry=0,
	isDone=1,
	isCancelled=0,
	asyncHandler=org.asynchttpclient.ws.WebSocketUpgradeHandler@7f885a57,
	nettyRequest=org.asynchttpclient.netty.request.NettyRequest@115c066d,
	future=java.util.concurrent.CompletableFuture@59465739[Completed normally],
	uri=ws://localhost:59178/devtools/browser/679288e6-aba7-462e-bdd8-de14cd2646e5,
	keepAlive=true,
	redirectCount=0,
	timeoutsHolder=null,
	inAuth=0,
	touch=1683546795398}
18:53:25.134 [AsyncHttpClient-1-17] DEBUG org.asynchttpclient.netty.channel.ChannelManager - Closing Channel [id: 0xd3553efc, L:/127.0.0.1:59186 ! R:localhost/127.0.0.1:59178] 
18:53:25.326 [AsyncHttpClient-1-16] DEBUG org.asynchttpclient.netty.handler.HttpHandler - Unexpected I/O exception on channel [id: 0xd0e90e4b, L:/127.0.0.1:59185 - R:localhost/127.0.0.1:59178]
java.net.SocketException: Connection reset
	at java.base/sun.nio.ch.SocketChannelImpl.throwConnectionReset(SocketChannelImpl.java:394)
	at java.base/sun.nio.ch.SocketChannelImpl.read(SocketChannelImpl.java:426)
	at io.netty.buffer.PooledByteBuf.setBytes(PooledByteBuf.java:259)
	at io.netty.buffer.AbstractByteBuf.writeBytes(AbstractByteBuf.java:1132)
	at io.netty.channel.socket.nio.NioSocketChannel.doReadBytes(NioSocketChannel.java:357)
	at io.netty.channel.nio.AbstractNioByteChannel$NioByteUnsafe.read(AbstractNioByteChannel.java:151)
	at io.netty.channel.nio.NioEventLoop.processSelectedKey(NioEventLoop.java:788)
	at io.netty.channel.nio.NioEventLoop.processSelectedKeysOptimized(NioEventLoop.java:724)
	at io.netty.channel.nio.NioEventLoop.processSelectedKeys(NioEventLoop.java:650)
	at io.netty.channel.nio.NioEventLoop.run(NioEventLoop.java:562)
	at io.netty.util.concurrent.SingleThreadEventExecutor$4.run(SingleThreadEventExecutor.java:997)
	at io.netty.util.internal.ThreadExecutorMap$2.run(ThreadExecutorMap.java:74)
	at io.netty.util.concurrent.FastThreadLocalRunnable.run(FastThreadLocalRunnable.java:30)
	at java.base/java.lang.Thread.run(Thread.java:833)
18:53:25.326 [AsyncHttpClient-1-16] DEBUG org.asynchttpclient.netty.channel.ChannelManager - Closing Channel [id: 0xd0e90e4b, L:/127.0.0.1:59185 - R:localhost/127.0.0.1:59178] 
18:53:25.326 [AsyncHttpClient-1-16] DEBUG org.asynchttpclient.netty.handler.HttpHandler - Channel Closed: [id: 0xd0e90e4b, L:/127.0.0.1:59185 ! R:localhost/127.0.0.1:59178] with attribute DISCARD
18:53:25.355 [AsyncHttpClient-1-15] DEBUG org.asynchttpclient.netty.handler.HttpHandler - 

Request DefaultFullHttpRequest(decodeResult: success, version: HTTP/1.1, content: EmptyByteBufBE)
DELETE /session/0f327876bf117934efaf7b84fc918cc6 HTTP/1.1
User-Agent: selenium/4.8.1 (java windows)
Content-Type: application/json; charset=utf-8
host: localhost:36131
accept: */*

Response DefaultHttpResponse(decodeResult: success, version: HTTP/1.1)
HTTP/1.1 200 OK
Content-Length: 14
Content-Type: application/json; charset=utf-8
cache-control: no-cache

18:53:25.355 [AsyncHttpClient-1-15] DEBUG org.asynchttpclient.netty.channel.ChannelManager - Adding key: http://localhost:36131 for channel [id: 0xc6c4a072, L:/127.0.0.1:59177 - R:localhost/127.0.0.1:36131]
18:53:25.437 [AsyncHttpClient-1-15] DEBUG org.asynchttpclient.netty.handler.HttpHandler - Channel Closed: [id: 0xc6c4a072, L:/127.0.0.1:59177 ! R:localhost/127.0.0.1:36131] with attribute DISCARD
]]></system-out>
    <system-err><![CDATA[Starting ChromeDriver 111.0.5563.64 (c710e93d5b63b7095afe8c2c17df34408078439d-refs/branch-heads/5563@{#995}) on port 36131
Only local connections are allowed.
Please see https://chromedriver.chromium.org/security-considerations for suggestions on keeping ChromeDriver safe.
ChromeDriver was started successfully.
[1683546795.168][WARNING]: This version of ChromeDriver has not been tested with Chrome version 112.
May 08, 2023 6:53:15 PM org.openqa.selenium.devtools.CdpVersionFinder findNearestMatch
WARNING: Unable to find an exact match for CDP version 112, so returning the closest version found: 110
]]></system-err>
  </testcase>
  <testcase name="As user i make a product transaction and click buy button 7 times" classname="Transaction" time="11.405">
    <error type="net.thucydides.core.webdriver.exceptions.ElementShouldBeEnabledException"><![CDATA[net.thucydides.core.webdriver.exceptions.ElementShouldBeEnabledException: Expected enabled element was not enabled
Caused by: org.openqa.selenium.TimeoutException: Expected condition failed: waiting for By.xpath: //button[@class='button-beli ml-3 v-btn v-btn--outlined theme--light v-size--small primary--text'] to be enabled (tried for 5 second(s) with 100 milliseconds interval)
Caused by: org.openqa.selenium.NoSuchElementException: 
no such element: Unable to locate element: {"method":"xpath","selector":"//button[@class='button-beli ml-3 v-btn v-btn--outlined theme--light v-size--small primary--text']"}
  (Session info: chrome=112.0.5615.138)
For documentation on this error, please visit: https://selenium.dev/exceptions/#no_such_element
Build info: version: '4.8.1', revision: '8ebccac989'
System info: os.name: 'Windows 11', os.arch: 'amd64', os.version: '10.0', java.version: '17.0.6'
Driver info: org.openqa.selenium.chrome.ChromeDriver
Command: [4b4c7934f740b6e207e93de370c9f093, findElement {using=xpath, value=//button[@class='button-beli ml-3 v-btn v-btn--outlined theme--light v-size--small primary--text']}]
Capabilities {acceptInsecureCerts: false, browserName: chrome, browserVersion: 112.0.5615.138, chrome: {chromedriverVersion: 111.0.5563.64 (c710e93d5b63..., userDataDir: C:\Users\User-PC\AppData\Lo...}, goog:chromeOptions: {debuggerAddress: localhost:59207}, networkConnectionEnabled: false, pageLoadStrategy: normal, platformName: WINDOWS, proxy: Proxy(), se:cdp: ws://localhost:59207/devtoo..., se:cdpVersion: 112.0.5615.138, setWindowRect: true, strictFileInteractability: false, timeouts: {implicit: 0, pageLoad: 300000, script: 30000}, unhandledPromptBehavior: dismiss and notify, webauthn:extension:credBlob: true, webauthn:extension:largeBlob: true, webauthn:extension:minPinLength: true, webauthn:extension:prf: true, webauthn:virtualAuthenticators: true}
Session ID: 4b4c7934f740b6e207e93de370c9f093
]]></error>
    <system-out><![CDATA[
Scenario: As user i make a product transaction and click buy button 7 times &amp#27;[90m# src/test/resources/features/transaction.feature:31&amp#27;[0m
18:53:25.518 [main] DEBUG io.cucumber.core.plugin.SerenityReporter - Running feature from file:///D:/alta/MiniProject/src/test/resources/features/transaction.feature
18:53:25.520 [main] INFO  - 
  _____   ___   ___   _____     ___   _____     _     ___   _____   ___   ___  
 |_   _| | __| / __| |_   _|   / __| |_   _|   /_\   | _ \ |_   _| | __| |   \ 
   | |   | _|  \__ \   | |     \__ \   | |    / _ \  |   /   | |   | _|  | |) |
   |_|   |___| |___/   |_|     |___/   |_|   /_/ \_\ |_|_\   |_|   |___| |___/ 

As user i make a product transaction and click buy button 7 times(transaction;as-user-i-make-a-product-transaction-and-click-buy-button-7-times)
--------------------------------------------------------------------------------
18:53:25.562 [AsyncHttpClient-1-1] DEBUG org.asynchttpclient.netty.channel.DefaultChannelPool - Entry count for : http://localhost:59178 : 1
18:53:25.562 [AsyncHttpClient-1-1] DEBUG org.asynchttpclient.netty.channel.DefaultChannelPool - Entry count for : http://localhost:36131 : 1
18:53:25.562 [AsyncHttpClient-1-1] DEBUG org.asynchttpclient.netty.channel.DefaultChannelPool - Adding Candidate expired Channel [id: 0xd0e90e4b, L:/127.0.0.1:59185 ! R:localhost/127.0.0.1:59178] isIdleTimeoutExpired=false isRemotelyClosed=true isTtlExpired=false
18:53:25.562 [AsyncHttpClient-1-1] DEBUG org.asynchttpclient.netty.channel.DefaultChannelPool - Closing Idle Channel [id: 0xd0e90e4b, L:/127.0.0.1:59185 ! R:localhost/127.0.0.1:59178]
18:53:25.562 [AsyncHttpClient-1-1] DEBUG org.asynchttpclient.netty.channel.DefaultChannelPool - Adding Candidate expired Channel [id: 0xc6c4a072, L:/127.0.0.1:59177 ! R:localhost/127.0.0.1:36131] isIdleTimeoutExpired=false isRemotelyClosed=true isTtlExpired=false
18:53:25.562 [AsyncHttpClient-1-1] DEBUG org.asynchttpclient.netty.channel.DefaultChannelPool - Closing Idle Channel [id: 0xc6c4a072, L:/127.0.0.1:59177 ! R:localhost/127.0.0.1:36131]
18:53:25.562 [AsyncHttpClient-1-1] DEBUG org.asynchttpclient.netty.channel.DefaultChannelPool - Closed 2 connections out of 2 in 0 ms
18:53:25.590 [main] INFO net.serenitybdd.core.webdriver.driverproviders.ChromeDriverProvider - Starting Chrome driver instance with capabilities:
18:53:25.590 [main] INFO net.serenitybdd.core.webdriver.driverproviders.ChromeDriverProvider - Capabilities {acceptInsecureCerts: false, browserName: chrome, goog:chromeOptions: {args: [remote-allow-origins=*], extensions: []}}
18:53:25.681 [AsyncHttpClient-1-2] DEBUG org.asynchttpclient.netty.channel.NettyConnectListener - Using new Channel '[id: 0x629e6138, L:/127.0.0.1:59206 - R:localhost/127.0.0.1:47913]' for 'POST' to '/session'
18:53:26.631 [AsyncHttpClient-1-2] DEBUG org.asynchttpclient.netty.handler.HttpHandler - 

Request DefaultHttpRequest(decodeResult: success, version: HTTP/1.1)
POST /session HTTP/1.1
User-Agent: selenium/4.8.1 (java windows)
Content-Length: 507
Content-Type: application/json; charset=utf-8
host: localhost:47913
accept: */*

Response DefaultHttpResponse(decodeResult: success, version: HTTP/1.1)
HTTP/1.1 200 OK
Content-Length: 861
Content-Type: application/json; charset=utf-8
cache-control: no-cache

18:53:26.632 [AsyncHttpClient-1-2] DEBUG org.asynchttpclient.netty.channel.ChannelManager - Adding key: http://localhost:47913 for channel [id: 0x629e6138, L:/127.0.0.1:59206 - R:localhost/127.0.0.1:47913]
18:53:26.643 [AsyncHttpClient-1-3] DEBUG org.asynchttpclient.netty.channel.NettyConnectListener - Using new Channel '[id: 0x6de5c009, L:/127.0.0.1:59213 - R:localhost/127.0.0.1:59207]' for 'GET' to '/json/version'
18:53:26.646 [AsyncHttpClient-1-3] DEBUG org.asynchttpclient.netty.handler.HttpHandler - 

Request DefaultFullHttpRequest(decodeResult: success, version: HTTP/1.1, content: EmptyByteBufBE)
GET /json/version HTTP/1.1
User-Agent: selenium/4.8.1 (java windows)
host: localhost:59207
accept: */*

Response DefaultHttpResponse(decodeResult: success, version: HTTP/1.1)
HTTP/1.1 200 OK
Content-Security-Policy: frame-ancestors 'none'
Content-Length: 424
Content-Type: application/json; charset=UTF-8

18:53:26.646 [AsyncHttpClient-1-3] DEBUG org.asynchttpclient.netty.channel.ChannelManager - Adding key: http://localhost:59207 for channel [id: 0x6de5c009, L:/127.0.0.1:59213 - R:localhost/127.0.0.1:59207]
18:53:26.654 [AsyncHttpClient-1-4] DEBUG org.asynchttpclient.netty.channel.NettyConnectListener - Using new Channel '[id: 0x1c6b7c1e, L:/127.0.0.1:59214 - R:localhost/127.0.0.1:59207]' for 'GET' to '/devtools/browser/1e1cc281-f471-4617-85b9-b1923ab593e7'
18:53:26.655 [AsyncHttpClient-1-4] DEBUG org.asynchttpclient.netty.handler.WebSocketHandler - 

Request DefaultFullHttpRequest(decodeResult: success, version: HTTP/1.1, content: EmptyByteBufBE)
GET /devtools/browser/1e1cc281-f471-4617-85b9-b1923ab593e7 HTTP/1.1
upgrade: websocket
connection: upgrade
sec-websocket-key: +6RcPN8ZiPLC/rXeFQGfpQ==
sec-websocket-version: 13
origin: http://localhost:59207
host: localhost:59207
accept: */*
user-agent: AHC/2.1

Response DefaultHttpResponse(decodeResult: success, version: HTTP/1.1)
HTTP/1.1 101 WebSocket Protocol Handshake
Upgrade: WebSocket
Connection: Upgrade
Sec-WebSocket-Accept: ohPXcAv2DU9/wz3w0M0mhTIcrKU=

18:53:26.661 [Forwarding get on session 4b4c7934f740b6e207e93de370c9f093 to remote] DEBUG org.asynchttpclient.netty.request.NettyRequestSender - Using pooled Channel '[id: 0x629e6138, L:/127.0.0.1:59206 - R:localhost/127.0.0.1:47913]' for 'POST' to 'http://localhost:47913/session/4b4c7934f740b6e207e93de370c9f093/url'
18:53:26.661 [Forwarding get on session 4b4c7934f740b6e207e93de370c9f093 to remote] DEBUG org.asynchttpclient.netty.request.NettyRequestSender - Using open Channel [id: 0x629e6138, L:/127.0.0.1:59206 - R:localhost/127.0.0.1:47913] for POST '/session/4b4c7934f740b6e207e93de370c9f093/url'
18:53:26.663 [AsyncHttpClient-1-1] DEBUG org.asynchttpclient.netty.channel.DefaultChannelPool - Entry count for : http://localhost:59207 : 1
18:53:27.772 [AsyncHttpClient-1-1] DEBUG org.asynchttpclient.netty.channel.DefaultChannelPool - Entry count for : http://localhost:59207 : 1
18:53:27.871 [AsyncHttpClient-1-2] DEBUG org.asynchttpclient.netty.handler.HttpHandler - 

Request DefaultHttpRequest(decodeResult: success, version: HTTP/1.1)
POST /session/4b4c7934f740b6e207e93de370c9f093/url HTTP/1.1
User-Agent: selenium/4.8.1 (java windows)
Content-Length: 74
Content-Type: application/json; charset=utf-8
host: localhost:47913
accept: */*

Response DefaultHttpResponse(decodeResult: success, version: HTTP/1.1)
HTTP/1.1 200 OK
Content-Length: 14
Content-Type: application/json; charset=utf-8
cache-control: no-cache

18:53:27.871 [AsyncHttpClient-1-2] DEBUG org.asynchttpclient.netty.channel.ChannelManager - Adding key: http://localhost:47913 for channel [id: 0x629e6138, L:/127.0.0.1:59206 - R:localhost/127.0.0.1:47913]
18:53:27.876 [Forwarding setTimeout on session 4b4c7934f740b6e207e93de370c9f093 to remote] DEBUG org.asynchttpclient.netty.request.NettyRequestSender - Using pooled Channel '[id: 0x629e6138, L:/127.0.0.1:59206 - R:localhost/127.0.0.1:47913]' for 'POST' to 'http://localhost:47913/session/4b4c7934f740b6e207e93de370c9f093/timeouts'
18:53:27.876 [Forwarding setTimeout on session 4b4c7934f740b6e207e93de370c9f093 to remote] DEBUG org.asynchttpclient.netty.request.NettyRequestSender - Using open Channel [id: 0x629e6138, L:/127.0.0.1:59206 - R:localhost/127.0.0.1:47913] for POST '/session/4b4c7934f740b6e207e93de370c9f093/timeouts'
18:53:27.878 [AsyncHttpClient-1-2] DEBUG org.asynchttpclient.netty.handler.HttpHandler - 

Request DefaultHttpRequest(decodeResult: success, version: HTTP/1.1)
POST /session/4b4c7934f740b6e207e93de370c9f093/timeouts HTTP/1.1
User-Agent: selenium/4.8.1 (java windows)
Content-Length: 22
Content-Type: application/json; charset=utf-8
host: localhost:47913
accept: */*

Response DefaultHttpResponse(decodeResult: success, version: HTTP/1.1)
HTTP/1.1 200 OK
Content-Length: 14
Content-Type: application/json; charset=utf-8
cache-control: no-cache

18:53:27.878 [AsyncHttpClient-1-2] DEBUG org.asynchttpclient.netty.channel.ChannelManager - Adding key: http://localhost:47913 for channel [id: 0x629e6138, L:/127.0.0.1:59206 - R:localhost/127.0.0.1:47913]
18:53:27.884 [Forwarding getAlertText on session 4b4c7934f740b6e207e93de370c9f093 to remote] DEBUG org.asynchttpclient.netty.request.NettyRequestSender - Using pooled Channel '[id: 0x629e6138, L:/127.0.0.1:59206 - R:localhost/127.0.0.1:47913]' for 'GET' to 'http://localhost:47913/session/4b4c7934f740b6e207e93de370c9f093/alert/text'
18:53:27.884 [Forwarding getAlertText on session 4b4c7934f740b6e207e93de370c9f093 to remote] DEBUG org.asynchttpclient.netty.request.NettyRequestSender - Using open Channel [id: 0x629e6138, L:/127.0.0.1:59206 - R:localhost/127.0.0.1:47913] for GET '/session/4b4c7934f740b6e207e93de370c9f093/alert/text'
18:53:27.886 [AsyncHttpClient-1-2] DEBUG org.asynchttpclient.netty.handler.HttpHandler - 

Request DefaultFullHttpRequest(decodeResult: success, version: HTTP/1.1, content: EmptyByteBufBE)
GET /session/4b4c7934f740b6e207e93de370c9f093/alert/text HTTP/1.1
User-Agent: selenium/4.8.1 (java windows)
Cache-Control: no-cache
Content-Type: application/json; charset=utf-8
host: localhost:47913
accept: */*

Response DefaultHttpResponse(decodeResult: success, version: HTTP/1.1)
HTTP/1.1 404 Not Found
Content-Length: 809
Content-Type: application/json; charset=utf-8
cache-control: no-cache

18:53:27.886 [AsyncHttpClient-1-2] DEBUG org.asynchttpclient.netty.channel.ChannelManager - Adding key: http://localhost:47913 for channel [id: 0x629e6138, L:/127.0.0.1:59206 - R:localhost/127.0.0.1:47913]
18:53:27.887 [Forwarding getCurrentUrl on session 4b4c7934f740b6e207e93de370c9f093 to remote] DEBUG org.asynchttpclient.netty.request.NettyRequestSender - Using pooled Channel '[id: 0x629e6138, L:/127.0.0.1:59206 - R:localhost/127.0.0.1:47913]' for 'GET' to 'http://localhost:47913/session/4b4c7934f740b6e207e93de370c9f093/url'
18:53:27.887 [Forwarding getCurrentUrl on session 4b4c7934f740b6e207e93de370c9f093 to remote] DEBUG org.asynchttpclient.netty.request.NettyRequestSender - Using open Channel [id: 0x629e6138, L:/127.0.0.1:59206 - R:localhost/127.0.0.1:47913] for GET '/session/4b4c7934f740b6e207e93de370c9f093/url'
18:53:27.892 [AsyncHttpClient-1-2] DEBUG org.asynchttpclient.netty.handler.HttpHandler - 

Request DefaultFullHttpRequest(decodeResult: success, version: HTTP/1.1, content: EmptyByteBufBE)
GET /session/4b4c7934f740b6e207e93de370c9f093/url HTTP/1.1
User-Agent: selenium/4.8.1 (java windows)
Cache-Control: no-cache
Content-Type: application/json; charset=utf-8
host: localhost:47913
accept: */*

Response DefaultHttpResponse(decodeResult: success, version: HTTP/1.1)
HTTP/1.1 200 OK
Content-Length: 51
Content-Type: application/json; charset=utf-8
cache-control: no-cache

18:53:27.892 [AsyncHttpClient-1-2] DEBUG org.asynchttpclient.netty.channel.ChannelManager - Adding key: http://localhost:47913 for channel [id: 0x629e6138, L:/127.0.0.1:59206 - R:localhost/127.0.0.1:47913]
18:53:27.893 [Forwarding screenshot on session 4b4c7934f740b6e207e93de370c9f093 to remote] DEBUG org.asynchttpclient.netty.request.NettyRequestSender - Using pooled Channel '[id: 0x629e6138, L:/127.0.0.1:59206 - R:localhost/127.0.0.1:47913]' for 'GET' to 'http://localhost:47913/session/4b4c7934f740b6e207e93de370c9f093/screenshot'
18:53:27.893 [Forwarding screenshot on session 4b4c7934f740b6e207e93de370c9f093 to remote] DEBUG org.asynchttpclient.netty.request.NettyRequestSender - Using open Channel [id: 0x629e6138, L:/127.0.0.1:59206 - R:localhost/127.0.0.1:47913] for GET '/session/4b4c7934f740b6e207e93de370c9f093/screenshot'
18:53:28.113 [AsyncHttpClient-1-2] DEBUG org.asynchttpclient.netty.handler.HttpHandler - 

Request DefaultFullHttpRequest(decodeResult: success, version: HTTP/1.1, content: EmptyByteBufBE)
GET /session/4b4c7934f740b6e207e93de370c9f093/screenshot HTTP/1.1
User-Agent: selenium/4.8.1 (java windows)
Cache-Control: no-cache
Content-Type: application/json; charset=utf-8
host: localhost:47913
accept: */*

Response DefaultHttpResponse(decodeResult: success, version: HTTP/1.1)
HTTP/1.1 200 OK
Content-Length: 37716
Content-Type: application/json; charset=utf-8
cache-control: no-cache

18:53:28.114 [AsyncHttpClient-1-2] DEBUG org.asynchttpclient.netty.channel.ChannelManager - Adding key: http://localhost:47913 for channel [id: 0x629e6138, L:/127.0.0.1:59206 - R:localhost/127.0.0.1:47913]
18:53:28.119 [main] DEBUG net.serenitybdd.core.photography.Darkroom - Send negative for processing for target\site\serenity\33332457f5fcf49f454ccd10d3fe1f87607ab26fa20055fdbcc9b0598dc64b75.png
18:53:28.120 [Forwarding getPageSource on session 4b4c7934f740b6e207e93de370c9f093 to remote] DEBUG org.asynchttpclient.netty.request.NettyRequestSender - Using pooled Channel '[id: 0x629e6138, L:/127.0.0.1:59206 - R:localhost/127.0.0.1:47913]' for 'POST' to 'http://localhost:47913/session/4b4c7934f740b6e207e93de370c9f093/execute/sync'
18:53:28.120 [Forwarding getPageSource on session 4b4c7934f740b6e207e93de370c9f093 to remote] DEBUG org.asynchttpclient.netty.request.NettyRequestSender - Using open Channel [id: 0x629e6138, L:/127.0.0.1:59206 - R:localhost/127.0.0.1:47913] for POST '/session/4b4c7934f740b6e207e93de370c9f093/execute/sync'
18:53:28.126 [AsyncHttpClient-1-2] DEBUG org.asynchttpclient.netty.handler.HttpHandler - 

Request DefaultHttpRequest(decodeResult: success, version: HTTP/1.1)
POST /session/4b4c7934f740b6e207e93de370c9f093/execute/sync HTTP/1.1
User-Agent: selenium/4.8.1 (java windows)
Content-Length: 176
Content-Type: application/json; charset=utf-8
host: localhost:47913
accept: */*

Response DefaultHttpResponse(decodeResult: success, version: HTTP/1.1)
HTTP/1.1 200 OK
Content-Length: 21659
Content-Type: application/json; charset=utf-8
cache-control: no-cache

18:53:28.126 [AsyncHttpClient-1-2] DEBUG org.asynchttpclient.netty.channel.ChannelManager - Adding key: http://localhost:47913 for channel [id: 0x629e6138, L:/127.0.0.1:59206 - R:localhost/127.0.0.1:47913]
18:53:28.129 [Forwarding getCurrentUrl on session 4b4c7934f740b6e207e93de370c9f093 to remote] DEBUG org.asynchttpclient.netty.request.NettyRequestSender - Using pooled Channel '[id: 0x629e6138, L:/127.0.0.1:59206 - R:localhost/127.0.0.1:47913]' for 'GET' to 'http://localhost:47913/session/4b4c7934f740b6e207e93de370c9f093/url'
18:53:28.129 [Forwarding getCurrentUrl on session 4b4c7934f740b6e207e93de370c9f093 to remote] DEBUG org.asynchttpclient.netty.request.NettyRequestSender - Using open Channel [id: 0x629e6138, L:/127.0.0.1:59206 - R:localhost/127.0.0.1:47913] for GET '/session/4b4c7934f740b6e207e93de370c9f093/url'
18:53:28.134 [AsyncHttpClient-1-2] DEBUG org.asynchttpclient.netty.handler.HttpHandler - 

Request DefaultFullHttpRequest(decodeResult: success, version: HTTP/1.1, content: EmptyByteBufBE)
GET /session/4b4c7934f740b6e207e93de370c9f093/url HTTP/1.1
User-Agent: selenium/4.8.1 (java windows)
Cache-Control: no-cache
Content-Type: application/json; charset=utf-8
host: localhost:47913
accept: */*

Response DefaultHttpResponse(decodeResult: success, version: HTTP/1.1)
HTTP/1.1 200 OK
Content-Length: 51
Content-Type: application/json; charset=utf-8
cache-control: no-cache

18:53:28.134 [AsyncHttpClient-1-2] DEBUG org.asynchttpclient.netty.channel.ChannelManager - Adding key: http://localhost:47913 for channel [id: 0x629e6138, L:/127.0.0.1:59206 - R:localhost/127.0.0.1:47913]
18:53:28.136 [main] DEBUG net.thucydides.core.steps.StepInterceptor - STARTING STEP: TransactionSteps.onLoginPage - validateOnLoginPage
18:53:28.138 [Forwarding findElement on session 4b4c7934f740b6e207e93de370c9f093 to remote] DEBUG org.asynchttpclient.netty.request.NettyRequestSender - Using pooled Channel '[id: 0x629e6138, L:/127.0.0.1:59206 - R:localhost/127.0.0.1:47913]' for 'POST' to 'http://localhost:47913/session/4b4c7934f740b6e207e93de370c9f093/element'
18:53:28.138 [Forwarding findElement on session 4b4c7934f740b6e207e93de370c9f093 to remote] DEBUG org.asynchttpclient.netty.request.NettyRequestSender - Using open Channel [id: 0x629e6138, L:/127.0.0.1:59206 - R:localhost/127.0.0.1:47913] for POST '/session/4b4c7934f740b6e207e93de370c9f093/element'
18:53:28.152 [AsyncHttpClient-1-2] DEBUG org.asynchttpclient.netty.handler.HttpHandler - 

Request DefaultHttpRequest(decodeResult: success, version: HTTP/1.1)
POST /session/4b4c7934f740b6e207e93de370c9f093/element HTTP/1.1
User-Agent: selenium/4.8.1 (java windows)
Content-Length: 141
Content-Type: application/json; charset=utf-8
host: localhost:47913
accept: */*

Response DefaultHttpResponse(decodeResult: success, version: HTTP/1.1)
HTTP/1.1 200 OK
Content-Length: 88
Content-Type: application/json; charset=utf-8
cache-control: no-cache

18:53:28.152 [AsyncHttpClient-1-2] DEBUG org.asynchttpclient.netty.channel.ChannelManager - Adding key: http://localhost:47913 for channel [id: 0x629e6138, L:/127.0.0.1:59206 - R:localhost/127.0.0.1:47913]
18:53:28.154 [Forwarding isElementDisplayed on session 4b4c7934f740b6e207e93de370c9f093 to remote] DEBUG org.asynchttpclient.netty.request.NettyRequestSender - Using pooled Channel '[id: 0x629e6138, L:/127.0.0.1:59206 - R:localhost/127.0.0.1:47913]' for 'POST' to 'http://localhost:47913/session/4b4c7934f740b6e207e93de370c9f093/execute/sync'
18:53:28.154 [Forwarding isElementDisplayed on session 4b4c7934f740b6e207e93de370c9f093 to remote] DEBUG org.asynchttpclient.netty.request.NettyRequestSender - Using open Channel [id: 0x629e6138, L:/127.0.0.1:59206 - R:localhost/127.0.0.1:47913] for POST '/session/4b4c7934f740b6e207e93de370c9f093/execute/sync'
18:53:28.170 [AsyncHttpClient-1-2] DEBUG org.asynchttpclient.netty.handler.HttpHandler - 

Request DefaultHttpRequest(decodeResult: success, version: HTTP/1.1)
POST /session/4b4c7934f740b6e207e93de370c9f093/execute/sync HTTP/1.1
User-Agent: selenium/4.8.1 (java windows)
Content-Length: 48807
Content-Type: application/json; charset=utf-8
host: localhost:47913
accept: */*

Response DefaultHttpResponse(decodeResult: success, version: HTTP/1.1)
HTTP/1.1 200 OK
Content-Length: 14
Content-Type: application/json; charset=utf-8
cache-control: no-cache

18:53:28.170 [AsyncHttpClient-1-2] DEBUG org.asynchttpclient.netty.channel.ChannelManager - Adding key: http://localhost:47913 for channel [id: 0x629e6138, L:/127.0.0.1:59206 - R:localhost/127.0.0.1:47913]
18:53:28.174 [Forwarding getAlertText on session 4b4c7934f740b6e207e93de370c9f093 to remote] DEBUG org.asynchttpclient.netty.request.NettyRequestSender - Using pooled Channel '[id: 0x629e6138, L:/127.0.0.1:59206 - R:localhost/127.0.0.1:47913]' for 'GET' to 'http://localhost:47913/session/4b4c7934f740b6e207e93de370c9f093/alert/text'
18:53:28.174 [Forwarding getAlertText on session 4b4c7934f740b6e207e93de370c9f093 to remote] DEBUG org.asynchttpclient.netty.request.NettyRequestSender - Using open Channel [id: 0x629e6138, L:/127.0.0.1:59206 - R:localhost/127.0.0.1:47913] for GET '/session/4b4c7934f740b6e207e93de370c9f093/alert/text'
18:53:28.175 [AsyncHttpClient-1-2] DEBUG org.asynchttpclient.netty.handler.HttpHandler - 

Request DefaultFullHttpRequest(decodeResult: success, version: HTTP/1.1, content: EmptyByteBufBE)
GET /session/4b4c7934f740b6e207e93de370c9f093/alert/text HTTP/1.1
User-Agent: selenium/4.8.1 (java windows)
Cache-Control: no-cache
Content-Type: application/json; charset=utf-8
host: localhost:47913
accept: */*

Response DefaultHttpResponse(decodeResult: success, version: HTTP/1.1)
HTTP/1.1 404 Not Found
Content-Length: 809
Content-Type: application/json; charset=utf-8
cache-control: no-cache

18:53:28.175 [AsyncHttpClient-1-2] DEBUG org.asynchttpclient.netty.channel.ChannelManager - Adding key: http://localhost:47913 for channel [id: 0x629e6138, L:/127.0.0.1:59206 - R:localhost/127.0.0.1:47913]
18:53:28.176 [Forwarding getCurrentUrl on session 4b4c7934f740b6e207e93de370c9f093 to remote] DEBUG org.asynchttpclient.netty.request.NettyRequestSender - Using pooled Channel '[id: 0x629e6138, L:/127.0.0.1:59206 - R:localhost/127.0.0.1:47913]' for 'GET' to 'http://localhost:47913/session/4b4c7934f740b6e207e93de370c9f093/url'
18:53:28.176 [Forwarding getCurrentUrl on session 4b4c7934f740b6e207e93de370c9f093 to remote] DEBUG org.asynchttpclient.netty.request.NettyRequestSender - Using open Channel [id: 0x629e6138, L:/127.0.0.1:59206 - R:localhost/127.0.0.1:47913] for GET '/session/4b4c7934f740b6e207e93de370c9f093/url'
18:53:28.183 [AsyncHttpClient-1-2] DEBUG org.asynchttpclient.netty.handler.HttpHandler - 

Request DefaultFullHttpRequest(decodeResult: success, version: HTTP/1.1, content: EmptyByteBufBE)
GET /session/4b4c7934f740b6e207e93de370c9f093/url HTTP/1.1
User-Agent: selenium/4.8.1 (java windows)
Cache-Control: no-cache
Content-Type: application/json; charset=utf-8
host: localhost:47913
accept: */*

Response DefaultHttpResponse(decodeResult: success, version: HTTP/1.1)
HTTP/1.1 200 OK
Content-Length: 51
Content-Type: application/json; charset=utf-8
cache-control: no-cache

18:53:28.183 [AsyncHttpClient-1-2] DEBUG org.asynchttpclient.netty.channel.ChannelManager - Adding key: http://localhost:47913 for channel [id: 0x629e6138, L:/127.0.0.1:59206 - R:localhost/127.0.0.1:47913]
18:53:28.183 [Forwarding screenshot on session 4b4c7934f740b6e207e93de370c9f093 to remote] DEBUG org.asynchttpclient.netty.request.NettyRequestSender - Using pooled Channel '[id: 0x629e6138, L:/127.0.0.1:59206 - R:localhost/127.0.0.1:47913]' for 'GET' to 'http://localhost:47913/session/4b4c7934f740b6e207e93de370c9f093/screenshot'
18:53:28.183 [Forwarding screenshot on session 4b4c7934f740b6e207e93de370c9f093 to remote] DEBUG org.asynchttpclient.netty.request.NettyRequestSender - Using open Channel [id: 0x629e6138, L:/127.0.0.1:59206 - R:localhost/127.0.0.1:47913] for GET '/session/4b4c7934f740b6e207e93de370c9f093/screenshot'
18:53:28.358 [AsyncHttpClient-1-2] DEBUG org.asynchttpclient.netty.handler.HttpHandler - 

Request DefaultFullHttpRequest(decodeResult: success, version: HTTP/1.1, content: EmptyByteBufBE)
GET /session/4b4c7934f740b6e207e93de370c9f093/screenshot HTTP/1.1
User-Agent: selenium/4.8.1 (java windows)
Cache-Control: no-cache
Content-Type: application/json; charset=utf-8
host: localhost:47913
accept: */*

Response DefaultHttpResponse(decodeResult: success, version: HTTP/1.1)
HTTP/1.1 200 OK
Content-Length: 37716
Content-Type: application/json; charset=utf-8
cache-control: no-cache

18:53:28.358 [AsyncHttpClient-1-2] DEBUG org.asynchttpclient.netty.channel.ChannelManager - Adding key: http://localhost:47913 for channel [id: 0x629e6138, L:/127.0.0.1:59206 - R:localhost/127.0.0.1:47913]
18:53:28.360 [main] DEBUG net.serenitybdd.core.photography.Darkroom - Send negative for processing for target\site\serenity\33332457f5fcf49f454ccd10d3fe1f87607ab26fa20055fdbcc9b0598dc64b75.png
18:53:28.360 [main] DEBUG net.thucydides.core.steps.StepInterceptor - STEP DONE: validateOnLoginPage
  &amp#27;[32mGiven &amp#27;[0m&amp#27;[32mI am on the login page1&amp#27;[0m                                             &amp#27;[90m# starter.stepdefinitions.TransactionSteps.onLoginPage()&amp#27;[0m
18:53:28.368 [Forwarding getPageSource on session 4b4c7934f740b6e207e93de370c9f093 to remote] DEBUG org.asynchttpclient.netty.request.NettyRequestSender - Using pooled Channel '[id: 0x629e6138, L:/127.0.0.1:59206 - R:localhost/127.0.0.1:47913]' for 'POST' to 'http://localhost:47913/session/4b4c7934f740b6e207e93de370c9f093/execute/sync'
18:53:28.368 [Forwarding getPageSource on session 4b4c7934f740b6e207e93de370c9f093 to remote] DEBUG org.asynchttpclient.netty.request.NettyRequestSender - Using open Channel [id: 0x629e6138, L:/127.0.0.1:59206 - R:localhost/127.0.0.1:47913] for POST '/session/4b4c7934f740b6e207e93de370c9f093/execute/sync'
18:53:28.374 [AsyncHttpClient-1-2] DEBUG org.asynchttpclient.netty.handler.HttpHandler - 

Request DefaultHttpRequest(decodeResult: success, version: HTTP/1.1)
POST /session/4b4c7934f740b6e207e93de370c9f093/execute/sync HTTP/1.1
User-Agent: selenium/4.8.1 (java windows)
Content-Length: 176
Content-Type: application/json; charset=utf-8
host: localhost:47913
accept: */*

Response DefaultHttpResponse(decodeResult: success, version: HTTP/1.1)
HTTP/1.1 200 OK
Content-Length: 21659
Content-Type: application/json; charset=utf-8
cache-control: no-cache

18:53:28.374 [AsyncHttpClient-1-2] DEBUG org.asynchttpclient.netty.channel.ChannelManager - Adding key: http://localhost:47913 for channel [id: 0x629e6138, L:/127.0.0.1:59206 - R:localhost/127.0.0.1:47913]
18:53:28.375 [Forwarding getCurrentUrl on session 4b4c7934f740b6e207e93de370c9f093 to remote] DEBUG org.asynchttpclient.netty.request.NettyRequestSender - Using pooled Channel '[id: 0x629e6138, L:/127.0.0.1:59206 - R:localhost/127.0.0.1:47913]' for 'GET' to 'http://localhost:47913/session/4b4c7934f740b6e207e93de370c9f093/url'
18:53:28.375 [Forwarding getCurrentUrl on session 4b4c7934f740b6e207e93de370c9f093 to remote] DEBUG org.asynchttpclient.netty.request.NettyRequestSender - Using open Channel [id: 0x629e6138, L:/127.0.0.1:59206 - R:localhost/127.0.0.1:47913] for GET '/session/4b4c7934f740b6e207e93de370c9f093/url'
18:53:28.379 [AsyncHttpClient-1-2] DEBUG org.asynchttpclient.netty.handler.HttpHandler - 

Request DefaultFullHttpRequest(decodeResult: success, version: HTTP/1.1, content: EmptyByteBufBE)
GET /session/4b4c7934f740b6e207e93de370c9f093/url HTTP/1.1
User-Agent: selenium/4.8.1 (java windows)
Cache-Control: no-cache
Content-Type: application/json; charset=utf-8
host: localhost:47913
accept: */*

Response DefaultHttpResponse(decodeResult: success, version: HTTP/1.1)
HTTP/1.1 200 OK
Content-Length: 51
Content-Type: application/json; charset=utf-8
cache-control: no-cache

18:53:28.379 [AsyncHttpClient-1-2] DEBUG org.asynchttpclient.netty.channel.ChannelManager - Adding key: http://localhost:47913 for channel [id: 0x629e6138, L:/127.0.0.1:59206 - R:localhost/127.0.0.1:47913]
18:53:28.387 [Forwarding getPageSource on session 4b4c7934f740b6e207e93de370c9f093 to remote] DEBUG org.asynchttpclient.netty.request.NettyRequestSender - Using pooled Channel '[id: 0x629e6138, L:/127.0.0.1:59206 - R:localhost/127.0.0.1:47913]' for 'POST' to 'http://localhost:47913/session/4b4c7934f740b6e207e93de370c9f093/execute/sync'
18:53:28.387 [Forwarding getPageSource on session 4b4c7934f740b6e207e93de370c9f093 to remote] DEBUG org.asynchttpclient.netty.request.NettyRequestSender - Using open Channel [id: 0x629e6138, L:/127.0.0.1:59206 - R:localhost/127.0.0.1:47913] for POST '/session/4b4c7934f740b6e207e93de370c9f093/execute/sync'
18:53:28.395 [AsyncHttpClient-1-2] DEBUG org.asynchttpclient.netty.handler.HttpHandler - 

Request DefaultHttpRequest(decodeResult: success, version: HTTP/1.1)
POST /session/4b4c7934f740b6e207e93de370c9f093/execute/sync HTTP/1.1
User-Agent: selenium/4.8.1 (java windows)
Content-Length: 176
Content-Type: application/json; charset=utf-8
host: localhost:47913
accept: */*

Response DefaultHttpResponse(decodeResult: success, version: HTTP/1.1)
HTTP/1.1 200 OK
Content-Length: 21659
Content-Type: application/json; charset=utf-8
cache-control: no-cache

18:53:28.395 [AsyncHttpClient-1-2] DEBUG org.asynchttpclient.netty.channel.ChannelManager - Adding key: http://localhost:47913 for channel [id: 0x629e6138, L:/127.0.0.1:59206 - R:localhost/127.0.0.1:47913]
18:53:28.398 [Forwarding getCurrentUrl on session 4b4c7934f740b6e207e93de370c9f093 to remote] DEBUG org.asynchttpclient.netty.request.NettyRequestSender - Using pooled Channel '[id: 0x629e6138, L:/127.0.0.1:59206 - R:localhost/127.0.0.1:47913]' for 'GET' to 'http://localhost:47913/session/4b4c7934f740b6e207e93de370c9f093/url'
18:53:28.398 [Forwarding getCurrentUrl on session 4b4c7934f740b6e207e93de370c9f093 to remote] DEBUG org.asynchttpclient.netty.request.NettyRequestSender - Using open Channel [id: 0x629e6138, L:/127.0.0.1:59206 - R:localhost/127.0.0.1:47913] for GET '/session/4b4c7934f740b6e207e93de370c9f093/url'
18:53:28.403 [AsyncHttpClient-1-2] DEBUG org.asynchttpclient.netty.handler.HttpHandler - 

Request DefaultFullHttpRequest(decodeResult: success, version: HTTP/1.1, content: EmptyByteBufBE)
GET /session/4b4c7934f740b6e207e93de370c9f093/url HTTP/1.1
User-Agent: selenium/4.8.1 (java windows)
Cache-Control: no-cache
Content-Type: application/json; charset=utf-8
host: localhost:47913
accept: */*

Response DefaultHttpResponse(decodeResult: success, version: HTTP/1.1)
HTTP/1.1 200 OK
Content-Length: 51
Content-Type: application/json; charset=utf-8
cache-control: no-cache

18:53:28.403 [AsyncHttpClient-1-2] DEBUG org.asynchttpclient.netty.channel.ChannelManager - Adding key: http://localhost:47913 for channel [id: 0x629e6138, L:/127.0.0.1:59206 - R:localhost/127.0.0.1:47913]
18:53:28.405 [main] DEBUG net.thucydides.core.steps.StepInterceptor - STARTING STEP: TransactionSteps.enterEmailOnLogin - inputEmail
18:53:28.407 [Forwarding findElement on session 4b4c7934f740b6e207e93de370c9f093 to remote] DEBUG org.asynchttpclient.netty.request.NettyRequestSender - Using pooled Channel '[id: 0x629e6138, L:/127.0.0.1:59206 - R:localhost/127.0.0.1:47913]' for 'POST' to 'http://localhost:47913/session/4b4c7934f740b6e207e93de370c9f093/element'
18:53:28.407 [Forwarding findElement on session 4b4c7934f740b6e207e93de370c9f093 to remote] DEBUG org.asynchttpclient.netty.request.NettyRequestSender - Using open Channel [id: 0x629e6138, L:/127.0.0.1:59206 - R:localhost/127.0.0.1:47913] for POST '/session/4b4c7934f740b6e207e93de370c9f093/element'
18:53:28.424 [AsyncHttpClient-1-2] DEBUG org.asynchttpclient.netty.handler.HttpHandler - 

Request DefaultHttpRequest(decodeResult: success, version: HTTP/1.1)
POST /session/4b4c7934f740b6e207e93de370c9f093/element HTTP/1.1
User-Agent: selenium/4.8.1 (java windows)
Content-Length: 70
Content-Type: application/json; charset=utf-8
host: localhost:47913
accept: */*

Response DefaultHttpResponse(decodeResult: success, version: HTTP/1.1)
HTTP/1.1 200 OK
Content-Length: 88
Content-Type: application/json; charset=utf-8
cache-control: no-cache

18:53:28.424 [AsyncHttpClient-1-2] DEBUG org.asynchttpclient.netty.channel.ChannelManager - Adding key: http://localhost:47913 for channel [id: 0x629e6138, L:/127.0.0.1:59206 - R:localhost/127.0.0.1:47913]
18:53:28.425 [Forwarding clearElement on session 4b4c7934f740b6e207e93de370c9f093 to remote] DEBUG org.asynchttpclient.netty.request.NettyRequestSender - Using pooled Channel '[id: 0x629e6138, L:/127.0.0.1:59206 - R:localhost/127.0.0.1:47913]' for 'POST' to 'http://localhost:47913/session/4b4c7934f740b6e207e93de370c9f093/element/6aa4d5e8-add6-417d-9b99-9d1716d665af/clear'
18:53:28.425 [Forwarding clearElement on session 4b4c7934f740b6e207e93de370c9f093 to remote] DEBUG org.asynchttpclient.netty.request.NettyRequestSender - Using open Channel [id: 0x629e6138, L:/127.0.0.1:59206 - R:localhost/127.0.0.1:47913] for POST '/session/4b4c7934f740b6e207e93de370c9f093/element/6aa4d5e8-add6-417d-9b99-9d1716d665af/clear'
18:53:28.529 [AsyncHttpClient-1-2] DEBUG org.asynchttpclient.netty.handler.HttpHandler - 

Request DefaultHttpRequest(decodeResult: success, version: HTTP/1.1)
POST /session/4b4c7934f740b6e207e93de370c9f093/element/6aa4d5e8-add6-417d-9b99-9d1716d665af/clear HTTP/1.1
User-Agent: selenium/4.8.1 (java windows)
Content-Length: 50
Content-Type: application/json; charset=utf-8
host: localhost:47913
accept: */*

Response DefaultHttpResponse(decodeResult: success, version: HTTP/1.1)
HTTP/1.1 200 OK
Content-Length: 14
Content-Type: application/json; charset=utf-8
cache-control: no-cache

18:53:28.529 [AsyncHttpClient-1-2] DEBUG org.asynchttpclient.netty.channel.ChannelManager - Adding key: http://localhost:47913 for channel [id: 0x629e6138, L:/127.0.0.1:59206 - R:localhost/127.0.0.1:47913]
18:53:28.531 [Forwarding sendKeysToElement on session 4b4c7934f740b6e207e93de370c9f093 to remote] DEBUG org.asynchttpclient.netty.request.NettyRequestSender - Using pooled Channel '[id: 0x629e6138, L:/127.0.0.1:59206 - R:localhost/127.0.0.1:47913]' for 'POST' to 'http://localhost:47913/session/4b4c7934f740b6e207e93de370c9f093/element/6aa4d5e8-add6-417d-9b99-9d1716d665af/value'
18:53:28.531 [Forwarding sendKeysToElement on session 4b4c7934f740b6e207e93de370c9f093 to remote] DEBUG org.asynchttpclient.netty.request.NettyRequestSender - Using open Channel [id: 0x629e6138, L:/127.0.0.1:59206 - R:localhost/127.0.0.1:47913] for POST '/session/4b4c7934f740b6e207e93de370c9f093/element/6aa4d5e8-add6-417d-9b99-9d1716d665af/value'
18:53:28.699 [AsyncHttpClient-1-2] DEBUG org.asynchttpclient.netty.handler.HttpHandler - 

Request DefaultHttpRequest(decodeResult: success, version: HTTP/1.1)
POST /session/4b4c7934f740b6e207e93de370c9f093/element/6aa4d5e8-add6-417d-9b99-9d1716d665af/value HTTP/1.1
User-Agent: selenium/4.8.1 (java windows)
Content-Length: 321
Content-Type: application/json; charset=utf-8
host: localhost:47913
accept: */*

Response DefaultHttpResponse(decodeResult: success, version: HTTP/1.1)
HTTP/1.1 200 OK
Content-Length: 14
Content-Type: application/json; charset=utf-8
cache-control: no-cache

18:53:28.699 [AsyncHttpClient-1-2] DEBUG org.asynchttpclient.netty.channel.ChannelManager - Adding key: http://localhost:47913 for channel [id: 0x629e6138, L:/127.0.0.1:59206 - R:localhost/127.0.0.1:47913]
18:53:28.705 [Forwarding getAlertText on session 4b4c7934f740b6e207e93de370c9f093 to remote] DEBUG org.asynchttpclient.netty.request.NettyRequestSender - Using pooled Channel '[id: 0x629e6138, L:/127.0.0.1:59206 - R:localhost/127.0.0.1:47913]' for 'GET' to 'http://localhost:47913/session/4b4c7934f740b6e207e93de370c9f093/alert/text'
18:53:28.705 [Forwarding getAlertText on session 4b4c7934f740b6e207e93de370c9f093 to remote] DEBUG org.asynchttpclient.netty.request.NettyRequestSender - Using open Channel [id: 0x629e6138, L:/127.0.0.1:59206 - R:localhost/127.0.0.1:47913] for GET '/session/4b4c7934f740b6e207e93de370c9f093/alert/text'
18:53:28.707 [AsyncHttpClient-1-2] DEBUG org.asynchttpclient.netty.handler.HttpHandler - 

Request DefaultFullHttpRequest(decodeResult: success, version: HTTP/1.1, content: EmptyByteBufBE)
GET /session/4b4c7934f740b6e207e93de370c9f093/alert/text HTTP/1.1
User-Agent: selenium/4.8.1 (java windows)
Cache-Control: no-cache
Content-Type: application/json; charset=utf-8
host: localhost:47913
accept: */*

Response DefaultHttpResponse(decodeResult: success, version: HTTP/1.1)
HTTP/1.1 404 Not Found
Content-Length: 809
Content-Type: application/json; charset=utf-8
cache-control: no-cache

18:53:28.707 [AsyncHttpClient-1-2] DEBUG org.asynchttpclient.netty.channel.ChannelManager - Adding key: http://localhost:47913 for channel [id: 0x629e6138, L:/127.0.0.1:59206 - R:localhost/127.0.0.1:47913]
18:53:28.708 [Forwarding getCurrentUrl on session 4b4c7934f740b6e207e93de370c9f093 to remote] DEBUG org.asynchttpclient.netty.request.NettyRequestSender - Using pooled Channel '[id: 0x629e6138, L:/127.0.0.1:59206 - R:localhost/127.0.0.1:47913]' for 'GET' to 'http://localhost:47913/session/4b4c7934f740b6e207e93de370c9f093/url'
18:53:28.708 [Forwarding getCurrentUrl on session 4b4c7934f740b6e207e93de370c9f093 to remote] DEBUG org.asynchttpclient.netty.request.NettyRequestSender - Using open Channel [id: 0x629e6138, L:/127.0.0.1:59206 - R:localhost/127.0.0.1:47913] for GET '/session/4b4c7934f740b6e207e93de370c9f093/url'
18:53:28.716 [AsyncHttpClient-1-2] DEBUG org.asynchttpclient.netty.handler.HttpHandler - 

Request DefaultFullHttpRequest(decodeResult: success, version: HTTP/1.1, content: EmptyByteBufBE)
GET /session/4b4c7934f740b6e207e93de370c9f093/url HTTP/1.1
User-Agent: selenium/4.8.1 (java windows)
Cache-Control: no-cache
Content-Type: application/json; charset=utf-8
host: localhost:47913
accept: */*

Response DefaultHttpResponse(decodeResult: success, version: HTTP/1.1)
HTTP/1.1 200 OK
Content-Length: 51
Content-Type: application/json; charset=utf-8
cache-control: no-cache

18:53:28.716 [AsyncHttpClient-1-2] DEBUG org.asynchttpclient.netty.channel.ChannelManager - Adding key: http://localhost:47913 for channel [id: 0x629e6138, L:/127.0.0.1:59206 - R:localhost/127.0.0.1:47913]
18:53:28.716 [Forwarding screenshot on session 4b4c7934f740b6e207e93de370c9f093 to remote] DEBUG org.asynchttpclient.netty.request.NettyRequestSender - Using pooled Channel '[id: 0x629e6138, L:/127.0.0.1:59206 - R:localhost/127.0.0.1:47913]' for 'GET' to 'http://localhost:47913/session/4b4c7934f740b6e207e93de370c9f093/screenshot'
18:53:28.716 [Forwarding screenshot on session 4b4c7934f740b6e207e93de370c9f093 to remote] DEBUG org.asynchttpclient.netty.request.NettyRequestSender - Using open Channel [id: 0x629e6138, L:/127.0.0.1:59206 - R:localhost/127.0.0.1:47913] for GET '/session/4b4c7934f740b6e207e93de370c9f093/screenshot'
18:53:28.869 [AsyncHttpClient-1-1] DEBUG org.asynchttpclient.netty.channel.DefaultChannelPool - Entry count for : http://localhost:59207 : 1
18:53:28.909 [AsyncHttpClient-1-2] DEBUG org.asynchttpclient.netty.handler.HttpHandler - 

Request DefaultFullHttpRequest(decodeResult: success, version: HTTP/1.1, content: EmptyByteBufBE)
GET /session/4b4c7934f740b6e207e93de370c9f093/screenshot HTTP/1.1
User-Agent: selenium/4.8.1 (java windows)
Cache-Control: no-cache
Content-Type: application/json; charset=utf-8
host: localhost:47913
accept: */*

Response DefaultHttpResponse(decodeResult: success, version: HTTP/1.1)
HTTP/1.1 200 OK
Content-Length: 47452
Content-Type: application/json; charset=utf-8
cache-control: no-cache

18:53:28.910 [AsyncHttpClient-1-2] DEBUG org.asynchttpclient.netty.channel.ChannelManager - Adding key: http://localhost:47913 for channel [id: 0x629e6138, L:/127.0.0.1:59206 - R:localhost/127.0.0.1:47913]
18:53:28.914 [main] DEBUG net.serenitybdd.core.photography.Darkroom - Send negative for processing for target\site\serenity\1c0bab08a9f87b81b400c1d02f53406a1cd9c1c584eae4b94503c7aab0f469bd.png
18:53:28.915 [main] DEBUG net.thucydides.core.steps.StepInterceptor - STEP DONE: inputEmail
  &amp#27;[32mWhen &amp#27;[0m&amp#27;[32mI enter1 email &amp#27;[0m&amp#27;[32m&amp#27;[1m"basmaronanta12@gmail.com"&amp#27;[0m                            &amp#27;[90m# starter.stepdefinitions.TransactionSteps.enterEmailOnLogin(java.lang.String)&amp#27;[0m
18:53:28.924 [Forwarding getPageSource on session 4b4c7934f740b6e207e93de370c9f093 to remote] DEBUG org.asynchttpclient.netty.request.NettyRequestSender - Using pooled Channel '[id: 0x629e6138, L:/127.0.0.1:59206 - R:localhost/127.0.0.1:47913]' for 'POST' to 'http://localhost:47913/session/4b4c7934f740b6e207e93de370c9f093/execute/sync'
18:53:28.924 [Forwarding getPageSource on session 4b4c7934f740b6e207e93de370c9f093 to remote] DEBUG org.asynchttpclient.netty.request.NettyRequestSender - Using open Channel [id: 0x629e6138, L:/127.0.0.1:59206 - R:localhost/127.0.0.1:47913] for POST '/session/4b4c7934f740b6e207e93de370c9f093/execute/sync'
18:53:28.924 [Darkroom Processing Line] DEBUG net.serenitybdd.core.photography.DarkroomProcessingLine - Processing screenshot image in /var/screenshots/screenshot-12789182768008993374
18:53:28.924 [Darkroom Processing Line] DEBUG net.serenitybdd.core.photography.DarkroomProcessingLine - Saving screenshot to target\site\serenity\1c0bab08a9f87b81b400c1d02f53406a1cd9c1c584eae4b94503c7aab0f469bd.png
18:53:28.932 [AsyncHttpClient-1-2] DEBUG org.asynchttpclient.netty.handler.HttpHandler - 

Request DefaultHttpRequest(decodeResult: success, version: HTTP/1.1)
POST /session/4b4c7934f740b6e207e93de370c9f093/execute/sync HTTP/1.1
User-Agent: selenium/4.8.1 (java windows)
Content-Length: 176
Content-Type: application/json; charset=utf-8
host: localhost:47913
accept: */*

Response DefaultHttpResponse(decodeResult: success, version: HTTP/1.1)
HTTP/1.1 200 OK
Content-Length: 21780
Content-Type: application/json; charset=utf-8
cache-control: no-cache

18:53:28.932 [AsyncHttpClient-1-2] DEBUG org.asynchttpclient.netty.channel.ChannelManager - Adding key: http://localhost:47913 for channel [id: 0x629e6138, L:/127.0.0.1:59206 - R:localhost/127.0.0.1:47913]
18:53:28.933 [Forwarding getCurrentUrl on session 4b4c7934f740b6e207e93de370c9f093 to remote] DEBUG org.asynchttpclient.netty.request.NettyRequestSender - Using pooled Channel '[id: 0x629e6138, L:/127.0.0.1:59206 - R:localhost/127.0.0.1:47913]' for 'GET' to 'http://localhost:47913/session/4b4c7934f740b6e207e93de370c9f093/url'
18:53:28.933 [Forwarding getCurrentUrl on session 4b4c7934f740b6e207e93de370c9f093 to remote] DEBUG org.asynchttpclient.netty.request.NettyRequestSender - Using open Channel [id: 0x629e6138, L:/127.0.0.1:59206 - R:localhost/127.0.0.1:47913] for GET '/session/4b4c7934f740b6e207e93de370c9f093/url'
18:53:28.936 [AsyncHttpClient-1-2] DEBUG org.asynchttpclient.netty.handler.HttpHandler - 

Request DefaultFullHttpRequest(decodeResult: success, version: HTTP/1.1, content: EmptyByteBufBE)
GET /session/4b4c7934f740b6e207e93de370c9f093/url HTTP/1.1
User-Agent: selenium/4.8.1 (java windows)
Cache-Control: no-cache
Content-Type: application/json; charset=utf-8
host: localhost:47913
accept: */*

Response DefaultHttpResponse(decodeResult: success, version: HTTP/1.1)
HTTP/1.1 200 OK
Content-Length: 51
Content-Type: application/json; charset=utf-8
cache-control: no-cache

18:53:28.937 [AsyncHttpClient-1-2] DEBUG org.asynchttpclient.netty.channel.ChannelManager - Adding key: http://localhost:47913 for channel [id: 0x629e6138, L:/127.0.0.1:59206 - R:localhost/127.0.0.1:47913]
18:53:28.945 [Forwarding getPageSource on session 4b4c7934f740b6e207e93de370c9f093 to remote] DEBUG org.asynchttpclient.netty.request.NettyRequestSender - Using pooled Channel '[id: 0x629e6138, L:/127.0.0.1:59206 - R:localhost/127.0.0.1:47913]' for 'POST' to 'http://localhost:47913/session/4b4c7934f740b6e207e93de370c9f093/execute/sync'
18:53:28.945 [Forwarding getPageSource on session 4b4c7934f740b6e207e93de370c9f093 to remote] DEBUG org.asynchttpclient.netty.request.NettyRequestSender - Using open Channel [id: 0x629e6138, L:/127.0.0.1:59206 - R:localhost/127.0.0.1:47913] for POST '/session/4b4c7934f740b6e207e93de370c9f093/execute/sync'
18:53:28.954 [AsyncHttpClient-1-2] DEBUG org.asynchttpclient.netty.handler.HttpHandler - 

Request DefaultHttpRequest(decodeResult: success, version: HTTP/1.1)
POST /session/4b4c7934f740b6e207e93de370c9f093/execute/sync HTTP/1.1
User-Agent: selenium/4.8.1 (java windows)
Content-Length: 176
Content-Type: application/json; charset=utf-8
host: localhost:47913
accept: */*

Response DefaultHttpResponse(decodeResult: success, version: HTTP/1.1)
HTTP/1.1 200 OK
Content-Length: 21780
Content-Type: application/json; charset=utf-8
cache-control: no-cache

18:53:28.954 [AsyncHttpClient-1-2] DEBUG org.asynchttpclient.netty.channel.ChannelManager - Adding key: http://localhost:47913 for channel [id: 0x629e6138, L:/127.0.0.1:59206 - R:localhost/127.0.0.1:47913]
18:53:28.956 [Forwarding getCurrentUrl on session 4b4c7934f740b6e207e93de370c9f093 to remote] DEBUG org.asynchttpclient.netty.request.NettyRequestSender - Using pooled Channel '[id: 0x629e6138, L:/127.0.0.1:59206 - R:localhost/127.0.0.1:47913]' for 'GET' to 'http://localhost:47913/session/4b4c7934f740b6e207e93de370c9f093/url'
18:53:28.956 [Forwarding getCurrentUrl on session 4b4c7934f740b6e207e93de370c9f093 to remote] DEBUG org.asynchttpclient.netty.request.NettyRequestSender - Using open Channel [id: 0x629e6138, L:/127.0.0.1:59206 - R:localhost/127.0.0.1:47913] for GET '/session/4b4c7934f740b6e207e93de370c9f093/url'
18:53:28.962 [AsyncHttpClient-1-2] DEBUG org.asynchttpclient.netty.handler.HttpHandler - 

Request DefaultFullHttpRequest(decodeResult: success, version: HTTP/1.1, content: EmptyByteBufBE)
GET /session/4b4c7934f740b6e207e93de370c9f093/url HTTP/1.1
User-Agent: selenium/4.8.1 (java windows)
Cache-Control: no-cache
Content-Type: application/json; charset=utf-8
host: localhost:47913
accept: */*

Response DefaultHttpResponse(decodeResult: success, version: HTTP/1.1)
HTTP/1.1 200 OK
Content-Length: 51
Content-Type: application/json; charset=utf-8
cache-control: no-cache

18:53:28.962 [AsyncHttpClient-1-2] DEBUG org.asynchttpclient.netty.channel.ChannelManager - Adding key: http://localhost:47913 for channel [id: 0x629e6138, L:/127.0.0.1:59206 - R:localhost/127.0.0.1:47913]
18:53:28.966 [main] DEBUG net.thucydides.core.steps.StepInterceptor - STARTING STEP: TransactionSteps.enterPasswordOnLogin - inputPassword
18:53:28.969 [Forwarding findElement on session 4b4c7934f740b6e207e93de370c9f093 to remote] DEBUG org.asynchttpclient.netty.request.NettyRequestSender - Using pooled Channel '[id: 0x629e6138, L:/127.0.0.1:59206 - R:localhost/127.0.0.1:47913]' for 'POST' to 'http://localhost:47913/session/4b4c7934f740b6e207e93de370c9f093/element'
18:53:28.969 [Forwarding findElement on session 4b4c7934f740b6e207e93de370c9f093 to remote] DEBUG org.asynchttpclient.netty.request.NettyRequestSender - Using open Channel [id: 0x629e6138, L:/127.0.0.1:59206 - R:localhost/127.0.0.1:47913] for POST '/session/4b4c7934f740b6e207e93de370c9f093/element'
18:53:28.986 [AsyncHttpClient-1-2] DEBUG org.asynchttpclient.netty.handler.HttpHandler - 

Request DefaultHttpRequest(decodeResult: success, version: HTTP/1.1)
POST /session/4b4c7934f740b6e207e93de370c9f093/element HTTP/1.1
User-Agent: selenium/4.8.1 (java windows)
Content-Length: 70
Content-Type: application/json; charset=utf-8
host: localhost:47913
accept: */*

Response DefaultHttpResponse(decodeResult: success, version: HTTP/1.1)
HTTP/1.1 200 OK
Content-Length: 88
Content-Type: application/json; charset=utf-8
cache-control: no-cache

18:53:28.986 [AsyncHttpClient-1-2] DEBUG org.asynchttpclient.netty.channel.ChannelManager - Adding key: http://localhost:47913 for channel [id: 0x629e6138, L:/127.0.0.1:59206 - R:localhost/127.0.0.1:47913]
18:53:28.987 [Forwarding clearElement on session 4b4c7934f740b6e207e93de370c9f093 to remote] DEBUG org.asynchttpclient.netty.request.NettyRequestSender - Using pooled Channel '[id: 0x629e6138, L:/127.0.0.1:59206 - R:localhost/127.0.0.1:47913]' for 'POST' to 'http://localhost:47913/session/4b4c7934f740b6e207e93de370c9f093/element/431696d2-c8fa-4084-bfdd-6624b7bad9ec/clear'
18:53:28.987 [Forwarding clearElement on session 4b4c7934f740b6e207e93de370c9f093 to remote] DEBUG org.asynchttpclient.netty.request.NettyRequestSender - Using open Channel [id: 0x629e6138, L:/127.0.0.1:59206 - R:localhost/127.0.0.1:47913] for POST '/session/4b4c7934f740b6e207e93de370c9f093/element/431696d2-c8fa-4084-bfdd-6624b7bad9ec/clear'
18:53:29.040 [AsyncHttpClient-1-2] DEBUG org.asynchttpclient.netty.handler.HttpHandler - 

Request DefaultHttpRequest(decodeResult: success, version: HTTP/1.1)
POST /session/4b4c7934f740b6e207e93de370c9f093/element/431696d2-c8fa-4084-bfdd-6624b7bad9ec/clear HTTP/1.1
User-Agent: selenium/4.8.1 (java windows)
Content-Length: 50
Content-Type: application/json; charset=utf-8
host: localhost:47913
accept: */*

Response DefaultHttpResponse(decodeResult: success, version: HTTP/1.1)
HTTP/1.1 200 OK
Content-Length: 14
Content-Type: application/json; charset=utf-8
cache-control: no-cache

18:53:29.040 [AsyncHttpClient-1-2] DEBUG org.asynchttpclient.netty.channel.ChannelManager - Adding key: http://localhost:47913 for channel [id: 0x629e6138, L:/127.0.0.1:59206 - R:localhost/127.0.0.1:47913]
18:53:29.042 [Forwarding sendKeysToElement on session 4b4c7934f740b6e207e93de370c9f093 to remote] DEBUG org.asynchttpclient.netty.request.NettyRequestSender - Using pooled Channel '[id: 0x629e6138, L:/127.0.0.1:59206 - R:localhost/127.0.0.1:47913]' for 'POST' to 'http://localhost:47913/session/4b4c7934f740b6e207e93de370c9f093/element/431696d2-c8fa-4084-bfdd-6624b7bad9ec/value'
18:53:29.042 [Forwarding sendKeysToElement on session 4b4c7934f740b6e207e93de370c9f093 to remote] DEBUG org.asynchttpclient.netty.request.NettyRequestSender - Using open Channel [id: 0x629e6138, L:/127.0.0.1:59206 - R:localhost/127.0.0.1:47913] for POST '/session/4b4c7934f740b6e207e93de370c9f093/element/431696d2-c8fa-4084-bfdd-6624b7bad9ec/value'
18:53:29.181 [AsyncHttpClient-1-2] DEBUG org.asynchttpclient.netty.handler.HttpHandler - 

Request DefaultHttpRequest(decodeResult: success, version: HTTP/1.1)
POST /session/4b4c7934f740b6e207e93de370c9f093/element/431696d2-c8fa-4084-bfdd-6624b7bad9ec/value HTTP/1.1
User-Agent: selenium/4.8.1 (java windows)
Content-Length: 191
Content-Type: application/json; charset=utf-8
host: localhost:47913
accept: */*

Response DefaultHttpResponse(decodeResult: success, version: HTTP/1.1)
HTTP/1.1 200 OK
Content-Length: 14
Content-Type: application/json; charset=utf-8
cache-control: no-cache

18:53:29.182 [AsyncHttpClient-1-2] DEBUG org.asynchttpclient.netty.channel.ChannelManager - Adding key: http://localhost:47913 for channel [id: 0x629e6138, L:/127.0.0.1:59206 - R:localhost/127.0.0.1:47913]
18:53:29.208 [Forwarding getAlertText on session 4b4c7934f740b6e207e93de370c9f093 to remote] DEBUG org.asynchttpclient.netty.request.NettyRequestSender - Using pooled Channel '[id: 0x629e6138, L:/127.0.0.1:59206 - R:localhost/127.0.0.1:47913]' for 'GET' to 'http://localhost:47913/session/4b4c7934f740b6e207e93de370c9f093/alert/text'
18:53:29.209 [Forwarding getAlertText on session 4b4c7934f740b6e207e93de370c9f093 to remote] DEBUG org.asynchttpclient.netty.request.NettyRequestSender - Using open Channel [id: 0x629e6138, L:/127.0.0.1:59206 - R:localhost/127.0.0.1:47913] for GET '/session/4b4c7934f740b6e207e93de370c9f093/alert/text'
18:53:29.213 [AsyncHttpClient-1-2] DEBUG org.asynchttpclient.netty.handler.HttpHandler - 

Request DefaultFullHttpRequest(decodeResult: success, version: HTTP/1.1, content: EmptyByteBufBE)
GET /session/4b4c7934f740b6e207e93de370c9f093/alert/text HTTP/1.1
User-Agent: selenium/4.8.1 (java windows)
Cache-Control: no-cache
Content-Type: application/json; charset=utf-8
host: localhost:47913
accept: */*

Response DefaultHttpResponse(decodeResult: success, version: HTTP/1.1)
HTTP/1.1 404 Not Found
Content-Length: 809
Content-Type: application/json; charset=utf-8
cache-control: no-cache

18:53:29.213 [AsyncHttpClient-1-2] DEBUG org.asynchttpclient.netty.channel.ChannelManager - Adding key: http://localhost:47913 for channel [id: 0x629e6138, L:/127.0.0.1:59206 - R:localhost/127.0.0.1:47913]
18:53:29.215 [Forwarding getCurrentUrl on session 4b4c7934f740b6e207e93de370c9f093 to remote] DEBUG org.asynchttpclient.netty.request.NettyRequestSender - Using pooled Channel '[id: 0x629e6138, L:/127.0.0.1:59206 - R:localhost/127.0.0.1:47913]' for 'GET' to 'http://localhost:47913/session/4b4c7934f740b6e207e93de370c9f093/url'
18:53:29.215 [Forwarding getCurrentUrl on session 4b4c7934f740b6e207e93de370c9f093 to remote] DEBUG org.asynchttpclient.netty.request.NettyRequestSender - Using open Channel [id: 0x629e6138, L:/127.0.0.1:59206 - R:localhost/127.0.0.1:47913] for GET '/session/4b4c7934f740b6e207e93de370c9f093/url'
18:53:29.221 [AsyncHttpClient-1-2] DEBUG org.asynchttpclient.netty.handler.HttpHandler - 

Request DefaultFullHttpRequest(decodeResult: success, version: HTTP/1.1, content: EmptyByteBufBE)
GET /session/4b4c7934f740b6e207e93de370c9f093/url HTTP/1.1
User-Agent: selenium/4.8.1 (java windows)
Cache-Control: no-cache
Content-Type: application/json; charset=utf-8
host: localhost:47913
accept: */*

Response DefaultHttpResponse(decodeResult: success, version: HTTP/1.1)
HTTP/1.1 200 OK
Content-Length: 51
Content-Type: application/json; charset=utf-8
cache-control: no-cache

18:53:29.221 [AsyncHttpClient-1-2] DEBUG org.asynchttpclient.netty.channel.ChannelManager - Adding key: http://localhost:47913 for channel [id: 0x629e6138, L:/127.0.0.1:59206 - R:localhost/127.0.0.1:47913]
18:53:29.222 [Forwarding screenshot on session 4b4c7934f740b6e207e93de370c9f093 to remote] DEBUG org.asynchttpclient.netty.request.NettyRequestSender - Using pooled Channel '[id: 0x629e6138, L:/127.0.0.1:59206 - R:localhost/127.0.0.1:47913]' for 'GET' to 'http://localhost:47913/session/4b4c7934f740b6e207e93de370c9f093/screenshot'
18:53:29.222 [Forwarding screenshot on session 4b4c7934f740b6e207e93de370c9f093 to remote] DEBUG org.asynchttpclient.netty.request.NettyRequestSender - Using open Channel [id: 0x629e6138, L:/127.0.0.1:59206 - R:localhost/127.0.0.1:47913] for GET '/session/4b4c7934f740b6e207e93de370c9f093/screenshot'
18:53:29.455 [AsyncHttpClient-1-2] DEBUG org.asynchttpclient.netty.handler.HttpHandler - 

Request DefaultFullHttpRequest(decodeResult: success, version: HTTP/1.1, content: EmptyByteBufBE)
GET /session/4b4c7934f740b6e207e93de370c9f093/screenshot HTTP/1.1
User-Agent: selenium/4.8.1 (java windows)
Cache-Control: no-cache
Content-Type: application/json; charset=utf-8
host: localhost:47913
accept: */*

Response DefaultHttpResponse(decodeResult: success, version: HTTP/1.1)
HTTP/1.1 200 OK
Content-Length: 51616
Content-Type: application/json; charset=utf-8
cache-control: no-cache

18:53:29.455 [AsyncHttpClient-1-2] DEBUG org.asynchttpclient.netty.channel.ChannelManager - Adding key: http://localhost:47913 for channel [id: 0x629e6138, L:/127.0.0.1:59206 - R:localhost/127.0.0.1:47913]
18:53:29.458 [main] DEBUG net.serenitybdd.core.photography.Darkroom - Send negative for processing for target\site\serenity\24ca75de789effbe25f37bc06f5054d9a9de4cedfb760fbff9595ac1770f175c.png
18:53:29.458 [main] DEBUG net.thucydides.core.steps.StepInterceptor - STEP DONE: inputPassword
18:53:29.458 [Darkroom Processing Line] DEBUG net.serenitybdd.core.photography.DarkroomProcessingLine - Processing screenshot image in /var/screenshots/screenshot-12294150256611765895
18:53:29.458 [Darkroom Processing Line] DEBUG net.serenitybdd.core.photography.DarkroomProcessingLine - Saving screenshot to target\site\serenity\24ca75de789effbe25f37bc06f5054d9a9de4cedfb760fbff9595ac1770f175c.png
  &amp#27;[32mAnd &amp#27;[0m&amp#27;[32mI enter1 password &amp#27;[0m&amp#27;[32m&amp#27;[1m"mylove366.,"&amp#27;[0m                                       &amp#27;[90m# starter.stepdefinitions.TransactionSteps.enterPasswordOnLogin(java.lang.String)&amp#27;[0m
18:53:29.469 [Forwarding getPageSource on session 4b4c7934f740b6e207e93de370c9f093 to remote] DEBUG org.asynchttpclient.netty.request.NettyRequestSender - Using pooled Channel '[id: 0x629e6138, L:/127.0.0.1:59206 - R:localhost/127.0.0.1:47913]' for 'POST' to 'http://localhost:47913/session/4b4c7934f740b6e207e93de370c9f093/execute/sync'
18:53:29.469 [Forwarding getPageSource on session 4b4c7934f740b6e207e93de370c9f093 to remote] DEBUG org.asynchttpclient.netty.request.NettyRequestSender - Using open Channel [id: 0x629e6138, L:/127.0.0.1:59206 - R:localhost/127.0.0.1:47913] for POST '/session/4b4c7934f740b6e207e93de370c9f093/execute/sync'
18:53:29.475 [AsyncHttpClient-1-2] DEBUG org.asynchttpclient.netty.handler.HttpHandler - 

Request DefaultHttpRequest(decodeResult: success, version: HTTP/1.1)
POST /session/4b4c7934f740b6e207e93de370c9f093/execute/sync HTTP/1.1
User-Agent: selenium/4.8.1 (java windows)
Content-Length: 176
Content-Type: application/json; charset=utf-8
host: localhost:47913
accept: */*

Response DefaultHttpResponse(decodeResult: success, version: HTTP/1.1)
HTTP/1.1 200 OK
Content-Length: 21839
Content-Type: application/json; charset=utf-8
cache-control: no-cache

18:53:29.475 [AsyncHttpClient-1-2] DEBUG org.asynchttpclient.netty.channel.ChannelManager - Adding key: http://localhost:47913 for channel [id: 0x629e6138, L:/127.0.0.1:59206 - R:localhost/127.0.0.1:47913]
18:53:29.476 [Forwarding getCurrentUrl on session 4b4c7934f740b6e207e93de370c9f093 to remote] DEBUG org.asynchttpclient.netty.request.NettyRequestSender - Using pooled Channel '[id: 0x629e6138, L:/127.0.0.1:59206 - R:localhost/127.0.0.1:47913]' for 'GET' to 'http://localhost:47913/session/4b4c7934f740b6e207e93de370c9f093/url'
18:53:29.477 [Forwarding getCurrentUrl on session 4b4c7934f740b6e207e93de370c9f093 to remote] DEBUG org.asynchttpclient.netty.request.NettyRequestSender - Using open Channel [id: 0x629e6138, L:/127.0.0.1:59206 - R:localhost/127.0.0.1:47913] for GET '/session/4b4c7934f740b6e207e93de370c9f093/url'
18:53:29.482 [AsyncHttpClient-1-2] DEBUG org.asynchttpclient.netty.handler.HttpHandler - 

Request DefaultFullHttpRequest(decodeResult: success, version: HTTP/1.1, content: EmptyByteBufBE)
GET /session/4b4c7934f740b6e207e93de370c9f093/url HTTP/1.1
User-Agent: selenium/4.8.1 (java windows)
Cache-Control: no-cache
Content-Type: application/json; charset=utf-8
host: localhost:47913
accept: */*

Response DefaultHttpResponse(decodeResult: success, version: HTTP/1.1)
HTTP/1.1 200 OK
Content-Length: 51
Content-Type: application/json; charset=utf-8
cache-control: no-cache

18:53:29.482 [AsyncHttpClient-1-2] DEBUG org.asynchttpclient.netty.channel.ChannelManager - Adding key: http://localhost:47913 for channel [id: 0x629e6138, L:/127.0.0.1:59206 - R:localhost/127.0.0.1:47913]
18:53:29.501 [Forwarding getPageSource on session 4b4c7934f740b6e207e93de370c9f093 to remote] DEBUG org.asynchttpclient.netty.request.NettyRequestSender - Using pooled Channel '[id: 0x629e6138, L:/127.0.0.1:59206 - R:localhost/127.0.0.1:47913]' for 'POST' to 'http://localhost:47913/session/4b4c7934f740b6e207e93de370c9f093/execute/sync'
18:53:29.501 [Forwarding getPageSource on session 4b4c7934f740b6e207e93de370c9f093 to remote] DEBUG org.asynchttpclient.netty.request.NettyRequestSender - Using open Channel [id: 0x629e6138, L:/127.0.0.1:59206 - R:localhost/127.0.0.1:47913] for POST '/session/4b4c7934f740b6e207e93de370c9f093/execute/sync'
18:53:29.505 [AsyncHttpClient-1-2] DEBUG org.asynchttpclient.netty.handler.HttpHandler - 

Request DefaultHttpRequest(decodeResult: success, version: HTTP/1.1)
POST /session/4b4c7934f740b6e207e93de370c9f093/execute/sync HTTP/1.1
User-Agent: selenium/4.8.1 (java windows)
Content-Length: 176
Content-Type: application/json; charset=utf-8
host: localhost:47913
accept: */*

Response DefaultHttpResponse(decodeResult: success, version: HTTP/1.1)
HTTP/1.1 200 OK
Content-Length: 21839
Content-Type: application/json; charset=utf-8
cache-control: no-cache

18:53:29.506 [AsyncHttpClient-1-2] DEBUG org.asynchttpclient.netty.channel.ChannelManager - Adding key: http://localhost:47913 for channel [id: 0x629e6138, L:/127.0.0.1:59206 - R:localhost/127.0.0.1:47913]
18:53:29.507 [Forwarding getCurrentUrl on session 4b4c7934f740b6e207e93de370c9f093 to remote] DEBUG org.asynchttpclient.netty.request.NettyRequestSender - Using pooled Channel '[id: 0x629e6138, L:/127.0.0.1:59206 - R:localhost/127.0.0.1:47913]' for 'GET' to 'http://localhost:47913/session/4b4c7934f740b6e207e93de370c9f093/url'
18:53:29.507 [Forwarding getCurrentUrl on session 4b4c7934f740b6e207e93de370c9f093 to remote] DEBUG org.asynchttpclient.netty.request.NettyRequestSender - Using open Channel [id: 0x629e6138, L:/127.0.0.1:59206 - R:localhost/127.0.0.1:47913] for GET '/session/4b4c7934f740b6e207e93de370c9f093/url'
18:53:29.511 [AsyncHttpClient-1-2] DEBUG org.asynchttpclient.netty.handler.HttpHandler - 

Request DefaultFullHttpRequest(decodeResult: success, version: HTTP/1.1, content: EmptyByteBufBE)
GET /session/4b4c7934f740b6e207e93de370c9f093/url HTTP/1.1
User-Agent: selenium/4.8.1 (java windows)
Cache-Control: no-cache
Content-Type: application/json; charset=utf-8
host: localhost:47913
accept: */*

Response DefaultHttpResponse(decodeResult: success, version: HTTP/1.1)
HTTP/1.1 200 OK
Content-Length: 51
Content-Type: application/json; charset=utf-8
cache-control: no-cache

18:53:29.511 [AsyncHttpClient-1-2] DEBUG org.asynchttpclient.netty.channel.ChannelManager - Adding key: http://localhost:47913 for channel [id: 0x629e6138, L:/127.0.0.1:59206 - R:localhost/127.0.0.1:47913]
18:53:29.514 [main] DEBUG net.thucydides.core.steps.StepInterceptor - STARTING STEP: TransactionSteps.clickLoginButton - ClickLoginButton
18:53:29.517 [Forwarding findElement on session 4b4c7934f740b6e207e93de370c9f093 to remote] DEBUG org.asynchttpclient.netty.request.NettyRequestSender - Using pooled Channel '[id: 0x629e6138, L:/127.0.0.1:59206 - R:localhost/127.0.0.1:47913]' for 'POST' to 'http://localhost:47913/session/4b4c7934f740b6e207e93de370c9f093/element'
18:53:29.517 [Forwarding findElement on session 4b4c7934f740b6e207e93de370c9f093 to remote] DEBUG org.asynchttpclient.netty.request.NettyRequestSender - Using open Channel [id: 0x629e6138, L:/127.0.0.1:59206 - R:localhost/127.0.0.1:47913] for POST '/session/4b4c7934f740b6e207e93de370c9f093/element'
18:53:29.524 [AsyncHttpClient-1-2] DEBUG org.asynchttpclient.netty.handler.HttpHandler - 

Request DefaultHttpRequest(decodeResult: success, version: HTTP/1.1)
POST /session/4b4c7934f740b6e207e93de370c9f093/element HTTP/1.1
User-Agent: selenium/4.8.1 (java windows)
Content-Length: 141
Content-Type: application/json; charset=utf-8
host: localhost:47913
accept: */*

Response DefaultHttpResponse(decodeResult: success, version: HTTP/1.1)
HTTP/1.1 200 OK
Content-Length: 88
Content-Type: application/json; charset=utf-8
cache-control: no-cache

18:53:29.524 [AsyncHttpClient-1-2] DEBUG org.asynchttpclient.netty.channel.ChannelManager - Adding key: http://localhost:47913 for channel [id: 0x629e6138, L:/127.0.0.1:59206 - R:localhost/127.0.0.1:47913]
18:53:29.525 [Forwarding getElementTagName on session 4b4c7934f740b6e207e93de370c9f093 to remote] DEBUG org.asynchttpclient.netty.request.NettyRequestSender - Using pooled Channel '[id: 0x629e6138, L:/127.0.0.1:59206 - R:localhost/127.0.0.1:47913]' for 'GET' to 'http://localhost:47913/session/4b4c7934f740b6e207e93de370c9f093/element/79d17244-f5aa-4e33-81d8-0214317fba4a/name'
18:53:29.525 [Forwarding getElementTagName on session 4b4c7934f740b6e207e93de370c9f093 to remote] DEBUG org.asynchttpclient.netty.request.NettyRequestSender - Using open Channel [id: 0x629e6138, L:/127.0.0.1:59206 - R:localhost/127.0.0.1:47913] for GET '/session/4b4c7934f740b6e207e93de370c9f093/element/79d17244-f5aa-4e33-81d8-0214317fba4a/name'
18:53:29.532 [AsyncHttpClient-1-2] DEBUG org.asynchttpclient.netty.handler.HttpHandler - 

Request DefaultFullHttpRequest(decodeResult: success, version: HTTP/1.1, content: EmptyByteBufBE)
GET /session/4b4c7934f740b6e207e93de370c9f093/element/79d17244-f5aa-4e33-81d8-0214317fba4a/name HTTP/1.1
User-Agent: selenium/4.8.1 (java windows)
Cache-Control: no-cache
Content-Type: application/json; charset=utf-8
host: localhost:47913
accept: */*

Response DefaultHttpResponse(decodeResult: success, version: HTTP/1.1)
HTTP/1.1 200 OK
Content-Length: 18
Content-Type: application/json; charset=utf-8
cache-control: no-cache

18:53:29.532 [AsyncHttpClient-1-2] DEBUG org.asynchttpclient.netty.channel.ChannelManager - Adding key: http://localhost:47913 for channel [id: 0x629e6138, L:/127.0.0.1:59206 - R:localhost/127.0.0.1:47913]
18:53:29.533 [Forwarding getElementTagName on session 4b4c7934f740b6e207e93de370c9f093 to remote] DEBUG org.asynchttpclient.netty.request.NettyRequestSender - Using pooled Channel '[id: 0x629e6138, L:/127.0.0.1:59206 - R:localhost/127.0.0.1:47913]' for 'GET' to 'http://localhost:47913/session/4b4c7934f740b6e207e93de370c9f093/element/79d17244-f5aa-4e33-81d8-0214317fba4a/name'
18:53:29.533 [Forwarding getElementTagName on session 4b4c7934f740b6e207e93de370c9f093 to remote] DEBUG org.asynchttpclient.netty.request.NettyRequestSender - Using open Channel [id: 0x629e6138, L:/127.0.0.1:59206 - R:localhost/127.0.0.1:47913] for GET '/session/4b4c7934f740b6e207e93de370c9f093/element/79d17244-f5aa-4e33-81d8-0214317fba4a/name'
18:53:29.536 [AsyncHttpClient-1-2] DEBUG org.asynchttpclient.netty.handler.HttpHandler - 

Request DefaultFullHttpRequest(decodeResult: success, version: HTTP/1.1, content: EmptyByteBufBE)
GET /session/4b4c7934f740b6e207e93de370c9f093/element/79d17244-f5aa-4e33-81d8-0214317fba4a/name HTTP/1.1
User-Agent: selenium/4.8.1 (java windows)
Cache-Control: no-cache
Content-Type: application/json; charset=utf-8
host: localhost:47913
accept: */*

Response DefaultHttpResponse(decodeResult: success, version: HTTP/1.1)
HTTP/1.1 200 OK
Content-Length: 18
Content-Type: application/json; charset=utf-8
cache-control: no-cache

18:53:29.537 [AsyncHttpClient-1-2] DEBUG org.asynchttpclient.netty.channel.ChannelManager - Adding key: http://localhost:47913 for channel [id: 0x629e6138, L:/127.0.0.1:59206 - R:localhost/127.0.0.1:47913]
18:53:29.538 [Forwarding isElementEnabled on session 4b4c7934f740b6e207e93de370c9f093 to remote] DEBUG org.asynchttpclient.netty.request.NettyRequestSender - Using pooled Channel '[id: 0x629e6138, L:/127.0.0.1:59206 - R:localhost/127.0.0.1:47913]' for 'GET' to 'http://localhost:47913/session/4b4c7934f740b6e207e93de370c9f093/element/79d17244-f5aa-4e33-81d8-0214317fba4a/enabled'
18:53:29.538 [Forwarding isElementEnabled on session 4b4c7934f740b6e207e93de370c9f093 to remote] DEBUG org.asynchttpclient.netty.request.NettyRequestSender - Using open Channel [id: 0x629e6138, L:/127.0.0.1:59206 - R:localhost/127.0.0.1:47913] for GET '/session/4b4c7934f740b6e207e93de370c9f093/element/79d17244-f5aa-4e33-81d8-0214317fba4a/enabled'
18:53:29.553 [AsyncHttpClient-1-2] DEBUG org.asynchttpclient.netty.handler.HttpHandler - 

Request DefaultFullHttpRequest(decodeResult: success, version: HTTP/1.1, content: EmptyByteBufBE)
GET /session/4b4c7934f740b6e207e93de370c9f093/element/79d17244-f5aa-4e33-81d8-0214317fba4a/enabled HTTP/1.1
User-Agent: selenium/4.8.1 (java windows)
Cache-Control: no-cache
Content-Type: application/json; charset=utf-8
host: localhost:47913
accept: */*

Response DefaultHttpResponse(decodeResult: success, version: HTTP/1.1)
HTTP/1.1 200 OK
Content-Length: 14
Content-Type: application/json; charset=utf-8
cache-control: no-cache

18:53:29.553 [AsyncHttpClient-1-2] DEBUG org.asynchttpclient.netty.channel.ChannelManager - Adding key: http://localhost:47913 for channel [id: 0x629e6138, L:/127.0.0.1:59206 - R:localhost/127.0.0.1:47913]
18:53:29.554 [Forwarding isElementEnabled on session 4b4c7934f740b6e207e93de370c9f093 to remote] DEBUG org.asynchttpclient.netty.request.NettyRequestSender - Using pooled Channel '[id: 0x629e6138, L:/127.0.0.1:59206 - R:localhost/127.0.0.1:47913]' for 'GET' to 'http://localhost:47913/session/4b4c7934f740b6e207e93de370c9f093/element/79d17244-f5aa-4e33-81d8-0214317fba4a/enabled'
18:53:29.554 [Forwarding isElementEnabled on session 4b4c7934f740b6e207e93de370c9f093 to remote] DEBUG org.asynchttpclient.netty.request.NettyRequestSender - Using open Channel [id: 0x629e6138, L:/127.0.0.1:59206 - R:localhost/127.0.0.1:47913] for GET '/session/4b4c7934f740b6e207e93de370c9f093/element/79d17244-f5aa-4e33-81d8-0214317fba4a/enabled'
18:53:29.563 [AsyncHttpClient-1-2] DEBUG org.asynchttpclient.netty.handler.HttpHandler - 

Request DefaultFullHttpRequest(decodeResult: success, version: HTTP/1.1, content: EmptyByteBufBE)
GET /session/4b4c7934f740b6e207e93de370c9f093/element/79d17244-f5aa-4e33-81d8-0214317fba4a/enabled HTTP/1.1
User-Agent: selenium/4.8.1 (java windows)
Cache-Control: no-cache
Content-Type: application/json; charset=utf-8
host: localhost:47913
accept: */*

Response DefaultHttpResponse(decodeResult: success, version: HTTP/1.1)
HTTP/1.1 200 OK
Content-Length: 14
Content-Type: application/json; charset=utf-8
cache-control: no-cache

18:53:29.563 [AsyncHttpClient-1-2] DEBUG org.asynchttpclient.netty.channel.ChannelManager - Adding key: http://localhost:47913 for channel [id: 0x629e6138, L:/127.0.0.1:59206 - R:localhost/127.0.0.1:47913]
18:53:29.564 [Forwarding findElement on session 4b4c7934f740b6e207e93de370c9f093 to remote] DEBUG org.asynchttpclient.netty.request.NettyRequestSender - Using pooled Channel '[id: 0x629e6138, L:/127.0.0.1:59206 - R:localhost/127.0.0.1:47913]' for 'POST' to 'http://localhost:47913/session/4b4c7934f740b6e207e93de370c9f093/element'
18:53:29.564 [Forwarding findElement on session 4b4c7934f740b6e207e93de370c9f093 to remote] DEBUG org.asynchttpclient.netty.request.NettyRequestSender - Using open Channel [id: 0x629e6138, L:/127.0.0.1:59206 - R:localhost/127.0.0.1:47913] for POST '/session/4b4c7934f740b6e207e93de370c9f093/element'
18:53:29.570 [AsyncHttpClient-1-2] DEBUG org.asynchttpclient.netty.handler.HttpHandler - 

Request DefaultHttpRequest(decodeResult: success, version: HTTP/1.1)
POST /session/4b4c7934f740b6e207e93de370c9f093/element HTTP/1.1
User-Agent: selenium/4.8.1 (java windows)
Content-Length: 141
Content-Type: application/json; charset=utf-8
host: localhost:47913
accept: */*

Response DefaultHttpResponse(decodeResult: success, version: HTTP/1.1)
HTTP/1.1 200 OK
Content-Length: 88
Content-Type: application/json; charset=utf-8
cache-control: no-cache

18:53:29.571 [AsyncHttpClient-1-2] DEBUG org.asynchttpclient.netty.channel.ChannelManager - Adding key: http://localhost:47913 for channel [id: 0x629e6138, L:/127.0.0.1:59206 - R:localhost/127.0.0.1:47913]
18:53:29.571 [Forwarding clickElement on session 4b4c7934f740b6e207e93de370c9f093 to remote] DEBUG org.asynchttpclient.netty.request.NettyRequestSender - Using pooled Channel '[id: 0x629e6138, L:/127.0.0.1:59206 - R:localhost/127.0.0.1:47913]' for 'POST' to 'http://localhost:47913/session/4b4c7934f740b6e207e93de370c9f093/element/79d17244-f5aa-4e33-81d8-0214317fba4a/click'
18:53:29.571 [Forwarding clickElement on session 4b4c7934f740b6e207e93de370c9f093 to remote] DEBUG org.asynchttpclient.netty.request.NettyRequestSender - Using open Channel [id: 0x629e6138, L:/127.0.0.1:59206 - R:localhost/127.0.0.1:47913] for POST '/session/4b4c7934f740b6e207e93de370c9f093/element/79d17244-f5aa-4e33-81d8-0214317fba4a/click'
18:53:29.652 [AsyncHttpClient-1-2] DEBUG org.asynchttpclient.netty.handler.HttpHandler - 

Request DefaultHttpRequest(decodeResult: success, version: HTTP/1.1)
POST /session/4b4c7934f740b6e207e93de370c9f093/element/79d17244-f5aa-4e33-81d8-0214317fba4a/click HTTP/1.1
User-Agent: selenium/4.8.1 (java windows)
Content-Length: 50
Content-Type: application/json; charset=utf-8
host: localhost:47913
accept: */*

Response DefaultHttpResponse(decodeResult: success, version: HTTP/1.1)
HTTP/1.1 200 OK
Content-Length: 14
Content-Type: application/json; charset=utf-8
cache-control: no-cache

18:53:29.652 [AsyncHttpClient-1-2] DEBUG org.asynchttpclient.netty.channel.ChannelManager - Adding key: http://localhost:47913 for channel [id: 0x629e6138, L:/127.0.0.1:59206 - R:localhost/127.0.0.1:47913]
18:53:29.657 [Forwarding getAlertText on session 4b4c7934f740b6e207e93de370c9f093 to remote] DEBUG org.asynchttpclient.netty.request.NettyRequestSender - Using pooled Channel '[id: 0x629e6138, L:/127.0.0.1:59206 - R:localhost/127.0.0.1:47913]' for 'GET' to 'http://localhost:47913/session/4b4c7934f740b6e207e93de370c9f093/alert/text'
18:53:29.657 [Forwarding getAlertText on session 4b4c7934f740b6e207e93de370c9f093 to remote] DEBUG org.asynchttpclient.netty.request.NettyRequestSender - Using open Channel [id: 0x629e6138, L:/127.0.0.1:59206 - R:localhost/127.0.0.1:47913] for GET '/session/4b4c7934f740b6e207e93de370c9f093/alert/text'
18:53:29.659 [AsyncHttpClient-1-2] DEBUG org.asynchttpclient.netty.handler.HttpHandler - 

Request DefaultFullHttpRequest(decodeResult: success, version: HTTP/1.1, content: EmptyByteBufBE)
GET /session/4b4c7934f740b6e207e93de370c9f093/alert/text HTTP/1.1
User-Agent: selenium/4.8.1 (java windows)
Cache-Control: no-cache
Content-Type: application/json; charset=utf-8
host: localhost:47913
accept: */*

Response DefaultHttpResponse(decodeResult: success, version: HTTP/1.1)
HTTP/1.1 404 Not Found
Content-Length: 809
Content-Type: application/json; charset=utf-8
cache-control: no-cache

18:53:29.659 [AsyncHttpClient-1-2] DEBUG org.asynchttpclient.netty.channel.ChannelManager - Adding key: http://localhost:47913 for channel [id: 0x629e6138, L:/127.0.0.1:59206 - R:localhost/127.0.0.1:47913]
18:53:29.660 [Forwarding getCurrentUrl on session 4b4c7934f740b6e207e93de370c9f093 to remote] DEBUG org.asynchttpclient.netty.request.NettyRequestSender - Using pooled Channel '[id: 0x629e6138, L:/127.0.0.1:59206 - R:localhost/127.0.0.1:47913]' for 'GET' to 'http://localhost:47913/session/4b4c7934f740b6e207e93de370c9f093/url'
18:53:29.660 [Forwarding getCurrentUrl on session 4b4c7934f740b6e207e93de370c9f093 to remote] DEBUG org.asynchttpclient.netty.request.NettyRequestSender - Using open Channel [id: 0x629e6138, L:/127.0.0.1:59206 - R:localhost/127.0.0.1:47913] for GET '/session/4b4c7934f740b6e207e93de370c9f093/url'
18:53:29.669 [AsyncHttpClient-1-2] DEBUG org.asynchttpclient.netty.handler.HttpHandler - 

Request DefaultFullHttpRequest(decodeResult: success, version: HTTP/1.1, content: EmptyByteBufBE)
GET /session/4b4c7934f740b6e207e93de370c9f093/url HTTP/1.1
User-Agent: selenium/4.8.1 (java windows)
Cache-Control: no-cache
Content-Type: application/json; charset=utf-8
host: localhost:47913
accept: */*

Response DefaultHttpResponse(decodeResult: success, version: HTTP/1.1)
HTTP/1.1 200 OK
Content-Length: 51
Content-Type: application/json; charset=utf-8
cache-control: no-cache

18:53:29.669 [AsyncHttpClient-1-2] DEBUG org.asynchttpclient.netty.channel.ChannelManager - Adding key: http://localhost:47913 for channel [id: 0x629e6138, L:/127.0.0.1:59206 - R:localhost/127.0.0.1:47913]
18:53:29.669 [Forwarding screenshot on session 4b4c7934f740b6e207e93de370c9f093 to remote] DEBUG org.asynchttpclient.netty.request.NettyRequestSender - Using pooled Channel '[id: 0x629e6138, L:/127.0.0.1:59206 - R:localhost/127.0.0.1:47913]' for 'GET' to 'http://localhost:47913/session/4b4c7934f740b6e207e93de370c9f093/screenshot'
18:53:29.669 [Forwarding screenshot on session 4b4c7934f740b6e207e93de370c9f093 to remote] DEBUG org.asynchttpclient.netty.request.NettyRequestSender - Using open Channel [id: 0x629e6138, L:/127.0.0.1:59206 - R:localhost/127.0.0.1:47913] for GET '/session/4b4c7934f740b6e207e93de370c9f093/screenshot'
18:53:29.968 [AsyncHttpClient-1-2] DEBUG org.asynchttpclient.netty.handler.HttpHandler - 

Request DefaultFullHttpRequest(decodeResult: success, version: HTTP/1.1, content: EmptyByteBufBE)
GET /session/4b4c7934f740b6e207e93de370c9f093/screenshot HTTP/1.1
User-Agent: selenium/4.8.1 (java windows)
Cache-Control: no-cache
Content-Type: application/json; charset=utf-8
host: localhost:47913
accept: */*

Response DefaultHttpResponse(decodeResult: success, version: HTTP/1.1)
HTTP/1.1 200 OK
Content-Length: 50764
Content-Type: application/json; charset=utf-8
cache-control: no-cache

18:53:29.968 [AsyncHttpClient-1-2] DEBUG org.asynchttpclient.netty.channel.ChannelManager - Adding key: http://localhost:47913 for channel [id: 0x629e6138, L:/127.0.0.1:59206 - R:localhost/127.0.0.1:47913]
18:53:29.970 [AsyncHttpClient-1-1] DEBUG org.asynchttpclient.netty.channel.DefaultChannelPool - Entry count for : http://localhost:47913 : 1
18:53:29.970 [AsyncHttpClient-1-1] DEBUG org.asynchttpclient.netty.channel.DefaultChannelPool - Entry count for : http://localhost:59207 : 1
18:53:29.970 [main] DEBUG net.serenitybdd.core.photography.Darkroom - Send negative for processing for target\site\serenity\0a37ed935cb12cba536f09bf1207bd88e40bcc0a28e7938c73318f0a790169fd.png
18:53:29.971 [main] DEBUG net.thucydides.core.steps.StepInterceptor - STEP DONE: ClickLoginButton
  &amp#27;[32mAnd &amp#27;[0m&amp#27;[32mI click1 login button&amp#27;[0m                                                 &amp#27;[90m# starter.stepdefinitions.TransactionSteps.clickLoginButton()&amp#27;[0m
18:53:29.971 [Darkroom Processing Line] DEBUG net.serenitybdd.core.photography.DarkroomProcessingLine - Processing screenshot image in /var/screenshots/screenshot-14554414559066565767
18:53:29.971 [Darkroom Processing Line] DEBUG net.serenitybdd.core.photography.DarkroomProcessingLine - Saving screenshot to target\site\serenity\0a37ed935cb12cba536f09bf1207bd88e40bcc0a28e7938c73318f0a790169fd.png
18:53:29.980 [Forwarding getPageSource on session 4b4c7934f740b6e207e93de370c9f093 to remote] DEBUG org.asynchttpclient.netty.request.NettyRequestSender - Using pooled Channel '[id: 0x629e6138, L:/127.0.0.1:59206 - R:localhost/127.0.0.1:47913]' for 'POST' to 'http://localhost:47913/session/4b4c7934f740b6e207e93de370c9f093/execute/sync'
18:53:29.980 [Forwarding getPageSource on session 4b4c7934f740b6e207e93de370c9f093 to remote] DEBUG org.asynchttpclient.netty.request.NettyRequestSender - Using open Channel [id: 0x629e6138, L:/127.0.0.1:59206 - R:localhost/127.0.0.1:47913] for POST '/session/4b4c7934f740b6e207e93de370c9f093/execute/sync'
18:53:29.987 [AsyncHttpClient-1-2] DEBUG org.asynchttpclient.netty.handler.HttpHandler - 

Request DefaultHttpRequest(decodeResult: success, version: HTTP/1.1)
POST /session/4b4c7934f740b6e207e93de370c9f093/execute/sync HTTP/1.1
User-Agent: selenium/4.8.1 (java windows)
Content-Length: 176
Content-Type: application/json; charset=utf-8
host: localhost:47913
accept: */*

Response DefaultHttpResponse(decodeResult: success, version: HTTP/1.1)
HTTP/1.1 200 OK
Content-Length: 22581
Content-Type: application/json; charset=utf-8
cache-control: no-cache

18:53:29.987 [AsyncHttpClient-1-2] DEBUG org.asynchttpclient.netty.channel.ChannelManager - Adding key: http://localhost:47913 for channel [id: 0x629e6138, L:/127.0.0.1:59206 - R:localhost/127.0.0.1:47913]
18:53:29.989 [Forwarding getCurrentUrl on session 4b4c7934f740b6e207e93de370c9f093 to remote] DEBUG org.asynchttpclient.netty.request.NettyRequestSender - Using pooled Channel '[id: 0x629e6138, L:/127.0.0.1:59206 - R:localhost/127.0.0.1:47913]' for 'GET' to 'http://localhost:47913/session/4b4c7934f740b6e207e93de370c9f093/url'
18:53:29.989 [Forwarding getCurrentUrl on session 4b4c7934f740b6e207e93de370c9f093 to remote] DEBUG org.asynchttpclient.netty.request.NettyRequestSender - Using open Channel [id: 0x629e6138, L:/127.0.0.1:59206 - R:localhost/127.0.0.1:47913] for GET '/session/4b4c7934f740b6e207e93de370c9f093/url'
18:53:29.993 [AsyncHttpClient-1-2] DEBUG org.asynchttpclient.netty.handler.HttpHandler - 

Request DefaultFullHttpRequest(decodeResult: success, version: HTTP/1.1, content: EmptyByteBufBE)
GET /session/4b4c7934f740b6e207e93de370c9f093/url HTTP/1.1
User-Agent: selenium/4.8.1 (java windows)
Cache-Control: no-cache
Content-Type: application/json; charset=utf-8
host: localhost:47913
accept: */*

Response DefaultHttpResponse(decodeResult: success, version: HTTP/1.1)
HTTP/1.1 200 OK
Content-Length: 51
Content-Type: application/json; charset=utf-8
cache-control: no-cache

18:53:29.993 [AsyncHttpClient-1-2] DEBUG org.asynchttpclient.netty.channel.ChannelManager - Adding key: http://localhost:47913 for channel [id: 0x629e6138, L:/127.0.0.1:59206 - R:localhost/127.0.0.1:47913]
18:53:30.005 [Forwarding getPageSource on session 4b4c7934f740b6e207e93de370c9f093 to remote] DEBUG org.asynchttpclient.netty.request.NettyRequestSender - Using pooled Channel '[id: 0x629e6138, L:/127.0.0.1:59206 - R:localhost/127.0.0.1:47913]' for 'POST' to 'http://localhost:47913/session/4b4c7934f740b6e207e93de370c9f093/execute/sync'
18:53:30.005 [Forwarding getPageSource on session 4b4c7934f740b6e207e93de370c9f093 to remote] DEBUG org.asynchttpclient.netty.request.NettyRequestSender - Using open Channel [id: 0x629e6138, L:/127.0.0.1:59206 - R:localhost/127.0.0.1:47913] for POST '/session/4b4c7934f740b6e207e93de370c9f093/execute/sync'
18:53:30.010 [AsyncHttpClient-1-2] DEBUG org.asynchttpclient.netty.handler.HttpHandler - 

Request DefaultHttpRequest(decodeResult: success, version: HTTP/1.1)
POST /session/4b4c7934f740b6e207e93de370c9f093/execute/sync HTTP/1.1
User-Agent: selenium/4.8.1 (java windows)
Content-Length: 176
Content-Type: application/json; charset=utf-8
host: localhost:47913
accept: */*

Response DefaultHttpResponse(decodeResult: success, version: HTTP/1.1)
HTTP/1.1 200 OK
Content-Length: 22581
Content-Type: application/json; charset=utf-8
cache-control: no-cache

18:53:30.010 [AsyncHttpClient-1-2] DEBUG org.asynchttpclient.netty.channel.ChannelManager - Adding key: http://localhost:47913 for channel [id: 0x629e6138, L:/127.0.0.1:59206 - R:localhost/127.0.0.1:47913]
18:53:30.015 [Forwarding getCurrentUrl on session 4b4c7934f740b6e207e93de370c9f093 to remote] DEBUG org.asynchttpclient.netty.request.NettyRequestSender - Using pooled Channel '[id: 0x629e6138, L:/127.0.0.1:59206 - R:localhost/127.0.0.1:47913]' for 'GET' to 'http://localhost:47913/session/4b4c7934f740b6e207e93de370c9f093/url'
18:53:30.015 [Forwarding getCurrentUrl on session 4b4c7934f740b6e207e93de370c9f093 to remote] DEBUG org.asynchttpclient.netty.request.NettyRequestSender - Using open Channel [id: 0x629e6138, L:/127.0.0.1:59206 - R:localhost/127.0.0.1:47913] for GET '/session/4b4c7934f740b6e207e93de370c9f093/url'
18:53:30.020 [AsyncHttpClient-1-2] DEBUG org.asynchttpclient.netty.handler.HttpHandler - 

Request DefaultFullHttpRequest(decodeResult: success, version: HTTP/1.1, content: EmptyByteBufBE)
GET /session/4b4c7934f740b6e207e93de370c9f093/url HTTP/1.1
User-Agent: selenium/4.8.1 (java windows)
Cache-Control: no-cache
Content-Type: application/json; charset=utf-8
host: localhost:47913
accept: */*

Response DefaultHttpResponse(decodeResult: success, version: HTTP/1.1)
HTTP/1.1 200 OK
Content-Length: 51
Content-Type: application/json; charset=utf-8
cache-control: no-cache

18:53:30.020 [AsyncHttpClient-1-2] DEBUG org.asynchttpclient.netty.channel.ChannelManager - Adding key: http://localhost:47913 for channel [id: 0x629e6138, L:/127.0.0.1:59206 - R:localhost/127.0.0.1:47913]
18:53:30.022 [main] DEBUG net.thucydides.core.steps.StepInterceptor - STARTING STEP: TransactionSteps.clickBuyProduct - ClickBuyButton
18:53:30.024 [Forwarding findElement on session 4b4c7934f740b6e207e93de370c9f093 to remote] DEBUG org.asynchttpclient.netty.request.NettyRequestSender - Using pooled Channel '[id: 0x629e6138, L:/127.0.0.1:59206 - R:localhost/127.0.0.1:47913]' for 'POST' to 'http://localhost:47913/session/4b4c7934f740b6e207e93de370c9f093/element'
18:53:30.024 [Forwarding findElement on session 4b4c7934f740b6e207e93de370c9f093 to remote] DEBUG org.asynchttpclient.netty.request.NettyRequestSender - Using open Channel [id: 0x629e6138, L:/127.0.0.1:59206 - R:localhost/127.0.0.1:47913] for POST '/session/4b4c7934f740b6e207e93de370c9f093/element'
18:53:31.075 [AsyncHttpClient-1-1] DEBUG org.asynchttpclient.netty.channel.DefaultChannelPool - Entry count for : http://localhost:59207 : 1
18:53:32.050 [AsyncHttpClient-1-2] DEBUG org.asynchttpclient.netty.handler.HttpHandler - 

Request DefaultHttpRequest(decodeResult: success, version: HTTP/1.1)
POST /session/4b4c7934f740b6e207e93de370c9f093/element HTTP/1.1
User-Agent: selenium/4.8.1 (java windows)
Content-Length: 145
Content-Type: application/json; charset=utf-8
host: localhost:47913
accept: */*

Response DefaultHttpResponse(decodeResult: success, version: HTTP/1.1)
HTTP/1.1 404 Not Found
Content-Length: 1007
Content-Type: application/json; charset=utf-8
cache-control: no-cache

18:53:32.050 [AsyncHttpClient-1-2] DEBUG org.asynchttpclient.netty.channel.ChannelManager - Adding key: http://localhost:47913 for channel [id: 0x629e6138, L:/127.0.0.1:59206 - R:localhost/127.0.0.1:47913]
18:53:32.156 [Forwarding findElement on session 4b4c7934f740b6e207e93de370c9f093 to remote] DEBUG org.asynchttpclient.netty.request.NettyRequestSender - Using pooled Channel '[id: 0x629e6138, L:/127.0.0.1:59206 - R:localhost/127.0.0.1:47913]' for 'POST' to 'http://localhost:47913/session/4b4c7934f740b6e207e93de370c9f093/element'
18:53:32.156 [Forwarding findElement on session 4b4c7934f740b6e207e93de370c9f093 to remote] DEBUG org.asynchttpclient.netty.request.NettyRequestSender - Using open Channel [id: 0x629e6138, L:/127.0.0.1:59206 - R:localhost/127.0.0.1:47913] for POST '/session/4b4c7934f740b6e207e93de370c9f093/element'
18:53:32.171 [AsyncHttpClient-1-1] DEBUG org.asynchttpclient.netty.channel.DefaultChannelPool - Entry count for : http://localhost:59207 : 1
18:53:33.400 [AsyncHttpClient-1-1] DEBUG org.asynchttpclient.netty.channel.DefaultChannelPool - Entry count for : http://localhost:59207 : 1
18:53:34.181 [AsyncHttpClient-1-2] DEBUG org.asynchttpclient.netty.handler.HttpHandler - 

Request DefaultHttpRequest(decodeResult: success, version: HTTP/1.1)
POST /session/4b4c7934f740b6e207e93de370c9f093/element HTTP/1.1
User-Agent: selenium/4.8.1 (java windows)
Content-Length: 145
Content-Type: application/json; charset=utf-8
host: localhost:47913
accept: */*

Response DefaultHttpResponse(decodeResult: success, version: HTTP/1.1)
HTTP/1.1 404 Not Found
Content-Length: 1007
Content-Type: application/json; charset=utf-8
cache-control: no-cache

18:53:34.181 [AsyncHttpClient-1-2] DEBUG org.asynchttpclient.netty.channel.ChannelManager - Adding key: http://localhost:47913 for channel [id: 0x629e6138, L:/127.0.0.1:59206 - R:localhost/127.0.0.1:47913]
18:53:34.285 [Forwarding findElement on session 4b4c7934f740b6e207e93de370c9f093 to remote] DEBUG org.asynchttpclient.netty.request.NettyRequestSender - Using pooled Channel '[id: 0x629e6138, L:/127.0.0.1:59206 - R:localhost/127.0.0.1:47913]' for 'POST' to 'http://localhost:47913/session/4b4c7934f740b6e207e93de370c9f093/element'
18:53:34.285 [Forwarding findElement on session 4b4c7934f740b6e207e93de370c9f093 to remote] DEBUG org.asynchttpclient.netty.request.NettyRequestSender - Using open Channel [id: 0x629e6138, L:/127.0.0.1:59206 - R:localhost/127.0.0.1:47913] for POST '/session/4b4c7934f740b6e207e93de370c9f093/element'
18:53:34.474 [AsyncHttpClient-1-1] DEBUG org.asynchttpclient.netty.channel.DefaultChannelPool - Entry count for : http://localhost:59207 : 1
18:53:35.562 [AsyncHttpClient-1-1] DEBUG org.asynchttpclient.netty.channel.DefaultChannelPool - Entry count for : http://localhost:59207 : 1
18:53:36.309 [AsyncHttpClient-1-2] DEBUG org.asynchttpclient.netty.handler.HttpHandler - 

Request DefaultHttpRequest(decodeResult: success, version: HTTP/1.1)
POST /session/4b4c7934f740b6e207e93de370c9f093/element HTTP/1.1
User-Agent: selenium/4.8.1 (java windows)
Content-Length: 145
Content-Type: application/json; charset=utf-8
host: localhost:47913
accept: */*

Response DefaultHttpResponse(decodeResult: success, version: HTTP/1.1)
HTTP/1.1 404 Not Found
Content-Length: 1007
Content-Type: application/json; charset=utf-8
cache-control: no-cache

18:53:36.309 [AsyncHttpClient-1-2] DEBUG org.asynchttpclient.netty.channel.ChannelManager - Adding key: http://localhost:47913 for channel [id: 0x629e6138, L:/127.0.0.1:59206 - R:localhost/127.0.0.1:47913]
18:53:36.314 [Forwarding getAlertText on session 4b4c7934f740b6e207e93de370c9f093 to remote] DEBUG org.asynchttpclient.netty.request.NettyRequestSender - Using pooled Channel '[id: 0x629e6138, L:/127.0.0.1:59206 - R:localhost/127.0.0.1:47913]' for 'GET' to 'http://localhost:47913/session/4b4c7934f740b6e207e93de370c9f093/alert/text'
18:53:36.314 [Forwarding getAlertText on session 4b4c7934f740b6e207e93de370c9f093 to remote] DEBUG org.asynchttpclient.netty.request.NettyRequestSender - Using open Channel [id: 0x629e6138, L:/127.0.0.1:59206 - R:localhost/127.0.0.1:47913] for GET '/session/4b4c7934f740b6e207e93de370c9f093/alert/text'
18:53:36.315 [AsyncHttpClient-1-2] DEBUG org.asynchttpclient.netty.handler.HttpHandler - 

Request DefaultFullHttpRequest(decodeResult: success, version: HTTP/1.1, content: EmptyByteBufBE)
GET /session/4b4c7934f740b6e207e93de370c9f093/alert/text HTTP/1.1
User-Agent: selenium/4.8.1 (java windows)
Cache-Control: no-cache
Content-Type: application/json; charset=utf-8
host: localhost:47913
accept: */*

Response DefaultHttpResponse(decodeResult: success, version: HTTP/1.1)
HTTP/1.1 404 Not Found
Content-Length: 809
Content-Type: application/json; charset=utf-8
cache-control: no-cache

18:53:36.315 [AsyncHttpClient-1-2] DEBUG org.asynchttpclient.netty.channel.ChannelManager - Adding key: http://localhost:47913 for channel [id: 0x629e6138, L:/127.0.0.1:59206 - R:localhost/127.0.0.1:47913]
18:53:36.316 [Forwarding getCurrentUrl on session 4b4c7934f740b6e207e93de370c9f093 to remote] DEBUG org.asynchttpclient.netty.request.NettyRequestSender - Using pooled Channel '[id: 0x629e6138, L:/127.0.0.1:59206 - R:localhost/127.0.0.1:47913]' for 'GET' to 'http://localhost:47913/session/4b4c7934f740b6e207e93de370c9f093/url'
18:53:36.316 [Forwarding getCurrentUrl on session 4b4c7934f740b6e207e93de370c9f093 to remote] DEBUG org.asynchttpclient.netty.request.NettyRequestSender - Using open Channel [id: 0x629e6138, L:/127.0.0.1:59206 - R:localhost/127.0.0.1:47913] for GET '/session/4b4c7934f740b6e207e93de370c9f093/url'
18:53:36.319 [AsyncHttpClient-1-2] DEBUG org.asynchttpclient.netty.handler.HttpHandler - 

Request DefaultFullHttpRequest(decodeResult: success, version: HTTP/1.1, content: EmptyByteBufBE)
GET /session/4b4c7934f740b6e207e93de370c9f093/url HTTP/1.1
User-Agent: selenium/4.8.1 (java windows)
Cache-Control: no-cache
Content-Type: application/json; charset=utf-8
host: localhost:47913
accept: */*

Response DefaultHttpResponse(decodeResult: success, version: HTTP/1.1)
HTTP/1.1 200 OK
Content-Length: 51
Content-Type: application/json; charset=utf-8
cache-control: no-cache

18:53:36.319 [AsyncHttpClient-1-2] DEBUG org.asynchttpclient.netty.channel.ChannelManager - Adding key: http://localhost:47913 for channel [id: 0x629e6138, L:/127.0.0.1:59206 - R:localhost/127.0.0.1:47913]
18:53:36.319 [Forwarding screenshot on session 4b4c7934f740b6e207e93de370c9f093 to remote] DEBUG org.asynchttpclient.netty.request.NettyRequestSender - Using pooled Channel '[id: 0x629e6138, L:/127.0.0.1:59206 - R:localhost/127.0.0.1:47913]' for 'GET' to 'http://localhost:47913/session/4b4c7934f740b6e207e93de370c9f093/screenshot'
18:53:36.319 [Forwarding screenshot on session 4b4c7934f740b6e207e93de370c9f093 to remote] DEBUG org.asynchttpclient.netty.request.NettyRequestSender - Using open Channel [id: 0x629e6138, L:/127.0.0.1:59206 - R:localhost/127.0.0.1:47913] for GET '/session/4b4c7934f740b6e207e93de370c9f093/screenshot'
18:53:36.452 [AsyncHttpClient-1-2] DEBUG org.asynchttpclient.netty.handler.HttpHandler - 

Request DefaultFullHttpRequest(decodeResult: success, version: HTTP/1.1, content: EmptyByteBufBE)
GET /session/4b4c7934f740b6e207e93de370c9f093/screenshot HTTP/1.1
User-Agent: selenium/4.8.1 (java windows)
Cache-Control: no-cache
Content-Type: application/json; charset=utf-8
host: localhost:47913
accept: */*

Response DefaultHttpResponse(decodeResult: success, version: HTTP/1.1)
HTTP/1.1 200 OK
Content-Length: 60836
Content-Type: application/json; charset=utf-8
cache-control: no-cache

18:53:36.452 [AsyncHttpClient-1-2] DEBUG org.asynchttpclient.netty.channel.ChannelManager - Adding key: http://localhost:47913 for channel [id: 0x629e6138, L:/127.0.0.1:59206 - R:localhost/127.0.0.1:47913]
18:53:36.454 [main] DEBUG net.serenitybdd.core.photography.Darkroom - Send negative for processing for target\site\serenity\43a65f1c35460e284acac904137c717ecc0ebf8c0b0e9899d35cda84f5e88f48.png
18:53:36.455 [Darkroom Processing Line] DEBUG net.serenitybdd.core.photography.DarkroomProcessingLine - Processing screenshot image in /var/screenshots/screenshot-2919680023408770796
18:53:36.455 [Darkroom Processing Line] DEBUG net.serenitybdd.core.photography.DarkroomProcessingLine - Saving screenshot to target\site\serenity\43a65f1c35460e284acac904137c717ecc0ebf8c0b0e9899d35cda84f5e88f48.png
18:53:36.455 [Forwarding getPageSource on session 4b4c7934f740b6e207e93de370c9f093 to remote] DEBUG org.asynchttpclient.netty.request.NettyRequestSender - Using pooled Channel '[id: 0x629e6138, L:/127.0.0.1:59206 - R:localhost/127.0.0.1:47913]' for 'POST' to 'http://localhost:47913/session/4b4c7934f740b6e207e93de370c9f093/execute/sync'
18:53:36.455 [Forwarding getPageSource on session 4b4c7934f740b6e207e93de370c9f093 to remote] DEBUG org.asynchttpclient.netty.request.NettyRequestSender - Using open Channel [id: 0x629e6138, L:/127.0.0.1:59206 - R:localhost/127.0.0.1:47913] for POST '/session/4b4c7934f740b6e207e93de370c9f093/execute/sync'
18:53:36.460 [AsyncHttpClient-1-2] DEBUG org.asynchttpclient.netty.handler.HttpHandler - 

Request DefaultHttpRequest(decodeResult: success, version: HTTP/1.1)
POST /session/4b4c7934f740b6e207e93de370c9f093/execute/sync HTTP/1.1
User-Agent: selenium/4.8.1 (java windows)
Content-Length: 176
Content-Type: application/json; charset=utf-8
host: localhost:47913
accept: */*

Response DefaultHttpResponse(decodeResult: success, version: HTTP/1.1)
HTTP/1.1 200 OK
Content-Length: 22249
Content-Type: application/json; charset=utf-8
cache-control: no-cache

18:53:36.460 [AsyncHttpClient-1-2] DEBUG org.asynchttpclient.netty.channel.ChannelManager - Adding key: http://localhost:47913 for channel [id: 0x629e6138, L:/127.0.0.1:59206 - R:localhost/127.0.0.1:47913]
18:53:36.462 [Forwarding getCurrentUrl on session 4b4c7934f740b6e207e93de370c9f093 to remote] DEBUG org.asynchttpclient.netty.request.NettyRequestSender - Using pooled Channel '[id: 0x629e6138, L:/127.0.0.1:59206 - R:localhost/127.0.0.1:47913]' for 'GET' to 'http://localhost:47913/session/4b4c7934f740b6e207e93de370c9f093/url'
18:53:36.462 [Forwarding getCurrentUrl on session 4b4c7934f740b6e207e93de370c9f093 to remote] DEBUG org.asynchttpclient.netty.request.NettyRequestSender - Using open Channel [id: 0x629e6138, L:/127.0.0.1:59206 - R:localhost/127.0.0.1:47913] for GET '/session/4b4c7934f740b6e207e93de370c9f093/url'
18:53:36.466 [AsyncHttpClient-1-2] DEBUG org.asynchttpclient.netty.handler.HttpHandler - 

Request DefaultFullHttpRequest(decodeResult: success, version: HTTP/1.1, content: EmptyByteBufBE)
GET /session/4b4c7934f740b6e207e93de370c9f093/url HTTP/1.1
User-Agent: selenium/4.8.1 (java windows)
Cache-Control: no-cache
Content-Type: application/json; charset=utf-8
host: localhost:47913
accept: */*

Response DefaultHttpResponse(decodeResult: success, version: HTTP/1.1)
HTTP/1.1 200 OK
Content-Length: 51
Content-Type: application/json; charset=utf-8
cache-control: no-cache

18:53:36.466 [AsyncHttpClient-1-2] DEBUG org.asynchttpclient.netty.channel.ChannelManager - Adding key: http://localhost:47913 for channel [id: 0x629e6138, L:/127.0.0.1:59206 - R:localhost/127.0.0.1:47913]
  &amp#27;[31mAnd &amp#27;[0m&amp#27;[31mI click buy button product&amp#27;[0m                                            &amp#27;[90m# starter.stepdefinitions.TransactionSteps.clickBuyProduct()&amp#27;[0m
      &amp#27;[31mnet.thucydides.core.webdriver.exceptions.ElementShouldBeEnabledException: Expected enabled element was not enabled
	at net.serenitybdd.core.pages.WebElementFacadeImpl.waitUntilEnabled(WebElementFacadeImpl.java:1122)
	at net.serenitybdd.core.pages.WebElementFacadeImpl.waitUntilElementAvailable(WebElementFacadeImpl.java:906)
	at net.serenitybdd.core.pages.WebElementFacadeImpl.click(WebElementFacadeImpl.java:1204)
	at net.serenitybdd.core.pages.WebElementFacadeImpl.click(WebElementFacadeImpl.java:1224)
	at MiniProject@1.0-SNAPSHOT/starter.user.Buy.ClickBuyButton(Buy.java:31)
	at MiniProject@1.0-SNAPSHOT/starter.user.Buy$ByteBuddy$3m1XR6Lj.ClickBuyButton$accessor$KIVsxK26(Unknown Source)
	at java.base/jdk.internal.reflect.NativeMethodAccessorImpl.invoke0(Native Method)
	at java.base/jdk.internal.reflect.NativeMethodAccessorImpl.invoke(NativeMethodAccessorImpl.java:77)
	at java.base/jdk.internal.reflect.DelegatingMethodAccessorImpl.invoke(DelegatingMethodAccessorImpl.java:43)
	at java.base/java.lang.reflect.Method.invoke(Method.java:568)
	at net.thucydides.core.steps.StepInterceptor.invokeMethod(StepInterceptor.java:518)
	at net.thucydides.core.steps.StepInterceptor.executeTestStepMethod(StepInterceptor.java:498)
	at net.thucydides.core.steps.StepInterceptor.runTestStep(StepInterceptor.java:472)
	at net.thucydides.core.steps.StepInterceptor.runOrSkipMethod(StepInterceptor.java:211)
	at net.thucydides.core.steps.StepInterceptor.testStepResult(StepInterceptor.java:198)
	at net.thucydides.core.steps.StepInterceptor.intercept(StepInterceptor.java:86)
	at net.thucydides.core.steps.ProxyConfiguration$InterceptorDispatcher.intercept(ProxyConfiguration.java:51)
	at MiniProject@1.0-SNAPSHOT/starter.user.Buy$ByteBuddy$3m1XR6Lj.ClickBuyButton(Unknown Source)
	at MiniProject@1.0-SNAPSHOT/starter.stepdefinitions.TransactionSteps.clickBuyProduct(TransactionSteps.java:47)
	at âœ½.I click buy button product(file:///D:/alta/MiniProject/src/test/resources/features/transaction.feature:37)
Caused by: org.openqa.selenium.TimeoutException: Expected condition failed: waiting for By.xpath: //button[@class='button-beli ml-3 v-btn v-btn--outlined theme--light v-size--small primary--text'] to be enabled (tried for 5 second(s) with 100 milliseconds interval)
	at org.openqa.selenium.support.ui.FluentWait.timeoutException(FluentWait.java:263)
	at org.openqa.selenium.support.ui.FluentWait.until(FluentWait.java:231)
	at net.serenitybdd.core.pages.WebElementFacadeImpl.waitUntilEnabled(WebElementFacadeImpl.java:1119)
	at net.serenitybdd.core.pages.WebElementFacadeImpl.waitUntilElementAvailable(WebElementFacadeImpl.java:906)
	at net.serenitybdd.core.pages.WebElementFacadeImpl.click(WebElementFacadeImpl.java:1204)
	at net.serenitybdd.core.pages.WebElementFacadeImpl.click(WebElementFacadeImpl.java:1224)
	at MiniProject@1.0-SNAPSHOT/starter.user.Buy.ClickBuyButton(Buy.java:31)
	at MiniProject@1.0-SNAPSHOT/starter.user.Buy$ByteBuddy$3m1XR6Lj.ClickBuyButton$accessor$KIVsxK26(Unknown Source)
	at java.base/jdk.internal.reflect.NativeMethodAccessorImpl.invoke0(Native Method)
	at java.base/jdk.internal.reflect.NativeMethodAccessorImpl.invoke(NativeMethodAccessorImpl.java:77)
	at java.base/jdk.internal.reflect.DelegatingMethodAccessorImpl.invoke(DelegatingMethodAccessorImpl.java:43)
	at java.base/java.lang.reflect.Method.invoke(Method.java:568)
	at net.thucydides.core.steps.StepInterceptor.invokeMethod(StepInterceptor.java:518)
	at net.thucydides.core.steps.StepInterceptor.executeTestStepMethod(StepInterceptor.java:498)
	at net.thucydides.core.steps.StepInterceptor.runTestStep(StepInterceptor.java:472)
	at net.thucydides.core.steps.StepInterceptor.runOrSkipMethod(StepInterceptor.java:211)
	at net.thucydides.core.steps.StepInterceptor.testStepResult(StepInterceptor.java:198)
	at net.thucydides.core.steps.StepInterceptor.intercept(StepInterceptor.java:86)
	at net.thucydides.core.steps.ProxyConfiguration$InterceptorDispatcher.intercept(ProxyConfiguration.java:51)
	at MiniProject@1.0-SNAPSHOT/starter.user.Buy$ByteBuddy$3m1XR6Lj.ClickBuyButton(Unknown Source)
	at MiniProject@1.0-SNAPSHOT/starter.stepdefinitions.TransactionSteps.clickBuyProduct(TransactionSteps.java:47)
	at java.base/jdk.internal.reflect.NativeMethodAccessorImpl.invoke0(Native Method)
	at java.base/jdk.internal.reflect.NativeMethodAccessorImpl.invoke(NativeMethodAccessorImpl.java:77)
	at java.base/jdk.internal.reflect.DelegatingMethodAccessorImpl.invoke(DelegatingMethodAccessorImpl.java:43)
	at java.base/java.lang.reflect.Method.invoke(Method.java:568)
	at io.cucumber.java.Invoker.doInvoke(Invoker.java:66)
	at io.cucumber.java.Invoker.invoke(Invoker.java:24)
	at io.cucumber.java.AbstractGlueDefinition.invokeMethod(AbstractGlueDefinition.java:47)
	at io.cucumber.java.JavaStepDefinition.execute(JavaStepDefinition.java:29)
	at io.cucumber.core.runner.CoreStepDefinition.execute(CoreStepDefinition.java:66)
	at io.cucumber.core.runner.PickleStepDefinitionMatch.runStep(PickleStepDefinitionMatch.java:63)
	at io.cucumber.core.runner.ExecutionMode$1.execute(ExecutionMode.java:10)
	at io.cucumber.core.runner.TestStep.executeStep(TestStep.java:84)
	at io.cucumber.core.runner.TestStep.run(TestStep.java:56)
	at io.cucumber.core.runner.PickleStepTestStep.run(PickleStepTestStep.java:51)
	at io.cucumber.core.runner.TestCase.run(TestCase.java:84)
	at io.cucumber.core.runner.Runner.runPickle(Runner.java:75)
	at io.cucumber.junit.PickleRunners$NoStepDescriptions.lambda$run$0(PickleRunners.java:151)
	at io.cucumber.core.runtime.CucumberExecutionContext.lambda$runTestCase$5(CucumberExecutionContext.java:130)
	at io.cucumber.core.runtime.RethrowingThrowableCollector.executeAndThrow(RethrowingThrowableCollector.java:23)
	at io.cucumber.core.runtime.CucumberExecutionContext.runTestCase(CucumberExecutionContext.java:130)
	at io.cucumber.junit.PickleRunners$NoStepDescriptions.run(PickleRunners.java:148)
	at io.cucumber.junit.FeatureRunner.runChild(FeatureRunner.java:144)
	at io.cucumber.junit.FeatureRunner.runChild(FeatureRunner.java:28)
	at org.junit.runners.ParentRunner$4.run(ParentRunner.java:331)
	at org.junit.runners.ParentRunner$1.schedule(ParentRunner.java:79)
	at org.junit.runners.ParentRunner.runChildren(ParentRunner.java:329)
	at org.junit.runners.ParentRunner.access$100(ParentRunner.java:66)
	at org.junit.runners.ParentRunner$2.evaluate(ParentRunner.java:293)
	at org.junit.runners.ParentRunner$3.evaluate(ParentRunner.java:306)
	at org.junit.runners.ParentRunner.run(ParentRunner.java:413)
	at io.cucumber.junit.FeatureRunner.run(FeatureRunner.java:137)
	at io.cucumber.junit.CucumberSerenityBaseRunner.runChild(CucumberSerenityBaseRunner.java:330)
	at io.cucumber.junit.CucumberSerenityBaseRunner.runChild(CucumberSerenityBaseRunner.java:51)
	at org.junit.runners.ParentRunner$4.run(ParentRunner.java:331)
	at org.junit.runners.ParentRunner$1.schedule(ParentRunner.java:79)
	at org.junit.runners.ParentRunner.runChildren(ParentRunner.java:329)
	at org.junit.runners.ParentRunner.access$100(ParentRunner.java:66)
	at org.junit.runners.ParentRunner$2.evaluate(ParentRunner.java:293)
	at io.cucumber.junit.CucumberSerenityBaseRunner$RunCucumber.evaluate(CucumberSerenityBaseRunner.java:361)
	at org.junit.runners.ParentRunner$3.evaluate(ParentRunner.java:306)
	at org.junit.runners.ParentRunner.run(ParentRunner.java:413)
	at org.junit.runner.JUnitCore.run(JUnitCore.java:137)
	at org.junit.runner.JUnitCore.run(JUnitCore.java:115)
	at org.junit.vintage.engine.execution.RunnerExecutor.execute(RunnerExecutor.java:42)
	at org.junit.vintage.engine.VintageTestEngine.executeAllChildren(VintageTestEngine.java:80)
	at org.junit.vintage.engine.VintageTestEngine.execute(VintageTestEngine.java:72)
	at org.junit.platform.launcher.core.EngineExecutionOrchestrator.execute(EngineExecutionOrchestrator.java:107)
	at org.junit.platform.launcher.core.EngineExecutionOrchestrator.execute(EngineExecutionOrchestrator.java:88)
	at org.junit.platform.launcher.core.EngineExecutionOrchestrator.lambda$execute$0(EngineExecutionOrchestrator.java:54)
	at org.junit.platform.launcher.core.EngineExecutionOrchestrator.withInterceptedStreams(EngineExecutionOrchestrator.java:67)
	at org.junit.platform.launcher.core.EngineExecutionOrchestrator.execute(EngineExecutionOrchestrator.java:52)
	at org.junit.platform.launcher.core.DefaultLauncher.execute(DefaultLauncher.java:114)
	at org.junit.platform.launcher.core.DefaultLauncher.execute(DefaultLauncher.java:86)
	at org.junit.platform.launcher.core.DefaultLauncherSession$DelegatingLauncher.execute(DefaultLauncherSession.java:86)
	at org.junit.platform.launcher.core.SessionPerRequestLauncher.execute(SessionPerRequestLauncher.java:53)
	at org.apache.maven.surefire.junitplatform.JUnitPlatformProvider.execute(JUnitPlatformProvider.java:188)
	at org.apache.maven.surefire.junitplatform.JUnitPlatformProvider.invokeAllTests(JUnitPlatformProvider.java:154)
	at org.apache.maven.surefire.junitplatform.JUnitPlatformProvider.invoke(JUnitPlatformProvider.java:128)
	at org.apache.maven.surefire.booter.ForkedBooter.runSuitesInProcess(ForkedBooter.java:428)
	at org.apache.maven.surefire.booter.ForkedBooter.execute(ForkedBooter.java:162)
	at org.apache.maven.surefire.booter.ForkedBooter.run(ForkedBooter.java:562)
	at org.apache.maven.surefire.booter.ForkedBooter.main(ForkedBooter.java:548)
Caused by: org.openqa.selenium.NoSuchElementException: no such element: Unable to locate element: {"method":"xpath","selector":"//button[@class='button-beli ml-3 v-btn v-btn--outlined theme--light v-size--small primary--text']"}
  (Session info: chrome=112.0.5615.138)
For documentation on this error, please visit: https://selenium.dev/exceptions/#no_such_element
Build info: version: '4.8.1', revision: '8ebccac989'
System info: os.name: 'Windows 11', os.arch: 'amd64', os.version: '10.0', java.version: '17.0.6'
Driver info: org.openqa.selenium.chrome.ChromeDriver
Command: [4b4c7934f740b6e207e93de370c9f093, findElement {using=xpath, value=//button[@class='button-beli ml-3 v-btn v-btn--outlined theme--light v-size--small primary--text']}]
Capabilities {acceptInsecureCerts: false, browserName: chrome, browserVersion: 112.0.5615.138, chrome: {chromedriverVersion: 111.0.5563.64 (c710e93d5b63..., userDataDir: C:\Users\User-PC\AppData\Lo...}, goog:chromeOptions: {debuggerAddress: localhost:59207}, networkConnectionEnabled: false, pageLoadStrategy: normal, platformName: WINDOWS, proxy: Proxy(), se:cdp: ws://localhost:59207/devtoo..., se:cdpVersion: 112.0.5615.138, setWindowRect: true, strictFileInteractability: false, timeouts: {implicit: 0, pageLoad: 300000, script: 30000}, unhandledPromptBehavior: dismiss and notify, webauthn:extension:credBlob: true, webauthn:extension:largeBlob: true, webauthn:extension:minPinLength: true, webauthn:extension:prf: true, webauthn:virtualAuthenticators: true}
Session ID: 4b4c7934f740b6e207e93de370c9f093
	at java.base/jdk.internal.reflect.NativeConstructorAccessorImpl.newInstance0(Native Method)
	at java.base/jdk.internal.reflect.NativeConstructorAccessorImpl.newInstance(NativeConstructorAccessorImpl.java:77)
	at java.base/jdk.internal.reflect.DelegatingConstructorAccessorImpl.newInstance(DelegatingConstructorAccessorImpl.java:45)
	at java.base/java.lang.reflect.Constructor.newInstanceWithCaller(Constructor.java:499)
	at java.base/java.lang.reflect.Constructor.newInstance(Constructor.java:480)
	at org.openqa.selenium.remote.codec.w3c.W3CHttpResponseCodec.createException(W3CHttpResponseCodec.java:200)
	at org.openqa.selenium.remote.codec.w3c.W3CHttpResponseCodec.decode(W3CHttpResponseCodec.java:133)
	at org.openqa.selenium.remote.codec.w3c.W3CHttpResponseCodec.decode(W3CHttpResponseCodec.java:53)
	at org.openqa.selenium.remote.HttpCommandExecutor.execute(HttpCommandExecutor.java:184)
	at org.openqa.selenium.remote.service.DriverCommandExecutor.invokeExecute(DriverCommandExecutor.java:167)
	at org.openqa.selenium.remote.service.DriverCommandExecutor.execute(DriverCommandExecutor.java:142)
	at org.openqa.selenium.remote.RemoteWebDriver.execute(RemoteWebDriver.java:543)
	at org.openqa.selenium.remote.ElementLocation$ElementFinder$2.findElement(ElementLocation.java:162)
	at org.openqa.selenium.remote.ElementLocation.findElement(ElementLocation.java:60)
	at org.openqa.selenium.remote.RemoteWebDriver.findElement(RemoteWebDriver.java:352)
	at org.openqa.selenium.remote.RemoteWebDriver.findElement(RemoteWebDriver.java:344)
	at net.thucydides.core.webdriver.WebDriverFacade.findElement(WebDriverFacade.java:242)
	at net.serenitybdd.core.pages.WebElementResolverByLocator.resolveForDriver(WebElementResolverByLocator.java:25)
	at net.serenitybdd.core.pages.WebElementFacadeImpl.getResolvedElement(WebElementFacadeImpl.java:189)
	at net.serenitybdd.core.pages.WebElementFacadeImpl.getElement(WebElementFacadeImpl.java:184)
	at net.serenitybdd.core.pages.WebElementExpectations$3.apply(WebElementExpectations.java:63)
	at net.serenitybdd.core.pages.WebElementExpectations$3.apply(WebElementExpectations.java:55)
	at org.openqa.selenium.support.ui.FluentWait.until(FluentWait.java:208)
	... 81 more
&amp#27;[0m
  &amp#27;[36mAnd &amp#27;[0m&amp#27;[36mI click buy button product&amp#27;[0m                                            &amp#27;[90m# starter.stepdefinitions.TransactionSteps.clickBuyProduct()&amp#27;[0m
  &amp#27;[36mAnd &amp#27;[0m&amp#27;[36mI click buy button product&amp#27;[0m                                            &amp#27;[90m# starter.stepdefinitions.TransactionSteps.clickBuyProduct()&amp#27;[0m
  &amp#27;[36mAnd &amp#27;[0m&amp#27;[36mI click buy button product&amp#27;[0m                                            &amp#27;[90m# starter.stepdefinitions.TransactionSteps.clickBuyProduct()&amp#27;[0m
  &amp#27;[36mAnd &amp#27;[0m&amp#27;[36mI click buy button product&amp#27;[0m                                            &amp#27;[90m# starter.stepdefinitions.TransactionSteps.clickBuyProduct()&amp#27;[0m
  &amp#27;[36mAnd &amp#27;[0m&amp#27;[36mI click buy button product&amp#27;[0m                                            &amp#27;[90m# starter.stepdefinitions.TransactionSteps.clickBuyProduct()&amp#27;[0m
  &amp#27;[36mAnd &amp#27;[0m&amp#27;[36mI click buy button product&amp#27;[0m                                            &amp#27;[90m# starter.stepdefinitions.TransactionSteps.clickBuyProduct()&amp#27;[0m
  &amp#27;[36mAnd &amp#27;[0m&amp#27;[36mI click cart button&amp#27;[0m                                                   &amp#27;[90m# starter.stepdefinitions.TransactionSteps.clickCartProduct()&amp#27;[0m
  &amp#27;[36mThen &amp#27;[0m&amp#27;[36mI click pay button&amp#27;[0m                                                   &amp#27;[90m# starter.stepdefinitions.TransactionSteps.clickPayProduct()&amp#27;[0m
  &amp#27;[36mAnd &amp#27;[0m&amp#27;[36mI am on the transaction information page&amp#27;[0m                              &amp#27;[90m# starter.stepdefinitions.TransactionSteps.onTransactionPage()&amp#27;[0m
18:53:36.515 [main] ERROR  - 
  _____   ___   ___   _____     ___     _     ___   _      ___   ___  
 |_   _| | __| / __| |_   _|   | __|   /_\   |_ _| | |    | __| |   \ 
   | |   | _|  \__ \   | |     | _|   / _ \   | |  | |__  | _|  | |) |
   |_|   |___| |___/   |_|     |_|   /_/ \_\ |___| |____| |___| |___/ 

As user i make a product transaction and click buy button 7 times
-----------------------------------------------------------------------
18:53:36.516 [main] DEBUG  - RELATED ISSUES: 
18:53:36.516 [main] ERROR  -     Test failed at step: Click buy button
18:53:36.516 [main] ERROR  -     Expected enabled element was not enabled
18:53:36.518 [Driver Command Executor] DEBUG org.asynchttpclient.netty.request.NettyRequestSender - Using pooled Channel '[id: 0x629e6138, L:/127.0.0.1:59206 - R:localhost/127.0.0.1:47913]' for 'DELETE' to 'http://localhost:47913/session/4b4c7934f740b6e207e93de370c9f093'
18:53:36.518 [Driver Command Executor] DEBUG org.asynchttpclient.netty.request.NettyRequestSender - Using open Channel [id: 0x629e6138, L:/127.0.0.1:59206 - R:localhost/127.0.0.1:47913] for DELETE '/session/4b4c7934f740b6e207e93de370c9f093'
18:53:36.518 [AsyncHttpClient-1-4] DEBUG org.asynchttpclient.netty.handler.WebSocketHandler - Channel Closed: [id: 0x1c6b7c1e, L:/127.0.0.1:59214 ! R:localhost/127.0.0.1:59207] with attribute NettyResponseFuture{currentRetry=0,
	isDone=1,
	isCancelled=0,
	asyncHandler=org.asynchttpclient.ws.WebSocketUpgradeHandler@63f63aff,
	nettyRequest=org.asynchttpclient.netty.request.NettyRequest@622df467,
	future=java.util.concurrent.CompletableFuture@68c9c3da[Completed normally],
	uri=ws://localhost:59207/devtools/browser/1e1cc281-f471-4617-85b9-b1923ab593e7,
	keepAlive=true,
	redirectCount=0,
	timeoutsHolder=null,
	inAuth=0,
	touch=1683546806656}
18:53:36.518 [AsyncHttpClient-1-4] DEBUG org.asynchttpclient.netty.channel.ChannelManager - Closing Channel [id: 0x1c6b7c1e, L:/127.0.0.1:59214 ! R:localhost/127.0.0.1:59207] 
18:53:36.666 [AsyncHttpClient-1-1] DEBUG org.asynchttpclient.netty.channel.DefaultChannelPool - Entry count for : http://localhost:59207 : 1
18:53:36.680 [AsyncHttpClient-1-3] DEBUG org.asynchttpclient.netty.handler.HttpHandler - Unexpected I/O exception on channel [id: 0x6de5c009, L:/127.0.0.1:59213 - R:localhost/127.0.0.1:59207]
java.net.SocketException: Connection reset
	at java.base/sun.nio.ch.SocketChannelImpl.throwConnectionReset(SocketChannelImpl.java:394)
	at java.base/sun.nio.ch.SocketChannelImpl.read(SocketChannelImpl.java:426)
	at io.netty.buffer.PooledByteBuf.setBytes(PooledByteBuf.java:259)
	at io.netty.buffer.AbstractByteBuf.writeBytes(AbstractByteBuf.java:1132)
	at io.netty.channel.socket.nio.NioSocketChannel.doReadBytes(NioSocketChannel.java:357)
	at io.netty.channel.nio.AbstractNioByteChannel$NioByteUnsafe.read(AbstractNioByteChannel.java:151)
	at io.netty.channel.nio.NioEventLoop.processSelectedKey(NioEventLoop.java:788)
	at io.netty.channel.nio.NioEventLoop.processSelectedKeysOptimized(NioEventLoop.java:724)
	at io.netty.channel.nio.NioEventLoop.processSelectedKeys(NioEventLoop.java:650)
	at io.netty.channel.nio.NioEventLoop.run(NioEventLoop.java:562)
	at io.netty.util.concurrent.SingleThreadEventExecutor$4.run(SingleThreadEventExecutor.java:997)
	at io.netty.util.internal.ThreadExecutorMap$2.run(ThreadExecutorMap.java:74)
	at io.netty.util.concurrent.FastThreadLocalRunnable.run(FastThreadLocalRunnable.java:30)
	at java.base/java.lang.Thread.run(Thread.java:833)
18:53:36.680 [AsyncHttpClient-1-3] DEBUG org.asynchttpclient.netty.channel.ChannelManager - Closing Channel [id: 0x6de5c009, L:/127.0.0.1:59213 - R:localhost/127.0.0.1:59207] 
18:53:36.680 [AsyncHttpClient-1-3] DEBUG org.asynchttpclient.netty.handler.HttpHandler - Channel Closed: [id: 0x6de5c009, L:/127.0.0.1:59213 ! R:localhost/127.0.0.1:59207] with attribute DISCARD
18:53:36.776 [AsyncHttpClient-1-2] DEBUG org.asynchttpclient.netty.handler.HttpHandler - 

Request DefaultFullHttpRequest(decodeResult: success, version: HTTP/1.1, content: EmptyByteBufBE)
DELETE /session/4b4c7934f740b6e207e93de370c9f093 HTTP/1.1
User-Agent: selenium/4.8.1 (java windows)
Content-Type: application/json; charset=utf-8
host: localhost:47913
accept: */*

Response DefaultHttpResponse(decodeResult: success, version: HTTP/1.1)
HTTP/1.1 200 OK
Content-Length: 14
Content-Type: application/json; charset=utf-8
cache-control: no-cache

18:53:36.777 [AsyncHttpClient-1-2] DEBUG org.asynchttpclient.netty.channel.ChannelManager - Adding key: http://localhost:47913 for channel [id: 0x629e6138, L:/127.0.0.1:59206 - R:localhost/127.0.0.1:47913]
18:53:36.842 [AsyncHttpClient-1-2] DEBUG org.asynchttpclient.netty.handler.HttpHandler - Channel Closed: [id: 0x629e6138, L:/127.0.0.1:59206 ! R:localhost/127.0.0.1:47913] with attribute DISCARD
]]></system-out>
    <system-err><![CDATA[Starting ChromeDriver 111.0.5563.64 (c710e93d5b63b7095afe8c2c17df34408078439d-refs/branch-heads/5563@{#995}) on port 47913
Only local connections are allowed.
Please see https://chromedriver.chromium.org/security-considerations for suggestions on keeping ChromeDriver safe.
ChromeDriver was started successfully.
[1683546806.531][WARNING]: This version of ChromeDriver has not been tested with Chrome version 112.
May 08, 2023 6:53:26 PM org.openqa.selenium.devtools.CdpVersionFinder findNearestMatch
WARNING: Unable to find an exact match for CDP version 112, so returning the closest version found: 110
]]></system-err>
  </testcase>
</testsuite>